[
 {
  "Plan": {
   "Startup Cost": 39.89, 
   "Plans": [
    {
     "Partial Mode": "Simple", 
     "Startup Cost": 39.89, 
     "Plans": [
      {
       "Startup Cost": 39.89, 
       "Plans": [
        {
         "Startup Cost": 25.41, 
         "Plans": [
          {
           "Startup Cost": 14.35, 
           "Plans": [
            {
             "Startup Cost": 14.21, 
             "Plans": [
              {
               "Hash Cond": "(web_sales.ws_sold_date_sk = date_dim.d_date_sk)", 
               "Startup Cost": 14.06, 
               "Plans": [
                {
                 "Startup Cost": 0.0, 
                 "Plan Width": 26, 
                 "Node Type": "Seq Scan", 
                 "Plan Rows": 260, 
                 "Relation Name": "web_sales", 
                 "Alias": "web_sales", 
                 "Parallel Aware": false, 
                 "Output": [
                  "web_sales.ws_sold_date_sk", 
                  "web_sales.ws_sold_time_sk", 
                  "web_sales.ws_ship_date_sk", 
                  "web_sales.ws_item_sk", 
                  "web_sales.ws_bill_customer_sk", 
                  "web_sales.ws_bill_cdemo_sk", 
                  "web_sales.ws_bill_hdemo_sk", 
                  "web_sales.ws_bill_addr_sk", 
                  "web_sales.ws_ship_customer_sk", 
                  "web_sales.ws_ship_cdemo_sk", 
                  "web_sales.ws_ship_hdemo_sk", 
                  "web_sales.ws_ship_addr_sk", 
                  "web_sales.ws_web_page_sk", 
                  "web_sales.ws_web_site_sk", 
                  "web_sales.ws_ship_mode_sk", 
                  "web_sales.ws_warehouse_sk", 
                  "web_sales.ws_promo_sk", 
                  "web_sales.ws_order_number", 
                  "web_sales.ws_quantity", 
                  "web_sales.ws_wholesale_cost", 
                  "web_sales.ws_list_price", 
                  "web_sales.ws_sales_price", 
                  "web_sales.ws_ext_discount_amt", 
                  "web_sales.ws_ext_sales_price", 
                  "web_sales.ws_ext_wholesale_cost", 
                  "web_sales.ws_ext_list_price", 
                  "web_sales.ws_ext_tax", 
                  "web_sales.ws_coupon_amt", 
                  "web_sales.ws_ext_ship_cost", 
                  "web_sales.ws_net_paid", 
                  "web_sales.ws_net_paid_inc_tax", 
                  "web_sales.ws_net_paid_inc_ship", 
                  "web_sales.ws_net_paid_inc_ship_tax", 
                  "web_sales.ws_net_profit"
                 ], 
                 "Parent Relationship": "Outer", 
                 "Total Cost": 12.6, 
                 "Schema": "pg_temp_2"
                }, 
                {
                 "Startup Cost": 14.05, 
                 "Plans": [
                  {
                   "Filter": "((date_dim.d_qoy = 2) AND (date_dim.d_year = 2002))", 
                   "Startup Cost": 0.0, 
                   "Plan Width": 4, 
                   "Node Type": "Seq Scan", 
                   "Plan Rows": 1, 
                   "Relation Name": "date_dim", 
                   "Alias": "date_dim", 
                   "Parallel Aware": false, 
                   "Output": [
                    "date_dim.d_date_sk"
                   ], 
                   "Parent Relationship": "Outer", 
                   "Total Cost": 14.05, 
                   "Schema": "pg_temp_2"
                  }
                 ], 
                 "Node Type": "Hash", 
                 "Plan Rows": 1, 
                 "Parallel Aware": false, 
                 "Output": [
                  "date_dim.d_date_sk"
                 ], 
                 "Parent Relationship": "Inner", 
                 "Plan Width": 4, 
                 "Total Cost": 14.05
                }
               ], 
               "Node Type": "Hash Join", 
               "Plan Rows": 1, 
               "Join Type": "Inner", 
               "Parallel Aware": false, 
               "Output": [
                "web_sales.ws_sales_price", 
                "web_sales.ws_bill_customer_sk", 
                "web_sales.ws_item_sk"
               ], 
               "Parent Relationship": "Outer", 
               "Plan Width": 22, 
               "Total Cost": 27.65
              }, 
              {
               "Index Cond": "(customer.c_customer_sk = web_sales.ws_bill_customer_sk)", 
               "Startup Cost": 0.14, 
               "Scan Direction": "Forward", 
               "Plan Width": 8, 
               "Node Type": "Index Scan", 
               "Total Cost": 0.33, 
               "Plan Rows": 1, 
               "Relation Name": "customer", 
               "Alias": "customer", 
               "Parallel Aware": false, 
               "Output": [
                "customer.c_customer_sk", 
                "customer.c_customer_id", 
                "customer.c_current_cdemo_sk", 
                "customer.c_current_hdemo_sk", 
                "customer.c_current_addr_sk", 
                "customer.c_first_shipto_date_sk", 
                "customer.c_first_sales_date_sk", 
                "customer.c_salutation", 
                "customer.c_first_name", 
                "customer.c_last_name", 
                "customer.c_preferred_cust_flag", 
                "customer.c_birth_day", 
                "customer.c_birth_month", 
                "customer.c_birth_year", 
                "customer.c_birth_country", 
                "customer.c_login", 
                "customer.c_email_address", 
                "customer.c_last_review_date"
               ], 
               "Parent Relationship": "Inner", 
               "Schema": "pg_temp_2", 
               "Index Name": "customer_pkey"
              }
             ], 
             "Node Type": "Nested Loop", 
             "Plan Rows": 1, 
             "Join Type": "Inner", 
             "Parallel Aware": false, 
             "Output": [
              "web_sales.ws_sales_price", 
              "web_sales.ws_item_sk", 
              "customer.c_current_addr_sk"
             ], 
             "Parent Relationship": "Outer", 
             "Plan Width": 22, 
             "Total Cost": 27.99
            }, 
            {
             "Index Cond": "(customer_address.ca_address_sk = customer.c_current_addr_sk)", 
             "Startup Cost": 0.14, 
             "Scan Direction": "Forward", 
             "Plan Width": 186, 
             "Node Type": "Index Scan", 
             "Total Cost": 0.6, 
             "Plan Rows": 1, 
             "Relation Name": "customer_address", 
             "Alias": "customer_address", 
             "Parallel Aware": false, 
             "Output": [
              "customer_address.ca_address_sk", 
              "customer_address.ca_address_id", 
              "customer_address.ca_street_number", 
              "customer_address.ca_street_name", 
              "customer_address.ca_street_type", 
              "customer_address.ca_suite_number", 
              "customer_address.ca_city", 
              "customer_address.ca_county", 
              "customer_address.ca_state", 
              "customer_address.ca_zip", 
              "customer_address.ca_country", 
              "customer_address.ca_gmt_offset", 
              "customer_address.ca_location_type"
             ], 
             "Parent Relationship": "Inner", 
             "Schema": "pg_temp_2", 
             "Index Name": "customer_address_pkey"
            }
           ], 
           "Node Type": "Nested Loop", 
           "Plan Rows": 1, 
           "Join Type": "Inner", 
           "Parallel Aware": false, 
           "Output": [
            "web_sales.ws_sales_price", 
            "web_sales.ws_item_sk", 
            "customer_address.ca_zip", 
            "customer_address.ca_city"
           ], 
           "Parent Relationship": "Outer", 
           "Plan Width": 200, 
           "Total Cost": 28.6
          }, 
          {
           "Index Cond": "(item.i_item_sk = web_sales.ws_item_sk)", 
           "Startup Cost": 0.14, 
           "Scan Direction": "Forward", 
           "Plan Width": 72, 
           "Node Type": "Index Scan", 
           "Total Cost": 0.33, 
           "Plan Rows": 1, 
           "Relation Name": "item", 
           "Alias": "item", 
           "Parallel Aware": false, 
           "Output": [
            "item.i_item_sk", 
            "item.i_item_id", 
            "item.i_rec_start_date", 
            "item.i_rec_end_date", 
            "item.i_item_desc", 
            "item.i_current_price", 
            "item.i_wholesale_cost", 
            "item.i_brand_id", 
            "item.i_brand", 
            "item.i_class_id", 
            "item.i_class", 
            "item.i_category_id", 
            "item.i_category", 
            "item.i_manufact_id", 
            "item.i_manufact", 
            "item.i_size", 
            "item.i_formulation", 
            "item.i_color", 
            "item.i_units", 
            "item.i_container", 
            "item.i_manager_id", 
            "item.i_product_name"
           ], 
           "Parent Relationship": "Inner", 
           "Schema": "pg_temp_2", 
           "Index Name": "item_pkey"
          }, 
          {
           "Filter": "(item_1.i_item_sk = ANY ('{2,3,5,7,11,13,17,19,23,29}'::integer[]))", 
           "Startup Cost": 0.0, 
           "Plan Width": 68, 
           "Node Type": "Seq Scan", 
           "Plan Rows": 10, 
           "Relation Name": "item", 
           "Alias": "item_1", 
           "Parallel Aware": false, 
           "Output": [
            "item_1.i_item_id"
           ], 
           "Parent Relationship": "SubPlan", 
           "Total Cost": 10.9, 
           "Subplan Name": "SubPlan 1", 
           "Schema": "pg_temp_2"
          }
         ], 
         "Node Type": "Nested Loop", 
         "Plan Rows": 1, 
         "Join Type": "Inner", 
         "Parallel Aware": false, 
         "Output": [
          "customer_address.ca_zip", 
          "customer_address.ca_city", 
          "web_sales.ws_sales_price"
         ], 
         "Parent Relationship": "Outer", 
         "Plan Width": 196, 
         "Join Filter": "((substr((customer_address.ca_zip)::text, 1, 5) = ANY ('{85669,86197,88274,83405,86475,85392,85460,80348,81792}'::text[])) OR (hashed SubPlan 1))", 
         "Total Cost": 39.88
        }
       ], 
       "Sort Key": [
        "customer_address.ca_zip", 
        "customer_address.ca_city"
       ], 
       "Node Type": "Sort", 
       "Plan Rows": 1, 
       "Parallel Aware": false, 
       "Output": [
        "customer_address.ca_zip", 
        "customer_address.ca_city", 
        "web_sales.ws_sales_price"
       ], 
       "Parent Relationship": "Outer", 
       "Plan Width": 196, 
       "Total Cost": 39.89
      }
     ], 
     "Group Key": [
      "customer_address.ca_zip", 
      "customer_address.ca_city"
     ], 
     "Node Type": "Aggregate", 
     "Strategy": "Sorted", 
     "Plan Rows": 1, 
     "Parallel Aware": false, 
     "Output": [
      "customer_address.ca_zip", 
      "customer_address.ca_city", 
      "sum(web_sales.ws_sales_price)"
     ], 
     "Parent Relationship": "Outer", 
     "Plan Width": 214, 
     "Total Cost": 39.91
    }
   ], 
   "Node Type": "Limit", 
   "Plan Rows": 1, 
   "Parallel Aware": false, 
   "Output": [
    "customer_address.ca_zip", 
    "customer_address.ca_city", 
    "(sum(web_sales.ws_sales_price))"
   ], 
   "Plan Width": 214, 
   "Total Cost": 39.91
  }
 }
]