[
 {
  "Plan": {
   "Startup Cost": 26.96, 
   "Plans": [
    {
     "Startup Cost": 26.92, 
     "Plans": [
      {
       "Startup Cost": 26.92, 
       "Plans": [
        {
         "Partial Mode": "Simple", 
         "Startup Cost": 26.87, 
         "Plans": [
          {
           "Startup Cost": 26.87, 
           "Plans": [
            {
             "Startup Cost": 10.74, 
             "Plans": [
              {
               "Hash Cond": "(store_sales.ss_item_sk = item.i_item_sk)", 
               "Startup Cost": 10.59, 
               "Plans": [
                {
                 "Startup Cost": 0.0, 
                 "Plan Width": 22, 
                 "Node Type": "Seq Scan", 
                 "Plan Rows": 340, 
                 "Relation Name": "store_sales", 
                 "Alias": "store_sales", 
                 "Parallel Aware": false, 
                 "Output": [
                  "store_sales.ss_sold_date_sk", 
                  "store_sales.ss_sold_time_sk", 
                  "store_sales.ss_item_sk", 
                  "store_sales.ss_customer_sk", 
                  "store_sales.ss_cdemo_sk", 
                  "store_sales.ss_hdemo_sk", 
                  "store_sales.ss_addr_sk", 
                  "store_sales.ss_store_sk", 
                  "store_sales.ss_promo_sk", 
                  "store_sales.ss_ticket_number", 
                  "store_sales.ss_quantity", 
                  "store_sales.ss_wholesale_cost", 
                  "store_sales.ss_list_price", 
                  "store_sales.ss_sales_price", 
                  "store_sales.ss_ext_discount_amt", 
                  "store_sales.ss_ext_sales_price", 
                  "store_sales.ss_ext_wholesale_cost", 
                  "store_sales.ss_ext_list_price", 
                  "store_sales.ss_ext_tax", 
                  "store_sales.ss_coupon_amt", 
                  "store_sales.ss_net_paid", 
                  "store_sales.ss_net_paid_inc_tax", 
                  "store_sales.ss_net_profit"
                 ], 
                 "Parent Relationship": "Outer", 
                 "Total Cost": 13.4, 
                 "Schema": "pg_temp_2"
                }, 
                {
                 "Startup Cost": 10.55, 
                 "Plans": [
                  {
                   "Filter": "(item.i_category = ANY ('{Books,Men,Home}'::bpchar[]))", 
                   "Startup Cost": 0.0, 
                   "Plan Width": 912, 
                   "Node Type": "Seq Scan", 
                   "Plan Rows": 3, 
                   "Relation Name": "item", 
                   "Alias": "item", 
                   "Parallel Aware": false, 
                   "Output": [
                    "item.i_item_id", 
                    "item.i_item_desc", 
                    "item.i_category", 
                    "item.i_class", 
                    "item.i_current_price", 
                    "item.i_item_sk"
                   ], 
                   "Parent Relationship": "Outer", 
                   "Total Cost": 10.55, 
                   "Schema": "pg_temp_2"
                  }
                 ], 
                 "Node Type": "Hash", 
                 "Plan Rows": 3, 
                 "Parallel Aware": false, 
                 "Output": [
                  "item.i_item_id", 
                  "item.i_item_desc", 
                  "item.i_category", 
                  "item.i_class", 
                  "item.i_current_price", 
                  "item.i_item_sk"
                 ], 
                 "Parent Relationship": "Inner", 
                 "Plan Width": 912, 
                 "Total Cost": 10.55
                }
               ], 
               "Node Type": "Hash Join", 
               "Plan Rows": 5, 
               "Join Type": "Inner", 
               "Parallel Aware": false, 
               "Output": [
                "store_sales.ss_ext_sales_price", 
                "store_sales.ss_sold_date_sk", 
                "item.i_item_id", 
                "item.i_item_desc", 
                "item.i_category", 
                "item.i_class", 
                "item.i_current_price"
               ], 
               "Parent Relationship": "Outer", 
               "Plan Width": 926, 
               "Total Cost": 25.31
              }, 
              {
               "Index Cond": "(date_dim.d_date_sk = store_sales.ss_sold_date_sk)", 
               "Startup Cost": 0.15, 
               "Scan Direction": "Forward", 
               "Plan Width": 4, 
               "Node Type": "Index Scan", 
               "Total Cost": 0.3, 
               "Plan Rows": 1, 
               "Relation Name": "date_dim", 
               "Alias": "date_dim", 
               "Parallel Aware": false, 
               "Filter": "((date_dim.d_date >= '2000-02-03'::date) AND (date_dim.d_date <= '2000-03-04 00:00:00'::timestamp without time zone))", 
               "Output": [
                "date_dim.d_date_sk", 
                "date_dim.d_date_id", 
                "date_dim.d_date", 
                "date_dim.d_month_seq", 
                "date_dim.d_week_seq", 
                "date_dim.d_quarter_seq", 
                "date_dim.d_year", 
                "date_dim.d_dow", 
                "date_dim.d_moy", 
                "date_dim.d_dom", 
                "date_dim.d_qoy", 
                "date_dim.d_fy_year", 
                "date_dim.d_fy_quarter_seq", 
                "date_dim.d_fy_week_seq", 
                "date_dim.d_day_name", 
                "date_dim.d_quarter_name", 
                "date_dim.d_holiday", 
                "date_dim.d_weekend", 
                "date_dim.d_following_holiday", 
                "date_dim.d_first_dom", 
                "date_dim.d_last_dom", 
                "date_dim.d_same_day_ly", 
                "date_dim.d_same_day_lq", 
                "date_dim.d_current_day", 
                "date_dim.d_current_week", 
                "date_dim.d_current_month", 
                "date_dim.d_current_quarter", 
                "date_dim.d_current_year"
               ], 
               "Parent Relationship": "Inner", 
               "Schema": "pg_temp_2", 
               "Index Name": "date_dim_pkey"
              }
             ], 
             "Node Type": "Nested Loop", 
             "Plan Rows": 1, 
             "Join Type": "Inner", 
             "Parallel Aware": false, 
             "Output": [
              "item.i_item_id", 
              "item.i_item_desc", 
              "item.i_category", 
              "item.i_class", 
              "item.i_current_price", 
              "store_sales.ss_ext_sales_price"
             ], 
             "Parent Relationship": "Outer", 
             "Plan Width": 922, 
             "Total Cost": 26.86
            }
           ], 
           "Sort Key": [
            "item.i_item_id", 
            "item.i_item_desc", 
            "item.i_category", 
            "item.i_class", 
            "item.i_current_price"
           ], 
           "Node Type": "Sort", 
           "Plan Rows": 1, 
           "Parallel Aware": false, 
           "Output": [
            "item.i_item_id", 
            "item.i_item_desc", 
            "item.i_category", 
            "item.i_class", 
            "item.i_current_price", 
            "store_sales.ss_ext_sales_price"
           ], 
           "Parent Relationship": "Outer", 
           "Plan Width": 922, 
           "Total Cost": 26.87
          }
         ], 
         "Group Key": [
          "item.i_item_id", 
          "item.i_item_desc", 
          "item.i_category", 
          "item.i_class", 
          "item.i_current_price"
         ], 
         "Node Type": "Aggregate", 
         "Strategy": "Sorted", 
         "Plan Rows": 1, 
         "Parallel Aware": false, 
         "Output": [
          "item.i_item_id", 
          "item.i_item_desc", 
          "item.i_category", 
          "item.i_class", 
          "item.i_current_price", 
          "sum(store_sales.ss_ext_sales_price)"
         ], 
         "Parent Relationship": "Outer", 
         "Plan Width": 940, 
         "Total Cost": 26.91
        }
       ], 
       "Sort Key": [
        "item.i_class"
       ], 
       "Node Type": "Sort", 
       "Plan Rows": 1, 
       "Parallel Aware": false, 
       "Output": [
        "item.i_item_id", 
        "item.i_item_desc", 
        "item.i_category", 
        "item.i_class", 
        "item.i_current_price", 
        "(sum(store_sales.ss_ext_sales_price))"
       ], 
       "Parent Relationship": "Outer", 
       "Plan Width": 940, 
       "Total Cost": 26.93
      }
     ], 
     "Node Type": "WindowAgg", 
     "Plan Rows": 1, 
     "Parallel Aware": false, 
     "Output": [
      "item.i_item_id", 
      "item.i_item_desc", 
      "item.i_category", 
      "item.i_class", 
      "item.i_current_price", 
      "(sum(store_sales.ss_ext_sales_price))", 
      "(((sum(store_sales.ss_ext_sales_price)) * '100'::numeric) / sum((sum(store_sales.ss_ext_sales_price))) OVER (?))"
     ], 
     "Parent Relationship": "Outer", 
     "Plan Width": 972, 
     "Total Cost": 26.95
    }
   ], 
   "Sort Key": [
    "item.i_category", 
    "item.i_class", 
    "item.i_item_id", 
    "item.i_item_desc", 
    "((((sum(store_sales.ss_ext_sales_price)) * '100'::numeric) / sum((sum(store_sales.ss_ext_sales_price))) OVER (?)))"
   ], 
   "Node Type": "Sort", 
   "Plan Rows": 1, 
   "Parallel Aware": false, 
   "Output": [
    "item.i_item_id", 
    "item.i_item_desc", 
    "item.i_category", 
    "item.i_class", 
    "item.i_current_price", 
    "(sum(store_sales.ss_ext_sales_price))", 
    "((((sum(store_sales.ss_ext_sales_price)) * '100'::numeric) / sum((sum(store_sales.ss_ext_sales_price))) OVER (?)))"
   ], 
   "Plan Width": 972, 
   "Total Cost": 26.96
  }
 }
]