[
 {
  "Plan": {
   "Startup Cost": 30.05, 
   "Plans": [
    {
     "Startup Cost": 30.05, 
     "Plans": [
      {
       "Startup Cost": 29.73, 
       "Plans": [
        {
         "Startup Cost": 29.73, 
         "Plans": [
          {
           "Startup Cost": 29.73, 
           "Plans": [
            {
             "Startup Cost": 29.35, 
             "Plans": [
              {
               "Partial Mode": "Simple", 
               "Startup Cost": 29.35, 
               "Plans": [
                {
                 "Startup Cost": 29.35, 
                 "Plans": [
                  {
                   "Startup Cost": 14.34, 
                   "Plans": [
                    {
                     "Startup Cost": 14.2, 
                     "Plans": [
                      {
                       "Hash Cond": "(store_sales.ss_sold_date_sk = date_dim.d_date_sk)", 
                       "Startup Cost": 14.06, 
                       "Plans": [
                        {
                         "Startup Cost": 0.0, 
                         "Plan Width": 30, 
                         "Node Type": "Seq Scan", 
                         "Plan Rows": 340, 
                         "Relation Name": "store_sales", 
                         "Alias": "store_sales", 
                         "Parallel Aware": false, 
                         "Output": [
                          "store_sales.ss_sold_date_sk", 
                          "store_sales.ss_sold_time_sk", 
                          "store_sales.ss_item_sk", 
                          "store_sales.ss_customer_sk", 
                          "store_sales.ss_cdemo_sk", 
                          "store_sales.ss_hdemo_sk", 
                          "store_sales.ss_addr_sk", 
                          "store_sales.ss_store_sk", 
                          "store_sales.ss_promo_sk", 
                          "store_sales.ss_ticket_number", 
                          "store_sales.ss_quantity", 
                          "store_sales.ss_wholesale_cost", 
                          "store_sales.ss_list_price", 
                          "store_sales.ss_sales_price", 
                          "store_sales.ss_ext_discount_amt", 
                          "store_sales.ss_ext_sales_price", 
                          "store_sales.ss_ext_wholesale_cost", 
                          "store_sales.ss_ext_list_price", 
                          "store_sales.ss_ext_tax", 
                          "store_sales.ss_coupon_amt", 
                          "store_sales.ss_net_paid", 
                          "store_sales.ss_net_paid_inc_tax", 
                          "store_sales.ss_net_profit"
                         ], 
                         "Parent Relationship": "Outer", 
                         "Total Cost": 13.4, 
                         "Schema": "pg_temp_2"
                        }, 
                        {
                         "Startup Cost": 14.05, 
                         "Plans": [
                          {
                           "Filter": "((date_dim.d_month_seq >= 1176) AND (date_dim.d_month_seq <= 1187))", 
                           "Startup Cost": 0.0, 
                           "Plan Width": 16, 
                           "Node Type": "Seq Scan", 
                           "Plan Rows": 1, 
                           "Relation Name": "date_dim", 
                           "Alias": "date_dim", 
                           "Parallel Aware": false, 
                           "Output": [
                            "date_dim.d_year", 
                            "date_dim.d_qoy", 
                            "date_dim.d_moy", 
                            "date_dim.d_date_sk"
                           ], 
                           "Parent Relationship": "Outer", 
                           "Total Cost": 14.05, 
                           "Schema": "pg_temp_2"
                          }
                         ], 
                         "Node Type": "Hash", 
                         "Plan Rows": 1, 
                         "Parallel Aware": false, 
                         "Output": [
                          "date_dim.d_year", 
                          "date_dim.d_qoy", 
                          "date_dim.d_moy", 
                          "date_dim.d_date_sk"
                         ], 
                         "Parent Relationship": "Inner", 
                         "Plan Width": 16, 
                         "Total Cost": 14.05
                        }
                       ], 
                       "Node Type": "Hash Join", 
                       "Plan Rows": 1, 
                       "Join Type": "Inner", 
                       "Parallel Aware": false, 
                       "Output": [
                        "store_sales.ss_sales_price", 
                        "store_sales.ss_quantity", 
                        "store_sales.ss_item_sk", 
                        "store_sales.ss_store_sk", 
                        "date_dim.d_year", 
                        "date_dim.d_qoy", 
                        "date_dim.d_moy"
                       ], 
                       "Parent Relationship": "Outer", 
                       "Plan Width": 38, 
                       "Total Cost": 28.75
                      }, 
                      {
                       "Index Cond": "(store.s_store_sk = store_sales.ss_store_sk)", 
                       "Startup Cost": 0.14, 
                       "Scan Direction": "Forward", 
                       "Plan Width": 72, 
                       "Node Type": "Index Scan", 
                       "Total Cost": 0.29, 
                       "Plan Rows": 1, 
                       "Relation Name": "store", 
                       "Alias": "store", 
                       "Parallel Aware": false, 
                       "Output": [
                        "store.s_store_sk", 
                        "store.s_store_id", 
                        "store.s_rec_start_date", 
                        "store.s_rec_end_date", 
                        "store.s_closed_date_sk", 
                        "store.s_store_name", 
                        "store.s_number_employees", 
                        "store.s_floor_space", 
                        "store.s_hours", 
                        "store.s_manager", 
                        "store.s_market_id", 
                        "store.s_geography_class", 
                        "store.s_market_desc", 
                        "store.s_market_manager", 
                        "store.s_division_id", 
                        "store.s_division_name", 
                        "store.s_company_id", 
                        "store.s_company_name", 
                        "store.s_street_number", 
                        "store.s_street_name", 
                        "store.s_street_type", 
                        "store.s_suite_number", 
                        "store.s_city", 
                        "store.s_county", 
                        "store.s_state", 
                        "store.s_zip", 
                        "store.s_country", 
                        "store.s_gmt_offset", 
                        "store.s_tax_precentage"
                       ], 
                       "Parent Relationship": "Inner", 
                       "Schema": "pg_temp_2", 
                       "Index Name": "store_pkey"
                      }
                     ], 
                     "Node Type": "Nested Loop", 
                     "Plan Rows": 1, 
                     "Join Type": "Inner", 
                     "Parallel Aware": false, 
                     "Output": [
                      "store_sales.ss_sales_price", 
                      "store_sales.ss_quantity", 
                      "store_sales.ss_item_sk", 
                      "date_dim.d_year", 
                      "date_dim.d_qoy", 
                      "date_dim.d_moy", 
                      "store.s_store_id"
                     ], 
                     "Parent Relationship": "Outer", 
                     "Plan Width": 102, 
                     "Total Cost": 29.04
                    }, 
                    {
                     "Index Cond": "(item.i_item_sk = store_sales.ss_item_sk)", 
                     "Startup Cost": 0.14, 
                     "Scan Direction": "Forward", 
                     "Plan Width": 820, 
                     "Node Type": "Index Scan", 
                     "Total Cost": 0.29, 
                     "Plan Rows": 1, 
                     "Relation Name": "item", 
                     "Alias": "item", 
                     "Parallel Aware": false, 
                     "Output": [
                      "item.i_item_sk", 
                      "item.i_item_id", 
                      "item.i_rec_start_date", 
                      "item.i_rec_end_date", 
                      "item.i_item_desc", 
                      "item.i_current_price", 
                      "item.i_wholesale_cost", 
                      "item.i_brand_id", 
                      "item.i_brand", 
                      "item.i_class_id", 
                      "item.i_class", 
                      "item.i_category_id", 
                      "item.i_category", 
                      "item.i_manufact_id", 
                      "item.i_manufact", 
                      "item.i_size", 
                      "item.i_formulation", 
                      "item.i_color", 
                      "item.i_units", 
                      "item.i_container", 
                      "item.i_manager_id", 
                      "item.i_product_name"
                     ], 
                     "Parent Relationship": "Inner", 
                     "Schema": "pg_temp_2", 
                     "Index Name": "item_pkey"
                    }
                   ], 
                   "Node Type": "Nested Loop", 
                   "Plan Rows": 1, 
                   "Join Type": "Inner", 
                   "Parallel Aware": false, 
                   "Output": [
                    "item.i_category", 
                    "item.i_class", 
                    "item.i_brand", 
                    "item.i_product_name", 
                    "date_dim.d_year", 
                    "date_dim.d_qoy", 
                    "date_dim.d_moy", 
                    "store.s_store_id", 
                    "store_sales.ss_sales_price", 
                    "store_sales.ss_quantity"
                   ], 
                   "Parent Relationship": "Outer", 
                   "Plan Width": 914, 
                   "Total Cost": 29.34
                  }
                 ], 
                 "Sort Key": [
                  "item.i_category", 
                  "item.i_class", 
                  "item.i_brand", 
                  "item.i_product_name", 
                  "date_dim.d_year", 
                  "date_dim.d_qoy", 
                  "date_dim.d_moy", 
                  "store.s_store_id"
                 ], 
                 "Node Type": "Sort", 
                 "Plan Rows": 1, 
                 "Parallel Aware": false, 
                 "Output": [
                  "item.i_category", 
                  "item.i_class", 
                  "item.i_brand", 
                  "item.i_product_name", 
                  "date_dim.d_year", 
                  "date_dim.d_qoy", 
                  "date_dim.d_moy", 
                  "store.s_store_id", 
                  "store_sales.ss_sales_price", 
                  "store_sales.ss_quantity"
                 ], 
                 "Parent Relationship": "Outer", 
                 "Plan Width": 914, 
                 "Total Cost": 29.36
                }
               ], 
               "Grouping Sets": [
                {
                 "Group Keys": [
                  [
                   "item.i_category", 
                   "item.i_class", 
                   "item.i_brand", 
                   "item.i_product_name", 
                   "date_dim.d_year", 
                   "date_dim.d_qoy", 
                   "date_dim.d_moy", 
                   "store.s_store_id"
                  ], 
                  [
                   "item.i_category", 
                   "item.i_class", 
                   "item.i_brand", 
                   "item.i_product_name", 
                   "date_dim.d_year", 
                   "date_dim.d_qoy", 
                   "date_dim.d_moy"
                  ], 
                  [
                   "item.i_category", 
                   "item.i_class", 
                   "item.i_brand", 
                   "item.i_product_name", 
                   "date_dim.d_year", 
                   "date_dim.d_qoy"
                  ], 
                  [
                   "item.i_category", 
                   "item.i_class", 
                   "item.i_brand", 
                   "item.i_product_name", 
                   "date_dim.d_year"
                  ], 
                  [
                   "item.i_category", 
                   "item.i_class", 
                   "item.i_brand", 
                   "item.i_product_name"
                  ], 
                  [
                   "item.i_category", 
                   "item.i_class", 
                   "item.i_brand"
                  ], 
                  [
                   "item.i_category", 
                   "item.i_class"
                  ], 
                  [
                   "item.i_category"
                  ], 
                  []
                 ]
                }
               ], 
               "Node Type": "Aggregate", 
               "Strategy": "Sorted", 
               "Plan Rows": 9, 
               "Parallel Aware": false, 
               "Output": [
                "item.i_category", 
                "item.i_class", 
                "item.i_brand", 
                "item.i_product_name", 
                "date_dim.d_year", 
                "date_dim.d_qoy", 
                "date_dim.d_moy", 
                "store.s_store_id", 
                "sum(COALESCE((store_sales.ss_sales_price * (store_sales.ss_quantity)::numeric), '0'::numeric))"
               ], 
               "Parent Relationship": "Subquery", 
               "Plan Width": 928, 
               "Total Cost": 29.5
              }
             ], 
             "Node Type": "Subquery Scan", 
             "Plan Rows": 9, 
             "Alias": "dw1", 
             "Parallel Aware": false, 
             "Output": [
              "dw1.i_category", 
              "dw1.sumsales", 
              "dw1.i_class", 
              "dw1.i_brand", 
              "dw1.i_product_name", 
              "dw1.d_year", 
              "dw1.d_qoy", 
              "dw1.d_moy", 
              "dw1.s_store_id"
             ], 
             "Parent Relationship": "Outer", 
             "Plan Width": 928, 
             "Total Cost": 29.59
            }
           ], 
           "Sort Key": [
            "dw1.i_category", 
            "dw1.sumsales DESC"
           ], 
           "Node Type": "Sort", 
           "Plan Rows": 9, 
           "Parallel Aware": false, 
           "Output": [
            "dw1.i_category", 
            "dw1.sumsales", 
            "dw1.i_class", 
            "dw1.i_brand", 
            "dw1.i_product_name", 
            "dw1.d_year", 
            "dw1.d_qoy", 
            "dw1.d_moy", 
            "dw1.s_store_id"
           ], 
           "Parent Relationship": "Outer", 
           "Plan Width": 928, 
           "Total Cost": 29.75
          }
         ], 
         "Node Type": "WindowAgg", 
         "Plan Rows": 9, 
         "Parallel Aware": false, 
         "Output": [
          "dw1.i_category", 
          "dw1.i_class", 
          "dw1.i_brand", 
          "dw1.i_product_name", 
          "dw1.d_year", 
          "dw1.d_qoy", 
          "dw1.d_moy", 
          "dw1.s_store_id", 
          "dw1.sumsales", 
          "rank() OVER (?)"
         ], 
         "Parent Relationship": "Subquery", 
         "Plan Width": 936, 
         "Total Cost": 29.91
        }
       ], 
       "Node Type": "Subquery Scan", 
       "Plan Rows": 3, 
       "Filter": "(dw2.rk <= 100)", 
       "Alias": "dw2", 
       "Parallel Aware": false, 
       "Output": [
        "dw2.i_category", 
        "dw2.i_class", 
        "dw2.i_brand", 
        "dw2.i_product_name", 
        "dw2.d_year", 
        "dw2.d_qoy", 
        "dw2.d_moy", 
        "dw2.s_store_id", 
        "dw2.sumsales", 
        "dw2.rk"
       ], 
       "Parent Relationship": "Outer", 
       "Plan Width": 936, 
       "Total Cost": 30.02
      }
     ], 
     "Sort Key": [
      "dw2.i_category", 
      "dw2.i_class", 
      "dw2.i_brand", 
      "dw2.i_product_name", 
      "dw2.d_year", 
      "dw2.d_qoy", 
      "dw2.d_moy", 
      "dw2.s_store_id", 
      "dw2.sumsales", 
      "dw2.rk"
     ], 
     "Node Type": "Sort", 
     "Plan Rows": 3, 
     "Parallel Aware": false, 
     "Output": [
      "dw2.i_category", 
      "dw2.i_class", 
      "dw2.i_brand", 
      "dw2.i_product_name", 
      "dw2.d_year", 
      "dw2.d_qoy", 
      "dw2.d_moy", 
      "dw2.s_store_id", 
      "dw2.sumsales", 
      "dw2.rk"
     ], 
     "Parent Relationship": "Outer", 
     "Plan Width": 936, 
     "Total Cost": 30.05
    }
   ], 
   "Node Type": "Limit", 
   "Plan Rows": 3, 
   "Parallel Aware": false, 
   "Output": [
    "dw2.i_category", 
    "dw2.i_class", 
    "dw2.i_brand", 
    "dw2.i_product_name", 
    "dw2.d_year", 
    "dw2.d_qoy", 
    "dw2.d_moy", 
    "dw2.s_store_id", 
    "dw2.sumsales", 
    "dw2.rk"
   ], 
   "Plan Width": 936, 
   "Total Cost": 30.05
  }
 }
]