[
 {
  "Plan": {
   "Startup Cost": 37.41, 
   "Plans": [
    {
     "Startup Cost": 37.41, 
     "Plans": [
      {
       "Startup Cost": 28.86, 
       "Plans": [
        {
         "Startup Cost": 28.72, 
         "Plans": [
          {
           "Partial Mode": "Simple", 
           "Startup Cost": 28.57, 
           "Plans": [
            {
             "Startup Cost": 28.57, 
             "Plans": [
              {
               "Startup Cost": 11.15, 
               "Plans": [
                {
                 "Startup Cost": 11.01, 
                 "Plans": [
                  {
                   "Startup Cost": 10.86, 
                   "Plans": [
                    {
                     "Hash Cond": "(store_sales.ss_store_sk = store.s_store_sk)", 
                     "Startup Cost": 10.71, 
                     "Plans": [
                      {
                       "Startup Cost": 0.0, 
                       "Plan Width": 52, 
                       "Node Type": "Seq Scan", 
                       "Plan Rows": 340, 
                       "Relation Name": "store_sales", 
                       "Alias": "store_sales", 
                       "Parallel Aware": false, 
                       "Output": [
                        "store_sales.ss_sold_date_sk", 
                        "store_sales.ss_sold_time_sk", 
                        "store_sales.ss_item_sk", 
                        "store_sales.ss_customer_sk", 
                        "store_sales.ss_cdemo_sk", 
                        "store_sales.ss_hdemo_sk", 
                        "store_sales.ss_addr_sk", 
                        "store_sales.ss_store_sk", 
                        "store_sales.ss_promo_sk", 
                        "store_sales.ss_ticket_number", 
                        "store_sales.ss_quantity", 
                        "store_sales.ss_wholesale_cost", 
                        "store_sales.ss_list_price", 
                        "store_sales.ss_sales_price", 
                        "store_sales.ss_ext_discount_amt", 
                        "store_sales.ss_ext_sales_price", 
                        "store_sales.ss_ext_wholesale_cost", 
                        "store_sales.ss_ext_list_price", 
                        "store_sales.ss_ext_tax", 
                        "store_sales.ss_coupon_amt", 
                        "store_sales.ss_net_paid", 
                        "store_sales.ss_net_paid_inc_tax", 
                        "store_sales.ss_net_profit"
                       ], 
                       "Parent Relationship": "Outer", 
                       "Total Cost": 13.4, 
                       "Schema": "pg_temp_2"
                      }, 
                      {
                       "Startup Cost": 10.65, 
                       "Plans": [
                        {
                         "Filter": "((store.s_city)::text = ANY ('{Fairview,Midway,Fairview,Fairview,Fairview}'::text[]))", 
                         "Startup Cost": 0.0, 
                         "Plan Width": 4, 
                         "Node Type": "Seq Scan", 
                         "Plan Rows": 5, 
                         "Relation Name": "store", 
                         "Alias": "store", 
                         "Parallel Aware": false, 
                         "Output": [
                          "store.s_store_sk"
                         ], 
                         "Parent Relationship": "Outer", 
                         "Total Cost": 10.65, 
                         "Schema": "pg_temp_2"
                        }
                       ], 
                       "Node Type": "Hash", 
                       "Plan Rows": 5, 
                       "Parallel Aware": false, 
                       "Output": [
                        "store.s_store_sk"
                       ], 
                       "Parent Relationship": "Inner", 
                       "Plan Width": 4, 
                       "Total Cost": 10.65
                      }
                     ], 
                     "Node Type": "Hash Join", 
                     "Plan Rows": 8, 
                     "Join Type": "Inner", 
                     "Parallel Aware": false, 
                     "Output": [
                      "store_sales.ss_ticket_number", 
                      "store_sales.ss_customer_sk", 
                      "store_sales.ss_coupon_amt", 
                      "store_sales.ss_net_profit", 
                      "store_sales.ss_addr_sk", 
                      "store_sales.ss_sold_date_sk", 
                      "store_sales.ss_hdemo_sk"
                     ], 
                     "Parent Relationship": "Outer", 
                     "Plan Width": 48, 
                     "Total Cost": 25.47
                    }, 
                    {
                     "Index Cond": "(date_dim.d_date_sk = store_sales.ss_sold_date_sk)", 
                     "Startup Cost": 0.15, 
                     "Scan Direction": "Forward", 
                     "Plan Width": 4, 
                     "Node Type": "Index Scan", 
                     "Total Cost": 0.3, 
                     "Plan Rows": 1, 
                     "Relation Name": "date_dim", 
                     "Alias": "date_dim", 
                     "Parallel Aware": false, 
                     "Filter": "((date_dim.d_dow = ANY ('{6,0}'::integer[])) AND (date_dim.d_year = ANY ('{2000,2001,2002}'::integer[])))", 
                     "Output": [
                      "date_dim.d_date_sk", 
                      "date_dim.d_date_id", 
                      "date_dim.d_date", 
                      "date_dim.d_month_seq", 
                      "date_dim.d_week_seq", 
                      "date_dim.d_quarter_seq", 
                      "date_dim.d_year", 
                      "date_dim.d_dow", 
                      "date_dim.d_moy", 
                      "date_dim.d_dom", 
                      "date_dim.d_qoy", 
                      "date_dim.d_fy_year", 
                      "date_dim.d_fy_quarter_seq", 
                      "date_dim.d_fy_week_seq", 
                      "date_dim.d_day_name", 
                      "date_dim.d_quarter_name", 
                      "date_dim.d_holiday", 
                      "date_dim.d_weekend", 
                      "date_dim.d_following_holiday", 
                      "date_dim.d_first_dom", 
                      "date_dim.d_last_dom", 
                      "date_dim.d_same_day_ly", 
                      "date_dim.d_same_day_lq", 
                      "date_dim.d_current_day", 
                      "date_dim.d_current_week", 
                      "date_dim.d_current_month", 
                      "date_dim.d_current_quarter", 
                      "date_dim.d_current_year"
                     ], 
                     "Parent Relationship": "Inner", 
                     "Schema": "pg_temp_2", 
                     "Index Name": "date_dim_pkey"
                    }
                   ], 
                   "Node Type": "Nested Loop", 
                   "Plan Rows": 1, 
                   "Join Type": "Inner", 
                   "Parallel Aware": false, 
                   "Output": [
                    "store_sales.ss_ticket_number", 
                    "store_sales.ss_customer_sk", 
                    "store_sales.ss_coupon_amt", 
                    "store_sales.ss_net_profit", 
                    "store_sales.ss_addr_sk", 
                    "store_sales.ss_hdemo_sk"
                   ], 
                   "Parent Relationship": "Outer", 
                   "Plan Width": 44, 
                   "Total Cost": 27.95
                  }, 
                  {
                   "Index Cond": "(household_demographics.hd_demo_sk = store_sales.ss_hdemo_sk)", 
                   "Startup Cost": 0.15, 
                   "Scan Direction": "Forward", 
                   "Plan Width": 4, 
                   "Node Type": "Index Scan", 
                   "Total Cost": 0.3, 
                   "Plan Rows": 1, 
                   "Relation Name": "household_demographics", 
                   "Alias": "household_demographics", 
                   "Parallel Aware": false, 
                   "Filter": "((household_demographics.hd_dep_count = 1) OR (household_demographics.hd_vehicle_count = '-1'::integer))", 
                   "Output": [
                    "household_demographics.hd_demo_sk", 
                    "household_demographics.hd_income_band_sk", 
                    "household_demographics.hd_buy_potential", 
                    "household_demographics.hd_dep_count", 
                    "household_demographics.hd_vehicle_count"
                   ], 
                   "Parent Relationship": "Inner", 
                   "Schema": "pg_temp_2", 
                   "Index Name": "household_demographics_pkey"
                  }
                 ], 
                 "Node Type": "Nested Loop", 
                 "Plan Rows": 1, 
                 "Join Type": "Inner", 
                 "Parallel Aware": false, 
                 "Output": [
                  "store_sales.ss_ticket_number", 
                  "store_sales.ss_customer_sk", 
                  "store_sales.ss_coupon_amt", 
                  "store_sales.ss_net_profit", 
                  "store_sales.ss_addr_sk"
                 ], 
                 "Parent Relationship": "Outer", 
                 "Plan Width": 40, 
                 "Total Cost": 28.26
                }, 
                {
                 "Index Cond": "(customer_address.ca_address_sk = store_sales.ss_addr_sk)", 
                 "Startup Cost": 0.14, 
                 "Scan Direction": "Forward", 
                 "Plan Width": 142, 
                 "Node Type": "Index Scan", 
                 "Total Cost": 0.29, 
                 "Plan Rows": 1, 
                 "Relation Name": "customer_address", 
                 "Alias": "customer_address", 
                 "Parallel Aware": false, 
                 "Output": [
                  "customer_address.ca_address_sk", 
                  "customer_address.ca_address_id", 
                  "customer_address.ca_street_number", 
                  "customer_address.ca_street_name", 
                  "customer_address.ca_street_type", 
                  "customer_address.ca_suite_number", 
                  "customer_address.ca_city", 
                  "customer_address.ca_county", 
                  "customer_address.ca_state", 
                  "customer_address.ca_zip", 
                  "customer_address.ca_country", 
                  "customer_address.ca_gmt_offset", 
                  "customer_address.ca_location_type"
                 ], 
                 "Parent Relationship": "Inner", 
                 "Schema": "pg_temp_2", 
                 "Index Name": "customer_address_pkey"
                }
               ], 
               "Node Type": "Nested Loop", 
               "Plan Rows": 1, 
               "Join Type": "Inner", 
               "Parallel Aware": false, 
               "Output": [
                "store_sales.ss_ticket_number", 
                "store_sales.ss_customer_sk", 
                "customer_address.ca_city", 
                "store_sales.ss_addr_sk", 
                "store_sales.ss_coupon_amt", 
                "store_sales.ss_net_profit"
               ], 
               "Parent Relationship": "Outer", 
               "Plan Width": 178, 
               "Total Cost": 28.56
              }
             ], 
             "Sort Key": [
              "store_sales.ss_ticket_number", 
              "store_sales.ss_customer_sk", 
              "store_sales.ss_addr_sk", 
              "customer_address.ca_city"
             ], 
             "Node Type": "Sort", 
             "Plan Rows": 1, 
             "Parallel Aware": false, 
             "Output": [
              "store_sales.ss_ticket_number", 
              "store_sales.ss_customer_sk", 
              "customer_address.ca_city", 
              "store_sales.ss_addr_sk", 
              "store_sales.ss_coupon_amt", 
              "store_sales.ss_net_profit"
             ], 
             "Parent Relationship": "Outer", 
             "Plan Width": 178, 
             "Total Cost": 28.58
            }
           ], 
           "Group Key": [
            "store_sales.ss_ticket_number", 
            "store_sales.ss_customer_sk", 
            "store_sales.ss_addr_sk", 
            "customer_address.ca_city"
           ], 
           "Node Type": "Aggregate", 
           "Strategy": "Sorted", 
           "Plan Rows": 1, 
           "Parallel Aware": false, 
           "Output": [
            "store_sales.ss_ticket_number", 
            "store_sales.ss_customer_sk", 
            "customer_address.ca_city", 
            "sum(store_sales.ss_coupon_amt)", 
            "sum(store_sales.ss_net_profit)", 
            "store_sales.ss_addr_sk"
           ], 
           "Parent Relationship": "Outer", 
           "Plan Width": 214, 
           "Total Cost": 28.61
          }, 
          {
           "Index Cond": "(customer.c_customer_sk = store_sales.ss_customer_sk)", 
           "Startup Cost": 0.14, 
           "Scan Direction": "Forward", 
           "Plan Width": 216, 
           "Node Type": "Index Scan", 
           "Total Cost": 8.16, 
           "Plan Rows": 1, 
           "Relation Name": "customer", 
           "Alias": "customer", 
           "Parallel Aware": false, 
           "Output": [
            "customer.c_customer_sk", 
            "customer.c_customer_id", 
            "customer.c_current_cdemo_sk", 
            "customer.c_current_hdemo_sk", 
            "customer.c_current_addr_sk", 
            "customer.c_first_shipto_date_sk", 
            "customer.c_first_sales_date_sk", 
            "customer.c_salutation", 
            "customer.c_first_name", 
            "customer.c_last_name", 
            "customer.c_preferred_cust_flag", 
            "customer.c_birth_day", 
            "customer.c_birth_month", 
            "customer.c_birth_year", 
            "customer.c_birth_country", 
            "customer.c_login", 
            "customer.c_email_address", 
            "customer.c_last_review_date"
           ], 
           "Parent Relationship": "Inner", 
           "Schema": "pg_temp_2", 
           "Index Name": "customer_pkey"
          }
         ], 
         "Node Type": "Nested Loop", 
         "Plan Rows": 1, 
         "Join Type": "Inner", 
         "Parallel Aware": false, 
         "Output": [
          "customer_address.ca_city", 
          "store_sales.ss_ticket_number", 
          "(sum(store_sales.ss_coupon_amt))", 
          "(sum(store_sales.ss_net_profit))", 
          "customer.c_last_name", 
          "customer.c_first_name", 
          "customer.c_current_addr_sk"
         ], 
         "Parent Relationship": "Outer", 
         "Plan Width": 418, 
         "Total Cost": 36.79
        }, 
        {
         "Index Cond": "(current_addr.ca_address_sk = customer.c_current_addr_sk)", 
         "Startup Cost": 0.14, 
         "Scan Direction": "Forward", 
         "Plan Width": 142, 
         "Node Type": "Index Scan", 
         "Total Cost": 0.6, 
         "Plan Rows": 1, 
         "Relation Name": "customer_address", 
         "Alias": "current_addr", 
         "Parallel Aware": false, 
         "Output": [
          "current_addr.ca_address_sk", 
          "current_addr.ca_address_id", 
          "current_addr.ca_street_number", 
          "current_addr.ca_street_name", 
          "current_addr.ca_street_type", 
          "current_addr.ca_suite_number", 
          "current_addr.ca_city", 
          "current_addr.ca_county", 
          "current_addr.ca_state", 
          "current_addr.ca_zip", 
          "current_addr.ca_country", 
          "current_addr.ca_gmt_offset", 
          "current_addr.ca_location_type"
         ], 
         "Parent Relationship": "Inner", 
         "Schema": "pg_temp_2", 
         "Index Name": "customer_address_pkey"
        }
       ], 
       "Node Type": "Nested Loop", 
       "Plan Rows": 1, 
       "Join Type": "Inner", 
       "Parallel Aware": false, 
       "Output": [
        "customer.c_last_name", 
        "customer.c_first_name", 
        "current_addr.ca_city", 
        "customer_address.ca_city", 
        "store_sales.ss_ticket_number", 
        "(sum(store_sales.ss_coupon_amt))", 
        "(sum(store_sales.ss_net_profit))"
       ], 
       "Parent Relationship": "Outer", 
       "Plan Width": 552, 
       "Join Filter": "((current_addr.ca_city)::text <> (customer_address.ca_city)::text)", 
       "Total Cost": 37.4
      }
     ], 
     "Sort Key": [
      "customer.c_last_name", 
      "customer.c_first_name", 
      "current_addr.ca_city", 
      "customer_address.ca_city", 
      "store_sales.ss_ticket_number"
     ], 
     "Node Type": "Sort", 
     "Plan Rows": 1, 
     "Parallel Aware": false, 
     "Output": [
      "customer.c_last_name", 
      "customer.c_first_name", 
      "current_addr.ca_city", 
      "customer_address.ca_city", 
      "store_sales.ss_ticket_number", 
      "(sum(store_sales.ss_coupon_amt))", 
      "(sum(store_sales.ss_net_profit))"
     ], 
     "Parent Relationship": "Outer", 
     "Plan Width": 552, 
     "Total Cost": 37.42
    }
   ], 
   "Node Type": "Limit", 
   "Plan Rows": 1, 
   "Parallel Aware": false, 
   "Output": [
    "customer.c_last_name", 
    "customer.c_first_name", 
    "current_addr.ca_city", 
    "customer_address.ca_city", 
    "store_sales.ss_ticket_number", 
    "(sum(store_sales.ss_coupon_amt))", 
    "(sum(store_sales.ss_net_profit))"
   ], 
   "Plan Width": 552, 
   "Total Cost": 37.42
  }
 }
]