[
 {
  "Plan": {
   "Startup Cost": 99.18, 
   "Plans": [
    {
     "Partial Mode": "Simple", 
     "Startup Cost": 99.18, 
     "Plans": [
      {
       "Startup Cost": 99.18, 
       "Plans": [
        {
         "Startup Cost": 60.07, 
         "Plans": [
          {
           "Startup Cost": 45.34, 
           "Plans": [
            {
             "Startup Cost": 45.19, 
             "Plans": [
              {
               "Hash Cond": "(ca.ca_address_sk = c.c_current_addr_sk)", 
               "Startup Cost": 30.45, 
               "Plans": [
                {
                 "Filter": "(ca.ca_state = ANY ('{TN,MN,TX}'::bpchar[]))", 
                 "Startup Cost": 0.0, 
                 "Plan Width": 4, 
                 "Node Type": "Seq Scan", 
                 "Plan Rows": 3, 
                 "Relation Name": "customer_address", 
                 "Alias": "ca", 
                 "Parallel Aware": false, 
                 "Output": [
                  "ca.ca_address_sk", 
                  "ca.ca_address_id", 
                  "ca.ca_street_number", 
                  "ca.ca_street_name", 
                  "ca.ca_street_type", 
                  "ca.ca_suite_number", 
                  "ca.ca_city", 
                  "ca.ca_county", 
                  "ca.ca_state", 
                  "ca.ca_zip", 
                  "ca.ca_country", 
                  "ca.ca_gmt_offset", 
                  "ca.ca_location_type"
                 ], 
                 "Parent Relationship": "Outer", 
                 "Total Cost": 11.38, 
                 "Schema": "pg_temp_2"
                }, 
                {
                 "Startup Cost": 29.82, 
                 "Plans": [
                  {
                   "Startup Cost": 29.57, 
                   "Plans": [
                    {
                     "Partial Mode": "Simple", 
                     "Startup Cost": 29.43, 
                     "Plans": [
                      {
                       "Hash Cond": "(store_sales.ss_sold_date_sk = date_dim.d_date_sk)", 
                       "Startup Cost": 14.74, 
                       "Plans": [
                        {
                         "Startup Cost": 0.0, 
                         "Plan Width": 8, 
                         "Node Type": "Seq Scan", 
                         "Plan Rows": 340, 
                         "Relation Name": "store_sales", 
                         "Alias": "store_sales", 
                         "Parallel Aware": false, 
                         "Output": [
                          "store_sales.ss_sold_date_sk", 
                          "store_sales.ss_sold_time_sk", 
                          "store_sales.ss_item_sk", 
                          "store_sales.ss_customer_sk", 
                          "store_sales.ss_cdemo_sk", 
                          "store_sales.ss_hdemo_sk", 
                          "store_sales.ss_addr_sk", 
                          "store_sales.ss_store_sk", 
                          "store_sales.ss_promo_sk", 
                          "store_sales.ss_ticket_number", 
                          "store_sales.ss_quantity", 
                          "store_sales.ss_wholesale_cost", 
                          "store_sales.ss_list_price", 
                          "store_sales.ss_sales_price", 
                          "store_sales.ss_ext_discount_amt", 
                          "store_sales.ss_ext_sales_price", 
                          "store_sales.ss_ext_wholesale_cost", 
                          "store_sales.ss_ext_list_price", 
                          "store_sales.ss_ext_tax", 
                          "store_sales.ss_coupon_amt", 
                          "store_sales.ss_net_paid", 
                          "store_sales.ss_net_paid_inc_tax", 
                          "store_sales.ss_net_profit"
                         ], 
                         "Parent Relationship": "Outer", 
                         "Total Cost": 13.4, 
                         "Schema": "pg_temp_2"
                        }, 
                        {
                         "Startup Cost": 14.73, 
                         "Plans": [
                          {
                           "Filter": "((date_dim.d_moy >= 1) AND (date_dim.d_moy <= 3) AND (date_dim.d_year = 1999))", 
                           "Startup Cost": 0.0, 
                           "Plan Width": 4, 
                           "Node Type": "Seq Scan", 
                           "Plan Rows": 1, 
                           "Relation Name": "date_dim", 
                           "Alias": "date_dim", 
                           "Parallel Aware": false, 
                           "Output": [
                            "date_dim.d_date_sk"
                           ], 
                           "Parent Relationship": "Outer", 
                           "Total Cost": 14.73, 
                           "Schema": "pg_temp_2"
                          }
                         ], 
                         "Node Type": "Hash", 
                         "Plan Rows": 1, 
                         "Parallel Aware": false, 
                         "Output": [
                          "date_dim.d_date_sk"
                         ], 
                         "Parent Relationship": "Inner", 
                         "Plan Width": 4, 
                         "Total Cost": 14.73
                        }
                       ], 
                       "Node Type": "Hash Join", 
                       "Plan Rows": 1, 
                       "Join Type": "Inner", 
                       "Parallel Aware": false, 
                       "Output": [
                        "store_sales.ss_customer_sk"
                       ], 
                       "Parent Relationship": "Outer", 
                       "Plan Width": 4, 
                       "Total Cost": 29.42
                      }
                     ], 
                     "Group Key": [
                      "store_sales.ss_customer_sk"
                     ], 
                     "Node Type": "Aggregate", 
                     "Strategy": "Hashed", 
                     "Plan Rows": 1, 
                     "Parallel Aware": false, 
                     "Output": [
                      "store_sales.ss_customer_sk"
                     ], 
                     "Parent Relationship": "Outer", 
                     "Plan Width": 4, 
                     "Total Cost": 29.44
                    }, 
                    {
                     "Index Cond": "(c.c_customer_sk = store_sales.ss_customer_sk)", 
                     "Startup Cost": 0.14, 
                     "Scan Direction": "Forward", 
                     "Plan Width": 12, 
                     "Node Type": "Index Scan", 
                     "Total Cost": 0.38, 
                     "Plan Rows": 1, 
                     "Relation Name": "customer", 
                     "Alias": "c", 
                     "Parallel Aware": false, 
                     "Output": [
                      "c.c_customer_sk", 
                      "c.c_customer_id", 
                      "c.c_current_cdemo_sk", 
                      "c.c_current_hdemo_sk", 
                      "c.c_current_addr_sk", 
                      "c.c_first_shipto_date_sk", 
                      "c.c_first_sales_date_sk", 
                      "c.c_salutation", 
                      "c.c_first_name", 
                      "c.c_last_name", 
                      "c.c_preferred_cust_flag", 
                      "c.c_birth_day", 
                      "c.c_birth_month", 
                      "c.c_birth_year", 
                      "c.c_birth_country", 
                      "c.c_login", 
                      "c.c_email_address", 
                      "c.c_last_review_date"
                     ], 
                     "Parent Relationship": "Inner", 
                     "Schema": "pg_temp_2", 
                     "Index Name": "customer_pkey"
                    }
                   ], 
                   "Node Type": "Nested Loop", 
                   "Plan Rows": 50, 
                   "Join Type": "Inner", 
                   "Parallel Aware": false, 
                   "Output": [
                    "c.c_current_addr_sk", 
                    "c.c_current_cdemo_sk", 
                    "c.c_customer_sk"
                   ], 
                   "Parent Relationship": "Outer", 
                   "Plan Width": 12, 
                   "Total Cost": 29.82
                  }
                 ], 
                 "Node Type": "Hash", 
                 "Plan Rows": 50, 
                 "Parallel Aware": false, 
                 "Output": [
                  "c.c_current_addr_sk", 
                  "c.c_current_cdemo_sk", 
                  "c.c_customer_sk"
                 ], 
                 "Parent Relationship": "Inner", 
                 "Plan Width": 12, 
                 "Total Cost": 29.82
                }
               ], 
               "Node Type": "Hash Join", 
               "Plan Rows": 2, 
               "Join Type": "Inner", 
               "Parallel Aware": false, 
               "Output": [
                "c.c_current_cdemo_sk", 
                "c.c_customer_sk"
               ], 
               "Parent Relationship": "Outer", 
               "Plan Width": 8, 
               "Total Cost": 41.86
              }, 
              {
               "Startup Cost": 14.74, 
               "Plans": [
                {
                 "Hash Cond": "(web_sales.ws_sold_date_sk = date_dim_1.d_date_sk)", 
                 "Startup Cost": 14.74, 
                 "Plans": [
                  {
                   "Startup Cost": 0.0, 
                   "Plan Width": 8, 
                   "Node Type": "Seq Scan", 
                   "Plan Rows": 260, 
                   "Relation Name": "web_sales", 
                   "Alias": "web_sales", 
                   "Parallel Aware": false, 
                   "Output": [
                    "web_sales.ws_sold_date_sk", 
                    "web_sales.ws_sold_time_sk", 
                    "web_sales.ws_ship_date_sk", 
                    "web_sales.ws_item_sk", 
                    "web_sales.ws_bill_customer_sk", 
                    "web_sales.ws_bill_cdemo_sk", 
                    "web_sales.ws_bill_hdemo_sk", 
                    "web_sales.ws_bill_addr_sk", 
                    "web_sales.ws_ship_customer_sk", 
                    "web_sales.ws_ship_cdemo_sk", 
                    "web_sales.ws_ship_hdemo_sk", 
                    "web_sales.ws_ship_addr_sk", 
                    "web_sales.ws_web_page_sk", 
                    "web_sales.ws_web_site_sk", 
                    "web_sales.ws_ship_mode_sk", 
                    "web_sales.ws_warehouse_sk", 
                    "web_sales.ws_promo_sk", 
                    "web_sales.ws_order_number", 
                    "web_sales.ws_quantity", 
                    "web_sales.ws_wholesale_cost", 
                    "web_sales.ws_list_price", 
                    "web_sales.ws_sales_price", 
                    "web_sales.ws_ext_discount_amt", 
                    "web_sales.ws_ext_sales_price", 
                    "web_sales.ws_ext_wholesale_cost", 
                    "web_sales.ws_ext_list_price", 
                    "web_sales.ws_ext_tax", 
                    "web_sales.ws_coupon_amt", 
                    "web_sales.ws_ext_ship_cost", 
                    "web_sales.ws_net_paid", 
                    "web_sales.ws_net_paid_inc_tax", 
                    "web_sales.ws_net_paid_inc_ship", 
                    "web_sales.ws_net_paid_inc_ship_tax", 
                    "web_sales.ws_net_profit"
                   ], 
                   "Parent Relationship": "Outer", 
                   "Total Cost": 12.6, 
                   "Schema": "pg_temp_2"
                  }, 
                  {
                   "Startup Cost": 14.73, 
                   "Plans": [
                    {
                     "Filter": "((date_dim_1.d_moy >= 1) AND (date_dim_1.d_moy <= 3) AND (date_dim_1.d_year = 1999))", 
                     "Startup Cost": 0.0, 
                     "Plan Width": 4, 
                     "Node Type": "Seq Scan", 
                     "Plan Rows": 1, 
                     "Relation Name": "date_dim", 
                     "Alias": "date_dim_1", 
                     "Parallel Aware": false, 
                     "Output": [
                      "date_dim_1.d_date_sk"
                     ], 
                     "Parent Relationship": "Outer", 
                     "Total Cost": 14.73, 
                     "Schema": "pg_temp_2"
                    }
                   ], 
                   "Node Type": "Hash", 
                   "Plan Rows": 1, 
                   "Parallel Aware": false, 
                   "Output": [
                    "date_dim_1.d_date_sk"
                   ], 
                   "Parent Relationship": "Inner", 
                   "Plan Width": 4, 
                   "Total Cost": 14.73
                  }
                 ], 
                 "Node Type": "Hash Join", 
                 "Plan Rows": 1, 
                 "Join Type": "Inner", 
                 "Parallel Aware": false, 
                 "Output": [
                  "web_sales.ws_bill_customer_sk"
                 ], 
                 "Parent Relationship": "Outer", 
                 "Plan Width": 4, 
                 "Total Cost": 28.32
                }
               ], 
               "Node Type": "Materialize", 
               "Plan Rows": 1, 
               "Parallel Aware": false, 
               "Output": [
                "web_sales.ws_bill_customer_sk"
               ], 
               "Parent Relationship": "Inner", 
               "Plan Width": 4, 
               "Total Cost": 28.33
              }
             ], 
             "Node Type": "Nested Loop", 
             "Plan Rows": 1, 
             "Join Type": "Anti", 
             "Parallel Aware": false, 
             "Output": [
              "c.c_current_cdemo_sk", 
              "c.c_customer_sk"
             ], 
             "Parent Relationship": "Outer", 
             "Plan Width": 8, 
             "Join Filter": "(c.c_customer_sk = web_sales.ws_bill_customer_sk)", 
             "Total Cost": 70.21
            }, 
            {
             "Index Cond": "(customer_demographics.cd_demo_sk = c.c_current_cdemo_sk)", 
             "Startup Cost": 0.15, 
             "Scan Direction": "Forward", 
             "Plan Width": 152, 
             "Node Type": "Index Scan", 
             "Total Cost": 0.6, 
             "Plan Rows": 1, 
             "Relation Name": "customer_demographics", 
             "Alias": "customer_demographics", 
             "Parallel Aware": false, 
             "Output": [
              "customer_demographics.cd_demo_sk", 
              "customer_demographics.cd_gender", 
              "customer_demographics.cd_marital_status", 
              "customer_demographics.cd_education_status", 
              "customer_demographics.cd_purchase_estimate", 
              "customer_demographics.cd_credit_rating", 
              "customer_demographics.cd_dep_count", 
              "customer_demographics.cd_dep_employed_count", 
              "customer_demographics.cd_dep_college_count"
             ], 
             "Parent Relationship": "Inner", 
             "Schema": "pg_temp_2", 
             "Index Name": "customer_demographics_pkey"
            }
           ], 
           "Node Type": "Nested Loop", 
           "Plan Rows": 1, 
           "Join Type": "Inner", 
           "Parallel Aware": false, 
           "Output": [
            "c.c_customer_sk", 
            "customer_demographics.cd_gender", 
            "customer_demographics.cd_marital_status", 
            "customer_demographics.cd_education_status", 
            "customer_demographics.cd_purchase_estimate", 
            "customer_demographics.cd_credit_rating"
           ], 
           "Parent Relationship": "Outer", 
           "Plan Width": 152, 
           "Total Cost": 70.83
          }, 
          {
           "Startup Cost": 14.74, 
           "Plans": [
            {
             "Hash Cond": "(catalog_sales.cs_sold_date_sk = date_dim_2.d_date_sk)", 
             "Startup Cost": 14.74, 
             "Plans": [
              {
               "Startup Cost": 0.0, 
               "Plan Width": 8, 
               "Node Type": "Seq Scan", 
               "Plan Rows": 260, 
               "Relation Name": "catalog_sales", 
               "Alias": "catalog_sales", 
               "Parallel Aware": false, 
               "Output": [
                "catalog_sales.cs_sold_date_sk", 
                "catalog_sales.cs_sold_time_sk", 
                "catalog_sales.cs_ship_date_sk", 
                "catalog_sales.cs_bill_customer_sk", 
                "catalog_sales.cs_bill_cdemo_sk", 
                "catalog_sales.cs_bill_hdemo_sk", 
                "catalog_sales.cs_bill_addr_sk", 
                "catalog_sales.cs_ship_customer_sk", 
                "catalog_sales.cs_ship_cdemo_sk", 
                "catalog_sales.cs_ship_hdemo_sk", 
                "catalog_sales.cs_ship_addr_sk", 
                "catalog_sales.cs_call_center_sk", 
                "catalog_sales.cs_catalog_page_sk", 
                "catalog_sales.cs_ship_mode_sk", 
                "catalog_sales.cs_warehouse_sk", 
                "catalog_sales.cs_item_sk", 
                "catalog_sales.cs_promo_sk", 
                "catalog_sales.cs_order_number", 
                "catalog_sales.cs_quantity", 
                "catalog_sales.cs_wholesale_cost", 
                "catalog_sales.cs_list_price", 
                "catalog_sales.cs_sales_price", 
                "catalog_sales.cs_ext_discount_amt", 
                "catalog_sales.cs_ext_sales_price", 
                "catalog_sales.cs_ext_wholesale_cost", 
                "catalog_sales.cs_ext_list_price", 
                "catalog_sales.cs_ext_tax", 
                "catalog_sales.cs_coupon_amt", 
                "catalog_sales.cs_ext_ship_cost", 
                "catalog_sales.cs_net_paid", 
                "catalog_sales.cs_net_paid_inc_tax", 
                "catalog_sales.cs_net_paid_inc_ship", 
                "catalog_sales.cs_net_paid_inc_ship_tax", 
                "catalog_sales.cs_net_profit"
               ], 
               "Parent Relationship": "Outer", 
               "Total Cost": 12.6, 
               "Schema": "pg_temp_2"
              }, 
              {
               "Startup Cost": 14.73, 
               "Plans": [
                {
                 "Filter": "((date_dim_2.d_moy >= 1) AND (date_dim_2.d_moy <= 3) AND (date_dim_2.d_year = 1999))", 
                 "Startup Cost": 0.0, 
                 "Plan Width": 4, 
                 "Node Type": "Seq Scan", 
                 "Plan Rows": 1, 
                 "Relation Name": "date_dim", 
                 "Alias": "date_dim_2", 
                 "Parallel Aware": false, 
                 "Output": [
                  "date_dim_2.d_date_sk"
                 ], 
                 "Parent Relationship": "Outer", 
                 "Total Cost": 14.73, 
                 "Schema": "pg_temp_2"
                }
               ], 
               "Node Type": "Hash", 
               "Plan Rows": 1, 
               "Parallel Aware": false, 
               "Output": [
                "date_dim_2.d_date_sk"
               ], 
               "Parent Relationship": "Inner", 
               "Plan Width": 4, 
               "Total Cost": 14.73
              }
             ], 
             "Node Type": "Hash Join", 
             "Plan Rows": 1, 
             "Join Type": "Inner", 
             "Parallel Aware": false, 
             "Output": [
              "catalog_sales.cs_ship_customer_sk"
             ], 
             "Parent Relationship": "Outer", 
             "Plan Width": 4, 
             "Total Cost": 28.32
            }
           ], 
           "Node Type": "Materialize", 
           "Plan Rows": 1, 
           "Parallel Aware": false, 
           "Output": [
            "catalog_sales.cs_ship_customer_sk"
           ], 
           "Parent Relationship": "Inner", 
           "Plan Width": 4, 
           "Total Cost": 28.33
          }
         ], 
         "Node Type": "Nested Loop", 
         "Plan Rows": 1, 
         "Join Type": "Anti", 
         "Parallel Aware": false, 
         "Output": [
          "customer_demographics.cd_gender", 
          "customer_demographics.cd_marital_status", 
          "customer_demographics.cd_education_status", 
          "customer_demographics.cd_purchase_estimate", 
          "customer_demographics.cd_credit_rating"
         ], 
         "Parent Relationship": "Outer", 
         "Plan Width": 148, 
         "Join Filter": "(c.c_customer_sk = catalog_sales.cs_ship_customer_sk)", 
         "Total Cost": 99.17
        }
       ], 
       "Sort Key": [
        "customer_demographics.cd_gender", 
        "customer_demographics.cd_marital_status", 
        "customer_demographics.cd_education_status", 
        "customer_demographics.cd_purchase_estimate", 
        "customer_demographics.cd_credit_rating"
       ], 
       "Node Type": "Sort", 
       "Plan Rows": 1, 
       "Parallel Aware": false, 
       "Output": [
        "customer_demographics.cd_gender", 
        "customer_demographics.cd_marital_status", 
        "customer_demographics.cd_education_status", 
        "customer_demographics.cd_purchase_estimate", 
        "customer_demographics.cd_credit_rating"
       ], 
       "Parent Relationship": "Outer", 
       "Plan Width": 148, 
       "Total Cost": 99.18
      }
     ], 
     "Group Key": [
      "customer_demographics.cd_gender", 
      "customer_demographics.cd_marital_status", 
      "customer_demographics.cd_education_status", 
      "customer_demographics.cd_purchase_estimate", 
      "customer_demographics.cd_credit_rating"
     ], 
     "Node Type": "Aggregate", 
     "Strategy": "Sorted", 
     "Plan Rows": 1, 
     "Parallel Aware": false, 
     "Output": [
      "customer_demographics.cd_gender", 
      "customer_demographics.cd_marital_status", 
      "customer_demographics.cd_education_status", 
      "count(*)", 
      "customer_demographics.cd_purchase_estimate", 
      "count(*)", 
      "customer_demographics.cd_credit_rating", 
      "count(*)"
     ], 
     "Parent Relationship": "Outer", 
     "Plan Width": 172, 
     "Total Cost": 99.21
    }
   ], 
   "Node Type": "Limit", 
   "Plan Rows": 1, 
   "Parallel Aware": false, 
   "Output": [
    "customer_demographics.cd_gender", 
    "customer_demographics.cd_marital_status", 
    "customer_demographics.cd_education_status", 
    "(count(*))", 
    "customer_demographics.cd_purchase_estimate", 
    "(count(*))", 
    "customer_demographics.cd_credit_rating", 
    "(count(*))"
   ], 
   "Plan Width": 172, 
   "Total Cost": 99.21
  }
 }
]