[
 {
  "Plan": {
   "Startup Cost": 26.15, 
   "Plans": [
    {
     "Startup Cost": 26.15, 
     "Plans": [
      {
       "Partial Mode": "Simple", 
       "Startup Cost": 26.13, 
       "Plans": [
        {
         "Startup Cost": 10.81, 
         "Plans": [
          {
           "Startup Cost": 10.66, 
           "Plans": [
            {
             "Hash Cond": "(store_sales.ss_store_sk = store.s_store_sk)", 
             "Startup Cost": 10.51, 
             "Plans": [
              {
               "Startup Cost": 0.0, 
               "Plan Width": 12, 
               "Node Type": "Seq Scan", 
               "Plan Rows": 340, 
               "Relation Name": "store_sales", 
               "Alias": "store_sales", 
               "Parallel Aware": false, 
               "Output": [
                "store_sales.ss_sold_date_sk", 
                "store_sales.ss_sold_time_sk", 
                "store_sales.ss_item_sk", 
                "store_sales.ss_customer_sk", 
                "store_sales.ss_cdemo_sk", 
                "store_sales.ss_hdemo_sk", 
                "store_sales.ss_addr_sk", 
                "store_sales.ss_store_sk", 
                "store_sales.ss_promo_sk", 
                "store_sales.ss_ticket_number", 
                "store_sales.ss_quantity", 
                "store_sales.ss_wholesale_cost", 
                "store_sales.ss_list_price", 
                "store_sales.ss_sales_price", 
                "store_sales.ss_ext_discount_amt", 
                "store_sales.ss_ext_sales_price", 
                "store_sales.ss_ext_wholesale_cost", 
                "store_sales.ss_ext_list_price", 
                "store_sales.ss_ext_tax", 
                "store_sales.ss_coupon_amt", 
                "store_sales.ss_net_paid", 
                "store_sales.ss_net_paid_inc_tax", 
                "store_sales.ss_net_profit"
               ], 
               "Parent Relationship": "Outer", 
               "Total Cost": 13.4, 
               "Schema": "pg_temp_2"
              }, 
              {
               "Startup Cost": 10.5, 
               "Plans": [
                {
                 "Filter": "((store.s_store_name)::text = 'ese'::text)", 
                 "Startup Cost": 0.0, 
                 "Plan Width": 4, 
                 "Node Type": "Seq Scan", 
                 "Plan Rows": 1, 
                 "Relation Name": "store", 
                 "Alias": "store", 
                 "Parallel Aware": false, 
                 "Output": [
                  "store.s_store_sk"
                 ], 
                 "Parent Relationship": "Outer", 
                 "Total Cost": 10.5, 
                 "Schema": "pg_temp_2"
                }
               ], 
               "Node Type": "Hash", 
               "Plan Rows": 1, 
               "Parallel Aware": false, 
               "Output": [
                "store.s_store_sk"
               ], 
               "Parent Relationship": "Inner", 
               "Plan Width": 4, 
               "Total Cost": 10.5
              }
             ], 
             "Node Type": "Hash Join", 
             "Plan Rows": 2, 
             "Join Type": "Inner", 
             "Parallel Aware": false, 
             "Output": [
              "store_sales.ss_sold_time_sk", 
              "store_sales.ss_hdemo_sk"
             ], 
             "Parent Relationship": "Outer", 
             "Plan Width": 8, 
             "Total Cost": 25.21
            }, 
            {
             "Index Cond": "(time_dim.t_time_sk = store_sales.ss_sold_time_sk)", 
             "Startup Cost": 0.14, 
             "Scan Direction": "Forward", 
             "Plan Width": 4, 
             "Node Type": "Index Scan", 
             "Total Cost": 0.3, 
             "Plan Rows": 1, 
             "Relation Name": "time_dim", 
             "Alias": "time_dim", 
             "Parallel Aware": false, 
             "Filter": "((time_dim.t_minute >= 30) AND (time_dim.t_hour = 20))", 
             "Output": [
              "time_dim.t_time_sk", 
              "time_dim.t_time_id", 
              "time_dim.t_time", 
              "time_dim.t_hour", 
              "time_dim.t_minute", 
              "time_dim.t_second", 
              "time_dim.t_am_pm", 
              "time_dim.t_shift", 
              "time_dim.t_sub_shift", 
              "time_dim.t_meal_time"
             ], 
             "Parent Relationship": "Inner", 
             "Schema": "pg_temp_2", 
             "Index Name": "time_dim_pkey"
            }
           ], 
           "Node Type": "Nested Loop", 
           "Plan Rows": 1, 
           "Join Type": "Inner", 
           "Parallel Aware": false, 
           "Output": [
            "store_sales.ss_hdemo_sk"
           ], 
           "Parent Relationship": "Outer", 
           "Plan Width": 4, 
           "Total Cost": 25.82
          }, 
          {
           "Index Cond": "(household_demographics.hd_demo_sk = store_sales.ss_hdemo_sk)", 
           "Startup Cost": 0.15, 
           "Scan Direction": "Forward", 
           "Plan Width": 4, 
           "Node Type": "Index Scan", 
           "Total Cost": 0.3, 
           "Plan Rows": 1, 
           "Relation Name": "household_demographics", 
           "Alias": "household_demographics", 
           "Parallel Aware": false, 
           "Filter": "(household_demographics.hd_dep_count = 5)", 
           "Output": [
            "household_demographics.hd_demo_sk", 
            "household_demographics.hd_income_band_sk", 
            "household_demographics.hd_buy_potential", 
            "household_demographics.hd_dep_count", 
            "household_demographics.hd_vehicle_count"
           ], 
           "Parent Relationship": "Inner", 
           "Schema": "pg_temp_2", 
           "Index Name": "household_demographics_pkey"
          }
         ], 
         "Node Type": "Nested Loop", 
         "Plan Rows": 1, 
         "Join Type": "Inner", 
         "Parallel Aware": false, 
         "Parent Relationship": "Outer", 
         "Plan Width": 0, 
         "Total Cost": 26.13
        }
       ], 
       "Node Type": "Aggregate", 
       "Strategy": "Plain", 
       "Plan Rows": 1, 
       "Parallel Aware": false, 
       "Output": [
        "count(*)"
       ], 
       "Parent Relationship": "Outer", 
       "Plan Width": 8, 
       "Total Cost": 26.14
      }
     ], 
     "Sort Key": [
      "(count(*))"
     ], 
     "Node Type": "Sort", 
     "Plan Rows": 1, 
     "Parallel Aware": false, 
     "Output": [
      "(count(*))"
     ], 
     "Parent Relationship": "Outer", 
     "Plan Width": 8, 
     "Total Cost": 26.16
    }
   ], 
   "Node Type": "Limit", 
   "Plan Rows": 1, 
   "Parallel Aware": false, 
   "Output": [
    "(count(*))"
   ], 
   "Plan Width": 8, 
   "Total Cost": 26.16
  }
 }
]