[
 {
  "Plan": {
   "Startup Cost": 56.57, 
   "Plans": [
    {
     "Startup Cost": 27.65, 
     "Plans": [
      {
       "Partial Mode": "Simple", 
       "Startup Cost": 27.65, 
       "Plans": [
        {
         "Startup Cost": 27.65, 
         "Plans": [
          {
           "Hash Cond": "(web_sales.ws_sold_date_sk = date_dim.d_date_sk)", 
           "Startup Cost": 14.06, 
           "Plans": [
            {
             "Filter": "(web_sales.ws_item_sk IS NOT NULL)", 
             "Startup Cost": 0.0, 
             "Plan Width": 22, 
             "Node Type": "Seq Scan", 
             "Plan Rows": 259, 
             "Relation Name": "web_sales", 
             "Alias": "web_sales", 
             "Parallel Aware": false, 
             "Output": [
              "web_sales.ws_sold_date_sk", 
              "web_sales.ws_sold_time_sk", 
              "web_sales.ws_ship_date_sk", 
              "web_sales.ws_item_sk", 
              "web_sales.ws_bill_customer_sk", 
              "web_sales.ws_bill_cdemo_sk", 
              "web_sales.ws_bill_hdemo_sk", 
              "web_sales.ws_bill_addr_sk", 
              "web_sales.ws_ship_customer_sk", 
              "web_sales.ws_ship_cdemo_sk", 
              "web_sales.ws_ship_hdemo_sk", 
              "web_sales.ws_ship_addr_sk", 
              "web_sales.ws_web_page_sk", 
              "web_sales.ws_web_site_sk", 
              "web_sales.ws_ship_mode_sk", 
              "web_sales.ws_warehouse_sk", 
              "web_sales.ws_promo_sk", 
              "web_sales.ws_order_number", 
              "web_sales.ws_quantity", 
              "web_sales.ws_wholesale_cost", 
              "web_sales.ws_list_price", 
              "web_sales.ws_sales_price", 
              "web_sales.ws_ext_discount_amt", 
              "web_sales.ws_ext_sales_price", 
              "web_sales.ws_ext_wholesale_cost", 
              "web_sales.ws_ext_list_price", 
              "web_sales.ws_ext_tax", 
              "web_sales.ws_coupon_amt", 
              "web_sales.ws_ext_ship_cost", 
              "web_sales.ws_net_paid", 
              "web_sales.ws_net_paid_inc_tax", 
              "web_sales.ws_net_paid_inc_ship", 
              "web_sales.ws_net_paid_inc_ship_tax", 
              "web_sales.ws_net_profit"
             ], 
             "Parent Relationship": "Outer", 
             "Total Cost": 12.6, 
             "Schema": "pg_temp_2"
            }, 
            {
             "Startup Cost": 14.05, 
             "Plans": [
              {
               "Filter": "((date_dim.d_month_seq >= 1176) AND (date_dim.d_month_seq <= 1187))", 
               "Startup Cost": 0.0, 
               "Plan Width": 8, 
               "Node Type": "Seq Scan", 
               "Plan Rows": 1, 
               "Relation Name": "date_dim", 
               "Alias": "date_dim", 
               "Parallel Aware": false, 
               "Output": [
                "date_dim.d_date", 
                "date_dim.d_date_sk"
               ], 
               "Parent Relationship": "Outer", 
               "Total Cost": 14.05, 
               "Schema": "pg_temp_2"
              }
             ], 
             "Node Type": "Hash", 
             "Plan Rows": 1, 
             "Parallel Aware": false, 
             "Output": [
              "date_dim.d_date", 
              "date_dim.d_date_sk"
             ], 
             "Parent Relationship": "Inner", 
             "Plan Width": 8, 
             "Total Cost": 14.05
            }
           ], 
           "Node Type": "Hash Join", 
           "Plan Rows": 1, 
           "Join Type": "Inner", 
           "Parallel Aware": false, 
           "Output": [
            "web_sales.ws_item_sk", 
            "date_dim.d_date", 
            "web_sales.ws_sales_price"
           ], 
           "Parent Relationship": "Outer", 
           "Plan Width": 22, 
           "Total Cost": 27.64
          }
         ], 
         "Sort Key": [
          "web_sales.ws_item_sk", 
          "date_dim.d_date"
         ], 
         "Node Type": "Sort", 
         "Plan Rows": 1, 
         "Parallel Aware": false, 
         "Output": [
          "web_sales.ws_item_sk", 
          "date_dim.d_date", 
          "web_sales.ws_sales_price"
         ], 
         "Parent Relationship": "Outer", 
         "Plan Width": 22, 
         "Total Cost": 27.66
        }
       ], 
       "Group Key": [
        "web_sales.ws_item_sk", 
        "date_dim.d_date"
       ], 
       "Node Type": "Aggregate", 
       "Strategy": "Sorted", 
       "Plan Rows": 1, 
       "Parallel Aware": false, 
       "Output": [
        "web_sales.ws_item_sk", 
        "date_dim.d_date", 
        "sum(web_sales.ws_sales_price)"
       ], 
       "Parent Relationship": "Outer", 
       "Plan Width": 40, 
       "Total Cost": 27.68
      }
     ], 
     "Node Type": "WindowAgg", 
     "Plan Rows": 1, 
     "Parallel Aware": false, 
     "Output": [
      "web_sales.ws_item_sk", 
      "date_dim.d_date", 
      "sum((sum(web_sales.ws_sales_price))) OVER (?)"
     ], 
     "Parent Relationship": "InitPlan", 
     "Plan Width": 40, 
     "Subplan Name": "CTE web_v1", 
     "Total Cost": 27.7
    }, 
    {
     "Startup Cost": 28.75, 
     "Plans": [
      {
       "Partial Mode": "Simple", 
       "Startup Cost": 28.75, 
       "Plans": [
        {
         "Startup Cost": 28.75, 
         "Plans": [
          {
           "Hash Cond": "(store_sales.ss_sold_date_sk = date_dim_1.d_date_sk)", 
           "Startup Cost": 14.06, 
           "Plans": [
            {
             "Filter": "(store_sales.ss_item_sk IS NOT NULL)", 
             "Startup Cost": 0.0, 
             "Plan Width": 22, 
             "Node Type": "Seq Scan", 
             "Plan Rows": 338, 
             "Relation Name": "store_sales", 
             "Alias": "store_sales", 
             "Parallel Aware": false, 
             "Output": [
              "store_sales.ss_sold_date_sk", 
              "store_sales.ss_sold_time_sk", 
              "store_sales.ss_item_sk", 
              "store_sales.ss_customer_sk", 
              "store_sales.ss_cdemo_sk", 
              "store_sales.ss_hdemo_sk", 
              "store_sales.ss_addr_sk", 
              "store_sales.ss_store_sk", 
              "store_sales.ss_promo_sk", 
              "store_sales.ss_ticket_number", 
              "store_sales.ss_quantity", 
              "store_sales.ss_wholesale_cost", 
              "store_sales.ss_list_price", 
              "store_sales.ss_sales_price", 
              "store_sales.ss_ext_discount_amt", 
              "store_sales.ss_ext_sales_price", 
              "store_sales.ss_ext_wholesale_cost", 
              "store_sales.ss_ext_list_price", 
              "store_sales.ss_ext_tax", 
              "store_sales.ss_coupon_amt", 
              "store_sales.ss_net_paid", 
              "store_sales.ss_net_paid_inc_tax", 
              "store_sales.ss_net_profit"
             ], 
             "Parent Relationship": "Outer", 
             "Total Cost": 13.4, 
             "Schema": "pg_temp_2"
            }, 
            {
             "Startup Cost": 14.05, 
             "Plans": [
              {
               "Filter": "((date_dim_1.d_month_seq >= 1176) AND (date_dim_1.d_month_seq <= 1187))", 
               "Startup Cost": 0.0, 
               "Plan Width": 8, 
               "Node Type": "Seq Scan", 
               "Plan Rows": 1, 
               "Relation Name": "date_dim", 
               "Alias": "date_dim_1", 
               "Parallel Aware": false, 
               "Output": [
                "date_dim_1.d_date", 
                "date_dim_1.d_date_sk"
               ], 
               "Parent Relationship": "Outer", 
               "Total Cost": 14.05, 
               "Schema": "pg_temp_2"
              }
             ], 
             "Node Type": "Hash", 
             "Plan Rows": 1, 
             "Parallel Aware": false, 
             "Output": [
              "date_dim_1.d_date", 
              "date_dim_1.d_date_sk"
             ], 
             "Parent Relationship": "Inner", 
             "Plan Width": 8, 
             "Total Cost": 14.05
            }
           ], 
           "Node Type": "Hash Join", 
           "Plan Rows": 1, 
           "Join Type": "Inner", 
           "Parallel Aware": false, 
           "Output": [
            "store_sales.ss_item_sk", 
            "date_dim_1.d_date", 
            "store_sales.ss_sales_price"
           ], 
           "Parent Relationship": "Outer", 
           "Plan Width": 22, 
           "Total Cost": 28.74
          }
         ], 
         "Sort Key": [
          "store_sales.ss_item_sk", 
          "date_dim_1.d_date"
         ], 
         "Node Type": "Sort", 
         "Plan Rows": 1, 
         "Parallel Aware": false, 
         "Output": [
          "store_sales.ss_item_sk", 
          "date_dim_1.d_date", 
          "store_sales.ss_sales_price"
         ], 
         "Parent Relationship": "Outer", 
         "Plan Width": 22, 
         "Total Cost": 28.76
        }
       ], 
       "Group Key": [
        "store_sales.ss_item_sk", 
        "date_dim_1.d_date"
       ], 
       "Node Type": "Aggregate", 
       "Strategy": "Sorted", 
       "Plan Rows": 1, 
       "Parallel Aware": false, 
       "Output": [
        "store_sales.ss_item_sk", 
        "date_dim_1.d_date", 
        "sum(store_sales.ss_sales_price)"
       ], 
       "Parent Relationship": "Outer", 
       "Plan Width": 40, 
       "Total Cost": 28.78
      }
     ], 
     "Node Type": "WindowAgg", 
     "Plan Rows": 1, 
     "Parallel Aware": false, 
     "Output": [
      "store_sales.ss_item_sk", 
      "date_dim_1.d_date", 
      "sum((sum(store_sales.ss_sales_price))) OVER (?)"
     ], 
     "Parent Relationship": "InitPlan", 
     "Plan Width": 40, 
     "Subplan Name": "CTE store_v1", 
     "Total Cost": 28.79
    }, 
    {
     "Startup Cost": 0.08, 
     "Plans": [
      {
       "Startup Cost": 0.08, 
       "Plans": [
        {
         "Startup Cost": 0.08, 
         "Plans": [
          {
           "Hash Cond": "((web.item_sk = store.item_sk) AND (web.d_date = store.d_date))", 
           "Startup Cost": 0.04, 
           "Plans": [
            {
             "Startup Cost": 0.0, 
             "CTE Name": "web_v1", 
             "Node Type": "CTE Scan", 
             "Plan Rows": 1, 
             "Alias": "web", 
             "Parallel Aware": false, 
             "Output": [
              "web.item_sk", 
              "web.d_date", 
              "web.cume_sales"
             ], 
             "Parent Relationship": "Outer", 
             "Plan Width": 40, 
             "Total Cost": 0.02
            }, 
            {
             "Startup Cost": 0.02, 
             "Plans": [
              {
               "Startup Cost": 0.0, 
               "CTE Name": "store_v1", 
               "Node Type": "CTE Scan", 
               "Plan Rows": 1, 
               "Alias": "store", 
               "Parallel Aware": false, 
               "Output": [
                "store.item_sk", 
                "store.d_date", 
                "store.cume_sales"
               ], 
               "Parent Relationship": "Outer", 
               "Plan Width": 40, 
               "Total Cost": 0.02
              }
             ], 
             "Node Type": "Hash", 
             "Plan Rows": 1, 
             "Parallel Aware": false, 
             "Output": [
              "store.item_sk", 
              "store.d_date", 
              "store.cume_sales"
             ], 
             "Parent Relationship": "Inner", 
             "Plan Width": 40, 
             "Total Cost": 0.02
            }
           ], 
           "Node Type": "Hash Join", 
           "Plan Rows": 1, 
           "Join Type": "Full", 
           "Parallel Aware": false, 
           "Output": [
            "CASE WHEN (web.item_sk IS NOT NULL) THEN web.item_sk ELSE store.item_sk END", 
            "CASE WHEN (web.d_date IS NOT NULL) THEN web.d_date ELSE store.d_date END", 
            "web.cume_sales", 
            "store.cume_sales"
           ], 
           "Parent Relationship": "Outer", 
           "Plan Width": 72, 
           "Total Cost": 0.07
          }
         ], 
         "Sort Key": [
          "(CASE WHEN (web.item_sk IS NOT NULL) THEN web.item_sk ELSE store.item_sk END)", 
          "(CASE WHEN (web.d_date IS NOT NULL) THEN web.d_date ELSE store.d_date END)"
         ], 
         "Node Type": "Sort", 
         "Plan Rows": 1, 
         "Parallel Aware": false, 
         "Output": [
          "(CASE WHEN (web.item_sk IS NOT NULL) THEN web.item_sk ELSE store.item_sk END)", 
          "(CASE WHEN (web.d_date IS NOT NULL) THEN web.d_date ELSE store.d_date END)", 
          "web.cume_sales", 
          "store.cume_sales"
         ], 
         "Parent Relationship": "Outer", 
         "Plan Width": 72, 
         "Total Cost": 0.09
        }
       ], 
       "Node Type": "WindowAgg", 
       "Plan Rows": 1, 
       "Parallel Aware": false, 
       "Output": [
        "(CASE WHEN (web.item_sk IS NOT NULL) THEN web.item_sk ELSE store.item_sk END)", 
        "(CASE WHEN (web.d_date IS NOT NULL) THEN web.d_date ELSE store.d_date END)", 
        "web.cume_sales", 
        "store.cume_sales", 
        "max(web.cume_sales) OVER (?)", 
        "max(store.cume_sales) OVER (?)"
       ], 
       "Parent Relationship": "Subquery", 
       "Plan Width": 136, 
       "Total Cost": 0.11
      }
     ], 
     "Node Type": "Subquery Scan", 
     "Plan Rows": 1, 
     "Filter": "(y.web_cumulative > y.store_cumulative)", 
     "Alias": "y", 
     "Parallel Aware": false, 
     "Output": [
      "y.item_sk", 
      "y.d_date", 
      "y.web_sales", 
      "y.store_sales", 
      "y.web_cumulative", 
      "y.store_cumulative"
     ], 
     "Parent Relationship": "Outer", 
     "Plan Width": 136, 
     "Total Cost": 0.12
    }
   ], 
   "Node Type": "Limit", 
   "Plan Rows": 1, 
   "Parallel Aware": false, 
   "Output": [
    "y.item_sk", 
    "y.d_date", 
    "y.web_sales", 
    "y.store_sales", 
    "y.web_cumulative", 
    "y.store_cumulative"
   ], 
   "Plan Width": 136, 
   "Total Cost": 56.61
  }
 }
]