[
 {
  "Plan": {
   "Startup Cost": 44.08, 
   "Plans": [
    {
     "Startup Cost": 44.08, 
     "Plans": [
      {
       "Startup Cost": 44.01, 
       "Plans": [
        {
         "Partial Mode": "Simple", 
         "Startup Cost": 22.16, 
         "Plans": [
          {
           "Startup Cost": 4.88, 
           "Plans": [
            {
             "Startup Cost": 4.74, 
             "Plans": [
              {
               "Startup Cost": 4.59, 
               "Plans": [
                {
                 "Startup Cost": 4.45, 
                 "Plans": [
                  {
                   "Startup Cost": 4.3, 
                   "Plans": [
                    {
                     "Startup Cost": 4.16, 
                     "Plans": [
                      {
                       "Filter": "(item.i_category = 'Books'::bpchar)", 
                       "Startup Cost": 0.0, 
                       "Plan Width": 4, 
                       "Node Type": "Seq Scan", 
                       "Plan Rows": 1, 
                       "Relation Name": "item", 
                       "Alias": "item", 
                       "Parallel Aware": false, 
                       "Output": [
                        "item.i_item_sk", 
                        "item.i_item_id", 
                        "item.i_rec_start_date", 
                        "item.i_rec_end_date", 
                        "item.i_item_desc", 
                        "item.i_current_price", 
                        "item.i_wholesale_cost", 
                        "item.i_brand_id", 
                        "item.i_brand", 
                        "item.i_class_id", 
                        "item.i_class", 
                        "item.i_category_id", 
                        "item.i_category", 
                        "item.i_manufact_id", 
                        "item.i_manufact", 
                        "item.i_size", 
                        "item.i_formulation", 
                        "item.i_color", 
                        "item.i_units", 
                        "item.i_container", 
                        "item.i_manager_id", 
                        "item.i_product_name"
                       ], 
                       "Parent Relationship": "Outer", 
                       "Total Cost": 10.5, 
                       "Schema": "pg_temp_2"
                      }, 
                      {
                       "Startup Cost": 4.16, 
                       "Plan Width": 34, 
                       "Plans": [
                        {
                         "Startup Cost": 0.0, 
                         "Plan Width": 0, 
                         "Node Type": "Bitmap Index Scan", 
                         "Index Cond": "(store_sales.ss_item_sk = item.i_item_sk)", 
                         "Plan Rows": 2, 
                         "Parallel Aware": false, 
                         "Parent Relationship": "Outer", 
                         "Total Cost": 4.16, 
                         "Index Name": "store_sales_pkey"
                        }
                       ], 
                       "Recheck Cond": "(store_sales.ss_item_sk = item.i_item_sk)", 
                       "Node Type": "Bitmap Heap Scan", 
                       "Plan Rows": 2, 
                       "Relation Name": "store_sales", 
                       "Alias": "store_sales", 
                       "Parallel Aware": false, 
                       "Output": [
                        "store_sales.ss_sold_date_sk", 
                        "store_sales.ss_sold_time_sk", 
                        "store_sales.ss_item_sk", 
                        "store_sales.ss_customer_sk", 
                        "store_sales.ss_cdemo_sk", 
                        "store_sales.ss_hdemo_sk", 
                        "store_sales.ss_addr_sk", 
                        "store_sales.ss_store_sk", 
                        "store_sales.ss_promo_sk", 
                        "store_sales.ss_ticket_number", 
                        "store_sales.ss_quantity", 
                        "store_sales.ss_wholesale_cost", 
                        "store_sales.ss_list_price", 
                        "store_sales.ss_sales_price", 
                        "store_sales.ss_ext_discount_amt", 
                        "store_sales.ss_ext_sales_price", 
                        "store_sales.ss_ext_wholesale_cost", 
                        "store_sales.ss_ext_list_price", 
                        "store_sales.ss_ext_tax", 
                        "store_sales.ss_coupon_amt", 
                        "store_sales.ss_net_paid", 
                        "store_sales.ss_net_paid_inc_tax", 
                        "store_sales.ss_net_profit"
                       ], 
                       "Parent Relationship": "Inner", 
                       "Total Cost": 9.5, 
                       "Schema": "pg_temp_2"
                      }
                     ], 
                     "Node Type": "Nested Loop", 
                     "Plan Rows": 2, 
                     "Join Type": "Inner", 
                     "Parallel Aware": false, 
                     "Output": [
                      "store_sales.ss_ext_sales_price", 
                      "store_sales.ss_sold_date_sk", 
                      "store_sales.ss_store_sk", 
                      "store_sales.ss_promo_sk", 
                      "store_sales.ss_customer_sk"
                     ], 
                     "Parent Relationship": "Outer", 
                     "Plan Width": 30, 
                     "Total Cost": 20.02
                    }, 
                    {
                     "Index Cond": "(store.s_store_sk = store_sales.ss_store_sk)", 
                     "Startup Cost": 0.14, 
                     "Scan Direction": "Forward", 
                     "Plan Width": 4, 
                     "Node Type": "Index Scan", 
                     "Total Cost": 0.29, 
                     "Plan Rows": 1, 
                     "Relation Name": "store", 
                     "Alias": "store", 
                     "Parallel Aware": false, 
                     "Filter": "(store.s_gmt_offset = '-6'::numeric)", 
                     "Output": [
                      "store.s_store_sk", 
                      "store.s_store_id", 
                      "store.s_rec_start_date", 
                      "store.s_rec_end_date", 
                      "store.s_closed_date_sk", 
                      "store.s_store_name", 
                      "store.s_number_employees", 
                      "store.s_floor_space", 
                      "store.s_hours", 
                      "store.s_manager", 
                      "store.s_market_id", 
                      "store.s_geography_class", 
                      "store.s_market_desc", 
                      "store.s_market_manager", 
                      "store.s_division_id", 
                      "store.s_division_name", 
                      "store.s_company_id", 
                      "store.s_company_name", 
                      "store.s_street_number", 
                      "store.s_street_name", 
                      "store.s_street_type", 
                      "store.s_suite_number", 
                      "store.s_city", 
                      "store.s_county", 
                      "store.s_state", 
                      "store.s_zip", 
                      "store.s_country", 
                      "store.s_gmt_offset", 
                      "store.s_tax_precentage"
                     ], 
                     "Parent Relationship": "Inner", 
                     "Schema": "pg_temp_2", 
                     "Index Name": "store_pkey"
                    }
                   ], 
                   "Node Type": "Nested Loop", 
                   "Plan Rows": 1, 
                   "Join Type": "Inner", 
                   "Parallel Aware": false, 
                   "Output": [
                    "store_sales.ss_ext_sales_price", 
                    "store_sales.ss_sold_date_sk", 
                    "store_sales.ss_promo_sk", 
                    "store_sales.ss_customer_sk"
                   ], 
                   "Parent Relationship": "Outer", 
                   "Plan Width": 26, 
                   "Total Cost": 20.62
                  }, 
                  {
                   "Index Cond": "(promotion.p_promo_sk = store_sales.ss_promo_sk)", 
                   "Startup Cost": 0.14, 
                   "Scan Direction": "Forward", 
                   "Plan Width": 4, 
                   "Node Type": "Index Scan", 
                   "Total Cost": 0.3, 
                   "Plan Rows": 1, 
                   "Relation Name": "promotion", 
                   "Alias": "promotion", 
                   "Parallel Aware": false, 
                   "Filter": "((promotion.p_channel_dmail = 'Y'::bpchar) OR (promotion.p_channel_email = 'Y'::bpchar) OR (promotion.p_channel_tv = 'Y'::bpchar))", 
                   "Output": [
                    "promotion.p_promo_sk", 
                    "promotion.p_promo_id", 
                    "promotion.p_start_date_sk", 
                    "promotion.p_end_date_sk", 
                    "promotion.p_item_sk", 
                    "promotion.p_cost", 
                    "promotion.p_response_target", 
                    "promotion.p_promo_name", 
                    "promotion.p_channel_dmail", 
                    "promotion.p_channel_email", 
                    "promotion.p_channel_catalog", 
                    "promotion.p_channel_tv", 
                    "promotion.p_channel_radio", 
                    "promotion.p_channel_press", 
                    "promotion.p_channel_event", 
                    "promotion.p_channel_demo", 
                    "promotion.p_channel_details", 
                    "promotion.p_purpose", 
                    "promotion.p_discount_active"
                   ], 
                   "Parent Relationship": "Inner", 
                   "Schema": "pg_temp_2", 
                   "Index Name": "promotion_pkey"
                  }
                 ], 
                 "Node Type": "Nested Loop", 
                 "Plan Rows": 1, 
                 "Join Type": "Inner", 
                 "Parallel Aware": false, 
                 "Output": [
                  "store_sales.ss_ext_sales_price", 
                  "store_sales.ss_sold_date_sk", 
                  "store_sales.ss_customer_sk"
                 ], 
                 "Parent Relationship": "Outer", 
                 "Plan Width": 22, 
                 "Total Cost": 20.93
                }, 
                {
                 "Index Cond": "(date_dim.d_date_sk = store_sales.ss_sold_date_sk)", 
                 "Startup Cost": 0.15, 
                 "Scan Direction": "Forward", 
                 "Plan Width": 4, 
                 "Node Type": "Index Scan", 
                 "Total Cost": 0.3, 
                 "Plan Rows": 1, 
                 "Relation Name": "date_dim", 
                 "Alias": "date_dim", 
                 "Parallel Aware": false, 
                 "Filter": "((date_dim.d_year = 1999) AND (date_dim.d_moy = 11))", 
                 "Output": [
                  "date_dim.d_date_sk", 
                  "date_dim.d_date_id", 
                  "date_dim.d_date", 
                  "date_dim.d_month_seq", 
                  "date_dim.d_week_seq", 
                  "date_dim.d_quarter_seq", 
                  "date_dim.d_year", 
                  "date_dim.d_dow", 
                  "date_dim.d_moy", 
                  "date_dim.d_dom", 
                  "date_dim.d_qoy", 
                  "date_dim.d_fy_year", 
                  "date_dim.d_fy_quarter_seq", 
                  "date_dim.d_fy_week_seq", 
                  "date_dim.d_day_name", 
                  "date_dim.d_quarter_name", 
                  "date_dim.d_holiday", 
                  "date_dim.d_weekend", 
                  "date_dim.d_following_holiday", 
                  "date_dim.d_first_dom", 
                  "date_dim.d_last_dom", 
                  "date_dim.d_same_day_ly", 
                  "date_dim.d_same_day_lq", 
                  "date_dim.d_current_day", 
                  "date_dim.d_current_week", 
                  "date_dim.d_current_month", 
                  "date_dim.d_current_quarter", 
                  "date_dim.d_current_year"
                 ], 
                 "Parent Relationship": "Inner", 
                 "Schema": "pg_temp_2", 
                 "Index Name": "date_dim_pkey"
                }
               ], 
               "Node Type": "Nested Loop", 
               "Plan Rows": 1, 
               "Join Type": "Inner", 
               "Parallel Aware": false, 
               "Output": [
                "store_sales.ss_ext_sales_price", 
                "store_sales.ss_customer_sk"
               ], 
               "Parent Relationship": "Outer", 
               "Plan Width": 18, 
               "Total Cost": 21.24
              }, 
              {
               "Index Cond": "(customer.c_customer_sk = store_sales.ss_customer_sk)", 
               "Startup Cost": 0.14, 
               "Scan Direction": "Forward", 
               "Plan Width": 8, 
               "Node Type": "Index Scan", 
               "Total Cost": 0.29, 
               "Plan Rows": 1, 
               "Relation Name": "customer", 
               "Alias": "customer", 
               "Parallel Aware": false, 
               "Output": [
                "customer.c_customer_sk", 
                "customer.c_customer_id", 
                "customer.c_current_cdemo_sk", 
                "customer.c_current_hdemo_sk", 
                "customer.c_current_addr_sk", 
                "customer.c_first_shipto_date_sk", 
                "customer.c_first_sales_date_sk", 
                "customer.c_salutation", 
                "customer.c_first_name", 
                "customer.c_last_name", 
                "customer.c_preferred_cust_flag", 
                "customer.c_birth_day", 
                "customer.c_birth_month", 
                "customer.c_birth_year", 
                "customer.c_birth_country", 
                "customer.c_login", 
                "customer.c_email_address", 
                "customer.c_last_review_date"
               ], 
               "Parent Relationship": "Inner", 
               "Schema": "pg_temp_2", 
               "Index Name": "customer_pkey"
              }
             ], 
             "Node Type": "Nested Loop", 
             "Plan Rows": 1, 
             "Join Type": "Inner", 
             "Parallel Aware": false, 
             "Output": [
              "store_sales.ss_ext_sales_price", 
              "customer.c_current_addr_sk"
             ], 
             "Parent Relationship": "Outer", 
             "Plan Width": 18, 
             "Total Cost": 21.54
            }, 
            {
             "Index Cond": "(customer_address.ca_address_sk = customer.c_current_addr_sk)", 
             "Startup Cost": 0.14, 
             "Scan Direction": "Forward", 
             "Plan Width": 4, 
             "Node Type": "Index Scan", 
             "Total Cost": 0.6, 
             "Plan Rows": 1, 
             "Relation Name": "customer_address", 
             "Alias": "customer_address", 
             "Parallel Aware": false, 
             "Filter": "(customer_address.ca_gmt_offset = '-6'::numeric)", 
             "Output": [
              "customer_address.ca_address_sk", 
              "customer_address.ca_address_id", 
              "customer_address.ca_street_number", 
              "customer_address.ca_street_name", 
              "customer_address.ca_street_type", 
              "customer_address.ca_suite_number", 
              "customer_address.ca_city", 
              "customer_address.ca_county", 
              "customer_address.ca_state", 
              "customer_address.ca_zip", 
              "customer_address.ca_country", 
              "customer_address.ca_gmt_offset", 
              "customer_address.ca_location_type"
             ], 
             "Parent Relationship": "Inner", 
             "Schema": "pg_temp_2", 
             "Index Name": "customer_address_pkey"
            }
           ], 
           "Node Type": "Nested Loop", 
           "Plan Rows": 1, 
           "Join Type": "Inner", 
           "Parallel Aware": false, 
           "Output": [
            "store_sales.ss_ext_sales_price"
           ], 
           "Parent Relationship": "Outer", 
           "Plan Width": 14, 
           "Total Cost": 22.15
          }
         ], 
         "Node Type": "Aggregate", 
         "Strategy": "Plain", 
         "Plan Rows": 1, 
         "Parallel Aware": false, 
         "Output": [
          "sum(store_sales.ss_ext_sales_price)"
         ], 
         "Parent Relationship": "Outer", 
         "Plan Width": 32, 
         "Total Cost": 22.17
        }, 
        {
         "Partial Mode": "Simple", 
         "Startup Cost": 21.85, 
         "Plans": [
          {
           "Startup Cost": 4.74, 
           "Plans": [
            {
             "Startup Cost": 4.59, 
             "Plans": [
              {
               "Startup Cost": 4.45, 
               "Plans": [
                {
                 "Startup Cost": 4.3, 
                 "Plans": [
                  {
                   "Startup Cost": 4.16, 
                   "Plans": [
                    {
                     "Filter": "(item_1.i_category = 'Books'::bpchar)", 
                     "Startup Cost": 0.0, 
                     "Plan Width": 4, 
                     "Node Type": "Seq Scan", 
                     "Plan Rows": 1, 
                     "Relation Name": "item", 
                     "Alias": "item_1", 
                     "Parallel Aware": false, 
                     "Output": [
                      "item_1.i_item_sk", 
                      "item_1.i_item_id", 
                      "item_1.i_rec_start_date", 
                      "item_1.i_rec_end_date", 
                      "item_1.i_item_desc", 
                      "item_1.i_current_price", 
                      "item_1.i_wholesale_cost", 
                      "item_1.i_brand_id", 
                      "item_1.i_brand", 
                      "item_1.i_class_id", 
                      "item_1.i_class", 
                      "item_1.i_category_id", 
                      "item_1.i_category", 
                      "item_1.i_manufact_id", 
                      "item_1.i_manufact", 
                      "item_1.i_size", 
                      "item_1.i_formulation", 
                      "item_1.i_color", 
                      "item_1.i_units", 
                      "item_1.i_container", 
                      "item_1.i_manager_id", 
                      "item_1.i_product_name"
                     ], 
                     "Parent Relationship": "Outer", 
                     "Total Cost": 10.5, 
                     "Schema": "pg_temp_2"
                    }, 
                    {
                     "Startup Cost": 4.16, 
                     "Plan Width": 30, 
                     "Plans": [
                      {
                       "Startup Cost": 0.0, 
                       "Plan Width": 0, 
                       "Node Type": "Bitmap Index Scan", 
                       "Index Cond": "(store_sales_1.ss_item_sk = item_1.i_item_sk)", 
                       "Plan Rows": 2, 
                       "Parallel Aware": false, 
                       "Parent Relationship": "Outer", 
                       "Total Cost": 4.16, 
                       "Index Name": "store_sales_pkey"
                      }
                     ], 
                     "Recheck Cond": "(store_sales_1.ss_item_sk = item_1.i_item_sk)", 
                     "Node Type": "Bitmap Heap Scan", 
                     "Plan Rows": 2, 
                     "Relation Name": "store_sales", 
                     "Alias": "store_sales_1", 
                     "Parallel Aware": false, 
                     "Output": [
                      "store_sales_1.ss_sold_date_sk", 
                      "store_sales_1.ss_sold_time_sk", 
                      "store_sales_1.ss_item_sk", 
                      "store_sales_1.ss_customer_sk", 
                      "store_sales_1.ss_cdemo_sk", 
                      "store_sales_1.ss_hdemo_sk", 
                      "store_sales_1.ss_addr_sk", 
                      "store_sales_1.ss_store_sk", 
                      "store_sales_1.ss_promo_sk", 
                      "store_sales_1.ss_ticket_number", 
                      "store_sales_1.ss_quantity", 
                      "store_sales_1.ss_wholesale_cost", 
                      "store_sales_1.ss_list_price", 
                      "store_sales_1.ss_sales_price", 
                      "store_sales_1.ss_ext_discount_amt", 
                      "store_sales_1.ss_ext_sales_price", 
                      "store_sales_1.ss_ext_wholesale_cost", 
                      "store_sales_1.ss_ext_list_price", 
                      "store_sales_1.ss_ext_tax", 
                      "store_sales_1.ss_coupon_amt", 
                      "store_sales_1.ss_net_paid", 
                      "store_sales_1.ss_net_paid_inc_tax", 
                      "store_sales_1.ss_net_profit"
                     ], 
                     "Parent Relationship": "Inner", 
                     "Total Cost": 9.5, 
                     "Schema": "pg_temp_2"
                    }
                   ], 
                   "Node Type": "Nested Loop", 
                   "Plan Rows": 2, 
                   "Join Type": "Inner", 
                   "Parallel Aware": false, 
                   "Output": [
                    "store_sales_1.ss_ext_sales_price", 
                    "store_sales_1.ss_sold_date_sk", 
                    "store_sales_1.ss_store_sk", 
                    "store_sales_1.ss_customer_sk"
                   ], 
                   "Parent Relationship": "Outer", 
                   "Plan Width": 26, 
                   "Total Cost": 20.02
                  }, 
                  {
                   "Index Cond": "(store_1.s_store_sk = store_sales_1.ss_store_sk)", 
                   "Startup Cost": 0.14, 
                   "Scan Direction": "Forward", 
                   "Plan Width": 4, 
                   "Node Type": "Index Scan", 
                   "Total Cost": 0.29, 
                   "Plan Rows": 1, 
                   "Relation Name": "store", 
                   "Alias": "store_1", 
                   "Parallel Aware": false, 
                   "Filter": "(store_1.s_gmt_offset = '-6'::numeric)", 
                   "Output": [
                    "store_1.s_store_sk", 
                    "store_1.s_store_id", 
                    "store_1.s_rec_start_date", 
                    "store_1.s_rec_end_date", 
                    "store_1.s_closed_date_sk", 
                    "store_1.s_store_name", 
                    "store_1.s_number_employees", 
                    "store_1.s_floor_space", 
                    "store_1.s_hours", 
                    "store_1.s_manager", 
                    "store_1.s_market_id", 
                    "store_1.s_geography_class", 
                    "store_1.s_market_desc", 
                    "store_1.s_market_manager", 
                    "store_1.s_division_id", 
                    "store_1.s_division_name", 
                    "store_1.s_company_id", 
                    "store_1.s_company_name", 
                    "store_1.s_street_number", 
                    "store_1.s_street_name", 
                    "store_1.s_street_type", 
                    "store_1.s_suite_number", 
                    "store_1.s_city", 
                    "store_1.s_county", 
                    "store_1.s_state", 
                    "store_1.s_zip", 
                    "store_1.s_country", 
                    "store_1.s_gmt_offset", 
                    "store_1.s_tax_precentage"
                   ], 
                   "Parent Relationship": "Inner", 
                   "Schema": "pg_temp_2", 
                   "Index Name": "store_pkey"
                  }
                 ], 
                 "Node Type": "Nested Loop", 
                 "Plan Rows": 1, 
                 "Join Type": "Inner", 
                 "Parallel Aware": false, 
                 "Output": [
                  "store_sales_1.ss_ext_sales_price", 
                  "store_sales_1.ss_sold_date_sk", 
                  "store_sales_1.ss_customer_sk"
                 ], 
                 "Parent Relationship": "Outer", 
                 "Plan Width": 22, 
                 "Total Cost": 20.62
                }, 
                {
                 "Index Cond": "(date_dim_1.d_date_sk = store_sales_1.ss_sold_date_sk)", 
                 "Startup Cost": 0.15, 
                 "Scan Direction": "Forward", 
                 "Plan Width": 4, 
                 "Node Type": "Index Scan", 
                 "Total Cost": 0.3, 
                 "Plan Rows": 1, 
                 "Relation Name": "date_dim", 
                 "Alias": "date_dim_1", 
                 "Parallel Aware": false, 
                 "Filter": "((date_dim_1.d_year = 1999) AND (date_dim_1.d_moy = 11))", 
                 "Output": [
                  "date_dim_1.d_date_sk", 
                  "date_dim_1.d_date_id", 
                  "date_dim_1.d_date", 
                  "date_dim_1.d_month_seq", 
                  "date_dim_1.d_week_seq", 
                  "date_dim_1.d_quarter_seq", 
                  "date_dim_1.d_year", 
                  "date_dim_1.d_dow", 
                  "date_dim_1.d_moy", 
                  "date_dim_1.d_dom", 
                  "date_dim_1.d_qoy", 
                  "date_dim_1.d_fy_year", 
                  "date_dim_1.d_fy_quarter_seq", 
                  "date_dim_1.d_fy_week_seq", 
                  "date_dim_1.d_day_name", 
                  "date_dim_1.d_quarter_name", 
                  "date_dim_1.d_holiday", 
                  "date_dim_1.d_weekend", 
                  "date_dim_1.d_following_holiday", 
                  "date_dim_1.d_first_dom", 
                  "date_dim_1.d_last_dom", 
                  "date_dim_1.d_same_day_ly", 
                  "date_dim_1.d_same_day_lq", 
                  "date_dim_1.d_current_day", 
                  "date_dim_1.d_current_week", 
                  "date_dim_1.d_current_month", 
                  "date_dim_1.d_current_quarter", 
                  "date_dim_1.d_current_year"
                 ], 
                 "Parent Relationship": "Inner", 
                 "Schema": "pg_temp_2", 
                 "Index Name": "date_dim_pkey"
                }
               ], 
               "Node Type": "Nested Loop", 
               "Plan Rows": 1, 
               "Join Type": "Inner", 
               "Parallel Aware": false, 
               "Output": [
                "store_sales_1.ss_ext_sales_price", 
                "store_sales_1.ss_customer_sk"
               ], 
               "Parent Relationship": "Outer", 
               "Plan Width": 18, 
               "Total Cost": 20.93
              }, 
              {
               "Index Cond": "(customer_1.c_customer_sk = store_sales_1.ss_customer_sk)", 
               "Startup Cost": 0.14, 
               "Scan Direction": "Forward", 
               "Plan Width": 8, 
               "Node Type": "Index Scan", 
               "Total Cost": 0.29, 
               "Plan Rows": 1, 
               "Relation Name": "customer", 
               "Alias": "customer_1", 
               "Parallel Aware": false, 
               "Output": [
                "customer_1.c_customer_sk", 
                "customer_1.c_customer_id", 
                "customer_1.c_current_cdemo_sk", 
                "customer_1.c_current_hdemo_sk", 
                "customer_1.c_current_addr_sk", 
                "customer_1.c_first_shipto_date_sk", 
                "customer_1.c_first_sales_date_sk", 
                "customer_1.c_salutation", 
                "customer_1.c_first_name", 
                "customer_1.c_last_name", 
                "customer_1.c_preferred_cust_flag", 
                "customer_1.c_birth_day", 
                "customer_1.c_birth_month", 
                "customer_1.c_birth_year", 
                "customer_1.c_birth_country", 
                "customer_1.c_login", 
                "customer_1.c_email_address", 
                "customer_1.c_last_review_date"
               ], 
               "Parent Relationship": "Inner", 
               "Schema": "pg_temp_2", 
               "Index Name": "customer_pkey"
              }
             ], 
             "Node Type": "Nested Loop", 
             "Plan Rows": 1, 
             "Join Type": "Inner", 
             "Parallel Aware": false, 
             "Output": [
              "store_sales_1.ss_ext_sales_price", 
              "customer_1.c_current_addr_sk"
             ], 
             "Parent Relationship": "Outer", 
             "Plan Width": 18, 
             "Total Cost": 21.23
            }, 
            {
             "Index Cond": "(customer_address_1.ca_address_sk = customer_1.c_current_addr_sk)", 
             "Startup Cost": 0.14, 
             "Scan Direction": "Forward", 
             "Plan Width": 4, 
             "Node Type": "Index Scan", 
             "Total Cost": 0.6, 
             "Plan Rows": 1, 
             "Relation Name": "customer_address", 
             "Alias": "customer_address_1", 
             "Parallel Aware": false, 
             "Filter": "(customer_address_1.ca_gmt_offset = '-6'::numeric)", 
             "Output": [
              "customer_address_1.ca_address_sk", 
              "customer_address_1.ca_address_id", 
              "customer_address_1.ca_street_number", 
              "customer_address_1.ca_street_name", 
              "customer_address_1.ca_street_type", 
              "customer_address_1.ca_suite_number", 
              "customer_address_1.ca_city", 
              "customer_address_1.ca_county", 
              "customer_address_1.ca_state", 
              "customer_address_1.ca_zip", 
              "customer_address_1.ca_country", 
              "customer_address_1.ca_gmt_offset", 
              "customer_address_1.ca_location_type"
             ], 
             "Parent Relationship": "Inner", 
             "Schema": "pg_temp_2", 
             "Index Name": "customer_address_pkey"
            }
           ], 
           "Node Type": "Nested Loop", 
           "Plan Rows": 1, 
           "Join Type": "Inner", 
           "Parallel Aware": false, 
           "Output": [
            "store_sales_1.ss_ext_sales_price"
           ], 
           "Parent Relationship": "Outer", 
           "Plan Width": 14, 
           "Total Cost": 21.84
          }
         ], 
         "Node Type": "Aggregate", 
         "Strategy": "Plain", 
         "Plan Rows": 1, 
         "Parallel Aware": false, 
         "Output": [
          "sum(store_sales_1.ss_ext_sales_price)"
         ], 
         "Parent Relationship": "Inner", 
         "Plan Width": 32, 
         "Total Cost": 21.86
        }
       ], 
       "Node Type": "Nested Loop", 
       "Plan Rows": 1, 
       "Join Type": "Inner", 
       "Parallel Aware": false, 
       "Output": [
        "(sum(store_sales.ss_ext_sales_price))", 
        "(sum(store_sales_1.ss_ext_sales_price))", 
        "((((sum(store_sales.ss_ext_sales_price)))::numeric(15,4) / ((sum(store_sales_1.ss_ext_sales_price)))::numeric(15,4)) * '100'::numeric)"
       ], 
       "Parent Relationship": "Outer", 
       "Plan Width": 96, 
       "Total Cost": 44.07
      }
     ], 
     "Sort Key": [
      "(sum(store_sales.ss_ext_sales_price))", 
      "(sum(store_sales_1.ss_ext_sales_price))"
     ], 
     "Node Type": "Sort", 
     "Plan Rows": 1, 
     "Parallel Aware": false, 
     "Output": [
      "(sum(store_sales.ss_ext_sales_price))", 
      "(sum(store_sales_1.ss_ext_sales_price))", 
      "(((((sum(store_sales.ss_ext_sales_price)))::numeric(15,4) / ((sum(store_sales_1.ss_ext_sales_price)))::numeric(15,4)) * '100'::numeric))"
     ], 
     "Parent Relationship": "Outer", 
     "Plan Width": 96, 
     "Total Cost": 44.08
    }
   ], 
   "Node Type": "Limit", 
   "Plan Rows": 1, 
   "Parallel Aware": false, 
   "Output": [
    "(sum(store_sales.ss_ext_sales_price))", 
    "(sum(store_sales_1.ss_ext_sales_price))", 
    "(((((sum(store_sales.ss_ext_sales_price)))::numeric(15,4) / ((sum(store_sales_1.ss_ext_sales_price)))::numeric(15,4)) * '100'::numeric))"
   ], 
   "Plan Width": 96, 
   "Total Cost": 44.08
  }
 }
]