[
 {
  "Plan": {
   "Startup Cost": 31.51, 
   "Plans": [
    {
     "Partial Mode": "Simple", 
     "Startup Cost": 31.47, 
     "Plans": [
      {
       "Startup Cost": 31.47, 
       "Plans": [
        {
         "Startup Cost": 14.79, 
         "Plans": [
          {
           "Startup Cost": 14.64, 
           "Plans": [
            {
             "Startup Cost": 14.49, 
             "Plans": [
              {
               "Startup Cost": 14.35, 
               "Plans": [
                {
                 "Startup Cost": 14.2, 
                 "Plans": [
                  {
                   "Hash Cond": "(catalog_returns.cr_returned_date_sk = date_dim.d_date_sk)", 
                   "Startup Cost": 14.06, 
                   "Plans": [
                    {
                     "Startup Cost": 0.0, 
                     "Plan Width": 26, 
                     "Node Type": "Seq Scan", 
                     "Plan Rows": 360, 
                     "Relation Name": "catalog_returns", 
                     "Alias": "catalog_returns", 
                     "Parallel Aware": false, 
                     "Output": [
                      "catalog_returns.cr_returned_date_sk", 
                      "catalog_returns.cr_returned_time_sk", 
                      "catalog_returns.cr_item_sk", 
                      "catalog_returns.cr_refunded_customer_sk", 
                      "catalog_returns.cr_refunded_cdemo_sk", 
                      "catalog_returns.cr_refunded_hdemo_sk", 
                      "catalog_returns.cr_refunded_addr_sk", 
                      "catalog_returns.cr_returning_customer_sk", 
                      "catalog_returns.cr_returning_cdemo_sk", 
                      "catalog_returns.cr_returning_hdemo_sk", 
                      "catalog_returns.cr_returning_addr_sk", 
                      "catalog_returns.cr_call_center_sk", 
                      "catalog_returns.cr_catalog_page_sk", 
                      "catalog_returns.cr_ship_mode_sk", 
                      "catalog_returns.cr_warehouse_sk", 
                      "catalog_returns.cr_reason_sk", 
                      "catalog_returns.cr_order_number", 
                      "catalog_returns.cr_return_quantity", 
                      "catalog_returns.cr_return_amount", 
                      "catalog_returns.cr_return_tax", 
                      "catalog_returns.cr_return_amt_inc_tax", 
                      "catalog_returns.cr_fee", 
                      "catalog_returns.cr_return_ship_cost", 
                      "catalog_returns.cr_refunded_cash", 
                      "catalog_returns.cr_reversed_charge", 
                      "catalog_returns.cr_store_credit", 
                      "catalog_returns.cr_net_loss"
                     ], 
                     "Parent Relationship": "Outer", 
                     "Total Cost": 13.6, 
                     "Schema": "pg_temp_2"
                    }, 
                    {
                     "Startup Cost": 14.05, 
                     "Plans": [
                      {
                       "Filter": "((date_dim.d_year = 1999) AND (date_dim.d_moy = 11))", 
                       "Startup Cost": 0.0, 
                       "Plan Width": 4, 
                       "Node Type": "Seq Scan", 
                       "Plan Rows": 1, 
                       "Relation Name": "date_dim", 
                       "Alias": "date_dim", 
                       "Parallel Aware": false, 
                       "Output": [
                        "date_dim.d_date_sk"
                       ], 
                       "Parent Relationship": "Outer", 
                       "Total Cost": 14.05, 
                       "Schema": "pg_temp_2"
                      }
                     ], 
                     "Node Type": "Hash", 
                     "Plan Rows": 1, 
                     "Parallel Aware": false, 
                     "Output": [
                      "date_dim.d_date_sk"
                     ], 
                     "Parent Relationship": "Inner", 
                     "Plan Width": 4, 
                     "Total Cost": 14.05
                    }
                   ], 
                   "Node Type": "Hash Join", 
                   "Plan Rows": 1, 
                   "Join Type": "Inner", 
                   "Parallel Aware": false, 
                   "Output": [
                    "catalog_returns.cr_net_loss", 
                    "catalog_returns.cr_call_center_sk", 
                    "catalog_returns.cr_returning_customer_sk"
                   ], 
                   "Parent Relationship": "Outer", 
                   "Plan Width": 22, 
                   "Total Cost": 29.02
                  }, 
                  {
                   "Index Cond": "(call_center.cc_call_center_sk = catalog_returns.cr_call_center_sk)", 
                   "Startup Cost": 0.14, 
                   "Scan Direction": "Forward", 
                   "Plan Width": 288, 
                   "Node Type": "Index Scan", 
                   "Total Cost": 0.28, 
                   "Plan Rows": 1, 
                   "Relation Name": "call_center", 
                   "Alias": "call_center", 
                   "Parallel Aware": false, 
                   "Output": [
                    "call_center.cc_call_center_sk", 
                    "call_center.cc_call_center_id", 
                    "call_center.cc_rec_start_date", 
                    "call_center.cc_rec_end_date", 
                    "call_center.cc_closed_date_sk", 
                    "call_center.cc_open_date_sk", 
                    "call_center.cc_name", 
                    "call_center.cc_class", 
                    "call_center.cc_employees", 
                    "call_center.cc_sq_ft", 
                    "call_center.cc_hours", 
                    "call_center.cc_manager", 
                    "call_center.cc_mkt_id", 
                    "call_center.cc_mkt_class", 
                    "call_center.cc_mkt_desc", 
                    "call_center.cc_market_manager", 
                    "call_center.cc_division", 
                    "call_center.cc_division_name", 
                    "call_center.cc_company", 
                    "call_center.cc_company_name", 
                    "call_center.cc_street_number", 
                    "call_center.cc_street_name", 
                    "call_center.cc_street_type", 
                    "call_center.cc_suite_number", 
                    "call_center.cc_city", 
                    "call_center.cc_county", 
                    "call_center.cc_state", 
                    "call_center.cc_zip", 
                    "call_center.cc_country", 
                    "call_center.cc_gmt_offset", 
                    "call_center.cc_tax_percentage"
                   ], 
                   "Parent Relationship": "Inner", 
                   "Schema": "pg_temp_2", 
                   "Index Name": "call_center_pkey"
                  }
                 ], 
                 "Node Type": "Nested Loop", 
                 "Plan Rows": 1, 
                 "Join Type": "Inner", 
                 "Parallel Aware": false, 
                 "Output": [
                  "call_center.cc_call_center_id", 
                  "call_center.cc_name", 
                  "call_center.cc_manager", 
                  "catalog_returns.cr_net_loss", 
                  "catalog_returns.cr_returning_customer_sk"
                 ], 
                 "Parent Relationship": "Outer", 
                 "Plan Width": 302, 
                 "Total Cost": 29.31
                }, 
                {
                 "Index Cond": "(customer.c_customer_sk = catalog_returns.cr_returning_customer_sk)", 
                 "Startup Cost": 0.14, 
                 "Scan Direction": "Forward", 
                 "Plan Width": 16, 
                 "Node Type": "Index Scan", 
                 "Total Cost": 0.28, 
                 "Plan Rows": 1, 
                 "Relation Name": "customer", 
                 "Alias": "customer", 
                 "Parallel Aware": false, 
                 "Output": [
                  "customer.c_customer_sk", 
                  "customer.c_customer_id", 
                  "customer.c_current_cdemo_sk", 
                  "customer.c_current_hdemo_sk", 
                  "customer.c_current_addr_sk", 
                  "customer.c_first_shipto_date_sk", 
                  "customer.c_first_sales_date_sk", 
                  "customer.c_salutation", 
                  "customer.c_first_name", 
                  "customer.c_last_name", 
                  "customer.c_preferred_cust_flag", 
                  "customer.c_birth_day", 
                  "customer.c_birth_month", 
                  "customer.c_birth_year", 
                  "customer.c_birth_country", 
                  "customer.c_login", 
                  "customer.c_email_address", 
                  "customer.c_last_review_date"
                 ], 
                 "Parent Relationship": "Inner", 
                 "Schema": "pg_temp_2", 
                 "Index Name": "customer_pkey"
                }
               ], 
               "Node Type": "Nested Loop", 
               "Plan Rows": 1, 
               "Join Type": "Inner", 
               "Parallel Aware": false, 
               "Output": [
                "call_center.cc_call_center_id", 
                "call_center.cc_name", 
                "call_center.cc_manager", 
                "catalog_returns.cr_net_loss", 
                "customer.c_current_cdemo_sk", 
                "customer.c_current_hdemo_sk", 
                "customer.c_current_addr_sk"
               ], 
               "Parent Relationship": "Outer", 
               "Plan Width": 310, 
               "Total Cost": 29.6
              }, 
              {
               "Index Cond": "(customer_address.ca_address_sk = customer.c_current_addr_sk)", 
               "Startup Cost": 0.14, 
               "Scan Direction": "Forward", 
               "Plan Width": 4, 
               "Node Type": "Index Scan", 
               "Total Cost": 0.6, 
               "Plan Rows": 1, 
               "Relation Name": "customer_address", 
               "Alias": "customer_address", 
               "Parallel Aware": false, 
               "Filter": "(customer_address.ca_gmt_offset = '-7'::numeric)", 
               "Output": [
                "customer_address.ca_address_sk", 
                "customer_address.ca_address_id", 
                "customer_address.ca_street_number", 
                "customer_address.ca_street_name", 
                "customer_address.ca_street_type", 
                "customer_address.ca_suite_number", 
                "customer_address.ca_city", 
                "customer_address.ca_county", 
                "customer_address.ca_state", 
                "customer_address.ca_zip", 
                "customer_address.ca_country", 
                "customer_address.ca_gmt_offset", 
                "customer_address.ca_location_type"
               ], 
               "Parent Relationship": "Inner", 
               "Schema": "pg_temp_2", 
               "Index Name": "customer_address_pkey"
              }
             ], 
             "Node Type": "Nested Loop", 
             "Plan Rows": 1, 
             "Join Type": "Inner", 
             "Parallel Aware": false, 
             "Output": [
              "call_center.cc_call_center_id", 
              "call_center.cc_name", 
              "call_center.cc_manager", 
              "catalog_returns.cr_net_loss", 
              "customer.c_current_cdemo_sk", 
              "customer.c_current_hdemo_sk"
             ], 
             "Parent Relationship": "Outer", 
             "Plan Width": 306, 
             "Total Cost": 30.22
            }, 
            {
             "Index Cond": "(customer_demographics.cd_demo_sk = customer.c_current_cdemo_sk)", 
             "Startup Cost": 0.15, 
             "Scan Direction": "Forward", 
             "Plan Width": 96, 
             "Node Type": "Index Scan", 
             "Total Cost": 0.61, 
             "Plan Rows": 1, 
             "Relation Name": "customer_demographics", 
             "Alias": "customer_demographics", 
             "Parallel Aware": false, 
             "Filter": "(((customer_demographics.cd_marital_status = 'M'::bpchar) AND (customer_demographics.cd_education_status = 'Unknown'::bpchar)) OR ((customer_demographics.cd_marital_status = 'W'::bpchar) AND (customer_demographics.cd_education_status = 'Advanced Degree'::bpchar)))", 
             "Output": [
              "customer_demographics.cd_demo_sk", 
              "customer_demographics.cd_gender", 
              "customer_demographics.cd_marital_status", 
              "customer_demographics.cd_education_status", 
              "customer_demographics.cd_purchase_estimate", 
              "customer_demographics.cd_credit_rating", 
              "customer_demographics.cd_dep_count", 
              "customer_demographics.cd_dep_employed_count", 
              "customer_demographics.cd_dep_college_count"
             ], 
             "Parent Relationship": "Inner", 
             "Schema": "pg_temp_2", 
             "Index Name": "customer_demographics_pkey"
            }
           ], 
           "Node Type": "Nested Loop", 
           "Plan Rows": 1, 
           "Join Type": "Inner", 
           "Parallel Aware": false, 
           "Output": [
            "call_center.cc_call_center_id", 
            "call_center.cc_name", 
            "call_center.cc_manager", 
            "catalog_returns.cr_net_loss", 
            "customer.c_current_hdemo_sk", 
            "customer_demographics.cd_marital_status", 
            "customer_demographics.cd_education_status"
           ], 
           "Parent Relationship": "Outer", 
           "Plan Width": 394, 
           "Total Cost": 30.84
          }, 
          {
           "Index Cond": "(household_demographics.hd_demo_sk = customer.c_current_hdemo_sk)", 
           "Startup Cost": 0.15, 
           "Scan Direction": "Forward", 
           "Plan Width": 4, 
           "Node Type": "Index Scan", 
           "Total Cost": 0.61, 
           "Plan Rows": 1, 
           "Relation Name": "household_demographics", 
           "Alias": "household_demographics", 
           "Parallel Aware": false, 
           "Filter": "(household_demographics.hd_buy_potential ~~ '1001-5000%'::text)", 
           "Output": [
            "household_demographics.hd_demo_sk", 
            "household_demographics.hd_income_band_sk", 
            "household_demographics.hd_buy_potential", 
            "household_demographics.hd_dep_count", 
            "household_demographics.hd_vehicle_count"
           ], 
           "Parent Relationship": "Inner", 
           "Schema": "pg_temp_2", 
           "Index Name": "household_demographics_pkey"
          }
         ], 
         "Node Type": "Nested Loop", 
         "Plan Rows": 1, 
         "Join Type": "Inner", 
         "Parallel Aware": false, 
         "Output": [
          "call_center.cc_call_center_id", 
          "call_center.cc_name", 
          "call_center.cc_manager", 
          "customer_demographics.cd_marital_status", 
          "customer_demographics.cd_education_status", 
          "catalog_returns.cr_net_loss"
         ], 
         "Parent Relationship": "Outer", 
         "Plan Width": 390, 
         "Total Cost": 31.46
        }
       ], 
       "Sort Key": [
        "call_center.cc_call_center_id", 
        "call_center.cc_name", 
        "call_center.cc_manager", 
        "customer_demographics.cd_marital_status", 
        "customer_demographics.cd_education_status"
       ], 
       "Node Type": "Sort", 
       "Plan Rows": 1, 
       "Parallel Aware": false, 
       "Output": [
        "call_center.cc_call_center_id", 
        "call_center.cc_name", 
        "call_center.cc_manager", 
        "customer_demographics.cd_marital_status", 
        "customer_demographics.cd_education_status", 
        "catalog_returns.cr_net_loss"
       ], 
       "Parent Relationship": "Outer", 
       "Plan Width": 390, 
       "Total Cost": 31.48
      }
     ], 
     "Group Key": [
      "call_center.cc_call_center_id", 
      "call_center.cc_name", 
      "call_center.cc_manager", 
      "customer_demographics.cd_marital_status", 
      "customer_demographics.cd_education_status"
     ], 
     "Node Type": "Aggregate", 
     "Strategy": "Sorted", 
     "Plan Rows": 1, 
     "Parallel Aware": false, 
     "Output": [
      "call_center.cc_call_center_id", 
      "call_center.cc_name", 
      "call_center.cc_manager", 
      "sum(catalog_returns.cr_net_loss)", 
      "customer_demographics.cd_marital_status", 
      "customer_demographics.cd_education_status"
     ], 
     "Parent Relationship": "Outer", 
     "Plan Width": 408, 
     "Total Cost": 31.5
    }
   ], 
   "Sort Key": [
    "(sum(catalog_returns.cr_net_loss)) DESC"
   ], 
   "Node Type": "Sort", 
   "Plan Rows": 1, 
   "Parallel Aware": false, 
   "Output": [
    "call_center.cc_call_center_id", 
    "call_center.cc_name", 
    "call_center.cc_manager", 
    "(sum(catalog_returns.cr_net_loss))", 
    "customer_demographics.cd_marital_status", 
    "customer_demographics.cd_education_status"
   ], 
   "Plan Width": 408, 
   "Total Cost": 31.52
  }
 }
]