[
 {
  "Plan": {
   "Startup Cost": 31.33, 
   "Plans": [
    {
     "Startup Cost": 31.33, 
     "Plans": [
      {
       "Partial Mode": "Simple", 
       "Startup Cost": 31.29, 
       "Plans": [
        {
         "Startup Cost": 31.29, 
         "Plans": [
          {
           "Startup Cost": 14.56, 
           "Plans": [
            {
             "Startup Cost": 14.42, 
             "Plans": [
              {
               "Startup Cost": 14.27, 
               "Plans": [
                {
                 "Startup Cost": 14.12, 
                 "Plans": [
                  {
                   "Startup Cost": 13.97, 
                   "Plans": [
                    {
                     "Startup Cost": 13.83, 
                     "Plans": [
                      {
                       "Startup Cost": 13.69, 
                       "Plans": [
                        {
                         "Startup Cost": 13.54, 
                         "Plans": [
                          {
                           "Hash Cond": "(d2.d_week_seq = d1.d_week_seq)", 
                           "Startup Cost": 13.39, 
                           "Plans": [
                            {
                             "Startup Cost": 0.0, 
                             "Plan Width": 8, 
                             "Node Type": "Seq Scan", 
                             "Plan Rows": 270, 
                             "Relation Name": "date_dim", 
                             "Alias": "d2", 
                             "Parallel Aware": false, 
                             "Output": [
                              "d2.d_date_sk", 
                              "d2.d_date_id", 
                              "d2.d_date", 
                              "d2.d_month_seq", 
                              "d2.d_week_seq", 
                              "d2.d_quarter_seq", 
                              "d2.d_year", 
                              "d2.d_dow", 
                              "d2.d_moy", 
                              "d2.d_dom", 
                              "d2.d_qoy", 
                              "d2.d_fy_year", 
                              "d2.d_fy_quarter_seq", 
                              "d2.d_fy_week_seq", 
                              "d2.d_day_name", 
                              "d2.d_quarter_name", 
                              "d2.d_holiday", 
                              "d2.d_weekend", 
                              "d2.d_following_holiday", 
                              "d2.d_first_dom", 
                              "d2.d_last_dom", 
                              "d2.d_same_day_ly", 
                              "d2.d_same_day_lq", 
                              "d2.d_current_day", 
                              "d2.d_current_week", 
                              "d2.d_current_month", 
                              "d2.d_current_quarter", 
                              "d2.d_current_year"
                             ], 
                             "Parent Relationship": "Outer", 
                             "Total Cost": 12.7, 
                             "Schema": "pg_temp_2"
                            }, 
                            {
                             "Startup Cost": 13.38, 
                             "Plans": [
                              {
                               "Filter": "(d1.d_year = 1999)", 
                               "Startup Cost": 0.0, 
                               "Plan Width": 12, 
                               "Node Type": "Seq Scan", 
                               "Plan Rows": 1, 
                               "Relation Name": "date_dim", 
                               "Alias": "d1", 
                               "Parallel Aware": false, 
                               "Output": [
                                "d1.d_week_seq", 
                                "d1.d_date_sk", 
                                "d1.d_date"
                               ], 
                               "Parent Relationship": "Outer", 
                               "Total Cost": 13.38, 
                               "Schema": "pg_temp_2"
                              }
                             ], 
                             "Node Type": "Hash", 
                             "Plan Rows": 1, 
                             "Parallel Aware": false, 
                             "Output": [
                              "d1.d_week_seq", 
                              "d1.d_date_sk", 
                              "d1.d_date"
                             ], 
                             "Parent Relationship": "Inner", 
                             "Plan Width": 12, 
                             "Total Cost": 13.38
                            }
                           ], 
                           "Node Type": "Hash Join", 
                           "Plan Rows": 1, 
                           "Join Type": "Inner", 
                           "Parallel Aware": false, 
                           "Output": [
                            "d1.d_week_seq", 
                            "d1.d_date_sk", 
                            "d1.d_date", 
                            "d2.d_date_sk"
                           ], 
                           "Parent Relationship": "Outer", 
                           "Plan Width": 16, 
                           "Total Cost": 27.11
                          }, 
                          {
                           "Index Cond": "(inventory.inv_date_sk = d2.d_date_sk)", 
                           "Startup Cost": 0.15, 
                           "Scan Direction": "Forward", 
                           "Plan Width": 16, 
                           "Node Type": "Index Scan", 
                           "Total Cost": 0.47, 
                           "Plan Rows": 9, 
                           "Relation Name": "inventory", 
                           "Alias": "inventory", 
                           "Parallel Aware": false, 
                           "Output": [
                            "inventory.inv_date_sk", 
                            "inventory.inv_item_sk", 
                            "inventory.inv_warehouse_sk", 
                            "inventory.inv_quantity_on_hand"
                           ], 
                           "Parent Relationship": "Inner", 
                           "Schema": "pg_temp_2", 
                           "Index Name": "inventory_pkey"
                          }
                         ], 
                         "Node Type": "Nested Loop", 
                         "Plan Rows": 9, 
                         "Join Type": "Inner", 
                         "Parallel Aware": false, 
                         "Output": [
                          "inventory.inv_item_sk", 
                          "inventory.inv_warehouse_sk", 
                          "inventory.inv_quantity_on_hand", 
                          "d1.d_week_seq", 
                          "d1.d_date_sk", 
                          "d1.d_date"
                         ], 
                         "Parent Relationship": "Outer", 
                         "Plan Width": 24, 
                         "Total Cost": 27.67
                        }, 
                        {
                         "Index Cond": "(catalog_sales.cs_item_sk = inventory.inv_item_sk)", 
                         "Startup Cost": 0.15, 
                         "Scan Direction": "Forward", 
                         "Plan Width": 32, 
                         "Node Type": "Index Scan", 
                         "Total Cost": 0.19, 
                         "Plan Rows": 1, 
                         "Relation Name": "catalog_sales", 
                         "Alias": "catalog_sales", 
                         "Parallel Aware": false, 
                         "Filter": "(inventory.inv_quantity_on_hand < catalog_sales.cs_quantity)", 
                         "Output": [
                          "catalog_sales.cs_sold_date_sk", 
                          "catalog_sales.cs_sold_time_sk", 
                          "catalog_sales.cs_ship_date_sk", 
                          "catalog_sales.cs_bill_customer_sk", 
                          "catalog_sales.cs_bill_cdemo_sk", 
                          "catalog_sales.cs_bill_hdemo_sk", 
                          "catalog_sales.cs_bill_addr_sk", 
                          "catalog_sales.cs_ship_customer_sk", 
                          "catalog_sales.cs_ship_cdemo_sk", 
                          "catalog_sales.cs_ship_hdemo_sk", 
                          "catalog_sales.cs_ship_addr_sk", 
                          "catalog_sales.cs_call_center_sk", 
                          "catalog_sales.cs_catalog_page_sk", 
                          "catalog_sales.cs_ship_mode_sk", 
                          "catalog_sales.cs_warehouse_sk", 
                          "catalog_sales.cs_item_sk", 
                          "catalog_sales.cs_promo_sk", 
                          "catalog_sales.cs_order_number", 
                          "catalog_sales.cs_quantity", 
                          "catalog_sales.cs_wholesale_cost", 
                          "catalog_sales.cs_list_price", 
                          "catalog_sales.cs_sales_price", 
                          "catalog_sales.cs_ext_discount_amt", 
                          "catalog_sales.cs_ext_sales_price", 
                          "catalog_sales.cs_ext_wholesale_cost", 
                          "catalog_sales.cs_ext_list_price", 
                          "catalog_sales.cs_ext_tax", 
                          "catalog_sales.cs_coupon_amt", 
                          "catalog_sales.cs_ext_ship_cost", 
                          "catalog_sales.cs_net_paid", 
                          "catalog_sales.cs_net_paid_inc_tax", 
                          "catalog_sales.cs_net_paid_inc_ship", 
                          "catalog_sales.cs_net_paid_inc_ship_tax", 
                          "catalog_sales.cs_net_profit"
                         ], 
                         "Parent Relationship": "Inner", 
                         "Schema": "pg_temp_2", 
                         "Index Name": "catalog_sales_pkey"
                        }
                       ], 
                       "Node Type": "Nested Loop", 
                       "Plan Rows": 1, 
                       "Join Type": "Inner", 
                       "Parallel Aware": false, 
                       "Output": [
                        "catalog_sales.cs_item_sk", 
                        "catalog_sales.cs_bill_cdemo_sk", 
                        "catalog_sales.cs_bill_hdemo_sk", 
                        "catalog_sales.cs_ship_date_sk", 
                        "catalog_sales.cs_promo_sk", 
                        "inventory.inv_item_sk", 
                        "inventory.inv_warehouse_sk", 
                        "d1.d_week_seq", 
                        "d1.d_date"
                       ], 
                       "Parent Relationship": "Outer", 
                       "Plan Width": 36, 
                       "Join Filter": "(d1.d_date_sk = catalog_sales.cs_sold_date_sk)", 
                       "Total Cost": 29.51
                      }, 
                      {
                       "Index Cond": "(warehouse.w_warehouse_sk = inventory.inv_warehouse_sk)", 
                       "Startup Cost": 0.14, 
                       "Scan Direction": "Forward", 
                       "Plan Width": 62, 
                       "Node Type": "Index Scan", 
                       "Total Cost": 0.18, 
                       "Plan Rows": 1, 
                       "Relation Name": "warehouse", 
                       "Alias": "warehouse", 
                       "Parallel Aware": false, 
                       "Output": [
                        "warehouse.w_warehouse_sk", 
                        "warehouse.w_warehouse_id", 
                        "warehouse.w_warehouse_name", 
                        "warehouse.w_warehouse_sq_ft", 
                        "warehouse.w_street_number", 
                        "warehouse.w_street_name", 
                        "warehouse.w_street_type", 
                        "warehouse.w_suite_number", 
                        "warehouse.w_city", 
                        "warehouse.w_county", 
                        "warehouse.w_state", 
                        "warehouse.w_zip", 
                        "warehouse.w_country", 
                        "warehouse.w_gmt_offset"
                       ], 
                       "Parent Relationship": "Inner", 
                       "Schema": "pg_temp_2", 
                       "Index Name": "warehouse_pkey"
                      }
                     ], 
                     "Node Type": "Nested Loop", 
                     "Plan Rows": 1, 
                     "Join Type": "Inner", 
                     "Parallel Aware": false, 
                     "Output": [
                      "catalog_sales.cs_item_sk", 
                      "catalog_sales.cs_bill_cdemo_sk", 
                      "catalog_sales.cs_bill_hdemo_sk", 
                      "catalog_sales.cs_ship_date_sk", 
                      "catalog_sales.cs_promo_sk", 
                      "inventory.inv_item_sk", 
                      "warehouse.w_warehouse_name", 
                      "d1.d_week_seq", 
                      "d1.d_date"
                     ], 
                     "Parent Relationship": "Outer", 
                     "Plan Width": 90, 
                     "Total Cost": 29.7
                    }, 
                    {
                     "Index Cond": "(item.i_item_sk = inventory.inv_item_sk)", 
                     "Startup Cost": 0.14, 
                     "Scan Direction": "Forward", 
                     "Plan Width": 422, 
                     "Node Type": "Index Scan", 
                     "Total Cost": 0.18, 
                     "Plan Rows": 1, 
                     "Relation Name": "item", 
                     "Alias": "item", 
                     "Parallel Aware": false, 
                     "Output": [
                      "item.i_item_sk", 
                      "item.i_item_id", 
                      "item.i_rec_start_date", 
                      "item.i_rec_end_date", 
                      "item.i_item_desc", 
                      "item.i_current_price", 
                      "item.i_wholesale_cost", 
                      "item.i_brand_id", 
                      "item.i_brand", 
                      "item.i_class_id", 
                      "item.i_class", 
                      "item.i_category_id", 
                      "item.i_category", 
                      "item.i_manufact_id", 
                      "item.i_manufact", 
                      "item.i_size", 
                      "item.i_formulation", 
                      "item.i_color", 
                      "item.i_units", 
                      "item.i_container", 
                      "item.i_manager_id", 
                      "item.i_product_name"
                     ], 
                     "Parent Relationship": "Inner", 
                     "Schema": "pg_temp_2", 
                     "Index Name": "item_pkey"
                    }
                   ], 
                   "Node Type": "Nested Loop", 
                   "Plan Rows": 1, 
                   "Join Type": "Inner", 
                   "Parallel Aware": false, 
                   "Output": [
                    "catalog_sales.cs_bill_cdemo_sk", 
                    "catalog_sales.cs_bill_hdemo_sk", 
                    "catalog_sales.cs_ship_date_sk", 
                    "catalog_sales.cs_promo_sk", 
                    "warehouse.w_warehouse_name", 
                    "item.i_item_desc", 
                    "d1.d_week_seq", 
                    "d1.d_date"
                   ], 
                   "Parent Relationship": "Outer", 
                   "Plan Width": 500, 
                   "Join Filter": "(catalog_sales.cs_item_sk = item.i_item_sk)", 
                   "Total Cost": 29.89
                  }, 
                  {
                   "Index Cond": "(customer_demographics.cd_demo_sk = catalog_sales.cs_bill_cdemo_sk)", 
                   "Startup Cost": 0.15, 
                   "Scan Direction": "Forward", 
                   "Plan Width": 4, 
                   "Node Type": "Index Scan", 
                   "Total Cost": 0.34, 
                   "Plan Rows": 1, 
                   "Relation Name": "customer_demographics", 
                   "Alias": "customer_demographics", 
                   "Parallel Aware": false, 
                   "Filter": "(customer_demographics.cd_marital_status = 'M'::bpchar)", 
                   "Output": [
                    "customer_demographics.cd_demo_sk", 
                    "customer_demographics.cd_gender", 
                    "customer_demographics.cd_marital_status", 
                    "customer_demographics.cd_education_status", 
                    "customer_demographics.cd_purchase_estimate", 
                    "customer_demographics.cd_credit_rating", 
                    "customer_demographics.cd_dep_count", 
                    "customer_demographics.cd_dep_employed_count", 
                    "customer_demographics.cd_dep_college_count"
                   ], 
                   "Parent Relationship": "Inner", 
                   "Schema": "pg_temp_2", 
                   "Index Name": "customer_demographics_pkey"
                  }
                 ], 
                 "Node Type": "Nested Loop", 
                 "Plan Rows": 1, 
                 "Join Type": "Inner", 
                 "Parallel Aware": false, 
                 "Output": [
                  "catalog_sales.cs_bill_hdemo_sk", 
                  "catalog_sales.cs_ship_date_sk", 
                  "catalog_sales.cs_promo_sk", 
                  "warehouse.w_warehouse_name", 
                  "item.i_item_desc", 
                  "d1.d_week_seq", 
                  "d1.d_date"
                 ], 
                 "Parent Relationship": "Outer", 
                 "Plan Width": 496, 
                 "Total Cost": 30.24
                }, 
                {
                 "Index Cond": "(household_demographics.hd_demo_sk = catalog_sales.cs_bill_hdemo_sk)", 
                 "Startup Cost": 0.15, 
                 "Scan Direction": "Forward", 
                 "Plan Width": 4, 
                 "Node Type": "Index Scan", 
                 "Total Cost": 0.34, 
                 "Plan Rows": 1, 
                 "Relation Name": "household_demographics", 
                 "Alias": "household_demographics", 
                 "Parallel Aware": false, 
                 "Filter": "(household_demographics.hd_buy_potential = '1001-5000'::bpchar)", 
                 "Output": [
                  "household_demographics.hd_demo_sk", 
                  "household_demographics.hd_income_band_sk", 
                  "household_demographics.hd_buy_potential", 
                  "household_demographics.hd_dep_count", 
                  "household_demographics.hd_vehicle_count"
                 ], 
                 "Parent Relationship": "Inner", 
                 "Schema": "pg_temp_2", 
                 "Index Name": "household_demographics_pkey"
                }
               ], 
               "Node Type": "Nested Loop", 
               "Plan Rows": 1, 
               "Join Type": "Inner", 
               "Parallel Aware": false, 
               "Output": [
                "catalog_sales.cs_ship_date_sk", 
                "catalog_sales.cs_promo_sk", 
                "warehouse.w_warehouse_name", 
                "item.i_item_desc", 
                "d1.d_week_seq", 
                "d1.d_date"
               ], 
               "Parent Relationship": "Outer", 
               "Plan Width": 492, 
               "Total Cost": 30.59
              }, 
              {
               "Index Cond": "(d3.d_date_sk = catalog_sales.cs_ship_date_sk)", 
               "Startup Cost": 0.15, 
               "Scan Direction": "Forward", 
               "Plan Width": 8, 
               "Node Type": "Index Scan", 
               "Total Cost": 0.33, 
               "Plan Rows": 1, 
               "Relation Name": "date_dim", 
               "Alias": "d3", 
               "Parallel Aware": false, 
               "Output": [
                "d3.d_date_sk", 
                "d3.d_date_id", 
                "d3.d_date", 
                "d3.d_month_seq", 
                "d3.d_week_seq", 
                "d3.d_quarter_seq", 
                "d3.d_year", 
                "d3.d_dow", 
                "d3.d_moy", 
                "d3.d_dom", 
                "d3.d_qoy", 
                "d3.d_fy_year", 
                "d3.d_fy_quarter_seq", 
                "d3.d_fy_week_seq", 
                "d3.d_day_name", 
                "d3.d_quarter_name", 
                "d3.d_holiday", 
                "d3.d_weekend", 
                "d3.d_following_holiday", 
                "d3.d_first_dom", 
                "d3.d_last_dom", 
                "d3.d_same_day_ly", 
                "d3.d_same_day_lq", 
                "d3.d_current_day", 
                "d3.d_current_week", 
                "d3.d_current_month", 
                "d3.d_current_quarter", 
                "d3.d_current_year"
               ], 
               "Parent Relationship": "Inner", 
               "Schema": "pg_temp_2", 
               "Index Name": "date_dim_pkey"
              }
             ], 
             "Node Type": "Nested Loop", 
             "Plan Rows": 1, 
             "Join Type": "Inner", 
             "Parallel Aware": false, 
             "Output": [
              "catalog_sales.cs_promo_sk", 
              "warehouse.w_warehouse_name", 
              "item.i_item_desc", 
              "d1.d_week_seq"
             ], 
             "Parent Relationship": "Outer", 
             "Plan Width": 484, 
             "Join Filter": "(d3.d_date > (d1.d_date + 5))", 
             "Total Cost": 30.94
            }, 
            {
             "Index Cond": "(promotion.p_promo_sk = catalog_sales.cs_promo_sk)", 
             "Startup Cost": 0.14, 
             "Scan Direction": "Forward", 
             "Plan Width": 4, 
             "Node Type": "Index Only Scan", 
             "Total Cost": 0.33, 
             "Plan Rows": 1, 
             "Relation Name": "promotion", 
             "Alias": "promotion", 
             "Parallel Aware": false, 
             "Output": [
              "promotion.p_promo_sk"
             ], 
             "Parent Relationship": "Inner", 
             "Schema": "pg_temp_2", 
             "Index Name": "promotion_pkey"
            }
           ], 
           "Node Type": "Nested Loop", 
           "Plan Rows": 1, 
           "Join Type": "Left", 
           "Parallel Aware": false, 
           "Output": [
            "item.i_item_desc", 
            "warehouse.w_warehouse_name", 
            "d1.d_week_seq", 
            "promotion.p_promo_sk"
           ], 
           "Parent Relationship": "Outer", 
           "Plan Width": 484, 
           "Total Cost": 31.28
          }
         ], 
         "Sort Key": [
          "item.i_item_desc", 
          "warehouse.w_warehouse_name", 
          "d1.d_week_seq"
         ], 
         "Node Type": "Sort", 
         "Plan Rows": 1, 
         "Parallel Aware": false, 
         "Output": [
          "item.i_item_desc", 
          "warehouse.w_warehouse_name", 
          "d1.d_week_seq", 
          "promotion.p_promo_sk"
         ], 
         "Parent Relationship": "Outer", 
         "Plan Width": 484, 
         "Total Cost": 31.29
        }
       ], 
       "Group Key": [
        "item.i_item_desc", 
        "warehouse.w_warehouse_name", 
        "d1.d_week_seq"
       ], 
       "Node Type": "Aggregate", 
       "Strategy": "Sorted", 
       "Plan Rows": 1, 
       "Parallel Aware": false, 
       "Output": [
        "item.i_item_desc", 
        "warehouse.w_warehouse_name", 
        "d1.d_week_seq", 
        "sum(CASE WHEN (promotion.p_promo_sk IS NULL) THEN 1 ELSE 0 END)", 
        "sum(CASE WHEN (promotion.p_promo_sk IS NOT NULL) THEN 1 ELSE 0 END)", 
        "count(*)"
       ], 
       "Parent Relationship": "Outer", 
       "Plan Width": 504, 
       "Total Cost": 31.32
      }
     ], 
     "Sort Key": [
      "(count(*)) DESC", 
      "item.i_item_desc", 
      "warehouse.w_warehouse_name", 
      "d1.d_week_seq"
     ], 
     "Node Type": "Sort", 
     "Plan Rows": 1, 
     "Parallel Aware": false, 
     "Output": [
      "item.i_item_desc", 
      "warehouse.w_warehouse_name", 
      "d1.d_week_seq", 
      "(sum(CASE WHEN (promotion.p_promo_sk IS NULL) THEN 1 ELSE 0 END))", 
      "(sum(CASE WHEN (promotion.p_promo_sk IS NOT NULL) THEN 1 ELSE 0 END))", 
      "(count(*))"
     ], 
     "Parent Relationship": "Outer", 
     "Plan Width": 504, 
     "Total Cost": 31.33
    }
   ], 
   "Node Type": "Limit", 
   "Plan Rows": 1, 
   "Parallel Aware": false, 
   "Output": [
    "item.i_item_desc", 
    "warehouse.w_warehouse_name", 
    "d1.d_week_seq", 
    "(sum(CASE WHEN (promotion.p_promo_sk IS NULL) THEN 1 ELSE 0 END))", 
    "(sum(CASE WHEN (promotion.p_promo_sk IS NOT NULL) THEN 1 ELSE 0 END))", 
    "(count(*))"
   ], 
   "Plan Width": 504, 
   "Total Cost": 31.33
  }
 }
]