[
 {
  "Plan": {
   "Startup Cost": 73.98, 
   "Plans": [
    {
     "Startup Cost": 73.98, 
     "Plans": [
      {
       "Startup Cost": 57.8, 
       "Plans": [
        {
         "Startup Cost": 57.66, 
         "Plans": [
          {
           "Startup Cost": 28.9, 
           "Plans": [
            {
             "Partial Mode": "Simple", 
             "Startup Cost": 28.76, 
             "Plans": [
              {
               "Partial Mode": "Simple", 
               "Startup Cost": 28.76, 
               "Plans": [
                {
                 "Startup Cost": 28.76, 
                 "Plans": [
                  {
                   "Hash Cond": "(store_sales.ss_sold_date_sk = date_dim.d_date_sk)", 
                   "Startup Cost": 14.06, 
                   "Plans": [
                    {
                     "Startup Cost": 0.0, 
                     "Plan Width": 26, 
                     "Node Type": "Seq Scan", 
                     "Plan Rows": 340, 
                     "Relation Name": "store_sales", 
                     "Alias": "store_sales", 
                     "Parallel Aware": false, 
                     "Output": [
                      "store_sales.ss_sold_date_sk", 
                      "store_sales.ss_sold_time_sk", 
                      "store_sales.ss_item_sk", 
                      "store_sales.ss_customer_sk", 
                      "store_sales.ss_cdemo_sk", 
                      "store_sales.ss_hdemo_sk", 
                      "store_sales.ss_addr_sk", 
                      "store_sales.ss_store_sk", 
                      "store_sales.ss_promo_sk", 
                      "store_sales.ss_ticket_number", 
                      "store_sales.ss_quantity", 
                      "store_sales.ss_wholesale_cost", 
                      "store_sales.ss_list_price", 
                      "store_sales.ss_sales_price", 
                      "store_sales.ss_ext_discount_amt", 
                      "store_sales.ss_ext_sales_price", 
                      "store_sales.ss_ext_wholesale_cost", 
                      "store_sales.ss_ext_list_price", 
                      "store_sales.ss_ext_tax", 
                      "store_sales.ss_coupon_amt", 
                      "store_sales.ss_net_paid", 
                      "store_sales.ss_net_paid_inc_tax", 
                      "store_sales.ss_net_profit"
                     ], 
                     "Parent Relationship": "Outer", 
                     "Total Cost": 13.4, 
                     "Schema": "pg_temp_2"
                    }, 
                    {
                     "Startup Cost": 14.05, 
                     "Plans": [
                      {
                       "Filter": "((date_dim.d_month_seq >= 1176) AND (date_dim.d_month_seq <= 1187))", 
                       "Startup Cost": 0.0, 
                       "Plan Width": 4, 
                       "Node Type": "Seq Scan", 
                       "Plan Rows": 1, 
                       "Relation Name": "date_dim", 
                       "Alias": "date_dim", 
                       "Parallel Aware": false, 
                       "Output": [
                        "date_dim.d_date_sk"
                       ], 
                       "Parent Relationship": "Outer", 
                       "Total Cost": 14.05, 
                       "Schema": "pg_temp_2"
                      }
                     ], 
                     "Node Type": "Hash", 
                     "Plan Rows": 1, 
                     "Parallel Aware": false, 
                     "Output": [
                      "date_dim.d_date_sk"
                     ], 
                     "Parent Relationship": "Inner", 
                     "Plan Width": 4, 
                     "Total Cost": 14.05
                    }
                   ], 
                   "Node Type": "Hash Join", 
                   "Plan Rows": 1, 
                   "Join Type": "Inner", 
                   "Parallel Aware": false, 
                   "Output": [
                    "store_sales.ss_store_sk", 
                    "store_sales.ss_item_sk", 
                    "store_sales.ss_sales_price"
                   ], 
                   "Parent Relationship": "Outer", 
                   "Plan Width": 22, 
                   "Total Cost": 28.75
                  }
                 ], 
                 "Sort Key": [
                  "store_sales.ss_store_sk", 
                  "store_sales.ss_item_sk"
                 ], 
                 "Node Type": "Sort", 
                 "Plan Rows": 1, 
                 "Parallel Aware": false, 
                 "Output": [
                  "store_sales.ss_store_sk", 
                  "store_sales.ss_item_sk", 
                  "store_sales.ss_sales_price"
                 ], 
                 "Parent Relationship": "Outer", 
                 "Plan Width": 22, 
                 "Total Cost": 28.76
                }
               ], 
               "Group Key": [
                "store_sales.ss_store_sk", 
                "store_sales.ss_item_sk"
               ], 
               "Node Type": "Aggregate", 
               "Strategy": "Sorted", 
               "Plan Rows": 1, 
               "Parallel Aware": false, 
               "Output": [
                "store_sales.ss_store_sk", 
                "store_sales.ss_item_sk", 
                "sum(store_sales.ss_sales_price)"
               ], 
               "Parent Relationship": "Outer", 
               "Plan Width": 40, 
               "Total Cost": 28.78
              }
             ], 
             "Group Key": [
              "store_sales.ss_store_sk"
             ], 
             "Node Type": "Aggregate", 
             "Strategy": "Sorted", 
             "Plan Rows": 1, 
             "Parallel Aware": false, 
             "Output": [
              "store_sales.ss_store_sk", 
              "avg((sum(store_sales.ss_sales_price)))"
             ], 
             "Parent Relationship": "Outer", 
             "Plan Width": 36, 
             "Total Cost": 28.81
            }, 
            {
             "Index Cond": "(store.s_store_sk = store_sales.ss_store_sk)", 
             "Startup Cost": 0.14, 
             "Scan Direction": "Forward", 
             "Plan Width": 122, 
             "Node Type": "Index Scan", 
             "Total Cost": 8.16, 
             "Plan Rows": 1, 
             "Relation Name": "store", 
             "Alias": "store", 
             "Parallel Aware": false, 
             "Output": [
              "store.s_store_sk", 
              "store.s_store_id", 
              "store.s_rec_start_date", 
              "store.s_rec_end_date", 
              "store.s_closed_date_sk", 
              "store.s_store_name", 
              "store.s_number_employees", 
              "store.s_floor_space", 
              "store.s_hours", 
              "store.s_manager", 
              "store.s_market_id", 
              "store.s_geography_class", 
              "store.s_market_desc", 
              "store.s_market_manager", 
              "store.s_division_id", 
              "store.s_division_name", 
              "store.s_company_id", 
              "store.s_company_name", 
              "store.s_street_number", 
              "store.s_street_name", 
              "store.s_street_type", 
              "store.s_suite_number", 
              "store.s_city", 
              "store.s_county", 
              "store.s_state", 
              "store.s_zip", 
              "store.s_country", 
              "store.s_gmt_offset", 
              "store.s_tax_precentage"
             ], 
             "Parent Relationship": "Inner", 
             "Schema": "pg_temp_2", 
             "Index Name": "store_pkey"
            }
           ], 
           "Node Type": "Nested Loop", 
           "Plan Rows": 1, 
           "Join Type": "Inner", 
           "Parallel Aware": false, 
           "Output": [
            "store.s_store_name", 
            "store.s_store_sk", 
            "store_sales.ss_store_sk", 
            "(avg((sum(store_sales.ss_sales_price))))"
           ], 
           "Parent Relationship": "Outer", 
           "Plan Width": 158, 
           "Total Cost": 36.99
          }, 
          {
           "Partial Mode": "Simple", 
           "Startup Cost": 28.76, 
           "Plans": [
            {
             "Startup Cost": 28.76, 
             "Plans": [
              {
               "Hash Cond": "(store_sales_1.ss_sold_date_sk = date_dim_1.d_date_sk)", 
               "Startup Cost": 14.06, 
               "Plans": [
                {
                 "Startup Cost": 0.0, 
                 "Plan Width": 26, 
                 "Node Type": "Seq Scan", 
                 "Plan Rows": 340, 
                 "Relation Name": "store_sales", 
                 "Alias": "store_sales_1", 
                 "Parallel Aware": false, 
                 "Output": [
                  "store_sales_1.ss_sold_date_sk", 
                  "store_sales_1.ss_sold_time_sk", 
                  "store_sales_1.ss_item_sk", 
                  "store_sales_1.ss_customer_sk", 
                  "store_sales_1.ss_cdemo_sk", 
                  "store_sales_1.ss_hdemo_sk", 
                  "store_sales_1.ss_addr_sk", 
                  "store_sales_1.ss_store_sk", 
                  "store_sales_1.ss_promo_sk", 
                  "store_sales_1.ss_ticket_number", 
                  "store_sales_1.ss_quantity", 
                  "store_sales_1.ss_wholesale_cost", 
                  "store_sales_1.ss_list_price", 
                  "store_sales_1.ss_sales_price", 
                  "store_sales_1.ss_ext_discount_amt", 
                  "store_sales_1.ss_ext_sales_price", 
                  "store_sales_1.ss_ext_wholesale_cost", 
                  "store_sales_1.ss_ext_list_price", 
                  "store_sales_1.ss_ext_tax", 
                  "store_sales_1.ss_coupon_amt", 
                  "store_sales_1.ss_net_paid", 
                  "store_sales_1.ss_net_paid_inc_tax", 
                  "store_sales_1.ss_net_profit"
                 ], 
                 "Parent Relationship": "Outer", 
                 "Total Cost": 13.4, 
                 "Schema": "pg_temp_2"
                }, 
                {
                 "Startup Cost": 14.05, 
                 "Plans": [
                  {
                   "Filter": "((date_dim_1.d_month_seq >= 1176) AND (date_dim_1.d_month_seq <= 1187))", 
                   "Startup Cost": 0.0, 
                   "Plan Width": 4, 
                   "Node Type": "Seq Scan", 
                   "Plan Rows": 1, 
                   "Relation Name": "date_dim", 
                   "Alias": "date_dim_1", 
                   "Parallel Aware": false, 
                   "Output": [
                    "date_dim_1.d_date_sk"
                   ], 
                   "Parent Relationship": "Outer", 
                   "Total Cost": 14.05, 
                   "Schema": "pg_temp_2"
                  }
                 ], 
                 "Node Type": "Hash", 
                 "Plan Rows": 1, 
                 "Parallel Aware": false, 
                 "Output": [
                  "date_dim_1.d_date_sk"
                 ], 
                 "Parent Relationship": "Inner", 
                 "Plan Width": 4, 
                 "Total Cost": 14.05
                }
               ], 
               "Node Type": "Hash Join", 
               "Plan Rows": 1, 
               "Join Type": "Inner", 
               "Parallel Aware": false, 
               "Output": [
                "store_sales_1.ss_store_sk", 
                "store_sales_1.ss_item_sk", 
                "store_sales_1.ss_sales_price"
               ], 
               "Parent Relationship": "Outer", 
               "Plan Width": 22, 
               "Total Cost": 28.75
              }
             ], 
             "Sort Key": [
              "store_sales_1.ss_store_sk", 
              "store_sales_1.ss_item_sk"
             ], 
             "Node Type": "Sort", 
             "Plan Rows": 1, 
             "Parallel Aware": false, 
             "Output": [
              "store_sales_1.ss_store_sk", 
              "store_sales_1.ss_item_sk", 
              "store_sales_1.ss_sales_price"
             ], 
             "Parent Relationship": "Outer", 
             "Plan Width": 22, 
             "Total Cost": 28.76
            }
           ], 
           "Group Key": [
            "store_sales_1.ss_store_sk", 
            "store_sales_1.ss_item_sk"
           ], 
           "Node Type": "Aggregate", 
           "Strategy": "Sorted", 
           "Plan Rows": 1, 
           "Parallel Aware": false, 
           "Output": [
            "store_sales_1.ss_store_sk", 
            "store_sales_1.ss_item_sk", 
            "sum(store_sales_1.ss_sales_price)"
           ], 
           "Parent Relationship": "Inner", 
           "Plan Width": 40, 
           "Total Cost": 28.78
          }
         ], 
         "Node Type": "Nested Loop", 
         "Plan Rows": 1, 
         "Join Type": "Inner", 
         "Parallel Aware": false, 
         "Output": [
          "store.s_store_name", 
          "(sum(store_sales_1.ss_sales_price))", 
          "store_sales_1.ss_item_sk"
         ], 
         "Parent Relationship": "Outer", 
         "Plan Width": 154, 
         "Join Filter": "((store_sales.ss_store_sk = store_sales_1.ss_store_sk) AND ((sum(store_sales_1.ss_sales_price)) <= (0.1 * (avg((sum(store_sales.ss_sales_price)))))))", 
         "Total Cost": 65.8
        }, 
        {
         "Index Cond": "(item.i_item_sk = store_sales_1.ss_item_sk)", 
         "Startup Cost": 0.14, 
         "Scan Direction": "Forward", 
         "Plan Width": 654, 
         "Node Type": "Index Scan", 
         "Total Cost": 8.16, 
         "Plan Rows": 1, 
         "Relation Name": "item", 
         "Alias": "item", 
         "Parallel Aware": false, 
         "Output": [
          "item.i_item_sk", 
          "item.i_item_id", 
          "item.i_rec_start_date", 
          "item.i_rec_end_date", 
          "item.i_item_desc", 
          "item.i_current_price", 
          "item.i_wholesale_cost", 
          "item.i_brand_id", 
          "item.i_brand", 
          "item.i_class_id", 
          "item.i_class", 
          "item.i_category_id", 
          "item.i_category", 
          "item.i_manufact_id", 
          "item.i_manufact", 
          "item.i_size", 
          "item.i_formulation", 
          "item.i_color", 
          "item.i_units", 
          "item.i_container", 
          "item.i_manager_id", 
          "item.i_product_name"
         ], 
         "Parent Relationship": "Inner", 
         "Schema": "pg_temp_2", 
         "Index Name": "item_pkey"
        }
       ], 
       "Node Type": "Nested Loop", 
       "Plan Rows": 1, 
       "Join Type": "Inner", 
       "Parallel Aware": false, 
       "Output": [
        "store.s_store_name", 
        "item.i_item_desc", 
        "(sum(store_sales_1.ss_sales_price))", 
        "item.i_current_price", 
        "item.i_wholesale_cost", 
        "item.i_brand"
       ], 
       "Parent Relationship": "Outer", 
       "Plan Width": 800, 
       "Total Cost": 73.97
      }
     ], 
     "Sort Key": [
      "store.s_store_name", 
      "item.i_item_desc"
     ], 
     "Node Type": "Sort", 
     "Plan Rows": 1, 
     "Parallel Aware": false, 
     "Output": [
      "store.s_store_name", 
      "item.i_item_desc", 
      "(sum(store_sales_1.ss_sales_price))", 
      "item.i_current_price", 
      "item.i_wholesale_cost", 
      "item.i_brand"
     ], 
     "Parent Relationship": "Outer", 
     "Plan Width": 800, 
     "Total Cost": 73.98
    }
   ], 
   "Node Type": "Limit", 
   "Plan Rows": 1, 
   "Parallel Aware": false, 
   "Output": [
    "store.s_store_name", 
    "item.i_item_desc", 
    "(sum(store_sales_1.ss_sales_price))", 
    "item.i_current_price", 
    "item.i_wholesale_cost", 
    "item.i_brand"
   ], 
   "Plan Width": 800, 
   "Total Cost": 73.98
  }
 }
]