[
 {
  "Plan": {
   "Startup Cost": 27.9, 
   "Plans": [
    {
     "Partial Mode": "Simple", 
     "Startup Cost": 27.9, 
     "Plans": [
      {
       "Startup Cost": 27.9, 
       "Plans": [
        {
         "Startup Cost": 12.11, 
         "Plans": [
          {
           "Startup Cost": 11.96, 
           "Plans": [
            {
             "Startup Cost": 11.82, 
             "Plans": [
              {
               "Hash Cond": "(store_sales.ss_promo_sk = promotion.p_promo_sk)", 
               "Startup Cost": 11.68, 
               "Plans": [
                {
                 "Startup Cost": 0.0, 
                 "Plan Width": 62, 
                 "Node Type": "Seq Scan", 
                 "Plan Rows": 340, 
                 "Relation Name": "store_sales", 
                 "Alias": "store_sales", 
                 "Parallel Aware": false, 
                 "Output": [
                  "store_sales.ss_sold_date_sk", 
                  "store_sales.ss_sold_time_sk", 
                  "store_sales.ss_item_sk", 
                  "store_sales.ss_customer_sk", 
                  "store_sales.ss_cdemo_sk", 
                  "store_sales.ss_hdemo_sk", 
                  "store_sales.ss_addr_sk", 
                  "store_sales.ss_store_sk", 
                  "store_sales.ss_promo_sk", 
                  "store_sales.ss_ticket_number", 
                  "store_sales.ss_quantity", 
                  "store_sales.ss_wholesale_cost", 
                  "store_sales.ss_list_price", 
                  "store_sales.ss_sales_price", 
                  "store_sales.ss_ext_discount_amt", 
                  "store_sales.ss_ext_sales_price", 
                  "store_sales.ss_ext_wholesale_cost", 
                  "store_sales.ss_ext_list_price", 
                  "store_sales.ss_ext_tax", 
                  "store_sales.ss_coupon_amt", 
                  "store_sales.ss_net_paid", 
                  "store_sales.ss_net_paid_inc_tax", 
                  "store_sales.ss_net_profit"
                 ], 
                 "Parent Relationship": "Outer", 
                 "Total Cost": 13.4, 
                 "Schema": "pg_temp_2"
                }, 
                {
                 "Startup Cost": 11.65, 
                 "Plans": [
                  {
                   "Filter": "((promotion.p_channel_email = 'N'::bpchar) OR (promotion.p_channel_event = 'N'::bpchar))", 
                   "Startup Cost": 0.0, 
                   "Plan Width": 4, 
                   "Node Type": "Seq Scan", 
                   "Plan Rows": 2, 
                   "Relation Name": "promotion", 
                   "Alias": "promotion", 
                   "Parallel Aware": false, 
                   "Output": [
                    "promotion.p_promo_sk"
                   ], 
                   "Parent Relationship": "Outer", 
                   "Total Cost": 11.65, 
                   "Schema": "pg_temp_2"
                  }
                 ], 
                 "Node Type": "Hash", 
                 "Plan Rows": 2, 
                 "Parallel Aware": false, 
                 "Output": [
                  "promotion.p_promo_sk"
                 ], 
                 "Parent Relationship": "Inner", 
                 "Plan Width": 4, 
                 "Total Cost": 11.65
                }
               ], 
               "Node Type": "Hash Join", 
               "Plan Rows": 3, 
               "Join Type": "Inner", 
               "Parallel Aware": false, 
               "Output": [
                "store_sales.ss_quantity", 
                "store_sales.ss_list_price", 
                "store_sales.ss_coupon_amt", 
                "store_sales.ss_sales_price", 
                "store_sales.ss_sold_date_sk", 
                "store_sales.ss_item_sk", 
                "store_sales.ss_cdemo_sk"
               ], 
               "Parent Relationship": "Outer", 
               "Plan Width": 58, 
               "Total Cost": 26.38
              }, 
              {
               "Index Cond": "(item.i_item_sk = store_sales.ss_item_sk)", 
               "Startup Cost": 0.14, 
               "Scan Direction": "Forward", 
               "Plan Width": 72, 
               "Node Type": "Index Scan", 
               "Total Cost": 0.29, 
               "Plan Rows": 1, 
               "Relation Name": "item", 
               "Alias": "item", 
               "Parallel Aware": false, 
               "Output": [
                "item.i_item_sk", 
                "item.i_item_id", 
                "item.i_rec_start_date", 
                "item.i_rec_end_date", 
                "item.i_item_desc", 
                "item.i_current_price", 
                "item.i_wholesale_cost", 
                "item.i_brand_id", 
                "item.i_brand", 
                "item.i_class_id", 
                "item.i_class", 
                "item.i_category_id", 
                "item.i_category", 
                "item.i_manufact_id", 
                "item.i_manufact", 
                "item.i_size", 
                "item.i_formulation", 
                "item.i_color", 
                "item.i_units", 
                "item.i_container", 
                "item.i_manager_id", 
                "item.i_product_name"
               ], 
               "Parent Relationship": "Inner", 
               "Schema": "pg_temp_2", 
               "Index Name": "item_pkey"
              }
             ], 
             "Node Type": "Nested Loop", 
             "Plan Rows": 1, 
             "Join Type": "Inner", 
             "Parallel Aware": false, 
             "Output": [
              "store_sales.ss_quantity", 
              "store_sales.ss_list_price", 
              "store_sales.ss_coupon_amt", 
              "store_sales.ss_sales_price", 
              "store_sales.ss_sold_date_sk", 
              "store_sales.ss_cdemo_sk", 
              "item.i_item_id"
             ], 
             "Parent Relationship": "Outer", 
             "Plan Width": 122, 
             "Total Cost": 27.27
            }, 
            {
             "Index Cond": "(customer_demographics.cd_demo_sk = store_sales.ss_cdemo_sk)", 
             "Startup Cost": 0.15, 
             "Scan Direction": "Forward", 
             "Plan Width": 4, 
             "Node Type": "Index Scan", 
             "Total Cost": 0.3, 
             "Plan Rows": 1, 
             "Relation Name": "customer_demographics", 
             "Alias": "customer_demographics", 
             "Parallel Aware": false, 
             "Filter": "((customer_demographics.cd_gender = 'F'::bpchar) AND (customer_demographics.cd_marital_status = 'S'::bpchar) AND (customer_demographics.cd_education_status = 'Secondary'::bpchar))", 
             "Output": [
              "customer_demographics.cd_demo_sk", 
              "customer_demographics.cd_gender", 
              "customer_demographics.cd_marital_status", 
              "customer_demographics.cd_education_status", 
              "customer_demographics.cd_purchase_estimate", 
              "customer_demographics.cd_credit_rating", 
              "customer_demographics.cd_dep_count", 
              "customer_demographics.cd_dep_employed_count", 
              "customer_demographics.cd_dep_college_count"
             ], 
             "Parent Relationship": "Inner", 
             "Schema": "pg_temp_2", 
             "Index Name": "customer_demographics_pkey"
            }
           ], 
           "Node Type": "Nested Loop", 
           "Plan Rows": 1, 
           "Join Type": "Inner", 
           "Parallel Aware": false, 
           "Output": [
            "store_sales.ss_quantity", 
            "store_sales.ss_list_price", 
            "store_sales.ss_coupon_amt", 
            "store_sales.ss_sales_price", 
            "store_sales.ss_sold_date_sk", 
            "item.i_item_id"
           ], 
           "Parent Relationship": "Outer", 
           "Plan Width": 118, 
           "Total Cost": 27.58
          }, 
          {
           "Index Cond": "(date_dim.d_date_sk = store_sales.ss_sold_date_sk)", 
           "Startup Cost": 0.15, 
           "Scan Direction": "Forward", 
           "Plan Width": 4, 
           "Node Type": "Index Scan", 
           "Total Cost": 0.3, 
           "Plan Rows": 1, 
           "Relation Name": "date_dim", 
           "Alias": "date_dim", 
           "Parallel Aware": false, 
           "Filter": "(date_dim.d_year = 1998)", 
           "Output": [
            "date_dim.d_date_sk", 
            "date_dim.d_date_id", 
            "date_dim.d_date", 
            "date_dim.d_month_seq", 
            "date_dim.d_week_seq", 
            "date_dim.d_quarter_seq", 
            "date_dim.d_year", 
            "date_dim.d_dow", 
            "date_dim.d_moy", 
            "date_dim.d_dom", 
            "date_dim.d_qoy", 
            "date_dim.d_fy_year", 
            "date_dim.d_fy_quarter_seq", 
            "date_dim.d_fy_week_seq", 
            "date_dim.d_day_name", 
            "date_dim.d_quarter_name", 
            "date_dim.d_holiday", 
            "date_dim.d_weekend", 
            "date_dim.d_following_holiday", 
            "date_dim.d_first_dom", 
            "date_dim.d_last_dom", 
            "date_dim.d_same_day_ly", 
            "date_dim.d_same_day_lq", 
            "date_dim.d_current_day", 
            "date_dim.d_current_week", 
            "date_dim.d_current_month", 
            "date_dim.d_current_quarter", 
            "date_dim.d_current_year"
           ], 
           "Parent Relationship": "Inner", 
           "Schema": "pg_temp_2", 
           "Index Name": "date_dim_pkey"
          }
         ], 
         "Node Type": "Nested Loop", 
         "Plan Rows": 1, 
         "Join Type": "Inner", 
         "Parallel Aware": false, 
         "Output": [
          "item.i_item_id", 
          "store_sales.ss_quantity", 
          "store_sales.ss_list_price", 
          "store_sales.ss_coupon_amt", 
          "store_sales.ss_sales_price"
         ], 
         "Parent Relationship": "Outer", 
         "Plan Width": 114, 
         "Total Cost": 27.89
        }
       ], 
       "Sort Key": [
        "item.i_item_id"
       ], 
       "Node Type": "Sort", 
       "Plan Rows": 1, 
       "Parallel Aware": false, 
       "Output": [
        "item.i_item_id", 
        "store_sales.ss_quantity", 
        "store_sales.ss_list_price", 
        "store_sales.ss_coupon_amt", 
        "store_sales.ss_sales_price"
       ], 
       "Parent Relationship": "Outer", 
       "Plan Width": 114, 
       "Total Cost": 27.9
      }
     ], 
     "Group Key": [
      "item.i_item_id"
     ], 
     "Node Type": "Aggregate", 
     "Strategy": "Sorted", 
     "Plan Rows": 1, 
     "Parallel Aware": false, 
     "Output": [
      "item.i_item_id", 
      "avg(store_sales.ss_quantity)", 
      "avg(store_sales.ss_list_price)", 
      "avg(store_sales.ss_coupon_amt)", 
      "avg(store_sales.ss_sales_price)"
     ], 
     "Parent Relationship": "Outer", 
     "Plan Width": 196, 
     "Total Cost": 27.94
    }
   ], 
   "Node Type": "Limit", 
   "Plan Rows": 1, 
   "Parallel Aware": false, 
   "Output": [
    "item.i_item_id", 
    "(avg(store_sales.ss_quantity))", 
    "(avg(store_sales.ss_list_price))", 
    "(avg(store_sales.ss_coupon_amt))", 
    "(avg(store_sales.ss_sales_price))"
   ], 
   "Plan Width": 196, 
   "Total Cost": 27.94
  }
 }
]