[
 {
  "Plan": {
   "Startup Cost": 88.1, 
   "Plans": [
    {
     "Partial Mode": "Simple", 
     "Startup Cost": 88.1, 
     "Plans": [
      {
       "Startup Cost": 88.1, 
       "Plans": [
        {
         "Startup Cost": 13.57, 
         "Plans": [
          {
           "Startup Cost": 13.57, 
           "Plans": [
            {
             "Hash Cond": "(item.i_item_sk = store_sales.ss_item_sk)", 
             "Startup Cost": 13.43, 
             "Plans": [
              {
               "Startup Cost": 0.0, 
               "Plan Width": 208, 
               "Node Type": "Seq Scan", 
               "Plan Rows": 40, 
               "Relation Name": "item", 
               "Alias": "item", 
               "Parallel Aware": false, 
               "Output": [
                "item.i_item_sk", 
                "item.i_item_id", 
                "item.i_rec_start_date", 
                "item.i_rec_end_date", 
                "item.i_item_desc", 
                "item.i_current_price", 
                "item.i_wholesale_cost", 
                "item.i_brand_id", 
                "item.i_brand", 
                "item.i_class_id", 
                "item.i_class", 
                "item.i_category_id", 
                "item.i_category", 
                "item.i_manufact_id", 
                "item.i_manufact", 
                "item.i_size", 
                "item.i_formulation", 
                "item.i_color", 
                "item.i_units", 
                "item.i_container", 
                "item.i_manager_id", 
                "item.i_product_name"
               ], 
               "Parent Relationship": "Outer", 
               "Total Cost": 10.4, 
               "Schema": "pg_temp_2"
              }, 
              {
               "Startup Cost": 13.4, 
               "Plans": [
                {
                 "Filter": "(store_sales.ss_customer_sk IS NULL)", 
                 "Startup Cost": 0.0, 
                 "Plan Width": 22, 
                 "Node Type": "Seq Scan", 
                 "Plan Rows": 2, 
                 "Relation Name": "store_sales", 
                 "Alias": "store_sales", 
                 "Parallel Aware": false, 
                 "Output": [
                  "store_sales.ss_ext_sales_price", 
                  "store_sales.ss_sold_date_sk", 
                  "store_sales.ss_item_sk"
                 ], 
                 "Parent Relationship": "Outer", 
                 "Total Cost": 13.4, 
                 "Schema": "pg_temp_2"
                }
               ], 
               "Node Type": "Hash", 
               "Plan Rows": 2, 
               "Parallel Aware": false, 
               "Output": [
                "store_sales.ss_ext_sales_price", 
                "store_sales.ss_sold_date_sk", 
                "store_sales.ss_item_sk"
               ], 
               "Parent Relationship": "Inner", 
               "Plan Width": 22, 
               "Total Cost": 13.4
              }
             ], 
             "Node Type": "Hash Join", 
             "Plan Rows": 1, 
             "Join Type": "Inner", 
             "Parallel Aware": false, 
             "Output": [
              "store_sales.ss_ext_sales_price", 
              "store_sales.ss_sold_date_sk", 
              "item.i_category"
             ], 
             "Parent Relationship": "Outer", 
             "Plan Width": 222, 
             "Total Cost": 23.98
            }, 
            {
             "Index Cond": "(date_dim.d_date_sk = store_sales.ss_sold_date_sk)", 
             "Startup Cost": 0.15, 
             "Scan Direction": "Forward", 
             "Plan Width": 12, 
             "Node Type": "Index Scan", 
             "Total Cost": 6.17, 
             "Plan Rows": 1, 
             "Relation Name": "date_dim", 
             "Alias": "date_dim", 
             "Parallel Aware": false, 
             "Output": [
              "date_dim.d_date_sk", 
              "date_dim.d_date_id", 
              "date_dim.d_date", 
              "date_dim.d_month_seq", 
              "date_dim.d_week_seq", 
              "date_dim.d_quarter_seq", 
              "date_dim.d_year", 
              "date_dim.d_dow", 
              "date_dim.d_moy", 
              "date_dim.d_dom", 
              "date_dim.d_qoy", 
              "date_dim.d_fy_year", 
              "date_dim.d_fy_quarter_seq", 
              "date_dim.d_fy_week_seq", 
              "date_dim.d_day_name", 
              "date_dim.d_quarter_name", 
              "date_dim.d_holiday", 
              "date_dim.d_weekend", 
              "date_dim.d_following_holiday", 
              "date_dim.d_first_dom", 
              "date_dim.d_last_dom", 
              "date_dim.d_same_day_ly", 
              "date_dim.d_same_day_lq", 
              "date_dim.d_current_day", 
              "date_dim.d_current_week", 
              "date_dim.d_current_month", 
              "date_dim.d_current_quarter", 
              "date_dim.d_current_year"
             ], 
             "Parent Relationship": "Inner", 
             "Schema": "pg_temp_2", 
             "Index Name": "date_dim_pkey"
            }
           ], 
           "Node Type": "Nested Loop", 
           "Plan Rows": 1, 
           "Join Type": "Inner", 
           "Parallel Aware": false, 
           "Output": [
            "'store'::text", 
            "'ss_customer_sk'::text", 
            "date_dim.d_year", 
            "date_dim.d_qoy", 
            "item.i_category", 
            "store_sales.ss_ext_sales_price"
           ], 
           "Parent Relationship": "Member", 
           "Plan Width": 290, 
           "Total Cost": 30.16
          }, 
          {
           "Startup Cost": 0.29, 
           "Plans": [
            {
             "Startup Cost": 0.14, 
             "Plans": [
              {
               "Filter": "(web_sales.ws_ship_customer_sk IS NULL)", 
               "Startup Cost": 0.0, 
               "Plan Width": 22, 
               "Node Type": "Seq Scan", 
               "Plan Rows": 1, 
               "Relation Name": "web_sales", 
               "Alias": "web_sales", 
               "Parallel Aware": false, 
               "Output": [
                "web_sales.ws_sold_date_sk", 
                "web_sales.ws_sold_time_sk", 
                "web_sales.ws_ship_date_sk", 
                "web_sales.ws_item_sk", 
                "web_sales.ws_bill_customer_sk", 
                "web_sales.ws_bill_cdemo_sk", 
                "web_sales.ws_bill_hdemo_sk", 
                "web_sales.ws_bill_addr_sk", 
                "web_sales.ws_ship_customer_sk", 
                "web_sales.ws_ship_cdemo_sk", 
                "web_sales.ws_ship_hdemo_sk", 
                "web_sales.ws_ship_addr_sk", 
                "web_sales.ws_web_page_sk", 
                "web_sales.ws_web_site_sk", 
                "web_sales.ws_ship_mode_sk", 
                "web_sales.ws_warehouse_sk", 
                "web_sales.ws_promo_sk", 
                "web_sales.ws_order_number", 
                "web_sales.ws_quantity", 
                "web_sales.ws_wholesale_cost", 
                "web_sales.ws_list_price", 
                "web_sales.ws_sales_price", 
                "web_sales.ws_ext_discount_amt", 
                "web_sales.ws_ext_sales_price", 
                "web_sales.ws_ext_wholesale_cost", 
                "web_sales.ws_ext_list_price", 
                "web_sales.ws_ext_tax", 
                "web_sales.ws_coupon_amt", 
                "web_sales.ws_ext_ship_cost", 
                "web_sales.ws_net_paid", 
                "web_sales.ws_net_paid_inc_tax", 
                "web_sales.ws_net_paid_inc_ship", 
                "web_sales.ws_net_paid_inc_ship_tax", 
                "web_sales.ws_net_profit"
               ], 
               "Parent Relationship": "Outer", 
               "Total Cost": 12.6, 
               "Schema": "pg_temp_2"
              }, 
              {
               "Index Cond": "(item_1.i_item_sk = web_sales.ws_item_sk)", 
               "Startup Cost": 0.14, 
               "Scan Direction": "Forward", 
               "Plan Width": 208, 
               "Node Type": "Index Scan", 
               "Total Cost": 8.16, 
               "Plan Rows": 1, 
               "Relation Name": "item", 
               "Alias": "item_1", 
               "Parallel Aware": false, 
               "Output": [
                "item_1.i_item_sk", 
                "item_1.i_item_id", 
                "item_1.i_rec_start_date", 
                "item_1.i_rec_end_date", 
                "item_1.i_item_desc", 
                "item_1.i_current_price", 
                "item_1.i_wholesale_cost", 
                "item_1.i_brand_id", 
                "item_1.i_brand", 
                "item_1.i_class_id", 
                "item_1.i_class", 
                "item_1.i_category_id", 
                "item_1.i_category", 
                "item_1.i_manufact_id", 
                "item_1.i_manufact", 
                "item_1.i_size", 
                "item_1.i_formulation", 
                "item_1.i_color", 
                "item_1.i_units", 
                "item_1.i_container", 
                "item_1.i_manager_id", 
                "item_1.i_product_name"
               ], 
               "Parent Relationship": "Inner", 
               "Schema": "pg_temp_2", 
               "Index Name": "item_pkey"
              }
             ], 
             "Node Type": "Nested Loop", 
             "Plan Rows": 1, 
             "Join Type": "Inner", 
             "Parallel Aware": false, 
             "Output": [
              "web_sales.ws_ext_sales_price", 
              "web_sales.ws_sold_date_sk", 
              "item_1.i_category"
             ], 
             "Parent Relationship": "Outer", 
             "Plan Width": 222, 
             "Total Cost": 20.77
            }, 
            {
             "Index Cond": "(date_dim_1.d_date_sk = web_sales.ws_sold_date_sk)", 
             "Startup Cost": 0.15, 
             "Scan Direction": "Forward", 
             "Plan Width": 12, 
             "Node Type": "Index Scan", 
             "Total Cost": 8.17, 
             "Plan Rows": 1, 
             "Relation Name": "date_dim", 
             "Alias": "date_dim_1", 
             "Parallel Aware": false, 
             "Output": [
              "date_dim_1.d_date_sk", 
              "date_dim_1.d_date_id", 
              "date_dim_1.d_date", 
              "date_dim_1.d_month_seq", 
              "date_dim_1.d_week_seq", 
              "date_dim_1.d_quarter_seq", 
              "date_dim_1.d_year", 
              "date_dim_1.d_dow", 
              "date_dim_1.d_moy", 
              "date_dim_1.d_dom", 
              "date_dim_1.d_qoy", 
              "date_dim_1.d_fy_year", 
              "date_dim_1.d_fy_quarter_seq", 
              "date_dim_1.d_fy_week_seq", 
              "date_dim_1.d_day_name", 
              "date_dim_1.d_quarter_name", 
              "date_dim_1.d_holiday", 
              "date_dim_1.d_weekend", 
              "date_dim_1.d_following_holiday", 
              "date_dim_1.d_first_dom", 
              "date_dim_1.d_last_dom", 
              "date_dim_1.d_same_day_ly", 
              "date_dim_1.d_same_day_lq", 
              "date_dim_1.d_current_day", 
              "date_dim_1.d_current_week", 
              "date_dim_1.d_current_month", 
              "date_dim_1.d_current_quarter", 
              "date_dim_1.d_current_year"
             ], 
             "Parent Relationship": "Inner", 
             "Schema": "pg_temp_2", 
             "Index Name": "date_dim_pkey"
            }
           ], 
           "Node Type": "Nested Loop", 
           "Plan Rows": 1, 
           "Join Type": "Inner", 
           "Parallel Aware": false, 
           "Output": [
            "'web'::text", 
            "'ws_ship_customer_sk'::text", 
            "date_dim_1.d_year", 
            "date_dim_1.d_qoy", 
            "item_1.i_category", 
            "web_sales.ws_ext_sales_price"
           ], 
           "Parent Relationship": "Member", 
           "Plan Width": 290, 
           "Total Cost": 28.94
          }, 
          {
           "Startup Cost": 0.29, 
           "Plans": [
            {
             "Startup Cost": 0.14, 
             "Plans": [
              {
               "Filter": "(catalog_sales.cs_ship_addr_sk IS NULL)", 
               "Startup Cost": 0.0, 
               "Plan Width": 22, 
               "Node Type": "Seq Scan", 
               "Plan Rows": 1, 
               "Relation Name": "catalog_sales", 
               "Alias": "catalog_sales", 
               "Parallel Aware": false, 
               "Output": [
                "catalog_sales.cs_sold_date_sk", 
                "catalog_sales.cs_sold_time_sk", 
                "catalog_sales.cs_ship_date_sk", 
                "catalog_sales.cs_bill_customer_sk", 
                "catalog_sales.cs_bill_cdemo_sk", 
                "catalog_sales.cs_bill_hdemo_sk", 
                "catalog_sales.cs_bill_addr_sk", 
                "catalog_sales.cs_ship_customer_sk", 
                "catalog_sales.cs_ship_cdemo_sk", 
                "catalog_sales.cs_ship_hdemo_sk", 
                "catalog_sales.cs_ship_addr_sk", 
                "catalog_sales.cs_call_center_sk", 
                "catalog_sales.cs_catalog_page_sk", 
                "catalog_sales.cs_ship_mode_sk", 
                "catalog_sales.cs_warehouse_sk", 
                "catalog_sales.cs_item_sk", 
                "catalog_sales.cs_promo_sk", 
                "catalog_sales.cs_order_number", 
                "catalog_sales.cs_quantity", 
                "catalog_sales.cs_wholesale_cost", 
                "catalog_sales.cs_list_price", 
                "catalog_sales.cs_sales_price", 
                "catalog_sales.cs_ext_discount_amt", 
                "catalog_sales.cs_ext_sales_price", 
                "catalog_sales.cs_ext_wholesale_cost", 
                "catalog_sales.cs_ext_list_price", 
                "catalog_sales.cs_ext_tax", 
                "catalog_sales.cs_coupon_amt", 
                "catalog_sales.cs_ext_ship_cost", 
                "catalog_sales.cs_net_paid", 
                "catalog_sales.cs_net_paid_inc_tax", 
                "catalog_sales.cs_net_paid_inc_ship", 
                "catalog_sales.cs_net_paid_inc_ship_tax", 
                "catalog_sales.cs_net_profit"
               ], 
               "Parent Relationship": "Outer", 
               "Total Cost": 12.6, 
               "Schema": "pg_temp_2"
              }, 
              {
               "Index Cond": "(item_2.i_item_sk = catalog_sales.cs_item_sk)", 
               "Startup Cost": 0.14, 
               "Scan Direction": "Forward", 
               "Plan Width": 208, 
               "Node Type": "Index Scan", 
               "Total Cost": 8.16, 
               "Plan Rows": 1, 
               "Relation Name": "item", 
               "Alias": "item_2", 
               "Parallel Aware": false, 
               "Output": [
                "item_2.i_item_sk", 
                "item_2.i_item_id", 
                "item_2.i_rec_start_date", 
                "item_2.i_rec_end_date", 
                "item_2.i_item_desc", 
                "item_2.i_current_price", 
                "item_2.i_wholesale_cost", 
                "item_2.i_brand_id", 
                "item_2.i_brand", 
                "item_2.i_class_id", 
                "item_2.i_class", 
                "item_2.i_category_id", 
                "item_2.i_category", 
                "item_2.i_manufact_id", 
                "item_2.i_manufact", 
                "item_2.i_size", 
                "item_2.i_formulation", 
                "item_2.i_color", 
                "item_2.i_units", 
                "item_2.i_container", 
                "item_2.i_manager_id", 
                "item_2.i_product_name"
               ], 
               "Parent Relationship": "Inner", 
               "Schema": "pg_temp_2", 
               "Index Name": "item_pkey"
              }
             ], 
             "Node Type": "Nested Loop", 
             "Plan Rows": 1, 
             "Join Type": "Inner", 
             "Parallel Aware": false, 
             "Output": [
              "catalog_sales.cs_ext_sales_price", 
              "catalog_sales.cs_sold_date_sk", 
              "item_2.i_category"
             ], 
             "Parent Relationship": "Outer", 
             "Plan Width": 222, 
             "Total Cost": 20.77
            }, 
            {
             "Index Cond": "(date_dim_2.d_date_sk = catalog_sales.cs_sold_date_sk)", 
             "Startup Cost": 0.15, 
             "Scan Direction": "Forward", 
             "Plan Width": 12, 
             "Node Type": "Index Scan", 
             "Total Cost": 8.17, 
             "Plan Rows": 1, 
             "Relation Name": "date_dim", 
             "Alias": "date_dim_2", 
             "Parallel Aware": false, 
             "Output": [
              "date_dim_2.d_date_sk", 
              "date_dim_2.d_date_id", 
              "date_dim_2.d_date", 
              "date_dim_2.d_month_seq", 
              "date_dim_2.d_week_seq", 
              "date_dim_2.d_quarter_seq", 
              "date_dim_2.d_year", 
              "date_dim_2.d_dow", 
              "date_dim_2.d_moy", 
              "date_dim_2.d_dom", 
              "date_dim_2.d_qoy", 
              "date_dim_2.d_fy_year", 
              "date_dim_2.d_fy_quarter_seq", 
              "date_dim_2.d_fy_week_seq", 
              "date_dim_2.d_day_name", 
              "date_dim_2.d_quarter_name", 
              "date_dim_2.d_holiday", 
              "date_dim_2.d_weekend", 
              "date_dim_2.d_following_holiday", 
              "date_dim_2.d_first_dom", 
              "date_dim_2.d_last_dom", 
              "date_dim_2.d_same_day_ly", 
              "date_dim_2.d_same_day_lq", 
              "date_dim_2.d_current_day", 
              "date_dim_2.d_current_week", 
              "date_dim_2.d_current_month", 
              "date_dim_2.d_current_quarter", 
              "date_dim_2.d_current_year"
             ], 
             "Parent Relationship": "Inner", 
             "Schema": "pg_temp_2", 
             "Index Name": "date_dim_pkey"
            }
           ], 
           "Node Type": "Nested Loop", 
           "Plan Rows": 1, 
           "Join Type": "Inner", 
           "Parallel Aware": false, 
           "Output": [
            "'catalog'::text", 
            "'cs_ship_addr_sk'::text", 
            "date_dim_2.d_year", 
            "date_dim_2.d_qoy", 
            "item_2.i_category", 
            "catalog_sales.cs_ext_sales_price"
           ], 
           "Parent Relationship": "Member", 
           "Plan Width": 290, 
           "Total Cost": 28.94
          }
         ], 
         "Node Type": "Append", 
         "Plan Rows": 3, 
         "Parallel Aware": false, 
         "Parent Relationship": "Outer", 
         "Plan Width": 290, 
         "Total Cost": 88.08
        }
       ], 
       "Sort Key": [
        "('store'::text)", 
        "('ss_customer_sk'::text)", 
        "date_dim.d_year", 
        "date_dim.d_qoy", 
        "item.i_category"
       ], 
       "Node Type": "Sort", 
       "Plan Rows": 3, 
       "Parallel Aware": false, 
       "Output": [
        "('store'::text)", 
        "('ss_customer_sk'::text)", 
        "date_dim.d_year", 
        "date_dim.d_qoy", 
        "item.i_category", 
        "store_sales.ss_ext_sales_price"
       ], 
       "Parent Relationship": "Outer", 
       "Plan Width": 290, 
       "Total Cost": 88.11
      }
     ], 
     "Group Key": [
      "('store'::text)", 
      "('ss_customer_sk'::text)", 
      "date_dim.d_year", 
      "date_dim.d_qoy", 
      "item.i_category"
     ], 
     "Node Type": "Aggregate", 
     "Strategy": "Sorted", 
     "Plan Rows": 3, 
     "Parallel Aware": false, 
     "Output": [
      "('store'::text)", 
      "('ss_customer_sk'::text)", 
      "date_dim.d_year", 
      "date_dim.d_qoy", 
      "item.i_category", 
      "count(*)", 
      "sum(store_sales.ss_ext_sales_price)"
     ], 
     "Parent Relationship": "Outer", 
     "Plan Width": 316, 
     "Total Cost": 88.2
    }
   ], 
   "Node Type": "Limit", 
   "Plan Rows": 3, 
   "Parallel Aware": false, 
   "Output": [
    "('store'::text)", 
    "('ss_customer_sk'::text)", 
    "date_dim.d_year", 
    "date_dim.d_qoy", 
    "item.i_category", 
    "(count(*))", 
    "(sum(store_sales.ss_ext_sales_price))"
   ], 
   "Plan Width": 316, 
   "Total Cost": 88.2
  }
 }
]