[
 {
  "Plan": {
   "Startup Cost": 208.87, 
   "Plans": [
    {
     "Partial Mode": "Simple", 
     "Startup Cost": 69.21, 
     "Plans": [
      {
       "Filter": "(date_dim.d_date = '1998-01-03'::date)", 
       "Startup Cost": 0.0, 
       "Plan Width": 4, 
       "Node Type": "Seq Scan", 
       "Plan Rows": 1, 
       "Relation Name": "date_dim", 
       "Alias": "date_dim", 
       "Parallel Aware": false, 
       "Output": [
        "date_dim.d_week_seq"
       ], 
       "Parent Relationship": "InitPlan", 
       "Total Cost": 13.38, 
       "Subplan Name": "InitPlan 1 (returns $0)", 
       "Schema": "pg_temp_2"
      }, 
      {
       "Hash Cond": "(store_sales.ss_sold_date_sk = date_dim_1.d_date_sk)", 
       "Startup Cost": 39.71, 
       "Plans": [
        {
         "Hash Cond": "(store_sales.ss_item_sk = item.i_item_sk)", 
         "Startup Cost": 10.9, 
         "Plans": [
          {
           "Startup Cost": 0.0, 
           "Plan Width": 22, 
           "Node Type": "Seq Scan", 
           "Plan Rows": 340, 
           "Relation Name": "store_sales", 
           "Alias": "store_sales", 
           "Parallel Aware": false, 
           "Output": [
            "store_sales.ss_sold_date_sk", 
            "store_sales.ss_sold_time_sk", 
            "store_sales.ss_item_sk", 
            "store_sales.ss_customer_sk", 
            "store_sales.ss_cdemo_sk", 
            "store_sales.ss_hdemo_sk", 
            "store_sales.ss_addr_sk", 
            "store_sales.ss_store_sk", 
            "store_sales.ss_promo_sk", 
            "store_sales.ss_ticket_number", 
            "store_sales.ss_quantity", 
            "store_sales.ss_wholesale_cost", 
            "store_sales.ss_list_price", 
            "store_sales.ss_sales_price", 
            "store_sales.ss_ext_discount_amt", 
            "store_sales.ss_ext_sales_price", 
            "store_sales.ss_ext_wholesale_cost", 
            "store_sales.ss_ext_list_price", 
            "store_sales.ss_ext_tax", 
            "store_sales.ss_coupon_amt", 
            "store_sales.ss_net_paid", 
            "store_sales.ss_net_paid_inc_tax", 
            "store_sales.ss_net_profit"
           ], 
           "Parent Relationship": "Outer", 
           "Total Cost": 13.4, 
           "Schema": "pg_temp_2"
          }, 
          {
           "Startup Cost": 10.4, 
           "Plans": [
            {
             "Startup Cost": 0.0, 
             "Plan Width": 72, 
             "Node Type": "Seq Scan", 
             "Plan Rows": 40, 
             "Relation Name": "item", 
             "Alias": "item", 
             "Parallel Aware": false, 
             "Output": [
              "item.i_item_id", 
              "item.i_item_sk"
             ], 
             "Parent Relationship": "Outer", 
             "Total Cost": 10.4, 
             "Schema": "pg_temp_2"
            }
           ], 
           "Node Type": "Hash", 
           "Plan Rows": 40, 
           "Parallel Aware": false, 
           "Output": [
            "item.i_item_id", 
            "item.i_item_sk"
           ], 
           "Parent Relationship": "Inner", 
           "Plan Width": 72, 
           "Total Cost": 10.4
          }
         ], 
         "Node Type": "Hash Join", 
         "Plan Rows": 68, 
         "Join Type": "Inner", 
         "Parallel Aware": false, 
         "Output": [
          "store_sales.ss_ext_sales_price", 
          "store_sales.ss_sold_date_sk", 
          "item.i_item_id"
         ], 
         "Parent Relationship": "Outer", 
         "Plan Width": 86, 
         "Total Cost": 26.26
        }, 
        {
         "Startup Cost": 27.12, 
         "Plans": [
          {
           "Hash Cond": "(date_dim_1.d_date = date_dim_2.d_date)", 
           "Startup Cost": 13.4, 
           "Plans": [
            {
             "Startup Cost": 0.0, 
             "Plan Width": 8, 
             "Node Type": "Seq Scan", 
             "Plan Rows": 270, 
             "Relation Name": "date_dim", 
             "Alias": "date_dim_1", 
             "Parallel Aware": false, 
             "Output": [
              "date_dim_1.d_date_sk", 
              "date_dim_1.d_date_id", 
              "date_dim_1.d_date", 
              "date_dim_1.d_month_seq", 
              "date_dim_1.d_week_seq", 
              "date_dim_1.d_quarter_seq", 
              "date_dim_1.d_year", 
              "date_dim_1.d_dow", 
              "date_dim_1.d_moy", 
              "date_dim_1.d_dom", 
              "date_dim_1.d_qoy", 
              "date_dim_1.d_fy_year", 
              "date_dim_1.d_fy_quarter_seq", 
              "date_dim_1.d_fy_week_seq", 
              "date_dim_1.d_day_name", 
              "date_dim_1.d_quarter_name", 
              "date_dim_1.d_holiday", 
              "date_dim_1.d_weekend", 
              "date_dim_1.d_following_holiday", 
              "date_dim_1.d_first_dom", 
              "date_dim_1.d_last_dom", 
              "date_dim_1.d_same_day_ly", 
              "date_dim_1.d_same_day_lq", 
              "date_dim_1.d_current_day", 
              "date_dim_1.d_current_week", 
              "date_dim_1.d_current_month", 
              "date_dim_1.d_current_quarter", 
              "date_dim_1.d_current_year"
             ], 
             "Parent Relationship": "Outer", 
             "Total Cost": 12.7, 
             "Schema": "pg_temp_2"
            }, 
            {
             "Startup Cost": 13.39, 
             "Plans": [
              {
               "Partial Mode": "Simple", 
               "Startup Cost": 13.38, 
               "Plans": [
                {
                 "Filter": "(date_dim_2.d_week_seq = $0)", 
                 "Startup Cost": 0.0, 
                 "Plan Width": 4, 
                 "Node Type": "Seq Scan", 
                 "Plan Rows": 1, 
                 "Relation Name": "date_dim", 
                 "Alias": "date_dim_2", 
                 "Parallel Aware": false, 
                 "Output": [
                  "date_dim_2.d_date"
                 ], 
                 "Parent Relationship": "Outer", 
                 "Total Cost": 13.38, 
                 "Schema": "pg_temp_2"
                }
               ], 
               "Group Key": [
                "date_dim_2.d_date"
               ], 
               "Node Type": "Aggregate", 
               "Strategy": "Hashed", 
               "Plan Rows": 1, 
               "Parallel Aware": false, 
               "Output": [
                "date_dim_2.d_date"
               ], 
               "Parent Relationship": "Outer", 
               "Plan Width": 4, 
               "Total Cost": 13.39
              }
             ], 
             "Node Type": "Hash", 
             "Plan Rows": 1, 
             "Parallel Aware": false, 
             "Output": [
              "date_dim_2.d_date"
             ], 
             "Parent Relationship": "Inner", 
             "Plan Width": 4, 
             "Total Cost": 13.39
            }
           ], 
           "Node Type": "Hash Join", 
           "Plan Rows": 135, 
           "Join Type": "Inner", 
           "Parallel Aware": false, 
           "Output": [
            "date_dim_1.d_date_sk"
           ], 
           "Parent Relationship": "Outer", 
           "Plan Width": 4, 
           "Total Cost": 27.12
          }
         ], 
         "Node Type": "Hash", 
         "Plan Rows": 135, 
         "Parallel Aware": false, 
         "Output": [
          "date_dim_1.d_date_sk"
         ], 
         "Parent Relationship": "Inner", 
         "Plan Width": 4, 
         "Total Cost": 27.12
        }
       ], 
       "Node Type": "Hash Join", 
       "Plan Rows": 34, 
       "Join Type": "Inner", 
       "Parallel Aware": false, 
       "Output": [
        "item.i_item_id", 
        "store_sales.ss_ext_sales_price"
       ], 
       "Parent Relationship": "Outer", 
       "Plan Width": 82, 
       "Total Cost": 55.66
      }
     ], 
     "Group Key": [
      "item.i_item_id"
     ], 
     "Node Type": "Aggregate", 
     "Strategy": "Hashed", 
     "Plan Rows": 34, 
     "Parallel Aware": false, 
     "Output": [
      "item.i_item_id", 
      "sum(store_sales.ss_ext_sales_price)"
     ], 
     "Parent Relationship": "InitPlan", 
     "Plan Width": 100, 
     "Subplan Name": "CTE ss_items", 
     "Total Cost": 69.63
    }, 
    {
     "Partial Mode": "Simple", 
     "Startup Cost": 67.71, 
     "Plans": [
      {
       "Filter": "(date_dim_3.d_date = '1998-01-03'::date)", 
       "Startup Cost": 0.0, 
       "Plan Width": 4, 
       "Node Type": "Seq Scan", 
       "Plan Rows": 1, 
       "Relation Name": "date_dim", 
       "Alias": "date_dim_3", 
       "Parallel Aware": false, 
       "Output": [
        "date_dim_3.d_week_seq"
       ], 
       "Parent Relationship": "InitPlan", 
       "Total Cost": 13.38, 
       "Subplan Name": "InitPlan 3 (returns $2)", 
       "Schema": "pg_temp_2"
      }, 
      {
       "Hash Cond": "(date_dim_4.d_date_sk = catalog_sales.cs_sold_date_sk)", 
       "Startup Cost": 39.04, 
       "Plans": [
        {
         "Hash Cond": "(date_dim_4.d_date = date_dim_5.d_date)", 
         "Startup Cost": 13.4, 
         "Plans": [
          {
           "Startup Cost": 0.0, 
           "Plan Width": 8, 
           "Node Type": "Seq Scan", 
           "Plan Rows": 270, 
           "Relation Name": "date_dim", 
           "Alias": "date_dim_4", 
           "Parallel Aware": false, 
           "Output": [
            "date_dim_4.d_date_sk", 
            "date_dim_4.d_date_id", 
            "date_dim_4.d_date", 
            "date_dim_4.d_month_seq", 
            "date_dim_4.d_week_seq", 
            "date_dim_4.d_quarter_seq", 
            "date_dim_4.d_year", 
            "date_dim_4.d_dow", 
            "date_dim_4.d_moy", 
            "date_dim_4.d_dom", 
            "date_dim_4.d_qoy", 
            "date_dim_4.d_fy_year", 
            "date_dim_4.d_fy_quarter_seq", 
            "date_dim_4.d_fy_week_seq", 
            "date_dim_4.d_day_name", 
            "date_dim_4.d_quarter_name", 
            "date_dim_4.d_holiday", 
            "date_dim_4.d_weekend", 
            "date_dim_4.d_following_holiday", 
            "date_dim_4.d_first_dom", 
            "date_dim_4.d_last_dom", 
            "date_dim_4.d_same_day_ly", 
            "date_dim_4.d_same_day_lq", 
            "date_dim_4.d_current_day", 
            "date_dim_4.d_current_week", 
            "date_dim_4.d_current_month", 
            "date_dim_4.d_current_quarter", 
            "date_dim_4.d_current_year"
           ], 
           "Parent Relationship": "Outer", 
           "Total Cost": 12.7, 
           "Schema": "pg_temp_2"
          }, 
          {
           "Startup Cost": 13.39, 
           "Plans": [
            {
             "Partial Mode": "Simple", 
             "Startup Cost": 13.38, 
             "Plans": [
              {
               "Filter": "(date_dim_5.d_week_seq = $2)", 
               "Startup Cost": 0.0, 
               "Plan Width": 4, 
               "Node Type": "Seq Scan", 
               "Plan Rows": 1, 
               "Relation Name": "date_dim", 
               "Alias": "date_dim_5", 
               "Parallel Aware": false, 
               "Output": [
                "date_dim_5.d_date"
               ], 
               "Parent Relationship": "Outer", 
               "Total Cost": 13.38, 
               "Schema": "pg_temp_2"
              }
             ], 
             "Group Key": [
              "date_dim_5.d_date"
             ], 
             "Node Type": "Aggregate", 
             "Strategy": "Hashed", 
             "Plan Rows": 1, 
             "Parallel Aware": false, 
             "Output": [
              "date_dim_5.d_date"
             ], 
             "Parent Relationship": "Outer", 
             "Plan Width": 4, 
             "Total Cost": 13.39
            }
           ], 
           "Node Type": "Hash", 
           "Plan Rows": 1, 
           "Parallel Aware": false, 
           "Output": [
            "date_dim_5.d_date"
           ], 
           "Parent Relationship": "Inner", 
           "Plan Width": 4, 
           "Total Cost": 13.39
          }
         ], 
         "Node Type": "Hash Join", 
         "Plan Rows": 135, 
         "Join Type": "Inner", 
         "Parallel Aware": false, 
         "Output": [
          "date_dim_4.d_date_sk"
         ], 
         "Parent Relationship": "Outer", 
         "Plan Width": 4, 
         "Total Cost": 27.12
        }, 
        {
         "Startup Cost": 24.99, 
         "Plans": [
          {
           "Hash Cond": "(catalog_sales.cs_item_sk = item_1.i_item_sk)", 
           "Startup Cost": 10.9, 
           "Plans": [
            {
             "Startup Cost": 0.0, 
             "Plan Width": 22, 
             "Node Type": "Seq Scan", 
             "Plan Rows": 260, 
             "Relation Name": "catalog_sales", 
             "Alias": "catalog_sales", 
             "Parallel Aware": false, 
             "Output": [
              "catalog_sales.cs_sold_date_sk", 
              "catalog_sales.cs_sold_time_sk", 
              "catalog_sales.cs_ship_date_sk", 
              "catalog_sales.cs_bill_customer_sk", 
              "catalog_sales.cs_bill_cdemo_sk", 
              "catalog_sales.cs_bill_hdemo_sk", 
              "catalog_sales.cs_bill_addr_sk", 
              "catalog_sales.cs_ship_customer_sk", 
              "catalog_sales.cs_ship_cdemo_sk", 
              "catalog_sales.cs_ship_hdemo_sk", 
              "catalog_sales.cs_ship_addr_sk", 
              "catalog_sales.cs_call_center_sk", 
              "catalog_sales.cs_catalog_page_sk", 
              "catalog_sales.cs_ship_mode_sk", 
              "catalog_sales.cs_warehouse_sk", 
              "catalog_sales.cs_item_sk", 
              "catalog_sales.cs_promo_sk", 
              "catalog_sales.cs_order_number", 
              "catalog_sales.cs_quantity", 
              "catalog_sales.cs_wholesale_cost", 
              "catalog_sales.cs_list_price", 
              "catalog_sales.cs_sales_price", 
              "catalog_sales.cs_ext_discount_amt", 
              "catalog_sales.cs_ext_sales_price", 
              "catalog_sales.cs_ext_wholesale_cost", 
              "catalog_sales.cs_ext_list_price", 
              "catalog_sales.cs_ext_tax", 
              "catalog_sales.cs_coupon_amt", 
              "catalog_sales.cs_ext_ship_cost", 
              "catalog_sales.cs_net_paid", 
              "catalog_sales.cs_net_paid_inc_tax", 
              "catalog_sales.cs_net_paid_inc_ship", 
              "catalog_sales.cs_net_paid_inc_ship_tax", 
              "catalog_sales.cs_net_profit"
             ], 
             "Parent Relationship": "Outer", 
             "Total Cost": 12.6, 
             "Schema": "pg_temp_2"
            }, 
            {
             "Startup Cost": 10.4, 
             "Plans": [
              {
               "Startup Cost": 0.0, 
               "Plan Width": 72, 
               "Node Type": "Seq Scan", 
               "Plan Rows": 40, 
               "Relation Name": "item", 
               "Alias": "item_1", 
               "Parallel Aware": false, 
               "Output": [
                "item_1.i_item_id", 
                "item_1.i_item_sk"
               ], 
               "Parent Relationship": "Outer", 
               "Total Cost": 10.4, 
               "Schema": "pg_temp_2"
              }
             ], 
             "Node Type": "Hash", 
             "Plan Rows": 40, 
             "Parallel Aware": false, 
             "Output": [
              "item_1.i_item_id", 
              "item_1.i_item_sk"
             ], 
             "Parent Relationship": "Inner", 
             "Plan Width": 72, 
             "Total Cost": 10.4
            }
           ], 
           "Node Type": "Hash Join", 
           "Plan Rows": 52, 
           "Join Type": "Inner", 
           "Parallel Aware": false, 
           "Output": [
            "catalog_sales.cs_ext_sales_price", 
            "catalog_sales.cs_sold_date_sk", 
            "item_1.i_item_id"
           ], 
           "Parent Relationship": "Outer", 
           "Plan Width": 86, 
           "Total Cost": 24.99
          }
         ], 
         "Node Type": "Hash", 
         "Plan Rows": 52, 
         "Parallel Aware": false, 
         "Output": [
          "catalog_sales.cs_ext_sales_price", 
          "catalog_sales.cs_sold_date_sk", 
          "item_1.i_item_id"
         ], 
         "Parent Relationship": "Inner", 
         "Plan Width": 86, 
         "Total Cost": 24.99
        }
       ], 
       "Node Type": "Hash Join", 
       "Plan Rows": 26, 
       "Join Type": "Inner", 
       "Parallel Aware": false, 
       "Output": [
        "item_1.i_item_id", 
        "catalog_sales.cs_ext_sales_price"
       ], 
       "Parent Relationship": "Outer", 
       "Plan Width": 82, 
       "Total Cost": 54.21
      }
     ], 
     "Group Key": [
      "item_1.i_item_id"
     ], 
     "Node Type": "Aggregate", 
     "Strategy": "Hashed", 
     "Plan Rows": 26, 
     "Parallel Aware": false, 
     "Output": [
      "item_1.i_item_id", 
      "sum(catalog_sales.cs_ext_sales_price)"
     ], 
     "Parent Relationship": "InitPlan", 
     "Plan Width": 100, 
     "Subplan Name": "CTE cs_items", 
     "Total Cost": 68.04
    }, 
    {
     "Partial Mode": "Simple", 
     "Startup Cost": 67.71, 
     "Plans": [
      {
       "Filter": "(date_dim_6.d_date = '1998-01-03'::date)", 
       "Startup Cost": 0.0, 
       "Plan Width": 4, 
       "Node Type": "Seq Scan", 
       "Plan Rows": 1, 
       "Relation Name": "date_dim", 
       "Alias": "date_dim_6", 
       "Parallel Aware": false, 
       "Output": [
        "date_dim_6.d_week_seq"
       ], 
       "Parent Relationship": "InitPlan", 
       "Total Cost": 13.38, 
       "Subplan Name": "InitPlan 5 (returns $4)", 
       "Schema": "pg_temp_2"
      }, 
      {
       "Hash Cond": "(date_dim_7.d_date_sk = web_sales.ws_sold_date_sk)", 
       "Startup Cost": 39.04, 
       "Plans": [
        {
         "Hash Cond": "(date_dim_7.d_date = date_dim_8.d_date)", 
         "Startup Cost": 13.4, 
         "Plans": [
          {
           "Startup Cost": 0.0, 
           "Plan Width": 8, 
           "Node Type": "Seq Scan", 
           "Plan Rows": 270, 
           "Relation Name": "date_dim", 
           "Alias": "date_dim_7", 
           "Parallel Aware": false, 
           "Output": [
            "date_dim_7.d_date_sk", 
            "date_dim_7.d_date_id", 
            "date_dim_7.d_date", 
            "date_dim_7.d_month_seq", 
            "date_dim_7.d_week_seq", 
            "date_dim_7.d_quarter_seq", 
            "date_dim_7.d_year", 
            "date_dim_7.d_dow", 
            "date_dim_7.d_moy", 
            "date_dim_7.d_dom", 
            "date_dim_7.d_qoy", 
            "date_dim_7.d_fy_year", 
            "date_dim_7.d_fy_quarter_seq", 
            "date_dim_7.d_fy_week_seq", 
            "date_dim_7.d_day_name", 
            "date_dim_7.d_quarter_name", 
            "date_dim_7.d_holiday", 
            "date_dim_7.d_weekend", 
            "date_dim_7.d_following_holiday", 
            "date_dim_7.d_first_dom", 
            "date_dim_7.d_last_dom", 
            "date_dim_7.d_same_day_ly", 
            "date_dim_7.d_same_day_lq", 
            "date_dim_7.d_current_day", 
            "date_dim_7.d_current_week", 
            "date_dim_7.d_current_month", 
            "date_dim_7.d_current_quarter", 
            "date_dim_7.d_current_year"
           ], 
           "Parent Relationship": "Outer", 
           "Total Cost": 12.7, 
           "Schema": "pg_temp_2"
          }, 
          {
           "Startup Cost": 13.39, 
           "Plans": [
            {
             "Partial Mode": "Simple", 
             "Startup Cost": 13.38, 
             "Plans": [
              {
               "Filter": "(date_dim_8.d_week_seq = $4)", 
               "Startup Cost": 0.0, 
               "Plan Width": 4, 
               "Node Type": "Seq Scan", 
               "Plan Rows": 1, 
               "Relation Name": "date_dim", 
               "Alias": "date_dim_8", 
               "Parallel Aware": false, 
               "Output": [
                "date_dim_8.d_date"
               ], 
               "Parent Relationship": "Outer", 
               "Total Cost": 13.38, 
               "Schema": "pg_temp_2"
              }
             ], 
             "Group Key": [
              "date_dim_8.d_date"
             ], 
             "Node Type": "Aggregate", 
             "Strategy": "Hashed", 
             "Plan Rows": 1, 
             "Parallel Aware": false, 
             "Output": [
              "date_dim_8.d_date"
             ], 
             "Parent Relationship": "Outer", 
             "Plan Width": 4, 
             "Total Cost": 13.39
            }
           ], 
           "Node Type": "Hash", 
           "Plan Rows": 1, 
           "Parallel Aware": false, 
           "Output": [
            "date_dim_8.d_date"
           ], 
           "Parent Relationship": "Inner", 
           "Plan Width": 4, 
           "Total Cost": 13.39
          }
         ], 
         "Node Type": "Hash Join", 
         "Plan Rows": 135, 
         "Join Type": "Inner", 
         "Parallel Aware": false, 
         "Output": [
          "date_dim_7.d_date_sk"
         ], 
         "Parent Relationship": "Outer", 
         "Plan Width": 4, 
         "Total Cost": 27.12
        }, 
        {
         "Startup Cost": 24.99, 
         "Plans": [
          {
           "Hash Cond": "(web_sales.ws_item_sk = item_2.i_item_sk)", 
           "Startup Cost": 10.9, 
           "Plans": [
            {
             "Startup Cost": 0.0, 
             "Plan Width": 22, 
             "Node Type": "Seq Scan", 
             "Plan Rows": 260, 
             "Relation Name": "web_sales", 
             "Alias": "web_sales", 
             "Parallel Aware": false, 
             "Output": [
              "web_sales.ws_sold_date_sk", 
              "web_sales.ws_sold_time_sk", 
              "web_sales.ws_ship_date_sk", 
              "web_sales.ws_item_sk", 
              "web_sales.ws_bill_customer_sk", 
              "web_sales.ws_bill_cdemo_sk", 
              "web_sales.ws_bill_hdemo_sk", 
              "web_sales.ws_bill_addr_sk", 
              "web_sales.ws_ship_customer_sk", 
              "web_sales.ws_ship_cdemo_sk", 
              "web_sales.ws_ship_hdemo_sk", 
              "web_sales.ws_ship_addr_sk", 
              "web_sales.ws_web_page_sk", 
              "web_sales.ws_web_site_sk", 
              "web_sales.ws_ship_mode_sk", 
              "web_sales.ws_warehouse_sk", 
              "web_sales.ws_promo_sk", 
              "web_sales.ws_order_number", 
              "web_sales.ws_quantity", 
              "web_sales.ws_wholesale_cost", 
              "web_sales.ws_list_price", 
              "web_sales.ws_sales_price", 
              "web_sales.ws_ext_discount_amt", 
              "web_sales.ws_ext_sales_price", 
              "web_sales.ws_ext_wholesale_cost", 
              "web_sales.ws_ext_list_price", 
              "web_sales.ws_ext_tax", 
              "web_sales.ws_coupon_amt", 
              "web_sales.ws_ext_ship_cost", 
              "web_sales.ws_net_paid", 
              "web_sales.ws_net_paid_inc_tax", 
              "web_sales.ws_net_paid_inc_ship", 
              "web_sales.ws_net_paid_inc_ship_tax", 
              "web_sales.ws_net_profit"
             ], 
             "Parent Relationship": "Outer", 
             "Total Cost": 12.6, 
             "Schema": "pg_temp_2"
            }, 
            {
             "Startup Cost": 10.4, 
             "Plans": [
              {
               "Startup Cost": 0.0, 
               "Plan Width": 72, 
               "Node Type": "Seq Scan", 
               "Plan Rows": 40, 
               "Relation Name": "item", 
               "Alias": "item_2", 
               "Parallel Aware": false, 
               "Output": [
                "item_2.i_item_id", 
                "item_2.i_item_sk"
               ], 
               "Parent Relationship": "Outer", 
               "Total Cost": 10.4, 
               "Schema": "pg_temp_2"
              }
             ], 
             "Node Type": "Hash", 
             "Plan Rows": 40, 
             "Parallel Aware": false, 
             "Output": [
              "item_2.i_item_id", 
              "item_2.i_item_sk"
             ], 
             "Parent Relationship": "Inner", 
             "Plan Width": 72, 
             "Total Cost": 10.4
            }
           ], 
           "Node Type": "Hash Join", 
           "Plan Rows": 52, 
           "Join Type": "Inner", 
           "Parallel Aware": false, 
           "Output": [
            "web_sales.ws_ext_sales_price", 
            "web_sales.ws_sold_date_sk", 
            "item_2.i_item_id"
           ], 
           "Parent Relationship": "Outer", 
           "Plan Width": 86, 
           "Total Cost": 24.99
          }
         ], 
         "Node Type": "Hash", 
         "Plan Rows": 52, 
         "Parallel Aware": false, 
         "Output": [
          "web_sales.ws_ext_sales_price", 
          "web_sales.ws_sold_date_sk", 
          "item_2.i_item_id"
         ], 
         "Parent Relationship": "Inner", 
         "Plan Width": 86, 
         "Total Cost": 24.99
        }
       ], 
       "Node Type": "Hash Join", 
       "Plan Rows": 26, 
       "Join Type": "Inner", 
       "Parallel Aware": false, 
       "Output": [
        "item_2.i_item_id", 
        "web_sales.ws_ext_sales_price"
       ], 
       "Parent Relationship": "Outer", 
       "Plan Width": 82, 
       "Total Cost": 54.21
      }
     ], 
     "Group Key": [
      "item_2.i_item_id"
     ], 
     "Node Type": "Aggregate", 
     "Strategy": "Hashed", 
     "Plan Rows": 26, 
     "Parallel Aware": false, 
     "Output": [
      "item_2.i_item_id", 
      "sum(web_sales.ws_ext_sales_price)"
     ], 
     "Parent Relationship": "InitPlan", 
     "Plan Width": 100, 
     "Subplan Name": "CTE ws_items", 
     "Total Cost": 68.04
    }, 
    {
     "Startup Cost": 3.17, 
     "Plans": [
      {
       "Hash Cond": "(ss_items.item_id = cs_items.item_id)", 
       "Startup Cost": 2.25, 
       "Plans": [
        {
         "Startup Cost": 0.0, 
         "CTE Name": "ss_items", 
         "Node Type": "CTE Scan", 
         "Plan Rows": 34, 
         "Alias": "ss_items", 
         "Parallel Aware": false, 
         "Output": [
          "ss_items.item_id", 
          "ss_items.ss_item_rev"
         ], 
         "Parent Relationship": "Outer", 
         "Plan Width": 100, 
         "Total Cost": 0.68
        }, 
        {
         "Startup Cost": 2.24, 
         "Plans": [
          {
           "Hash Cond": "(cs_items.item_id = ws_items.item_id)", 
           "Startup Cost": 0.84, 
           "Plans": [
            {
             "Startup Cost": 0.0, 
             "CTE Name": "cs_items", 
             "Node Type": "CTE Scan", 
             "Plan Rows": 26, 
             "Alias": "cs_items", 
             "Parallel Aware": false, 
             "Output": [
              "cs_items.item_id", 
              "cs_items.cs_item_rev"
             ], 
             "Parent Relationship": "Outer", 
             "Plan Width": 100, 
             "Total Cost": 0.52
            }, 
            {
             "Startup Cost": 0.52, 
             "Plans": [
              {
               "Startup Cost": 0.0, 
               "CTE Name": "ws_items", 
               "Node Type": "CTE Scan", 
               "Plan Rows": 26, 
               "Alias": "ws_items", 
               "Parallel Aware": false, 
               "Output": [
                "ws_items.ws_item_rev", 
                "ws_items.item_id"
               ], 
               "Parent Relationship": "Outer", 
               "Plan Width": 100, 
               "Total Cost": 0.52
              }
             ], 
             "Node Type": "Hash", 
             "Plan Rows": 26, 
             "Parallel Aware": false, 
             "Output": [
              "ws_items.ws_item_rev", 
              "ws_items.item_id"
             ], 
             "Parent Relationship": "Inner", 
             "Plan Width": 100, 
             "Total Cost": 0.52
            }
           ], 
           "Node Type": "Hash Join", 
           "Plan Rows": 1, 
           "Join Type": "Inner", 
           "Parallel Aware": false, 
           "Output": [
            "cs_items.cs_item_rev", 
            "cs_items.item_id", 
            "ws_items.ws_item_rev", 
            "ws_items.item_id"
           ], 
           "Parent Relationship": "Outer", 
           "Plan Width": 200, 
           "Join Filter": "((cs_items.cs_item_rev >= (0.9 * ws_items.ws_item_rev)) AND (cs_items.cs_item_rev <= (1.1 * ws_items.ws_item_rev)) AND (ws_items.ws_item_rev >= (0.9 * cs_items.cs_item_rev)) AND (ws_items.ws_item_rev <= (1.1 * cs_items.cs_item_rev)))", 
           "Total Cost": 2.24
          }
         ], 
         "Node Type": "Hash", 
         "Plan Rows": 1, 
         "Parallel Aware": false, 
         "Output": [
          "cs_items.cs_item_rev", 
          "cs_items.item_id", 
          "ws_items.ws_item_rev", 
          "ws_items.item_id"
         ], 
         "Parent Relationship": "Inner", 
         "Plan Width": 200, 
         "Total Cost": 2.24
        }
       ], 
       "Node Type": "Hash Join", 
       "Plan Rows": 1, 
       "Join Type": "Inner", 
       "Parallel Aware": false, 
       "Output": [
        "ss_items.item_id", 
        "ss_items.ss_item_rev", 
        "((ss_items.ss_item_rev / (((ss_items.ss_item_rev + cs_items.cs_item_rev) + ws_items.ws_item_rev) / '3'::numeric)) * '100'::numeric)", 
        "cs_items.cs_item_rev", 
        "((cs_items.cs_item_rev / (((ss_items.ss_item_rev + cs_items.cs_item_rev) + ws_items.ws_item_rev) / '3'::numeric)) * '100'::numeric)", 
        "ws_items.ws_item_rev", 
        "((ws_items.ws_item_rev / (((ss_items.ss_item_rev + cs_items.cs_item_rev) + ws_items.ws_item_rev) / '3'::numeric)) * '100'::numeric)", 
        "(((ss_items.ss_item_rev + cs_items.cs_item_rev) + ws_items.ws_item_rev) / '3'::numeric)"
       ], 
       "Parent Relationship": "Outer", 
       "Plan Width": 292, 
       "Join Filter": "((ss_items.ss_item_rev >= (0.9 * cs_items.cs_item_rev)) AND (ss_items.ss_item_rev <= (1.1 * cs_items.cs_item_rev)) AND (cs_items.cs_item_rev >= (0.9 * ss_items.ss_item_rev)) AND (cs_items.cs_item_rev <= (1.1 * ss_items.ss_item_rev)) AND (ss_items.ss_item_rev >= (0.9 * ws_items.ws_item_rev)) AND (ss_items.ss_item_rev <= (1.1 * ws_items.ws_item_rev)) AND (ws_items.ws_item_rev >= (0.9 * ss_items.ss_item_rev)) AND (ws_items.ws_item_rev <= (1.1 * ss_items.ss_item_rev)))", 
       "Total Cost": 3.16
      }
     ], 
     "Sort Key": [
      "ss_items.item_id", 
      "ss_items.ss_item_rev"
     ], 
     "Node Type": "Sort", 
     "Plan Rows": 1, 
     "Parallel Aware": false, 
     "Output": [
      "ss_items.item_id", 
      "ss_items.ss_item_rev", 
      "(((ss_items.ss_item_rev / (((ss_items.ss_item_rev + cs_items.cs_item_rev) + ws_items.ws_item_rev) / '3'::numeric)) * '100'::numeric))", 
      "cs_items.cs_item_rev", 
      "(((cs_items.cs_item_rev / (((ss_items.ss_item_rev + cs_items.cs_item_rev) + ws_items.ws_item_rev) / '3'::numeric)) * '100'::numeric))", 
      "ws_items.ws_item_rev", 
      "(((ws_items.ws_item_rev / (((ss_items.ss_item_rev + cs_items.cs_item_rev) + ws_items.ws_item_rev) / '3'::numeric)) * '100'::numeric))", 
      "((((ss_items.ss_item_rev + cs_items.cs_item_rev) + ws_items.ws_item_rev) / '3'::numeric))"
     ], 
     "Parent Relationship": "Outer", 
     "Plan Width": 292, 
     "Total Cost": 3.17
    }
   ], 
   "Node Type": "Limit", 
   "Plan Rows": 1, 
   "Parallel Aware": false, 
   "Output": [
    "ss_items.item_id", 
    "ss_items.ss_item_rev", 
    "(((ss_items.ss_item_rev / (((ss_items.ss_item_rev + cs_items.cs_item_rev) + ws_items.ws_item_rev) / '3'::numeric)) * '100'::numeric))", 
    "cs_items.cs_item_rev", 
    "(((cs_items.cs_item_rev / (((ss_items.ss_item_rev + cs_items.cs_item_rev) + ws_items.ws_item_rev) / '3'::numeric)) * '100'::numeric))", 
    "ws_items.ws_item_rev", 
    "(((ws_items.ws_item_rev / (((ss_items.ss_item_rev + cs_items.cs_item_rev) + ws_items.ws_item_rev) / '3'::numeric)) * '100'::numeric))", 
    "((((ss_items.ss_item_rev + cs_items.cs_item_rev) + ws_items.ws_item_rev) / '3'::numeric))"
   ], 
   "Plan Width": 292, 
   "Total Cost": 208.88
  }
 }
]