[
 {
  "Plan": {
   "Startup Cost": 35.39, 
   "Plans": [
    {
     "Partial Mode": "Simple", 
     "Startup Cost": 35.39, 
     "Plans": [
      {
       "Startup Cost": 0.29, 
       "Plans": [
        {
         "Startup Cost": 0.15, 
         "Plans": [
          {
           "Filter": "(item.i_manufact_id = 617)", 
           "Startup Cost": 0.0, 
           "Plan Width": 4, 
           "Node Type": "Seq Scan", 
           "Plan Rows": 1, 
           "Relation Name": "item", 
           "Alias": "item", 
           "Parallel Aware": false, 
           "Output": [
            "item.i_item_sk", 
            "item.i_item_id", 
            "item.i_rec_start_date", 
            "item.i_rec_end_date", 
            "item.i_item_desc", 
            "item.i_current_price", 
            "item.i_wholesale_cost", 
            "item.i_brand_id", 
            "item.i_brand", 
            "item.i_class_id", 
            "item.i_class", 
            "item.i_category_id", 
            "item.i_category", 
            "item.i_manufact_id", 
            "item.i_manufact", 
            "item.i_size", 
            "item.i_formulation", 
            "item.i_color", 
            "item.i_units", 
            "item.i_container", 
            "item.i_manager_id", 
            "item.i_product_name"
           ], 
           "Parent Relationship": "Outer", 
           "Total Cost": 10.5, 
           "Schema": "pg_temp_2"
          }, 
          {
           "Index Cond": "(catalog_sales.cs_item_sk = item.i_item_sk)", 
           "Startup Cost": 0.15, 
           "Scan Direction": "Forward", 
           "Plan Width": 22, 
           "Plans": [
            {
             "Partial Mode": "Simple", 
             "Startup Cost": 16.35, 
             "Plans": [
              {
               "Startup Cost": 0.29, 
               "Plans": [
                {
                 "Index Cond": "(catalog_sales_1.cs_item_sk = item.i_item_sk)", 
                 "Startup Cost": 0.15, 
                 "Scan Direction": "Forward", 
                 "Plan Width": 18, 
                 "Node Type": "Index Scan", 
                 "Total Cost": 8.17, 
                 "Plan Rows": 1, 
                 "Relation Name": "catalog_sales", 
                 "Alias": "catalog_sales_1", 
                 "Parallel Aware": false, 
                 "Output": [
                  "catalog_sales_1.cs_sold_date_sk", 
                  "catalog_sales_1.cs_sold_time_sk", 
                  "catalog_sales_1.cs_ship_date_sk", 
                  "catalog_sales_1.cs_bill_customer_sk", 
                  "catalog_sales_1.cs_bill_cdemo_sk", 
                  "catalog_sales_1.cs_bill_hdemo_sk", 
                  "catalog_sales_1.cs_bill_addr_sk", 
                  "catalog_sales_1.cs_ship_customer_sk", 
                  "catalog_sales_1.cs_ship_cdemo_sk", 
                  "catalog_sales_1.cs_ship_hdemo_sk", 
                  "catalog_sales_1.cs_ship_addr_sk", 
                  "catalog_sales_1.cs_call_center_sk", 
                  "catalog_sales_1.cs_catalog_page_sk", 
                  "catalog_sales_1.cs_ship_mode_sk", 
                  "catalog_sales_1.cs_warehouse_sk", 
                  "catalog_sales_1.cs_item_sk", 
                  "catalog_sales_1.cs_promo_sk", 
                  "catalog_sales_1.cs_order_number", 
                  "catalog_sales_1.cs_quantity", 
                  "catalog_sales_1.cs_wholesale_cost", 
                  "catalog_sales_1.cs_list_price", 
                  "catalog_sales_1.cs_sales_price", 
                  "catalog_sales_1.cs_ext_discount_amt", 
                  "catalog_sales_1.cs_ext_sales_price", 
                  "catalog_sales_1.cs_ext_wholesale_cost", 
                  "catalog_sales_1.cs_ext_list_price", 
                  "catalog_sales_1.cs_ext_tax", 
                  "catalog_sales_1.cs_coupon_amt", 
                  "catalog_sales_1.cs_ext_ship_cost", 
                  "catalog_sales_1.cs_net_paid", 
                  "catalog_sales_1.cs_net_paid_inc_tax", 
                  "catalog_sales_1.cs_net_paid_inc_ship", 
                  "catalog_sales_1.cs_net_paid_inc_ship_tax", 
                  "catalog_sales_1.cs_net_profit"
                 ], 
                 "Parent Relationship": "Outer", 
                 "Schema": "pg_temp_2", 
                 "Index Name": "catalog_sales_pkey"
                }, 
                {
                 "Index Cond": "(date_dim_1.d_date_sk = catalog_sales_1.cs_sold_date_sk)", 
                 "Startup Cost": 0.15, 
                 "Scan Direction": "Forward", 
                 "Plan Width": 4, 
                 "Node Type": "Index Scan", 
                 "Total Cost": 8.17, 
                 "Plan Rows": 1, 
                 "Relation Name": "date_dim", 
                 "Alias": "date_dim_1", 
                 "Parallel Aware": false, 
                 "Filter": "((date_dim_1.d_date >= '1998-02-16'::date) AND (date_dim_1.d_date <= '1998-05-17 00:00:00'::timestamp without time zone))", 
                 "Output": [
                  "date_dim_1.d_date_sk", 
                  "date_dim_1.d_date_id", 
                  "date_dim_1.d_date", 
                  "date_dim_1.d_month_seq", 
                  "date_dim_1.d_week_seq", 
                  "date_dim_1.d_quarter_seq", 
                  "date_dim_1.d_year", 
                  "date_dim_1.d_dow", 
                  "date_dim_1.d_moy", 
                  "date_dim_1.d_dom", 
                  "date_dim_1.d_qoy", 
                  "date_dim_1.d_fy_year", 
                  "date_dim_1.d_fy_quarter_seq", 
                  "date_dim_1.d_fy_week_seq", 
                  "date_dim_1.d_day_name", 
                  "date_dim_1.d_quarter_name", 
                  "date_dim_1.d_holiday", 
                  "date_dim_1.d_weekend", 
                  "date_dim_1.d_following_holiday", 
                  "date_dim_1.d_first_dom", 
                  "date_dim_1.d_last_dom", 
                  "date_dim_1.d_same_day_ly", 
                  "date_dim_1.d_same_day_lq", 
                  "date_dim_1.d_current_day", 
                  "date_dim_1.d_current_week", 
                  "date_dim_1.d_current_month", 
                  "date_dim_1.d_current_quarter", 
                  "date_dim_1.d_current_year"
                 ], 
                 "Parent Relationship": "Inner", 
                 "Schema": "pg_temp_2", 
                 "Index Name": "date_dim_pkey"
                }
               ], 
               "Node Type": "Nested Loop", 
               "Plan Rows": 1, 
               "Join Type": "Inner", 
               "Parallel Aware": false, 
               "Output": [
                "catalog_sales_1.cs_ext_discount_amt"
               ], 
               "Parent Relationship": "Outer", 
               "Plan Width": 14, 
               "Total Cost": 16.35
              }
             ], 
             "Node Type": "Aggregate", 
             "Strategy": "Plain", 
             "Plan Rows": 1, 
             "Parallel Aware": false, 
             "Output": [
              "(1.3 * avg(catalog_sales_1.cs_ext_discount_amt))"
             ], 
             "Parent Relationship": "SubPlan", 
             "Plan Width": 32, 
             "Subplan Name": "SubPlan 1", 
             "Total Cost": 16.36
            }
           ], 
           "Node Type": "Index Scan", 
           "Total Cost": 24.53, 
           "Plan Rows": 1, 
           "Relation Name": "catalog_sales", 
           "Alias": "catalog_sales", 
           "Parallel Aware": false, 
           "Filter": "(catalog_sales.cs_ext_discount_amt > (SubPlan 1))", 
           "Output": [
            "catalog_sales.cs_sold_date_sk", 
            "catalog_sales.cs_sold_time_sk", 
            "catalog_sales.cs_ship_date_sk", 
            "catalog_sales.cs_bill_customer_sk", 
            "catalog_sales.cs_bill_cdemo_sk", 
            "catalog_sales.cs_bill_hdemo_sk", 
            "catalog_sales.cs_bill_addr_sk", 
            "catalog_sales.cs_ship_customer_sk", 
            "catalog_sales.cs_ship_cdemo_sk", 
            "catalog_sales.cs_ship_hdemo_sk", 
            "catalog_sales.cs_ship_addr_sk", 
            "catalog_sales.cs_call_center_sk", 
            "catalog_sales.cs_catalog_page_sk", 
            "catalog_sales.cs_ship_mode_sk", 
            "catalog_sales.cs_warehouse_sk", 
            "catalog_sales.cs_item_sk", 
            "catalog_sales.cs_promo_sk", 
            "catalog_sales.cs_order_number", 
            "catalog_sales.cs_quantity", 
            "catalog_sales.cs_wholesale_cost", 
            "catalog_sales.cs_list_price", 
            "catalog_sales.cs_sales_price", 
            "catalog_sales.cs_ext_discount_amt", 
            "catalog_sales.cs_ext_sales_price", 
            "catalog_sales.cs_ext_wholesale_cost", 
            "catalog_sales.cs_ext_list_price", 
            "catalog_sales.cs_ext_tax", 
            "catalog_sales.cs_coupon_amt", 
            "catalog_sales.cs_ext_ship_cost", 
            "catalog_sales.cs_net_paid", 
            "catalog_sales.cs_net_paid_inc_tax", 
            "catalog_sales.cs_net_paid_inc_ship", 
            "catalog_sales.cs_net_paid_inc_ship_tax", 
            "catalog_sales.cs_net_profit"
           ], 
           "Parent Relationship": "Inner", 
           "Schema": "pg_temp_2", 
           "Index Name": "catalog_sales_pkey"
          }
         ], 
         "Node Type": "Nested Loop", 
         "Plan Rows": 1, 
         "Join Type": "Inner", 
         "Parallel Aware": false, 
         "Output": [
          "catalog_sales.cs_ext_discount_amt", 
          "catalog_sales.cs_sold_date_sk"
         ], 
         "Parent Relationship": "Outer", 
         "Plan Width": 18, 
         "Total Cost": 35.04
        }, 
        {
         "Index Cond": "(date_dim.d_date_sk = catalog_sales.cs_sold_date_sk)", 
         "Startup Cost": 0.15, 
         "Scan Direction": "Forward", 
         "Plan Width": 4, 
         "Node Type": "Index Scan", 
         "Total Cost": 0.34, 
         "Plan Rows": 1, 
         "Relation Name": "date_dim", 
         "Alias": "date_dim", 
         "Parallel Aware": false, 
         "Filter": "((date_dim.d_date >= '1998-02-16'::date) AND (date_dim.d_date <= '1998-05-17 00:00:00'::timestamp without time zone))", 
         "Output": [
          "date_dim.d_date_sk", 
          "date_dim.d_date_id", 
          "date_dim.d_date", 
          "date_dim.d_month_seq", 
          "date_dim.d_week_seq", 
          "date_dim.d_quarter_seq", 
          "date_dim.d_year", 
          "date_dim.d_dow", 
          "date_dim.d_moy", 
          "date_dim.d_dom", 
          "date_dim.d_qoy", 
          "date_dim.d_fy_year", 
          "date_dim.d_fy_quarter_seq", 
          "date_dim.d_fy_week_seq", 
          "date_dim.d_day_name", 
          "date_dim.d_quarter_name", 
          "date_dim.d_holiday", 
          "date_dim.d_weekend", 
          "date_dim.d_following_holiday", 
          "date_dim.d_first_dom", 
          "date_dim.d_last_dom", 
          "date_dim.d_same_day_ly", 
          "date_dim.d_same_day_lq", 
          "date_dim.d_current_day", 
          "date_dim.d_current_week", 
          "date_dim.d_current_month", 
          "date_dim.d_current_quarter", 
          "date_dim.d_current_year"
         ], 
         "Parent Relationship": "Inner", 
         "Schema": "pg_temp_2", 
         "Index Name": "date_dim_pkey"
        }
       ], 
       "Node Type": "Nested Loop", 
       "Plan Rows": 1, 
       "Join Type": "Inner", 
       "Parallel Aware": false, 
       "Output": [
        "catalog_sales.cs_ext_discount_amt"
       ], 
       "Parent Relationship": "Outer", 
       "Plan Width": 14, 
       "Total Cost": 35.39
      }
     ], 
     "Node Type": "Aggregate", 
     "Strategy": "Plain", 
     "Plan Rows": 1, 
     "Parallel Aware": false, 
     "Output": [
      "sum(catalog_sales.cs_ext_discount_amt)"
     ], 
     "Parent Relationship": "Outer", 
     "Plan Width": 32, 
     "Total Cost": 35.4
    }
   ], 
   "Node Type": "Limit", 
   "Plan Rows": 1, 
   "Parallel Aware": false, 
   "Output": [
    "(sum(catalog_sales.cs_ext_discount_amt))"
   ], 
   "Plan Width": 32, 
   "Total Cost": 35.4
  }
 }
]