[
 {
  "Plan": {
   "Startup Cost": 30.16, 
   "Plans": [
    {
     "Partial Mode": "Simple", 
     "Startup Cost": 30.16, 
     "Plans": [
      {
       "Startup Cost": 30.16, 
       "Plans": [
        {
         "Startup Cost": 15.61, 
         "Plans": [
          {
           "Startup Cost": 15.47, 
           "Plans": [
            {
             "Startup Cost": 15.33, 
             "Plans": [
              {
               "Startup Cost": 15.18, 
               "Plans": [
                {
                 "Startup Cost": 15.03, 
                 "Plans": [
                  {
                   "Startup Cost": 14.89, 
                   "Plans": [
                    {
                     "Hash Cond": "(catalog_sales.cs_sold_date_sk = d3.d_date_sk)", 
                     "Startup Cost": 14.74, 
                     "Plans": [
                      {
                       "Startup Cost": 0.0, 
                       "Plan Width": 26, 
                       "Node Type": "Seq Scan", 
                       "Plan Rows": 260, 
                       "Relation Name": "catalog_sales", 
                       "Alias": "catalog_sales", 
                       "Parallel Aware": false, 
                       "Output": [
                        "catalog_sales.cs_sold_date_sk", 
                        "catalog_sales.cs_sold_time_sk", 
                        "catalog_sales.cs_ship_date_sk", 
                        "catalog_sales.cs_bill_customer_sk", 
                        "catalog_sales.cs_bill_cdemo_sk", 
                        "catalog_sales.cs_bill_hdemo_sk", 
                        "catalog_sales.cs_bill_addr_sk", 
                        "catalog_sales.cs_ship_customer_sk", 
                        "catalog_sales.cs_ship_cdemo_sk", 
                        "catalog_sales.cs_ship_hdemo_sk", 
                        "catalog_sales.cs_ship_addr_sk", 
                        "catalog_sales.cs_call_center_sk", 
                        "catalog_sales.cs_catalog_page_sk", 
                        "catalog_sales.cs_ship_mode_sk", 
                        "catalog_sales.cs_warehouse_sk", 
                        "catalog_sales.cs_item_sk", 
                        "catalog_sales.cs_promo_sk", 
                        "catalog_sales.cs_order_number", 
                        "catalog_sales.cs_quantity", 
                        "catalog_sales.cs_wholesale_cost", 
                        "catalog_sales.cs_list_price", 
                        "catalog_sales.cs_sales_price", 
                        "catalog_sales.cs_ext_discount_amt", 
                        "catalog_sales.cs_ext_sales_price", 
                        "catalog_sales.cs_ext_wholesale_cost", 
                        "catalog_sales.cs_ext_list_price", 
                        "catalog_sales.cs_ext_tax", 
                        "catalog_sales.cs_coupon_amt", 
                        "catalog_sales.cs_ext_ship_cost", 
                        "catalog_sales.cs_net_paid", 
                        "catalog_sales.cs_net_paid_inc_tax", 
                        "catalog_sales.cs_net_paid_inc_ship", 
                        "catalog_sales.cs_net_paid_inc_ship_tax", 
                        "catalog_sales.cs_net_profit"
                       ], 
                       "Parent Relationship": "Outer", 
                       "Total Cost": 12.6, 
                       "Schema": "pg_temp_2"
                      }, 
                      {
                       "Startup Cost": 14.73, 
                       "Plans": [
                        {
                         "Filter": "((d3.d_moy >= 4) AND (d3.d_moy <= 10) AND (d3.d_year = 2002))", 
                         "Startup Cost": 0.0, 
                         "Plan Width": 4, 
                         "Node Type": "Seq Scan", 
                         "Plan Rows": 1, 
                         "Relation Name": "date_dim", 
                         "Alias": "d3", 
                         "Parallel Aware": false, 
                         "Output": [
                          "d3.d_date_sk"
                         ], 
                         "Parent Relationship": "Outer", 
                         "Total Cost": 14.73, 
                         "Schema": "pg_temp_2"
                        }
                       ], 
                       "Node Type": "Hash", 
                       "Plan Rows": 1, 
                       "Parallel Aware": false, 
                       "Output": [
                        "d3.d_date_sk"
                       ], 
                       "Parent Relationship": "Inner", 
                       "Plan Width": 4, 
                       "Total Cost": 14.73
                      }
                     ], 
                     "Node Type": "Hash Join", 
                     "Plan Rows": 1, 
                     "Join Type": "Inner", 
                     "Parallel Aware": false, 
                     "Output": [
                      "catalog_sales.cs_net_profit", 
                      "catalog_sales.cs_bill_customer_sk", 
                      "catalog_sales.cs_item_sk"
                     ], 
                     "Parent Relationship": "Outer", 
                     "Plan Width": 22, 
                     "Total Cost": 28.32
                    }, 
                    {
                     "Index Cond": "(store_returns.sr_item_sk = catalog_sales.cs_item_sk)", 
                     "Startup Cost": 0.15, 
                     "Scan Direction": "Forward", 
                     "Plan Width": 30, 
                     "Node Type": "Index Scan", 
                     "Total Cost": 0.36, 
                     "Plan Rows": 1, 
                     "Relation Name": "store_returns", 
                     "Alias": "store_returns", 
                     "Parallel Aware": false, 
                     "Filter": "(catalog_sales.cs_bill_customer_sk = store_returns.sr_customer_sk)", 
                     "Output": [
                      "store_returns.sr_returned_date_sk", 
                      "store_returns.sr_return_time_sk", 
                      "store_returns.sr_item_sk", 
                      "store_returns.sr_customer_sk", 
                      "store_returns.sr_cdemo_sk", 
                      "store_returns.sr_hdemo_sk", 
                      "store_returns.sr_addr_sk", 
                      "store_returns.sr_store_sk", 
                      "store_returns.sr_reason_sk", 
                      "store_returns.sr_ticket_number", 
                      "store_returns.sr_return_quantity", 
                      "store_returns.sr_return_amt", 
                      "store_returns.sr_return_tax", 
                      "store_returns.sr_return_amt_inc_tax", 
                      "store_returns.sr_fee", 
                      "store_returns.sr_return_ship_cost", 
                      "store_returns.sr_refunded_cash", 
                      "store_returns.sr_reversed_charge", 
                      "store_returns.sr_store_credit", 
                      "store_returns.sr_net_loss"
                     ], 
                     "Parent Relationship": "Inner", 
                     "Schema": "pg_temp_2", 
                     "Index Name": "store_returns_pkey"
                    }
                   ], 
                   "Node Type": "Nested Loop", 
                   "Plan Rows": 1, 
                   "Join Type": "Inner", 
                   "Parallel Aware": false, 
                   "Output": [
                    "store_returns.sr_net_loss", 
                    "store_returns.sr_customer_sk", 
                    "store_returns.sr_item_sk", 
                    "store_returns.sr_ticket_number", 
                    "store_returns.sr_returned_date_sk", 
                    "catalog_sales.cs_net_profit", 
                    "catalog_sales.cs_bill_customer_sk", 
                    "catalog_sales.cs_item_sk"
                   ], 
                   "Parent Relationship": "Outer", 
                   "Plan Width": 52, 
                   "Total Cost": 28.69
                  }, 
                  {
                   "Index Cond": "((store_sales.ss_item_sk = store_returns.sr_item_sk) AND (store_sales.ss_ticket_number = store_returns.sr_ticket_number))", 
                   "Startup Cost": 0.15, 
                   "Scan Direction": "Forward", 
                   "Plan Width": 34, 
                   "Node Type": "Index Scan", 
                   "Total Cost": 0.28, 
                   "Plan Rows": 1, 
                   "Relation Name": "store_sales", 
                   "Alias": "store_sales", 
                   "Parallel Aware": false, 
                   "Filter": "(store_returns.sr_customer_sk = store_sales.ss_customer_sk)", 
                   "Output": [
                    "store_sales.ss_sold_date_sk", 
                    "store_sales.ss_sold_time_sk", 
                    "store_sales.ss_item_sk", 
                    "store_sales.ss_customer_sk", 
                    "store_sales.ss_cdemo_sk", 
                    "store_sales.ss_hdemo_sk", 
                    "store_sales.ss_addr_sk", 
                    "store_sales.ss_store_sk", 
                    "store_sales.ss_promo_sk", 
                    "store_sales.ss_ticket_number", 
                    "store_sales.ss_quantity", 
                    "store_sales.ss_wholesale_cost", 
                    "store_sales.ss_list_price", 
                    "store_sales.ss_sales_price", 
                    "store_sales.ss_ext_discount_amt", 
                    "store_sales.ss_ext_sales_price", 
                    "store_sales.ss_ext_wholesale_cost", 
                    "store_sales.ss_ext_list_price", 
                    "store_sales.ss_ext_tax", 
                    "store_sales.ss_coupon_amt", 
                    "store_sales.ss_net_paid", 
                    "store_sales.ss_net_paid_inc_tax", 
                    "store_sales.ss_net_profit"
                   ], 
                   "Parent Relationship": "Inner", 
                   "Schema": "pg_temp_2", 
                   "Index Name": "store_sales_pkey"
                  }
                 ], 
                 "Node Type": "Nested Loop", 
                 "Plan Rows": 1, 
                 "Join Type": "Inner", 
                 "Parallel Aware": false, 
                 "Output": [
                  "store_sales.ss_net_profit", 
                  "store_sales.ss_sold_date_sk", 
                  "store_sales.ss_item_sk", 
                  "store_sales.ss_store_sk", 
                  "store_returns.sr_net_loss", 
                  "store_returns.sr_item_sk", 
                  "store_returns.sr_returned_date_sk", 
                  "catalog_sales.cs_net_profit", 
                  "catalog_sales.cs_item_sk"
                 ], 
                 "Parent Relationship": "Outer", 
                 "Plan Width": 66, 
                 "Total Cost": 28.98
                }, 
                {
                 "Index Cond": "(d1.d_date_sk = store_sales.ss_sold_date_sk)", 
                 "Startup Cost": 0.15, 
                 "Scan Direction": "Forward", 
                 "Plan Width": 4, 
                 "Node Type": "Index Scan", 
                 "Total Cost": 0.3, 
                 "Plan Rows": 1, 
                 "Relation Name": "date_dim", 
                 "Alias": "d1", 
                 "Parallel Aware": false, 
                 "Filter": "((d1.d_moy = 4) AND (d1.d_year = 2002))", 
                 "Output": [
                  "d1.d_date_sk", 
                  "d1.d_date_id", 
                  "d1.d_date", 
                  "d1.d_month_seq", 
                  "d1.d_week_seq", 
                  "d1.d_quarter_seq", 
                  "d1.d_year", 
                  "d1.d_dow", 
                  "d1.d_moy", 
                  "d1.d_dom", 
                  "d1.d_qoy", 
                  "d1.d_fy_year", 
                  "d1.d_fy_quarter_seq", 
                  "d1.d_fy_week_seq", 
                  "d1.d_day_name", 
                  "d1.d_quarter_name", 
                  "d1.d_holiday", 
                  "d1.d_weekend", 
                  "d1.d_following_holiday", 
                  "d1.d_first_dom", 
                  "d1.d_last_dom", 
                  "d1.d_same_day_ly", 
                  "d1.d_same_day_lq", 
                  "d1.d_current_day", 
                  "d1.d_current_week", 
                  "d1.d_current_month", 
                  "d1.d_current_quarter", 
                  "d1.d_current_year"
                 ], 
                 "Parent Relationship": "Inner", 
                 "Schema": "pg_temp_2", 
                 "Index Name": "date_dim_pkey"
                }
               ], 
               "Node Type": "Nested Loop", 
               "Plan Rows": 1, 
               "Join Type": "Inner", 
               "Parallel Aware": false, 
               "Output": [
                "store_sales.ss_net_profit", 
                "store_sales.ss_item_sk", 
                "store_sales.ss_store_sk", 
                "store_returns.sr_net_loss", 
                "store_returns.sr_item_sk", 
                "store_returns.sr_returned_date_sk", 
                "catalog_sales.cs_net_profit", 
                "catalog_sales.cs_item_sk"
               ], 
               "Parent Relationship": "Outer", 
               "Plan Width": 62, 
               "Total Cost": 29.29
              }, 
              {
               "Index Cond": "(d2.d_date_sk = store_returns.sr_returned_date_sk)", 
               "Startup Cost": 0.15, 
               "Scan Direction": "Forward", 
               "Plan Width": 4, 
               "Node Type": "Index Scan", 
               "Total Cost": 0.28, 
               "Plan Rows": 1, 
               "Relation Name": "date_dim", 
               "Alias": "d2", 
               "Parallel Aware": false, 
               "Filter": "((d2.d_moy >= 4) AND (d2.d_moy <= 10) AND (d2.d_year = 2002))", 
               "Output": [
                "d2.d_date_sk", 
                "d2.d_date_id", 
                "d2.d_date", 
                "d2.d_month_seq", 
                "d2.d_week_seq", 
                "d2.d_quarter_seq", 
                "d2.d_year", 
                "d2.d_dow", 
                "d2.d_moy", 
                "d2.d_dom", 
                "d2.d_qoy", 
                "d2.d_fy_year", 
                "d2.d_fy_quarter_seq", 
                "d2.d_fy_week_seq", 
                "d2.d_day_name", 
                "d2.d_quarter_name", 
                "d2.d_holiday", 
                "d2.d_weekend", 
                "d2.d_following_holiday", 
                "d2.d_first_dom", 
                "d2.d_last_dom", 
                "d2.d_same_day_ly", 
                "d2.d_same_day_lq", 
                "d2.d_current_day", 
                "d2.d_current_week", 
                "d2.d_current_month", 
                "d2.d_current_quarter", 
                "d2.d_current_year"
               ], 
               "Parent Relationship": "Inner", 
               "Schema": "pg_temp_2", 
               "Index Name": "date_dim_pkey"
              }
             ], 
             "Node Type": "Nested Loop", 
             "Plan Rows": 1, 
             "Join Type": "Inner", 
             "Parallel Aware": false, 
             "Output": [
              "store_sales.ss_net_profit", 
              "store_sales.ss_item_sk", 
              "store_sales.ss_store_sk", 
              "store_returns.sr_net_loss", 
              "store_returns.sr_item_sk", 
              "catalog_sales.cs_net_profit", 
              "catalog_sales.cs_item_sk"
             ], 
             "Parent Relationship": "Outer", 
             "Plan Width": 58, 
             "Total Cost": 29.58
            }, 
            {
             "Index Cond": "(store.s_store_sk = store_sales.ss_store_sk)", 
             "Startup Cost": 0.14, 
             "Scan Direction": "Forward", 
             "Plan Width": 190, 
             "Node Type": "Index Scan", 
             "Total Cost": 0.29, 
             "Plan Rows": 1, 
             "Relation Name": "store", 
             "Alias": "store", 
             "Parallel Aware": false, 
             "Output": [
              "store.s_store_sk", 
              "store.s_store_id", 
              "store.s_rec_start_date", 
              "store.s_rec_end_date", 
              "store.s_closed_date_sk", 
              "store.s_store_name", 
              "store.s_number_employees", 
              "store.s_floor_space", 
              "store.s_hours", 
              "store.s_manager", 
              "store.s_market_id", 
              "store.s_geography_class", 
              "store.s_market_desc", 
              "store.s_market_manager", 
              "store.s_division_id", 
              "store.s_division_name", 
              "store.s_company_id", 
              "store.s_company_name", 
              "store.s_street_number", 
              "store.s_street_name", 
              "store.s_street_type", 
              "store.s_suite_number", 
              "store.s_city", 
              "store.s_county", 
              "store.s_state", 
              "store.s_zip", 
              "store.s_country", 
              "store.s_gmt_offset", 
              "store.s_tax_precentage"
             ], 
             "Parent Relationship": "Inner", 
             "Schema": "pg_temp_2", 
             "Index Name": "store_pkey"
            }
           ], 
           "Node Type": "Nested Loop", 
           "Plan Rows": 1, 
           "Join Type": "Inner", 
           "Parallel Aware": false, 
           "Output": [
            "store_sales.ss_net_profit", 
            "store_sales.ss_item_sk", 
            "store_returns.sr_net_loss", 
            "store_returns.sr_item_sk", 
            "catalog_sales.cs_net_profit", 
            "catalog_sales.cs_item_sk", 
            "store.s_store_id", 
            "store.s_store_name"
           ], 
           "Parent Relationship": "Outer", 
           "Plan Width": 240, 
           "Total Cost": 29.87
          }, 
          {
           "Index Cond": "(item.i_item_sk = store_returns.sr_item_sk)", 
           "Startup Cost": 0.14, 
           "Scan Direction": "Forward", 
           "Plan Width": 490, 
           "Node Type": "Index Scan", 
           "Total Cost": 0.26, 
           "Plan Rows": 1, 
           "Relation Name": "item", 
           "Alias": "item", 
           "Parallel Aware": false, 
           "Output": [
            "item.i_item_sk", 
            "item.i_item_id", 
            "item.i_rec_start_date", 
            "item.i_rec_end_date", 
            "item.i_item_desc", 
            "item.i_current_price", 
            "item.i_wholesale_cost", 
            "item.i_brand_id", 
            "item.i_brand", 
            "item.i_class_id", 
            "item.i_class", 
            "item.i_category_id", 
            "item.i_category", 
            "item.i_manufact_id", 
            "item.i_manufact", 
            "item.i_size", 
            "item.i_formulation", 
            "item.i_color", 
            "item.i_units", 
            "item.i_container", 
            "item.i_manager_id", 
            "item.i_product_name"
           ], 
           "Parent Relationship": "Inner", 
           "Schema": "pg_temp_2", 
           "Index Name": "item_pkey"
          }
         ], 
         "Node Type": "Nested Loop", 
         "Plan Rows": 1, 
         "Join Type": "Inner", 
         "Parallel Aware": false, 
         "Output": [
          "item.i_item_id", 
          "item.i_item_desc", 
          "store.s_store_id", 
          "store.s_store_name", 
          "store_sales.ss_net_profit", 
          "store_returns.sr_net_loss", 
          "catalog_sales.cs_net_profit"
         ], 
         "Parent Relationship": "Outer", 
         "Plan Width": 714, 
         "Join Filter": "(store_sales.ss_item_sk = item.i_item_sk)", 
         "Total Cost": 30.15
        }
       ], 
       "Sort Key": [
        "item.i_item_id", 
        "item.i_item_desc", 
        "store.s_store_id", 
        "store.s_store_name"
       ], 
       "Node Type": "Sort", 
       "Plan Rows": 1, 
       "Parallel Aware": false, 
       "Output": [
        "item.i_item_id", 
        "item.i_item_desc", 
        "store.s_store_id", 
        "store.s_store_name", 
        "store_sales.ss_net_profit", 
        "store_returns.sr_net_loss", 
        "catalog_sales.cs_net_profit"
       ], 
       "Parent Relationship": "Outer", 
       "Plan Width": 714, 
       "Total Cost": 30.17
      }
     ], 
     "Group Key": [
      "item.i_item_id", 
      "item.i_item_desc", 
      "store.s_store_id", 
      "store.s_store_name"
     ], 
     "Node Type": "Aggregate", 
     "Strategy": "Sorted", 
     "Plan Rows": 1, 
     "Parallel Aware": false, 
     "Output": [
      "item.i_item_id", 
      "item.i_item_desc", 
      "store.s_store_id", 
      "store.s_store_name", 
      "sum(store_sales.ss_net_profit)", 
      "sum(store_returns.sr_net_loss)", 
      "sum(catalog_sales.cs_net_profit)"
     ], 
     "Parent Relationship": "Outer", 
     "Plan Width": 768, 
     "Total Cost": 30.2
    }
   ], 
   "Node Type": "Limit", 
   "Plan Rows": 1, 
   "Parallel Aware": false, 
   "Output": [
    "item.i_item_id", 
    "item.i_item_desc", 
    "store.s_store_id", 
    "store.s_store_name", 
    "(sum(store_sales.ss_net_profit))", 
    "(sum(store_returns.sr_net_loss))", 
    "(sum(catalog_sales.cs_net_profit))"
   ], 
   "Plan Width": 768, 
   "Total Cost": 30.2
  }
 }
]