[
 {
  "Plan": {
   "Startup Cost": 85.17, 
   "Plans": [
    {
     "Partial Mode": "Simple", 
     "Startup Cost": 85.17, 
     "Plans": [
      {
       "Startup Cost": 29.06, 
       "Plans": [
        {
         "Startup Cost": 29.06, 
         "Plans": [
          {
           "Startup Cost": 29.06, 
           "Plans": [
            {
             "Startup Cost": 29.06, 
             "Plans": [
              {
               "Startup Cost": 29.06, 
               "Plans": [
                {
                 "Startup Cost": 29.06, 
                 "Plans": [
                  {
                   "Startup Cost": 29.06, 
                   "Plans": [
                    {
                     "Startup Cost": 29.06, 
                     "Plans": [
                      {
                       "Startup Cost": 29.06, 
                       "Plans": [
                        {
                         "Startup Cost": 14.21, 
                         "Plans": [
                          {
                           "Hash Cond": "(store_sales.ss_sold_date_sk = date_dim.d_date_sk)", 
                           "Startup Cost": 14.06, 
                           "Plans": [
                            {
                             "Startup Cost": 0.0, 
                             "Plan Width": 8, 
                             "Node Type": "Seq Scan", 
                             "Plan Rows": 340, 
                             "Relation Name": "store_sales", 
                             "Alias": "store_sales", 
                             "Parallel Aware": false, 
                             "Output": [
                              "store_sales.ss_sold_date_sk", 
                              "store_sales.ss_sold_time_sk", 
                              "store_sales.ss_item_sk", 
                              "store_sales.ss_customer_sk", 
                              "store_sales.ss_cdemo_sk", 
                              "store_sales.ss_hdemo_sk", 
                              "store_sales.ss_addr_sk", 
                              "store_sales.ss_store_sk", 
                              "store_sales.ss_promo_sk", 
                              "store_sales.ss_ticket_number", 
                              "store_sales.ss_quantity", 
                              "store_sales.ss_wholesale_cost", 
                              "store_sales.ss_list_price", 
                              "store_sales.ss_sales_price", 
                              "store_sales.ss_ext_discount_amt", 
                              "store_sales.ss_ext_sales_price", 
                              "store_sales.ss_ext_wholesale_cost", 
                              "store_sales.ss_ext_list_price", 
                              "store_sales.ss_ext_tax", 
                              "store_sales.ss_coupon_amt", 
                              "store_sales.ss_net_paid", 
                              "store_sales.ss_net_paid_inc_tax", 
                              "store_sales.ss_net_profit"
                             ], 
                             "Parent Relationship": "Outer", 
                             "Total Cost": 13.4, 
                             "Schema": "pg_temp_2"
                            }, 
                            {
                             "Startup Cost": 14.05, 
                             "Plans": [
                              {
                               "Filter": "((date_dim.d_month_seq >= 1176) AND (date_dim.d_month_seq <= 1187))", 
                               "Startup Cost": 0.0, 
                               "Plan Width": 8, 
                               "Node Type": "Seq Scan", 
                               "Plan Rows": 1, 
                               "Relation Name": "date_dim", 
                               "Alias": "date_dim", 
                               "Parallel Aware": false, 
                               "Output": [
                                "date_dim.d_date", 
                                "date_dim.d_date_sk"
                               ], 
                               "Parent Relationship": "Outer", 
                               "Total Cost": 14.05, 
                               "Schema": "pg_temp_2"
                              }
                             ], 
                             "Node Type": "Hash", 
                             "Plan Rows": 1, 
                             "Parallel Aware": false, 
                             "Output": [
                              "date_dim.d_date", 
                              "date_dim.d_date_sk"
                             ], 
                             "Parent Relationship": "Inner", 
                             "Plan Width": 8, 
                             "Total Cost": 14.05
                            }
                           ], 
                           "Node Type": "Hash Join", 
                           "Plan Rows": 1, 
                           "Join Type": "Inner", 
                           "Parallel Aware": false, 
                           "Output": [
                            "store_sales.ss_customer_sk", 
                            "date_dim.d_date"
                           ], 
                           "Parent Relationship": "Outer", 
                           "Plan Width": 8, 
                           "Total Cost": 28.75
                          }, 
                          {
                           "Index Cond": "(customer.c_customer_sk = store_sales.ss_customer_sk)", 
                           "Startup Cost": 0.14, 
                           "Scan Direction": "Forward", 
                           "Plan Width": 212, 
                           "Node Type": "Index Scan", 
                           "Total Cost": 0.29, 
                           "Plan Rows": 1, 
                           "Relation Name": "customer", 
                           "Alias": "customer", 
                           "Parallel Aware": false, 
                           "Output": [
                            "customer.c_customer_sk", 
                            "customer.c_customer_id", 
                            "customer.c_current_cdemo_sk", 
                            "customer.c_current_hdemo_sk", 
                            "customer.c_current_addr_sk", 
                            "customer.c_first_shipto_date_sk", 
                            "customer.c_first_sales_date_sk", 
                            "customer.c_salutation", 
                            "customer.c_first_name", 
                            "customer.c_last_name", 
                            "customer.c_preferred_cust_flag", 
                            "customer.c_birth_day", 
                            "customer.c_birth_month", 
                            "customer.c_birth_year", 
                            "customer.c_birth_country", 
                            "customer.c_login", 
                            "customer.c_email_address", 
                            "customer.c_last_review_date"
                           ], 
                           "Parent Relationship": "Inner", 
                           "Schema": "pg_temp_2", 
                           "Index Name": "customer_pkey"
                          }
                         ], 
                         "Node Type": "Nested Loop", 
                         "Plan Rows": 1, 
                         "Join Type": "Inner", 
                         "Parallel Aware": false, 
                         "Output": [
                          "customer.c_last_name", 
                          "customer.c_first_name", 
                          "date_dim.d_date"
                         ], 
                         "Parent Relationship": "Outer", 
                         "Plan Width": 212, 
                         "Total Cost": 29.05
                        }
                       ], 
                       "Sort Key": [
                        "customer.c_last_name", 
                        "customer.c_first_name", 
                        "date_dim.d_date"
                       ], 
                       "Node Type": "Sort", 
                       "Plan Rows": 1, 
                       "Parallel Aware": false, 
                       "Output": [
                        "customer.c_last_name", 
                        "customer.c_first_name", 
                        "date_dim.d_date"
                       ], 
                       "Parent Relationship": "Outer", 
                       "Plan Width": 212, 
                       "Total Cost": 29.06
                      }
                     ], 
                     "Node Type": "Unique", 
                     "Plan Rows": 1, 
                     "Parallel Aware": false, 
                     "Output": [
                      "customer.c_last_name", 
                      "customer.c_first_name", 
                      "date_dim.d_date"
                     ], 
                     "Parent Relationship": "Subquery", 
                     "Plan Width": 212, 
                     "Total Cost": 29.07
                    }
                   ], 
                   "Node Type": "Subquery Scan", 
                   "Plan Rows": 1, 
                   "Alias": "*SELECT* 1", 
                   "Parallel Aware": false, 
                   "Output": [
                    "\"*SELECT* 1\".c_last_name", 
                    "\"*SELECT* 1\".c_first_name", 
                    "\"*SELECT* 1\".d_date", 
                    "0"
                   ], 
                   "Parent Relationship": "Member", 
                   "Plan Width": 216, 
                   "Total Cost": 29.08
                  }, 
                  {
                   "Startup Cost": 28.0, 
                   "Plans": [
                    {
                     "Startup Cost": 28.0, 
                     "Plans": [
                      {
                       "Startup Cost": 28.0, 
                       "Plans": [
                        {
                         "Startup Cost": 14.21, 
                         "Plans": [
                          {
                           "Hash Cond": "(catalog_sales.cs_sold_date_sk = date_dim_1.d_date_sk)", 
                           "Startup Cost": 14.06, 
                           "Plans": [
                            {
                             "Startup Cost": 0.0, 
                             "Plan Width": 8, 
                             "Node Type": "Seq Scan", 
                             "Plan Rows": 260, 
                             "Relation Name": "catalog_sales", 
                             "Alias": "catalog_sales", 
                             "Parallel Aware": false, 
                             "Output": [
                              "catalog_sales.cs_sold_date_sk", 
                              "catalog_sales.cs_sold_time_sk", 
                              "catalog_sales.cs_ship_date_sk", 
                              "catalog_sales.cs_bill_customer_sk", 
                              "catalog_sales.cs_bill_cdemo_sk", 
                              "catalog_sales.cs_bill_hdemo_sk", 
                              "catalog_sales.cs_bill_addr_sk", 
                              "catalog_sales.cs_ship_customer_sk", 
                              "catalog_sales.cs_ship_cdemo_sk", 
                              "catalog_sales.cs_ship_hdemo_sk", 
                              "catalog_sales.cs_ship_addr_sk", 
                              "catalog_sales.cs_call_center_sk", 
                              "catalog_sales.cs_catalog_page_sk", 
                              "catalog_sales.cs_ship_mode_sk", 
                              "catalog_sales.cs_warehouse_sk", 
                              "catalog_sales.cs_item_sk", 
                              "catalog_sales.cs_promo_sk", 
                              "catalog_sales.cs_order_number", 
                              "catalog_sales.cs_quantity", 
                              "catalog_sales.cs_wholesale_cost", 
                              "catalog_sales.cs_list_price", 
                              "catalog_sales.cs_sales_price", 
                              "catalog_sales.cs_ext_discount_amt", 
                              "catalog_sales.cs_ext_sales_price", 
                              "catalog_sales.cs_ext_wholesale_cost", 
                              "catalog_sales.cs_ext_list_price", 
                              "catalog_sales.cs_ext_tax", 
                              "catalog_sales.cs_coupon_amt", 
                              "catalog_sales.cs_ext_ship_cost", 
                              "catalog_sales.cs_net_paid", 
                              "catalog_sales.cs_net_paid_inc_tax", 
                              "catalog_sales.cs_net_paid_inc_ship", 
                              "catalog_sales.cs_net_paid_inc_ship_tax", 
                              "catalog_sales.cs_net_profit"
                             ], 
                             "Parent Relationship": "Outer", 
                             "Total Cost": 12.6, 
                             "Schema": "pg_temp_2"
                            }, 
                            {
                             "Startup Cost": 14.05, 
                             "Plans": [
                              {
                               "Filter": "((date_dim_1.d_month_seq >= 1176) AND (date_dim_1.d_month_seq <= 1187))", 
                               "Startup Cost": 0.0, 
                               "Plan Width": 8, 
                               "Node Type": "Seq Scan", 
                               "Plan Rows": 1, 
                               "Relation Name": "date_dim", 
                               "Alias": "date_dim_1", 
                               "Parallel Aware": false, 
                               "Output": [
                                "date_dim_1.d_date", 
                                "date_dim_1.d_date_sk"
                               ], 
                               "Parent Relationship": "Outer", 
                               "Total Cost": 14.05, 
                               "Schema": "pg_temp_2"
                              }
                             ], 
                             "Node Type": "Hash", 
                             "Plan Rows": 1, 
                             "Parallel Aware": false, 
                             "Output": [
                              "date_dim_1.d_date", 
                              "date_dim_1.d_date_sk"
                             ], 
                             "Parent Relationship": "Inner", 
                             "Plan Width": 8, 
                             "Total Cost": 14.05
                            }
                           ], 
                           "Node Type": "Hash Join", 
                           "Plan Rows": 1, 
                           "Join Type": "Inner", 
                           "Parallel Aware": false, 
                           "Output": [
                            "catalog_sales.cs_bill_customer_sk", 
                            "date_dim_1.d_date"
                           ], 
                           "Parent Relationship": "Outer", 
                           "Plan Width": 8, 
                           "Total Cost": 27.65
                          }, 
                          {
                           "Index Cond": "(customer_1.c_customer_sk = catalog_sales.cs_bill_customer_sk)", 
                           "Startup Cost": 0.14, 
                           "Scan Direction": "Forward", 
                           "Plan Width": 212, 
                           "Node Type": "Index Scan", 
                           "Total Cost": 0.33, 
                           "Plan Rows": 1, 
                           "Relation Name": "customer", 
                           "Alias": "customer_1", 
                           "Parallel Aware": false, 
                           "Output": [
                            "customer_1.c_customer_sk", 
                            "customer_1.c_customer_id", 
                            "customer_1.c_current_cdemo_sk", 
                            "customer_1.c_current_hdemo_sk", 
                            "customer_1.c_current_addr_sk", 
                            "customer_1.c_first_shipto_date_sk", 
                            "customer_1.c_first_sales_date_sk", 
                            "customer_1.c_salutation", 
                            "customer_1.c_first_name", 
                            "customer_1.c_last_name", 
                            "customer_1.c_preferred_cust_flag", 
                            "customer_1.c_birth_day", 
                            "customer_1.c_birth_month", 
                            "customer_1.c_birth_year", 
                            "customer_1.c_birth_country", 
                            "customer_1.c_login", 
                            "customer_1.c_email_address", 
                            "customer_1.c_last_review_date"
                           ], 
                           "Parent Relationship": "Inner", 
                           "Schema": "pg_temp_2", 
                           "Index Name": "customer_pkey"
                          }
                         ], 
                         "Node Type": "Nested Loop", 
                         "Plan Rows": 1, 
                         "Join Type": "Inner", 
                         "Parallel Aware": false, 
                         "Output": [
                          "customer_1.c_last_name", 
                          "customer_1.c_first_name", 
                          "date_dim_1.d_date"
                         ], 
                         "Parent Relationship": "Outer", 
                         "Plan Width": 212, 
                         "Total Cost": 27.99
                        }
                       ], 
                       "Sort Key": [
                        "customer_1.c_last_name", 
                        "customer_1.c_first_name", 
                        "date_dim_1.d_date"
                       ], 
                       "Node Type": "Sort", 
                       "Plan Rows": 1, 
                       "Parallel Aware": false, 
                       "Output": [
                        "customer_1.c_last_name", 
                        "customer_1.c_first_name", 
                        "date_dim_1.d_date"
                       ], 
                       "Parent Relationship": "Outer", 
                       "Plan Width": 212, 
                       "Total Cost": 28.0
                      }
                     ], 
                     "Node Type": "Unique", 
                     "Plan Rows": 1, 
                     "Parallel Aware": false, 
                     "Output": [
                      "customer_1.c_last_name", 
                      "customer_1.c_first_name", 
                      "date_dim_1.d_date"
                     ], 
                     "Parent Relationship": "Subquery", 
                     "Plan Width": 212, 
                     "Total Cost": 28.01
                    }
                   ], 
                   "Node Type": "Subquery Scan", 
                   "Plan Rows": 1, 
                   "Alias": "*SELECT* 2", 
                   "Parallel Aware": false, 
                   "Output": [
                    "\"*SELECT* 2\".c_last_name", 
                    "\"*SELECT* 2\".c_first_name", 
                    "\"*SELECT* 2\".d_date", 
                    "1"
                   ], 
                   "Parent Relationship": "Member", 
                   "Plan Width": 216, 
                   "Total Cost": 28.02
                  }
                 ], 
                 "Node Type": "Append", 
                 "Plan Rows": 2, 
                 "Parallel Aware": false, 
                 "Parent Relationship": "Outer", 
                 "Plan Width": 216, 
                 "Total Cost": 57.1
                }
               ], 
               "Node Type": "SetOp", 
               "Strategy": "Hashed", 
               "Plan Rows": 1, 
               "Command": "Intersect", 
               "Parallel Aware": false, 
               "Output": [
                "\"*SELECT* 1\".c_last_name", 
                "\"*SELECT* 1\".c_first_name", 
                "\"*SELECT* 1\".d_date", 
                "(0)"
               ], 
               "Parent Relationship": "Outer", 
               "Plan Width": 216, 
               "Total Cost": 57.11
              }
             ], 
             "Node Type": "Result", 
             "Plan Rows": 1, 
             "Parallel Aware": false, 
             "Output": [
              "\"*SELECT* 1\".c_last_name", 
              "\"*SELECT* 1\".c_first_name", 
              "\"*SELECT* 1\".d_date", 
              "0"
             ], 
             "Parent Relationship": "Member", 
             "Plan Width": 216, 
             "Total Cost": 57.12
            }, 
            {
             "Startup Cost": 28.0, 
             "Plans": [
              {
               "Startup Cost": 28.0, 
               "Plans": [
                {
                 "Startup Cost": 28.0, 
                 "Plans": [
                  {
                   "Startup Cost": 14.21, 
                   "Plans": [
                    {
                     "Hash Cond": "(web_sales.ws_sold_date_sk = date_dim_2.d_date_sk)", 
                     "Startup Cost": 14.06, 
                     "Plans": [
                      {
                       "Startup Cost": 0.0, 
                       "Plan Width": 8, 
                       "Node Type": "Seq Scan", 
                       "Plan Rows": 260, 
                       "Relation Name": "web_sales", 
                       "Alias": "web_sales", 
                       "Parallel Aware": false, 
                       "Output": [
                        "web_sales.ws_sold_date_sk", 
                        "web_sales.ws_sold_time_sk", 
                        "web_sales.ws_ship_date_sk", 
                        "web_sales.ws_item_sk", 
                        "web_sales.ws_bill_customer_sk", 
                        "web_sales.ws_bill_cdemo_sk", 
                        "web_sales.ws_bill_hdemo_sk", 
                        "web_sales.ws_bill_addr_sk", 
                        "web_sales.ws_ship_customer_sk", 
                        "web_sales.ws_ship_cdemo_sk", 
                        "web_sales.ws_ship_hdemo_sk", 
                        "web_sales.ws_ship_addr_sk", 
                        "web_sales.ws_web_page_sk", 
                        "web_sales.ws_web_site_sk", 
                        "web_sales.ws_ship_mode_sk", 
                        "web_sales.ws_warehouse_sk", 
                        "web_sales.ws_promo_sk", 
                        "web_sales.ws_order_number", 
                        "web_sales.ws_quantity", 
                        "web_sales.ws_wholesale_cost", 
                        "web_sales.ws_list_price", 
                        "web_sales.ws_sales_price", 
                        "web_sales.ws_ext_discount_amt", 
                        "web_sales.ws_ext_sales_price", 
                        "web_sales.ws_ext_wholesale_cost", 
                        "web_sales.ws_ext_list_price", 
                        "web_sales.ws_ext_tax", 
                        "web_sales.ws_coupon_amt", 
                        "web_sales.ws_ext_ship_cost", 
                        "web_sales.ws_net_paid", 
                        "web_sales.ws_net_paid_inc_tax", 
                        "web_sales.ws_net_paid_inc_ship", 
                        "web_sales.ws_net_paid_inc_ship_tax", 
                        "web_sales.ws_net_profit"
                       ], 
                       "Parent Relationship": "Outer", 
                       "Total Cost": 12.6, 
                       "Schema": "pg_temp_2"
                      }, 
                      {
                       "Startup Cost": 14.05, 
                       "Plans": [
                        {
                         "Filter": "((date_dim_2.d_month_seq >= 1176) AND (date_dim_2.d_month_seq <= 1187))", 
                         "Startup Cost": 0.0, 
                         "Plan Width": 8, 
                         "Node Type": "Seq Scan", 
                         "Plan Rows": 1, 
                         "Relation Name": "date_dim", 
                         "Alias": "date_dim_2", 
                         "Parallel Aware": false, 
                         "Output": [
                          "date_dim_2.d_date", 
                          "date_dim_2.d_date_sk"
                         ], 
                         "Parent Relationship": "Outer", 
                         "Total Cost": 14.05, 
                         "Schema": "pg_temp_2"
                        }
                       ], 
                       "Node Type": "Hash", 
                       "Plan Rows": 1, 
                       "Parallel Aware": false, 
                       "Output": [
                        "date_dim_2.d_date", 
                        "date_dim_2.d_date_sk"
                       ], 
                       "Parent Relationship": "Inner", 
                       "Plan Width": 8, 
                       "Total Cost": 14.05
                      }
                     ], 
                     "Node Type": "Hash Join", 
                     "Plan Rows": 1, 
                     "Join Type": "Inner", 
                     "Parallel Aware": false, 
                     "Output": [
                      "web_sales.ws_bill_customer_sk", 
                      "date_dim_2.d_date"
                     ], 
                     "Parent Relationship": "Outer", 
                     "Plan Width": 8, 
                     "Total Cost": 27.65
                    }, 
                    {
                     "Index Cond": "(customer_2.c_customer_sk = web_sales.ws_bill_customer_sk)", 
                     "Startup Cost": 0.14, 
                     "Scan Direction": "Forward", 
                     "Plan Width": 212, 
                     "Node Type": "Index Scan", 
                     "Total Cost": 0.33, 
                     "Plan Rows": 1, 
                     "Relation Name": "customer", 
                     "Alias": "customer_2", 
                     "Parallel Aware": false, 
                     "Output": [
                      "customer_2.c_customer_sk", 
                      "customer_2.c_customer_id", 
                      "customer_2.c_current_cdemo_sk", 
                      "customer_2.c_current_hdemo_sk", 
                      "customer_2.c_current_addr_sk", 
                      "customer_2.c_first_shipto_date_sk", 
                      "customer_2.c_first_sales_date_sk", 
                      "customer_2.c_salutation", 
                      "customer_2.c_first_name", 
                      "customer_2.c_last_name", 
                      "customer_2.c_preferred_cust_flag", 
                      "customer_2.c_birth_day", 
                      "customer_2.c_birth_month", 
                      "customer_2.c_birth_year", 
                      "customer_2.c_birth_country", 
                      "customer_2.c_login", 
                      "customer_2.c_email_address", 
                      "customer_2.c_last_review_date"
                     ], 
                     "Parent Relationship": "Inner", 
                     "Schema": "pg_temp_2", 
                     "Index Name": "customer_pkey"
                    }
                   ], 
                   "Node Type": "Nested Loop", 
                   "Plan Rows": 1, 
                   "Join Type": "Inner", 
                   "Parallel Aware": false, 
                   "Output": [
                    "customer_2.c_last_name", 
                    "customer_2.c_first_name", 
                    "date_dim_2.d_date"
                   ], 
                   "Parent Relationship": "Outer", 
                   "Plan Width": 212, 
                   "Total Cost": 27.99
                  }
                 ], 
                 "Sort Key": [
                  "customer_2.c_last_name", 
                  "customer_2.c_first_name", 
                  "date_dim_2.d_date"
                 ], 
                 "Node Type": "Sort", 
                 "Plan Rows": 1, 
                 "Parallel Aware": false, 
                 "Output": [
                  "customer_2.c_last_name", 
                  "customer_2.c_first_name", 
                  "date_dim_2.d_date"
                 ], 
                 "Parent Relationship": "Outer", 
                 "Plan Width": 212, 
                 "Total Cost": 28.0
                }
               ], 
               "Node Type": "Unique", 
               "Plan Rows": 1, 
               "Parallel Aware": false, 
               "Output": [
                "customer_2.c_last_name", 
                "customer_2.c_first_name", 
                "date_dim_2.d_date"
               ], 
               "Parent Relationship": "Subquery", 
               "Plan Width": 212, 
               "Total Cost": 28.01
              }
             ], 
             "Node Type": "Subquery Scan", 
             "Plan Rows": 1, 
             "Alias": "*SELECT* 3", 
             "Parallel Aware": false, 
             "Output": [
              "\"*SELECT* 3\".c_last_name", 
              "\"*SELECT* 3\".c_first_name", 
              "\"*SELECT* 3\".d_date", 
              "1"
             ], 
             "Parent Relationship": "Member", 
             "Plan Width": 216, 
             "Total Cost": 28.02
            }
           ], 
           "Node Type": "Append", 
           "Plan Rows": 2, 
           "Parallel Aware": false, 
           "Parent Relationship": "Outer", 
           "Plan Width": 216, 
           "Total Cost": 85.14
          }
         ], 
         "Node Type": "SetOp", 
         "Strategy": "Hashed", 
         "Plan Rows": 1, 
         "Command": "Intersect", 
         "Parallel Aware": false, 
         "Output": [
          "\"*SELECT* 1\".c_last_name", 
          "\"*SELECT* 1\".c_first_name", 
          "\"*SELECT* 1\".d_date", 
          "(0)"
         ], 
         "Parent Relationship": "Subquery", 
         "Plan Width": 216, 
         "Total Cost": 85.16
        }
       ], 
       "Node Type": "Subquery Scan", 
       "Plan Rows": 1, 
       "Alias": "hot_cust", 
       "Parallel Aware": false, 
       "Output": [
        "hot_cust.c_last_name", 
        "hot_cust.c_first_name", 
        "hot_cust.d_date"
       ], 
       "Parent Relationship": "Outer", 
       "Plan Width": 0, 
       "Total Cost": 85.17
      }
     ], 
     "Node Type": "Aggregate", 
     "Strategy": "Plain", 
     "Plan Rows": 1, 
     "Parallel Aware": false, 
     "Output": [
      "count(*)"
     ], 
     "Parent Relationship": "Outer", 
     "Plan Width": 8, 
     "Total Cost": 85.18
    }
   ], 
   "Node Type": "Limit", 
   "Plan Rows": 1, 
   "Parallel Aware": false, 
   "Output": [
    "(count(*))"
   ], 
   "Plan Width": 8, 
   "Total Cost": 85.18
  }
 }
]