[
 {
  "Plan": {
   "Startup Cost": 109.24, 
   "Plans": [
    {
     "Partial Mode": "Simple", 
     "Startup Cost": 109.24, 
     "Plans": [
      {
       "Startup Cost": 109.24, 
       "Plans": [
        {
         "Startup Cost": 94.06, 
         "Plans": [
          {
           "Hash Cond": "(store_sales.ss_store_sk = store.s_store_sk)", 
           "Startup Cost": 93.92, 
           "Plans": [
            {
             "Startup Cost": 0.0, 
             "Plan Width": 22, 
             "Node Type": "Seq Scan", 
             "Plan Rows": 340, 
             "Relation Name": "store_sales", 
             "Alias": "store_sales", 
             "Parallel Aware": false, 
             "Output": [
              "store_sales.ss_sold_date_sk", 
              "store_sales.ss_sold_time_sk", 
              "store_sales.ss_item_sk", 
              "store_sales.ss_customer_sk", 
              "store_sales.ss_cdemo_sk", 
              "store_sales.ss_hdemo_sk", 
              "store_sales.ss_addr_sk", 
              "store_sales.ss_store_sk", 
              "store_sales.ss_promo_sk", 
              "store_sales.ss_ticket_number", 
              "store_sales.ss_quantity", 
              "store_sales.ss_wholesale_cost", 
              "store_sales.ss_list_price", 
              "store_sales.ss_sales_price", 
              "store_sales.ss_ext_discount_amt", 
              "store_sales.ss_ext_sales_price", 
              "store_sales.ss_ext_wholesale_cost", 
              "store_sales.ss_ext_list_price", 
              "store_sales.ss_ext_tax", 
              "store_sales.ss_coupon_amt", 
              "store_sales.ss_net_paid", 
              "store_sales.ss_net_paid_inc_tax", 
              "store_sales.ss_net_profit"
             ], 
             "Parent Relationship": "Outer", 
             "Total Cost": 13.4, 
             "Schema": "pg_temp_2"
            }, 
            {
             "Startup Cost": 93.9, 
             "Plans": [
              {
               "Startup Cost": 19.43, 
               "Plans": [
                {
                 "Startup Cost": 19.43, 
                 "Plans": [
                  {
                   "Startup Cost": 19.43, 
                   "Plans": [
                    {
                     "Startup Cost": 19.43, 
                     "Plans": [
                      {
                       "Startup Cost": 19.43, 
                       "Plans": [
                        {
                         "Startup Cost": 19.43, 
                         "Plans": [
                          {
                           "Partial Mode": "Simple", 
                           "Startup Cost": 19.43, 
                           "Plans": [
                            {
                             "Startup Cost": 19.43, 
                             "Plans": [
                              {
                               "Startup Cost": 0.14, 
                               "Plans": [
                                {
                                 "Filter": "(customer.c_preferred_cust_flag = 'Y'::bpchar)", 
                                 "Startup Cost": 0.0, 
                                 "Plan Width": 4, 
                                 "Node Type": "Seq Scan", 
                                 "Plan Rows": 1, 
                                 "Relation Name": "customer", 
                                 "Alias": "customer", 
                                 "Parallel Aware": false, 
                                 "Output": [
                                  "customer.c_customer_sk", 
                                  "customer.c_customer_id", 
                                  "customer.c_current_cdemo_sk", 
                                  "customer.c_current_hdemo_sk", 
                                  "customer.c_current_addr_sk", 
                                  "customer.c_first_shipto_date_sk", 
                                  "customer.c_first_sales_date_sk", 
                                  "customer.c_salutation", 
                                  "customer.c_first_name", 
                                  "customer.c_last_name", 
                                  "customer.c_preferred_cust_flag", 
                                  "customer.c_birth_day", 
                                  "customer.c_birth_month", 
                                  "customer.c_birth_year", 
                                  "customer.c_birth_country", 
                                  "customer.c_login", 
                                  "customer.c_email_address", 
                                  "customer.c_last_review_date"
                                 ], 
                                 "Parent Relationship": "Outer", 
                                 "Total Cost": 11.25, 
                                 "Schema": "pg_temp_2"
                                }, 
                                {
                                 "Index Cond": "(customer_address.ca_address_sk = customer.c_current_addr_sk)", 
                                 "Startup Cost": 0.14, 
                                 "Scan Direction": "Forward", 
                                 "Plan Width": 48, 
                                 "Node Type": "Index Scan", 
                                 "Total Cost": 8.16, 
                                 "Plan Rows": 1, 
                                 "Relation Name": "customer_address", 
                                 "Alias": "customer_address", 
                                 "Parallel Aware": false, 
                                 "Output": [
                                  "customer_address.ca_address_sk", 
                                  "customer_address.ca_address_id", 
                                  "customer_address.ca_street_number", 
                                  "customer_address.ca_street_name", 
                                  "customer_address.ca_street_type", 
                                  "customer_address.ca_suite_number", 
                                  "customer_address.ca_city", 
                                  "customer_address.ca_county", 
                                  "customer_address.ca_state", 
                                  "customer_address.ca_zip", 
                                  "customer_address.ca_country", 
                                  "customer_address.ca_gmt_offset", 
                                  "customer_address.ca_location_type"
                                 ], 
                                 "Parent Relationship": "Inner", 
                                 "Schema": "pg_temp_2", 
                                 "Index Name": "customer_address_pkey"
                                }
                               ], 
                               "Node Type": "Nested Loop", 
                               "Plan Rows": 1, 
                               "Join Type": "Inner", 
                               "Parallel Aware": false, 
                               "Output": [
                                "customer_address.ca_zip"
                               ], 
                               "Parent Relationship": "Outer", 
                               "Plan Width": 44, 
                               "Total Cost": 19.42
                              }
                             ], 
                             "Sort Key": [
                              "customer_address.ca_zip"
                             ], 
                             "Node Type": "Sort", 
                             "Plan Rows": 1, 
                             "Parallel Aware": false, 
                             "Output": [
                              "customer_address.ca_zip"
                             ], 
                             "Parent Relationship": "Outer", 
                             "Plan Width": 44, 
                             "Total Cost": 19.43
                            }
                           ], 
                           "Group Key": [
                            "customer_address.ca_zip"
                           ], 
                           "Node Type": "Aggregate", 
                           "Strategy": "Sorted", 
                           "Filter": "(count(*) > 10)", 
                           "Plan Rows": 1, 
                           "Parallel Aware": false, 
                           "Output": [
                            "substr((customer_address.ca_zip)::text, 1, 5)", 
                            "NULL::bigint", 
                            "customer_address.ca_zip"
                           ], 
                           "Parent Relationship": "Subquery", 
                           "Plan Width": 84, 
                           "Total Cost": 19.46
                          }
                         ], 
                         "Node Type": "Subquery Scan", 
                         "Plan Rows": 1, 
                         "Alias": "a1", 
                         "Parallel Aware": false, 
                         "Output": [
                          "a1.ca_zip"
                         ], 
                         "Parent Relationship": "Subquery", 
                         "Plan Width": 32, 
                         "Total Cost": 19.47
                        }
                       ], 
                       "Node Type": "Subquery Scan", 
                       "Plan Rows": 1, 
                       "Alias": "*SELECT* 2", 
                       "Parallel Aware": false, 
                       "Output": [
                        "\"*SELECT* 2\".ca_zip", 
                        "1"
                       ], 
                       "Parent Relationship": "Member", 
                       "Plan Width": 36, 
                       "Total Cost": 19.48
                      }, 
                      {
                       "Startup Cost": 0.0, 
                       "Plans": [
                        {
                         "Filter": "(substr((customer_address_1.ca_zip)::text, 1, 5) = ANY ('{42416,11821,29026,18697,54532,36912,29570,19750,55872,62699,63334,62362,23232,24357,46143,12598,37395,27237,98550,61143,12229,24457,15713,51057,43163,17798,30934,63597,16172,82144,25389,23566,37310,90273,76773,67215,44688,44706,88658,19420,10230,94699,21730,27283,25991,56807,60655,44509,17507,90777,21298,70747,98501,34064,57016,79066,36899,90791,57921,33227,71309,68255,63621,64395,41563,73807,60671,57121,73509,21540,24166,96372,86336,40933,15693,85580,41745,83075,39826,19237,50983,37948,27123,14798,45147,66439,41631,58496,31159,81233,34091,42321,36775,28640,91282,36650,40629,32828,32475,30865,19191,37609,87703,79614,29046,47632,66531,11757,62557,24890,34989,53049,64664,57964,74765,23675,33393,78634,40071,95717,42911,38403,18454,32218,53949,49947,41439,14084,23281,80601,71609,65323,27106,10481,61463,16540,61886,28454,85040,60460,19837,18981,23956,22332,19102,74789,53551,99465,60394,49250,88827,25747,93835,69554,38848,14955,22345,22687,25148,12760,15483,44435,57557,29439,81842,20674,24446,43385,52959,50176,50951,38531,29597,77660,19074,51276,60170,60716,95708,70163,29876,60131,73899,18471,88928,72747,88970,10922,72647,18847,21037,41786,34405,21086,95461,58863,10210,34674,22172,19981,99861,30710,92195,39667,10126,12739,26902,18936,90802,22478,23799,25352,27239,11071,81434,41155,13931,59816,98432,68581,91633,75828,69082,87533,67396,23173,56896,57103,51260,65979,59978,34021,22774,12114,29935,71113,48396,61935,60227,63915,69668,46060,17502,54745,32249,33634,63514,83549,14305,79820,23391,31032,16852,12110,55475,46974,75061,80749,16359,53013,18689,23023,95057,40944,97046,31018,54920,42842,41266,73130,76360,27167,45532,77306,56747,54846,14044,70983,75646,94250,42803,82006,68393,35921,17117,59158,52513,12421,44318,91437,23589,54651,17974,29049,23915,75336,28031,14582,84580,77319,46219,26975,14439,46943,19457,13684,59624,92817,94615,48447,44265,38929,36149,70795,82768,46299,54172,62884,84734,24902,83841,98219,90534,34317,82911,73863,55263,24506,13662,13410,69041,40396,74111,32154,62033,55812,94083,48392,19792,52053,27270,29742,59306,21822,25429,13471,28095,64389,82133,50118,58986,22468,96466,40512,26965,22494,11974,83958,57017,33740,79544,30683,79830,22796,96380,77106,58573,50573,36161,32452,35337,18514,51772,37622,52363,32850,11289,88521,98998,64028,37033,18600,61316,73273,78039,87052,95154,80094,22203,51704,38416,36922,55647,47564,92250,19591,60326,88657,90324,80423}'::text[]))", 
                         "Startup Cost": 0.0, 
                         "Plan Width": 32, 
                         "Node Type": "Seq Scan", 
                         "Plan Rows": 98, 
                         "Relation Name": "customer_address", 
                         "Alias": "customer_address_1", 
                         "Parallel Aware": false, 
                         "Output": [
                          "substr((customer_address_1.ca_zip)::text, 1, 5)"
                         ], 
                         "Parent Relationship": "Subquery", 
                         "Total Cost": 61.99, 
                         "Schema": "pg_temp_2"
                        }
                       ], 
                       "Node Type": "Subquery Scan", 
                       "Plan Rows": 98, 
                       "Alias": "*SELECT* 1", 
                       "Parallel Aware": false, 
                       "Output": [
                        "\"*SELECT* 1\".ca_zip", 
                        "0"
                       ], 
                       "Parent Relationship": "Member", 
                       "Plan Width": 36, 
                       "Total Cost": 62.97
                      }
                     ], 
                     "Node Type": "Append", 
                     "Plan Rows": 99, 
                     "Parallel Aware": false, 
                     "Parent Relationship": "Outer", 
                     "Plan Width": 36, 
                     "Total Cost": 82.44
                    }
                   ], 
                   "Node Type": "SetOp", 
                   "Strategy": "Hashed", 
                   "Plan Rows": 1, 
                   "Command": "Intersect", 
                   "Parallel Aware": false, 
                   "Output": [
                    "\"*SELECT* 2\".ca_zip", 
                    "(1)"
                   ], 
                   "Parent Relationship": "Subquery", 
                   "Plan Width": 36, 
                   "Total Cost": 82.69
                  }
                 ], 
                 "Node Type": "Subquery Scan", 
                 "Plan Rows": 1, 
                 "Alias": "a2", 
                 "Parallel Aware": false, 
                 "Output": [
                  "a2.ca_zip"
                 ], 
                 "Parent Relationship": "Outer", 
                 "Plan Width": 32, 
                 "Total Cost": 82.7
                }, 
                {
                 "Startup Cost": 0.0, 
                 "Plan Width": 166, 
                 "Node Type": "Seq Scan", 
                 "Plan Rows": 40, 
                 "Relation Name": "store", 
                 "Alias": "store", 
                 "Parallel Aware": false, 
                 "Output": [
                  "store.s_store_sk", 
                  "store.s_store_id", 
                  "store.s_rec_start_date", 
                  "store.s_rec_end_date", 
                  "store.s_closed_date_sk", 
                  "store.s_store_name", 
                  "store.s_number_employees", 
                  "store.s_floor_space", 
                  "store.s_hours", 
                  "store.s_manager", 
                  "store.s_market_id", 
                  "store.s_geography_class", 
                  "store.s_market_desc", 
                  "store.s_market_manager", 
                  "store.s_division_id", 
                  "store.s_division_name", 
                  "store.s_company_id", 
                  "store.s_company_name", 
                  "store.s_street_number", 
                  "store.s_street_name", 
                  "store.s_street_type", 
                  "store.s_suite_number", 
                  "store.s_city", 
                  "store.s_county", 
                  "store.s_state", 
                  "store.s_zip", 
                  "store.s_country", 
                  "store.s_gmt_offset", 
                  "store.s_tax_precentage"
                 ], 
                 "Parent Relationship": "Inner", 
                 "Total Cost": 10.4, 
                 "Schema": "pg_temp_2"
                }
               ], 
               "Node Type": "Nested Loop", 
               "Plan Rows": 1, 
               "Join Type": "Inner", 
               "Parallel Aware": false, 
               "Output": [
                "store.s_store_name", 
                "store.s_store_sk"
               ], 
               "Parent Relationship": "Outer", 
               "Plan Width": 122, 
               "Join Filter": "(substr((store.s_zip)::text, 1, 2) = substr(a2.ca_zip, 1, 2))", 
               "Total Cost": 93.9
              }
             ], 
             "Node Type": "Hash", 
             "Plan Rows": 1, 
             "Parallel Aware": false, 
             "Output": [
              "store.s_store_name", 
              "store.s_store_sk"
             ], 
             "Parent Relationship": "Inner", 
             "Plan Width": 122, 
             "Total Cost": 93.9
            }
           ], 
           "Node Type": "Hash Join", 
           "Plan Rows": 2, 
           "Join Type": "Inner", 
           "Parallel Aware": false, 
           "Output": [
            "store_sales.ss_net_profit", 
            "store_sales.ss_sold_date_sk", 
            "store.s_store_name"
           ], 
           "Parent Relationship": "Outer", 
           "Plan Width": 136, 
           "Total Cost": 108.61
          }, 
          {
           "Index Cond": "(date_dim.d_date_sk = store_sales.ss_sold_date_sk)", 
           "Startup Cost": 0.15, 
           "Scan Direction": "Forward", 
           "Plan Width": 4, 
           "Node Type": "Index Scan", 
           "Total Cost": 0.3, 
           "Plan Rows": 1, 
           "Relation Name": "date_dim", 
           "Alias": "date_dim", 
           "Parallel Aware": false, 
           "Filter": "((date_dim.d_qoy = 1) AND (date_dim.d_year = 2002))", 
           "Output": [
            "date_dim.d_date_sk", 
            "date_dim.d_date_id", 
            "date_dim.d_date", 
            "date_dim.d_month_seq", 
            "date_dim.d_week_seq", 
            "date_dim.d_quarter_seq", 
            "date_dim.d_year", 
            "date_dim.d_dow", 
            "date_dim.d_moy", 
            "date_dim.d_dom", 
            "date_dim.d_qoy", 
            "date_dim.d_fy_year", 
            "date_dim.d_fy_quarter_seq", 
            "date_dim.d_fy_week_seq", 
            "date_dim.d_day_name", 
            "date_dim.d_quarter_name", 
            "date_dim.d_holiday", 
            "date_dim.d_weekend", 
            "date_dim.d_following_holiday", 
            "date_dim.d_first_dom", 
            "date_dim.d_last_dom", 
            "date_dim.d_same_day_ly", 
            "date_dim.d_same_day_lq", 
            "date_dim.d_current_day", 
            "date_dim.d_current_week", 
            "date_dim.d_current_month", 
            "date_dim.d_current_quarter", 
            "date_dim.d_current_year"
           ], 
           "Parent Relationship": "Inner", 
           "Schema": "pg_temp_2", 
           "Index Name": "date_dim_pkey"
          }
         ], 
         "Node Type": "Nested Loop", 
         "Plan Rows": 1, 
         "Join Type": "Inner", 
         "Parallel Aware": false, 
         "Output": [
          "store.s_store_name", 
          "store_sales.ss_net_profit"
         ], 
         "Parent Relationship": "Outer", 
         "Plan Width": 132, 
         "Total Cost": 109.23
        }
       ], 
       "Sort Key": [
        "store.s_store_name"
       ], 
       "Node Type": "Sort", 
       "Plan Rows": 1, 
       "Parallel Aware": false, 
       "Output": [
        "store.s_store_name", 
        "store_sales.ss_net_profit"
       ], 
       "Parent Relationship": "Outer", 
       "Plan Width": 132, 
       "Total Cost": 109.24
      }
     ], 
     "Group Key": [
      "store.s_store_name"
     ], 
     "Node Type": "Aggregate", 
     "Strategy": "Sorted", 
     "Plan Rows": 1, 
     "Parallel Aware": false, 
     "Output": [
      "store.s_store_name", 
      "sum(store_sales.ss_net_profit)"
     ], 
     "Parent Relationship": "Outer", 
     "Plan Width": 150, 
     "Total Cost": 109.26
    }
   ], 
   "Node Type": "Limit", 
   "Plan Rows": 1, 
   "Parallel Aware": false, 
   "Output": [
    "store.s_store_name", 
    "(sum(store_sales.ss_net_profit))"
   ], 
   "Plan Width": 150, 
   "Total Cost": 109.26
  }
 }
]