[
 {
  "Plan": {
   "Startup Cost": 21.9, 
   "Plans": [
    {
     "Startup Cost": 21.9, 
     "Plans": [
      {
       "Partial Mode": "Simple", 
       "Startup Cost": 21.86, 
       "Plans": [
        {
         "Startup Cost": 21.86, 
         "Plans": [
          {
           "Startup Cost": 4.74, 
           "Plans": [
            {
             "Startup Cost": 4.59, 
             "Plans": [
              {
               "Startup Cost": 4.45, 
               "Plans": [
                {
                 "Startup Cost": 4.3, 
                 "Plans": [
                  {
                   "Startup Cost": 4.16, 
                   "Plans": [
                    {
                     "Filter": "(item.i_manager_id = 31)", 
                     "Startup Cost": 0.0, 
                     "Plan Width": 420, 
                     "Node Type": "Seq Scan", 
                     "Plan Rows": 1, 
                     "Relation Name": "item", 
                     "Alias": "item", 
                     "Parallel Aware": false, 
                     "Output": [
                      "item.i_item_sk", 
                      "item.i_item_id", 
                      "item.i_rec_start_date", 
                      "item.i_rec_end_date", 
                      "item.i_item_desc", 
                      "item.i_current_price", 
                      "item.i_wholesale_cost", 
                      "item.i_brand_id", 
                      "item.i_brand", 
                      "item.i_class_id", 
                      "item.i_class", 
                      "item.i_category_id", 
                      "item.i_category", 
                      "item.i_manufact_id", 
                      "item.i_manufact", 
                      "item.i_size", 
                      "item.i_formulation", 
                      "item.i_color", 
                      "item.i_units", 
                      "item.i_container", 
                      "item.i_manager_id", 
                      "item.i_product_name"
                     ], 
                     "Parent Relationship": "Outer", 
                     "Total Cost": 10.5, 
                     "Schema": "pg_temp_2"
                    }, 
                    {
                     "Startup Cost": 4.16, 
                     "Plan Width": 30, 
                     "Plans": [
                      {
                       "Startup Cost": 0.0, 
                       "Plan Width": 0, 
                       "Node Type": "Bitmap Index Scan", 
                       "Index Cond": "(store_sales.ss_item_sk = item.i_item_sk)", 
                       "Plan Rows": 2, 
                       "Parallel Aware": false, 
                       "Parent Relationship": "Outer", 
                       "Total Cost": 4.16, 
                       "Index Name": "store_sales_pkey"
                      }
                     ], 
                     "Recheck Cond": "(store_sales.ss_item_sk = item.i_item_sk)", 
                     "Node Type": "Bitmap Heap Scan", 
                     "Plan Rows": 2, 
                     "Relation Name": "store_sales", 
                     "Alias": "store_sales", 
                     "Parallel Aware": false, 
                     "Output": [
                      "store_sales.ss_sold_date_sk", 
                      "store_sales.ss_sold_time_sk", 
                      "store_sales.ss_item_sk", 
                      "store_sales.ss_customer_sk", 
                      "store_sales.ss_cdemo_sk", 
                      "store_sales.ss_hdemo_sk", 
                      "store_sales.ss_addr_sk", 
                      "store_sales.ss_store_sk", 
                      "store_sales.ss_promo_sk", 
                      "store_sales.ss_ticket_number", 
                      "store_sales.ss_quantity", 
                      "store_sales.ss_wholesale_cost", 
                      "store_sales.ss_list_price", 
                      "store_sales.ss_sales_price", 
                      "store_sales.ss_ext_discount_amt", 
                      "store_sales.ss_ext_sales_price", 
                      "store_sales.ss_ext_wholesale_cost", 
                      "store_sales.ss_ext_list_price", 
                      "store_sales.ss_ext_tax", 
                      "store_sales.ss_coupon_amt", 
                      "store_sales.ss_net_paid", 
                      "store_sales.ss_net_paid_inc_tax", 
                      "store_sales.ss_net_profit"
                     ], 
                     "Parent Relationship": "Inner", 
                     "Total Cost": 9.5, 
                     "Schema": "pg_temp_2"
                    }
                   ], 
                   "Node Type": "Nested Loop", 
                   "Plan Rows": 2, 
                   "Join Type": "Inner", 
                   "Parallel Aware": false, 
                   "Output": [
                    "store_sales.ss_ext_sales_price", 
                    "store_sales.ss_sold_date_sk", 
                    "store_sales.ss_customer_sk", 
                    "store_sales.ss_store_sk", 
                    "item.i_brand_id", 
                    "item.i_brand", 
                    "item.i_manufact_id", 
                    "item.i_manufact"
                   ], 
                   "Parent Relationship": "Outer", 
                   "Plan Width": 442, 
                   "Total Cost": 20.02
                  }, 
                  {
                   "Index Cond": "(store.s_store_sk = store_sales.ss_store_sk)", 
                   "Startup Cost": 0.14, 
                   "Scan Direction": "Forward", 
                   "Plan Width": 48, 
                   "Node Type": "Index Scan", 
                   "Total Cost": 0.29, 
                   "Plan Rows": 1, 
                   "Relation Name": "store", 
                   "Alias": "store", 
                   "Parallel Aware": false, 
                   "Output": [
                    "store.s_store_sk", 
                    "store.s_store_id", 
                    "store.s_rec_start_date", 
                    "store.s_rec_end_date", 
                    "store.s_closed_date_sk", 
                    "store.s_store_name", 
                    "store.s_number_employees", 
                    "store.s_floor_space", 
                    "store.s_hours", 
                    "store.s_manager", 
                    "store.s_market_id", 
                    "store.s_geography_class", 
                    "store.s_market_desc", 
                    "store.s_market_manager", 
                    "store.s_division_id", 
                    "store.s_division_name", 
                    "store.s_company_id", 
                    "store.s_company_name", 
                    "store.s_street_number", 
                    "store.s_street_name", 
                    "store.s_street_type", 
                    "store.s_suite_number", 
                    "store.s_city", 
                    "store.s_county", 
                    "store.s_state", 
                    "store.s_zip", 
                    "store.s_country", 
                    "store.s_gmt_offset", 
                    "store.s_tax_precentage"
                   ], 
                   "Parent Relationship": "Inner", 
                   "Schema": "pg_temp_2", 
                   "Index Name": "store_pkey"
                  }
                 ], 
                 "Node Type": "Nested Loop", 
                 "Plan Rows": 1, 
                 "Join Type": "Inner", 
                 "Parallel Aware": false, 
                 "Output": [
                  "store_sales.ss_ext_sales_price", 
                  "store_sales.ss_sold_date_sk", 
                  "store_sales.ss_customer_sk", 
                  "item.i_brand_id", 
                  "item.i_brand", 
                  "item.i_manufact_id", 
                  "item.i_manufact", 
                  "store.s_zip"
                 ], 
                 "Parent Relationship": "Outer", 
                 "Plan Width": 482, 
                 "Total Cost": 20.62
                }, 
                {
                 "Index Cond": "(date_dim.d_date_sk = store_sales.ss_sold_date_sk)", 
                 "Startup Cost": 0.15, 
                 "Scan Direction": "Forward", 
                 "Plan Width": 4, 
                 "Node Type": "Index Scan", 
                 "Total Cost": 0.3, 
                 "Plan Rows": 1, 
                 "Relation Name": "date_dim", 
                 "Alias": "date_dim", 
                 "Parallel Aware": false, 
                 "Filter": "((date_dim.d_moy = 11) AND (date_dim.d_year = 1999))", 
                 "Output": [
                  "date_dim.d_date_sk", 
                  "date_dim.d_date_id", 
                  "date_dim.d_date", 
                  "date_dim.d_month_seq", 
                  "date_dim.d_week_seq", 
                  "date_dim.d_quarter_seq", 
                  "date_dim.d_year", 
                  "date_dim.d_dow", 
                  "date_dim.d_moy", 
                  "date_dim.d_dom", 
                  "date_dim.d_qoy", 
                  "date_dim.d_fy_year", 
                  "date_dim.d_fy_quarter_seq", 
                  "date_dim.d_fy_week_seq", 
                  "date_dim.d_day_name", 
                  "date_dim.d_quarter_name", 
                  "date_dim.d_holiday", 
                  "date_dim.d_weekend", 
                  "date_dim.d_following_holiday", 
                  "date_dim.d_first_dom", 
                  "date_dim.d_last_dom", 
                  "date_dim.d_same_day_ly", 
                  "date_dim.d_same_day_lq", 
                  "date_dim.d_current_day", 
                  "date_dim.d_current_week", 
                  "date_dim.d_current_month", 
                  "date_dim.d_current_quarter", 
                  "date_dim.d_current_year"
                 ], 
                 "Parent Relationship": "Inner", 
                 "Schema": "pg_temp_2", 
                 "Index Name": "date_dim_pkey"
                }
               ], 
               "Node Type": "Nested Loop", 
               "Plan Rows": 1, 
               "Join Type": "Inner", 
               "Parallel Aware": false, 
               "Output": [
                "store_sales.ss_ext_sales_price", 
                "store_sales.ss_customer_sk", 
                "item.i_brand_id", 
                "item.i_brand", 
                "item.i_manufact_id", 
                "item.i_manufact", 
                "store.s_zip"
               ], 
               "Parent Relationship": "Outer", 
               "Plan Width": 478, 
               "Total Cost": 20.93
              }, 
              {
               "Index Cond": "(customer.c_customer_sk = store_sales.ss_customer_sk)", 
               "Startup Cost": 0.14, 
               "Scan Direction": "Forward", 
               "Plan Width": 8, 
               "Node Type": "Index Scan", 
               "Total Cost": 0.29, 
               "Plan Rows": 1, 
               "Relation Name": "customer", 
               "Alias": "customer", 
               "Parallel Aware": false, 
               "Output": [
                "customer.c_customer_sk", 
                "customer.c_customer_id", 
                "customer.c_current_cdemo_sk", 
                "customer.c_current_hdemo_sk", 
                "customer.c_current_addr_sk", 
                "customer.c_first_shipto_date_sk", 
                "customer.c_first_sales_date_sk", 
                "customer.c_salutation", 
                "customer.c_first_name", 
                "customer.c_last_name", 
                "customer.c_preferred_cust_flag", 
                "customer.c_birth_day", 
                "customer.c_birth_month", 
                "customer.c_birth_year", 
                "customer.c_birth_country", 
                "customer.c_login", 
                "customer.c_email_address", 
                "customer.c_last_review_date"
               ], 
               "Parent Relationship": "Inner", 
               "Schema": "pg_temp_2", 
               "Index Name": "customer_pkey"
              }
             ], 
             "Node Type": "Nested Loop", 
             "Plan Rows": 1, 
             "Join Type": "Inner", 
             "Parallel Aware": false, 
             "Output": [
              "store_sales.ss_ext_sales_price", 
              "item.i_brand_id", 
              "item.i_brand", 
              "item.i_manufact_id", 
              "item.i_manufact", 
              "customer.c_current_addr_sk", 
              "store.s_zip"
             ], 
             "Parent Relationship": "Outer", 
             "Plan Width": 478, 
             "Total Cost": 21.23
            }, 
            {
             "Index Cond": "(customer_address.ca_address_sk = customer.c_current_addr_sk)", 
             "Startup Cost": 0.14, 
             "Scan Direction": "Forward", 
             "Plan Width": 48, 
             "Node Type": "Index Scan", 
             "Total Cost": 0.6, 
             "Plan Rows": 1, 
             "Relation Name": "customer_address", 
             "Alias": "customer_address", 
             "Parallel Aware": false, 
             "Output": [
              "customer_address.ca_address_sk", 
              "customer_address.ca_address_id", 
              "customer_address.ca_street_number", 
              "customer_address.ca_street_name", 
              "customer_address.ca_street_type", 
              "customer_address.ca_suite_number", 
              "customer_address.ca_city", 
              "customer_address.ca_county", 
              "customer_address.ca_state", 
              "customer_address.ca_zip", 
              "customer_address.ca_country", 
              "customer_address.ca_gmt_offset", 
              "customer_address.ca_location_type"
             ], 
             "Parent Relationship": "Inner", 
             "Schema": "pg_temp_2", 
             "Index Name": "customer_address_pkey"
            }
           ], 
           "Node Type": "Nested Loop", 
           "Plan Rows": 1, 
           "Join Type": "Inner", 
           "Parallel Aware": false, 
           "Output": [
            "item.i_brand_id", 
            "item.i_brand", 
            "item.i_manufact_id", 
            "item.i_manufact", 
            "store_sales.ss_ext_sales_price"
           ], 
           "Parent Relationship": "Outer", 
           "Plan Width": 430, 
           "Join Filter": "(substr((customer_address.ca_zip)::text, 1, 5) <> substr((store.s_zip)::text, 1, 5))", 
           "Total Cost": 21.85
          }
         ], 
         "Sort Key": [
          "item.i_brand", 
          "item.i_brand_id", 
          "item.i_manufact_id", 
          "item.i_manufact"
         ], 
         "Node Type": "Sort", 
         "Plan Rows": 1, 
         "Parallel Aware": false, 
         "Output": [
          "item.i_brand_id", 
          "item.i_brand", 
          "item.i_manufact_id", 
          "item.i_manufact", 
          "store_sales.ss_ext_sales_price"
         ], 
         "Parent Relationship": "Outer", 
         "Plan Width": 430, 
         "Total Cost": 21.86
        }
       ], 
       "Group Key": [
        "item.i_brand", 
        "item.i_brand_id", 
        "item.i_manufact_id", 
        "item.i_manufact"
       ], 
       "Node Type": "Aggregate", 
       "Strategy": "Sorted", 
       "Plan Rows": 1, 
       "Parallel Aware": false, 
       "Output": [
        "item.i_brand_id", 
        "item.i_brand", 
        "item.i_manufact_id", 
        "item.i_manufact", 
        "sum(store_sales.ss_ext_sales_price)"
       ], 
       "Parent Relationship": "Outer", 
       "Plan Width": 448, 
       "Total Cost": 21.89
      }
     ], 
     "Sort Key": [
      "(sum(store_sales.ss_ext_sales_price)) DESC", 
      "item.i_brand", 
      "item.i_brand_id", 
      "item.i_manufact_id", 
      "item.i_manufact"
     ], 
     "Node Type": "Sort", 
     "Plan Rows": 1, 
     "Parallel Aware": false, 
     "Output": [
      "item.i_brand_id", 
      "item.i_brand", 
      "item.i_manufact_id", 
      "item.i_manufact", 
      "(sum(store_sales.ss_ext_sales_price))"
     ], 
     "Parent Relationship": "Outer", 
     "Plan Width": 448, 
     "Total Cost": 21.9
    }
   ], 
   "Node Type": "Limit", 
   "Plan Rows": 1, 
   "Parallel Aware": false, 
   "Output": [
    "item.i_brand_id", 
    "item.i_brand", 
    "item.i_manufact_id", 
    "item.i_manufact", 
    "(sum(store_sales.ss_ext_sales_price))"
   ], 
   "Plan Width": 448, 
   "Total Cost": 21.9
  }
 }
]