[
 {
  "Plan": {
   "Startup Cost": 60.59, 
   "Plans": [
    {
     "Partial Mode": "Simple", 
     "Startup Cost": 60.23, 
     "Plans": [
      {
       "Startup Cost": 60.23, 
       "Plans": [
        {
         "Partial Mode": "Simple", 
         "Startup Cost": 60.11, 
         "Plans": [
          {
           "Startup Cost": 0.44, 
           "Plans": [
            {
             "Startup Cost": 0.44, 
             "Plans": [
              {
               "Startup Cost": 0.29, 
               "Plans": [
                {
                 "Startup Cost": 0.15, 
                 "Plans": [
                  {
                   "Filter": "(item.i_category = 'Music'::bpchar)", 
                   "Startup Cost": 0.0, 
                   "Plan Width": 20, 
                   "Node Type": "Seq Scan", 
                   "Plan Rows": 1, 
                   "Relation Name": "item", 
                   "Alias": "item", 
                   "Parallel Aware": false, 
                   "Output": [
                    "item.i_item_sk", 
                    "item.i_item_id", 
                    "item.i_rec_start_date", 
                    "item.i_rec_end_date", 
                    "item.i_item_desc", 
                    "item.i_current_price", 
                    "item.i_wholesale_cost", 
                    "item.i_brand_id", 
                    "item.i_brand", 
                    "item.i_class_id", 
                    "item.i_class", 
                    "item.i_category_id", 
                    "item.i_category", 
                    "item.i_manufact_id", 
                    "item.i_manufact", 
                    "item.i_size", 
                    "item.i_formulation", 
                    "item.i_color", 
                    "item.i_units", 
                    "item.i_container", 
                    "item.i_manager_id", 
                    "item.i_product_name"
                   ], 
                   "Parent Relationship": "Outer", 
                   "Total Cost": 10.5, 
                   "Schema": "pg_temp_2"
                  }, 
                  {
                   "Index Cond": "(catalog_sales.cs_item_sk = item.i_item_sk)", 
                   "Startup Cost": 0.15, 
                   "Scan Direction": "Forward", 
                   "Plan Width": 30, 
                   "Node Type": "Index Scan", 
                   "Total Cost": 8.17, 
                   "Plan Rows": 1, 
                   "Relation Name": "catalog_sales", 
                   "Alias": "catalog_sales", 
                   "Parallel Aware": false, 
                   "Output": [
                    "catalog_sales.cs_sold_date_sk", 
                    "catalog_sales.cs_sold_time_sk", 
                    "catalog_sales.cs_ship_date_sk", 
                    "catalog_sales.cs_bill_customer_sk", 
                    "catalog_sales.cs_bill_cdemo_sk", 
                    "catalog_sales.cs_bill_hdemo_sk", 
                    "catalog_sales.cs_bill_addr_sk", 
                    "catalog_sales.cs_ship_customer_sk", 
                    "catalog_sales.cs_ship_cdemo_sk", 
                    "catalog_sales.cs_ship_hdemo_sk", 
                    "catalog_sales.cs_ship_addr_sk", 
                    "catalog_sales.cs_call_center_sk", 
                    "catalog_sales.cs_catalog_page_sk", 
                    "catalog_sales.cs_ship_mode_sk", 
                    "catalog_sales.cs_warehouse_sk", 
                    "catalog_sales.cs_item_sk", 
                    "catalog_sales.cs_promo_sk", 
                    "catalog_sales.cs_order_number", 
                    "catalog_sales.cs_quantity", 
                    "catalog_sales.cs_wholesale_cost", 
                    "catalog_sales.cs_list_price", 
                    "catalog_sales.cs_sales_price", 
                    "catalog_sales.cs_ext_discount_amt", 
                    "catalog_sales.cs_ext_sales_price", 
                    "catalog_sales.cs_ext_wholesale_cost", 
                    "catalog_sales.cs_ext_list_price", 
                    "catalog_sales.cs_ext_tax", 
                    "catalog_sales.cs_coupon_amt", 
                    "catalog_sales.cs_ext_ship_cost", 
                    "catalog_sales.cs_net_paid", 
                    "catalog_sales.cs_net_paid_inc_tax", 
                    "catalog_sales.cs_net_paid_inc_ship", 
                    "catalog_sales.cs_net_paid_inc_ship_tax", 
                    "catalog_sales.cs_net_profit"
                   ], 
                   "Parent Relationship": "Inner", 
                   "Schema": "pg_temp_2", 
                   "Index Name": "catalog_sales_pkey"
                  }
                 ], 
                 "Node Type": "Nested Loop", 
                 "Plan Rows": 1, 
                 "Join Type": "Inner", 
                 "Parallel Aware": false, 
                 "Output": [
                  "catalog_sales.cs_quantity", 
                  "catalog_sales.cs_ext_sales_price", 
                  "catalog_sales.cs_item_sk", 
                  "catalog_sales.cs_sold_date_sk", 
                  "catalog_sales.cs_order_number", 
                  "item.i_brand_id", 
                  "item.i_class_id", 
                  "item.i_category_id", 
                  "item.i_manufact_id"
                 ], 
                 "Parent Relationship": "Outer", 
                 "Plan Width": 46, 
                 "Total Cost": 18.68
                }, 
                {
                 "Index Cond": "(date_dim.d_date_sk = catalog_sales.cs_sold_date_sk)", 
                 "Startup Cost": 0.15, 
                 "Scan Direction": "Forward", 
                 "Plan Width": 8, 
                 "Node Type": "Index Scan", 
                 "Total Cost": 0.33, 
                 "Plan Rows": 1, 
                 "Relation Name": "date_dim", 
                 "Alias": "date_dim", 
                 "Parallel Aware": false, 
                 "Output": [
                  "date_dim.d_date_sk", 
                  "date_dim.d_date_id", 
                  "date_dim.d_date", 
                  "date_dim.d_month_seq", 
                  "date_dim.d_week_seq", 
                  "date_dim.d_quarter_seq", 
                  "date_dim.d_year", 
                  "date_dim.d_dow", 
                  "date_dim.d_moy", 
                  "date_dim.d_dom", 
                  "date_dim.d_qoy", 
                  "date_dim.d_fy_year", 
                  "date_dim.d_fy_quarter_seq", 
                  "date_dim.d_fy_week_seq", 
                  "date_dim.d_day_name", 
                  "date_dim.d_quarter_name", 
                  "date_dim.d_holiday", 
                  "date_dim.d_weekend", 
                  "date_dim.d_following_holiday", 
                  "date_dim.d_first_dom", 
                  "date_dim.d_last_dom", 
                  "date_dim.d_same_day_ly", 
                  "date_dim.d_same_day_lq", 
                  "date_dim.d_current_day", 
                  "date_dim.d_current_week", 
                  "date_dim.d_current_month", 
                  "date_dim.d_current_quarter", 
                  "date_dim.d_current_year"
                 ], 
                 "Parent Relationship": "Inner", 
                 "Schema": "pg_temp_2", 
                 "Index Name": "date_dim_pkey"
                }
               ], 
               "Node Type": "Nested Loop", 
               "Plan Rows": 1, 
               "Join Type": "Inner", 
               "Parallel Aware": false, 
               "Output": [
                "catalog_sales.cs_quantity", 
                "catalog_sales.cs_ext_sales_price", 
                "catalog_sales.cs_item_sk", 
                "catalog_sales.cs_order_number", 
                "item.i_brand_id", 
                "item.i_class_id", 
                "item.i_category_id", 
                "item.i_manufact_id", 
                "date_dim.d_year"
               ], 
               "Parent Relationship": "Outer", 
               "Plan Width": 46, 
               "Total Cost": 19.02
              }, 
              {
               "Index Cond": "((catalog_sales.cs_item_sk = catalog_returns.cr_item_sk) AND (catalog_sales.cs_order_number = catalog_returns.cr_order_number))", 
               "Startup Cost": 0.15, 
               "Scan Direction": "Forward", 
               "Plan Width": 26, 
               "Node Type": "Index Scan", 
               "Total Cost": 0.34, 
               "Plan Rows": 1, 
               "Relation Name": "catalog_returns", 
               "Alias": "catalog_returns", 
               "Parallel Aware": false, 
               "Output": [
                "catalog_returns.cr_returned_date_sk", 
                "catalog_returns.cr_returned_time_sk", 
                "catalog_returns.cr_item_sk", 
                "catalog_returns.cr_refunded_customer_sk", 
                "catalog_returns.cr_refunded_cdemo_sk", 
                "catalog_returns.cr_refunded_hdemo_sk", 
                "catalog_returns.cr_refunded_addr_sk", 
                "catalog_returns.cr_returning_customer_sk", 
                "catalog_returns.cr_returning_cdemo_sk", 
                "catalog_returns.cr_returning_hdemo_sk", 
                "catalog_returns.cr_returning_addr_sk", 
                "catalog_returns.cr_call_center_sk", 
                "catalog_returns.cr_catalog_page_sk", 
                "catalog_returns.cr_ship_mode_sk", 
                "catalog_returns.cr_warehouse_sk", 
                "catalog_returns.cr_reason_sk", 
                "catalog_returns.cr_order_number", 
                "catalog_returns.cr_return_quantity", 
                "catalog_returns.cr_return_amount", 
                "catalog_returns.cr_return_tax", 
                "catalog_returns.cr_return_amt_inc_tax", 
                "catalog_returns.cr_fee", 
                "catalog_returns.cr_return_ship_cost", 
                "catalog_returns.cr_refunded_cash", 
                "catalog_returns.cr_reversed_charge", 
                "catalog_returns.cr_store_credit", 
                "catalog_returns.cr_net_loss"
               ], 
               "Parent Relationship": "Inner", 
               "Schema": "pg_temp_2", 
               "Index Name": "catalog_returns_pkey"
              }
             ], 
             "Node Type": "Nested Loop", 
             "Plan Rows": 1, 
             "Join Type": "Left", 
             "Parallel Aware": false, 
             "Output": [
              "date_dim.d_year", 
              "item.i_brand_id", 
              "item.i_class_id", 
              "item.i_category_id", 
              "item.i_manufact_id", 
              "(catalog_sales.cs_quantity - COALESCE(catalog_returns.cr_return_quantity, 0))", 
              "(catalog_sales.cs_ext_sales_price - COALESCE(catalog_returns.cr_return_amount, 0.0))"
             ], 
             "Parent Relationship": "Member", 
             "Plan Width": 56, 
             "Total Cost": 19.37
            }, 
            {
             "Startup Cost": 4.46, 
             "Plans": [
              {
               "Startup Cost": 4.31, 
               "Plans": [
                {
                 "Startup Cost": 4.16, 
                 "Plans": [
                  {
                   "Filter": "(item_1.i_category = 'Music'::bpchar)", 
                   "Startup Cost": 0.0, 
                   "Plan Width": 20, 
                   "Node Type": "Seq Scan", 
                   "Plan Rows": 1, 
                   "Relation Name": "item", 
                   "Alias": "item_1", 
                   "Parallel Aware": false, 
                   "Output": [
                    "item_1.i_item_sk", 
                    "item_1.i_item_id", 
                    "item_1.i_rec_start_date", 
                    "item_1.i_rec_end_date", 
                    "item_1.i_item_desc", 
                    "item_1.i_current_price", 
                    "item_1.i_wholesale_cost", 
                    "item_1.i_brand_id", 
                    "item_1.i_brand", 
                    "item_1.i_class_id", 
                    "item_1.i_class", 
                    "item_1.i_category_id", 
                    "item_1.i_category", 
                    "item_1.i_manufact_id", 
                    "item_1.i_manufact", 
                    "item_1.i_size", 
                    "item_1.i_formulation", 
                    "item_1.i_color", 
                    "item_1.i_units", 
                    "item_1.i_container", 
                    "item_1.i_manager_id", 
                    "item_1.i_product_name"
                   ], 
                   "Parent Relationship": "Outer", 
                   "Total Cost": 10.5, 
                   "Schema": "pg_temp_2"
                  }, 
                  {
                   "Startup Cost": 4.16, 
                   "Plan Width": 30, 
                   "Plans": [
                    {
                     "Startup Cost": 0.0, 
                     "Plan Width": 0, 
                     "Node Type": "Bitmap Index Scan", 
                     "Index Cond": "(store_sales.ss_item_sk = item_1.i_item_sk)", 
                     "Plan Rows": 2, 
                     "Parallel Aware": false, 
                     "Parent Relationship": "Outer", 
                     "Total Cost": 4.16, 
                     "Index Name": "store_sales_pkey"
                    }
                   ], 
                   "Recheck Cond": "(store_sales.ss_item_sk = item_1.i_item_sk)", 
                   "Node Type": "Bitmap Heap Scan", 
                   "Plan Rows": 2, 
                   "Relation Name": "store_sales", 
                   "Alias": "store_sales", 
                   "Parallel Aware": false, 
                   "Output": [
                    "store_sales.ss_sold_date_sk", 
                    "store_sales.ss_sold_time_sk", 
                    "store_sales.ss_item_sk", 
                    "store_sales.ss_customer_sk", 
                    "store_sales.ss_cdemo_sk", 
                    "store_sales.ss_hdemo_sk", 
                    "store_sales.ss_addr_sk", 
                    "store_sales.ss_store_sk", 
                    "store_sales.ss_promo_sk", 
                    "store_sales.ss_ticket_number", 
                    "store_sales.ss_quantity", 
                    "store_sales.ss_wholesale_cost", 
                    "store_sales.ss_list_price", 
                    "store_sales.ss_sales_price", 
                    "store_sales.ss_ext_discount_amt", 
                    "store_sales.ss_ext_sales_price", 
                    "store_sales.ss_ext_wholesale_cost", 
                    "store_sales.ss_ext_list_price", 
                    "store_sales.ss_ext_tax", 
                    "store_sales.ss_coupon_amt", 
                    "store_sales.ss_net_paid", 
                    "store_sales.ss_net_paid_inc_tax", 
                    "store_sales.ss_net_profit"
                   ], 
                   "Parent Relationship": "Inner", 
                   "Total Cost": 9.5, 
                   "Schema": "pg_temp_2"
                  }
                 ], 
                 "Node Type": "Nested Loop", 
                 "Plan Rows": 2, 
                 "Join Type": "Inner", 
                 "Parallel Aware": false, 
                 "Output": [
                  "store_sales.ss_quantity", 
                  "store_sales.ss_ext_sales_price", 
                  "store_sales.ss_item_sk", 
                  "store_sales.ss_sold_date_sk", 
                  "store_sales.ss_ticket_number", 
                  "item_1.i_brand_id", 
                  "item_1.i_class_id", 
                  "item_1.i_category_id", 
                  "item_1.i_manufact_id"
                 ], 
                 "Parent Relationship": "Outer", 
                 "Plan Width": 46, 
                 "Total Cost": 20.02
                }, 
                {
                 "Index Cond": "(date_dim_1.d_date_sk = store_sales.ss_sold_date_sk)", 
                 "Startup Cost": 0.15, 
                 "Scan Direction": "Forward", 
                 "Plan Width": 8, 
                 "Node Type": "Index Scan", 
                 "Total Cost": 0.29, 
                 "Plan Rows": 1, 
                 "Relation Name": "date_dim", 
                 "Alias": "date_dim_1", 
                 "Parallel Aware": false, 
                 "Output": [
                  "date_dim_1.d_date_sk", 
                  "date_dim_1.d_date_id", 
                  "date_dim_1.d_date", 
                  "date_dim_1.d_month_seq", 
                  "date_dim_1.d_week_seq", 
                  "date_dim_1.d_quarter_seq", 
                  "date_dim_1.d_year", 
                  "date_dim_1.d_dow", 
                  "date_dim_1.d_moy", 
                  "date_dim_1.d_dom", 
                  "date_dim_1.d_qoy", 
                  "date_dim_1.d_fy_year", 
                  "date_dim_1.d_fy_quarter_seq", 
                  "date_dim_1.d_fy_week_seq", 
                  "date_dim_1.d_day_name", 
                  "date_dim_1.d_quarter_name", 
                  "date_dim_1.d_holiday", 
                  "date_dim_1.d_weekend", 
                  "date_dim_1.d_following_holiday", 
                  "date_dim_1.d_first_dom", 
                  "date_dim_1.d_last_dom", 
                  "date_dim_1.d_same_day_ly", 
                  "date_dim_1.d_same_day_lq", 
                  "date_dim_1.d_current_day", 
                  "date_dim_1.d_current_week", 
                  "date_dim_1.d_current_month", 
                  "date_dim_1.d_current_quarter", 
                  "date_dim_1.d_current_year"
                 ], 
                 "Parent Relationship": "Inner", 
                 "Schema": "pg_temp_2", 
                 "Index Name": "date_dim_pkey"
                }
               ], 
               "Node Type": "Nested Loop", 
               "Plan Rows": 2, 
               "Join Type": "Inner", 
               "Parallel Aware": false, 
               "Output": [
                "store_sales.ss_quantity", 
                "store_sales.ss_ext_sales_price", 
                "store_sales.ss_item_sk", 
                "store_sales.ss_ticket_number", 
                "item_1.i_brand_id", 
                "item_1.i_class_id", 
                "item_1.i_category_id", 
                "item_1.i_manufact_id", 
                "date_dim_1.d_year"
               ], 
               "Parent Relationship": "Outer", 
               "Plan Width": 46, 
               "Total Cost": 20.63
              }, 
              {
               "Index Cond": "((store_sales.ss_item_sk = store_returns.sr_item_sk) AND (store_sales.ss_ticket_number = store_returns.sr_ticket_number))", 
               "Startup Cost": 0.15, 
               "Scan Direction": "Forward", 
               "Plan Width": 26, 
               "Node Type": "Index Scan", 
               "Total Cost": 0.3, 
               "Plan Rows": 1, 
               "Relation Name": "store_returns", 
               "Alias": "store_returns", 
               "Parallel Aware": false, 
               "Output": [
                "store_returns.sr_returned_date_sk", 
                "store_returns.sr_return_time_sk", 
                "store_returns.sr_item_sk", 
                "store_returns.sr_customer_sk", 
                "store_returns.sr_cdemo_sk", 
                "store_returns.sr_hdemo_sk", 
                "store_returns.sr_addr_sk", 
                "store_returns.sr_store_sk", 
                "store_returns.sr_reason_sk", 
                "store_returns.sr_ticket_number", 
                "store_returns.sr_return_quantity", 
                "store_returns.sr_return_amt", 
                "store_returns.sr_return_tax", 
                "store_returns.sr_return_amt_inc_tax", 
                "store_returns.sr_fee", 
                "store_returns.sr_return_ship_cost", 
                "store_returns.sr_refunded_cash", 
                "store_returns.sr_reversed_charge", 
                "store_returns.sr_store_credit", 
                "store_returns.sr_net_loss"
               ], 
               "Parent Relationship": "Inner", 
               "Schema": "pg_temp_2", 
               "Index Name": "store_returns_pkey"
              }
             ], 
             "Node Type": "Nested Loop", 
             "Plan Rows": 2, 
             "Join Type": "Left", 
             "Parallel Aware": false, 
             "Output": [
              "date_dim_1.d_year", 
              "item_1.i_brand_id", 
              "item_1.i_class_id", 
              "item_1.i_category_id", 
              "item_1.i_manufact_id", 
              "(store_sales.ss_quantity - COALESCE(store_returns.sr_return_quantity, 0))", 
              "(store_sales.ss_ext_sales_price - COALESCE(store_returns.sr_return_amt, 0.0))"
             ], 
             "Parent Relationship": "Member", 
             "Plan Width": 56, 
             "Total Cost": 21.26
            }, 
            {
             "Startup Cost": 0.44, 
             "Plans": [
              {
               "Startup Cost": 0.29, 
               "Plans": [
                {
                 "Startup Cost": 0.15, 
                 "Plans": [
                  {
                   "Filter": "(item_2.i_category = 'Music'::bpchar)", 
                   "Startup Cost": 0.0, 
                   "Plan Width": 20, 
                   "Node Type": "Seq Scan", 
                   "Plan Rows": 1, 
                   "Relation Name": "item", 
                   "Alias": "item_2", 
                   "Parallel Aware": false, 
                   "Output": [
                    "item_2.i_item_sk", 
                    "item_2.i_item_id", 
                    "item_2.i_rec_start_date", 
                    "item_2.i_rec_end_date", 
                    "item_2.i_item_desc", 
                    "item_2.i_current_price", 
                    "item_2.i_wholesale_cost", 
                    "item_2.i_brand_id", 
                    "item_2.i_brand", 
                    "item_2.i_class_id", 
                    "item_2.i_class", 
                    "item_2.i_category_id", 
                    "item_2.i_category", 
                    "item_2.i_manufact_id", 
                    "item_2.i_manufact", 
                    "item_2.i_size", 
                    "item_2.i_formulation", 
                    "item_2.i_color", 
                    "item_2.i_units", 
                    "item_2.i_container", 
                    "item_2.i_manager_id", 
                    "item_2.i_product_name"
                   ], 
                   "Parent Relationship": "Outer", 
                   "Total Cost": 10.5, 
                   "Schema": "pg_temp_2"
                  }, 
                  {
                   "Index Cond": "(web_sales.ws_item_sk = item_2.i_item_sk)", 
                   "Startup Cost": 0.15, 
                   "Scan Direction": "Forward", 
                   "Plan Width": 30, 
                   "Node Type": "Index Scan", 
                   "Total Cost": 8.17, 
                   "Plan Rows": 1, 
                   "Relation Name": "web_sales", 
                   "Alias": "web_sales", 
                   "Parallel Aware": false, 
                   "Output": [
                    "web_sales.ws_sold_date_sk", 
                    "web_sales.ws_sold_time_sk", 
                    "web_sales.ws_ship_date_sk", 
                    "web_sales.ws_item_sk", 
                    "web_sales.ws_bill_customer_sk", 
                    "web_sales.ws_bill_cdemo_sk", 
                    "web_sales.ws_bill_hdemo_sk", 
                    "web_sales.ws_bill_addr_sk", 
                    "web_sales.ws_ship_customer_sk", 
                    "web_sales.ws_ship_cdemo_sk", 
                    "web_sales.ws_ship_hdemo_sk", 
                    "web_sales.ws_ship_addr_sk", 
                    "web_sales.ws_web_page_sk", 
                    "web_sales.ws_web_site_sk", 
                    "web_sales.ws_ship_mode_sk", 
                    "web_sales.ws_warehouse_sk", 
                    "web_sales.ws_promo_sk", 
                    "web_sales.ws_order_number", 
                    "web_sales.ws_quantity", 
                    "web_sales.ws_wholesale_cost", 
                    "web_sales.ws_list_price", 
                    "web_sales.ws_sales_price", 
                    "web_sales.ws_ext_discount_amt", 
                    "web_sales.ws_ext_sales_price", 
                    "web_sales.ws_ext_wholesale_cost", 
                    "web_sales.ws_ext_list_price", 
                    "web_sales.ws_ext_tax", 
                    "web_sales.ws_coupon_amt", 
                    "web_sales.ws_ext_ship_cost", 
                    "web_sales.ws_net_paid", 
                    "web_sales.ws_net_paid_inc_tax", 
                    "web_sales.ws_net_paid_inc_ship", 
                    "web_sales.ws_net_paid_inc_ship_tax", 
                    "web_sales.ws_net_profit"
                   ], 
                   "Parent Relationship": "Inner", 
                   "Schema": "pg_temp_2", 
                   "Index Name": "web_sales_pkey"
                  }
                 ], 
                 "Node Type": "Nested Loop", 
                 "Plan Rows": 1, 
                 "Join Type": "Inner", 
                 "Parallel Aware": false, 
                 "Output": [
                  "web_sales.ws_quantity", 
                  "web_sales.ws_ext_sales_price", 
                  "web_sales.ws_item_sk", 
                  "web_sales.ws_sold_date_sk", 
                  "web_sales.ws_order_number", 
                  "item_2.i_brand_id", 
                  "item_2.i_class_id", 
                  "item_2.i_category_id", 
                  "item_2.i_manufact_id"
                 ], 
                 "Parent Relationship": "Outer", 
                 "Plan Width": 46, 
                 "Total Cost": 18.68
                }, 
                {
                 "Index Cond": "(date_dim_2.d_date_sk = web_sales.ws_sold_date_sk)", 
                 "Startup Cost": 0.15, 
                 "Scan Direction": "Forward", 
                 "Plan Width": 8, 
                 "Node Type": "Index Scan", 
                 "Total Cost": 0.33, 
                 "Plan Rows": 1, 
                 "Relation Name": "date_dim", 
                 "Alias": "date_dim_2", 
                 "Parallel Aware": false, 
                 "Output": [
                  "date_dim_2.d_date_sk", 
                  "date_dim_2.d_date_id", 
                  "date_dim_2.d_date", 
                  "date_dim_2.d_month_seq", 
                  "date_dim_2.d_week_seq", 
                  "date_dim_2.d_quarter_seq", 
                  "date_dim_2.d_year", 
                  "date_dim_2.d_dow", 
                  "date_dim_2.d_moy", 
                  "date_dim_2.d_dom", 
                  "date_dim_2.d_qoy", 
                  "date_dim_2.d_fy_year", 
                  "date_dim_2.d_fy_quarter_seq", 
                  "date_dim_2.d_fy_week_seq", 
                  "date_dim_2.d_day_name", 
                  "date_dim_2.d_quarter_name", 
                  "date_dim_2.d_holiday", 
                  "date_dim_2.d_weekend", 
                  "date_dim_2.d_following_holiday", 
                  "date_dim_2.d_first_dom", 
                  "date_dim_2.d_last_dom", 
                  "date_dim_2.d_same_day_ly", 
                  "date_dim_2.d_same_day_lq", 
                  "date_dim_2.d_current_day", 
                  "date_dim_2.d_current_week", 
                  "date_dim_2.d_current_month", 
                  "date_dim_2.d_current_quarter", 
                  "date_dim_2.d_current_year"
                 ], 
                 "Parent Relationship": "Inner", 
                 "Schema": "pg_temp_2", 
                 "Index Name": "date_dim_pkey"
                }
               ], 
               "Node Type": "Nested Loop", 
               "Plan Rows": 1, 
               "Join Type": "Inner", 
               "Parallel Aware": false, 
               "Output": [
                "web_sales.ws_quantity", 
                "web_sales.ws_ext_sales_price", 
                "web_sales.ws_item_sk", 
                "web_sales.ws_order_number", 
                "item_2.i_brand_id", 
                "item_2.i_class_id", 
                "item_2.i_category_id", 
                "item_2.i_manufact_id", 
                "date_dim_2.d_year"
               ], 
               "Parent Relationship": "Outer", 
               "Plan Width": 46, 
               "Total Cost": 19.02
              }, 
              {
               "Index Cond": "((web_sales.ws_item_sk = web_returns.wr_item_sk) AND (web_sales.ws_order_number = web_returns.wr_order_number))", 
               "Startup Cost": 0.15, 
               "Scan Direction": "Forward", 
               "Plan Width": 26, 
               "Node Type": "Index Scan", 
               "Total Cost": 0.34, 
               "Plan Rows": 1, 
               "Relation Name": "web_returns", 
               "Alias": "web_returns", 
               "Parallel Aware": false, 
               "Output": [
                "web_returns.wr_returned_date_sk", 
                "web_returns.wr_returned_time_sk", 
                "web_returns.wr_item_sk", 
                "web_returns.wr_refunded_customer_sk", 
                "web_returns.wr_refunded_cdemo_sk", 
                "web_returns.wr_refunded_hdemo_sk", 
                "web_returns.wr_refunded_addr_sk", 
                "web_returns.wr_returning_customer_sk", 
                "web_returns.wr_returning_cdemo_sk", 
                "web_returns.wr_returning_hdemo_sk", 
                "web_returns.wr_returning_addr_sk", 
                "web_returns.wr_web_page_sk", 
                "web_returns.wr_reason_sk", 
                "web_returns.wr_order_number", 
                "web_returns.wr_return_quantity", 
                "web_returns.wr_return_amt", 
                "web_returns.wr_return_tax", 
                "web_returns.wr_return_amt_inc_tax", 
                "web_returns.wr_fee", 
                "web_returns.wr_return_ship_cost", 
                "web_returns.wr_refunded_cash", 
                "web_returns.wr_reversed_charge", 
                "web_returns.wr_account_credit", 
                "web_returns.wr_net_loss"
               ], 
               "Parent Relationship": "Inner", 
               "Schema": "pg_temp_2", 
               "Index Name": "web_returns_pkey"
              }
             ], 
             "Node Type": "Nested Loop", 
             "Plan Rows": 1, 
             "Join Type": "Left", 
             "Parallel Aware": false, 
             "Output": [
              "date_dim_2.d_year", 
              "item_2.i_brand_id", 
              "item_2.i_class_id", 
              "item_2.i_category_id", 
              "item_2.i_manufact_id", 
              "(web_sales.ws_quantity - COALESCE(web_returns.wr_return_quantity, 0))", 
              "(web_sales.ws_ext_sales_price - COALESCE(web_returns.wr_return_amt, 0.0))"
             ], 
             "Parent Relationship": "Member", 
             "Plan Width": 56, 
             "Total Cost": 19.37
            }
           ], 
           "Node Type": "Append", 
           "Plan Rows": 4, 
           "Parallel Aware": false, 
           "Parent Relationship": "Outer", 
           "Plan Width": 56, 
           "Total Cost": 60.04
          }
         ], 
         "Group Key": [
          "date_dim.d_year", 
          "item.i_brand_id", 
          "item.i_class_id", 
          "item.i_category_id", 
          "item.i_manufact_id", 
          "((catalog_sales.cs_quantity - COALESCE(catalog_returns.cr_return_quantity, 0)))", 
          "((catalog_sales.cs_ext_sales_price - COALESCE(catalog_returns.cr_return_amount, 0.0)))"
         ], 
         "Node Type": "Aggregate", 
         "Strategy": "Hashed", 
         "Plan Rows": 4, 
         "Parallel Aware": false, 
         "Output": [
          "date_dim.d_year", 
          "item.i_brand_id", 
          "item.i_class_id", 
          "item.i_category_id", 
          "item.i_manufact_id", 
          "((catalog_sales.cs_quantity - COALESCE(catalog_returns.cr_return_quantity, 0)))", 
          "((catalog_sales.cs_ext_sales_price - COALESCE(catalog_returns.cr_return_amount, 0.0)))"
         ], 
         "Parent Relationship": "Outer", 
         "Plan Width": 56, 
         "Total Cost": 60.15
        }
       ], 
       "Sort Key": [
        "date_dim.d_year", 
        "item.i_brand_id", 
        "item.i_class_id", 
        "item.i_category_id", 
        "item.i_manufact_id"
       ], 
       "Node Type": "Sort", 
       "Plan Rows": 4, 
       "Parallel Aware": false, 
       "Output": [
        "date_dim.d_year", 
        "item.i_brand_id", 
        "item.i_class_id", 
        "item.i_category_id", 
        "item.i_manufact_id", 
        "((catalog_sales.cs_quantity - COALESCE(catalog_returns.cr_return_quantity, 0)))", 
        "((catalog_sales.cs_ext_sales_price - COALESCE(catalog_returns.cr_return_amount, 0.0)))"
       ], 
       "Parent Relationship": "Outer", 
       "Plan Width": 56, 
       "Total Cost": 60.24
      }
     ], 
     "Group Key": [
      "date_dim.d_year", 
      "item.i_brand_id", 
      "item.i_class_id", 
      "item.i_category_id", 
      "item.i_manufact_id"
     ], 
     "Node Type": "Aggregate", 
     "Strategy": "Sorted", 
     "Plan Rows": 4, 
     "Parallel Aware": false, 
     "Output": [
      "date_dim.d_year", 
      "item.i_brand_id", 
      "item.i_class_id", 
      "item.i_category_id", 
      "item.i_manufact_id", 
      "sum(((catalog_sales.cs_quantity - COALESCE(catalog_returns.cr_return_quantity, 0))))", 
      "sum(((catalog_sales.cs_ext_sales_price - COALESCE(catalog_returns.cr_return_amount, 0.0))))"
     ], 
     "Parent Relationship": "InitPlan", 
     "Plan Width": 60, 
     "Subplan Name": "CTE all_sales", 
     "Total Cost": 60.36
    }, 
    {
     "Startup Cost": 0.23, 
     "Plans": [
      {
       "Startup Cost": 0.0, 
       "Plans": [
        {
         "Startup Cost": 0.0, 
         "CTE Name": "all_sales", 
         "Node Type": "CTE Scan", 
         "Plan Rows": 1, 
         "Filter": "(curr_yr.d_year = 2002)", 
         "Alias": "curr_yr", 
         "Parallel Aware": false, 
         "Output": [
          "curr_yr.d_year", 
          "curr_yr.i_brand_id", 
          "curr_yr.i_class_id", 
          "curr_yr.i_category_id", 
          "curr_yr.i_manufact_id", 
          "curr_yr.sales_cnt", 
          "curr_yr.sales_amt"
         ], 
         "Parent Relationship": "Outer", 
         "Plan Width": 60, 
         "Total Cost": 0.09
        }, 
        {
         "Startup Cost": 0.0, 
         "CTE Name": "all_sales", 
         "Node Type": "CTE Scan", 
         "Plan Rows": 1, 
         "Filter": "(prev_yr.d_year = 2001)", 
         "Alias": "prev_yr", 
         "Parallel Aware": false, 
         "Output": [
          "prev_yr.d_year", 
          "prev_yr.i_brand_id", 
          "prev_yr.i_class_id", 
          "prev_yr.i_category_id", 
          "prev_yr.i_manufact_id", 
          "prev_yr.sales_cnt", 
          "prev_yr.sales_amt"
         ], 
         "Parent Relationship": "Inner", 
         "Plan Width": 60, 
         "Total Cost": 0.09
        }
       ], 
       "Node Type": "Nested Loop", 
       "Plan Rows": 1, 
       "Join Type": "Inner", 
       "Parallel Aware": false, 
       "Output": [
        "prev_yr.d_year", 
        "curr_yr.d_year", 
        "curr_yr.i_brand_id", 
        "curr_yr.i_class_id", 
        "curr_yr.i_category_id", 
        "curr_yr.i_manufact_id", 
        "prev_yr.sales_cnt", 
        "curr_yr.sales_cnt", 
        "(curr_yr.sales_cnt - prev_yr.sales_cnt)", 
        "(curr_yr.sales_amt - prev_yr.sales_amt)"
       ], 
       "Parent Relationship": "Outer", 
       "Plan Width": 80, 
       "Join Filter": "((curr_yr.i_brand_id = prev_yr.i_brand_id) AND (curr_yr.i_class_id = prev_yr.i_class_id) AND (curr_yr.i_category_id = prev_yr.i_category_id) AND (curr_yr.i_manufact_id = prev_yr.i_manufact_id) AND (((curr_yr.sales_cnt)::numeric(17,2) / (prev_yr.sales_cnt)::numeric(17,2)) < 0.9))", 
       "Total Cost": 0.22
      }
     ], 
     "Sort Key": [
      "((curr_yr.sales_cnt - prev_yr.sales_cnt))"
     ], 
     "Node Type": "Sort", 
     "Plan Rows": 1, 
     "Parallel Aware": false, 
     "Output": [
      "prev_yr.d_year", 
      "curr_yr.d_year", 
      "curr_yr.i_brand_id", 
      "curr_yr.i_class_id", 
      "curr_yr.i_category_id", 
      "curr_yr.i_manufact_id", 
      "prev_yr.sales_cnt", 
      "curr_yr.sales_cnt", 
      "((curr_yr.sales_cnt - prev_yr.sales_cnt))", 
      "((curr_yr.sales_amt - prev_yr.sales_amt))"
     ], 
     "Parent Relationship": "Outer", 
     "Plan Width": 80, 
     "Total Cost": 0.24
    }
   ], 
   "Node Type": "Limit", 
   "Plan Rows": 1, 
   "Parallel Aware": false, 
   "Output": [
    "prev_yr.d_year", 
    "curr_yr.d_year", 
    "curr_yr.i_brand_id", 
    "curr_yr.i_class_id", 
    "curr_yr.i_category_id", 
    "curr_yr.i_manufact_id", 
    "prev_yr.sales_cnt", 
    "curr_yr.sales_cnt", 
    "((curr_yr.sales_cnt - prev_yr.sales_cnt))", 
    "((curr_yr.sales_amt - prev_yr.sales_amt))"
   ], 
   "Plan Width": 80, 
   "Total Cost": 60.59
  }
 }
]