[
 {
  "Plan": {
   "Startup Cost": 57.86, 
   "Plans": [
    {
     "Startup Cost": 29.34, 
     "Plans": [
      {
       "Partial Mode": "Simple", 
       "Startup Cost": 29.34, 
       "Plans": [
        {
         "Startup Cost": 29.34, 
         "Plans": [
          {
           "Startup Cost": 13.55, 
           "Plans": [
            {
             "Hash Cond": "(store_sales.ss_sold_date_sk = date_dim.d_date_sk)", 
             "Startup Cost": 13.41, 
             "Plans": [
              {
               "Startup Cost": 0.0, 
               "Plan Width": 22, 
               "Node Type": "Seq Scan", 
               "Plan Rows": 340, 
               "Relation Name": "store_sales", 
               "Alias": "store_sales", 
               "Parallel Aware": false, 
               "Output": [
                "store_sales.ss_sold_date_sk", 
                "store_sales.ss_sold_time_sk", 
                "store_sales.ss_item_sk", 
                "store_sales.ss_customer_sk", 
                "store_sales.ss_cdemo_sk", 
                "store_sales.ss_hdemo_sk", 
                "store_sales.ss_addr_sk", 
                "store_sales.ss_store_sk", 
                "store_sales.ss_promo_sk", 
                "store_sales.ss_ticket_number", 
                "store_sales.ss_quantity", 
                "store_sales.ss_wholesale_cost", 
                "store_sales.ss_list_price", 
                "store_sales.ss_sales_price", 
                "store_sales.ss_ext_discount_amt", 
                "store_sales.ss_ext_sales_price", 
                "store_sales.ss_ext_wholesale_cost", 
                "store_sales.ss_ext_list_price", 
                "store_sales.ss_ext_tax", 
                "store_sales.ss_coupon_amt", 
                "store_sales.ss_net_paid", 
                "store_sales.ss_net_paid_inc_tax", 
                "store_sales.ss_net_profit"
               ], 
               "Parent Relationship": "Outer", 
               "Total Cost": 13.4, 
               "Schema": "pg_temp_2"
              }, 
              {
               "Startup Cost": 13.38, 
               "Plans": [
                {
                 "Filter": "(date_dim.d_year = ANY ('{2001,2002}'::integer[]))", 
                 "Startup Cost": 0.0, 
                 "Plan Width": 8, 
                 "Node Type": "Seq Scan", 
                 "Plan Rows": 3, 
                 "Relation Name": "date_dim", 
                 "Alias": "date_dim", 
                 "Parallel Aware": false, 
                 "Output": [
                  "date_dim.d_year", 
                  "date_dim.d_date_sk"
                 ], 
                 "Parent Relationship": "Outer", 
                 "Total Cost": 13.38, 
                 "Schema": "pg_temp_2"
                }
               ], 
               "Node Type": "Hash", 
               "Plan Rows": 3, 
               "Parallel Aware": false, 
               "Output": [
                "date_dim.d_year", 
                "date_dim.d_date_sk"
               ], 
               "Parent Relationship": "Inner", 
               "Plan Width": 8, 
               "Total Cost": 13.38
              }
             ], 
             "Node Type": "Hash Join", 
             "Plan Rows": 4, 
             "Join Type": "Inner", 
             "Parallel Aware": false, 
             "Output": [
              "store_sales.ss_net_paid", 
              "store_sales.ss_customer_sk", 
              "date_dim.d_year"
             ], 
             "Parent Relationship": "Outer", 
             "Plan Width": 22, 
             "Total Cost": 28.13
            }, 
            {
             "Index Cond": "(customer.c_customer_sk = store_sales.ss_customer_sk)", 
             "Startup Cost": 0.14, 
             "Scan Direction": "Forward", 
             "Plan Width": 280, 
             "Node Type": "Index Scan", 
             "Total Cost": 0.29, 
             "Plan Rows": 1, 
             "Relation Name": "customer", 
             "Alias": "customer", 
             "Parallel Aware": false, 
             "Output": [
              "customer.c_customer_sk", 
              "customer.c_customer_id", 
              "customer.c_current_cdemo_sk", 
              "customer.c_current_hdemo_sk", 
              "customer.c_current_addr_sk", 
              "customer.c_first_shipto_date_sk", 
              "customer.c_first_sales_date_sk", 
              "customer.c_salutation", 
              "customer.c_first_name", 
              "customer.c_last_name", 
              "customer.c_preferred_cust_flag", 
              "customer.c_birth_day", 
              "customer.c_birth_month", 
              "customer.c_birth_year", 
              "customer.c_birth_country", 
              "customer.c_login", 
              "customer.c_email_address", 
              "customer.c_last_review_date"
             ], 
             "Parent Relationship": "Inner", 
             "Schema": "pg_temp_2", 
             "Index Name": "customer_pkey"
            }
           ], 
           "Node Type": "Nested Loop", 
           "Plan Rows": 2, 
           "Join Type": "Inner", 
           "Parallel Aware": false, 
           "Output": [
            "customer.c_customer_id", 
            "customer.c_first_name", 
            "customer.c_last_name", 
            "date_dim.d_year", 
            "store_sales.ss_net_paid"
           ], 
           "Parent Relationship": "Outer", 
           "Plan Width": 294, 
           "Total Cost": 29.33
          }
         ], 
         "Sort Key": [
          "customer.c_customer_id", 
          "customer.c_first_name", 
          "customer.c_last_name", 
          "date_dim.d_year"
         ], 
         "Node Type": "Sort", 
         "Plan Rows": 2, 
         "Parallel Aware": false, 
         "Output": [
          "customer.c_customer_id", 
          "customer.c_first_name", 
          "customer.c_last_name", 
          "date_dim.d_year", 
          "store_sales.ss_net_paid"
         ], 
         "Parent Relationship": "Outer", 
         "Plan Width": 294, 
         "Total Cost": 29.34
        }
       ], 
       "Group Key": [
        "customer.c_customer_id", 
        "customer.c_first_name", 
        "customer.c_last_name", 
        "date_dim.d_year"
       ], 
       "Node Type": "Aggregate", 
       "Strategy": "Sorted", 
       "Plan Rows": 2, 
       "Parallel Aware": false, 
       "Output": [
        "customer.c_customer_id", 
        "customer.c_first_name", 
        "customer.c_last_name", 
        "date_dim.d_year", 
        "max(store_sales.ss_net_paid)", 
        "'s'::text"
       ], 
       "Parent Relationship": "Member", 
       "Plan Width": 344, 
       "Total Cost": 29.39
      }, 
      {
       "Partial Mode": "Simple", 
       "Startup Cost": 28.05, 
       "Plans": [
        {
         "Startup Cost": 28.05, 
         "Plans": [
          {
           "Startup Cost": 13.55, 
           "Plans": [
            {
             "Hash Cond": "(web_sales.ws_sold_date_sk = date_dim_1.d_date_sk)", 
             "Startup Cost": 13.41, 
             "Plans": [
              {
               "Startup Cost": 0.0, 
               "Plan Width": 22, 
               "Node Type": "Seq Scan", 
               "Plan Rows": 260, 
               "Relation Name": "web_sales", 
               "Alias": "web_sales", 
               "Parallel Aware": false, 
               "Output": [
                "web_sales.ws_sold_date_sk", 
                "web_sales.ws_sold_time_sk", 
                "web_sales.ws_ship_date_sk", 
                "web_sales.ws_item_sk", 
                "web_sales.ws_bill_customer_sk", 
                "web_sales.ws_bill_cdemo_sk", 
                "web_sales.ws_bill_hdemo_sk", 
                "web_sales.ws_bill_addr_sk", 
                "web_sales.ws_ship_customer_sk", 
                "web_sales.ws_ship_cdemo_sk", 
                "web_sales.ws_ship_hdemo_sk", 
                "web_sales.ws_ship_addr_sk", 
                "web_sales.ws_web_page_sk", 
                "web_sales.ws_web_site_sk", 
                "web_sales.ws_ship_mode_sk", 
                "web_sales.ws_warehouse_sk", 
                "web_sales.ws_promo_sk", 
                "web_sales.ws_order_number", 
                "web_sales.ws_quantity", 
                "web_sales.ws_wholesale_cost", 
                "web_sales.ws_list_price", 
                "web_sales.ws_sales_price", 
                "web_sales.ws_ext_discount_amt", 
                "web_sales.ws_ext_sales_price", 
                "web_sales.ws_ext_wholesale_cost", 
                "web_sales.ws_ext_list_price", 
                "web_sales.ws_ext_tax", 
                "web_sales.ws_coupon_amt", 
                "web_sales.ws_ext_ship_cost", 
                "web_sales.ws_net_paid", 
                "web_sales.ws_net_paid_inc_tax", 
                "web_sales.ws_net_paid_inc_ship", 
                "web_sales.ws_net_paid_inc_ship_tax", 
                "web_sales.ws_net_profit"
               ], 
               "Parent Relationship": "Outer", 
               "Total Cost": 12.6, 
               "Schema": "pg_temp_2"
              }, 
              {
               "Startup Cost": 13.38, 
               "Plans": [
                {
                 "Filter": "(date_dim_1.d_year = ANY ('{2001,2002}'::integer[]))", 
                 "Startup Cost": 0.0, 
                 "Plan Width": 8, 
                 "Node Type": "Seq Scan", 
                 "Plan Rows": 3, 
                 "Relation Name": "date_dim", 
                 "Alias": "date_dim_1", 
                 "Parallel Aware": false, 
                 "Output": [
                  "date_dim_1.d_year", 
                  "date_dim_1.d_date_sk"
                 ], 
                 "Parent Relationship": "Outer", 
                 "Total Cost": 13.38, 
                 "Schema": "pg_temp_2"
                }
               ], 
               "Node Type": "Hash", 
               "Plan Rows": 3, 
               "Parallel Aware": false, 
               "Output": [
                "date_dim_1.d_year", 
                "date_dim_1.d_date_sk"
               ], 
               "Parent Relationship": "Inner", 
               "Plan Width": 8, 
               "Total Cost": 13.38
              }
             ], 
             "Node Type": "Hash Join", 
             "Plan Rows": 3, 
             "Join Type": "Inner", 
             "Parallel Aware": false, 
             "Output": [
              "web_sales.ws_net_paid", 
              "web_sales.ws_bill_customer_sk", 
              "date_dim_1.d_year"
             ], 
             "Parent Relationship": "Outer", 
             "Plan Width": 22, 
             "Total Cost": 27.02
            }, 
            {
             "Index Cond": "(customer_1.c_customer_sk = web_sales.ws_bill_customer_sk)", 
             "Startup Cost": 0.14, 
             "Scan Direction": "Forward", 
             "Plan Width": 280, 
             "Node Type": "Index Scan", 
             "Total Cost": 0.33, 
             "Plan Rows": 1, 
             "Relation Name": "customer", 
             "Alias": "customer_1", 
             "Parallel Aware": false, 
             "Output": [
              "customer_1.c_customer_sk", 
              "customer_1.c_customer_id", 
              "customer_1.c_current_cdemo_sk", 
              "customer_1.c_current_hdemo_sk", 
              "customer_1.c_current_addr_sk", 
              "customer_1.c_first_shipto_date_sk", 
              "customer_1.c_first_sales_date_sk", 
              "customer_1.c_salutation", 
              "customer_1.c_first_name", 
              "customer_1.c_last_name", 
              "customer_1.c_preferred_cust_flag", 
              "customer_1.c_birth_day", 
              "customer_1.c_birth_month", 
              "customer_1.c_birth_year", 
              "customer_1.c_birth_country", 
              "customer_1.c_login", 
              "customer_1.c_email_address", 
              "customer_1.c_last_review_date"
             ], 
             "Parent Relationship": "Inner", 
             "Schema": "pg_temp_2", 
             "Index Name": "customer_pkey"
            }
           ], 
           "Node Type": "Nested Loop", 
           "Plan Rows": 1, 
           "Join Type": "Inner", 
           "Parallel Aware": false, 
           "Output": [
            "customer_1.c_customer_id", 
            "customer_1.c_first_name", 
            "customer_1.c_last_name", 
            "date_dim_1.d_year", 
            "web_sales.ws_net_paid"
           ], 
           "Parent Relationship": "Outer", 
           "Plan Width": 294, 
           "Total Cost": 28.04
          }
         ], 
         "Sort Key": [
          "customer_1.c_customer_id", 
          "customer_1.c_first_name", 
          "customer_1.c_last_name", 
          "date_dim_1.d_year"
         ], 
         "Node Type": "Sort", 
         "Plan Rows": 1, 
         "Parallel Aware": false, 
         "Output": [
          "customer_1.c_customer_id", 
          "customer_1.c_first_name", 
          "customer_1.c_last_name", 
          "date_dim_1.d_year", 
          "web_sales.ws_net_paid"
         ], 
         "Parent Relationship": "Outer", 
         "Plan Width": 294, 
         "Total Cost": 28.05
        }
       ], 
       "Group Key": [
        "customer_1.c_customer_id", 
        "customer_1.c_first_name", 
        "customer_1.c_last_name", 
        "date_dim_1.d_year"
       ], 
       "Node Type": "Aggregate", 
       "Strategy": "Sorted", 
       "Plan Rows": 1, 
       "Parallel Aware": false, 
       "Output": [
        "customer_1.c_customer_id", 
        "customer_1.c_first_name", 
        "customer_1.c_last_name", 
        "date_dim_1.d_year", 
        "max(web_sales.ws_net_paid)", 
        "'w'::text"
       ], 
       "Parent Relationship": "Member", 
       "Plan Width": 344, 
       "Total Cost": 28.07
      }
     ], 
     "Node Type": "Append", 
     "Plan Rows": 3, 
     "Parallel Aware": false, 
     "Parent Relationship": "InitPlan", 
     "Plan Width": 344, 
     "Subplan Name": "CTE year_total", 
     "Total Cost": 57.49
    }, 
    {
     "Startup Cost": 0.38, 
     "Plans": [
      {
       "Startup Cost": 0.0, 
       "Plans": [
        {
         "Startup Cost": 0.0, 
         "Plans": [
          {
           "Startup Cost": 0.0, 
           "Plans": [
            {
             "Startup Cost": 0.0, 
             "CTE Name": "year_total", 
             "Node Type": "CTE Scan", 
             "Plan Rows": 1, 
             "Filter": "((t_s_firstyear.year_total > '0'::numeric) AND (t_s_firstyear.sale_type = 's'::text) AND (t_s_firstyear.year = 2001))", 
             "Alias": "t_s_firstyear", 
             "Parallel Aware": false, 
             "Output": [
              "t_s_firstyear.customer_id", 
              "t_s_firstyear.customer_first_name", 
              "t_s_firstyear.customer_last_name", 
              "t_s_firstyear.year", 
              "t_s_firstyear.year_total", 
              "t_s_firstyear.sale_type"
             ], 
             "Parent Relationship": "Outer", 
             "Plan Width": 100, 
             "Total Cost": 0.08
            }, 
            {
             "Startup Cost": 0.0, 
             "CTE Name": "year_total", 
             "Node Type": "CTE Scan", 
             "Plan Rows": 1, 
             "Filter": "((t_s_secyear.sale_type = 's'::text) AND (t_s_secyear.year = 2002))", 
             "Alias": "t_s_secyear", 
             "Parallel Aware": false, 
             "Output": [
              "t_s_secyear.customer_id", 
              "t_s_secyear.customer_first_name", 
              "t_s_secyear.customer_last_name", 
              "t_s_secyear.year", 
              "t_s_secyear.year_total", 
              "t_s_secyear.sale_type"
             ], 
             "Parent Relationship": "Inner", 
             "Plan Width": 308, 
             "Total Cost": 0.08
            }
           ], 
           "Node Type": "Nested Loop", 
           "Plan Rows": 1, 
           "Join Type": "Inner", 
           "Parallel Aware": false, 
           "Output": [
            "t_s_firstyear.customer_id", 
            "t_s_firstyear.year_total", 
            "t_s_secyear.customer_id", 
            "t_s_secyear.customer_first_name", 
            "t_s_secyear.customer_last_name", 
            "t_s_secyear.year_total"
           ], 
           "Parent Relationship": "Outer", 
           "Plan Width": 408, 
           "Join Filter": "(t_s_firstyear.customer_id = t_s_secyear.customer_id)", 
           "Total Cost": 0.17
          }, 
          {
           "Startup Cost": 0.0, 
           "CTE Name": "year_total", 
           "Node Type": "CTE Scan", 
           "Plan Rows": 1, 
           "Filter": "((t_w_firstyear.year_total > '0'::numeric) AND (t_w_firstyear.sale_type = 'w'::text) AND (t_w_firstyear.year = 2001))", 
           "Alias": "t_w_firstyear", 
           "Parallel Aware": false, 
           "Output": [
            "t_w_firstyear.customer_id", 
            "t_w_firstyear.customer_first_name", 
            "t_w_firstyear.customer_last_name", 
            "t_w_firstyear.year", 
            "t_w_firstyear.year_total", 
            "t_w_firstyear.sale_type"
           ], 
           "Parent Relationship": "Inner", 
           "Plan Width": 100, 
           "Total Cost": 0.08
          }
         ], 
         "Node Type": "Nested Loop", 
         "Plan Rows": 1, 
         "Join Type": "Inner", 
         "Parallel Aware": false, 
         "Output": [
          "t_s_firstyear.customer_id", 
          "t_s_firstyear.year_total", 
          "t_s_secyear.customer_id", 
          "t_s_secyear.customer_first_name", 
          "t_s_secyear.customer_last_name", 
          "t_s_secyear.year_total", 
          "t_w_firstyear.customer_id", 
          "t_w_firstyear.year_total"
         ], 
         "Parent Relationship": "Outer", 
         "Plan Width": 508, 
         "Join Filter": "(t_s_secyear.customer_id = t_w_firstyear.customer_id)", 
         "Total Cost": 0.27
        }, 
        {
         "Startup Cost": 0.0, 
         "CTE Name": "year_total", 
         "Node Type": "CTE Scan", 
         "Plan Rows": 1, 
         "Filter": "((t_w_secyear.sale_type = 'w'::text) AND (t_w_secyear.year = 2002))", 
         "Alias": "t_w_secyear", 
         "Parallel Aware": false, 
         "Output": [
          "t_w_secyear.customer_id", 
          "t_w_secyear.customer_first_name", 
          "t_w_secyear.customer_last_name", 
          "t_w_secyear.year", 
          "t_w_secyear.year_total", 
          "t_w_secyear.sale_type"
         ], 
         "Parent Relationship": "Inner", 
         "Plan Width": 100, 
         "Total Cost": 0.08
        }
       ], 
       "Node Type": "Nested Loop", 
       "Plan Rows": 1, 
       "Join Type": "Inner", 
       "Parallel Aware": false, 
       "Output": [
        "t_s_secyear.customer_id", 
        "t_s_secyear.customer_first_name", 
        "t_s_secyear.customer_last_name"
       ], 
       "Parent Relationship": "Outer", 
       "Plan Width": 276, 
       "Join Filter": "((t_s_secyear.customer_id = t_w_secyear.customer_id) AND (CASE WHEN (t_w_firstyear.year_total > '0'::numeric) THEN (t_w_secyear.year_total / t_w_firstyear.year_total) ELSE NULL::numeric END > CASE WHEN (t_s_firstyear.year_total > '0'::numeric) THEN (t_s_secyear.year_total / t_s_firstyear.year_total) ELSE NULL::numeric END))", 
       "Total Cost": 0.37
      }
     ], 
     "Sort Key": [
      "t_s_secyear.customer_id", 
      "t_s_secyear.customer_first_name", 
      "t_s_secyear.customer_last_name"
     ], 
     "Node Type": "Sort", 
     "Plan Rows": 1, 
     "Parallel Aware": false, 
     "Output": [
      "t_s_secyear.customer_id", 
      "t_s_secyear.customer_first_name", 
      "t_s_secyear.customer_last_name"
     ], 
     "Parent Relationship": "Outer", 
     "Plan Width": 276, 
     "Total Cost": 0.38
    }
   ], 
   "Node Type": "Limit", 
   "Plan Rows": 1, 
   "Parallel Aware": false, 
   "Output": [
    "t_s_secyear.customer_id", 
    "t_s_secyear.customer_first_name", 
    "t_s_secyear.customer_last_name"
   ], 
   "Plan Width": 276, 
   "Total Cost": 57.87
  }
 }
]