[
 {
  "Plan": {
   "Startup Cost": 37.8, 
   "Plans": [
    {
     "Partial Mode": "Simple", 
     "Startup Cost": 28.92, 
     "Plans": [
      {
       "Startup Cost": 28.92, 
       "Plans": [
        {
         "Startup Cost": 13.53, 
         "Plans": [
          {
           "Hash Cond": "(web_returns.wr_returned_date_sk = date_dim.d_date_sk)", 
           "Startup Cost": 13.39, 
           "Plans": [
            {
             "Startup Cost": 0.0, 
             "Plan Width": 26, 
             "Node Type": "Seq Scan", 
             "Plan Rows": 380, 
             "Relation Name": "web_returns", 
             "Alias": "web_returns", 
             "Parallel Aware": false, 
             "Output": [
              "web_returns.wr_returned_date_sk", 
              "web_returns.wr_returned_time_sk", 
              "web_returns.wr_item_sk", 
              "web_returns.wr_refunded_customer_sk", 
              "web_returns.wr_refunded_cdemo_sk", 
              "web_returns.wr_refunded_hdemo_sk", 
              "web_returns.wr_refunded_addr_sk", 
              "web_returns.wr_returning_customer_sk", 
              "web_returns.wr_returning_cdemo_sk", 
              "web_returns.wr_returning_hdemo_sk", 
              "web_returns.wr_returning_addr_sk", 
              "web_returns.wr_web_page_sk", 
              "web_returns.wr_reason_sk", 
              "web_returns.wr_order_number", 
              "web_returns.wr_return_quantity", 
              "web_returns.wr_return_amt", 
              "web_returns.wr_return_tax", 
              "web_returns.wr_return_amt_inc_tax", 
              "web_returns.wr_fee", 
              "web_returns.wr_return_ship_cost", 
              "web_returns.wr_refunded_cash", 
              "web_returns.wr_reversed_charge", 
              "web_returns.wr_account_credit", 
              "web_returns.wr_net_loss"
             ], 
             "Parent Relationship": "Outer", 
             "Total Cost": 13.8, 
             "Schema": "pg_temp_2"
            }, 
            {
             "Startup Cost": 13.38, 
             "Plans": [
              {
               "Filter": "(date_dim.d_year = 2002)", 
               "Startup Cost": 0.0, 
               "Plan Width": 4, 
               "Node Type": "Seq Scan", 
               "Plan Rows": 1, 
               "Relation Name": "date_dim", 
               "Alias": "date_dim", 
               "Parallel Aware": false, 
               "Output": [
                "date_dim.d_date_sk"
               ], 
               "Parent Relationship": "Outer", 
               "Total Cost": 13.38, 
               "Schema": "pg_temp_2"
              }
             ], 
             "Node Type": "Hash", 
             "Plan Rows": 1, 
             "Parallel Aware": false, 
             "Output": [
              "date_dim.d_date_sk"
             ], 
             "Parent Relationship": "Inner", 
             "Plan Width": 4, 
             "Total Cost": 13.38
            }
           ], 
           "Node Type": "Hash Join", 
           "Plan Rows": 1, 
           "Join Type": "Inner", 
           "Parallel Aware": false, 
           "Output": [
            "web_returns.wr_returning_customer_sk", 
            "web_returns.wr_return_amt", 
            "web_returns.wr_returning_addr_sk"
           ], 
           "Parent Relationship": "Outer", 
           "Plan Width": 22, 
           "Total Cost": 28.62
          }, 
          {
           "Index Cond": "(customer_address_1.ca_address_sk = web_returns.wr_returning_addr_sk)", 
           "Startup Cost": 0.14, 
           "Scan Direction": "Forward", 
           "Plan Width": 16, 
           "Node Type": "Index Scan", 
           "Total Cost": 0.28, 
           "Plan Rows": 1, 
           "Relation Name": "customer_address", 
           "Alias": "customer_address_1", 
           "Parallel Aware": false, 
           "Output": [
            "customer_address_1.ca_address_sk", 
            "customer_address_1.ca_address_id", 
            "customer_address_1.ca_street_number", 
            "customer_address_1.ca_street_name", 
            "customer_address_1.ca_street_type", 
            "customer_address_1.ca_suite_number", 
            "customer_address_1.ca_city", 
            "customer_address_1.ca_county", 
            "customer_address_1.ca_state", 
            "customer_address_1.ca_zip", 
            "customer_address_1.ca_country", 
            "customer_address_1.ca_gmt_offset", 
            "customer_address_1.ca_location_type"
           ], 
           "Parent Relationship": "Inner", 
           "Schema": "pg_temp_2", 
           "Index Name": "customer_address_pkey"
          }
         ], 
         "Node Type": "Nested Loop", 
         "Plan Rows": 1, 
         "Join Type": "Inner", 
         "Parallel Aware": false, 
         "Output": [
          "web_returns.wr_returning_customer_sk", 
          "customer_address_1.ca_state", 
          "web_returns.wr_return_amt"
         ], 
         "Parent Relationship": "Outer", 
         "Plan Width": 30, 
         "Total Cost": 28.91
        }
       ], 
       "Sort Key": [
        "web_returns.wr_returning_customer_sk", 
        "customer_address_1.ca_state"
       ], 
       "Node Type": "Sort", 
       "Plan Rows": 1, 
       "Parallel Aware": false, 
       "Output": [
        "web_returns.wr_returning_customer_sk", 
        "customer_address_1.ca_state", 
        "web_returns.wr_return_amt"
       ], 
       "Parent Relationship": "Outer", 
       "Plan Width": 30, 
       "Total Cost": 28.92
      }
     ], 
     "Group Key": [
      "web_returns.wr_returning_customer_sk", 
      "customer_address_1.ca_state"
     ], 
     "Node Type": "Aggregate", 
     "Strategy": "Sorted", 
     "Plan Rows": 1, 
     "Parallel Aware": false, 
     "Output": [
      "web_returns.wr_returning_customer_sk", 
      "customer_address_1.ca_state", 
      "sum(web_returns.wr_return_amt)"
     ], 
     "Parent Relationship": "InitPlan", 
     "Plan Width": 48, 
     "Subplan Name": "CTE customer_total_return", 
     "Total Cost": 28.94
    }, 
    {
     "Startup Cost": 8.86, 
     "Plans": [
      {
       "Startup Cost": 0.29, 
       "Plans": [
        {
         "Startup Cost": 0.14, 
         "Plans": [
          {
           "Startup Cost": 0.0, 
           "Plans": [
            {
             "Partial Mode": "Simple", 
             "Startup Cost": 0.03, 
             "Plans": [
              {
               "Startup Cost": 0.0, 
               "CTE Name": "customer_total_return", 
               "Node Type": "CTE Scan", 
               "Plan Rows": 1, 
               "Filter": "(ctr1.ctr_state = ctr2.ctr_state)", 
               "Alias": "ctr2", 
               "Parallel Aware": false, 
               "Output": [
                "ctr2.ctr_customer_sk", 
                "ctr2.ctr_state", 
                "ctr2.ctr_total_return"
               ], 
               "Parent Relationship": "Outer", 
               "Plan Width": 32, 
               "Total Cost": 0.02
              }
             ], 
             "Node Type": "Aggregate", 
             "Strategy": "Plain", 
             "Plan Rows": 1, 
             "Parallel Aware": false, 
             "Output": [
              "(avg(ctr2.ctr_total_return) * 1.2)"
             ], 
             "Parent Relationship": "SubPlan", 
             "Plan Width": 32, 
             "Subplan Name": "SubPlan 2", 
             "Total Cost": 0.04
            }
           ], 
           "CTE Name": "customer_total_return", 
           "Node Type": "CTE Scan", 
           "Plan Rows": 1, 
           "Filter": "(ctr1.ctr_total_return > (SubPlan 2))", 
           "Alias": "ctr1", 
           "Parallel Aware": false, 
           "Output": [
            "ctr1.ctr_customer_sk", 
            "ctr1.ctr_state", 
            "ctr1.ctr_total_return"
           ], 
           "Parent Relationship": "Outer", 
           "Plan Width": 36, 
           "Total Cost": 0.06
          }, 
          {
           "Index Cond": "(customer.c_customer_sk = ctr1.ctr_customer_sk)", 
           "Startup Cost": 0.14, 
           "Scan Direction": "Forward", 
           "Plan Width": 710, 
           "Node Type": "Index Scan", 
           "Total Cost": 8.16, 
           "Plan Rows": 1, 
           "Relation Name": "customer", 
           "Alias": "customer", 
           "Parallel Aware": false, 
           "Output": [
            "customer.c_customer_sk", 
            "customer.c_customer_id", 
            "customer.c_current_cdemo_sk", 
            "customer.c_current_hdemo_sk", 
            "customer.c_current_addr_sk", 
            "customer.c_first_shipto_date_sk", 
            "customer.c_first_sales_date_sk", 
            "customer.c_salutation", 
            "customer.c_first_name", 
            "customer.c_last_name", 
            "customer.c_preferred_cust_flag", 
            "customer.c_birth_day", 
            "customer.c_birth_month", 
            "customer.c_birth_year", 
            "customer.c_birth_country", 
            "customer.c_login", 
            "customer.c_email_address", 
            "customer.c_last_review_date"
           ], 
           "Parent Relationship": "Inner", 
           "Schema": "pg_temp_2", 
           "Index Name": "customer_pkey"
          }
         ], 
         "Node Type": "Nested Loop", 
         "Plan Rows": 1, 
         "Join Type": "Inner", 
         "Parallel Aware": false, 
         "Output": [
          "ctr1.ctr_total_return", 
          "customer.c_customer_id", 
          "customer.c_salutation", 
          "customer.c_first_name", 
          "customer.c_last_name", 
          "customer.c_preferred_cust_flag", 
          "customer.c_birth_day", 
          "customer.c_birth_month", 
          "customer.c_birth_year", 
          "customer.c_birth_country", 
          "customer.c_login", 
          "customer.c_email_address", 
          "customer.c_last_review_date", 
          "customer.c_current_addr_sk"
         ], 
         "Parent Relationship": "Outer", 
         "Plan Width": 738, 
         "Total Cost": 8.23
        }, 
        {
         "Index Cond": "(customer_address.ca_address_sk = customer.c_current_addr_sk)", 
         "Startup Cost": 0.14, 
         "Scan Direction": "Forward", 
         "Plan Width": 4, 
         "Node Type": "Index Scan", 
         "Total Cost": 0.6, 
         "Plan Rows": 1, 
         "Relation Name": "customer_address", 
         "Alias": "customer_address", 
         "Parallel Aware": false, 
         "Filter": "(customer_address.ca_state = 'VA'::bpchar)", 
         "Output": [
          "customer_address.ca_address_sk", 
          "customer_address.ca_address_id", 
          "customer_address.ca_street_number", 
          "customer_address.ca_street_name", 
          "customer_address.ca_street_type", 
          "customer_address.ca_suite_number", 
          "customer_address.ca_city", 
          "customer_address.ca_county", 
          "customer_address.ca_state", 
          "customer_address.ca_zip", 
          "customer_address.ca_country", 
          "customer_address.ca_gmt_offset", 
          "customer_address.ca_location_type"
         ], 
         "Parent Relationship": "Inner", 
         "Schema": "pg_temp_2", 
         "Index Name": "customer_address_pkey"
        }
       ], 
       "Node Type": "Nested Loop", 
       "Plan Rows": 1, 
       "Join Type": "Inner", 
       "Parallel Aware": false, 
       "Output": [
        "customer.c_customer_id", 
        "customer.c_salutation", 
        "customer.c_first_name", 
        "customer.c_last_name", 
        "customer.c_preferred_cust_flag", 
        "customer.c_birth_day", 
        "customer.c_birth_month", 
        "customer.c_birth_year", 
        "customer.c_birth_country", 
        "customer.c_login", 
        "customer.c_email_address", 
        "customer.c_last_review_date", 
        "ctr1.ctr_total_return"
       ], 
       "Parent Relationship": "Outer", 
       "Plan Width": 734, 
       "Total Cost": 8.85
      }
     ], 
     "Sort Key": [
      "customer.c_customer_id", 
      "customer.c_salutation", 
      "customer.c_first_name", 
      "customer.c_last_name", 
      "customer.c_preferred_cust_flag", 
      "customer.c_birth_day", 
      "customer.c_birth_month", 
      "customer.c_birth_year", 
      "customer.c_birth_country", 
      "customer.c_login", 
      "customer.c_email_address", 
      "customer.c_last_review_date", 
      "ctr1.ctr_total_return"
     ], 
     "Node Type": "Sort", 
     "Plan Rows": 1, 
     "Parallel Aware": false, 
     "Output": [
      "customer.c_customer_id", 
      "customer.c_salutation", 
      "customer.c_first_name", 
      "customer.c_last_name", 
      "customer.c_preferred_cust_flag", 
      "customer.c_birth_day", 
      "customer.c_birth_month", 
      "customer.c_birth_year", 
      "customer.c_birth_country", 
      "customer.c_login", 
      "customer.c_email_address", 
      "customer.c_last_review_date", 
      "ctr1.ctr_total_return"
     ], 
     "Parent Relationship": "Outer", 
     "Plan Width": 734, 
     "Total Cost": 8.86
    }
   ], 
   "Node Type": "Limit", 
   "Plan Rows": 1, 
   "Parallel Aware": false, 
   "Output": [
    "customer.c_customer_id", 
    "customer.c_salutation", 
    "customer.c_first_name", 
    "customer.c_last_name", 
    "customer.c_preferred_cust_flag", 
    "customer.c_birth_day", 
    "customer.c_birth_month", 
    "customer.c_birth_year", 
    "customer.c_birth_country", 
    "customer.c_login", 
    "customer.c_email_address", 
    "customer.c_last_review_date", 
    "ctr1.ctr_total_return"
   ], 
   "Plan Width": 734, 
   "Total Cost": 37.8
  }
 }
]