[
 {
  "Plan": {
   "Startup Cost": 39.77, 
   "Plans": [
    {
     "Startup Cost": 39.77, 
     "Plans": [
      {
       "Startup Cost": 23.11, 
       "Plans": [
        {
         "Startup Cost": 22.96, 
         "Plans": [
          {
           "Startup Cost": 22.81, 
           "Plans": [
            {
             "Hash Cond": "(store_returns.sr_cdemo_sk = customer.c_current_cdemo_sk)", 
             "Startup Cost": 22.66, 
             "Plans": [
              {
               "Startup Cost": 0.0, 
               "Plan Width": 4, 
               "Node Type": "Seq Scan", 
               "Plan Rows": 410, 
               "Relation Name": "store_returns", 
               "Alias": "store_returns", 
               "Parallel Aware": false, 
               "Output": [
                "store_returns.sr_returned_date_sk", 
                "store_returns.sr_return_time_sk", 
                "store_returns.sr_item_sk", 
                "store_returns.sr_customer_sk", 
                "store_returns.sr_cdemo_sk", 
                "store_returns.sr_hdemo_sk", 
                "store_returns.sr_addr_sk", 
                "store_returns.sr_store_sk", 
                "store_returns.sr_reason_sk", 
                "store_returns.sr_ticket_number", 
                "store_returns.sr_return_quantity", 
                "store_returns.sr_return_amt", 
                "store_returns.sr_return_tax", 
                "store_returns.sr_return_amt_inc_tax", 
                "store_returns.sr_fee", 
                "store_returns.sr_return_ship_cost", 
                "store_returns.sr_refunded_cash", 
                "store_returns.sr_reversed_charge", 
                "store_returns.sr_store_credit", 
                "store_returns.sr_net_loss"
               ], 
               "Parent Relationship": "Outer", 
               "Total Cost": 14.1, 
               "Schema": "pg_temp_2"
              }, 
              {
               "Startup Cost": 22.65, 
               "Plans": [
                {
                 "Hash Cond": "(customer.c_current_addr_sk = customer_address.ca_address_sk)", 
                 "Startup Cost": 11.26, 
                 "Plans": [
                  {
                   "Startup Cost": 0.0, 
                   "Plan Width": 288, 
                   "Node Type": "Seq Scan", 
                   "Plan Rows": 100, 
                   "Relation Name": "customer", 
                   "Alias": "customer", 
                   "Parallel Aware": false, 
                   "Output": [
                    "customer.c_customer_sk", 
                    "customer.c_customer_id", 
                    "customer.c_current_cdemo_sk", 
                    "customer.c_current_hdemo_sk", 
                    "customer.c_current_addr_sk", 
                    "customer.c_first_shipto_date_sk", 
                    "customer.c_first_sales_date_sk", 
                    "customer.c_salutation", 
                    "customer.c_first_name", 
                    "customer.c_last_name", 
                    "customer.c_preferred_cust_flag", 
                    "customer.c_birth_day", 
                    "customer.c_birth_month", 
                    "customer.c_birth_year", 
                    "customer.c_birth_country", 
                    "customer.c_login", 
                    "customer.c_email_address", 
                    "customer.c_last_review_date"
                   ], 
                   "Parent Relationship": "Outer", 
                   "Total Cost": 11.0, 
                   "Schema": "pg_temp_2"
                  }, 
                  {
                   "Startup Cost": 11.25, 
                   "Plans": [
                    {
                     "Filter": "((customer_address.ca_city)::text = 'Lakeview'::text)", 
                     "Startup Cost": 0.0, 
                     "Plan Width": 4, 
                     "Node Type": "Seq Scan", 
                     "Plan Rows": 1, 
                     "Relation Name": "customer_address", 
                     "Alias": "customer_address", 
                     "Parallel Aware": false, 
                     "Output": [
                      "customer_address.ca_address_sk"
                     ], 
                     "Parent Relationship": "Outer", 
                     "Total Cost": 11.25, 
                     "Schema": "pg_temp_2"
                    }
                   ], 
                   "Node Type": "Hash", 
                   "Plan Rows": 1, 
                   "Parallel Aware": false, 
                   "Output": [
                    "customer_address.ca_address_sk"
                   ], 
                   "Parent Relationship": "Inner", 
                   "Plan Width": 4, 
                   "Total Cost": 11.25
                  }
                 ], 
                 "Node Type": "Hash Join", 
                 "Plan Rows": 1, 
                 "Join Type": "Inner", 
                 "Parallel Aware": false, 
                 "Output": [
                  "customer.c_customer_id", 
                  "customer.c_last_name", 
                  "customer.c_first_name", 
                  "customer.c_current_cdemo_sk", 
                  "customer.c_current_hdemo_sk"
                 ], 
                 "Parent Relationship": "Outer", 
                 "Plan Width": 284, 
                 "Total Cost": 22.65
                }
               ], 
               "Node Type": "Hash", 
               "Plan Rows": 1, 
               "Parallel Aware": false, 
               "Output": [
                "customer.c_customer_id", 
                "customer.c_last_name", 
                "customer.c_first_name", 
                "customer.c_current_cdemo_sk", 
                "customer.c_current_hdemo_sk"
               ], 
               "Parent Relationship": "Inner", 
               "Plan Width": 284, 
               "Total Cost": 22.65
              }
             ], 
             "Node Type": "Hash Join", 
             "Plan Rows": 2, 
             "Join Type": "Inner", 
             "Parallel Aware": false, 
             "Output": [
              "customer.c_customer_id", 
              "customer.c_last_name", 
              "customer.c_first_name", 
              "customer.c_current_cdemo_sk", 
              "customer.c_current_hdemo_sk", 
              "store_returns.sr_cdemo_sk"
             ], 
             "Parent Relationship": "Outer", 
             "Plan Width": 288, 
             "Total Cost": 38.32
            }, 
            {
             "Index Cond": "(customer_demographics.cd_demo_sk = store_returns.sr_cdemo_sk)", 
             "Startup Cost": 0.15, 
             "Scan Direction": "Forward", 
             "Plan Width": 4, 
             "Node Type": "Index Only Scan", 
             "Total Cost": 0.27, 
             "Plan Rows": 1, 
             "Relation Name": "customer_demographics", 
             "Alias": "customer_demographics", 
             "Parallel Aware": false, 
             "Output": [
              "customer_demographics.cd_demo_sk"
             ], 
             "Parent Relationship": "Inner", 
             "Schema": "pg_temp_2", 
             "Index Name": "customer_demographics_pkey"
            }
           ], 
           "Node Type": "Nested Loop", 
           "Plan Rows": 1, 
           "Join Type": "Inner", 
           "Parallel Aware": false, 
           "Output": [
            "customer.c_customer_id", 
            "customer.c_last_name", 
            "customer.c_first_name", 
            "customer.c_current_hdemo_sk"
           ], 
           "Parent Relationship": "Outer", 
           "Plan Width": 280, 
           "Join Filter": "(customer.c_current_cdemo_sk = customer_demographics.cd_demo_sk)", 
           "Total Cost": 38.89
          }, 
          {
           "Index Cond": "(household_demographics.hd_demo_sk = customer.c_current_hdemo_sk)", 
           "Startup Cost": 0.15, 
           "Scan Direction": "Forward", 
           "Plan Width": 8, 
           "Node Type": "Index Scan", 
           "Total Cost": 0.61, 
           "Plan Rows": 1, 
           "Relation Name": "household_demographics", 
           "Alias": "household_demographics", 
           "Parallel Aware": false, 
           "Output": [
            "household_demographics.hd_demo_sk", 
            "household_demographics.hd_income_band_sk", 
            "household_demographics.hd_buy_potential", 
            "household_demographics.hd_dep_count", 
            "household_demographics.hd_vehicle_count"
           ], 
           "Parent Relationship": "Inner", 
           "Schema": "pg_temp_2", 
           "Index Name": "household_demographics_pkey"
          }
         ], 
         "Node Type": "Nested Loop", 
         "Plan Rows": 1, 
         "Join Type": "Inner", 
         "Parallel Aware": false, 
         "Output": [
          "customer.c_customer_id", 
          "customer.c_last_name", 
          "customer.c_first_name", 
          "household_demographics.hd_income_band_sk"
         ], 
         "Parent Relationship": "Outer", 
         "Plan Width": 280, 
         "Total Cost": 39.5
        }, 
        {
         "Index Cond": "(income_band.ib_income_band_sk = household_demographics.hd_income_band_sk)", 
         "Startup Cost": 0.15, 
         "Scan Direction": "Forward", 
         "Plan Width": 4, 
         "Node Type": "Index Scan", 
         "Total Cost": 0.23, 
         "Plan Rows": 1, 
         "Relation Name": "income_band", 
         "Alias": "income_band", 
         "Parallel Aware": false, 
         "Filter": "((income_band.ib_lower_bound >= 69452) AND (income_band.ib_upper_bound <= 119452))", 
         "Output": [
          "income_band.ib_income_band_sk", 
          "income_band.ib_lower_bound", 
          "income_band.ib_upper_bound"
         ], 
         "Parent Relationship": "Inner", 
         "Schema": "pg_temp_2", 
         "Index Name": "income_band_pkey"
        }
       ], 
       "Node Type": "Nested Loop", 
       "Plan Rows": 1, 
       "Join Type": "Inner", 
       "Parallel Aware": false, 
       "Output": [
        "customer.c_customer_id", 
        "(((COALESCE(customer.c_last_name, ''::bpchar))::text || ', '::text) || (COALESCE(customer.c_first_name, ''::bpchar))::text)"
       ], 
       "Parent Relationship": "Outer", 
       "Plan Width": 100, 
       "Total Cost": 39.76
      }
     ], 
     "Sort Key": [
      "customer.c_customer_id"
     ], 
     "Node Type": "Sort", 
     "Plan Rows": 1, 
     "Parallel Aware": false, 
     "Output": [
      "customer.c_customer_id", 
      "((((COALESCE(customer.c_last_name, ''::bpchar))::text || ', '::text) || (COALESCE(customer.c_first_name, ''::bpchar))::text))"
     ], 
     "Parent Relationship": "Outer", 
     "Plan Width": 100, 
     "Total Cost": 39.77
    }
   ], 
   "Node Type": "Limit", 
   "Plan Rows": 1, 
   "Parallel Aware": false, 
   "Output": [
    "customer.c_customer_id", 
    "((((COALESCE(customer.c_last_name, ''::bpchar))::text || ', '::text) || (COALESCE(customer.c_first_name, ''::bpchar))::text))"
   ], 
   "Plan Width": 100, 
   "Total Cost": 39.77
  }
 }
]