[
 {
  "Plan": {
   "Startup Cost": 86.07, 
   "Plans": [
    {
     "Partial Mode": "Simple", 
     "Startup Cost": 86.07, 
     "Plans": [
      {
       "Startup Cost": 86.07, 
       "Plans": [
        {
         "Startup Cost": 41.4, 
         "Plans": [
          {
           "Hash Cond": "(c.c_current_addr_sk = ca.ca_address_sk)", 
           "Startup Cost": 41.25, 
           "Plans": [
            {
             "Startup Cost": 29.57, 
             "Plans": [
              {
               "Partial Mode": "Simple", 
               "Startup Cost": 29.43, 
               "Plans": [
                {
                 "Hash Cond": "(store_sales.ss_sold_date_sk = date_dim.d_date_sk)", 
                 "Startup Cost": 14.74, 
                 "Plans": [
                  {
                   "Startup Cost": 0.0, 
                   "Plan Width": 8, 
                   "Node Type": "Seq Scan", 
                   "Plan Rows": 340, 
                   "Relation Name": "store_sales", 
                   "Alias": "store_sales", 
                   "Parallel Aware": false, 
                   "Output": [
                    "store_sales.ss_sold_date_sk", 
                    "store_sales.ss_sold_time_sk", 
                    "store_sales.ss_item_sk", 
                    "store_sales.ss_customer_sk", 
                    "store_sales.ss_cdemo_sk", 
                    "store_sales.ss_hdemo_sk", 
                    "store_sales.ss_addr_sk", 
                    "store_sales.ss_store_sk", 
                    "store_sales.ss_promo_sk", 
                    "store_sales.ss_ticket_number", 
                    "store_sales.ss_quantity", 
                    "store_sales.ss_wholesale_cost", 
                    "store_sales.ss_list_price", 
                    "store_sales.ss_sales_price", 
                    "store_sales.ss_ext_discount_amt", 
                    "store_sales.ss_ext_sales_price", 
                    "store_sales.ss_ext_wholesale_cost", 
                    "store_sales.ss_ext_list_price", 
                    "store_sales.ss_ext_tax", 
                    "store_sales.ss_coupon_amt", 
                    "store_sales.ss_net_paid", 
                    "store_sales.ss_net_paid_inc_tax", 
                    "store_sales.ss_net_profit"
                   ], 
                   "Parent Relationship": "Outer", 
                   "Total Cost": 13.4, 
                   "Schema": "pg_temp_2"
                  }, 
                  {
                   "Startup Cost": 14.73, 
                   "Plans": [
                    {
                     "Filter": "((date_dim.d_moy >= 1) AND (date_dim.d_moy <= 4) AND (date_dim.d_year = 2002))", 
                     "Startup Cost": 0.0, 
                     "Plan Width": 4, 
                     "Node Type": "Seq Scan", 
                     "Plan Rows": 1, 
                     "Relation Name": "date_dim", 
                     "Alias": "date_dim", 
                     "Parallel Aware": false, 
                     "Output": [
                      "date_dim.d_date_sk"
                     ], 
                     "Parent Relationship": "Outer", 
                     "Total Cost": 14.73, 
                     "Schema": "pg_temp_2"
                    }
                   ], 
                   "Node Type": "Hash", 
                   "Plan Rows": 1, 
                   "Parallel Aware": false, 
                   "Output": [
                    "date_dim.d_date_sk"
                   ], 
                   "Parent Relationship": "Inner", 
                   "Plan Width": 4, 
                   "Total Cost": 14.73
                  }
                 ], 
                 "Node Type": "Hash Join", 
                 "Plan Rows": 1, 
                 "Join Type": "Inner", 
                 "Parallel Aware": false, 
                 "Output": [
                  "store_sales.ss_customer_sk"
                 ], 
                 "Parent Relationship": "Outer", 
                 "Plan Width": 4, 
                 "Total Cost": 29.42
                }
               ], 
               "Group Key": [
                "store_sales.ss_customer_sk"
               ], 
               "Node Type": "Aggregate", 
               "Strategy": "Hashed", 
               "Plan Rows": 1, 
               "Parallel Aware": false, 
               "Output": [
                "store_sales.ss_customer_sk"
               ], 
               "Parent Relationship": "Outer", 
               "Plan Width": 4, 
               "Total Cost": 29.44
              }, 
              {
               "Index Cond": "(c.c_customer_sk = store_sales.ss_customer_sk)", 
               "Startup Cost": 0.14, 
               "Scan Direction": "Forward", 
               "Plan Width": 12, 
               "Plans": [
                {
                 "Startup Cost": 0.15, 
                 "Plans": [
                  {
                   "Filter": "(c.c_customer_sk = web_sales.ws_bill_customer_sk)", 
                   "Startup Cost": 0.0, 
                   "Plan Width": 4, 
                   "Node Type": "Seq Scan", 
                   "Plan Rows": 1, 
                   "Relation Name": "web_sales", 
                   "Alias": "web_sales", 
                   "Parallel Aware": false, 
                   "Output": [
                    "web_sales.ws_sold_date_sk", 
                    "web_sales.ws_sold_time_sk", 
                    "web_sales.ws_ship_date_sk", 
                    "web_sales.ws_item_sk", 
                    "web_sales.ws_bill_customer_sk", 
                    "web_sales.ws_bill_cdemo_sk", 
                    "web_sales.ws_bill_hdemo_sk", 
                    "web_sales.ws_bill_addr_sk", 
                    "web_sales.ws_ship_customer_sk", 
                    "web_sales.ws_ship_cdemo_sk", 
                    "web_sales.ws_ship_hdemo_sk", 
                    "web_sales.ws_ship_addr_sk", 
                    "web_sales.ws_web_page_sk", 
                    "web_sales.ws_web_site_sk", 
                    "web_sales.ws_ship_mode_sk", 
                    "web_sales.ws_warehouse_sk", 
                    "web_sales.ws_promo_sk", 
                    "web_sales.ws_order_number", 
                    "web_sales.ws_quantity", 
                    "web_sales.ws_wholesale_cost", 
                    "web_sales.ws_list_price", 
                    "web_sales.ws_sales_price", 
                    "web_sales.ws_ext_discount_amt", 
                    "web_sales.ws_ext_sales_price", 
                    "web_sales.ws_ext_wholesale_cost", 
                    "web_sales.ws_ext_list_price", 
                    "web_sales.ws_ext_tax", 
                    "web_sales.ws_coupon_amt", 
                    "web_sales.ws_ext_ship_cost", 
                    "web_sales.ws_net_paid", 
                    "web_sales.ws_net_paid_inc_tax", 
                    "web_sales.ws_net_paid_inc_ship", 
                    "web_sales.ws_net_paid_inc_ship_tax", 
                    "web_sales.ws_net_profit"
                   ], 
                   "Parent Relationship": "Outer", 
                   "Total Cost": 13.25, 
                   "Schema": "pg_temp_2"
                  }, 
                  {
                   "Index Cond": "(date_dim_1.d_date_sk = web_sales.ws_sold_date_sk)", 
                   "Startup Cost": 0.15, 
                   "Scan Direction": "Forward", 
                   "Plan Width": 4, 
                   "Node Type": "Index Scan", 
                   "Total Cost": 8.17, 
                   "Plan Rows": 1, 
                   "Relation Name": "date_dim", 
                   "Alias": "date_dim_1", 
                   "Parallel Aware": false, 
                   "Filter": "((date_dim_1.d_moy >= 1) AND (date_dim_1.d_moy <= 4) AND (date_dim_1.d_year = 2002))", 
                   "Output": [
                    "date_dim_1.d_date_sk", 
                    "date_dim_1.d_date_id", 
                    "date_dim_1.d_date", 
                    "date_dim_1.d_month_seq", 
                    "date_dim_1.d_week_seq", 
                    "date_dim_1.d_quarter_seq", 
                    "date_dim_1.d_year", 
                    "date_dim_1.d_dow", 
                    "date_dim_1.d_moy", 
                    "date_dim_1.d_dom", 
                    "date_dim_1.d_qoy", 
                    "date_dim_1.d_fy_year", 
                    "date_dim_1.d_fy_quarter_seq", 
                    "date_dim_1.d_fy_week_seq", 
                    "date_dim_1.d_day_name", 
                    "date_dim_1.d_quarter_name", 
                    "date_dim_1.d_holiday", 
                    "date_dim_1.d_weekend", 
                    "date_dim_1.d_following_holiday", 
                    "date_dim_1.d_first_dom", 
                    "date_dim_1.d_last_dom", 
                    "date_dim_1.d_same_day_ly", 
                    "date_dim_1.d_same_day_lq", 
                    "date_dim_1.d_current_day", 
                    "date_dim_1.d_current_week", 
                    "date_dim_1.d_current_month", 
                    "date_dim_1.d_current_quarter", 
                    "date_dim_1.d_current_year"
                   ], 
                   "Parent Relationship": "Inner", 
                   "Schema": "pg_temp_2", 
                   "Index Name": "date_dim_pkey"
                  }
                 ], 
                 "Node Type": "Nested Loop", 
                 "Plan Rows": 1, 
                 "Join Type": "Inner", 
                 "Parallel Aware": false, 
                 "Parent Relationship": "SubPlan", 
                 "Plan Width": 0, 
                 "Subplan Name": "SubPlan 1", 
                 "Total Cost": 21.43
                }, 
                {
                 "Hash Cond": "(web_sales_1.ws_sold_date_sk = date_dim_2.d_date_sk)", 
                 "Startup Cost": 14.74, 
                 "Plans": [
                  {
                   "Startup Cost": 0.0, 
                   "Plan Width": 8, 
                   "Node Type": "Seq Scan", 
                   "Plan Rows": 260, 
                   "Relation Name": "web_sales", 
                   "Alias": "web_sales_1", 
                   "Parallel Aware": false, 
                   "Output": [
                    "web_sales_1.ws_sold_date_sk", 
                    "web_sales_1.ws_sold_time_sk", 
                    "web_sales_1.ws_ship_date_sk", 
                    "web_sales_1.ws_item_sk", 
                    "web_sales_1.ws_bill_customer_sk", 
                    "web_sales_1.ws_bill_cdemo_sk", 
                    "web_sales_1.ws_bill_hdemo_sk", 
                    "web_sales_1.ws_bill_addr_sk", 
                    "web_sales_1.ws_ship_customer_sk", 
                    "web_sales_1.ws_ship_cdemo_sk", 
                    "web_sales_1.ws_ship_hdemo_sk", 
                    "web_sales_1.ws_ship_addr_sk", 
                    "web_sales_1.ws_web_page_sk", 
                    "web_sales_1.ws_web_site_sk", 
                    "web_sales_1.ws_ship_mode_sk", 
                    "web_sales_1.ws_warehouse_sk", 
                    "web_sales_1.ws_promo_sk", 
                    "web_sales_1.ws_order_number", 
                    "web_sales_1.ws_quantity", 
                    "web_sales_1.ws_wholesale_cost", 
                    "web_sales_1.ws_list_price", 
                    "web_sales_1.ws_sales_price", 
                    "web_sales_1.ws_ext_discount_amt", 
                    "web_sales_1.ws_ext_sales_price", 
                    "web_sales_1.ws_ext_wholesale_cost", 
                    "web_sales_1.ws_ext_list_price", 
                    "web_sales_1.ws_ext_tax", 
                    "web_sales_1.ws_coupon_amt", 
                    "web_sales_1.ws_ext_ship_cost", 
                    "web_sales_1.ws_net_paid", 
                    "web_sales_1.ws_net_paid_inc_tax", 
                    "web_sales_1.ws_net_paid_inc_ship", 
                    "web_sales_1.ws_net_paid_inc_ship_tax", 
                    "web_sales_1.ws_net_profit"
                   ], 
                   "Parent Relationship": "Outer", 
                   "Total Cost": 12.6, 
                   "Schema": "pg_temp_2"
                  }, 
                  {
                   "Startup Cost": 14.73, 
                   "Plans": [
                    {
                     "Filter": "((date_dim_2.d_moy >= 1) AND (date_dim_2.d_moy <= 4) AND (date_dim_2.d_year = 2002))", 
                     "Startup Cost": 0.0, 
                     "Plan Width": 4, 
                     "Node Type": "Seq Scan", 
                     "Plan Rows": 1, 
                     "Relation Name": "date_dim", 
                     "Alias": "date_dim_2", 
                     "Parallel Aware": false, 
                     "Output": [
                      "date_dim_2.d_date_sk"
                     ], 
                     "Parent Relationship": "Outer", 
                     "Total Cost": 14.73, 
                     "Schema": "pg_temp_2"
                    }
                   ], 
                   "Node Type": "Hash", 
                   "Plan Rows": 1, 
                   "Parallel Aware": false, 
                   "Output": [
                    "date_dim_2.d_date_sk"
                   ], 
                   "Parent Relationship": "Inner", 
                   "Plan Width": 4, 
                   "Total Cost": 14.73
                  }
                 ], 
                 "Node Type": "Hash Join", 
                 "Plan Rows": 1, 
                 "Join Type": "Inner", 
                 "Parallel Aware": false, 
                 "Output": [
                  "web_sales_1.ws_bill_customer_sk"
                 ], 
                 "Parent Relationship": "SubPlan", 
                 "Plan Width": 4, 
                 "Subplan Name": "SubPlan 2", 
                 "Total Cost": 28.32
                }, 
                {
                 "Startup Cost": 0.15, 
                 "Plans": [
                  {
                   "Filter": "(c.c_customer_sk = catalog_sales.cs_ship_customer_sk)", 
                   "Startup Cost": 0.0, 
                   "Plan Width": 4, 
                   "Node Type": "Seq Scan", 
                   "Plan Rows": 1, 
                   "Relation Name": "catalog_sales", 
                   "Alias": "catalog_sales", 
                   "Parallel Aware": false, 
                   "Output": [
                    "catalog_sales.cs_sold_date_sk", 
                    "catalog_sales.cs_sold_time_sk", 
                    "catalog_sales.cs_ship_date_sk", 
                    "catalog_sales.cs_bill_customer_sk", 
                    "catalog_sales.cs_bill_cdemo_sk", 
                    "catalog_sales.cs_bill_hdemo_sk", 
                    "catalog_sales.cs_bill_addr_sk", 
                    "catalog_sales.cs_ship_customer_sk", 
                    "catalog_sales.cs_ship_cdemo_sk", 
                    "catalog_sales.cs_ship_hdemo_sk", 
                    "catalog_sales.cs_ship_addr_sk", 
                    "catalog_sales.cs_call_center_sk", 
                    "catalog_sales.cs_catalog_page_sk", 
                    "catalog_sales.cs_ship_mode_sk", 
                    "catalog_sales.cs_warehouse_sk", 
                    "catalog_sales.cs_item_sk", 
                    "catalog_sales.cs_promo_sk", 
                    "catalog_sales.cs_order_number", 
                    "catalog_sales.cs_quantity", 
                    "catalog_sales.cs_wholesale_cost", 
                    "catalog_sales.cs_list_price", 
                    "catalog_sales.cs_sales_price", 
                    "catalog_sales.cs_ext_discount_amt", 
                    "catalog_sales.cs_ext_sales_price", 
                    "catalog_sales.cs_ext_wholesale_cost", 
                    "catalog_sales.cs_ext_list_price", 
                    "catalog_sales.cs_ext_tax", 
                    "catalog_sales.cs_coupon_amt", 
                    "catalog_sales.cs_ext_ship_cost", 
                    "catalog_sales.cs_net_paid", 
                    "catalog_sales.cs_net_paid_inc_tax", 
                    "catalog_sales.cs_net_paid_inc_ship", 
                    "catalog_sales.cs_net_paid_inc_ship_tax", 
                    "catalog_sales.cs_net_profit"
                   ], 
                   "Parent Relationship": "Outer", 
                   "Total Cost": 13.25, 
                   "Schema": "pg_temp_2"
                  }, 
                  {
                   "Index Cond": "(date_dim_3.d_date_sk = catalog_sales.cs_sold_date_sk)", 
                   "Startup Cost": 0.15, 
                   "Scan Direction": "Forward", 
                   "Plan Width": 4, 
                   "Node Type": "Index Scan", 
                   "Total Cost": 8.17, 
                   "Plan Rows": 1, 
                   "Relation Name": "date_dim", 
                   "Alias": "date_dim_3", 
                   "Parallel Aware": false, 
                   "Filter": "((date_dim_3.d_moy >= 1) AND (date_dim_3.d_moy <= 4) AND (date_dim_3.d_year = 2002))", 
                   "Output": [
                    "date_dim_3.d_date_sk", 
                    "date_dim_3.d_date_id", 
                    "date_dim_3.d_date", 
                    "date_dim_3.d_month_seq", 
                    "date_dim_3.d_week_seq", 
                    "date_dim_3.d_quarter_seq", 
                    "date_dim_3.d_year", 
                    "date_dim_3.d_dow", 
                    "date_dim_3.d_moy", 
                    "date_dim_3.d_dom", 
                    "date_dim_3.d_qoy", 
                    "date_dim_3.d_fy_year", 
                    "date_dim_3.d_fy_quarter_seq", 
                    "date_dim_3.d_fy_week_seq", 
                    "date_dim_3.d_day_name", 
                    "date_dim_3.d_quarter_name", 
                    "date_dim_3.d_holiday", 
                    "date_dim_3.d_weekend", 
                    "date_dim_3.d_following_holiday", 
                    "date_dim_3.d_first_dom", 
                    "date_dim_3.d_last_dom", 
                    "date_dim_3.d_same_day_ly", 
                    "date_dim_3.d_same_day_lq", 
                    "date_dim_3.d_current_day", 
                    "date_dim_3.d_current_week", 
                    "date_dim_3.d_current_month", 
                    "date_dim_3.d_current_quarter", 
                    "date_dim_3.d_current_year"
                   ], 
                   "Parent Relationship": "Inner", 
                   "Schema": "pg_temp_2", 
                   "Index Name": "date_dim_pkey"
                  }
                 ], 
                 "Node Type": "Nested Loop", 
                 "Plan Rows": 1, 
                 "Join Type": "Inner", 
                 "Parallel Aware": false, 
                 "Parent Relationship": "SubPlan", 
                 "Plan Width": 0, 
                 "Subplan Name": "SubPlan 3", 
                 "Total Cost": 21.43
                }, 
                {
                 "Hash Cond": "(catalog_sales_1.cs_sold_date_sk = date_dim_4.d_date_sk)", 
                 "Startup Cost": 14.74, 
                 "Plans": [
                  {
                   "Startup Cost": 0.0, 
                   "Plan Width": 8, 
                   "Node Type": "Seq Scan", 
                   "Plan Rows": 260, 
                   "Relation Name": "catalog_sales", 
                   "Alias": "catalog_sales_1", 
                   "Parallel Aware": false, 
                   "Output": [
                    "catalog_sales_1.cs_sold_date_sk", 
                    "catalog_sales_1.cs_sold_time_sk", 
                    "catalog_sales_1.cs_ship_date_sk", 
                    "catalog_sales_1.cs_bill_customer_sk", 
                    "catalog_sales_1.cs_bill_cdemo_sk", 
                    "catalog_sales_1.cs_bill_hdemo_sk", 
                    "catalog_sales_1.cs_bill_addr_sk", 
                    "catalog_sales_1.cs_ship_customer_sk", 
                    "catalog_sales_1.cs_ship_cdemo_sk", 
                    "catalog_sales_1.cs_ship_hdemo_sk", 
                    "catalog_sales_1.cs_ship_addr_sk", 
                    "catalog_sales_1.cs_call_center_sk", 
                    "catalog_sales_1.cs_catalog_page_sk", 
                    "catalog_sales_1.cs_ship_mode_sk", 
                    "catalog_sales_1.cs_warehouse_sk", 
                    "catalog_sales_1.cs_item_sk", 
                    "catalog_sales_1.cs_promo_sk", 
                    "catalog_sales_1.cs_order_number", 
                    "catalog_sales_1.cs_quantity", 
                    "catalog_sales_1.cs_wholesale_cost", 
                    "catalog_sales_1.cs_list_price", 
                    "catalog_sales_1.cs_sales_price", 
                    "catalog_sales_1.cs_ext_discount_amt", 
                    "catalog_sales_1.cs_ext_sales_price", 
                    "catalog_sales_1.cs_ext_wholesale_cost", 
                    "catalog_sales_1.cs_ext_list_price", 
                    "catalog_sales_1.cs_ext_tax", 
                    "catalog_sales_1.cs_coupon_amt", 
                    "catalog_sales_1.cs_ext_ship_cost", 
                    "catalog_sales_1.cs_net_paid", 
                    "catalog_sales_1.cs_net_paid_inc_tax", 
                    "catalog_sales_1.cs_net_paid_inc_ship", 
                    "catalog_sales_1.cs_net_paid_inc_ship_tax", 
                    "catalog_sales_1.cs_net_profit"
                   ], 
                   "Parent Relationship": "Outer", 
                   "Total Cost": 12.6, 
                   "Schema": "pg_temp_2"
                  }, 
                  {
                   "Startup Cost": 14.73, 
                   "Plans": [
                    {
                     "Filter": "((date_dim_4.d_moy >= 1) AND (date_dim_4.d_moy <= 4) AND (date_dim_4.d_year = 2002))", 
                     "Startup Cost": 0.0, 
                     "Plan Width": 4, 
                     "Node Type": "Seq Scan", 
                     "Plan Rows": 1, 
                     "Relation Name": "date_dim", 
                     "Alias": "date_dim_4", 
                     "Parallel Aware": false, 
                     "Output": [
                      "date_dim_4.d_date_sk"
                     ], 
                     "Parent Relationship": "Outer", 
                     "Total Cost": 14.73, 
                     "Schema": "pg_temp_2"
                    }
                   ], 
                   "Node Type": "Hash", 
                   "Plan Rows": 1, 
                   "Parallel Aware": false, 
                   "Output": [
                    "date_dim_4.d_date_sk"
                   ], 
                   "Parent Relationship": "Inner", 
                   "Plan Width": 4, 
                   "Total Cost": 14.73
                  }
                 ], 
                 "Node Type": "Hash Join", 
                 "Plan Rows": 1, 
                 "Join Type": "Inner", 
                 "Parallel Aware": false, 
                 "Output": [
                  "catalog_sales_1.cs_ship_customer_sk"
                 ], 
                 "Parent Relationship": "SubPlan", 
                 "Plan Width": 4, 
                 "Subplan Name": "SubPlan 4", 
                 "Total Cost": 28.32
                }
               ], 
               "Node Type": "Index Scan", 
               "Total Cost": 43.24, 
               "Plan Rows": 1, 
               "Relation Name": "customer", 
               "Alias": "c", 
               "Parallel Aware": false, 
               "Filter": "((alternatives: SubPlan 1 or hashed SubPlan 2) OR (alternatives: SubPlan 3 or hashed SubPlan 4))", 
               "Output": [
                "c.c_customer_sk", 
                "c.c_customer_id", 
                "c.c_current_cdemo_sk", 
                "c.c_current_hdemo_sk", 
                "c.c_current_addr_sk", 
                "c.c_first_shipto_date_sk", 
                "c.c_first_sales_date_sk", 
                "c.c_salutation", 
                "c.c_first_name", 
                "c.c_last_name", 
                "c.c_preferred_cust_flag", 
                "c.c_birth_day", 
                "c.c_birth_month", 
                "c.c_birth_year", 
                "c.c_birth_country", 
                "c.c_login", 
                "c.c_email_address", 
                "c.c_last_review_date"
               ], 
               "Parent Relationship": "Inner", 
               "Schema": "pg_temp_2", 
               "Index Name": "customer_pkey"
              }
             ], 
             "Node Type": "Nested Loop", 
             "Plan Rows": 38, 
             "Join Type": "Inner", 
             "Parallel Aware": false, 
             "Output": [
              "c.c_current_addr_sk", 
              "c.c_current_cdemo_sk"
             ], 
             "Parent Relationship": "Outer", 
             "Plan Width": 8, 
             "Total Cost": 72.69
            }, 
            {
             "Startup Cost": 11.62, 
             "Plans": [
              {
               "Filter": "((ca.ca_county)::text = ANY ('{\"Kent County\",\"Iron County\",\"Sanborn County\",\"Andrew County\",\"Glasscock County\"}'::text[]))", 
               "Startup Cost": 0.0, 
               "Plan Width": 4, 
               "Node Type": "Seq Scan", 
               "Plan Rows": 5, 
               "Relation Name": "customer_address", 
               "Alias": "ca", 
               "Parallel Aware": false, 
               "Output": [
                "ca.ca_address_sk"
               ], 
               "Parent Relationship": "Outer", 
               "Total Cost": 11.62, 
               "Schema": "pg_temp_2"
              }
             ], 
             "Node Type": "Hash", 
             "Plan Rows": 5, 
             "Parallel Aware": false, 
             "Output": [
              "ca.ca_address_sk"
             ], 
             "Parent Relationship": "Inner", 
             "Plan Width": 4, 
             "Total Cost": 11.62
            }
           ], 
           "Node Type": "Hash Join", 
           "Plan Rows": 2, 
           "Join Type": "Inner", 
           "Parallel Aware": false, 
           "Output": [
            "c.c_current_cdemo_sk"
           ], 
           "Parent Relationship": "Outer", 
           "Plan Width": 4, 
           "Total Cost": 84.54
          }, 
          {
           "Index Cond": "(customer_demographics.cd_demo_sk = c.c_current_cdemo_sk)", 
           "Startup Cost": 0.15, 
           "Scan Direction": "Forward", 
           "Plan Width": 164, 
           "Node Type": "Index Scan", 
           "Total Cost": 0.75, 
           "Plan Rows": 1, 
           "Relation Name": "customer_demographics", 
           "Alias": "customer_demographics", 
           "Parallel Aware": false, 
           "Output": [
            "customer_demographics.cd_demo_sk", 
            "customer_demographics.cd_gender", 
            "customer_demographics.cd_marital_status", 
            "customer_demographics.cd_education_status", 
            "customer_demographics.cd_purchase_estimate", 
            "customer_demographics.cd_credit_rating", 
            "customer_demographics.cd_dep_count", 
            "customer_demographics.cd_dep_employed_count", 
            "customer_demographics.cd_dep_college_count"
           ], 
           "Parent Relationship": "Inner", 
           "Schema": "pg_temp_2", 
           "Index Name": "customer_demographics_pkey"
          }
         ], 
         "Node Type": "Nested Loop", 
         "Plan Rows": 2, 
         "Join Type": "Inner", 
         "Parallel Aware": false, 
         "Output": [
          "customer_demographics.cd_gender", 
          "customer_demographics.cd_marital_status", 
          "customer_demographics.cd_education_status", 
          "customer_demographics.cd_purchase_estimate", 
          "customer_demographics.cd_credit_rating", 
          "customer_demographics.cd_dep_count", 
          "customer_demographics.cd_dep_employed_count", 
          "customer_demographics.cd_dep_college_count"
         ], 
         "Parent Relationship": "Outer", 
         "Plan Width": 160, 
         "Total Cost": 86.06
        }
       ], 
       "Sort Key": [
        "customer_demographics.cd_gender", 
        "customer_demographics.cd_marital_status", 
        "customer_demographics.cd_education_status", 
        "customer_demographics.cd_purchase_estimate", 
        "customer_demographics.cd_credit_rating", 
        "customer_demographics.cd_dep_count", 
        "customer_demographics.cd_dep_employed_count", 
        "customer_demographics.cd_dep_college_count"
       ], 
       "Node Type": "Sort", 
       "Plan Rows": 2, 
       "Parallel Aware": false, 
       "Output": [
        "customer_demographics.cd_gender", 
        "customer_demographics.cd_marital_status", 
        "customer_demographics.cd_education_status", 
        "customer_demographics.cd_purchase_estimate", 
        "customer_demographics.cd_credit_rating", 
        "customer_demographics.cd_dep_count", 
        "customer_demographics.cd_dep_employed_count", 
        "customer_demographics.cd_dep_college_count"
       ], 
       "Parent Relationship": "Outer", 
       "Plan Width": 160, 
       "Total Cost": 86.08
      }
     ], 
     "Group Key": [
      "customer_demographics.cd_gender", 
      "customer_demographics.cd_marital_status", 
      "customer_demographics.cd_education_status", 
      "customer_demographics.cd_purchase_estimate", 
      "customer_demographics.cd_credit_rating", 
      "customer_demographics.cd_dep_count", 
      "customer_demographics.cd_dep_employed_count", 
      "customer_demographics.cd_dep_college_count"
     ], 
     "Node Type": "Aggregate", 
     "Strategy": "Sorted", 
     "Plan Rows": 2, 
     "Parallel Aware": false, 
     "Output": [
      "customer_demographics.cd_gender", 
      "customer_demographics.cd_marital_status", 
      "customer_demographics.cd_education_status", 
      "count(*)", 
      "customer_demographics.cd_purchase_estimate", 
      "count(*)", 
      "customer_demographics.cd_credit_rating", 
      "count(*)", 
      "customer_demographics.cd_dep_count", 
      "count(*)", 
      "customer_demographics.cd_dep_employed_count", 
      "count(*)", 
      "customer_demographics.cd_dep_college_count", 
      "count(*)"
     ], 
     "Parent Relationship": "Outer", 
     "Plan Width": 208, 
     "Total Cost": 86.17
    }
   ], 
   "Node Type": "Limit", 
   "Plan Rows": 2, 
   "Parallel Aware": false, 
   "Output": [
    "customer_demographics.cd_gender", 
    "customer_demographics.cd_marital_status", 
    "customer_demographics.cd_education_status", 
    "(count(*))", 
    "customer_demographics.cd_purchase_estimate", 
    "(count(*))", 
    "customer_demographics.cd_credit_rating", 
    "(count(*))", 
    "customer_demographics.cd_dep_count", 
    "(count(*))", 
    "customer_demographics.cd_dep_employed_count", 
    "(count(*))", 
    "customer_demographics.cd_dep_college_count", 
    "(count(*))"
   ], 
   "Plan Width": 208, 
   "Total Cost": 86.17
  }
 }
]