[
 {
  "Plan": {
   "Startup Cost": 226.9, 
   "Scan Direction": "Forward", 
   "Plan Width": 160, 
   "Plans": [
    {
     "Partial Mode": "Simple", 
     "Startup Cost": 15.11, 
     "Plans": [
      {
       "Filter": "((store_sales.ss_quantity >= 1) AND (store_sales.ss_quantity <= 20))", 
       "Startup Cost": 0.0, 
       "Plan Width": 0, 
       "Node Type": "Seq Scan", 
       "Plan Rows": 2, 
       "Relation Name": "store_sales", 
       "Alias": "store_sales", 
       "Parallel Aware": false, 
       "Output": [
        "store_sales.ss_sold_date_sk", 
        "store_sales.ss_sold_time_sk", 
        "store_sales.ss_item_sk", 
        "store_sales.ss_customer_sk", 
        "store_sales.ss_cdemo_sk", 
        "store_sales.ss_hdemo_sk", 
        "store_sales.ss_addr_sk", 
        "store_sales.ss_store_sk", 
        "store_sales.ss_promo_sk", 
        "store_sales.ss_ticket_number", 
        "store_sales.ss_quantity", 
        "store_sales.ss_wholesale_cost", 
        "store_sales.ss_list_price", 
        "store_sales.ss_sales_price", 
        "store_sales.ss_ext_discount_amt", 
        "store_sales.ss_ext_sales_price", 
        "store_sales.ss_ext_wholesale_cost", 
        "store_sales.ss_ext_list_price", 
        "store_sales.ss_ext_tax", 
        "store_sales.ss_coupon_amt", 
        "store_sales.ss_net_paid", 
        "store_sales.ss_net_paid_inc_tax", 
        "store_sales.ss_net_profit"
       ], 
       "Parent Relationship": "Outer", 
       "Total Cost": 15.1, 
       "Schema": "pg_temp_2"
      }
     ], 
     "Node Type": "Aggregate", 
     "Strategy": "Plain", 
     "Plan Rows": 1, 
     "Parallel Aware": false, 
     "Output": [
      "count(*)"
     ], 
     "Parent Relationship": "InitPlan", 
     "Plan Width": 8, 
     "Subplan Name": "InitPlan 1 (returns $0)", 
     "Total Cost": 15.12
    }, 
    {
     "Partial Mode": "Simple", 
     "Startup Cost": 15.11, 
     "Plans": [
      {
       "Filter": "((store_sales_1.ss_quantity >= 1) AND (store_sales_1.ss_quantity <= 20))", 
       "Startup Cost": 0.0, 
       "Plan Width": 14, 
       "Node Type": "Seq Scan", 
       "Plan Rows": 2, 
       "Relation Name": "store_sales", 
       "Alias": "store_sales_1", 
       "Parallel Aware": false, 
       "Output": [
        "store_sales_1.ss_sold_date_sk", 
        "store_sales_1.ss_sold_time_sk", 
        "store_sales_1.ss_item_sk", 
        "store_sales_1.ss_customer_sk", 
        "store_sales_1.ss_cdemo_sk", 
        "store_sales_1.ss_hdemo_sk", 
        "store_sales_1.ss_addr_sk", 
        "store_sales_1.ss_store_sk", 
        "store_sales_1.ss_promo_sk", 
        "store_sales_1.ss_ticket_number", 
        "store_sales_1.ss_quantity", 
        "store_sales_1.ss_wholesale_cost", 
        "store_sales_1.ss_list_price", 
        "store_sales_1.ss_sales_price", 
        "store_sales_1.ss_ext_discount_amt", 
        "store_sales_1.ss_ext_sales_price", 
        "store_sales_1.ss_ext_wholesale_cost", 
        "store_sales_1.ss_ext_list_price", 
        "store_sales_1.ss_ext_tax", 
        "store_sales_1.ss_coupon_amt", 
        "store_sales_1.ss_net_paid", 
        "store_sales_1.ss_net_paid_inc_tax", 
        "store_sales_1.ss_net_profit"
       ], 
       "Parent Relationship": "Outer", 
       "Total Cost": 15.1, 
       "Schema": "pg_temp_2"
      }
     ], 
     "Node Type": "Aggregate", 
     "Strategy": "Plain", 
     "Plan Rows": 1, 
     "Parallel Aware": false, 
     "Output": [
      "avg(store_sales_1.ss_ext_list_price)"
     ], 
     "Parent Relationship": "InitPlan", 
     "Plan Width": 32, 
     "Subplan Name": "InitPlan 2 (returns $1)", 
     "Total Cost": 15.12
    }, 
    {
     "Partial Mode": "Simple", 
     "Startup Cost": 15.11, 
     "Plans": [
      {
       "Filter": "((store_sales_2.ss_quantity >= 1) AND (store_sales_2.ss_quantity <= 20))", 
       "Startup Cost": 0.0, 
       "Plan Width": 14, 
       "Node Type": "Seq Scan", 
       "Plan Rows": 2, 
       "Relation Name": "store_sales", 
       "Alias": "store_sales_2", 
       "Parallel Aware": false, 
       "Output": [
        "store_sales_2.ss_sold_date_sk", 
        "store_sales_2.ss_sold_time_sk", 
        "store_sales_2.ss_item_sk", 
        "store_sales_2.ss_customer_sk", 
        "store_sales_2.ss_cdemo_sk", 
        "store_sales_2.ss_hdemo_sk", 
        "store_sales_2.ss_addr_sk", 
        "store_sales_2.ss_store_sk", 
        "store_sales_2.ss_promo_sk", 
        "store_sales_2.ss_ticket_number", 
        "store_sales_2.ss_quantity", 
        "store_sales_2.ss_wholesale_cost", 
        "store_sales_2.ss_list_price", 
        "store_sales_2.ss_sales_price", 
        "store_sales_2.ss_ext_discount_amt", 
        "store_sales_2.ss_ext_sales_price", 
        "store_sales_2.ss_ext_wholesale_cost", 
        "store_sales_2.ss_ext_list_price", 
        "store_sales_2.ss_ext_tax", 
        "store_sales_2.ss_coupon_amt", 
        "store_sales_2.ss_net_paid", 
        "store_sales_2.ss_net_paid_inc_tax", 
        "store_sales_2.ss_net_profit"
       ], 
       "Parent Relationship": "Outer", 
       "Total Cost": 15.1, 
       "Schema": "pg_temp_2"
      }
     ], 
     "Node Type": "Aggregate", 
     "Strategy": "Plain", 
     "Plan Rows": 1, 
     "Parallel Aware": false, 
     "Output": [
      "avg(store_sales_2.ss_net_paid)"
     ], 
     "Parent Relationship": "InitPlan", 
     "Plan Width": 32, 
     "Subplan Name": "InitPlan 3 (returns $2)", 
     "Total Cost": 15.12
    }, 
    {
     "Partial Mode": "Simple", 
     "Startup Cost": 15.11, 
     "Plans": [
      {
       "Filter": "((store_sales_3.ss_quantity >= 21) AND (store_sales_3.ss_quantity <= 40))", 
       "Startup Cost": 0.0, 
       "Plan Width": 0, 
       "Node Type": "Seq Scan", 
       "Plan Rows": 2, 
       "Relation Name": "store_sales", 
       "Alias": "store_sales_3", 
       "Parallel Aware": false, 
       "Output": [
        "store_sales_3.ss_sold_date_sk", 
        "store_sales_3.ss_sold_time_sk", 
        "store_sales_3.ss_item_sk", 
        "store_sales_3.ss_customer_sk", 
        "store_sales_3.ss_cdemo_sk", 
        "store_sales_3.ss_hdemo_sk", 
        "store_sales_3.ss_addr_sk", 
        "store_sales_3.ss_store_sk", 
        "store_sales_3.ss_promo_sk", 
        "store_sales_3.ss_ticket_number", 
        "store_sales_3.ss_quantity", 
        "store_sales_3.ss_wholesale_cost", 
        "store_sales_3.ss_list_price", 
        "store_sales_3.ss_sales_price", 
        "store_sales_3.ss_ext_discount_amt", 
        "store_sales_3.ss_ext_sales_price", 
        "store_sales_3.ss_ext_wholesale_cost", 
        "store_sales_3.ss_ext_list_price", 
        "store_sales_3.ss_ext_tax", 
        "store_sales_3.ss_coupon_amt", 
        "store_sales_3.ss_net_paid", 
        "store_sales_3.ss_net_paid_inc_tax", 
        "store_sales_3.ss_net_profit"
       ], 
       "Parent Relationship": "Outer", 
       "Total Cost": 15.1, 
       "Schema": "pg_temp_2"
      }
     ], 
     "Node Type": "Aggregate", 
     "Strategy": "Plain", 
     "Plan Rows": 1, 
     "Parallel Aware": false, 
     "Output": [
      "count(*)"
     ], 
     "Parent Relationship": "InitPlan", 
     "Plan Width": 8, 
     "Subplan Name": "InitPlan 4 (returns $3)", 
     "Total Cost": 15.12
    }, 
    {
     "Partial Mode": "Simple", 
     "Startup Cost": 15.11, 
     "Plans": [
      {
       "Filter": "((store_sales_4.ss_quantity >= 21) AND (store_sales_4.ss_quantity <= 40))", 
       "Startup Cost": 0.0, 
       "Plan Width": 14, 
       "Node Type": "Seq Scan", 
       "Plan Rows": 2, 
       "Relation Name": "store_sales", 
       "Alias": "store_sales_4", 
       "Parallel Aware": false, 
       "Output": [
        "store_sales_4.ss_sold_date_sk", 
        "store_sales_4.ss_sold_time_sk", 
        "store_sales_4.ss_item_sk", 
        "store_sales_4.ss_customer_sk", 
        "store_sales_4.ss_cdemo_sk", 
        "store_sales_4.ss_hdemo_sk", 
        "store_sales_4.ss_addr_sk", 
        "store_sales_4.ss_store_sk", 
        "store_sales_4.ss_promo_sk", 
        "store_sales_4.ss_ticket_number", 
        "store_sales_4.ss_quantity", 
        "store_sales_4.ss_wholesale_cost", 
        "store_sales_4.ss_list_price", 
        "store_sales_4.ss_sales_price", 
        "store_sales_4.ss_ext_discount_amt", 
        "store_sales_4.ss_ext_sales_price", 
        "store_sales_4.ss_ext_wholesale_cost", 
        "store_sales_4.ss_ext_list_price", 
        "store_sales_4.ss_ext_tax", 
        "store_sales_4.ss_coupon_amt", 
        "store_sales_4.ss_net_paid", 
        "store_sales_4.ss_net_paid_inc_tax", 
        "store_sales_4.ss_net_profit"
       ], 
       "Parent Relationship": "Outer", 
       "Total Cost": 15.1, 
       "Schema": "pg_temp_2"
      }
     ], 
     "Node Type": "Aggregate", 
     "Strategy": "Plain", 
     "Plan Rows": 1, 
     "Parallel Aware": false, 
     "Output": [
      "avg(store_sales_4.ss_ext_list_price)"
     ], 
     "Parent Relationship": "InitPlan", 
     "Plan Width": 32, 
     "Subplan Name": "InitPlan 5 (returns $4)", 
     "Total Cost": 15.12
    }, 
    {
     "Partial Mode": "Simple", 
     "Startup Cost": 15.11, 
     "Plans": [
      {
       "Filter": "((store_sales_5.ss_quantity >= 21) AND (store_sales_5.ss_quantity <= 40))", 
       "Startup Cost": 0.0, 
       "Plan Width": 14, 
       "Node Type": "Seq Scan", 
       "Plan Rows": 2, 
       "Relation Name": "store_sales", 
       "Alias": "store_sales_5", 
       "Parallel Aware": false, 
       "Output": [
        "store_sales_5.ss_sold_date_sk", 
        "store_sales_5.ss_sold_time_sk", 
        "store_sales_5.ss_item_sk", 
        "store_sales_5.ss_customer_sk", 
        "store_sales_5.ss_cdemo_sk", 
        "store_sales_5.ss_hdemo_sk", 
        "store_sales_5.ss_addr_sk", 
        "store_sales_5.ss_store_sk", 
        "store_sales_5.ss_promo_sk", 
        "store_sales_5.ss_ticket_number", 
        "store_sales_5.ss_quantity", 
        "store_sales_5.ss_wholesale_cost", 
        "store_sales_5.ss_list_price", 
        "store_sales_5.ss_sales_price", 
        "store_sales_5.ss_ext_discount_amt", 
        "store_sales_5.ss_ext_sales_price", 
        "store_sales_5.ss_ext_wholesale_cost", 
        "store_sales_5.ss_ext_list_price", 
        "store_sales_5.ss_ext_tax", 
        "store_sales_5.ss_coupon_amt", 
        "store_sales_5.ss_net_paid", 
        "store_sales_5.ss_net_paid_inc_tax", 
        "store_sales_5.ss_net_profit"
       ], 
       "Parent Relationship": "Outer", 
       "Total Cost": 15.1, 
       "Schema": "pg_temp_2"
      }
     ], 
     "Node Type": "Aggregate", 
     "Strategy": "Plain", 
     "Plan Rows": 1, 
     "Parallel Aware": false, 
     "Output": [
      "avg(store_sales_5.ss_net_paid)"
     ], 
     "Parent Relationship": "InitPlan", 
     "Plan Width": 32, 
     "Subplan Name": "InitPlan 6 (returns $5)", 
     "Total Cost": 15.12
    }, 
    {
     "Partial Mode": "Simple", 
     "Startup Cost": 15.11, 
     "Plans": [
      {
       "Filter": "((store_sales_6.ss_quantity >= 41) AND (store_sales_6.ss_quantity <= 60))", 
       "Startup Cost": 0.0, 
       "Plan Width": 0, 
       "Node Type": "Seq Scan", 
       "Plan Rows": 2, 
       "Relation Name": "store_sales", 
       "Alias": "store_sales_6", 
       "Parallel Aware": false, 
       "Output": [
        "store_sales_6.ss_sold_date_sk", 
        "store_sales_6.ss_sold_time_sk", 
        "store_sales_6.ss_item_sk", 
        "store_sales_6.ss_customer_sk", 
        "store_sales_6.ss_cdemo_sk", 
        "store_sales_6.ss_hdemo_sk", 
        "store_sales_6.ss_addr_sk", 
        "store_sales_6.ss_store_sk", 
        "store_sales_6.ss_promo_sk", 
        "store_sales_6.ss_ticket_number", 
        "store_sales_6.ss_quantity", 
        "store_sales_6.ss_wholesale_cost", 
        "store_sales_6.ss_list_price", 
        "store_sales_6.ss_sales_price", 
        "store_sales_6.ss_ext_discount_amt", 
        "store_sales_6.ss_ext_sales_price", 
        "store_sales_6.ss_ext_wholesale_cost", 
        "store_sales_6.ss_ext_list_price", 
        "store_sales_6.ss_ext_tax", 
        "store_sales_6.ss_coupon_amt", 
        "store_sales_6.ss_net_paid", 
        "store_sales_6.ss_net_paid_inc_tax", 
        "store_sales_6.ss_net_profit"
       ], 
       "Parent Relationship": "Outer", 
       "Total Cost": 15.1, 
       "Schema": "pg_temp_2"
      }
     ], 
     "Node Type": "Aggregate", 
     "Strategy": "Plain", 
     "Plan Rows": 1, 
     "Parallel Aware": false, 
     "Output": [
      "count(*)"
     ], 
     "Parent Relationship": "InitPlan", 
     "Plan Width": 8, 
     "Subplan Name": "InitPlan 7 (returns $6)", 
     "Total Cost": 15.12
    }, 
    {
     "Partial Mode": "Simple", 
     "Startup Cost": 15.11, 
     "Plans": [
      {
       "Filter": "((store_sales_7.ss_quantity >= 41) AND (store_sales_7.ss_quantity <= 60))", 
       "Startup Cost": 0.0, 
       "Plan Width": 14, 
       "Node Type": "Seq Scan", 
       "Plan Rows": 2, 
       "Relation Name": "store_sales", 
       "Alias": "store_sales_7", 
       "Parallel Aware": false, 
       "Output": [
        "store_sales_7.ss_sold_date_sk", 
        "store_sales_7.ss_sold_time_sk", 
        "store_sales_7.ss_item_sk", 
        "store_sales_7.ss_customer_sk", 
        "store_sales_7.ss_cdemo_sk", 
        "store_sales_7.ss_hdemo_sk", 
        "store_sales_7.ss_addr_sk", 
        "store_sales_7.ss_store_sk", 
        "store_sales_7.ss_promo_sk", 
        "store_sales_7.ss_ticket_number", 
        "store_sales_7.ss_quantity", 
        "store_sales_7.ss_wholesale_cost", 
        "store_sales_7.ss_list_price", 
        "store_sales_7.ss_sales_price", 
        "store_sales_7.ss_ext_discount_amt", 
        "store_sales_7.ss_ext_sales_price", 
        "store_sales_7.ss_ext_wholesale_cost", 
        "store_sales_7.ss_ext_list_price", 
        "store_sales_7.ss_ext_tax", 
        "store_sales_7.ss_coupon_amt", 
        "store_sales_7.ss_net_paid", 
        "store_sales_7.ss_net_paid_inc_tax", 
        "store_sales_7.ss_net_profit"
       ], 
       "Parent Relationship": "Outer", 
       "Total Cost": 15.1, 
       "Schema": "pg_temp_2"
      }
     ], 
     "Node Type": "Aggregate", 
     "Strategy": "Plain", 
     "Plan Rows": 1, 
     "Parallel Aware": false, 
     "Output": [
      "avg(store_sales_7.ss_ext_list_price)"
     ], 
     "Parent Relationship": "InitPlan", 
     "Plan Width": 32, 
     "Subplan Name": "InitPlan 8 (returns $7)", 
     "Total Cost": 15.12
    }, 
    {
     "Partial Mode": "Simple", 
     "Startup Cost": 15.11, 
     "Plans": [
      {
       "Filter": "((store_sales_8.ss_quantity >= 41) AND (store_sales_8.ss_quantity <= 60))", 
       "Startup Cost": 0.0, 
       "Plan Width": 14, 
       "Node Type": "Seq Scan", 
       "Plan Rows": 2, 
       "Relation Name": "store_sales", 
       "Alias": "store_sales_8", 
       "Parallel Aware": false, 
       "Output": [
        "store_sales_8.ss_sold_date_sk", 
        "store_sales_8.ss_sold_time_sk", 
        "store_sales_8.ss_item_sk", 
        "store_sales_8.ss_customer_sk", 
        "store_sales_8.ss_cdemo_sk", 
        "store_sales_8.ss_hdemo_sk", 
        "store_sales_8.ss_addr_sk", 
        "store_sales_8.ss_store_sk", 
        "store_sales_8.ss_promo_sk", 
        "store_sales_8.ss_ticket_number", 
        "store_sales_8.ss_quantity", 
        "store_sales_8.ss_wholesale_cost", 
        "store_sales_8.ss_list_price", 
        "store_sales_8.ss_sales_price", 
        "store_sales_8.ss_ext_discount_amt", 
        "store_sales_8.ss_ext_sales_price", 
        "store_sales_8.ss_ext_wholesale_cost", 
        "store_sales_8.ss_ext_list_price", 
        "store_sales_8.ss_ext_tax", 
        "store_sales_8.ss_coupon_amt", 
        "store_sales_8.ss_net_paid", 
        "store_sales_8.ss_net_paid_inc_tax", 
        "store_sales_8.ss_net_profit"
       ], 
       "Parent Relationship": "Outer", 
       "Total Cost": 15.1, 
       "Schema": "pg_temp_2"
      }
     ], 
     "Node Type": "Aggregate", 
     "Strategy": "Plain", 
     "Plan Rows": 1, 
     "Parallel Aware": false, 
     "Output": [
      "avg(store_sales_8.ss_net_paid)"
     ], 
     "Parent Relationship": "InitPlan", 
     "Plan Width": 32, 
     "Subplan Name": "InitPlan 9 (returns $8)", 
     "Total Cost": 15.12
    }, 
    {
     "Partial Mode": "Simple", 
     "Startup Cost": 15.11, 
     "Plans": [
      {
       "Filter": "((store_sales_9.ss_quantity >= 61) AND (store_sales_9.ss_quantity <= 80))", 
       "Startup Cost": 0.0, 
       "Plan Width": 0, 
       "Node Type": "Seq Scan", 
       "Plan Rows": 2, 
       "Relation Name": "store_sales", 
       "Alias": "store_sales_9", 
       "Parallel Aware": false, 
       "Output": [
        "store_sales_9.ss_sold_date_sk", 
        "store_sales_9.ss_sold_time_sk", 
        "store_sales_9.ss_item_sk", 
        "store_sales_9.ss_customer_sk", 
        "store_sales_9.ss_cdemo_sk", 
        "store_sales_9.ss_hdemo_sk", 
        "store_sales_9.ss_addr_sk", 
        "store_sales_9.ss_store_sk", 
        "store_sales_9.ss_promo_sk", 
        "store_sales_9.ss_ticket_number", 
        "store_sales_9.ss_quantity", 
        "store_sales_9.ss_wholesale_cost", 
        "store_sales_9.ss_list_price", 
        "store_sales_9.ss_sales_price", 
        "store_sales_9.ss_ext_discount_amt", 
        "store_sales_9.ss_ext_sales_price", 
        "store_sales_9.ss_ext_wholesale_cost", 
        "store_sales_9.ss_ext_list_price", 
        "store_sales_9.ss_ext_tax", 
        "store_sales_9.ss_coupon_amt", 
        "store_sales_9.ss_net_paid", 
        "store_sales_9.ss_net_paid_inc_tax", 
        "store_sales_9.ss_net_profit"
       ], 
       "Parent Relationship": "Outer", 
       "Total Cost": 15.1, 
       "Schema": "pg_temp_2"
      }
     ], 
     "Node Type": "Aggregate", 
     "Strategy": "Plain", 
     "Plan Rows": 1, 
     "Parallel Aware": false, 
     "Output": [
      "count(*)"
     ], 
     "Parent Relationship": "InitPlan", 
     "Plan Width": 8, 
     "Subplan Name": "InitPlan 10 (returns $9)", 
     "Total Cost": 15.12
    }, 
    {
     "Partial Mode": "Simple", 
     "Startup Cost": 15.11, 
     "Plans": [
      {
       "Filter": "((store_sales_10.ss_quantity >= 61) AND (store_sales_10.ss_quantity <= 80))", 
       "Startup Cost": 0.0, 
       "Plan Width": 14, 
       "Node Type": "Seq Scan", 
       "Plan Rows": 2, 
       "Relation Name": "store_sales", 
       "Alias": "store_sales_10", 
       "Parallel Aware": false, 
       "Output": [
        "store_sales_10.ss_sold_date_sk", 
        "store_sales_10.ss_sold_time_sk", 
        "store_sales_10.ss_item_sk", 
        "store_sales_10.ss_customer_sk", 
        "store_sales_10.ss_cdemo_sk", 
        "store_sales_10.ss_hdemo_sk", 
        "store_sales_10.ss_addr_sk", 
        "store_sales_10.ss_store_sk", 
        "store_sales_10.ss_promo_sk", 
        "store_sales_10.ss_ticket_number", 
        "store_sales_10.ss_quantity", 
        "store_sales_10.ss_wholesale_cost", 
        "store_sales_10.ss_list_price", 
        "store_sales_10.ss_sales_price", 
        "store_sales_10.ss_ext_discount_amt", 
        "store_sales_10.ss_ext_sales_price", 
        "store_sales_10.ss_ext_wholesale_cost", 
        "store_sales_10.ss_ext_list_price", 
        "store_sales_10.ss_ext_tax", 
        "store_sales_10.ss_coupon_amt", 
        "store_sales_10.ss_net_paid", 
        "store_sales_10.ss_net_paid_inc_tax", 
        "store_sales_10.ss_net_profit"
       ], 
       "Parent Relationship": "Outer", 
       "Total Cost": 15.1, 
       "Schema": "pg_temp_2"
      }
     ], 
     "Node Type": "Aggregate", 
     "Strategy": "Plain", 
     "Plan Rows": 1, 
     "Parallel Aware": false, 
     "Output": [
      "avg(store_sales_10.ss_ext_list_price)"
     ], 
     "Parent Relationship": "InitPlan", 
     "Plan Width": 32, 
     "Subplan Name": "InitPlan 11 (returns $10)", 
     "Total Cost": 15.12
    }, 
    {
     "Partial Mode": "Simple", 
     "Startup Cost": 15.11, 
     "Plans": [
      {
       "Filter": "((store_sales_11.ss_quantity >= 61) AND (store_sales_11.ss_quantity <= 80))", 
       "Startup Cost": 0.0, 
       "Plan Width": 14, 
       "Node Type": "Seq Scan", 
       "Plan Rows": 2, 
       "Relation Name": "store_sales", 
       "Alias": "store_sales_11", 
       "Parallel Aware": false, 
       "Output": [
        "store_sales_11.ss_sold_date_sk", 
        "store_sales_11.ss_sold_time_sk", 
        "store_sales_11.ss_item_sk", 
        "store_sales_11.ss_customer_sk", 
        "store_sales_11.ss_cdemo_sk", 
        "store_sales_11.ss_hdemo_sk", 
        "store_sales_11.ss_addr_sk", 
        "store_sales_11.ss_store_sk", 
        "store_sales_11.ss_promo_sk", 
        "store_sales_11.ss_ticket_number", 
        "store_sales_11.ss_quantity", 
        "store_sales_11.ss_wholesale_cost", 
        "store_sales_11.ss_list_price", 
        "store_sales_11.ss_sales_price", 
        "store_sales_11.ss_ext_discount_amt", 
        "store_sales_11.ss_ext_sales_price", 
        "store_sales_11.ss_ext_wholesale_cost", 
        "store_sales_11.ss_ext_list_price", 
        "store_sales_11.ss_ext_tax", 
        "store_sales_11.ss_coupon_amt", 
        "store_sales_11.ss_net_paid", 
        "store_sales_11.ss_net_paid_inc_tax", 
        "store_sales_11.ss_net_profit"
       ], 
       "Parent Relationship": "Outer", 
       "Total Cost": 15.1, 
       "Schema": "pg_temp_2"
      }
     ], 
     "Node Type": "Aggregate", 
     "Strategy": "Plain", 
     "Plan Rows": 1, 
     "Parallel Aware": false, 
     "Output": [
      "avg(store_sales_11.ss_net_paid)"
     ], 
     "Parent Relationship": "InitPlan", 
     "Plan Width": 32, 
     "Subplan Name": "InitPlan 12 (returns $11)", 
     "Total Cost": 15.12
    }, 
    {
     "Partial Mode": "Simple", 
     "Startup Cost": 15.11, 
     "Plans": [
      {
       "Filter": "((store_sales_12.ss_quantity >= 81) AND (store_sales_12.ss_quantity <= 100))", 
       "Startup Cost": 0.0, 
       "Plan Width": 0, 
       "Node Type": "Seq Scan", 
       "Plan Rows": 2, 
       "Relation Name": "store_sales", 
       "Alias": "store_sales_12", 
       "Parallel Aware": false, 
       "Output": [
        "store_sales_12.ss_sold_date_sk", 
        "store_sales_12.ss_sold_time_sk", 
        "store_sales_12.ss_item_sk", 
        "store_sales_12.ss_customer_sk", 
        "store_sales_12.ss_cdemo_sk", 
        "store_sales_12.ss_hdemo_sk", 
        "store_sales_12.ss_addr_sk", 
        "store_sales_12.ss_store_sk", 
        "store_sales_12.ss_promo_sk", 
        "store_sales_12.ss_ticket_number", 
        "store_sales_12.ss_quantity", 
        "store_sales_12.ss_wholesale_cost", 
        "store_sales_12.ss_list_price", 
        "store_sales_12.ss_sales_price", 
        "store_sales_12.ss_ext_discount_amt", 
        "store_sales_12.ss_ext_sales_price", 
        "store_sales_12.ss_ext_wholesale_cost", 
        "store_sales_12.ss_ext_list_price", 
        "store_sales_12.ss_ext_tax", 
        "store_sales_12.ss_coupon_amt", 
        "store_sales_12.ss_net_paid", 
        "store_sales_12.ss_net_paid_inc_tax", 
        "store_sales_12.ss_net_profit"
       ], 
       "Parent Relationship": "Outer", 
       "Total Cost": 15.1, 
       "Schema": "pg_temp_2"
      }
     ], 
     "Node Type": "Aggregate", 
     "Strategy": "Plain", 
     "Plan Rows": 1, 
     "Parallel Aware": false, 
     "Output": [
      "count(*)"
     ], 
     "Parent Relationship": "InitPlan", 
     "Plan Width": 8, 
     "Subplan Name": "InitPlan 13 (returns $12)", 
     "Total Cost": 15.12
    }, 
    {
     "Partial Mode": "Simple", 
     "Startup Cost": 15.11, 
     "Plans": [
      {
       "Filter": "((store_sales_13.ss_quantity >= 81) AND (store_sales_13.ss_quantity <= 100))", 
       "Startup Cost": 0.0, 
       "Plan Width": 14, 
       "Node Type": "Seq Scan", 
       "Plan Rows": 2, 
       "Relation Name": "store_sales", 
       "Alias": "store_sales_13", 
       "Parallel Aware": false, 
       "Output": [
        "store_sales_13.ss_sold_date_sk", 
        "store_sales_13.ss_sold_time_sk", 
        "store_sales_13.ss_item_sk", 
        "store_sales_13.ss_customer_sk", 
        "store_sales_13.ss_cdemo_sk", 
        "store_sales_13.ss_hdemo_sk", 
        "store_sales_13.ss_addr_sk", 
        "store_sales_13.ss_store_sk", 
        "store_sales_13.ss_promo_sk", 
        "store_sales_13.ss_ticket_number", 
        "store_sales_13.ss_quantity", 
        "store_sales_13.ss_wholesale_cost", 
        "store_sales_13.ss_list_price", 
        "store_sales_13.ss_sales_price", 
        "store_sales_13.ss_ext_discount_amt", 
        "store_sales_13.ss_ext_sales_price", 
        "store_sales_13.ss_ext_wholesale_cost", 
        "store_sales_13.ss_ext_list_price", 
        "store_sales_13.ss_ext_tax", 
        "store_sales_13.ss_coupon_amt", 
        "store_sales_13.ss_net_paid", 
        "store_sales_13.ss_net_paid_inc_tax", 
        "store_sales_13.ss_net_profit"
       ], 
       "Parent Relationship": "Outer", 
       "Total Cost": 15.1, 
       "Schema": "pg_temp_2"
      }
     ], 
     "Node Type": "Aggregate", 
     "Strategy": "Plain", 
     "Plan Rows": 1, 
     "Parallel Aware": false, 
     "Output": [
      "avg(store_sales_13.ss_ext_list_price)"
     ], 
     "Parent Relationship": "InitPlan", 
     "Plan Width": 32, 
     "Subplan Name": "InitPlan 14 (returns $13)", 
     "Total Cost": 15.12
    }, 
    {
     "Partial Mode": "Simple", 
     "Startup Cost": 15.11, 
     "Plans": [
      {
       "Filter": "((store_sales_14.ss_quantity >= 81) AND (store_sales_14.ss_quantity <= 100))", 
       "Startup Cost": 0.0, 
       "Plan Width": 14, 
       "Node Type": "Seq Scan", 
       "Plan Rows": 2, 
       "Relation Name": "store_sales", 
       "Alias": "store_sales_14", 
       "Parallel Aware": false, 
       "Output": [
        "store_sales_14.ss_sold_date_sk", 
        "store_sales_14.ss_sold_time_sk", 
        "store_sales_14.ss_item_sk", 
        "store_sales_14.ss_customer_sk", 
        "store_sales_14.ss_cdemo_sk", 
        "store_sales_14.ss_hdemo_sk", 
        "store_sales_14.ss_addr_sk", 
        "store_sales_14.ss_store_sk", 
        "store_sales_14.ss_promo_sk", 
        "store_sales_14.ss_ticket_number", 
        "store_sales_14.ss_quantity", 
        "store_sales_14.ss_wholesale_cost", 
        "store_sales_14.ss_list_price", 
        "store_sales_14.ss_sales_price", 
        "store_sales_14.ss_ext_discount_amt", 
        "store_sales_14.ss_ext_sales_price", 
        "store_sales_14.ss_ext_wholesale_cost", 
        "store_sales_14.ss_ext_list_price", 
        "store_sales_14.ss_ext_tax", 
        "store_sales_14.ss_coupon_amt", 
        "store_sales_14.ss_net_paid", 
        "store_sales_14.ss_net_paid_inc_tax", 
        "store_sales_14.ss_net_profit"
       ], 
       "Parent Relationship": "Outer", 
       "Total Cost": 15.1, 
       "Schema": "pg_temp_2"
      }
     ], 
     "Node Type": "Aggregate", 
     "Strategy": "Plain", 
     "Plan Rows": 1, 
     "Parallel Aware": false, 
     "Output": [
      "avg(store_sales_14.ss_net_paid)"
     ], 
     "Parent Relationship": "InitPlan", 
     "Plan Width": 32, 
     "Subplan Name": "InitPlan 15 (returns $14)", 
     "Total Cost": 15.12
    }
   ], 
   "Node Type": "Index Only Scan", 
   "Index Cond": "(reason.r_reason_sk = 1)", 
   "Plan Rows": 1, 
   "Relation Name": "reason", 
   "Alias": "reason", 
   "Parallel Aware": false, 
   "Output": [
    "CASE WHEN ($0 > 17722) THEN $1 ELSE $2 END", 
    "CASE WHEN ($3 > 35265) THEN $4 ELSE $5 END", 
    "CASE WHEN ($6 > 29666) THEN $7 ELSE $8 END", 
    "CASE WHEN ($9 > 32399) THEN $10 ELSE $11 END", 
    "CASE WHEN ($12 > 36269) THEN $13 ELSE $14 END"
   ], 
   "Total Cost": 234.93, 
   "Schema": "pg_temp_2", 
   "Index Name": "reason_pkey"
  }
 }
]