[
 {
  "Plan": {
   "Startup Cost": 77.2, 
   "Plans": [
    {
     "Partial Mode": "Simple", 
     "Startup Cost": 55.33, 
     "Plans": [
      {
       "Startup Cost": 55.33, 
       "Plans": [
        {
         "Hash Cond": "((catalog_returns.cr_item_sk = catalog_sales.cs_item_sk) AND (catalog_returns.cr_order_number = catalog_sales.cs_order_number))", 
         "Startup Cost": 16.5, 
         "Plans": [
          {
           "Startup Cost": 0.0, 
           "Plan Width": 50, 
           "Node Type": "Seq Scan", 
           "Plan Rows": 360, 
           "Relation Name": "catalog_returns", 
           "Alias": "catalog_returns", 
           "Parallel Aware": false, 
           "Output": [
            "catalog_returns.cr_returned_date_sk", 
            "catalog_returns.cr_returned_time_sk", 
            "catalog_returns.cr_item_sk", 
            "catalog_returns.cr_refunded_customer_sk", 
            "catalog_returns.cr_refunded_cdemo_sk", 
            "catalog_returns.cr_refunded_hdemo_sk", 
            "catalog_returns.cr_refunded_addr_sk", 
            "catalog_returns.cr_returning_customer_sk", 
            "catalog_returns.cr_returning_cdemo_sk", 
            "catalog_returns.cr_returning_hdemo_sk", 
            "catalog_returns.cr_returning_addr_sk", 
            "catalog_returns.cr_call_center_sk", 
            "catalog_returns.cr_catalog_page_sk", 
            "catalog_returns.cr_ship_mode_sk", 
            "catalog_returns.cr_warehouse_sk", 
            "catalog_returns.cr_reason_sk", 
            "catalog_returns.cr_order_number", 
            "catalog_returns.cr_return_quantity", 
            "catalog_returns.cr_return_amount", 
            "catalog_returns.cr_return_tax", 
            "catalog_returns.cr_return_amt_inc_tax", 
            "catalog_returns.cr_fee", 
            "catalog_returns.cr_return_ship_cost", 
            "catalog_returns.cr_refunded_cash", 
            "catalog_returns.cr_reversed_charge", 
            "catalog_returns.cr_store_credit", 
            "catalog_returns.cr_net_loss"
           ], 
           "Parent Relationship": "Outer", 
           "Total Cost": 13.6, 
           "Schema": "pg_temp_2"
          }, 
          {
           "Startup Cost": 12.6, 
           "Plans": [
            {
             "Startup Cost": 0.0, 
             "Plan Width": 22, 
             "Node Type": "Seq Scan", 
             "Plan Rows": 260, 
             "Relation Name": "catalog_sales", 
             "Alias": "catalog_sales", 
             "Parallel Aware": false, 
             "Output": [
              "catalog_sales.cs_item_sk", 
              "catalog_sales.cs_ext_list_price", 
              "catalog_sales.cs_order_number"
             ], 
             "Parent Relationship": "Outer", 
             "Total Cost": 12.6, 
             "Schema": "pg_temp_2"
            }
           ], 
           "Node Type": "Hash", 
           "Plan Rows": 260, 
           "Parallel Aware": false, 
           "Output": [
            "catalog_sales.cs_item_sk", 
            "catalog_sales.cs_ext_list_price", 
            "catalog_sales.cs_order_number"
           ], 
           "Parent Relationship": "Inner", 
           "Plan Width": 22, 
           "Total Cost": 12.6
          }
         ], 
         "Node Type": "Hash Join", 
         "Plan Rows": 2, 
         "Join Type": "Inner", 
         "Parallel Aware": false, 
         "Output": [
          "catalog_sales.cs_item_sk", 
          "catalog_sales.cs_ext_list_price", 
          "catalog_returns.cr_refunded_cash", 
          "catalog_returns.cr_reversed_charge", 
          "catalog_returns.cr_store_credit"
         ], 
         "Parent Relationship": "Outer", 
         "Plan Width": 60, 
         "Total Cost": 55.32
        }
       ], 
       "Sort Key": [
        "catalog_sales.cs_item_sk"
       ], 
       "Node Type": "Sort", 
       "Plan Rows": 2, 
       "Parallel Aware": false, 
       "Output": [
        "catalog_sales.cs_item_sk", 
        "catalog_sales.cs_ext_list_price", 
        "catalog_returns.cr_refunded_cash", 
        "catalog_returns.cr_reversed_charge", 
        "catalog_returns.cr_store_credit"
       ], 
       "Parent Relationship": "Outer", 
       "Plan Width": 60, 
       "Total Cost": 55.34
      }
     ], 
     "Group Key": [
      "catalog_sales.cs_item_sk"
     ], 
     "Node Type": "Aggregate", 
     "Strategy": "Sorted", 
     "Filter": "(sum(catalog_sales.cs_ext_list_price) > ('2'::numeric * sum(((catalog_returns.cr_refunded_cash + catalog_returns.cr_reversed_charge) + catalog_returns.cr_store_credit))))", 
     "Plan Rows": 2, 
     "Parallel Aware": false, 
     "Output": [
      "catalog_sales.cs_item_sk", 
      "sum(catalog_sales.cs_ext_list_price)", 
      "sum(((catalog_returns.cr_refunded_cash + catalog_returns.cr_reversed_charge) + catalog_returns.cr_store_credit))"
     ], 
     "Parent Relationship": "InitPlan", 
     "Plan Width": 68, 
     "Subplan Name": "CTE cs_ui", 
     "Total Cost": 55.42
    }, 
    {
     "Partial Mode": "Simple", 
     "Startup Cost": 21.64, 
     "Plans": [
      {
       "Startup Cost": 21.64, 
       "Plans": [
        {
         "Startup Cost": 2.4, 
         "Plans": [
          {
           "Startup Cost": 2.26, 
           "Plans": [
            {
             "Startup Cost": 2.1, 
             "Plans": [
              {
               "Startup Cost": 1.96, 
               "Plans": [
                {
                 "Startup Cost": 1.82, 
                 "Plans": [
                  {
                   "Startup Cost": 1.66, 
                   "Plans": [
                    {
                     "Startup Cost": 1.51, 
                     "Plans": [
                      {
                       "Startup Cost": 1.37, 
                       "Plans": [
                        {
                         "Startup Cost": 1.23, 
                         "Plans": [
                          {
                           "Startup Cost": 1.08, 
                           "Plans": [
                            {
                             "Startup Cost": 0.93, 
                             "Plans": [
                              {
                               "Startup Cost": 0.79, 
                               "Plans": [
                                {
                                 "Startup Cost": 0.64, 
                                 "Plans": [
                                  {
                                   "Startup Cost": 0.5, 
                                   "Plans": [
                                    {
                                     "Startup Cost": 0.35, 
                                     "Plans": [
                                      {
                                       "Startup Cost": 0.21, 
                                       "Plans": [
                                        {
                                         "Hash Cond": "(store_sales.ss_item_sk = cs_ui.cs_item_sk)", 
                                         "Startup Cost": 0.07, 
                                         "Plans": [
                                          {
                                           "Startup Cost": 0.0, 
                                           "Plan Width": 78, 
                                           "Node Type": "Seq Scan", 
                                           "Plan Rows": 340, 
                                           "Relation Name": "store_sales", 
                                           "Alias": "store_sales", 
                                           "Parallel Aware": false, 
                                           "Output": [
                                            "store_sales.ss_sold_date_sk", 
                                            "store_sales.ss_sold_time_sk", 
                                            "store_sales.ss_item_sk", 
                                            "store_sales.ss_customer_sk", 
                                            "store_sales.ss_cdemo_sk", 
                                            "store_sales.ss_hdemo_sk", 
                                            "store_sales.ss_addr_sk", 
                                            "store_sales.ss_store_sk", 
                                            "store_sales.ss_promo_sk", 
                                            "store_sales.ss_ticket_number", 
                                            "store_sales.ss_quantity", 
                                            "store_sales.ss_wholesale_cost", 
                                            "store_sales.ss_list_price", 
                                            "store_sales.ss_sales_price", 
                                            "store_sales.ss_ext_discount_amt", 
                                            "store_sales.ss_ext_sales_price", 
                                            "store_sales.ss_ext_wholesale_cost", 
                                            "store_sales.ss_ext_list_price", 
                                            "store_sales.ss_ext_tax", 
                                            "store_sales.ss_coupon_amt", 
                                            "store_sales.ss_net_paid", 
                                            "store_sales.ss_net_paid_inc_tax", 
                                            "store_sales.ss_net_profit"
                                           ], 
                                           "Parent Relationship": "Outer", 
                                           "Total Cost": 13.4, 
                                           "Schema": "pg_temp_2"
                                          }, 
                                          {
                                           "Startup Cost": 0.04, 
                                           "Plans": [
                                            {
                                             "Startup Cost": 0.0, 
                                             "CTE Name": "cs_ui", 
                                             "Node Type": "CTE Scan", 
                                             "Plan Rows": 2, 
                                             "Alias": "cs_ui", 
                                             "Parallel Aware": false, 
                                             "Output": [
                                              "cs_ui.cs_item_sk"
                                             ], 
                                             "Parent Relationship": "Outer", 
                                             "Plan Width": 4, 
                                             "Total Cost": 0.04
                                            }
                                           ], 
                                           "Node Type": "Hash", 
                                           "Plan Rows": 2, 
                                           "Parallel Aware": false, 
                                           "Output": [
                                            "cs_ui.cs_item_sk"
                                           ], 
                                           "Parent Relationship": "Inner", 
                                           "Plan Width": 4, 
                                           "Total Cost": 0.04
                                          }
                                         ], 
                                         "Node Type": "Hash Join", 
                                         "Plan Rows": 3, 
                                         "Join Type": "Inner", 
                                         "Parallel Aware": false, 
                                         "Output": [
                                          "cs_ui.cs_item_sk", 
                                          "store_sales.ss_wholesale_cost", 
                                          "store_sales.ss_list_price", 
                                          "store_sales.ss_coupon_amt", 
                                          "store_sales.ss_store_sk", 
                                          "store_sales.ss_sold_date_sk", 
                                          "store_sales.ss_customer_sk", 
                                          "store_sales.ss_cdemo_sk", 
                                          "store_sales.ss_hdemo_sk", 
                                          "store_sales.ss_addr_sk", 
                                          "store_sales.ss_item_sk", 
                                          "store_sales.ss_ticket_number", 
                                          "store_sales.ss_promo_sk"
                                         ], 
                                         "Parent Relationship": "Outer", 
                                         "Plan Width": 82, 
                                         "Total Cost": 14.77
                                        }, 
                                        {
                                         "Index Cond": "(store.s_store_sk = store_sales.ss_store_sk)", 
                                         "Startup Cost": 0.14, 
                                         "Scan Direction": "Forward", 
                                         "Plan Width": 166, 
                                         "Node Type": "Index Scan", 
                                         "Total Cost": 0.29, 
                                         "Plan Rows": 1, 
                                         "Relation Name": "store", 
                                         "Alias": "store", 
                                         "Parallel Aware": false, 
                                         "Output": [
                                          "store.s_store_sk", 
                                          "store.s_store_id", 
                                          "store.s_rec_start_date", 
                                          "store.s_rec_end_date", 
                                          "store.s_closed_date_sk", 
                                          "store.s_store_name", 
                                          "store.s_number_employees", 
                                          "store.s_floor_space", 
                                          "store.s_hours", 
                                          "store.s_manager", 
                                          "store.s_market_id", 
                                          "store.s_geography_class", 
                                          "store.s_market_desc", 
                                          "store.s_market_manager", 
                                          "store.s_division_id", 
                                          "store.s_division_name", 
                                          "store.s_company_id", 
                                          "store.s_company_name", 
                                          "store.s_street_number", 
                                          "store.s_street_name", 
                                          "store.s_street_type", 
                                          "store.s_suite_number", 
                                          "store.s_city", 
                                          "store.s_county", 
                                          "store.s_state", 
                                          "store.s_zip", 
                                          "store.s_country", 
                                          "store.s_gmt_offset", 
                                          "store.s_tax_precentage"
                                         ], 
                                         "Parent Relationship": "Inner", 
                                         "Schema": "pg_temp_2", 
                                         "Index Name": "store_pkey"
                                        }
                                       ], 
                                       "Node Type": "Nested Loop", 
                                       "Plan Rows": 1, 
                                       "Join Type": "Inner", 
                                       "Parallel Aware": false, 
                                       "Output": [
                                        "store.s_store_name", 
                                        "store.s_zip", 
                                        "cs_ui.cs_item_sk", 
                                        "store_sales.ss_wholesale_cost", 
                                        "store_sales.ss_list_price", 
                                        "store_sales.ss_coupon_amt", 
                                        "store_sales.ss_sold_date_sk", 
                                        "store_sales.ss_customer_sk", 
                                        "store_sales.ss_cdemo_sk", 
                                        "store_sales.ss_hdemo_sk", 
                                        "store_sales.ss_addr_sk", 
                                        "store_sales.ss_item_sk", 
                                        "store_sales.ss_ticket_number", 
                                        "store_sales.ss_promo_sk"
                                       ], 
                                       "Parent Relationship": "Outer", 
                                       "Plan Width": 240, 
                                       "Total Cost": 15.66
                                      }, 
                                      {
                                       "Index Cond": "(cd1.cd_demo_sk = store_sales.ss_cdemo_sk)", 
                                       "Startup Cost": 0.15, 
                                       "Scan Direction": "Forward", 
                                       "Plan Width": 12, 
                                       "Node Type": "Index Scan", 
                                       "Total Cost": 0.29, 
                                       "Plan Rows": 1, 
                                       "Relation Name": "customer_demographics", 
                                       "Alias": "cd1", 
                                       "Parallel Aware": false, 
                                       "Output": [
                                        "cd1.cd_demo_sk", 
                                        "cd1.cd_gender", 
                                        "cd1.cd_marital_status", 
                                        "cd1.cd_education_status", 
                                        "cd1.cd_purchase_estimate", 
                                        "cd1.cd_credit_rating", 
                                        "cd1.cd_dep_count", 
                                        "cd1.cd_dep_employed_count", 
                                        "cd1.cd_dep_college_count"
                                       ], 
                                       "Parent Relationship": "Inner", 
                                       "Schema": "pg_temp_2", 
                                       "Index Name": "customer_demographics_pkey"
                                      }
                                     ], 
                                     "Node Type": "Nested Loop", 
                                     "Plan Rows": 1, 
                                     "Join Type": "Inner", 
                                     "Parallel Aware": false, 
                                     "Output": [
                                      "cd1.cd_marital_status", 
                                      "store.s_store_name", 
                                      "store.s_zip", 
                                      "cs_ui.cs_item_sk", 
                                      "store_sales.ss_wholesale_cost", 
                                      "store_sales.ss_list_price", 
                                      "store_sales.ss_coupon_amt", 
                                      "store_sales.ss_sold_date_sk", 
                                      "store_sales.ss_customer_sk", 
                                      "store_sales.ss_hdemo_sk", 
                                      "store_sales.ss_addr_sk", 
                                      "store_sales.ss_item_sk", 
                                      "store_sales.ss_ticket_number", 
                                      "store_sales.ss_promo_sk"
                                     ], 
                                     "Parent Relationship": "Outer", 
                                     "Plan Width": 244, 
                                     "Total Cost": 15.97
                                    }, 
                                    {
                                     "Index Cond": "(ad1.ca_address_sk = store_sales.ss_addr_sk)", 
                                     "Startup Cost": 0.14, 
                                     "Scan Direction": "Forward", 
                                     "Plan Width": 368, 
                                     "Node Type": "Index Scan", 
                                     "Total Cost": 0.29, 
                                     "Plan Rows": 1, 
                                     "Relation Name": "customer_address", 
                                     "Alias": "ad1", 
                                     "Parallel Aware": false, 
                                     "Output": [
                                      "ad1.ca_address_sk", 
                                      "ad1.ca_address_id", 
                                      "ad1.ca_street_number", 
                                      "ad1.ca_street_name", 
                                      "ad1.ca_street_type", 
                                      "ad1.ca_suite_number", 
                                      "ad1.ca_city", 
                                      "ad1.ca_county", 
                                      "ad1.ca_state", 
                                      "ad1.ca_zip", 
                                      "ad1.ca_country", 
                                      "ad1.ca_gmt_offset", 
                                      "ad1.ca_location_type"
                                     ], 
                                     "Parent Relationship": "Inner", 
                                     "Schema": "pg_temp_2", 
                                     "Index Name": "customer_address_pkey"
                                    }
                                   ], 
                                   "Node Type": "Nested Loop", 
                                   "Plan Rows": 1, 
                                   "Join Type": "Inner", 
                                   "Parallel Aware": false, 
                                   "Output": [
                                    "cd1.cd_marital_status", 
                                    "store.s_store_name", 
                                    "store.s_zip", 
                                    "cs_ui.cs_item_sk", 
                                    "store_sales.ss_wholesale_cost", 
                                    "store_sales.ss_list_price", 
                                    "store_sales.ss_coupon_amt", 
                                    "store_sales.ss_sold_date_sk", 
                                    "store_sales.ss_customer_sk", 
                                    "store_sales.ss_hdemo_sk", 
                                    "store_sales.ss_item_sk", 
                                    "store_sales.ss_ticket_number", 
                                    "store_sales.ss_promo_sk", 
                                    "ad1.ca_street_number", 
                                    "ad1.ca_street_name", 
                                    "ad1.ca_city", 
                                    "ad1.ca_zip"
                                   ], 
                                   "Parent Relationship": "Outer", 
                                   "Plan Width": 604, 
                                   "Total Cost": 16.26
                                  }, 
                                  {
                                   "Index Cond": "(customer.c_customer_sk = store_sales.ss_customer_sk)", 
                                   "Startup Cost": 0.14, 
                                   "Scan Direction": "Forward", 
                                   "Plan Width": 24, 
                                   "Node Type": "Index Scan", 
                                   "Total Cost": 0.29, 
                                   "Plan Rows": 1, 
                                   "Relation Name": "customer", 
                                   "Alias": "customer", 
                                   "Parallel Aware": false, 
                                   "Output": [
                                    "customer.c_customer_sk", 
                                    "customer.c_customer_id", 
                                    "customer.c_current_cdemo_sk", 
                                    "customer.c_current_hdemo_sk", 
                                    "customer.c_current_addr_sk", 
                                    "customer.c_first_shipto_date_sk", 
                                    "customer.c_first_sales_date_sk", 
                                    "customer.c_salutation", 
                                    "customer.c_first_name", 
                                    "customer.c_last_name", 
                                    "customer.c_preferred_cust_flag", 
                                    "customer.c_birth_day", 
                                    "customer.c_birth_month", 
                                    "customer.c_birth_year", 
                                    "customer.c_birth_country", 
                                    "customer.c_login", 
                                    "customer.c_email_address", 
                                    "customer.c_last_review_date"
                                   ], 
                                   "Parent Relationship": "Inner", 
                                   "Schema": "pg_temp_2", 
                                   "Index Name": "customer_pkey"
                                  }
                                 ], 
                                 "Node Type": "Nested Loop", 
                                 "Plan Rows": 1, 
                                 "Join Type": "Inner", 
                                 "Parallel Aware": false, 
                                 "Output": [
                                  "cd1.cd_marital_status", 
                                  "store.s_store_name", 
                                  "store.s_zip", 
                                  "cs_ui.cs_item_sk", 
                                  "store_sales.ss_wholesale_cost", 
                                  "store_sales.ss_list_price", 
                                  "store_sales.ss_coupon_amt", 
                                  "store_sales.ss_sold_date_sk", 
                                  "store_sales.ss_hdemo_sk", 
                                  "store_sales.ss_item_sk", 
                                  "store_sales.ss_ticket_number", 
                                  "store_sales.ss_promo_sk", 
                                  "ad1.ca_street_number", 
                                  "ad1.ca_street_name", 
                                  "ad1.ca_city", 
                                  "ad1.ca_zip", 
                                  "customer.c_current_cdemo_sk", 
                                  "customer.c_current_hdemo_sk", 
                                  "customer.c_current_addr_sk", 
                                  "customer.c_first_sales_date_sk", 
                                  "customer.c_first_shipto_date_sk"
                                 ], 
                                 "Parent Relationship": "Outer", 
                                 "Plan Width": 620, 
                                 "Total Cost": 16.56
                                }, 
                                {
                                 "Index Cond": "(d3.d_date_sk = customer.c_first_shipto_date_sk)", 
                                 "Startup Cost": 0.15, 
                                 "Scan Direction": "Forward", 
                                 "Plan Width": 8, 
                                 "Node Type": "Index Scan", 
                                 "Total Cost": 0.6, 
                                 "Plan Rows": 1, 
                                 "Relation Name": "date_dim", 
                                 "Alias": "d3", 
                                 "Parallel Aware": false, 
                                 "Output": [
                                  "d3.d_date_sk", 
                                  "d3.d_date_id", 
                                  "d3.d_date", 
                                  "d3.d_month_seq", 
                                  "d3.d_week_seq", 
                                  "d3.d_quarter_seq", 
                                  "d3.d_year", 
                                  "d3.d_dow", 
                                  "d3.d_moy", 
                                  "d3.d_dom", 
                                  "d3.d_qoy", 
                                  "d3.d_fy_year", 
                                  "d3.d_fy_quarter_seq", 
                                  "d3.d_fy_week_seq", 
                                  "d3.d_day_name", 
                                  "d3.d_quarter_name", 
                                  "d3.d_holiday", 
                                  "d3.d_weekend", 
                                  "d3.d_following_holiday", 
                                  "d3.d_first_dom", 
                                  "d3.d_last_dom", 
                                  "d3.d_same_day_ly", 
                                  "d3.d_same_day_lq", 
                                  "d3.d_current_day", 
                                  "d3.d_current_week", 
                                  "d3.d_current_month", 
                                  "d3.d_current_quarter", 
                                  "d3.d_current_year"
                                 ], 
                                 "Parent Relationship": "Inner", 
                                 "Schema": "pg_temp_2", 
                                 "Index Name": "date_dim_pkey"
                                }
                               ], 
                               "Node Type": "Nested Loop", 
                               "Plan Rows": 1, 
                               "Join Type": "Inner", 
                               "Parallel Aware": false, 
                               "Output": [
                                "d3.d_year", 
                                "cd1.cd_marital_status", 
                                "store.s_store_name", 
                                "store.s_zip", 
                                "cs_ui.cs_item_sk", 
                                "store_sales.ss_wholesale_cost", 
                                "store_sales.ss_list_price", 
                                "store_sales.ss_coupon_amt", 
                                "store_sales.ss_sold_date_sk", 
                                "store_sales.ss_hdemo_sk", 
                                "store_sales.ss_item_sk", 
                                "store_sales.ss_ticket_number", 
                                "store_sales.ss_promo_sk", 
                                "ad1.ca_street_number", 
                                "ad1.ca_street_name", 
                                "ad1.ca_city", 
                                "ad1.ca_zip", 
                                "customer.c_current_cdemo_sk", 
                                "customer.c_current_hdemo_sk", 
                                "customer.c_current_addr_sk", 
                                "customer.c_first_sales_date_sk"
                               ], 
                               "Parent Relationship": "Outer", 
                               "Plan Width": 620, 
                               "Total Cost": 17.18
                              }, 
                              {
                               "Index Cond": "(d2.d_date_sk = customer.c_first_sales_date_sk)", 
                               "Startup Cost": 0.15, 
                               "Scan Direction": "Forward", 
                               "Plan Width": 8, 
                               "Node Type": "Index Scan", 
                               "Total Cost": 0.6, 
                               "Plan Rows": 1, 
                               "Relation Name": "date_dim", 
                               "Alias": "d2", 
                               "Parallel Aware": false, 
                               "Output": [
                                "d2.d_date_sk", 
                                "d2.d_date_id", 
                                "d2.d_date", 
                                "d2.d_month_seq", 
                                "d2.d_week_seq", 
                                "d2.d_quarter_seq", 
                                "d2.d_year", 
                                "d2.d_dow", 
                                "d2.d_moy", 
                                "d2.d_dom", 
                                "d2.d_qoy", 
                                "d2.d_fy_year", 
                                "d2.d_fy_quarter_seq", 
                                "d2.d_fy_week_seq", 
                                "d2.d_day_name", 
                                "d2.d_quarter_name", 
                                "d2.d_holiday", 
                                "d2.d_weekend", 
                                "d2.d_following_holiday", 
                                "d2.d_first_dom", 
                                "d2.d_last_dom", 
                                "d2.d_same_day_ly", 
                                "d2.d_same_day_lq", 
                                "d2.d_current_day", 
                                "d2.d_current_week", 
                                "d2.d_current_month", 
                                "d2.d_current_quarter", 
                                "d2.d_current_year"
                               ], 
                               "Parent Relationship": "Inner", 
                               "Schema": "pg_temp_2", 
                               "Index Name": "date_dim_pkey"
                              }
                             ], 
                             "Node Type": "Nested Loop", 
                             "Plan Rows": 1, 
                             "Join Type": "Inner", 
                             "Parallel Aware": false, 
                             "Output": [
                              "d2.d_year", 
                              "d3.d_year", 
                              "cd1.cd_marital_status", 
                              "store.s_store_name", 
                              "store.s_zip", 
                              "cs_ui.cs_item_sk", 
                              "store_sales.ss_wholesale_cost", 
                              "store_sales.ss_list_price", 
                              "store_sales.ss_coupon_amt", 
                              "store_sales.ss_sold_date_sk", 
                              "store_sales.ss_hdemo_sk", 
                              "store_sales.ss_item_sk", 
                              "store_sales.ss_ticket_number", 
                              "store_sales.ss_promo_sk", 
                              "ad1.ca_street_number", 
                              "ad1.ca_street_name", 
                              "ad1.ca_city", 
                              "ad1.ca_zip", 
                              "customer.c_current_cdemo_sk", 
                              "customer.c_current_hdemo_sk", 
                              "customer.c_current_addr_sk"
                             ], 
                             "Parent Relationship": "Outer", 
                             "Plan Width": 620, 
                             "Total Cost": 17.79
                            }, 
                            {
                             "Index Cond": "(cd2.cd_demo_sk = customer.c_current_cdemo_sk)", 
                             "Startup Cost": 0.15, 
                             "Scan Direction": "Forward", 
                             "Plan Width": 12, 
                             "Node Type": "Index Scan", 
                             "Total Cost": 0.6, 
                             "Plan Rows": 1, 
                             "Relation Name": "customer_demographics", 
                             "Alias": "cd2", 
                             "Parallel Aware": false, 
                             "Output": [
                              "cd2.cd_demo_sk", 
                              "cd2.cd_gender", 
                              "cd2.cd_marital_status", 
                              "cd2.cd_education_status", 
                              "cd2.cd_purchase_estimate", 
                              "cd2.cd_credit_rating", 
                              "cd2.cd_dep_count", 
                              "cd2.cd_dep_employed_count", 
                              "cd2.cd_dep_college_count"
                             ], 
                             "Parent Relationship": "Inner", 
                             "Schema": "pg_temp_2", 
                             "Index Name": "customer_demographics_pkey"
                            }
                           ], 
                           "Node Type": "Nested Loop", 
                           "Plan Rows": 1, 
                           "Join Type": "Inner", 
                           "Parallel Aware": false, 
                           "Output": [
                            "d2.d_year", 
                            "d3.d_year", 
                            "store.s_store_name", 
                            "store.s_zip", 
                            "cs_ui.cs_item_sk", 
                            "store_sales.ss_wholesale_cost", 
                            "store_sales.ss_list_price", 
                            "store_sales.ss_coupon_amt", 
                            "store_sales.ss_sold_date_sk", 
                            "store_sales.ss_hdemo_sk", 
                            "store_sales.ss_item_sk", 
                            "store_sales.ss_ticket_number", 
                            "store_sales.ss_promo_sk", 
                            "ad1.ca_street_number", 
                            "ad1.ca_street_name", 
                            "ad1.ca_city", 
                            "ad1.ca_zip", 
                            "customer.c_current_hdemo_sk", 
                            "customer.c_current_addr_sk"
                           ], 
                           "Parent Relationship": "Outer", 
                           "Plan Width": 608, 
                           "Join Filter": "(cd1.cd_marital_status <> cd2.cd_marital_status)", 
                           "Total Cost": 18.41
                          }, 
                          {
                           "Index Cond": "((store_returns.sr_item_sk = store_sales.ss_item_sk) AND (store_returns.sr_ticket_number = store_sales.ss_ticket_number))", 
                           "Startup Cost": 0.15, 
                           "Scan Direction": "Forward", 
                           "Plan Width": 8, 
                           "Node Type": "Index Only Scan", 
                           "Total Cost": 0.3, 
                           "Plan Rows": 1, 
                           "Relation Name": "store_returns", 
                           "Alias": "store_returns", 
                           "Parallel Aware": false, 
                           "Output": [
                            "store_returns.sr_item_sk", 
                            "store_returns.sr_ticket_number"
                           ], 
                           "Parent Relationship": "Inner", 
                           "Schema": "pg_temp_2", 
                           "Index Name": "store_returns_pkey"
                          }
                         ], 
                         "Node Type": "Nested Loop", 
                         "Plan Rows": 1, 
                         "Join Type": "Inner", 
                         "Parallel Aware": false, 
                         "Output": [
                          "d2.d_year", 
                          "d3.d_year", 
                          "store.s_store_name", 
                          "store.s_zip", 
                          "cs_ui.cs_item_sk", 
                          "store_sales.ss_wholesale_cost", 
                          "store_sales.ss_list_price", 
                          "store_sales.ss_coupon_amt", 
                          "store_sales.ss_sold_date_sk", 
                          "store_sales.ss_hdemo_sk", 
                          "store_sales.ss_item_sk", 
                          "store_sales.ss_promo_sk", 
                          "ad1.ca_street_number", 
                          "ad1.ca_street_name", 
                          "ad1.ca_city", 
                          "ad1.ca_zip", 
                          "customer.c_current_hdemo_sk", 
                          "customer.c_current_addr_sk", 
                          "store_returns.sr_item_sk"
                         ], 
                         "Parent Relationship": "Outer", 
                         "Plan Width": 608, 
                         "Total Cost": 18.72
                        }, 
                        {
                         "Index Cond": "(ad2.ca_address_sk = customer.c_current_addr_sk)", 
                         "Startup Cost": 0.14, 
                         "Scan Direction": "Forward", 
                         "Plan Width": 368, 
                         "Node Type": "Index Scan", 
                         "Total Cost": 0.6, 
                         "Plan Rows": 1, 
                         "Relation Name": "customer_address", 
                         "Alias": "ad2", 
                         "Parallel Aware": false, 
                         "Output": [
                          "ad2.ca_address_sk", 
                          "ad2.ca_address_id", 
                          "ad2.ca_street_number", 
                          "ad2.ca_street_name", 
                          "ad2.ca_street_type", 
                          "ad2.ca_suite_number", 
                          "ad2.ca_city", 
                          "ad2.ca_county", 
                          "ad2.ca_state", 
                          "ad2.ca_zip", 
                          "ad2.ca_country", 
                          "ad2.ca_gmt_offset", 
                          "ad2.ca_location_type"
                         ], 
                         "Parent Relationship": "Inner", 
                         "Schema": "pg_temp_2", 
                         "Index Name": "customer_address_pkey"
                        }
                       ], 
                       "Node Type": "Nested Loop", 
                       "Plan Rows": 1, 
                       "Join Type": "Inner", 
                       "Parallel Aware": false, 
                       "Output": [
                        "d2.d_year", 
                        "d3.d_year", 
                        "store.s_store_name", 
                        "store.s_zip", 
                        "cs_ui.cs_item_sk", 
                        "store_sales.ss_wholesale_cost", 
                        "store_sales.ss_list_price", 
                        "store_sales.ss_coupon_amt", 
                        "store_sales.ss_sold_date_sk", 
                        "store_sales.ss_hdemo_sk", 
                        "store_sales.ss_item_sk", 
                        "store_sales.ss_promo_sk", 
                        "ad1.ca_street_number", 
                        "ad1.ca_street_name", 
                        "ad1.ca_city", 
                        "ad1.ca_zip", 
                        "customer.c_current_hdemo_sk", 
                        "store_returns.sr_item_sk", 
                        "ad2.ca_street_number", 
                        "ad2.ca_street_name", 
                        "ad2.ca_city", 
                        "ad2.ca_zip"
                       ], 
                       "Parent Relationship": "Outer", 
                       "Plan Width": 968, 
                       "Total Cost": 19.33
                      }, 
                      {
                       "Index Cond": "(promotion.p_promo_sk = store_sales.ss_promo_sk)", 
                       "Startup Cost": 0.14, 
                       "Scan Direction": "Forward", 
                       "Plan Width": 4, 
                       "Node Type": "Index Only Scan", 
                       "Total Cost": 0.29, 
                       "Plan Rows": 1, 
                       "Relation Name": "promotion", 
                       "Alias": "promotion", 
                       "Parallel Aware": false, 
                       "Output": [
                        "promotion.p_promo_sk"
                       ], 
                       "Parent Relationship": "Inner", 
                       "Schema": "pg_temp_2", 
                       "Index Name": "promotion_pkey"
                      }
                     ], 
                     "Node Type": "Nested Loop", 
                     "Plan Rows": 1, 
                     "Join Type": "Inner", 
                     "Parallel Aware": false, 
                     "Output": [
                      "d2.d_year", 
                      "d3.d_year", 
                      "store.s_store_name", 
                      "store.s_zip", 
                      "cs_ui.cs_item_sk", 
                      "store_sales.ss_wholesale_cost", 
                      "store_sales.ss_list_price", 
                      "store_sales.ss_coupon_amt", 
                      "store_sales.ss_sold_date_sk", 
                      "store_sales.ss_hdemo_sk", 
                      "store_sales.ss_item_sk", 
                      "ad1.ca_street_number", 
                      "ad1.ca_street_name", 
                      "ad1.ca_city", 
                      "ad1.ca_zip", 
                      "customer.c_current_hdemo_sk", 
                      "store_returns.sr_item_sk", 
                      "ad2.ca_street_number", 
                      "ad2.ca_street_name", 
                      "ad2.ca_city", 
                      "ad2.ca_zip"
                     ], 
                     "Parent Relationship": "Outer", 
                     "Plan Width": 964, 
                     "Total Cost": 19.63
                    }, 
                    {
                     "Index Cond": "(hd1.hd_demo_sk = store_sales.ss_hdemo_sk)", 
                     "Startup Cost": 0.15, 
                     "Scan Direction": "Forward", 
                     "Plan Width": 8, 
                     "Node Type": "Index Scan", 
                     "Total Cost": 0.3, 
                     "Plan Rows": 1, 
                     "Relation Name": "household_demographics", 
                     "Alias": "hd1", 
                     "Parallel Aware": false, 
                     "Output": [
                      "hd1.hd_demo_sk", 
                      "hd1.hd_income_band_sk", 
                      "hd1.hd_buy_potential", 
                      "hd1.hd_dep_count", 
                      "hd1.hd_vehicle_count"
                     ], 
                     "Parent Relationship": "Inner", 
                     "Schema": "pg_temp_2", 
                     "Index Name": "household_demographics_pkey"
                    }
                   ], 
                   "Node Type": "Nested Loop", 
                   "Plan Rows": 1, 
                   "Join Type": "Inner", 
                   "Parallel Aware": false, 
                   "Output": [
                    "d2.d_year", 
                    "d3.d_year", 
                    "store.s_store_name", 
                    "store.s_zip", 
                    "cs_ui.cs_item_sk", 
                    "store_sales.ss_wholesale_cost", 
                    "store_sales.ss_list_price", 
                    "store_sales.ss_coupon_amt", 
                    "store_sales.ss_sold_date_sk", 
                    "store_sales.ss_item_sk", 
                    "ad1.ca_street_number", 
                    "ad1.ca_street_name", 
                    "ad1.ca_city", 
                    "ad1.ca_zip", 
                    "customer.c_current_hdemo_sk", 
                    "store_returns.sr_item_sk", 
                    "ad2.ca_street_number", 
                    "ad2.ca_street_name", 
                    "ad2.ca_city", 
                    "ad2.ca_zip", 
                    "hd1.hd_income_band_sk"
                   ], 
                   "Parent Relationship": "Outer", 
                   "Plan Width": 964, 
                   "Total Cost": 19.93
                  }, 
                  {
                   "Index Cond": "(ib1.ib_income_band_sk = hd1.hd_income_band_sk)", 
                   "Startup Cost": 0.15, 
                   "Scan Direction": "Forward", 
                   "Plan Width": 4, 
                   "Node Type": "Index Only Scan", 
                   "Total Cost": 0.23, 
                   "Plan Rows": 1, 
                   "Relation Name": "income_band", 
                   "Alias": "ib1", 
                   "Parallel Aware": false, 
                   "Output": [
                    "ib1.ib_income_band_sk"
                   ], 
                   "Parent Relationship": "Inner", 
                   "Schema": "pg_temp_2", 
                   "Index Name": "income_band_pkey"
                  }
                 ], 
                 "Node Type": "Nested Loop", 
                 "Plan Rows": 1, 
                 "Join Type": "Inner", 
                 "Parallel Aware": false, 
                 "Output": [
                  "d2.d_year", 
                  "d3.d_year", 
                  "store.s_store_name", 
                  "store.s_zip", 
                  "cs_ui.cs_item_sk", 
                  "store_sales.ss_wholesale_cost", 
                  "store_sales.ss_list_price", 
                  "store_sales.ss_coupon_amt", 
                  "store_sales.ss_sold_date_sk", 
                  "store_sales.ss_item_sk", 
                  "ad1.ca_street_number", 
                  "ad1.ca_street_name", 
                  "ad1.ca_city", 
                  "ad1.ca_zip", 
                  "customer.c_current_hdemo_sk", 
                  "store_returns.sr_item_sk", 
                  "ad2.ca_street_number", 
                  "ad2.ca_street_name", 
                  "ad2.ca_city", 
                  "ad2.ca_zip"
                 ], 
                 "Parent Relationship": "Outer", 
                 "Plan Width": 960, 
                 "Total Cost": 20.17
                }, 
                {
                 "Index Cond": "(item.i_item_sk = store_returns.sr_item_sk)", 
                 "Startup Cost": 0.14, 
                 "Scan Direction": "Forward", 
                 "Plan Width": 208, 
                 "Node Type": "Index Scan", 
                 "Total Cost": 0.28, 
                 "Plan Rows": 1, 
                 "Relation Name": "item", 
                 "Alias": "item", 
                 "Parallel Aware": false, 
                 "Filter": "((item.i_current_price >= '6'::numeric) AND (item.i_current_price <= '16'::numeric) AND (item.i_current_price >= '7'::numeric) AND (item.i_current_price <= '21'::numeric) AND (item.i_color = ANY ('{khaki,firebrick,burnished,blanched,navy,orange}'::bpchar[])))", 
                 "Output": [
                  "item.i_item_sk", 
                  "item.i_item_id", 
                  "item.i_rec_start_date", 
                  "item.i_rec_end_date", 
                  "item.i_item_desc", 
                  "item.i_current_price", 
                  "item.i_wholesale_cost", 
                  "item.i_brand_id", 
                  "item.i_brand", 
                  "item.i_class_id", 
                  "item.i_class", 
                  "item.i_category_id", 
                  "item.i_category", 
                  "item.i_manufact_id", 
                  "item.i_manufact", 
                  "item.i_size", 
                  "item.i_formulation", 
                  "item.i_color", 
                  "item.i_units", 
                  "item.i_container", 
                  "item.i_manager_id", 
                  "item.i_product_name"
                 ], 
                 "Parent Relationship": "Inner", 
                 "Schema": "pg_temp_2", 
                 "Index Name": "item_pkey"
                }
               ], 
               "Node Type": "Nested Loop", 
               "Plan Rows": 1, 
               "Join Type": "Inner", 
               "Parallel Aware": false, 
               "Output": [
                "d2.d_year", 
                "d3.d_year", 
                "store.s_store_name", 
                "store.s_zip", 
                "store_sales.ss_wholesale_cost", 
                "store_sales.ss_list_price", 
                "store_sales.ss_coupon_amt", 
                "store_sales.ss_sold_date_sk", 
                "ad1.ca_street_number", 
                "ad1.ca_street_name", 
                "ad1.ca_city", 
                "ad1.ca_zip", 
                "customer.c_current_hdemo_sk", 
                "ad2.ca_street_number", 
                "ad2.ca_street_name", 
                "ad2.ca_city", 
                "ad2.ca_zip", 
                "item.i_product_name", 
                "item.i_item_sk"
               ], 
               "Parent Relationship": "Outer", 
               "Plan Width": 1156, 
               "Join Filter": "(store_sales.ss_item_sk = item.i_item_sk)", 
               "Total Cost": 20.47
              }, 
              {
               "Index Cond": "(hd2.hd_demo_sk = customer.c_current_hdemo_sk)", 
               "Startup Cost": 0.15, 
               "Scan Direction": "Forward", 
               "Plan Width": 8, 
               "Node Type": "Index Scan", 
               "Total Cost": 0.61, 
               "Plan Rows": 1, 
               "Relation Name": "household_demographics", 
               "Alias": "hd2", 
               "Parallel Aware": false, 
               "Output": [
                "hd2.hd_demo_sk", 
                "hd2.hd_income_band_sk", 
                "hd2.hd_buy_potential", 
                "hd2.hd_dep_count", 
                "hd2.hd_vehicle_count"
               ], 
               "Parent Relationship": "Inner", 
               "Schema": "pg_temp_2", 
               "Index Name": "household_demographics_pkey"
              }
             ], 
             "Node Type": "Nested Loop", 
             "Plan Rows": 1, 
             "Join Type": "Inner", 
             "Parallel Aware": false, 
             "Output": [
              "d2.d_year", 
              "d3.d_year", 
              "store.s_store_name", 
              "store.s_zip", 
              "store_sales.ss_wholesale_cost", 
              "store_sales.ss_list_price", 
              "store_sales.ss_coupon_amt", 
              "store_sales.ss_sold_date_sk", 
              "ad1.ca_street_number", 
              "ad1.ca_street_name", 
              "ad1.ca_city", 
              "ad1.ca_zip", 
              "ad2.ca_street_number", 
              "ad2.ca_street_name", 
              "ad2.ca_city", 
              "ad2.ca_zip", 
              "item.i_product_name", 
              "item.i_item_sk", 
              "hd2.hd_income_band_sk"
             ], 
             "Parent Relationship": "Outer", 
             "Plan Width": 1156, 
             "Total Cost": 21.09
            }, 
            {
             "Index Cond": "(ib2.ib_income_band_sk = hd2.hd_income_band_sk)", 
             "Startup Cost": 0.15, 
             "Scan Direction": "Forward", 
             "Plan Width": 4, 
             "Node Type": "Index Only Scan", 
             "Total Cost": 0.23, 
             "Plan Rows": 1, 
             "Relation Name": "income_band", 
             "Alias": "ib2", 
             "Parallel Aware": false, 
             "Output": [
              "ib2.ib_income_band_sk"
             ], 
             "Parent Relationship": "Inner", 
             "Schema": "pg_temp_2", 
             "Index Name": "income_band_pkey"
            }
           ], 
           "Node Type": "Nested Loop", 
           "Plan Rows": 1, 
           "Join Type": "Inner", 
           "Parallel Aware": false, 
           "Output": [
            "d2.d_year", 
            "d3.d_year", 
            "store.s_store_name", 
            "store.s_zip", 
            "store_sales.ss_wholesale_cost", 
            "store_sales.ss_list_price", 
            "store_sales.ss_coupon_amt", 
            "store_sales.ss_sold_date_sk", 
            "ad1.ca_street_number", 
            "ad1.ca_street_name", 
            "ad1.ca_city", 
            "ad1.ca_zip", 
            "ad2.ca_street_number", 
            "ad2.ca_street_name", 
            "ad2.ca_city", 
            "ad2.ca_zip", 
            "item.i_product_name", 
            "item.i_item_sk"
           ], 
           "Parent Relationship": "Outer", 
           "Plan Width": 1152, 
           "Total Cost": 21.32
          }, 
          {
           "Index Cond": "(d1.d_date_sk = store_sales.ss_sold_date_sk)", 
           "Startup Cost": 0.15, 
           "Scan Direction": "Forward", 
           "Plan Width": 8, 
           "Node Type": "Index Scan", 
           "Total Cost": 0.29, 
           "Plan Rows": 1, 
           "Relation Name": "date_dim", 
           "Alias": "d1", 
           "Parallel Aware": false, 
           "Output": [
            "d1.d_date_sk", 
            "d1.d_date_id", 
            "d1.d_date", 
            "d1.d_month_seq", 
            "d1.d_week_seq", 
            "d1.d_quarter_seq", 
            "d1.d_year", 
            "d1.d_dow", 
            "d1.d_moy", 
            "d1.d_dom", 
            "d1.d_qoy", 
            "d1.d_fy_year", 
            "d1.d_fy_quarter_seq", 
            "d1.d_fy_week_seq", 
            "d1.d_day_name", 
            "d1.d_quarter_name", 
            "d1.d_holiday", 
            "d1.d_weekend", 
            "d1.d_following_holiday", 
            "d1.d_first_dom", 
            "d1.d_last_dom", 
            "d1.d_same_day_ly", 
            "d1.d_same_day_lq", 
            "d1.d_current_day", 
            "d1.d_current_week", 
            "d1.d_current_month", 
            "d1.d_current_quarter", 
            "d1.d_current_year"
           ], 
           "Parent Relationship": "Inner", 
           "Schema": "pg_temp_2", 
           "Index Name": "date_dim_pkey"
          }
         ], 
         "Node Type": "Nested Loop", 
         "Plan Rows": 1, 
         "Join Type": "Inner", 
         "Parallel Aware": false, 
         "Output": [
          "item.i_item_sk", 
          "store.s_store_name", 
          "store.s_zip", 
          "ad1.ca_street_number", 
          "ad1.ca_street_name", 
          "ad1.ca_city", 
          "ad1.ca_zip", 
          "ad2.ca_street_number", 
          "ad2.ca_street_name", 
          "ad2.ca_city", 
          "ad2.ca_zip", 
          "d1.d_year", 
          "d2.d_year", 
          "d3.d_year", 
          "item.i_product_name", 
          "store_sales.ss_wholesale_cost", 
          "store_sales.ss_list_price", 
          "store_sales.ss_coupon_amt"
         ], 
         "Parent Relationship": "Outer", 
         "Plan Width": 1152, 
         "Total Cost": 21.63
        }
       ], 
       "Sort Key": [
        "item.i_item_sk", 
        "store.s_store_name", 
        "store.s_zip", 
        "ad1.ca_street_number", 
        "ad1.ca_street_name", 
        "ad1.ca_city", 
        "ad1.ca_zip", 
        "ad2.ca_street_number", 
        "ad2.ca_street_name", 
        "ad2.ca_city", 
        "ad2.ca_zip", 
        "d1.d_year", 
        "d2.d_year", 
        "d3.d_year"
       ], 
       "Node Type": "Sort", 
       "Plan Rows": 1, 
       "Parallel Aware": false, 
       "Output": [
        "item.i_item_sk", 
        "store.s_store_name", 
        "store.s_zip", 
        "ad1.ca_street_number", 
        "ad1.ca_street_name", 
        "ad1.ca_city", 
        "ad1.ca_zip", 
        "ad2.ca_street_number", 
        "ad2.ca_street_name", 
        "ad2.ca_city", 
        "ad2.ca_zip", 
        "d1.d_year", 
        "d2.d_year", 
        "d3.d_year", 
        "item.i_product_name", 
        "store_sales.ss_wholesale_cost", 
        "store_sales.ss_list_price", 
        "store_sales.ss_coupon_amt"
       ], 
       "Parent Relationship": "Outer", 
       "Plan Width": 1152, 
       "Total Cost": 21.64
      }
     ], 
     "Group Key": [
      "item.i_item_sk", 
      "store.s_store_name", 
      "store.s_zip", 
      "ad1.ca_street_number", 
      "ad1.ca_street_name", 
      "ad1.ca_city", 
      "ad1.ca_zip", 
      "ad2.ca_street_number", 
      "ad2.ca_street_name", 
      "ad2.ca_city", 
      "ad2.ca_zip", 
      "d1.d_year", 
      "d2.d_year", 
      "d3.d_year"
     ], 
     "Node Type": "Aggregate", 
     "Strategy": "Sorted", 
     "Plan Rows": 1, 
     "Parallel Aware": false, 
     "Output": [
      "item.i_product_name", 
      "item.i_item_sk", 
      "store.s_store_name", 
      "store.s_zip", 
      "ad1.ca_street_number", 
      "ad1.ca_street_name", 
      "ad1.ca_city", 
      "ad1.ca_zip", 
      "ad2.ca_street_number", 
      "ad2.ca_street_name", 
      "ad2.ca_city", 
      "ad2.ca_zip", 
      "d1.d_year", 
      "d2.d_year", 
      "d3.d_year", 
      "count(*)", 
      "sum(store_sales.ss_wholesale_cost)", 
      "sum(store_sales.ss_list_price)", 
      "sum(store_sales.ss_coupon_amt)"
     ], 
     "Parent Relationship": "InitPlan", 
     "Plan Width": 1214, 
     "Subplan Name": "CTE cross_sales", 
     "Total Cost": 21.71
    }, 
    {
     "Startup Cost": 0.0, 
     "Plans": [
      {
       "Startup Cost": 0.0, 
       "CTE Name": "cross_sales", 
       "Node Type": "CTE Scan", 
       "Plan Rows": 1, 
       "Filter": "(cs1.syear = 1999)", 
       "Alias": "cs1", 
       "Parallel Aware": false, 
       "Output": [
        "cs1.product_name", 
        "cs1.item_sk", 
        "cs1.store_name", 
        "cs1.store_zip", 
        "cs1.b_street_number", 
        "cs1.b_street_name", 
        "cs1.b_city", 
        "cs1.b_zip", 
        "cs1.c_street_number", 
        "cs1.c_street_name", 
        "cs1.c_city", 
        "cs1.c_zip", 
        "cs1.syear", 
        "cs1.fsyear", 
        "cs1.s2year", 
        "cs1.cnt", 
        "cs1.s1", 
        "cs1.s2", 
        "cs1.s3"
       ], 
       "Parent Relationship": "Outer", 
       "Plan Width": 1206, 
       "Total Cost": 0.02
      }, 
      {
       "Startup Cost": 0.0, 
       "CTE Name": "cross_sales", 
       "Node Type": "CTE Scan", 
       "Plan Rows": 1, 
       "Filter": "(cs2.syear = 2000)", 
       "Alias": "cs2", 
       "Parallel Aware": false, 
       "Output": [
        "cs2.product_name", 
        "cs2.item_sk", 
        "cs2.store_name", 
        "cs2.store_zip", 
        "cs2.b_street_number", 
        "cs2.b_street_name", 
        "cs2.b_city", 
        "cs2.b_zip", 
        "cs2.c_street_number", 
        "cs2.c_street_name", 
        "cs2.c_city", 
        "cs2.c_zip", 
        "cs2.syear", 
        "cs2.fsyear", 
        "cs2.s2year", 
        "cs2.cnt", 
        "cs2.s1", 
        "cs2.s2", 
        "cs2.s3"
       ], 
       "Parent Relationship": "Inner", 
       "Plan Width": 274, 
       "Total Cost": 0.02
      }
     ], 
     "Node Type": "Nested Loop", 
     "Plan Rows": 1, 
     "Join Type": "Inner", 
     "Parallel Aware": false, 
     "Output": [
      "cs1.product_name", 
      "cs1.store_name", 
      "cs1.store_zip", 
      "cs1.b_street_number", 
      "cs1.b_street_name", 
      "cs1.b_city", 
      "cs1.b_zip", 
      "cs1.c_street_number", 
      "cs1.c_street_name", 
      "cs1.c_city", 
      "cs1.c_zip", 
      "cs1.syear", 
      "cs1.cnt", 
      "cs1.s1", 
      "cs1.s2", 
      "cs1.s3", 
      "cs2.s1", 
      "cs2.s2", 
      "cs2.s3", 
      "cs2.syear", 
      "cs2.cnt"
     ], 
     "Parent Relationship": "Outer", 
     "Plan Width": 1310, 
     "Join Filter": "((cs2.cnt <= cs1.cnt) AND (cs1.item_sk = cs2.item_sk) AND ((cs1.store_name)::text = (cs2.store_name)::text) AND (cs1.store_zip = cs2.store_zip))", 
     "Total Cost": 0.07
    }
   ], 
   "Sort Key": [
    "cs1.product_name", 
    "cs1.store_name", 
    "cs2.cnt"
   ], 
   "Node Type": "Sort", 
   "Plan Rows": 1, 
   "Parallel Aware": false, 
   "Output": [
    "cs1.product_name", 
    "cs1.store_name", 
    "cs1.store_zip", 
    "cs1.b_street_number", 
    "cs1.b_street_name", 
    "cs1.b_city", 
    "cs1.b_zip", 
    "cs1.c_street_number", 
    "cs1.c_street_name", 
    "cs1.c_city", 
    "cs1.c_zip", 
    "cs1.syear", 
    "cs1.cnt", 
    "cs1.s1", 
    "cs1.s2", 
    "cs1.s3", 
    "cs2.s1", 
    "cs2.s2", 
    "cs2.s3", 
    "cs2.syear", 
    "cs2.cnt"
   ], 
   "Plan Width": 1310, 
   "Total Cost": 77.21
  }
 }
]