[
 {
  "Plan": {
   "Startup Cost": 56.52, 
   "Plans": [
    {
     "Startup Cost": 28.76, 
     "Plans": [
      {
       "Startup Cost": 28.76, 
       "Plans": [
        {
         "Hash Cond": "(store_sales.ss_sold_date_sk = date_dim.d_date_sk)", 
         "Startup Cost": 14.06, 
         "Plans": [
          {
           "Startup Cost": 0.0, 
           "Plan Width": 12, 
           "Node Type": "Seq Scan", 
           "Plan Rows": 340, 
           "Relation Name": "store_sales", 
           "Alias": "store_sales", 
           "Parallel Aware": false, 
           "Output": [
            "store_sales.ss_sold_date_sk", 
            "store_sales.ss_sold_time_sk", 
            "store_sales.ss_item_sk", 
            "store_sales.ss_customer_sk", 
            "store_sales.ss_cdemo_sk", 
            "store_sales.ss_hdemo_sk", 
            "store_sales.ss_addr_sk", 
            "store_sales.ss_store_sk", 
            "store_sales.ss_promo_sk", 
            "store_sales.ss_ticket_number", 
            "store_sales.ss_quantity", 
            "store_sales.ss_wholesale_cost", 
            "store_sales.ss_list_price", 
            "store_sales.ss_sales_price", 
            "store_sales.ss_ext_discount_amt", 
            "store_sales.ss_ext_sales_price", 
            "store_sales.ss_ext_wholesale_cost", 
            "store_sales.ss_ext_list_price", 
            "store_sales.ss_ext_tax", 
            "store_sales.ss_coupon_amt", 
            "store_sales.ss_net_paid", 
            "store_sales.ss_net_paid_inc_tax", 
            "store_sales.ss_net_profit"
           ], 
           "Parent Relationship": "Outer", 
           "Total Cost": 13.4, 
           "Schema": "pg_temp_2"
          }, 
          {
           "Startup Cost": 14.05, 
           "Plans": [
            {
             "Filter": "((date_dim.d_month_seq >= 1176) AND (date_dim.d_month_seq <= 1187))", 
             "Startup Cost": 0.0, 
             "Plan Width": 4, 
             "Node Type": "Seq Scan", 
             "Plan Rows": 1, 
             "Relation Name": "date_dim", 
             "Alias": "date_dim", 
             "Parallel Aware": false, 
             "Output": [
              "date_dim.d_date_sk"
             ], 
             "Parent Relationship": "Outer", 
             "Total Cost": 14.05, 
             "Schema": "pg_temp_2"
            }
           ], 
           "Node Type": "Hash", 
           "Plan Rows": 1, 
           "Parallel Aware": false, 
           "Output": [
            "date_dim.d_date_sk"
           ], 
           "Parent Relationship": "Inner", 
           "Plan Width": 4, 
           "Total Cost": 14.05
          }
         ], 
         "Node Type": "Hash Join", 
         "Plan Rows": 1, 
         "Join Type": "Inner", 
         "Parallel Aware": false, 
         "Output": [
          "store_sales.ss_customer_sk", 
          "store_sales.ss_item_sk"
         ], 
         "Parent Relationship": "Outer", 
         "Plan Width": 8, 
         "Total Cost": 28.75
        }
       ], 
       "Sort Key": [
        "store_sales.ss_customer_sk", 
        "store_sales.ss_item_sk"
       ], 
       "Node Type": "Sort", 
       "Plan Rows": 1, 
       "Parallel Aware": false, 
       "Output": [
        "store_sales.ss_customer_sk", 
        "store_sales.ss_item_sk"
       ], 
       "Parent Relationship": "Outer", 
       "Plan Width": 8, 
       "Total Cost": 28.76
      }
     ], 
     "Group Key": [
      "store_sales.ss_customer_sk", 
      "store_sales.ss_item_sk"
     ], 
     "Node Type": "Group", 
     "Plan Rows": 1, 
     "Parallel Aware": false, 
     "Output": [
      "store_sales.ss_customer_sk", 
      "store_sales.ss_item_sk"
     ], 
     "Parent Relationship": "InitPlan", 
     "Plan Width": 8, 
     "Subplan Name": "CTE ssci", 
     "Total Cost": 28.77
    }, 
    {
     "Startup Cost": 27.66, 
     "Plans": [
      {
       "Startup Cost": 27.66, 
       "Plans": [
        {
         "Hash Cond": "(catalog_sales.cs_sold_date_sk = date_dim_1.d_date_sk)", 
         "Startup Cost": 14.06, 
         "Plans": [
          {
           "Startup Cost": 0.0, 
           "Plan Width": 12, 
           "Node Type": "Seq Scan", 
           "Plan Rows": 260, 
           "Relation Name": "catalog_sales", 
           "Alias": "catalog_sales", 
           "Parallel Aware": false, 
           "Output": [
            "catalog_sales.cs_sold_date_sk", 
            "catalog_sales.cs_sold_time_sk", 
            "catalog_sales.cs_ship_date_sk", 
            "catalog_sales.cs_bill_customer_sk", 
            "catalog_sales.cs_bill_cdemo_sk", 
            "catalog_sales.cs_bill_hdemo_sk", 
            "catalog_sales.cs_bill_addr_sk", 
            "catalog_sales.cs_ship_customer_sk", 
            "catalog_sales.cs_ship_cdemo_sk", 
            "catalog_sales.cs_ship_hdemo_sk", 
            "catalog_sales.cs_ship_addr_sk", 
            "catalog_sales.cs_call_center_sk", 
            "catalog_sales.cs_catalog_page_sk", 
            "catalog_sales.cs_ship_mode_sk", 
            "catalog_sales.cs_warehouse_sk", 
            "catalog_sales.cs_item_sk", 
            "catalog_sales.cs_promo_sk", 
            "catalog_sales.cs_order_number", 
            "catalog_sales.cs_quantity", 
            "catalog_sales.cs_wholesale_cost", 
            "catalog_sales.cs_list_price", 
            "catalog_sales.cs_sales_price", 
            "catalog_sales.cs_ext_discount_amt", 
            "catalog_sales.cs_ext_sales_price", 
            "catalog_sales.cs_ext_wholesale_cost", 
            "catalog_sales.cs_ext_list_price", 
            "catalog_sales.cs_ext_tax", 
            "catalog_sales.cs_coupon_amt", 
            "catalog_sales.cs_ext_ship_cost", 
            "catalog_sales.cs_net_paid", 
            "catalog_sales.cs_net_paid_inc_tax", 
            "catalog_sales.cs_net_paid_inc_ship", 
            "catalog_sales.cs_net_paid_inc_ship_tax", 
            "catalog_sales.cs_net_profit"
           ], 
           "Parent Relationship": "Outer", 
           "Total Cost": 12.6, 
           "Schema": "pg_temp_2"
          }, 
          {
           "Startup Cost": 14.05, 
           "Plans": [
            {
             "Filter": "((date_dim_1.d_month_seq >= 1176) AND (date_dim_1.d_month_seq <= 1187))", 
             "Startup Cost": 0.0, 
             "Plan Width": 4, 
             "Node Type": "Seq Scan", 
             "Plan Rows": 1, 
             "Relation Name": "date_dim", 
             "Alias": "date_dim_1", 
             "Parallel Aware": false, 
             "Output": [
              "date_dim_1.d_date_sk"
             ], 
             "Parent Relationship": "Outer", 
             "Total Cost": 14.05, 
             "Schema": "pg_temp_2"
            }
           ], 
           "Node Type": "Hash", 
           "Plan Rows": 1, 
           "Parallel Aware": false, 
           "Output": [
            "date_dim_1.d_date_sk"
           ], 
           "Parent Relationship": "Inner", 
           "Plan Width": 4, 
           "Total Cost": 14.05
          }
         ], 
         "Node Type": "Hash Join", 
         "Plan Rows": 1, 
         "Join Type": "Inner", 
         "Parallel Aware": false, 
         "Output": [
          "catalog_sales.cs_bill_customer_sk", 
          "catalog_sales.cs_item_sk"
         ], 
         "Parent Relationship": "Outer", 
         "Plan Width": 8, 
         "Total Cost": 27.65
        }
       ], 
       "Sort Key": [
        "catalog_sales.cs_bill_customer_sk", 
        "catalog_sales.cs_item_sk"
       ], 
       "Node Type": "Sort", 
       "Plan Rows": 1, 
       "Parallel Aware": false, 
       "Output": [
        "catalog_sales.cs_bill_customer_sk", 
        "catalog_sales.cs_item_sk"
       ], 
       "Parent Relationship": "Outer", 
       "Plan Width": 8, 
       "Total Cost": 27.66
      }
     ], 
     "Group Key": [
      "catalog_sales.cs_bill_customer_sk", 
      "catalog_sales.cs_item_sk"
     ], 
     "Node Type": "Group", 
     "Plan Rows": 1, 
     "Parallel Aware": false, 
     "Output": [
      "catalog_sales.cs_bill_customer_sk", 
      "catalog_sales.cs_item_sk"
     ], 
     "Parent Relationship": "InitPlan", 
     "Plan Width": 8, 
     "Subplan Name": "CTE csci", 
     "Total Cost": 27.67
    }, 
    {
     "Partial Mode": "Simple", 
     "Startup Cost": 0.08, 
     "Plans": [
      {
       "Hash Cond": "((ssci.customer_sk = csci.customer_sk) AND (ssci.item_sk = csci.item_sk))", 
       "Startup Cost": 0.04, 
       "Plans": [
        {
         "Startup Cost": 0.0, 
         "CTE Name": "ssci", 
         "Node Type": "CTE Scan", 
         "Plan Rows": 1, 
         "Alias": "ssci", 
         "Parallel Aware": false, 
         "Output": [
          "ssci.customer_sk", 
          "ssci.item_sk"
         ], 
         "Parent Relationship": "Outer", 
         "Plan Width": 8, 
         "Total Cost": 0.02
        }, 
        {
         "Startup Cost": 0.02, 
         "Plans": [
          {
           "Startup Cost": 0.0, 
           "CTE Name": "csci", 
           "Node Type": "CTE Scan", 
           "Plan Rows": 1, 
           "Alias": "csci", 
           "Parallel Aware": false, 
           "Output": [
            "csci.customer_sk", 
            "csci.item_sk"
           ], 
           "Parent Relationship": "Outer", 
           "Plan Width": 8, 
           "Total Cost": 0.02
          }
         ], 
         "Node Type": "Hash", 
         "Plan Rows": 1, 
         "Parallel Aware": false, 
         "Output": [
          "csci.customer_sk", 
          "csci.item_sk"
         ], 
         "Parent Relationship": "Inner", 
         "Plan Width": 8, 
         "Total Cost": 0.02
        }
       ], 
       "Node Type": "Hash Join", 
       "Plan Rows": 1, 
       "Join Type": "Full", 
       "Parallel Aware": false, 
       "Output": [
        "ssci.customer_sk", 
        "csci.customer_sk"
       ], 
       "Parent Relationship": "Outer", 
       "Plan Width": 8, 
       "Total Cost": 0.07
      }
     ], 
     "Node Type": "Aggregate", 
     "Strategy": "Plain", 
     "Plan Rows": 1, 
     "Parallel Aware": false, 
     "Output": [
      "sum(CASE WHEN ((ssci.customer_sk IS NOT NULL) AND (csci.customer_sk IS NULL)) THEN 1 ELSE 0 END)", 
      "sum(CASE WHEN ((ssci.customer_sk IS NULL) AND (csci.customer_sk IS NOT NULL)) THEN 1 ELSE 0 END)", 
      "sum(CASE WHEN ((ssci.customer_sk IS NOT NULL) AND (csci.customer_sk IS NOT NULL)) THEN 1 ELSE 0 END)"
     ], 
     "Parent Relationship": "Outer", 
     "Plan Width": 24, 
     "Total Cost": 0.09
    }
   ], 
   "Node Type": "Limit", 
   "Plan Rows": 1, 
   "Parallel Aware": false, 
   "Output": [
    "(sum(CASE WHEN ((ssci.customer_sk IS NOT NULL) AND (csci.customer_sk IS NULL)) THEN 1 ELSE 0 END))", 
    "(sum(CASE WHEN ((ssci.customer_sk IS NULL) AND (csci.customer_sk IS NOT NULL)) THEN 1 ELSE 0 END))", 
    "(sum(CASE WHEN ((ssci.customer_sk IS NOT NULL) AND (csci.customer_sk IS NOT NULL)) THEN 1 ELSE 0 END))"
   ], 
   "Plan Width": 24, 
   "Total Cost": 56.53
  }
 }
]