[
 {
  "Plan": {
   "Partial Mode": "Simple", 
   "Startup Cost": 37.93, 
   "Plans": [
    {
     "Partial Mode": "Simple", 
     "Startup Cost": 37.81, 
     "Plans": [
      {
       "Startup Cost": 37.81, 
       "Plans": [
        {
         "Startup Cost": 22.34, 
         "Plans": [
          {
           "Startup Cost": 22.2, 
           "Plans": [
            {
             "Startup Cost": 22.05, 
             "Plans": [
              {
               "Hash Cond": "(store_sales.ss_store_sk = store.s_store_sk)", 
               "Startup Cost": 21.91, 
               "Plans": [
                {
                 "Startup Cost": 0.0, 
                 "Plan Width": 30, 
                 "Node Type": "Seq Scan", 
                 "Plan Rows": 340, 
                 "Relation Name": "store_sales", 
                 "Alias": "store_sales", 
                 "Parallel Aware": false, 
                 "Output": [
                  "store_sales.ss_sold_date_sk", 
                  "store_sales.ss_sold_time_sk", 
                  "store_sales.ss_item_sk", 
                  "store_sales.ss_customer_sk", 
                  "store_sales.ss_cdemo_sk", 
                  "store_sales.ss_hdemo_sk", 
                  "store_sales.ss_addr_sk", 
                  "store_sales.ss_store_sk", 
                  "store_sales.ss_promo_sk", 
                  "store_sales.ss_ticket_number", 
                  "store_sales.ss_quantity", 
                  "store_sales.ss_wholesale_cost", 
                  "store_sales.ss_list_price", 
                  "store_sales.ss_sales_price", 
                  "store_sales.ss_ext_discount_amt", 
                  "store_sales.ss_ext_sales_price", 
                  "store_sales.ss_ext_wholesale_cost", 
                  "store_sales.ss_ext_list_price", 
                  "store_sales.ss_ext_tax", 
                  "store_sales.ss_coupon_amt", 
                  "store_sales.ss_net_paid", 
                  "store_sales.ss_net_paid_inc_tax", 
                  "store_sales.ss_net_profit"
                 ], 
                 "Parent Relationship": "Outer", 
                 "Total Cost": 13.4, 
                 "Schema": "pg_temp_2"
                }, 
                {
                 "Startup Cost": 21.9, 
                 "Plans": [
                  {
                   "Hash Cond": "(customer_address.ca_zip = store.s_zip)", 
                   "Startup Cost": 10.51, 
                   "Plans": [
                    {
                     "Startup Cost": 0.0, 
                     "Plan Width": 114, 
                     "Node Type": "Seq Scan", 
                     "Plan Rows": 100, 
                     "Relation Name": "customer_address", 
                     "Alias": "customer_address", 
                     "Parallel Aware": false, 
                     "Output": [
                      "customer_address.ca_address_sk", 
                      "customer_address.ca_address_id", 
                      "customer_address.ca_street_number", 
                      "customer_address.ca_street_name", 
                      "customer_address.ca_street_type", 
                      "customer_address.ca_suite_number", 
                      "customer_address.ca_city", 
                      "customer_address.ca_county", 
                      "customer_address.ca_state", 
                      "customer_address.ca_zip", 
                      "customer_address.ca_country", 
                      "customer_address.ca_gmt_offset", 
                      "customer_address.ca_location_type"
                     ], 
                     "Parent Relationship": "Outer", 
                     "Total Cost": 11.0, 
                     "Schema": "pg_temp_2"
                    }, 
                    {
                     "Startup Cost": 10.5, 
                     "Plans": [
                      {
                       "Filter": "(store.s_market_id = 5)", 
                       "Startup Cost": 0.0, 
                       "Plan Width": 178, 
                       "Node Type": "Seq Scan", 
                       "Plan Rows": 1, 
                       "Relation Name": "store", 
                       "Alias": "store", 
                       "Parallel Aware": false, 
                       "Output": [
                        "store.s_store_name", 
                        "store.s_state", 
                        "store.s_store_sk", 
                        "store.s_zip"
                       ], 
                       "Parent Relationship": "Outer", 
                       "Total Cost": 10.5, 
                       "Schema": "pg_temp_2"
                      }
                     ], 
                     "Node Type": "Hash", 
                     "Plan Rows": 1, 
                     "Parallel Aware": false, 
                     "Output": [
                      "store.s_store_name", 
                      "store.s_state", 
                      "store.s_store_sk", 
                      "store.s_zip"
                     ], 
                     "Parent Relationship": "Inner", 
                     "Plan Width": 178, 
                     "Total Cost": 10.5
                    }
                   ], 
                   "Node Type": "Hash Join", 
                   "Plan Rows": 1, 
                   "Join Type": "Inner", 
                   "Parallel Aware": false, 
                   "Output": [
                    "store.s_store_name", 
                    "store.s_state", 
                    "store.s_store_sk", 
                    "customer_address.ca_state", 
                    "customer_address.ca_country"
                   ], 
                   "Parent Relationship": "Outer", 
                   "Plan Width": 204, 
                   "Total Cost": 21.9
                  }
                 ], 
                 "Node Type": "Hash", 
                 "Plan Rows": 1, 
                 "Parallel Aware": false, 
                 "Output": [
                  "store.s_store_name", 
                  "store.s_state", 
                  "store.s_store_sk", 
                  "customer_address.ca_state", 
                  "customer_address.ca_country"
                 ], 
                 "Parent Relationship": "Inner", 
                 "Plan Width": 204, 
                 "Total Cost": 21.9
                }
               ], 
               "Node Type": "Hash Join", 
               "Plan Rows": 2, 
               "Join Type": "Inner", 
               "Parallel Aware": false, 
               "Output": [
                "store_sales.ss_ext_sales_price", 
                "store_sales.ss_ticket_number", 
                "store_sales.ss_item_sk", 
                "store_sales.ss_customer_sk", 
                "store.s_store_name", 
                "store.s_state", 
                "customer_address.ca_state", 
                "customer_address.ca_country"
               ], 
               "Parent Relationship": "Outer", 
               "Plan Width": 226, 
               "Total Cost": 36.61
              }, 
              {
               "Index Cond": "(customer.c_customer_sk = store_sales.ss_customer_sk)", 
               "Startup Cost": 0.14, 
               "Scan Direction": "Forward", 
               "Plan Width": 270, 
               "Node Type": "Index Scan", 
               "Total Cost": 0.29, 
               "Plan Rows": 1, 
               "Relation Name": "customer", 
               "Alias": "customer", 
               "Parallel Aware": false, 
               "Output": [
                "customer.c_customer_sk", 
                "customer.c_customer_id", 
                "customer.c_current_cdemo_sk", 
                "customer.c_current_hdemo_sk", 
                "customer.c_current_addr_sk", 
                "customer.c_first_shipto_date_sk", 
                "customer.c_first_sales_date_sk", 
                "customer.c_salutation", 
                "customer.c_first_name", 
                "customer.c_last_name", 
                "customer.c_preferred_cust_flag", 
                "customer.c_birth_day", 
                "customer.c_birth_month", 
                "customer.c_birth_year", 
                "customer.c_birth_country", 
                "customer.c_login", 
                "customer.c_email_address", 
                "customer.c_last_review_date"
               ], 
               "Parent Relationship": "Inner", 
               "Schema": "pg_temp_2", 
               "Index Name": "customer_pkey"
              }
             ], 
             "Node Type": "Nested Loop", 
             "Plan Rows": 1, 
             "Join Type": "Inner", 
             "Parallel Aware": false, 
             "Output": [
              "store_sales.ss_ext_sales_price", 
              "store_sales.ss_ticket_number", 
              "store_sales.ss_item_sk", 
              "store.s_store_name", 
              "store.s_state", 
              "customer.c_last_name", 
              "customer.c_first_name", 
              "customer_address.ca_state"
             ], 
             "Parent Relationship": "Outer", 
             "Plan Width": 372, 
             "Join Filter": "(upper((customer_address.ca_country)::text) = (customer.c_birth_country)::text)", 
             "Total Cost": 37.21
            }, 
            {
             "Index Cond": "((store_returns.sr_item_sk = store_sales.ss_item_sk) AND (store_returns.sr_ticket_number = store_sales.ss_ticket_number))", 
             "Startup Cost": 0.15, 
             "Scan Direction": "Forward", 
             "Plan Width": 8, 
             "Node Type": "Index Only Scan", 
             "Total Cost": 0.3, 
             "Plan Rows": 1, 
             "Relation Name": "store_returns", 
             "Alias": "store_returns", 
             "Parallel Aware": false, 
             "Output": [
              "store_returns.sr_item_sk", 
              "store_returns.sr_ticket_number"
             ], 
             "Parent Relationship": "Inner", 
             "Schema": "pg_temp_2", 
             "Index Name": "store_returns_pkey"
            }
           ], 
           "Node Type": "Nested Loop", 
           "Plan Rows": 1, 
           "Join Type": "Inner", 
           "Parallel Aware": false, 
           "Output": [
            "store_sales.ss_ext_sales_price", 
            "store_sales.ss_item_sk", 
            "store_returns.sr_item_sk", 
            "store.s_store_name", 
            "store.s_state", 
            "customer.c_last_name", 
            "customer.c_first_name", 
            "customer_address.ca_state"
           ], 
           "Parent Relationship": "Outer", 
           "Plan Width": 372, 
           "Total Cost": 37.52
          }, 
          {
           "Index Cond": "(item.i_item_sk = store_returns.sr_item_sk)", 
           "Startup Cost": 0.14, 
           "Scan Direction": "Forward", 
           "Plan Width": 234, 
           "Node Type": "Index Scan", 
           "Total Cost": 0.26, 
           "Plan Rows": 1, 
           "Relation Name": "item", 
           "Alias": "item", 
           "Parallel Aware": false, 
           "Output": [
            "item.i_item_sk", 
            "item.i_item_id", 
            "item.i_rec_start_date", 
            "item.i_rec_end_date", 
            "item.i_item_desc", 
            "item.i_current_price", 
            "item.i_wholesale_cost", 
            "item.i_brand_id", 
            "item.i_brand", 
            "item.i_class_id", 
            "item.i_class", 
            "item.i_category_id", 
            "item.i_category", 
            "item.i_manufact_id", 
            "item.i_manufact", 
            "item.i_size", 
            "item.i_formulation", 
            "item.i_color", 
            "item.i_units", 
            "item.i_container", 
            "item.i_manager_id", 
            "item.i_product_name"
           ], 
           "Parent Relationship": "Inner", 
           "Schema": "pg_temp_2", 
           "Index Name": "item_pkey"
          }
         ], 
         "Node Type": "Nested Loop", 
         "Plan Rows": 1, 
         "Join Type": "Inner", 
         "Parallel Aware": false, 
         "Output": [
          "customer.c_last_name", 
          "customer.c_first_name", 
          "store.s_store_name", 
          "customer_address.ca_state", 
          "store.s_state", 
          "item.i_color", 
          "item.i_current_price", 
          "item.i_manager_id", 
          "item.i_units", 
          "item.i_size", 
          "store_sales.ss_ext_sales_price"
         ], 
         "Parent Relationship": "Outer", 
         "Plan Width": 594, 
         "Join Filter": "(store_sales.ss_item_sk = item.i_item_sk)", 
         "Total Cost": 37.8
        }
       ], 
       "Sort Key": [
        "customer.c_last_name", 
        "customer.c_first_name", 
        "store.s_store_name", 
        "customer_address.ca_state", 
        "store.s_state", 
        "item.i_color", 
        "item.i_current_price", 
        "item.i_manager_id", 
        "item.i_units", 
        "item.i_size"
       ], 
       "Node Type": "Sort", 
       "Plan Rows": 1, 
       "Parallel Aware": false, 
       "Output": [
        "customer.c_last_name", 
        "customer.c_first_name", 
        "store.s_store_name", 
        "customer_address.ca_state", 
        "store.s_state", 
        "item.i_color", 
        "item.i_current_price", 
        "item.i_manager_id", 
        "item.i_units", 
        "item.i_size", 
        "store_sales.ss_ext_sales_price"
       ], 
       "Parent Relationship": "Outer", 
       "Plan Width": 594, 
       "Total Cost": 37.81
      }
     ], 
     "Group Key": [
      "customer.c_last_name", 
      "customer.c_first_name", 
      "store.s_store_name", 
      "customer_address.ca_state", 
      "store.s_state", 
      "item.i_color", 
      "item.i_current_price", 
      "item.i_manager_id", 
      "item.i_units", 
      "item.i_size"
     ], 
     "Node Type": "Aggregate", 
     "Strategy": "Sorted", 
     "Plan Rows": 1, 
     "Parallel Aware": false, 
     "Output": [
      "customer.c_last_name", 
      "customer.c_first_name", 
      "store.s_store_name", 
      "customer_address.ca_state", 
      "store.s_state", 
      "item.i_color", 
      "item.i_current_price", 
      "item.i_manager_id", 
      "item.i_units", 
      "item.i_size", 
      "sum(store_sales.ss_ext_sales_price)"
     ], 
     "Parent Relationship": "InitPlan", 
     "Plan Width": 612, 
     "Subplan Name": "CTE ssales", 
     "Total Cost": 37.85
    }, 
    {
     "Partial Mode": "Simple", 
     "Startup Cost": 0.02, 
     "Plans": [
      {
       "Startup Cost": 0.0, 
       "CTE Name": "ssales", 
       "Node Type": "CTE Scan", 
       "Plan Rows": 1, 
       "Alias": "ssales_1", 
       "Parallel Aware": false, 
       "Output": [
        "ssales_1.c_last_name", 
        "ssales_1.c_first_name", 
        "ssales_1.s_store_name", 
        "ssales_1.ca_state", 
        "ssales_1.s_state", 
        "ssales_1.i_color", 
        "ssales_1.i_current_price", 
        "ssales_1.i_manager_id", 
        "ssales_1.i_units", 
        "ssales_1.i_size", 
        "ssales_1.netpaid"
       ], 
       "Parent Relationship": "Outer", 
       "Plan Width": 32, 
       "Total Cost": 0.02
      }
     ], 
     "Node Type": "Aggregate", 
     "Strategy": "Plain", 
     "Plan Rows": 1, 
     "Parallel Aware": false, 
     "Output": [
      "(0.05 * avg(ssales_1.netpaid))"
     ], 
     "Parent Relationship": "InitPlan", 
     "Plan Width": 32, 
     "Subplan Name": "InitPlan 2 (returns $5)", 
     "Total Cost": 0.04
    }, 
    {
     "Startup Cost": 0.0, 
     "CTE Name": "ssales", 
     "Node Type": "CTE Scan", 
     "Plan Rows": 1, 
     "Filter": "(ssales.i_color = 'antique'::bpchar)", 
     "Alias": "ssales", 
     "Parallel Aware": false, 
     "Output": [
      "ssales.c_last_name", 
      "ssales.c_first_name", 
      "ssales.s_store_name", 
      "ssales.ca_state", 
      "ssales.s_state", 
      "ssales.i_color", 
      "ssales.i_current_price", 
      "ssales.i_manager_id", 
      "ssales.i_units", 
      "ssales.i_size", 
      "ssales.netpaid"
     ], 
     "Parent Relationship": "Outer", 
     "Plan Width": 358, 
     "Total Cost": 0.02
    }
   ], 
   "Node Type": "Aggregate", 
   "Strategy": "Hashed", 
   "Filter": "(sum(ssales.netpaid) > $5)", 
   "Plan Rows": 1, 
   "Parallel Aware": false, 
   "Group Key": [
    "ssales.c_last_name", 
    "ssales.c_first_name", 
    "ssales.s_store_name"
   ], 
   "Output": [
    "ssales.c_last_name", 
    "ssales.c_first_name", 
    "ssales.s_store_name", 
    "sum(ssales.netpaid)"
   ], 
   "Plan Width": 358, 
   "Total Cost": 37.94
  }
 }
]