[
 {
  "Plan": {
   "Startup Cost": 45.62, 
   "Plans": [
    {
     "Partial Mode": "Simple", 
     "Startup Cost": 29.05, 
     "Plans": [
      {
       "Startup Cost": 29.05, 
       "Plans": [
        {
         "Hash Cond": "(store_returns.sr_returned_date_sk = date_dim.d_date_sk)", 
         "Startup Cost": 13.39, 
         "Plans": [
          {
           "Startup Cost": 0.0, 
           "Plan Width": 26, 
           "Node Type": "Seq Scan", 
           "Plan Rows": 410, 
           "Relation Name": "store_returns", 
           "Alias": "store_returns", 
           "Parallel Aware": false, 
           "Output": [
            "store_returns.sr_returned_date_sk", 
            "store_returns.sr_return_time_sk", 
            "store_returns.sr_item_sk", 
            "store_returns.sr_customer_sk", 
            "store_returns.sr_cdemo_sk", 
            "store_returns.sr_hdemo_sk", 
            "store_returns.sr_addr_sk", 
            "store_returns.sr_store_sk", 
            "store_returns.sr_reason_sk", 
            "store_returns.sr_ticket_number", 
            "store_returns.sr_return_quantity", 
            "store_returns.sr_return_amt", 
            "store_returns.sr_return_tax", 
            "store_returns.sr_return_amt_inc_tax", 
            "store_returns.sr_fee", 
            "store_returns.sr_return_ship_cost", 
            "store_returns.sr_refunded_cash", 
            "store_returns.sr_reversed_charge", 
            "store_returns.sr_store_credit", 
            "store_returns.sr_net_loss"
           ], 
           "Parent Relationship": "Outer", 
           "Total Cost": 14.1, 
           "Schema": "pg_temp_2"
          }, 
          {
           "Startup Cost": 13.38, 
           "Plans": [
            {
             "Filter": "(date_dim.d_year = 2002)", 
             "Startup Cost": 0.0, 
             "Plan Width": 4, 
             "Node Type": "Seq Scan", 
             "Plan Rows": 1, 
             "Relation Name": "date_dim", 
             "Alias": "date_dim", 
             "Parallel Aware": false, 
             "Output": [
              "date_dim.d_date_sk"
             ], 
             "Parent Relationship": "Outer", 
             "Total Cost": 13.38, 
             "Schema": "pg_temp_2"
            }
           ], 
           "Node Type": "Hash", 
           "Plan Rows": 1, 
           "Parallel Aware": false, 
           "Output": [
            "date_dim.d_date_sk"
           ], 
           "Parent Relationship": "Inner", 
           "Plan Width": 4, 
           "Total Cost": 13.38
          }
         ], 
         "Node Type": "Hash Join", 
         "Plan Rows": 2, 
         "Join Type": "Inner", 
         "Parallel Aware": false, 
         "Output": [
          "store_returns.sr_customer_sk", 
          "store_returns.sr_store_sk", 
          "store_returns.sr_return_amt"
         ], 
         "Parent Relationship": "Outer", 
         "Plan Width": 22, 
         "Total Cost": 29.04
        }
       ], 
       "Sort Key": [
        "store_returns.sr_customer_sk", 
        "store_returns.sr_store_sk"
       ], 
       "Node Type": "Sort", 
       "Plan Rows": 2, 
       "Parallel Aware": false, 
       "Output": [
        "store_returns.sr_customer_sk", 
        "store_returns.sr_store_sk", 
        "store_returns.sr_return_amt"
       ], 
       "Parent Relationship": "Outer", 
       "Plan Width": 22, 
       "Total Cost": 29.06
      }
     ], 
     "Group Key": [
      "store_returns.sr_customer_sk", 
      "store_returns.sr_store_sk"
     ], 
     "Node Type": "Aggregate", 
     "Strategy": "Sorted", 
     "Plan Rows": 2, 
     "Parallel Aware": false, 
     "Output": [
      "store_returns.sr_customer_sk", 
      "store_returns.sr_store_sk", 
      "sum(store_returns.sr_return_amt)"
     ], 
     "Parent Relationship": "InitPlan", 
     "Plan Width": 40, 
     "Subplan Name": "CTE customer_total_return", 
     "Total Cost": 29.1
    }, 
    {
     "Startup Cost": 16.52, 
     "Plans": [
      {
       "Startup Cost": 0.28, 
       "Plans": [
        {
         "Startup Cost": 0.14, 
         "Plans": [
          {
           "Startup Cost": 0.0, 
           "Plans": [
            {
             "Partial Mode": "Simple", 
             "Startup Cost": 0.05, 
             "Plans": [
              {
               "Startup Cost": 0.0, 
               "CTE Name": "customer_total_return", 
               "Node Type": "CTE Scan", 
               "Plan Rows": 1, 
               "Filter": "(ctr1.ctr_store_sk = ctr2.ctr_store_sk)", 
               "Alias": "ctr2", 
               "Parallel Aware": false, 
               "Output": [
                "ctr2.ctr_customer_sk", 
                "ctr2.ctr_store_sk", 
                "ctr2.ctr_total_return"
               ], 
               "Parent Relationship": "Outer", 
               "Plan Width": 32, 
               "Total Cost": 0.04
              }
             ], 
             "Node Type": "Aggregate", 
             "Strategy": "Plain", 
             "Plan Rows": 1, 
             "Parallel Aware": false, 
             "Output": [
              "(avg(ctr2.ctr_total_return) * 1.2)"
             ], 
             "Parent Relationship": "SubPlan", 
             "Plan Width": 32, 
             "Subplan Name": "SubPlan 2", 
             "Total Cost": 0.06
            }
           ], 
           "CTE Name": "customer_total_return", 
           "Node Type": "CTE Scan", 
           "Plan Rows": 1, 
           "Filter": "(ctr1.ctr_total_return > (SubPlan 2))", 
           "Alias": "ctr1", 
           "Parallel Aware": false, 
           "Output": [
            "ctr1.ctr_customer_sk", 
            "ctr1.ctr_store_sk", 
            "ctr1.ctr_total_return"
           ], 
           "Parent Relationship": "Outer", 
           "Plan Width": 8, 
           "Total Cost": 0.17
          }, 
          {
           "Index Cond": "(store.s_store_sk = ctr1.ctr_store_sk)", 
           "Startup Cost": 0.14, 
           "Scan Direction": "Forward", 
           "Plan Width": 4, 
           "Node Type": "Index Scan", 
           "Total Cost": 8.16, 
           "Plan Rows": 1, 
           "Relation Name": "store", 
           "Alias": "store", 
           "Parallel Aware": false, 
           "Filter": "(store.s_state = 'TN'::bpchar)", 
           "Output": [
            "store.s_store_sk", 
            "store.s_store_id", 
            "store.s_rec_start_date", 
            "store.s_rec_end_date", 
            "store.s_closed_date_sk", 
            "store.s_store_name", 
            "store.s_number_employees", 
            "store.s_floor_space", 
            "store.s_hours", 
            "store.s_manager", 
            "store.s_market_id", 
            "store.s_geography_class", 
            "store.s_market_desc", 
            "store.s_market_manager", 
            "store.s_division_id", 
            "store.s_division_name", 
            "store.s_company_id", 
            "store.s_company_name", 
            "store.s_street_number", 
            "store.s_street_name", 
            "store.s_street_type", 
            "store.s_suite_number", 
            "store.s_city", 
            "store.s_county", 
            "store.s_state", 
            "store.s_zip", 
            "store.s_country", 
            "store.s_gmt_offset", 
            "store.s_tax_precentage"
           ], 
           "Parent Relationship": "Inner", 
           "Schema": "pg_temp_2", 
           "Index Name": "store_pkey"
          }
         ], 
         "Node Type": "Nested Loop", 
         "Plan Rows": 1, 
         "Join Type": "Inner", 
         "Parallel Aware": false, 
         "Output": [
          "ctr1.ctr_customer_sk"
         ], 
         "Parent Relationship": "Outer", 
         "Plan Width": 4, 
         "Total Cost": 8.34
        }, 
        {
         "Index Cond": "(customer.c_customer_sk = ctr1.ctr_customer_sk)", 
         "Startup Cost": 0.14, 
         "Scan Direction": "Forward", 
         "Plan Width": 72, 
         "Node Type": "Index Scan", 
         "Total Cost": 8.16, 
         "Plan Rows": 1, 
         "Relation Name": "customer", 
         "Alias": "customer", 
         "Parallel Aware": false, 
         "Output": [
          "customer.c_customer_sk", 
          "customer.c_customer_id", 
          "customer.c_current_cdemo_sk", 
          "customer.c_current_hdemo_sk", 
          "customer.c_current_addr_sk", 
          "customer.c_first_shipto_date_sk", 
          "customer.c_first_sales_date_sk", 
          "customer.c_salutation", 
          "customer.c_first_name", 
          "customer.c_last_name", 
          "customer.c_preferred_cust_flag", 
          "customer.c_birth_day", 
          "customer.c_birth_month", 
          "customer.c_birth_year", 
          "customer.c_birth_country", 
          "customer.c_login", 
          "customer.c_email_address", 
          "customer.c_last_review_date"
         ], 
         "Parent Relationship": "Inner", 
         "Schema": "pg_temp_2", 
         "Index Name": "customer_pkey"
        }
       ], 
       "Node Type": "Nested Loop", 
       "Plan Rows": 1, 
       "Join Type": "Inner", 
       "Parallel Aware": false, 
       "Output": [
        "customer.c_customer_id"
       ], 
       "Parent Relationship": "Outer", 
       "Plan Width": 68, 
       "Total Cost": 16.51
      }
     ], 
     "Sort Key": [
      "customer.c_customer_id"
     ], 
     "Node Type": "Sort", 
     "Plan Rows": 1, 
     "Parallel Aware": false, 
     "Output": [
      "customer.c_customer_id"
     ], 
     "Parent Relationship": "Outer", 
     "Plan Width": 68, 
     "Total Cost": 16.53
    }
   ], 
   "Node Type": "Limit", 
   "Plan Rows": 1, 
   "Parallel Aware": false, 
   "Output": [
    "customer.c_customer_id"
   ], 
   "Plan Width": 68, 
   "Total Cost": 45.62
  }
 }
]