[
 {
  "Plan": {
   "Startup Cost": 22.03, 
   "Plans": [
    {
     "Startup Cost": 22.03, 
     "Plans": [
      {
       "Startup Cost": 21.95, 
       "Plans": [
        {
         "Startup Cost": 21.95, 
         "Plans": [
          {
           "Partial Mode": "Simple", 
           "Startup Cost": 21.95, 
           "Plans": [
            {
             "Startup Cost": 21.95, 
             "Plans": [
              {
               "Startup Cost": 4.45, 
               "Plans": [
                {
                 "Startup Cost": 4.3, 
                 "Plans": [
                  {
                   "Startup Cost": 4.16, 
                   "Plans": [
                    {
                     "Filter": "(((item.i_category = ANY ('{Books,Children,Electronics}'::bpchar[])) AND (item.i_class = ANY ('{personal,portable,reference,self-help}'::bpchar[])) AND (item.i_brand = ANY ('{\"scholaramalgamalg #14\",\"scholaramalgamalg #7\",\"exportiunivamalg #9\",\"scholaramalgamalg #9\"}'::bpchar[]))) OR ((item.i_category = ANY ('{Women,Music,Men}'::bpchar[])) AND (item.i_class = ANY ('{accessories,classical,fragrances,pants}'::bpchar[])) AND (item.i_brand = ANY ('{\"amalgimporto #1\",\"edu packscholar #1\",\"exportiimporto #1\",\"importoamalg #1\"}'::bpchar[]))))", 
                     "Startup Cost": 0.0, 
                     "Plan Width": 8, 
                     "Node Type": "Seq Scan", 
                     "Plan Rows": 1, 
                     "Relation Name": "item", 
                     "Alias": "item", 
                     "Parallel Aware": false, 
                     "Output": [
                      "item.i_item_sk", 
                      "item.i_item_id", 
                      "item.i_rec_start_date", 
                      "item.i_rec_end_date", 
                      "item.i_item_desc", 
                      "item.i_current_price", 
                      "item.i_wholesale_cost", 
                      "item.i_brand_id", 
                      "item.i_brand", 
                      "item.i_class_id", 
                      "item.i_class", 
                      "item.i_category_id", 
                      "item.i_category", 
                      "item.i_manufact_id", 
                      "item.i_manufact", 
                      "item.i_size", 
                      "item.i_formulation", 
                      "item.i_color", 
                      "item.i_units", 
                      "item.i_container", 
                      "item.i_manager_id", 
                      "item.i_product_name"
                     ], 
                     "Parent Relationship": "Outer", 
                     "Total Cost": 11.5, 
                     "Schema": "pg_temp_2"
                    }, 
                    {
                     "Startup Cost": 4.16, 
                     "Plan Width": 26, 
                     "Plans": [
                      {
                       "Startup Cost": 0.0, 
                       "Plan Width": 0, 
                       "Node Type": "Bitmap Index Scan", 
                       "Index Cond": "(store_sales.ss_item_sk = item.i_item_sk)", 
                       "Plan Rows": 2, 
                       "Parallel Aware": false, 
                       "Parent Relationship": "Outer", 
                       "Total Cost": 4.16, 
                       "Index Name": "store_sales_pkey"
                      }
                     ], 
                     "Recheck Cond": "(store_sales.ss_item_sk = item.i_item_sk)", 
                     "Node Type": "Bitmap Heap Scan", 
                     "Plan Rows": 2, 
                     "Relation Name": "store_sales", 
                     "Alias": "store_sales", 
                     "Parallel Aware": false, 
                     "Output": [
                      "store_sales.ss_sold_date_sk", 
                      "store_sales.ss_sold_time_sk", 
                      "store_sales.ss_item_sk", 
                      "store_sales.ss_customer_sk", 
                      "store_sales.ss_cdemo_sk", 
                      "store_sales.ss_hdemo_sk", 
                      "store_sales.ss_addr_sk", 
                      "store_sales.ss_store_sk", 
                      "store_sales.ss_promo_sk", 
                      "store_sales.ss_ticket_number", 
                      "store_sales.ss_quantity", 
                      "store_sales.ss_wholesale_cost", 
                      "store_sales.ss_list_price", 
                      "store_sales.ss_sales_price", 
                      "store_sales.ss_ext_discount_amt", 
                      "store_sales.ss_ext_sales_price", 
                      "store_sales.ss_ext_wholesale_cost", 
                      "store_sales.ss_ext_list_price", 
                      "store_sales.ss_ext_tax", 
                      "store_sales.ss_coupon_amt", 
                      "store_sales.ss_net_paid", 
                      "store_sales.ss_net_paid_inc_tax", 
                      "store_sales.ss_net_profit"
                     ], 
                     "Parent Relationship": "Inner", 
                     "Total Cost": 9.5, 
                     "Schema": "pg_temp_2"
                    }
                   ], 
                   "Node Type": "Nested Loop", 
                   "Plan Rows": 2, 
                   "Join Type": "Inner", 
                   "Parallel Aware": false, 
                   "Output": [
                    "item.i_manager_id", 
                    "store_sales.ss_sales_price", 
                    "store_sales.ss_sold_date_sk", 
                    "store_sales.ss_store_sk"
                   ], 
                   "Parent Relationship": "Outer", 
                   "Plan Width": 26, 
                   "Total Cost": 21.02
                  }, 
                  {
                   "Index Cond": "(store.s_store_sk = store_sales.ss_store_sk)", 
                   "Startup Cost": 0.14, 
                   "Scan Direction": "Forward", 
                   "Plan Width": 4, 
                   "Node Type": "Index Only Scan", 
                   "Total Cost": 0.29, 
                   "Plan Rows": 1, 
                   "Relation Name": "store", 
                   "Alias": "store", 
                   "Parallel Aware": false, 
                   "Output": [
                    "store.s_store_sk"
                   ], 
                   "Parent Relationship": "Inner", 
                   "Schema": "pg_temp_2", 
                   "Index Name": "store_pkey"
                  }
                 ], 
                 "Node Type": "Nested Loop", 
                 "Plan Rows": 1, 
                 "Join Type": "Inner", 
                 "Parallel Aware": false, 
                 "Output": [
                  "item.i_manager_id", 
                  "store_sales.ss_sales_price", 
                  "store_sales.ss_sold_date_sk"
                 ], 
                 "Parent Relationship": "Outer", 
                 "Plan Width": 22, 
                 "Total Cost": 21.62
                }, 
                {
                 "Index Cond": "(date_dim.d_date_sk = store_sales.ss_sold_date_sk)", 
                 "Startup Cost": 0.15, 
                 "Scan Direction": "Forward", 
                 "Plan Width": 8, 
                 "Node Type": "Index Scan", 
                 "Total Cost": 0.31, 
                 "Plan Rows": 1, 
                 "Relation Name": "date_dim", 
                 "Alias": "date_dim", 
                 "Parallel Aware": false, 
                 "Filter": "(date_dim.d_month_seq = ANY ('{1176,1177,1178,1179,1180,1181,1182,1183,1184,1185,1186,1187}'::integer[]))", 
                 "Output": [
                  "date_dim.d_date_sk", 
                  "date_dim.d_date_id", 
                  "date_dim.d_date", 
                  "date_dim.d_month_seq", 
                  "date_dim.d_week_seq", 
                  "date_dim.d_quarter_seq", 
                  "date_dim.d_year", 
                  "date_dim.d_dow", 
                  "date_dim.d_moy", 
                  "date_dim.d_dom", 
                  "date_dim.d_qoy", 
                  "date_dim.d_fy_year", 
                  "date_dim.d_fy_quarter_seq", 
                  "date_dim.d_fy_week_seq", 
                  "date_dim.d_day_name", 
                  "date_dim.d_quarter_name", 
                  "date_dim.d_holiday", 
                  "date_dim.d_weekend", 
                  "date_dim.d_following_holiday", 
                  "date_dim.d_first_dom", 
                  "date_dim.d_last_dom", 
                  "date_dim.d_same_day_ly", 
                  "date_dim.d_same_day_lq", 
                  "date_dim.d_current_day", 
                  "date_dim.d_current_week", 
                  "date_dim.d_current_month", 
                  "date_dim.d_current_quarter", 
                  "date_dim.d_current_year"
                 ], 
                 "Parent Relationship": "Inner", 
                 "Schema": "pg_temp_2", 
                 "Index Name": "date_dim_pkey"
                }
               ], 
               "Node Type": "Nested Loop", 
               "Plan Rows": 1, 
               "Join Type": "Inner", 
               "Parallel Aware": false, 
               "Output": [
                "item.i_manager_id", 
                "date_dim.d_moy", 
                "store_sales.ss_sales_price"
               ], 
               "Parent Relationship": "Outer", 
               "Plan Width": 22, 
               "Total Cost": 21.94
              }
             ], 
             "Sort Key": [
              "item.i_manager_id", 
              "date_dim.d_moy"
             ], 
             "Node Type": "Sort", 
             "Plan Rows": 1, 
             "Parallel Aware": false, 
             "Output": [
              "item.i_manager_id", 
              "date_dim.d_moy", 
              "store_sales.ss_sales_price"
             ], 
             "Parent Relationship": "Outer", 
             "Plan Width": 22, 
             "Total Cost": 21.95
            }
           ], 
           "Group Key": [
            "item.i_manager_id", 
            "date_dim.d_moy"
           ], 
           "Node Type": "Aggregate", 
           "Strategy": "Sorted", 
           "Plan Rows": 1, 
           "Parallel Aware": false, 
           "Output": [
            "item.i_manager_id", 
            "date_dim.d_moy", 
            "sum(store_sales.ss_sales_price)"
           ], 
           "Parent Relationship": "Outer", 
           "Plan Width": 40, 
           "Total Cost": 21.98
          }
         ], 
         "Node Type": "WindowAgg", 
         "Plan Rows": 1, 
         "Parallel Aware": false, 
         "Output": [
          "item.i_manager_id", 
          "(sum(store_sales.ss_sales_price))", 
          "avg((sum(store_sales.ss_sales_price))) OVER (?)", 
          "date_dim.d_moy"
         ], 
         "Parent Relationship": "Subquery", 
         "Plan Width": 72, 
         "Total Cost": 21.99
        }
       ], 
       "Node Type": "Subquery Scan", 
       "Plan Rows": 1, 
       "Filter": "(CASE WHEN (tmp1.avg_monthly_sales > '0'::numeric) THEN (abs((tmp1.sum_sales - tmp1.avg_monthly_sales)) / tmp1.avg_monthly_sales) ELSE NULL::numeric END > 0.1)", 
       "Alias": "tmp1", 
       "Parallel Aware": false, 
       "Output": [
        "tmp1.i_manager_id", 
        "tmp1.sum_sales", 
        "tmp1.avg_monthly_sales"
       ], 
       "Parent Relationship": "Outer", 
       "Plan Width": 68, 
       "Total Cost": 22.02
      }
     ], 
     "Sort Key": [
      "tmp1.i_manager_id", 
      "tmp1.avg_monthly_sales", 
      "tmp1.sum_sales"
     ], 
     "Node Type": "Sort", 
     "Plan Rows": 1, 
     "Parallel Aware": false, 
     "Output": [
      "tmp1.i_manager_id", 
      "tmp1.sum_sales", 
      "tmp1.avg_monthly_sales"
     ], 
     "Parent Relationship": "Outer", 
     "Plan Width": 68, 
     "Total Cost": 22.03
    }
   ], 
   "Node Type": "Limit", 
   "Plan Rows": 1, 
   "Parallel Aware": false, 
   "Output": [
    "tmp1.i_manager_id", 
    "tmp1.sum_sales", 
    "tmp1.avg_monthly_sales"
   ], 
   "Plan Width": 68, 
   "Total Cost": 22.03
  }
 }
]