[
 {
  "Plan": {
   "Startup Cost": 20.69, 
   "Plans": [
    {
     "Startup Cost": 20.69, 
     "Plans": [
      {
       "Partial Mode": "Simple", 
       "Startup Cost": 20.65, 
       "Plans": [
        {
         "Startup Cost": 20.65, 
         "Plans": [
          {
           "Startup Cost": 4.31, 
           "Plans": [
            {
             "Startup Cost": 4.16, 
             "Plans": [
              {
               "Filter": "(item.i_manufact_id = 416)", 
               "Startup Cost": 0.0, 
               "Plan Width": 212, 
               "Node Type": "Seq Scan", 
               "Plan Rows": 1, 
               "Relation Name": "item", 
               "Alias": "item", 
               "Parallel Aware": false, 
               "Output": [
                "item.i_item_sk", 
                "item.i_item_id", 
                "item.i_rec_start_date", 
                "item.i_rec_end_date", 
                "item.i_item_desc", 
                "item.i_current_price", 
                "item.i_wholesale_cost", 
                "item.i_brand_id", 
                "item.i_brand", 
                "item.i_class_id", 
                "item.i_class", 
                "item.i_category_id", 
                "item.i_category", 
                "item.i_manufact_id", 
                "item.i_manufact", 
                "item.i_size", 
                "item.i_formulation", 
                "item.i_color", 
                "item.i_units", 
                "item.i_container", 
                "item.i_manager_id", 
                "item.i_product_name"
               ], 
               "Parent Relationship": "Outer", 
               "Total Cost": 10.5, 
               "Schema": "pg_temp_2"
              }, 
              {
               "Startup Cost": 4.16, 
               "Plan Width": 22, 
               "Plans": [
                {
                 "Startup Cost": 0.0, 
                 "Plan Width": 0, 
                 "Node Type": "Bitmap Index Scan", 
                 "Index Cond": "(store_sales.ss_item_sk = item.i_item_sk)", 
                 "Plan Rows": 2, 
                 "Parallel Aware": false, 
                 "Parent Relationship": "Outer", 
                 "Total Cost": 4.16, 
                 "Index Name": "store_sales_pkey"
                }
               ], 
               "Recheck Cond": "(store_sales.ss_item_sk = item.i_item_sk)", 
               "Node Type": "Bitmap Heap Scan", 
               "Plan Rows": 2, 
               "Relation Name": "store_sales", 
               "Alias": "store_sales", 
               "Parallel Aware": false, 
               "Output": [
                "store_sales.ss_sold_date_sk", 
                "store_sales.ss_sold_time_sk", 
                "store_sales.ss_item_sk", 
                "store_sales.ss_customer_sk", 
                "store_sales.ss_cdemo_sk", 
                "store_sales.ss_hdemo_sk", 
                "store_sales.ss_addr_sk", 
                "store_sales.ss_store_sk", 
                "store_sales.ss_promo_sk", 
                "store_sales.ss_ticket_number", 
                "store_sales.ss_quantity", 
                "store_sales.ss_wholesale_cost", 
                "store_sales.ss_list_price", 
                "store_sales.ss_sales_price", 
                "store_sales.ss_ext_discount_amt", 
                "store_sales.ss_ext_sales_price", 
                "store_sales.ss_ext_wholesale_cost", 
                "store_sales.ss_ext_list_price", 
                "store_sales.ss_ext_tax", 
                "store_sales.ss_coupon_amt", 
                "store_sales.ss_net_paid", 
                "store_sales.ss_net_paid_inc_tax", 
                "store_sales.ss_net_profit"
               ], 
               "Parent Relationship": "Inner", 
               "Total Cost": 9.5, 
               "Schema": "pg_temp_2"
              }
             ], 
             "Node Type": "Nested Loop", 
             "Plan Rows": 2, 
             "Join Type": "Inner", 
             "Parallel Aware": false, 
             "Output": [
              "store_sales.ss_ext_sales_price", 
              "store_sales.ss_sold_date_sk", 
              "item.i_brand_id", 
              "item.i_brand"
             ], 
             "Parent Relationship": "Outer", 
             "Plan Width": 226, 
             "Total Cost": 20.02
            }, 
            {
             "Index Cond": "(dt.d_date_sk = store_sales.ss_sold_date_sk)", 
             "Startup Cost": 0.15, 
             "Scan Direction": "Forward", 
             "Plan Width": 8, 
             "Node Type": "Index Scan", 
             "Total Cost": 0.3, 
             "Plan Rows": 1, 
             "Relation Name": "date_dim", 
             "Alias": "dt", 
             "Parallel Aware": false, 
             "Filter": "(dt.d_moy = 11)", 
             "Output": [
              "dt.d_date_sk", 
              "dt.d_date_id", 
              "dt.d_date", 
              "dt.d_month_seq", 
              "dt.d_week_seq", 
              "dt.d_quarter_seq", 
              "dt.d_year", 
              "dt.d_dow", 
              "dt.d_moy", 
              "dt.d_dom", 
              "dt.d_qoy", 
              "dt.d_fy_year", 
              "dt.d_fy_quarter_seq", 
              "dt.d_fy_week_seq", 
              "dt.d_day_name", 
              "dt.d_quarter_name", 
              "dt.d_holiday", 
              "dt.d_weekend", 
              "dt.d_following_holiday", 
              "dt.d_first_dom", 
              "dt.d_last_dom", 
              "dt.d_same_day_ly", 
              "dt.d_same_day_lq", 
              "dt.d_current_day", 
              "dt.d_current_week", 
              "dt.d_current_month", 
              "dt.d_current_quarter", 
              "dt.d_current_year"
             ], 
             "Parent Relationship": "Inner", 
             "Schema": "pg_temp_2", 
             "Index Name": "date_dim_pkey"
            }
           ], 
           "Node Type": "Nested Loop", 
           "Plan Rows": 1, 
           "Join Type": "Inner", 
           "Parallel Aware": false, 
           "Output": [
            "dt.d_year", 
            "item.i_brand_id", 
            "item.i_brand", 
            "store_sales.ss_ext_sales_price"
           ], 
           "Parent Relationship": "Outer", 
           "Plan Width": 226, 
           "Total Cost": 20.64
          }
         ], 
         "Sort Key": [
          "dt.d_year", 
          "item.i_brand", 
          "item.i_brand_id"
         ], 
         "Node Type": "Sort", 
         "Plan Rows": 1, 
         "Parallel Aware": false, 
         "Output": [
          "dt.d_year", 
          "item.i_brand_id", 
          "item.i_brand", 
          "store_sales.ss_ext_sales_price"
         ], 
         "Parent Relationship": "Outer", 
         "Plan Width": 226, 
         "Total Cost": 20.65
        }
       ], 
       "Group Key": [
        "dt.d_year", 
        "item.i_brand", 
        "item.i_brand_id"
       ], 
       "Node Type": "Aggregate", 
       "Strategy": "Sorted", 
       "Plan Rows": 1, 
       "Parallel Aware": false, 
       "Output": [
        "dt.d_year", 
        "item.i_brand_id", 
        "item.i_brand", 
        "sum(store_sales.ss_ext_sales_price)"
       ], 
       "Parent Relationship": "Outer", 
       "Plan Width": 244, 
       "Total Cost": 20.68
      }
     ], 
     "Sort Key": [
      "dt.d_year", 
      "(sum(store_sales.ss_ext_sales_price)) DESC", 
      "item.i_brand_id"
     ], 
     "Node Type": "Sort", 
     "Plan Rows": 1, 
     "Parallel Aware": false, 
     "Output": [
      "dt.d_year", 
      "item.i_brand_id", 
      "item.i_brand", 
      "(sum(store_sales.ss_ext_sales_price))"
     ], 
     "Parent Relationship": "Outer", 
     "Plan Width": 244, 
     "Total Cost": 20.69
    }
   ], 
   "Node Type": "Limit", 
   "Plan Rows": 1, 
   "Parallel Aware": false, 
   "Output": [
    "dt.d_year", 
    "item.i_brand_id", 
    "item.i_brand", 
    "(sum(store_sales.ss_ext_sales_price))"
   ], 
   "Plan Width": 244, 
   "Total Cost": 20.69
  }
 }
]