[
 {
  "Plan": {
   "Startup Cost": 28.63, 
   "Plans": [
    {
     "Partial Mode": "Simple", 
     "Startup Cost": 28.63, 
     "Plans": [
      {
       "Startup Cost": 28.63, 
       "Plans": [
        {
         "Startup Cost": 14.35, 
         "Plans": [
          {
           "Startup Cost": 14.21, 
           "Plans": [
            {
             "Hash Cond": "(catalog_sales.cs_sold_date_sk = date_dim.d_date_sk)", 
             "Startup Cost": 14.06, 
             "Plans": [
              {
               "Startup Cost": 0.0, 
               "Plan Width": 22, 
               "Node Type": "Seq Scan", 
               "Plan Rows": 260, 
               "Relation Name": "catalog_sales", 
               "Alias": "catalog_sales", 
               "Parallel Aware": false, 
               "Output": [
                "catalog_sales.cs_sold_date_sk", 
                "catalog_sales.cs_sold_time_sk", 
                "catalog_sales.cs_ship_date_sk", 
                "catalog_sales.cs_bill_customer_sk", 
                "catalog_sales.cs_bill_cdemo_sk", 
                "catalog_sales.cs_bill_hdemo_sk", 
                "catalog_sales.cs_bill_addr_sk", 
                "catalog_sales.cs_ship_customer_sk", 
                "catalog_sales.cs_ship_cdemo_sk", 
                "catalog_sales.cs_ship_hdemo_sk", 
                "catalog_sales.cs_ship_addr_sk", 
                "catalog_sales.cs_call_center_sk", 
                "catalog_sales.cs_catalog_page_sk", 
                "catalog_sales.cs_ship_mode_sk", 
                "catalog_sales.cs_warehouse_sk", 
                "catalog_sales.cs_item_sk", 
                "catalog_sales.cs_promo_sk", 
                "catalog_sales.cs_order_number", 
                "catalog_sales.cs_quantity", 
                "catalog_sales.cs_wholesale_cost", 
                "catalog_sales.cs_list_price", 
                "catalog_sales.cs_sales_price", 
                "catalog_sales.cs_ext_discount_amt", 
                "catalog_sales.cs_ext_sales_price", 
                "catalog_sales.cs_ext_wholesale_cost", 
                "catalog_sales.cs_ext_list_price", 
                "catalog_sales.cs_ext_tax", 
                "catalog_sales.cs_coupon_amt", 
                "catalog_sales.cs_ext_ship_cost", 
                "catalog_sales.cs_net_paid", 
                "catalog_sales.cs_net_paid_inc_tax", 
                "catalog_sales.cs_net_paid_inc_ship", 
                "catalog_sales.cs_net_paid_inc_ship_tax", 
                "catalog_sales.cs_net_profit"
               ], 
               "Parent Relationship": "Outer", 
               "Total Cost": 12.6, 
               "Schema": "pg_temp_2"
              }, 
              {
               "Startup Cost": 14.05, 
               "Plans": [
                {
                 "Filter": "((date_dim.d_qoy = 2) AND (date_dim.d_year = 2002))", 
                 "Startup Cost": 0.0, 
                 "Plan Width": 4, 
                 "Node Type": "Seq Scan", 
                 "Plan Rows": 1, 
                 "Relation Name": "date_dim", 
                 "Alias": "date_dim", 
                 "Parallel Aware": false, 
                 "Output": [
                  "date_dim.d_date_sk"
                 ], 
                 "Parent Relationship": "Outer", 
                 "Total Cost": 14.05, 
                 "Schema": "pg_temp_2"
                }
               ], 
               "Node Type": "Hash", 
               "Plan Rows": 1, 
               "Parallel Aware": false, 
               "Output": [
                "date_dim.d_date_sk"
               ], 
               "Parent Relationship": "Inner", 
               "Plan Width": 4, 
               "Total Cost": 14.05
              }
             ], 
             "Node Type": "Hash Join", 
             "Plan Rows": 1, 
             "Join Type": "Inner", 
             "Parallel Aware": false, 
             "Output": [
              "catalog_sales.cs_sales_price", 
              "catalog_sales.cs_bill_customer_sk"
             ], 
             "Parent Relationship": "Outer", 
             "Plan Width": 18, 
             "Total Cost": 27.65
            }, 
            {
             "Index Cond": "(customer.c_customer_sk = catalog_sales.cs_bill_customer_sk)", 
             "Startup Cost": 0.14, 
             "Scan Direction": "Forward", 
             "Plan Width": 8, 
             "Node Type": "Index Scan", 
             "Total Cost": 0.33, 
             "Plan Rows": 1, 
             "Relation Name": "customer", 
             "Alias": "customer", 
             "Parallel Aware": false, 
             "Output": [
              "customer.c_customer_sk", 
              "customer.c_customer_id", 
              "customer.c_current_cdemo_sk", 
              "customer.c_current_hdemo_sk", 
              "customer.c_current_addr_sk", 
              "customer.c_first_shipto_date_sk", 
              "customer.c_first_sales_date_sk", 
              "customer.c_salutation", 
              "customer.c_first_name", 
              "customer.c_last_name", 
              "customer.c_preferred_cust_flag", 
              "customer.c_birth_day", 
              "customer.c_birth_month", 
              "customer.c_birth_year", 
              "customer.c_birth_country", 
              "customer.c_login", 
              "customer.c_email_address", 
              "customer.c_last_review_date"
             ], 
             "Parent Relationship": "Inner", 
             "Schema": "pg_temp_2", 
             "Index Name": "customer_pkey"
            }
           ], 
           "Node Type": "Nested Loop", 
           "Plan Rows": 1, 
           "Join Type": "Inner", 
           "Parallel Aware": false, 
           "Output": [
            "catalog_sales.cs_sales_price", 
            "customer.c_current_addr_sk"
           ], 
           "Parent Relationship": "Outer", 
           "Plan Width": 18, 
           "Total Cost": 27.99
          }, 
          {
           "Index Cond": "(customer_address.ca_address_sk = customer.c_current_addr_sk)", 
           "Startup Cost": 0.14, 
           "Scan Direction": "Forward", 
           "Plan Width": 60, 
           "Node Type": "Index Scan", 
           "Total Cost": 0.6, 
           "Plan Rows": 1, 
           "Relation Name": "customer_address", 
           "Alias": "customer_address", 
           "Parallel Aware": false, 
           "Output": [
            "customer_address.ca_address_sk", 
            "customer_address.ca_address_id", 
            "customer_address.ca_street_number", 
            "customer_address.ca_street_name", 
            "customer_address.ca_street_type", 
            "customer_address.ca_suite_number", 
            "customer_address.ca_city", 
            "customer_address.ca_county", 
            "customer_address.ca_state", 
            "customer_address.ca_zip", 
            "customer_address.ca_country", 
            "customer_address.ca_gmt_offset", 
            "customer_address.ca_location_type"
           ], 
           "Parent Relationship": "Inner", 
           "Schema": "pg_temp_2", 
           "Index Name": "customer_address_pkey"
          }
         ], 
         "Node Type": "Nested Loop", 
         "Plan Rows": 1, 
         "Join Type": "Inner", 
         "Parallel Aware": false, 
         "Output": [
          "customer_address.ca_zip", 
          "catalog_sales.cs_sales_price"
         ], 
         "Parent Relationship": "Outer", 
         "Plan Width": 58, 
         "Join Filter": "((substr((customer_address.ca_zip)::text, 1, 5) = ANY ('{85669,86197,88274,83405,86475,85392,85460,80348,81792}'::text[])) OR (customer_address.ca_state = ANY ('{CA,WA,GA}'::bpchar[])) OR (catalog_sales.cs_sales_price > '500'::numeric))", 
         "Total Cost": 28.62
        }
       ], 
       "Sort Key": [
        "customer_address.ca_zip"
       ], 
       "Node Type": "Sort", 
       "Plan Rows": 1, 
       "Parallel Aware": false, 
       "Output": [
        "customer_address.ca_zip", 
        "catalog_sales.cs_sales_price"
       ], 
       "Parent Relationship": "Outer", 
       "Plan Width": 58, 
       "Total Cost": 28.63
      }
     ], 
     "Group Key": [
      "customer_address.ca_zip"
     ], 
     "Node Type": "Aggregate", 
     "Strategy": "Sorted", 
     "Plan Rows": 1, 
     "Parallel Aware": false, 
     "Output": [
      "customer_address.ca_zip", 
      "sum(catalog_sales.cs_sales_price)"
     ], 
     "Parent Relationship": "Outer", 
     "Plan Width": 76, 
     "Total Cost": 28.65
    }
   ], 
   "Node Type": "Limit", 
   "Plan Rows": 1, 
   "Parallel Aware": false, 
   "Output": [
    "customer_address.ca_zip", 
    "(sum(catalog_sales.cs_sales_price))"
   ], 
   "Plan Width": 76, 
   "Total Cost": 28.65
  }
 }
]