[
 {
  "Plan": {
   "Startup Cost": 100.17, 
   "Plans": [
    {
     "Partial Mode": "Simple", 
     "Startup Cost": 100.13, 
     "Plans": [
      {
       "Startup Cost": 100.13, 
       "Plans": [
        {
         "Startup Cost": 14.21, 
         "Plans": [
          {
           "Startup Cost": 14.06, 
           "Plans": [
            {
             "Filter": "(item.i_manager_id = 1)", 
             "Startup Cost": 0.0, 
             "Plan Width": 212, 
             "Node Type": "Seq Scan", 
             "Plan Rows": 1, 
             "Relation Name": "item", 
             "Alias": "item", 
             "Parallel Aware": false, 
             "Output": [
              "item.i_item_sk", 
              "item.i_item_id", 
              "item.i_rec_start_date", 
              "item.i_rec_end_date", 
              "item.i_item_desc", 
              "item.i_current_price", 
              "item.i_wholesale_cost", 
              "item.i_brand_id", 
              "item.i_brand", 
              "item.i_class_id", 
              "item.i_class", 
              "item.i_category_id", 
              "item.i_category", 
              "item.i_manufact_id", 
              "item.i_manufact", 
              "item.i_size", 
              "item.i_formulation", 
              "item.i_color", 
              "item.i_units", 
              "item.i_container", 
              "item.i_manager_id", 
              "item.i_product_name"
             ], 
             "Parent Relationship": "Outer", 
             "Total Cost": 10.5, 
             "Schema": "pg_temp_2"
            }, 
            {
             "Startup Cost": 14.06, 
             "Plans": [
              {
               "Startup Cost": 14.06, 
               "Plans": [
                {
                 "Hash Cond": "(web_sales.ws_sold_date_sk = date_dim.d_date_sk)", 
                 "Startup Cost": 14.06, 
                 "Plans": [
                  {
                   "Startup Cost": 0.0, 
                   "Plan Width": 26, 
                   "Node Type": "Seq Scan", 
                   "Plan Rows": 260, 
                   "Relation Name": "web_sales", 
                   "Alias": "web_sales", 
                   "Parallel Aware": false, 
                   "Output": [
                    "web_sales.ws_sold_date_sk", 
                    "web_sales.ws_sold_time_sk", 
                    "web_sales.ws_ship_date_sk", 
                    "web_sales.ws_item_sk", 
                    "web_sales.ws_bill_customer_sk", 
                    "web_sales.ws_bill_cdemo_sk", 
                    "web_sales.ws_bill_hdemo_sk", 
                    "web_sales.ws_bill_addr_sk", 
                    "web_sales.ws_ship_customer_sk", 
                    "web_sales.ws_ship_cdemo_sk", 
                    "web_sales.ws_ship_hdemo_sk", 
                    "web_sales.ws_ship_addr_sk", 
                    "web_sales.ws_web_page_sk", 
                    "web_sales.ws_web_site_sk", 
                    "web_sales.ws_ship_mode_sk", 
                    "web_sales.ws_warehouse_sk", 
                    "web_sales.ws_promo_sk", 
                    "web_sales.ws_order_number", 
                    "web_sales.ws_quantity", 
                    "web_sales.ws_wholesale_cost", 
                    "web_sales.ws_list_price", 
                    "web_sales.ws_sales_price", 
                    "web_sales.ws_ext_discount_amt", 
                    "web_sales.ws_ext_sales_price", 
                    "web_sales.ws_ext_wholesale_cost", 
                    "web_sales.ws_ext_list_price", 
                    "web_sales.ws_ext_tax", 
                    "web_sales.ws_coupon_amt", 
                    "web_sales.ws_ext_ship_cost", 
                    "web_sales.ws_net_paid", 
                    "web_sales.ws_net_paid_inc_tax", 
                    "web_sales.ws_net_paid_inc_ship", 
                    "web_sales.ws_net_paid_inc_ship_tax", 
                    "web_sales.ws_net_profit"
                   ], 
                   "Parent Relationship": "Outer", 
                   "Total Cost": 12.6, 
                   "Schema": "pg_temp_2"
                  }, 
                  {
                   "Startup Cost": 14.05, 
                   "Plans": [
                    {
                     "Filter": "((date_dim.d_moy = 12) AND (date_dim.d_year = 2002))", 
                     "Startup Cost": 0.0, 
                     "Plan Width": 4, 
                     "Node Type": "Seq Scan", 
                     "Plan Rows": 1, 
                     "Relation Name": "date_dim", 
                     "Alias": "date_dim", 
                     "Parallel Aware": false, 
                     "Output": [
                      "date_dim.d_date_sk"
                     ], 
                     "Parent Relationship": "Outer", 
                     "Total Cost": 14.05, 
                     "Schema": "pg_temp_2"
                    }
                   ], 
                   "Node Type": "Hash", 
                   "Plan Rows": 1, 
                   "Parallel Aware": false, 
                   "Output": [
                    "date_dim.d_date_sk"
                   ], 
                   "Parent Relationship": "Inner", 
                   "Plan Width": 4, 
                   "Total Cost": 14.05
                  }
                 ], 
                 "Node Type": "Hash Join", 
                 "Plan Rows": 1, 
                 "Join Type": "Inner", 
                 "Parallel Aware": false, 
                 "Output": [
                  "web_sales.ws_ext_sales_price", 
                  "NULL::integer", 
                  "web_sales.ws_item_sk", 
                  "web_sales.ws_sold_time_sk"
                 ], 
                 "Parent Relationship": "Subquery", 
                 "Plan Width": 26, 
                 "Total Cost": 27.65
                }
               ], 
               "Node Type": "Subquery Scan", 
               "Plan Rows": 1, 
               "Alias": "*SELECT* 1", 
               "Parallel Aware": false, 
               "Output": [
                "\"*SELECT* 1\".ext_price", 
                "\"*SELECT* 1\".sold_item_sk", 
                "\"*SELECT* 1\".time_sk"
               ], 
               "Parent Relationship": "Member", 
               "Plan Width": 22, 
               "Total Cost": 27.66
              }, 
              {
               "Startup Cost": 14.06, 
               "Plans": [
                {
                 "Hash Cond": "(catalog_sales.cs_sold_date_sk = date_dim_1.d_date_sk)", 
                 "Startup Cost": 14.06, 
                 "Plans": [
                  {
                   "Startup Cost": 0.0, 
                   "Plan Width": 26, 
                   "Node Type": "Seq Scan", 
                   "Plan Rows": 260, 
                   "Relation Name": "catalog_sales", 
                   "Alias": "catalog_sales", 
                   "Parallel Aware": false, 
                   "Output": [
                    "catalog_sales.cs_sold_date_sk", 
                    "catalog_sales.cs_sold_time_sk", 
                    "catalog_sales.cs_ship_date_sk", 
                    "catalog_sales.cs_bill_customer_sk", 
                    "catalog_sales.cs_bill_cdemo_sk", 
                    "catalog_sales.cs_bill_hdemo_sk", 
                    "catalog_sales.cs_bill_addr_sk", 
                    "catalog_sales.cs_ship_customer_sk", 
                    "catalog_sales.cs_ship_cdemo_sk", 
                    "catalog_sales.cs_ship_hdemo_sk", 
                    "catalog_sales.cs_ship_addr_sk", 
                    "catalog_sales.cs_call_center_sk", 
                    "catalog_sales.cs_catalog_page_sk", 
                    "catalog_sales.cs_ship_mode_sk", 
                    "catalog_sales.cs_warehouse_sk", 
                    "catalog_sales.cs_item_sk", 
                    "catalog_sales.cs_promo_sk", 
                    "catalog_sales.cs_order_number", 
                    "catalog_sales.cs_quantity", 
                    "catalog_sales.cs_wholesale_cost", 
                    "catalog_sales.cs_list_price", 
                    "catalog_sales.cs_sales_price", 
                    "catalog_sales.cs_ext_discount_amt", 
                    "catalog_sales.cs_ext_sales_price", 
                    "catalog_sales.cs_ext_wholesale_cost", 
                    "catalog_sales.cs_ext_list_price", 
                    "catalog_sales.cs_ext_tax", 
                    "catalog_sales.cs_coupon_amt", 
                    "catalog_sales.cs_ext_ship_cost", 
                    "catalog_sales.cs_net_paid", 
                    "catalog_sales.cs_net_paid_inc_tax", 
                    "catalog_sales.cs_net_paid_inc_ship", 
                    "catalog_sales.cs_net_paid_inc_ship_tax", 
                    "catalog_sales.cs_net_profit"
                   ], 
                   "Parent Relationship": "Outer", 
                   "Total Cost": 12.6, 
                   "Schema": "pg_temp_2"
                  }, 
                  {
                   "Startup Cost": 14.05, 
                   "Plans": [
                    {
                     "Filter": "((date_dim_1.d_moy = 12) AND (date_dim_1.d_year = 2002))", 
                     "Startup Cost": 0.0, 
                     "Plan Width": 4, 
                     "Node Type": "Seq Scan", 
                     "Plan Rows": 1, 
                     "Relation Name": "date_dim", 
                     "Alias": "date_dim_1", 
                     "Parallel Aware": false, 
                     "Output": [
                      "date_dim_1.d_date_sk"
                     ], 
                     "Parent Relationship": "Outer", 
                     "Total Cost": 14.05, 
                     "Schema": "pg_temp_2"
                    }
                   ], 
                   "Node Type": "Hash", 
                   "Plan Rows": 1, 
                   "Parallel Aware": false, 
                   "Output": [
                    "date_dim_1.d_date_sk"
                   ], 
                   "Parent Relationship": "Inner", 
                   "Plan Width": 4, 
                   "Total Cost": 14.05
                  }
                 ], 
                 "Node Type": "Hash Join", 
                 "Plan Rows": 1, 
                 "Join Type": "Inner", 
                 "Parallel Aware": false, 
                 "Output": [
                  "catalog_sales.cs_ext_sales_price", 
                  "NULL::integer", 
                  "catalog_sales.cs_item_sk", 
                  "catalog_sales.cs_sold_time_sk"
                 ], 
                 "Parent Relationship": "Subquery", 
                 "Plan Width": 26, 
                 "Total Cost": 27.65
                }
               ], 
               "Node Type": "Subquery Scan", 
               "Plan Rows": 1, 
               "Alias": "*SELECT* 2", 
               "Parallel Aware": false, 
               "Output": [
                "\"*SELECT* 2\".ext_price", 
                "\"*SELECT* 2\".sold_item_sk", 
                "\"*SELECT* 2\".time_sk"
               ], 
               "Parent Relationship": "Member", 
               "Plan Width": 22, 
               "Total Cost": 27.66
              }, 
              {
               "Startup Cost": 14.06, 
               "Plans": [
                {
                 "Hash Cond": "(store_sales.ss_sold_date_sk = date_dim_2.d_date_sk)", 
                 "Startup Cost": 14.06, 
                 "Plans": [
                  {
                   "Startup Cost": 0.0, 
                   "Plan Width": 26, 
                   "Node Type": "Seq Scan", 
                   "Plan Rows": 340, 
                   "Relation Name": "store_sales", 
                   "Alias": "store_sales", 
                   "Parallel Aware": false, 
                   "Output": [
                    "store_sales.ss_sold_date_sk", 
                    "store_sales.ss_sold_time_sk", 
                    "store_sales.ss_item_sk", 
                    "store_sales.ss_customer_sk", 
                    "store_sales.ss_cdemo_sk", 
                    "store_sales.ss_hdemo_sk", 
                    "store_sales.ss_addr_sk", 
                    "store_sales.ss_store_sk", 
                    "store_sales.ss_promo_sk", 
                    "store_sales.ss_ticket_number", 
                    "store_sales.ss_quantity", 
                    "store_sales.ss_wholesale_cost", 
                    "store_sales.ss_list_price", 
                    "store_sales.ss_sales_price", 
                    "store_sales.ss_ext_discount_amt", 
                    "store_sales.ss_ext_sales_price", 
                    "store_sales.ss_ext_wholesale_cost", 
                    "store_sales.ss_ext_list_price", 
                    "store_sales.ss_ext_tax", 
                    "store_sales.ss_coupon_amt", 
                    "store_sales.ss_net_paid", 
                    "store_sales.ss_net_paid_inc_tax", 
                    "store_sales.ss_net_profit"
                   ], 
                   "Parent Relationship": "Outer", 
                   "Total Cost": 13.4, 
                   "Schema": "pg_temp_2"
                  }, 
                  {
                   "Startup Cost": 14.05, 
                   "Plans": [
                    {
                     "Filter": "((date_dim_2.d_moy = 12) AND (date_dim_2.d_year = 2002))", 
                     "Startup Cost": 0.0, 
                     "Plan Width": 4, 
                     "Node Type": "Seq Scan", 
                     "Plan Rows": 1, 
                     "Relation Name": "date_dim", 
                     "Alias": "date_dim_2", 
                     "Parallel Aware": false, 
                     "Output": [
                      "date_dim_2.d_date_sk"
                     ], 
                     "Parent Relationship": "Outer", 
                     "Total Cost": 14.05, 
                     "Schema": "pg_temp_2"
                    }
                   ], 
                   "Node Type": "Hash", 
                   "Plan Rows": 1, 
                   "Parallel Aware": false, 
                   "Output": [
                    "date_dim_2.d_date_sk"
                   ], 
                   "Parent Relationship": "Inner", 
                   "Plan Width": 4, 
                   "Total Cost": 14.05
                  }
                 ], 
                 "Node Type": "Hash Join", 
                 "Plan Rows": 1, 
                 "Join Type": "Inner", 
                 "Parallel Aware": false, 
                 "Output": [
                  "store_sales.ss_ext_sales_price", 
                  "NULL::integer", 
                  "store_sales.ss_item_sk", 
                  "store_sales.ss_sold_time_sk"
                 ], 
                 "Parent Relationship": "Subquery", 
                 "Plan Width": 26, 
                 "Total Cost": 28.75
                }
               ], 
               "Node Type": "Subquery Scan", 
               "Plan Rows": 1, 
               "Alias": "*SELECT* 3", 
               "Parallel Aware": false, 
               "Output": [
                "\"*SELECT* 3\".ext_price", 
                "\"*SELECT* 3\".sold_item_sk", 
                "\"*SELECT* 3\".time_sk"
               ], 
               "Parent Relationship": "Member", 
               "Plan Width": 22, 
               "Total Cost": 28.76
              }
             ], 
             "Node Type": "Append", 
             "Plan Rows": 3, 
             "Parallel Aware": false, 
             "Parent Relationship": "Inner", 
             "Plan Width": 22, 
             "Total Cost": 84.07
            }
           ], 
           "Node Type": "Nested Loop", 
           "Plan Rows": 1, 
           "Join Type": "Inner", 
           "Parallel Aware": false, 
           "Output": [
            "item.i_brand_id", 
            "item.i_brand", 
            "\"*SELECT* 1\".ext_price", 
            "\"*SELECT* 1\".time_sk"
           ], 
           "Parent Relationship": "Outer", 
           "Plan Width": 226, 
           "Join Filter": "(item.i_item_sk = \"*SELECT* 1\".sold_item_sk)", 
           "Total Cost": 94.61
          }, 
          {
           "Index Cond": "(time_dim.t_time_sk = \"*SELECT* 1\".time_sk)", 
           "Startup Cost": 0.14, 
           "Scan Direction": "Forward", 
           "Plan Width": 12, 
           "Node Type": "Index Scan", 
           "Total Cost": 5.5, 
           "Plan Rows": 1, 
           "Relation Name": "time_dim", 
           "Alias": "time_dim", 
           "Parallel Aware": false, 
           "Filter": "((time_dim.t_meal_time = 'breakfast'::bpchar) OR (time_dim.t_meal_time = 'dinner'::bpchar))", 
           "Output": [
            "time_dim.t_time_sk", 
            "time_dim.t_time_id", 
            "time_dim.t_time", 
            "time_dim.t_hour", 
            "time_dim.t_minute", 
            "time_dim.t_second", 
            "time_dim.t_am_pm", 
            "time_dim.t_shift", 
            "time_dim.t_sub_shift", 
            "time_dim.t_meal_time"
           ], 
           "Parent Relationship": "Inner", 
           "Schema": "pg_temp_2", 
           "Index Name": "time_dim_pkey"
          }
         ], 
         "Node Type": "Nested Loop", 
         "Plan Rows": 1, 
         "Join Type": "Inner", 
         "Parallel Aware": false, 
         "Output": [
          "item.i_brand_id", 
          "item.i_brand", 
          "time_dim.t_hour", 
          "time_dim.t_minute", 
          "\"*SELECT* 1\".ext_price"
         ], 
         "Parent Relationship": "Outer", 
         "Plan Width": 230, 
         "Total Cost": 100.12
        }
       ], 
       "Sort Key": [
        "item.i_brand", 
        "item.i_brand_id", 
        "time_dim.t_hour", 
        "time_dim.t_minute"
       ], 
       "Node Type": "Sort", 
       "Plan Rows": 1, 
       "Parallel Aware": false, 
       "Output": [
        "item.i_brand_id", 
        "item.i_brand", 
        "time_dim.t_hour", 
        "time_dim.t_minute", 
        "\"*SELECT* 1\".ext_price"
       ], 
       "Parent Relationship": "Outer", 
       "Plan Width": 230, 
       "Total Cost": 100.14
      }
     ], 
     "Group Key": [
      "item.i_brand", 
      "item.i_brand_id", 
      "time_dim.t_hour", 
      "time_dim.t_minute"
     ], 
     "Node Type": "Aggregate", 
     "Strategy": "Sorted", 
     "Plan Rows": 1, 
     "Parallel Aware": false, 
     "Output": [
      "item.i_brand_id", 
      "item.i_brand", 
      "time_dim.t_hour", 
      "time_dim.t_minute", 
      "sum(\"*SELECT* 1\".ext_price)"
     ], 
     "Parent Relationship": "Outer", 
     "Plan Width": 248, 
     "Total Cost": 100.16
    }
   ], 
   "Sort Key": [
    "(sum(\"*SELECT* 1\".ext_price)) DESC", 
    "item.i_brand_id"
   ], 
   "Node Type": "Sort", 
   "Plan Rows": 1, 
   "Parallel Aware": false, 
   "Output": [
    "item.i_brand_id", 
    "item.i_brand", 
    "time_dim.t_hour", 
    "time_dim.t_minute", 
    "(sum(\"*SELECT* 1\".ext_price))"
   ], 
   "Plan Width": 248, 
   "Total Cost": 100.18
  }
 }
]