[
 {
  "Relation Name": "date_dim", 
  "Startup Cost": 0.0, 
  "plan_id": 6, 
  "Node Type": "Seq Scan", 
  "Plan Rows": 1, 
  "Filter": "(date_dim.d_year = 2002)", 
  "Alias": "date_dim", 
  "filename": "plans/query1.json", 
  "Schema": "pg_temp_2", 
  "Parallel Aware": false, 
  "Parent Relationship": "Outer", 
  "Output": [
   "date_dim.d_date_sk"
  ], 
  "Plan Width": 4, 
  "Total Cost": 13.38
 }, 
 {
  "Startup Cost": 0.0, 
  "plan_id": 4, 
  "Node Type": "Seq Scan", 
  "Plan Rows": 410, 
  "Relation Name": "store_returns", 
  "Alias": "store_returns", 
  "filename": "plans/query1.json", 
  "Schema": "pg_temp_2", 
  "Parallel Aware": false, 
  "Parent Relationship": "Outer", 
  "Output": [
   "store_returns.sr_returned_date_sk", 
   "store_returns.sr_return_time_sk", 
   "store_returns.sr_item_sk", 
   "store_returns.sr_customer_sk", 
   "store_returns.sr_cdemo_sk", 
   "store_returns.sr_hdemo_sk", 
   "store_returns.sr_addr_sk", 
   "store_returns.sr_store_sk", 
   "store_returns.sr_reason_sk", 
   "store_returns.sr_ticket_number", 
   "store_returns.sr_return_quantity", 
   "store_returns.sr_return_amt", 
   "store_returns.sr_return_tax", 
   "store_returns.sr_return_amt_inc_tax", 
   "store_returns.sr_fee", 
   "store_returns.sr_return_ship_cost", 
   "store_returns.sr_refunded_cash", 
   "store_returns.sr_reversed_charge", 
   "store_returns.sr_store_credit", 
   "store_returns.sr_net_loss"
  ], 
  "Plan Width": 26, 
  "Total Cost": 14.1
 }, 
 {
  "Startup Cost": 13.38, 
  "plan_id": 5, 
  "Plans": [
   6
  ], 
  "Plan Rows": 1, 
  "Node Type": "Hash", 
  "filename": "plans/query1.json", 
  "Parallel Aware": false, 
  "Parent Relationship": "Inner", 
  "Output": [
   "date_dim.d_date_sk"
  ], 
  "Plan Width": 4, 
  "Total Cost": 13.38
 }, 
 {
  "Startup Cost": 13.39, 
  "Plan Width": 22, 
  "plan_id": 3, 
  "Plans": [
   4, 
   5
  ], 
  "Plan Rows": 2, 
  "Node Type": "Hash Join", 
  "Join Type": "Inner", 
  "filename": "plans/query1.json", 
  "Parallel Aware": false, 
  "Output": [
   "store_returns.sr_customer_sk", 
   "store_returns.sr_store_sk", 
   "store_returns.sr_return_amt"
  ], 
  "Hash Cond": "(store_returns.sr_returned_date_sk = date_dim.d_date_sk)", 
  "Parent Relationship": "Outer", 
  "Total Cost": 29.04
 }, 
 {
  "Startup Cost": 29.05, 
  "plan_id": 2, 
  "Plans": [
   3
  ], 
  "Sort Key": [
   "store_returns.sr_customer_sk", 
   "store_returns.sr_store_sk"
  ], 
  "Plan Rows": 2, 
  "Node Type": "Sort", 
  "filename": "plans/query1.json", 
  "Parallel Aware": false, 
  "Parent Relationship": "Outer", 
  "Output": [
   "store_returns.sr_customer_sk", 
   "store_returns.sr_store_sk", 
   "store_returns.sr_return_amt"
  ], 
  "Plan Width": 22, 
  "Total Cost": 29.06
 }, 
 {
  "Startup Cost": 0.0, 
  "plan_id": 12, 
  "CTE Name": "customer_total_return", 
  "Node Type": "CTE Scan", 
  "Plan Rows": 1, 
  "Filter": "(ctr1.ctr_store_sk = ctr2.ctr_store_sk)", 
  "Alias": "ctr2", 
  "filename": "plans/query1.json", 
  "Parallel Aware": false, 
  "Parent Relationship": "Outer", 
  "Output": [
   "ctr2.ctr_customer_sk", 
   "ctr2.ctr_store_sk", 
   "ctr2.ctr_total_return"
  ], 
  "Plan Width": 32, 
  "Total Cost": 0.04
 }, 
 {
  "Partial Mode": "Simple", 
  "Startup Cost": 0.05, 
  "plan_id": 11, 
  "Plans": [
   12
  ], 
  "Plan Rows": 1, 
  "Strategy": "Plain", 
  "filename": "plans/query1.json", 
  "Parallel Aware": false, 
  "Parent Relationship": "SubPlan", 
  "Output": [
   "(avg(ctr2.ctr_total_return) * 1.2)"
  ], 
  "Plan Width": 32, 
  "Subplan Name": "SubPlan 2", 
  "Node Type": "Aggregate", 
  "Total Cost": 0.06
 }, 
 {
  "Startup Cost": 0.0, 
  "plan_id": 10, 
  "Plans": [
   11
  ], 
  "CTE Name": "customer_total_return", 
  "Plan Rows": 1, 
  "Node Type": "CTE Scan", 
  "Filter": "(ctr1.ctr_total_return > (SubPlan 2))", 
  "Alias": "ctr1", 
  "filename": "plans/query1.json", 
  "Parallel Aware": false, 
  "Parent Relationship": "Outer", 
  "Output": [
   "ctr1.ctr_customer_sk", 
   "ctr1.ctr_store_sk", 
   "ctr1.ctr_total_return"
  ], 
  "Plan Width": 8, 
  "Total Cost": 0.17
 }, 
 {
  "Filter": "(store.s_state = 'TN'::bpchar)", 
  "Startup Cost": 0.14, 
  "filename": "plans/query1.json", 
  "plan_id": 13, 
  "Scan Direction": "Forward", 
  "Index Cond": "(store.s_store_sk = ctr1.ctr_store_sk)", 
  "Node Type": "Index Scan", 
  "Relation Name": "store", 
  "Alias": "store", 
  "Plan Rows": 1, 
  "Schema": "pg_temp_2", 
  "Parallel Aware": false, 
  "Parent Relationship": "Inner", 
  "Output": [
   "store.s_store_sk", 
   "store.s_store_id", 
   "store.s_rec_start_date", 
   "store.s_rec_end_date", 
   "store.s_closed_date_sk", 
   "store.s_store_name", 
   "store.s_number_employees", 
   "store.s_floor_space", 
   "store.s_hours", 
   "store.s_manager", 
   "store.s_market_id", 
   "store.s_geography_class", 
   "store.s_market_desc", 
   "store.s_market_manager", 
   "store.s_division_id", 
   "store.s_division_name", 
   "store.s_company_id", 
   "store.s_company_name", 
   "store.s_street_number", 
   "store.s_street_name", 
   "store.s_street_type", 
   "store.s_suite_number", 
   "store.s_city", 
   "store.s_county", 
   "store.s_state", 
   "store.s_zip", 
   "store.s_country", 
   "store.s_gmt_offset", 
   "store.s_tax_precentage"
  ], 
  "Index Name": "store_pkey", 
  "Plan Width": 4, 
  "Total Cost": 8.16
 }, 
 {
  "Startup Cost": 0.14, 
  "plan_id": 9, 
  "Plans": [
   10, 
   13
  ], 
  "Plan Rows": 1, 
  "Node Type": "Nested Loop", 
  "Join Type": "Inner", 
  "filename": "plans/query1.json", 
  "Parallel Aware": false, 
  "Parent Relationship": "Outer", 
  "Output": [
   "ctr1.ctr_customer_sk"
  ], 
  "Plan Width": 4, 
  "Total Cost": 8.34
 }, 
 {
  "Startup Cost": 0.14, 
  "filename": "plans/query1.json", 
  "plan_id": 14, 
  "Scan Direction": "Forward", 
  "Index Cond": "(customer.c_customer_sk = ctr1.ctr_customer_sk)", 
  "Node Type": "Index Scan", 
  "Relation Name": "customer", 
  "Alias": "customer", 
  "Plan Rows": 1, 
  "Schema": "pg_temp_2", 
  "Parallel Aware": false, 
  "Parent Relationship": "Inner", 
  "Output": [
   "customer.c_customer_sk", 
   "customer.c_customer_id", 
   "customer.c_current_cdemo_sk", 
   "customer.c_current_hdemo_sk", 
   "customer.c_current_addr_sk", 
   "customer.c_first_shipto_date_sk", 
   "customer.c_first_sales_date_sk", 
   "customer.c_salutation", 
   "customer.c_first_name", 
   "customer.c_last_name", 
   "customer.c_preferred_cust_flag", 
   "customer.c_birth_day", 
   "customer.c_birth_month", 
   "customer.c_birth_year", 
   "customer.c_birth_country", 
   "customer.c_login", 
   "customer.c_email_address", 
   "customer.c_last_review_date"
  ], 
  "Index Name": "customer_pkey", 
  "Plan Width": 72, 
  "Total Cost": 8.16
 }, 
 {
  "Startup Cost": 0.28, 
  "plan_id": 8, 
  "Plans": [
   9, 
   14
  ], 
  "Plan Rows": 1, 
  "Node Type": "Nested Loop", 
  "Join Type": "Inner", 
  "filename": "plans/query1.json", 
  "Parallel Aware": false, 
  "Parent Relationship": "Outer", 
  "Output": [
   "customer.c_customer_id"
  ], 
  "Plan Width": 68, 
  "Total Cost": 16.51
 }, 
 {
  "Partial Mode": "Simple", 
  "Startup Cost": 29.05, 
  "Plan Width": 40, 
  "plan_id": 1, 
  "Plans": [
   2
  ], 
  "filename": "plans/query1.json", 
  "Node Type": "Aggregate", 
  "Strategy": "Sorted", 
  "Plan Rows": 2, 
  "Parallel Aware": false, 
  "Output": [
   "store_returns.sr_customer_sk", 
   "store_returns.sr_store_sk", 
   "sum(store_returns.sr_return_amt)"
  ], 
  "Group Key": [
   "store_returns.sr_customer_sk", 
   "store_returns.sr_store_sk"
  ], 
  "Parent Relationship": "InitPlan", 
  "Subplan Name": "CTE customer_total_return", 
  "Total Cost": 29.1
 }, 
 {
  "Startup Cost": 16.52, 
  "plan_id": 7, 
  "Plans": [
   8
  ], 
  "Sort Key": [
   "customer.c_customer_id"
  ], 
  "Plan Rows": 1, 
  "Node Type": "Sort", 
  "filename": "plans/query1.json", 
  "Parallel Aware": false, 
  "Parent Relationship": "Outer", 
  "Output": [
   "customer.c_customer_id"
  ], 
  "Plan Width": 68, 
  "Total Cost": 16.53
 }, 
 {
  "Startup Cost": 45.62, 
  "plan_id": 0, 
  "Plans": [
   1, 
   7
  ], 
  "Plan Rows": 1, 
  "Node Type": "Limit", 
  "filename": "plans/query1.json", 
  "Parallel Aware": false, 
  "Output": [
   "customer.c_customer_id"
  ], 
  "Plan Width": 68, 
  "Total Cost": 45.62
 }, 
 {
  "Relation Name": "date_dim", 
  "Startup Cost": 0.0, 
  "plan_id": 25, 
  "Node Type": "Seq Scan", 
  "Plan Rows": 1, 
  "Filter": "((date_dim.d_moy >= 1) AND (date_dim.d_moy <= 4) AND (date_dim.d_year = 2002))", 
  "Alias": "date_dim", 
  "filename": "plans/query10.json", 
  "Schema": "pg_temp_2", 
  "Parallel Aware": false, 
  "Parent Relationship": "Outer", 
  "Output": [
   "date_dim.d_date_sk"
  ], 
  "Plan Width": 4, 
  "Total Cost": 14.73
 }, 
 {
  "Startup Cost": 0.0, 
  "plan_id": 23, 
  "Node Type": "Seq Scan", 
  "Plan Rows": 340, 
  "Relation Name": "store_sales", 
  "Alias": "store_sales", 
  "filename": "plans/query10.json", 
  "Schema": "pg_temp_2", 
  "Parallel Aware": false, 
  "Parent Relationship": "Outer", 
  "Output": [
   "store_sales.ss_sold_date_sk", 
   "store_sales.ss_sold_time_sk", 
   "store_sales.ss_item_sk", 
   "store_sales.ss_customer_sk", 
   "store_sales.ss_cdemo_sk", 
   "store_sales.ss_hdemo_sk", 
   "store_sales.ss_addr_sk", 
   "store_sales.ss_store_sk", 
   "store_sales.ss_promo_sk", 
   "store_sales.ss_ticket_number", 
   "store_sales.ss_quantity", 
   "store_sales.ss_wholesale_cost", 
   "store_sales.ss_list_price", 
   "store_sales.ss_sales_price", 
   "store_sales.ss_ext_discount_amt", 
   "store_sales.ss_ext_sales_price", 
   "store_sales.ss_ext_wholesale_cost", 
   "store_sales.ss_ext_list_price", 
   "store_sales.ss_ext_tax", 
   "store_sales.ss_coupon_amt", 
   "store_sales.ss_net_paid", 
   "store_sales.ss_net_paid_inc_tax", 
   "store_sales.ss_net_profit"
  ], 
  "Plan Width": 8, 
  "Total Cost": 13.4
 }, 
 {
  "Startup Cost": 14.73, 
  "plan_id": 24, 
  "Plans": [
   25
  ], 
  "Plan Rows": 1, 
  "Node Type": "Hash", 
  "filename": "plans/query10.json", 
  "Parallel Aware": false, 
  "Parent Relationship": "Inner", 
  "Output": [
   "date_dim.d_date_sk"
  ], 
  "Plan Width": 4, 
  "Total Cost": 14.73
 }, 
 {
  "Startup Cost": 14.74, 
  "Plan Width": 4, 
  "plan_id": 22, 
  "Plans": [
   23, 
   24
  ], 
  "Plan Rows": 1, 
  "Node Type": "Hash Join", 
  "Join Type": "Inner", 
  "filename": "plans/query10.json", 
  "Parallel Aware": false, 
  "Output": [
   "store_sales.ss_customer_sk"
  ], 
  "Hash Cond": "(store_sales.ss_sold_date_sk = date_dim.d_date_sk)", 
  "Parent Relationship": "Outer", 
  "Total Cost": 29.42
 }, 
 {
  "Relation Name": "web_sales", 
  "Startup Cost": 0.0, 
  "plan_id": 28, 
  "Node Type": "Seq Scan", 
  "Plan Rows": 1, 
  "Filter": "(c.c_customer_sk = web_sales.ws_bill_customer_sk)", 
  "Alias": "web_sales", 
  "filename": "plans/query10.json", 
  "Schema": "pg_temp_2", 
  "Parallel Aware": false, 
  "Parent Relationship": "Outer", 
  "Output": [
   "web_sales.ws_sold_date_sk", 
   "web_sales.ws_sold_time_sk", 
   "web_sales.ws_ship_date_sk", 
   "web_sales.ws_item_sk", 
   "web_sales.ws_bill_customer_sk", 
   "web_sales.ws_bill_cdemo_sk", 
   "web_sales.ws_bill_hdemo_sk", 
   "web_sales.ws_bill_addr_sk", 
   "web_sales.ws_ship_customer_sk", 
   "web_sales.ws_ship_cdemo_sk", 
   "web_sales.ws_ship_hdemo_sk", 
   "web_sales.ws_ship_addr_sk", 
   "web_sales.ws_web_page_sk", 
   "web_sales.ws_web_site_sk", 
   "web_sales.ws_ship_mode_sk", 
   "web_sales.ws_warehouse_sk", 
   "web_sales.ws_promo_sk", 
   "web_sales.ws_order_number", 
   "web_sales.ws_quantity", 
   "web_sales.ws_wholesale_cost", 
   "web_sales.ws_list_price", 
   "web_sales.ws_sales_price", 
   "web_sales.ws_ext_discount_amt", 
   "web_sales.ws_ext_sales_price", 
   "web_sales.ws_ext_wholesale_cost", 
   "web_sales.ws_ext_list_price", 
   "web_sales.ws_ext_tax", 
   "web_sales.ws_coupon_amt", 
   "web_sales.ws_ext_ship_cost", 
   "web_sales.ws_net_paid", 
   "web_sales.ws_net_paid_inc_tax", 
   "web_sales.ws_net_paid_inc_ship", 
   "web_sales.ws_net_paid_inc_ship_tax", 
   "web_sales.ws_net_profit"
  ], 
  "Plan Width": 4, 
  "Total Cost": 13.25
 }, 
 {
  "Filter": "((date_dim_1.d_moy >= 1) AND (date_dim_1.d_moy <= 4) AND (date_dim_1.d_year = 2002))", 
  "Startup Cost": 0.15, 
  "filename": "plans/query10.json", 
  "plan_id": 29, 
  "Scan Direction": "Forward", 
  "Index Cond": "(date_dim_1.d_date_sk = web_sales.ws_sold_date_sk)", 
  "Node Type": "Index Scan", 
  "Relation Name": "date_dim", 
  "Alias": "date_dim_1", 
  "Plan Rows": 1, 
  "Schema": "pg_temp_2", 
  "Parallel Aware": false, 
  "Parent Relationship": "Inner", 
  "Output": [
   "date_dim_1.d_date_sk", 
   "date_dim_1.d_date_id", 
   "date_dim_1.d_date", 
   "date_dim_1.d_month_seq", 
   "date_dim_1.d_week_seq", 
   "date_dim_1.d_quarter_seq", 
   "date_dim_1.d_year", 
   "date_dim_1.d_dow", 
   "date_dim_1.d_moy", 
   "date_dim_1.d_dom", 
   "date_dim_1.d_qoy", 
   "date_dim_1.d_fy_year", 
   "date_dim_1.d_fy_quarter_seq", 
   "date_dim_1.d_fy_week_seq", 
   "date_dim_1.d_day_name", 
   "date_dim_1.d_quarter_name", 
   "date_dim_1.d_holiday", 
   "date_dim_1.d_weekend", 
   "date_dim_1.d_following_holiday", 
   "date_dim_1.d_first_dom", 
   "date_dim_1.d_last_dom", 
   "date_dim_1.d_same_day_ly", 
   "date_dim_1.d_same_day_lq", 
   "date_dim_1.d_current_day", 
   "date_dim_1.d_current_week", 
   "date_dim_1.d_current_month", 
   "date_dim_1.d_current_quarter", 
   "date_dim_1.d_current_year"
  ], 
  "Index Name": "date_dim_pkey", 
  "Plan Width": 4, 
  "Total Cost": 8.17
 }, 
 {
  "Relation Name": "date_dim", 
  "Startup Cost": 0.0, 
  "plan_id": 33, 
  "Node Type": "Seq Scan", 
  "Plan Rows": 1, 
  "Filter": "((date_dim_2.d_moy >= 1) AND (date_dim_2.d_moy <= 4) AND (date_dim_2.d_year = 2002))", 
  "Alias": "date_dim_2", 
  "filename": "plans/query10.json", 
  "Schema": "pg_temp_2", 
  "Parallel Aware": false, 
  "Parent Relationship": "Outer", 
  "Output": [
   "date_dim_2.d_date_sk"
  ], 
  "Plan Width": 4, 
  "Total Cost": 14.73
 }, 
 {
  "Startup Cost": 0.0, 
  "plan_id": 31, 
  "Node Type": "Seq Scan", 
  "Plan Rows": 260, 
  "Relation Name": "web_sales", 
  "Alias": "web_sales_1", 
  "filename": "plans/query10.json", 
  "Schema": "pg_temp_2", 
  "Parallel Aware": false, 
  "Parent Relationship": "Outer", 
  "Output": [
   "web_sales_1.ws_sold_date_sk", 
   "web_sales_1.ws_sold_time_sk", 
   "web_sales_1.ws_ship_date_sk", 
   "web_sales_1.ws_item_sk", 
   "web_sales_1.ws_bill_customer_sk", 
   "web_sales_1.ws_bill_cdemo_sk", 
   "web_sales_1.ws_bill_hdemo_sk", 
   "web_sales_1.ws_bill_addr_sk", 
   "web_sales_1.ws_ship_customer_sk", 
   "web_sales_1.ws_ship_cdemo_sk", 
   "web_sales_1.ws_ship_hdemo_sk", 
   "web_sales_1.ws_ship_addr_sk", 
   "web_sales_1.ws_web_page_sk", 
   "web_sales_1.ws_web_site_sk", 
   "web_sales_1.ws_ship_mode_sk", 
   "web_sales_1.ws_warehouse_sk", 
   "web_sales_1.ws_promo_sk", 
   "web_sales_1.ws_order_number", 
   "web_sales_1.ws_quantity", 
   "web_sales_1.ws_wholesale_cost", 
   "web_sales_1.ws_list_price", 
   "web_sales_1.ws_sales_price", 
   "web_sales_1.ws_ext_discount_amt", 
   "web_sales_1.ws_ext_sales_price", 
   "web_sales_1.ws_ext_wholesale_cost", 
   "web_sales_1.ws_ext_list_price", 
   "web_sales_1.ws_ext_tax", 
   "web_sales_1.ws_coupon_amt", 
   "web_sales_1.ws_ext_ship_cost", 
   "web_sales_1.ws_net_paid", 
   "web_sales_1.ws_net_paid_inc_tax", 
   "web_sales_1.ws_net_paid_inc_ship", 
   "web_sales_1.ws_net_paid_inc_ship_tax", 
   "web_sales_1.ws_net_profit"
  ], 
  "Plan Width": 8, 
  "Total Cost": 12.6
 }, 
 {
  "Startup Cost": 14.73, 
  "plan_id": 32, 
  "Plans": [
   33
  ], 
  "Plan Rows": 1, 
  "Node Type": "Hash", 
  "filename": "plans/query10.json", 
  "Parallel Aware": false, 
  "Parent Relationship": "Inner", 
  "Output": [
   "date_dim_2.d_date_sk"
  ], 
  "Plan Width": 4, 
  "Total Cost": 14.73
 }, 
 {
  "Relation Name": "catalog_sales", 
  "Startup Cost": 0.0, 
  "plan_id": 35, 
  "Node Type": "Seq Scan", 
  "Plan Rows": 1, 
  "Filter": "(c.c_customer_sk = catalog_sales.cs_ship_customer_sk)", 
  "Alias": "catalog_sales", 
  "filename": "plans/query10.json", 
  "Schema": "pg_temp_2", 
  "Parallel Aware": false, 
  "Parent Relationship": "Outer", 
  "Output": [
   "catalog_sales.cs_sold_date_sk", 
   "catalog_sales.cs_sold_time_sk", 
   "catalog_sales.cs_ship_date_sk", 
   "catalog_sales.cs_bill_customer_sk", 
   "catalog_sales.cs_bill_cdemo_sk", 
   "catalog_sales.cs_bill_hdemo_sk", 
   "catalog_sales.cs_bill_addr_sk", 
   "catalog_sales.cs_ship_customer_sk", 
   "catalog_sales.cs_ship_cdemo_sk", 
   "catalog_sales.cs_ship_hdemo_sk", 
   "catalog_sales.cs_ship_addr_sk", 
   "catalog_sales.cs_call_center_sk", 
   "catalog_sales.cs_catalog_page_sk", 
   "catalog_sales.cs_ship_mode_sk", 
   "catalog_sales.cs_warehouse_sk", 
   "catalog_sales.cs_item_sk", 
   "catalog_sales.cs_promo_sk", 
   "catalog_sales.cs_order_number", 
   "catalog_sales.cs_quantity", 
   "catalog_sales.cs_wholesale_cost", 
   "catalog_sales.cs_list_price", 
   "catalog_sales.cs_sales_price", 
   "catalog_sales.cs_ext_discount_amt", 
   "catalog_sales.cs_ext_sales_price", 
   "catalog_sales.cs_ext_wholesale_cost", 
   "catalog_sales.cs_ext_list_price", 
   "catalog_sales.cs_ext_tax", 
   "catalog_sales.cs_coupon_amt", 
   "catalog_sales.cs_ext_ship_cost", 
   "catalog_sales.cs_net_paid", 
   "catalog_sales.cs_net_paid_inc_tax", 
   "catalog_sales.cs_net_paid_inc_ship", 
   "catalog_sales.cs_net_paid_inc_ship_tax", 
   "catalog_sales.cs_net_profit"
  ], 
  "Plan Width": 4, 
  "Total Cost": 13.25
 }, 
 {
  "Filter": "((date_dim_3.d_moy >= 1) AND (date_dim_3.d_moy <= 4) AND (date_dim_3.d_year = 2002))", 
  "Startup Cost": 0.15, 
  "filename": "plans/query10.json", 
  "plan_id": 36, 
  "Scan Direction": "Forward", 
  "Index Cond": "(date_dim_3.d_date_sk = catalog_sales.cs_sold_date_sk)", 
  "Node Type": "Index Scan", 
  "Relation Name": "date_dim", 
  "Alias": "date_dim_3", 
  "Plan Rows": 1, 
  "Schema": "pg_temp_2", 
  "Parallel Aware": false, 
  "Parent Relationship": "Inner", 
  "Output": [
   "date_dim_3.d_date_sk", 
   "date_dim_3.d_date_id", 
   "date_dim_3.d_date", 
   "date_dim_3.d_month_seq", 
   "date_dim_3.d_week_seq", 
   "date_dim_3.d_quarter_seq", 
   "date_dim_3.d_year", 
   "date_dim_3.d_dow", 
   "date_dim_3.d_moy", 
   "date_dim_3.d_dom", 
   "date_dim_3.d_qoy", 
   "date_dim_3.d_fy_year", 
   "date_dim_3.d_fy_quarter_seq", 
   "date_dim_3.d_fy_week_seq", 
   "date_dim_3.d_day_name", 
   "date_dim_3.d_quarter_name", 
   "date_dim_3.d_holiday", 
   "date_dim_3.d_weekend", 
   "date_dim_3.d_following_holiday", 
   "date_dim_3.d_first_dom", 
   "date_dim_3.d_last_dom", 
   "date_dim_3.d_same_day_ly", 
   "date_dim_3.d_same_day_lq", 
   "date_dim_3.d_current_day", 
   "date_dim_3.d_current_week", 
   "date_dim_3.d_current_month", 
   "date_dim_3.d_current_quarter", 
   "date_dim_3.d_current_year"
  ], 
  "Index Name": "date_dim_pkey", 
  "Plan Width": 4, 
  "Total Cost": 8.17
 }, 
 {
  "Relation Name": "date_dim", 
  "Startup Cost": 0.0, 
  "plan_id": 40, 
  "Node Type": "Seq Scan", 
  "Plan Rows": 1, 
  "Filter": "((date_dim_4.d_moy >= 1) AND (date_dim_4.d_moy <= 4) AND (date_dim_4.d_year = 2002))", 
  "Alias": "date_dim_4", 
  "filename": "plans/query10.json", 
  "Schema": "pg_temp_2", 
  "Parallel Aware": false, 
  "Parent Relationship": "Outer", 
  "Output": [
   "date_dim_4.d_date_sk"
  ], 
  "Plan Width": 4, 
  "Total Cost": 14.73
 }, 
 {
  "Startup Cost": 0.0, 
  "plan_id": 38, 
  "Node Type": "Seq Scan", 
  "Plan Rows": 260, 
  "Relation Name": "catalog_sales", 
  "Alias": "catalog_sales_1", 
  "filename": "plans/query10.json", 
  "Schema": "pg_temp_2", 
  "Parallel Aware": false, 
  "Parent Relationship": "Outer", 
  "Output": [
   "catalog_sales_1.cs_sold_date_sk", 
   "catalog_sales_1.cs_sold_time_sk", 
   "catalog_sales_1.cs_ship_date_sk", 
   "catalog_sales_1.cs_bill_customer_sk", 
   "catalog_sales_1.cs_bill_cdemo_sk", 
   "catalog_sales_1.cs_bill_hdemo_sk", 
   "catalog_sales_1.cs_bill_addr_sk", 
   "catalog_sales_1.cs_ship_customer_sk", 
   "catalog_sales_1.cs_ship_cdemo_sk", 
   "catalog_sales_1.cs_ship_hdemo_sk", 
   "catalog_sales_1.cs_ship_addr_sk", 
   "catalog_sales_1.cs_call_center_sk", 
   "catalog_sales_1.cs_catalog_page_sk", 
   "catalog_sales_1.cs_ship_mode_sk", 
   "catalog_sales_1.cs_warehouse_sk", 
   "catalog_sales_1.cs_item_sk", 
   "catalog_sales_1.cs_promo_sk", 
   "catalog_sales_1.cs_order_number", 
   "catalog_sales_1.cs_quantity", 
   "catalog_sales_1.cs_wholesale_cost", 
   "catalog_sales_1.cs_list_price", 
   "catalog_sales_1.cs_sales_price", 
   "catalog_sales_1.cs_ext_discount_amt", 
   "catalog_sales_1.cs_ext_sales_price", 
   "catalog_sales_1.cs_ext_wholesale_cost", 
   "catalog_sales_1.cs_ext_list_price", 
   "catalog_sales_1.cs_ext_tax", 
   "catalog_sales_1.cs_coupon_amt", 
   "catalog_sales_1.cs_ext_ship_cost", 
   "catalog_sales_1.cs_net_paid", 
   "catalog_sales_1.cs_net_paid_inc_tax", 
   "catalog_sales_1.cs_net_paid_inc_ship", 
   "catalog_sales_1.cs_net_paid_inc_ship_tax", 
   "catalog_sales_1.cs_net_profit"
  ], 
  "Plan Width": 8, 
  "Total Cost": 12.6
 }, 
 {
  "Startup Cost": 14.73, 
  "plan_id": 39, 
  "Plans": [
   40
  ], 
  "Plan Rows": 1, 
  "Node Type": "Hash", 
  "filename": "plans/query10.json", 
  "Parallel Aware": false, 
  "Parent Relationship": "Inner", 
  "Output": [
   "date_dim_4.d_date_sk"
  ], 
  "Plan Width": 4, 
  "Total Cost": 14.73
 }, 
 {
  "Startup Cost": 0.15, 
  "plan_id": 27, 
  "Plans": [
   28, 
   29
  ], 
  "Plan Rows": 1, 
  "Node Type": "Nested Loop", 
  "Join Type": "Inner", 
  "filename": "plans/query10.json", 
  "Parallel Aware": false, 
  "Parent Relationship": "SubPlan", 
  "Plan Width": 0, 
  "Subplan Name": "SubPlan 1", 
  "Total Cost": 21.43
 }, 
 {
  "Startup Cost": 14.74, 
  "Plan Width": 4, 
  "plan_id": 30, 
  "Plans": [
   31, 
   32
  ], 
  "Plan Rows": 1, 
  "Node Type": "Hash Join", 
  "Join Type": "Inner", 
  "filename": "plans/query10.json", 
  "Parallel Aware": false, 
  "Output": [
   "web_sales_1.ws_bill_customer_sk"
  ], 
  "Hash Cond": "(web_sales_1.ws_sold_date_sk = date_dim_2.d_date_sk)", 
  "Parent Relationship": "SubPlan", 
  "Subplan Name": "SubPlan 2", 
  "Total Cost": 28.32
 }, 
 {
  "Startup Cost": 0.15, 
  "plan_id": 34, 
  "Plans": [
   35, 
   36
  ], 
  "Plan Rows": 1, 
  "Node Type": "Nested Loop", 
  "Join Type": "Inner", 
  "filename": "plans/query10.json", 
  "Parallel Aware": false, 
  "Parent Relationship": "SubPlan", 
  "Plan Width": 0, 
  "Subplan Name": "SubPlan 3", 
  "Total Cost": 21.43
 }, 
 {
  "Startup Cost": 14.74, 
  "Plan Width": 4, 
  "plan_id": 37, 
  "Plans": [
   38, 
   39
  ], 
  "Plan Rows": 1, 
  "Node Type": "Hash Join", 
  "Join Type": "Inner", 
  "filename": "plans/query10.json", 
  "Parallel Aware": false, 
  "Output": [
   "catalog_sales_1.cs_ship_customer_sk"
  ], 
  "Hash Cond": "(catalog_sales_1.cs_sold_date_sk = date_dim_4.d_date_sk)", 
  "Parent Relationship": "SubPlan", 
  "Subplan Name": "SubPlan 4", 
  "Total Cost": 28.32
 }, 
 {
  "Partial Mode": "Simple", 
  "Startup Cost": 29.43, 
  "Plan Width": 4, 
  "plan_id": 21, 
  "Plans": [
   22
  ], 
  "filename": "plans/query10.json", 
  "Node Type": "Aggregate", 
  "Strategy": "Hashed", 
  "Plan Rows": 1, 
  "Parallel Aware": false, 
  "Output": [
   "store_sales.ss_customer_sk"
  ], 
  "Group Key": [
   "store_sales.ss_customer_sk"
  ], 
  "Parent Relationship": "Outer", 
  "Total Cost": 29.44
 }, 
 {
  "Filter": "((alternatives: SubPlan 1 or hashed SubPlan 2) OR (alternatives: SubPlan 3 or hashed SubPlan 4))", 
  "Startup Cost": 0.14, 
  "Scan Direction": "Forward", 
  "plan_id": 26, 
  "Plans": [
   27, 
   30, 
   34, 
   37
  ], 
  "Node Type": "Index Scan", 
  "Index Cond": "(c.c_customer_sk = store_sales.ss_customer_sk)", 
  "Plan Rows": 1, 
  "Relation Name": "customer", 
  "Alias": "c", 
  "filename": "plans/query10.json", 
  "Schema": "pg_temp_2", 
  "Parallel Aware": false, 
  "Parent Relationship": "Inner", 
  "Output": [
   "c.c_customer_sk", 
   "c.c_customer_id", 
   "c.c_current_cdemo_sk", 
   "c.c_current_hdemo_sk", 
   "c.c_current_addr_sk", 
   "c.c_first_shipto_date_sk", 
   "c.c_first_sales_date_sk", 
   "c.c_salutation", 
   "c.c_first_name", 
   "c.c_last_name", 
   "c.c_preferred_cust_flag", 
   "c.c_birth_day", 
   "c.c_birth_month", 
   "c.c_birth_year", 
   "c.c_birth_country", 
   "c.c_login", 
   "c.c_email_address", 
   "c.c_last_review_date"
  ], 
  "Index Name": "customer_pkey", 
  "Plan Width": 12, 
  "Total Cost": 43.24
 }, 
 {
  "Relation Name": "customer_address", 
  "Startup Cost": 0.0, 
  "plan_id": 42, 
  "Node Type": "Seq Scan", 
  "Plan Rows": 5, 
  "Filter": "((ca.ca_county)::text = ANY ('{\"Kent County\",\"Iron County\",\"Sanborn County\",\"Andrew County\",\"Glasscock County\"}'::text[]))", 
  "Alias": "ca", 
  "filename": "plans/query10.json", 
  "Schema": "pg_temp_2", 
  "Parallel Aware": false, 
  "Parent Relationship": "Outer", 
  "Output": [
   "ca.ca_address_sk"
  ], 
  "Plan Width": 4, 
  "Total Cost": 11.62
 }, 
 {
  "Startup Cost": 29.57, 
  "plan_id": 20, 
  "Plans": [
   21, 
   26
  ], 
  "Plan Rows": 38, 
  "Node Type": "Nested Loop", 
  "Join Type": "Inner", 
  "filename": "plans/query10.json", 
  "Parallel Aware": false, 
  "Parent Relationship": "Outer", 
  "Output": [
   "c.c_current_addr_sk", 
   "c.c_current_cdemo_sk"
  ], 
  "Plan Width": 8, 
  "Total Cost": 72.69
 }, 
 {
  "Startup Cost": 11.62, 
  "plan_id": 41, 
  "Plans": [
   42
  ], 
  "Plan Rows": 5, 
  "Node Type": "Hash", 
  "filename": "plans/query10.json", 
  "Parallel Aware": false, 
  "Parent Relationship": "Inner", 
  "Output": [
   "ca.ca_address_sk"
  ], 
  "Plan Width": 4, 
  "Total Cost": 11.62
 }, 
 {
  "Startup Cost": 41.25, 
  "Plan Width": 4, 
  "plan_id": 19, 
  "Plans": [
   20, 
   41
  ], 
  "Plan Rows": 2, 
  "Node Type": "Hash Join", 
  "Join Type": "Inner", 
  "filename": "plans/query10.json", 
  "Parallel Aware": false, 
  "Output": [
   "c.c_current_cdemo_sk"
  ], 
  "Hash Cond": "(c.c_current_addr_sk = ca.ca_address_sk)", 
  "Parent Relationship": "Outer", 
  "Total Cost": 84.54
 }, 
 {
  "Startup Cost": 0.15, 
  "filename": "plans/query10.json", 
  "plan_id": 43, 
  "Scan Direction": "Forward", 
  "Index Cond": "(customer_demographics.cd_demo_sk = c.c_current_cdemo_sk)", 
  "Node Type": "Index Scan", 
  "Relation Name": "customer_demographics", 
  "Alias": "customer_demographics", 
  "Plan Rows": 1, 
  "Schema": "pg_temp_2", 
  "Parallel Aware": false, 
  "Parent Relationship": "Inner", 
  "Output": [
   "customer_demographics.cd_demo_sk", 
   "customer_demographics.cd_gender", 
   "customer_demographics.cd_marital_status", 
   "customer_demographics.cd_education_status", 
   "customer_demographics.cd_purchase_estimate", 
   "customer_demographics.cd_credit_rating", 
   "customer_demographics.cd_dep_count", 
   "customer_demographics.cd_dep_employed_count", 
   "customer_demographics.cd_dep_college_count"
  ], 
  "Index Name": "customer_demographics_pkey", 
  "Plan Width": 164, 
  "Total Cost": 0.75
 }, 
 {
  "Startup Cost": 41.4, 
  "plan_id": 18, 
  "Plans": [
   19, 
   43
  ], 
  "Plan Rows": 2, 
  "Node Type": "Nested Loop", 
  "Join Type": "Inner", 
  "filename": "plans/query10.json", 
  "Parallel Aware": false, 
  "Parent Relationship": "Outer", 
  "Output": [
   "customer_demographics.cd_gender", 
   "customer_demographics.cd_marital_status", 
   "customer_demographics.cd_education_status", 
   "customer_demographics.cd_purchase_estimate", 
   "customer_demographics.cd_credit_rating", 
   "customer_demographics.cd_dep_count", 
   "customer_demographics.cd_dep_employed_count", 
   "customer_demographics.cd_dep_college_count"
  ], 
  "Plan Width": 160, 
  "Total Cost": 86.06
 }, 
 {
  "Startup Cost": 86.07, 
  "plan_id": 17, 
  "Plans": [
   18
  ], 
  "Sort Key": [
   "customer_demographics.cd_gender", 
   "customer_demographics.cd_marital_status", 
   "customer_demographics.cd_education_status", 
   "customer_demographics.cd_purchase_estimate", 
   "customer_demographics.cd_credit_rating", 
   "customer_demographics.cd_dep_count", 
   "customer_demographics.cd_dep_employed_count", 
   "customer_demographics.cd_dep_college_count"
  ], 
  "Plan Rows": 2, 
  "Node Type": "Sort", 
  "filename": "plans/query10.json", 
  "Parallel Aware": false, 
  "Parent Relationship": "Outer", 
  "Output": [
   "customer_demographics.cd_gender", 
   "customer_demographics.cd_marital_status", 
   "customer_demographics.cd_education_status", 
   "customer_demographics.cd_purchase_estimate", 
   "customer_demographics.cd_credit_rating", 
   "customer_demographics.cd_dep_count", 
   "customer_demographics.cd_dep_employed_count", 
   "customer_demographics.cd_dep_college_count"
  ], 
  "Plan Width": 160, 
  "Total Cost": 86.08
 }, 
 {
  "Partial Mode": "Simple", 
  "Startup Cost": 86.07, 
  "Plan Width": 208, 
  "plan_id": 16, 
  "Plans": [
   17
  ], 
  "filename": "plans/query10.json", 
  "Node Type": "Aggregate", 
  "Strategy": "Sorted", 
  "Plan Rows": 2, 
  "Parallel Aware": false, 
  "Output": [
   "customer_demographics.cd_gender", 
   "customer_demographics.cd_marital_status", 
   "customer_demographics.cd_education_status", 
   "count(*)", 
   "customer_demographics.cd_purchase_estimate", 
   "count(*)", 
   "customer_demographics.cd_credit_rating", 
   "count(*)", 
   "customer_demographics.cd_dep_count", 
   "count(*)", 
   "customer_demographics.cd_dep_employed_count", 
   "count(*)", 
   "customer_demographics.cd_dep_college_count", 
   "count(*)"
  ], 
  "Group Key": [
   "customer_demographics.cd_gender", 
   "customer_demographics.cd_marital_status", 
   "customer_demographics.cd_education_status", 
   "customer_demographics.cd_purchase_estimate", 
   "customer_demographics.cd_credit_rating", 
   "customer_demographics.cd_dep_count", 
   "customer_demographics.cd_dep_employed_count", 
   "customer_demographics.cd_dep_college_count"
  ], 
  "Parent Relationship": "Outer", 
  "Total Cost": 86.17
 }, 
 {
  "Startup Cost": 86.07, 
  "plan_id": 15, 
  "Plans": [
   16
  ], 
  "Plan Rows": 2, 
  "Node Type": "Limit", 
  "filename": "plans/query10.json", 
  "Parallel Aware": false, 
  "Output": [
   "customer_demographics.cd_gender", 
   "customer_demographics.cd_marital_status", 
   "customer_demographics.cd_education_status", 
   "(count(*))", 
   "customer_demographics.cd_purchase_estimate", 
   "(count(*))", 
   "customer_demographics.cd_credit_rating", 
   "(count(*))", 
   "customer_demographics.cd_dep_count", 
   "(count(*))", 
   "customer_demographics.cd_dep_employed_count", 
   "(count(*))", 
   "customer_demographics.cd_dep_college_count", 
   "(count(*))"
  ], 
  "Plan Width": 208, 
  "Total Cost": 86.17
 }, 
 {
  "Startup Cost": 0.0, 
  "plan_id": 51, 
  "Node Type": "Seq Scan", 
  "Plan Rows": 100, 
  "Relation Name": "customer", 
  "Alias": "customer", 
  "filename": "plans/query11.json", 
  "Schema": "pg_temp_2", 
  "Parallel Aware": false, 
  "Parent Relationship": "Outer", 
  "Output": [
   "customer.c_customer_id", 
   "customer.c_first_name", 
   "customer.c_last_name", 
   "customer.c_preferred_cust_flag", 
   "customer.c_birth_country", 
   "customer.c_login", 
   "customer.c_email_address", 
   "customer.c_customer_sk"
  ], 
  "Plan Width": 606, 
  "Total Cost": 11.0
 }, 
 {
  "Startup Cost": 0.0, 
  "plan_id": 49, 
  "Node Type": "Seq Scan", 
  "Plan Rows": 340, 
  "Relation Name": "store_sales", 
  "Alias": "store_sales", 
  "filename": "plans/query11.json", 
  "Schema": "pg_temp_2", 
  "Parallel Aware": false, 
  "Parent Relationship": "Outer", 
  "Output": [
   "store_sales.ss_sold_date_sk", 
   "store_sales.ss_sold_time_sk", 
   "store_sales.ss_item_sk", 
   "store_sales.ss_customer_sk", 
   "store_sales.ss_cdemo_sk", 
   "store_sales.ss_hdemo_sk", 
   "store_sales.ss_addr_sk", 
   "store_sales.ss_store_sk", 
   "store_sales.ss_promo_sk", 
   "store_sales.ss_ticket_number", 
   "store_sales.ss_quantity", 
   "store_sales.ss_wholesale_cost", 
   "store_sales.ss_list_price", 
   "store_sales.ss_sales_price", 
   "store_sales.ss_ext_discount_amt", 
   "store_sales.ss_ext_sales_price", 
   "store_sales.ss_ext_wholesale_cost", 
   "store_sales.ss_ext_list_price", 
   "store_sales.ss_ext_tax", 
   "store_sales.ss_coupon_amt", 
   "store_sales.ss_net_paid", 
   "store_sales.ss_net_paid_inc_tax", 
   "store_sales.ss_net_profit"
  ], 
  "Plan Width": 36, 
  "Total Cost": 13.4
 }, 
 {
  "Startup Cost": 11.0, 
  "plan_id": 50, 
  "Plans": [
   51
  ], 
  "Plan Rows": 100, 
  "Node Type": "Hash", 
  "filename": "plans/query11.json", 
  "Parallel Aware": false, 
  "Parent Relationship": "Inner", 
  "Output": [
   "customer.c_customer_id", 
   "customer.c_first_name", 
   "customer.c_last_name", 
   "customer.c_preferred_cust_flag", 
   "customer.c_birth_country", 
   "customer.c_login", 
   "customer.c_email_address", 
   "customer.c_customer_sk"
  ], 
  "Plan Width": 606, 
  "Total Cost": 11.0
 }, 
 {
  "Startup Cost": 0.0, 
  "plan_id": 53, 
  "Node Type": "Seq Scan", 
  "Plan Rows": 270, 
  "Relation Name": "date_dim", 
  "Alias": "date_dim", 
  "filename": "plans/query11.json", 
  "Schema": "pg_temp_2", 
  "Parallel Aware": false, 
  "Parent Relationship": "Outer", 
  "Output": [
   "date_dim.d_year", 
   "date_dim.d_date_sk"
  ], 
  "Plan Width": 8, 
  "Total Cost": 12.7
 }, 
 {
  "Startup Cost": 12.25, 
  "Plan Width": 634, 
  "plan_id": 48, 
  "Plans": [
   49, 
   50
  ], 
  "Plan Rows": 170, 
  "Node Type": "Hash Join", 
  "Join Type": "Inner", 
  "filename": "plans/query11.json", 
  "Parallel Aware": false, 
  "Output": [
   "customer.c_customer_id", 
   "customer.c_first_name", 
   "customer.c_last_name", 
   "customer.c_preferred_cust_flag", 
   "customer.c_birth_country", 
   "customer.c_login", 
   "customer.c_email_address", 
   "store_sales.ss_ext_list_price", 
   "store_sales.ss_ext_discount_amt", 
   "store_sales.ss_sold_date_sk"
  ], 
  "Hash Cond": "(store_sales.ss_customer_sk = customer.c_customer_sk)", 
  "Parent Relationship": "Outer", 
  "Total Cost": 28.62
 }, 
 {
  "Startup Cost": 12.7, 
  "plan_id": 52, 
  "Plans": [
   53
  ], 
  "Plan Rows": 270, 
  "Node Type": "Hash", 
  "filename": "plans/query11.json", 
  "Parallel Aware": false, 
  "Parent Relationship": "Inner", 
  "Output": [
   "date_dim.d_year", 
   "date_dim.d_date_sk"
  ], 
  "Plan Width": 8, 
  "Total Cost": 12.7
 }, 
 {
  "Startup Cost": 28.32, 
  "Plan Width": 634, 
  "plan_id": 47, 
  "Plans": [
   48, 
   52
  ], 
  "Plan Rows": 170, 
  "Node Type": "Hash Join", 
  "Join Type": "Inner", 
  "filename": "plans/query11.json", 
  "Parallel Aware": false, 
  "Output": [
   "customer.c_customer_id", 
   "customer.c_first_name", 
   "customer.c_last_name", 
   "customer.c_preferred_cust_flag", 
   "customer.c_birth_country", 
   "customer.c_login", 
   "customer.c_email_address", 
   "date_dim.d_year", 
   "store_sales.ss_ext_list_price", 
   "store_sales.ss_ext_discount_amt"
  ], 
  "Hash Cond": "(store_sales.ss_sold_date_sk = date_dim.d_date_sk)", 
  "Parent Relationship": "Outer", 
  "Total Cost": 47.04
 }, 
 {
  "Startup Cost": 0.0, 
  "plan_id": 59, 
  "Node Type": "Seq Scan", 
  "Plan Rows": 100, 
  "Relation Name": "customer", 
  "Alias": "customer_1", 
  "filename": "plans/query11.json", 
  "Schema": "pg_temp_2", 
  "Parallel Aware": false, 
  "Parent Relationship": "Outer", 
  "Output": [
   "customer_1.c_customer_id", 
   "customer_1.c_first_name", 
   "customer_1.c_last_name", 
   "customer_1.c_preferred_cust_flag", 
   "customer_1.c_birth_country", 
   "customer_1.c_login", 
   "customer_1.c_email_address", 
   "customer_1.c_customer_sk"
  ], 
  "Plan Width": 606, 
  "Total Cost": 11.0
 }, 
 {
  "Startup Cost": 0.0, 
  "plan_id": 57, 
  "Node Type": "Seq Scan", 
  "Plan Rows": 260, 
  "Relation Name": "web_sales", 
  "Alias": "web_sales", 
  "filename": "plans/query11.json", 
  "Schema": "pg_temp_2", 
  "Parallel Aware": false, 
  "Parent Relationship": "Outer", 
  "Output": [
   "web_sales.ws_sold_date_sk", 
   "web_sales.ws_sold_time_sk", 
   "web_sales.ws_ship_date_sk", 
   "web_sales.ws_item_sk", 
   "web_sales.ws_bill_customer_sk", 
   "web_sales.ws_bill_cdemo_sk", 
   "web_sales.ws_bill_hdemo_sk", 
   "web_sales.ws_bill_addr_sk", 
   "web_sales.ws_ship_customer_sk", 
   "web_sales.ws_ship_cdemo_sk", 
   "web_sales.ws_ship_hdemo_sk", 
   "web_sales.ws_ship_addr_sk", 
   "web_sales.ws_web_page_sk", 
   "web_sales.ws_web_site_sk", 
   "web_sales.ws_ship_mode_sk", 
   "web_sales.ws_warehouse_sk", 
   "web_sales.ws_promo_sk", 
   "web_sales.ws_order_number", 
   "web_sales.ws_quantity", 
   "web_sales.ws_wholesale_cost", 
   "web_sales.ws_list_price", 
   "web_sales.ws_sales_price", 
   "web_sales.ws_ext_discount_amt", 
   "web_sales.ws_ext_sales_price", 
   "web_sales.ws_ext_wholesale_cost", 
   "web_sales.ws_ext_list_price", 
   "web_sales.ws_ext_tax", 
   "web_sales.ws_coupon_amt", 
   "web_sales.ws_ext_ship_cost", 
   "web_sales.ws_net_paid", 
   "web_sales.ws_net_paid_inc_tax", 
   "web_sales.ws_net_paid_inc_ship", 
   "web_sales.ws_net_paid_inc_ship_tax", 
   "web_sales.ws_net_profit"
  ], 
  "Plan Width": 36, 
  "Total Cost": 12.6
 }, 
 {
  "Startup Cost": 11.0, 
  "plan_id": 58, 
  "Plans": [
   59
  ], 
  "Plan Rows": 100, 
  "Node Type": "Hash", 
  "filename": "plans/query11.json", 
  "Parallel Aware": false, 
  "Parent Relationship": "Inner", 
  "Output": [
   "customer_1.c_customer_id", 
   "customer_1.c_first_name", 
   "customer_1.c_last_name", 
   "customer_1.c_preferred_cust_flag", 
   "customer_1.c_birth_country", 
   "customer_1.c_login", 
   "customer_1.c_email_address", 
   "customer_1.c_customer_sk"
  ], 
  "Plan Width": 606, 
  "Total Cost": 11.0
 }, 
 {
  "Startup Cost": 0.0, 
  "plan_id": 61, 
  "Node Type": "Seq Scan", 
  "Plan Rows": 270, 
  "Relation Name": "date_dim", 
  "Alias": "date_dim_1", 
  "filename": "plans/query11.json", 
  "Schema": "pg_temp_2", 
  "Parallel Aware": false, 
  "Parent Relationship": "Outer", 
  "Output": [
   "date_dim_1.d_year", 
   "date_dim_1.d_date_sk"
  ], 
  "Plan Width": 8, 
  "Total Cost": 12.7
 }, 
 {
  "Startup Cost": 12.25, 
  "Plan Width": 634, 
  "plan_id": 56, 
  "Plans": [
   57, 
   58
  ], 
  "Plan Rows": 130, 
  "Node Type": "Hash Join", 
  "Join Type": "Inner", 
  "filename": "plans/query11.json", 
  "Parallel Aware": false, 
  "Output": [
   "customer_1.c_customer_id", 
   "customer_1.c_first_name", 
   "customer_1.c_last_name", 
   "customer_1.c_preferred_cust_flag", 
   "customer_1.c_birth_country", 
   "customer_1.c_login", 
   "customer_1.c_email_address", 
   "web_sales.ws_ext_list_price", 
   "web_sales.ws_ext_discount_amt", 
   "web_sales.ws_sold_date_sk"
  ], 
  "Hash Cond": "(web_sales.ws_bill_customer_sk = customer_1.c_customer_sk)", 
  "Parent Relationship": "Outer", 
  "Total Cost": 27.12
 }, 
 {
  "Startup Cost": 12.7, 
  "plan_id": 60, 
  "Plans": [
   61
  ], 
  "Plan Rows": 270, 
  "Node Type": "Hash", 
  "filename": "plans/query11.json", 
  "Parallel Aware": false, 
  "Parent Relationship": "Inner", 
  "Output": [
   "date_dim_1.d_year", 
   "date_dim_1.d_date_sk"
  ], 
  "Plan Width": 8, 
  "Total Cost": 12.7
 }, 
 {
  "Startup Cost": 28.32, 
  "Plan Width": 634, 
  "plan_id": 55, 
  "Plans": [
   56, 
   60
  ], 
  "Plan Rows": 130, 
  "Node Type": "Hash Join", 
  "Join Type": "Inner", 
  "filename": "plans/query11.json", 
  "Parallel Aware": false, 
  "Output": [
   "customer_1.c_customer_id", 
   "customer_1.c_first_name", 
   "customer_1.c_last_name", 
   "customer_1.c_preferred_cust_flag", 
   "customer_1.c_birth_country", 
   "customer_1.c_login", 
   "customer_1.c_email_address", 
   "date_dim_1.d_year", 
   "web_sales.ws_ext_list_price", 
   "web_sales.ws_ext_discount_amt"
  ], 
  "Hash Cond": "(web_sales.ws_sold_date_sk = date_dim_1.d_date_sk)", 
  "Parent Relationship": "Outer", 
  "Total Cost": 44.99
 }, 
 {
  "Partial Mode": "Simple", 
  "Startup Cost": 51.29, 
  "Plan Width": 670, 
  "plan_id": 46, 
  "Plans": [
   47
  ], 
  "filename": "plans/query11.json", 
  "Node Type": "Aggregate", 
  "Strategy": "Hashed", 
  "Plan Rows": 170, 
  "Parallel Aware": false, 
  "Output": [
   "customer.c_customer_id", 
   "customer.c_first_name", 
   "customer.c_last_name", 
   "customer.c_preferred_cust_flag", 
   "customer.c_birth_country", 
   "customer.c_login", 
   "customer.c_email_address", 
   "date_dim.d_year", 
   "sum((store_sales.ss_ext_list_price - store_sales.ss_ext_discount_amt))", 
   "'s'::text"
  ], 
  "Group Key": [
   "customer.c_customer_id", 
   "customer.c_first_name", 
   "customer.c_last_name", 
   "customer.c_preferred_cust_flag", 
   "customer.c_birth_country", 
   "customer.c_login", 
   "customer.c_email_address", 
   "date_dim.d_year"
  ], 
  "Parent Relationship": "Member", 
  "Total Cost": 53.41
 }, 
 {
  "Partial Mode": "Simple", 
  "Startup Cost": 48.24, 
  "Plan Width": 670, 
  "plan_id": 54, 
  "Plans": [
   55
  ], 
  "filename": "plans/query11.json", 
  "Node Type": "Aggregate", 
  "Strategy": "Hashed", 
  "Plan Rows": 130, 
  "Parallel Aware": false, 
  "Output": [
   "customer_1.c_customer_id", 
   "customer_1.c_first_name", 
   "customer_1.c_last_name", 
   "customer_1.c_preferred_cust_flag", 
   "customer_1.c_birth_country", 
   "customer_1.c_login", 
   "customer_1.c_email_address", 
   "date_dim_1.d_year", 
   "sum((web_sales.ws_ext_list_price - web_sales.ws_ext_discount_amt))", 
   "'w'::text"
  ], 
  "Group Key": [
   "customer_1.c_customer_id", 
   "customer_1.c_first_name", 
   "customer_1.c_last_name", 
   "customer_1.c_preferred_cust_flag", 
   "customer_1.c_birth_country", 
   "customer_1.c_login", 
   "customer_1.c_email_address", 
   "date_dim_1.d_year"
  ], 
  "Parent Relationship": "Member", 
  "Total Cost": 49.86
 }, 
 {
  "Startup Cost": 0.0, 
  "plan_id": 66, 
  "CTE Name": "year_total", 
  "Node Type": "CTE Scan", 
  "Plan Rows": 1, 
  "Filter": "((t_s_firstyear.year_total > '0'::numeric) AND (t_s_firstyear.sale_type = 's'::text) AND (t_s_firstyear.dyear = 1998))", 
  "Alias": "t_s_firstyear", 
  "filename": "plans/query11.json", 
  "Parallel Aware": false, 
  "Parent Relationship": "Outer", 
  "Output": [
   "t_s_firstyear.customer_id", 
   "t_s_firstyear.customer_first_name", 
   "t_s_firstyear.customer_last_name", 
   "t_s_firstyear.customer_preferred_cust_flag", 
   "t_s_firstyear.customer_birth_country", 
   "t_s_firstyear.customer_login", 
   "t_s_firstyear.customer_email_address", 
   "t_s_firstyear.dyear", 
   "t_s_firstyear.year_total", 
   "t_s_firstyear.sale_type"
  ], 
  "Plan Width": 100, 
  "Total Cost": 8.25
 }, 
 {
  "Startup Cost": 0.0, 
  "plan_id": 67, 
  "CTE Name": "year_total", 
  "Node Type": "CTE Scan", 
  "Plan Rows": 1, 
  "Filter": "((t_s_secyear.sale_type = 's'::text) AND (t_s_secyear.dyear = 1999))", 
  "Alias": "t_s_secyear", 
  "filename": "plans/query11.json", 
  "Parallel Aware": false, 
  "Parent Relationship": "Inner", 
  "Output": [
   "t_s_secyear.customer_id", 
   "t_s_secyear.customer_first_name", 
   "t_s_secyear.customer_last_name", 
   "t_s_secyear.customer_preferred_cust_flag", 
   "t_s_secyear.customer_birth_country", 
   "t_s_secyear.customer_login", 
   "t_s_secyear.customer_email_address", 
   "t_s_secyear.dyear", 
   "t_s_secyear.year_total", 
   "t_s_secyear.sale_type"
  ], 
  "Plan Width": 512, 
  "Total Cost": 7.5
 }, 
 {
  "Startup Cost": 0.0, 
  "plan_id": 65, 
  "Plans": [
   66, 
   67
  ], 
  "Plan Rows": 1, 
  "Node Type": "Nested Loop", 
  "Join Type": "Inner", 
  "filename": "plans/query11.json", 
  "Parallel Aware": false, 
  "Parent Relationship": "Outer", 
  "Output": [
   "t_s_firstyear.customer_id", 
   "t_s_firstyear.year_total", 
   "t_s_secyear.customer_id", 
   "t_s_secyear.customer_first_name", 
   "t_s_secyear.customer_last_name", 
   "t_s_secyear.customer_email_address", 
   "t_s_secyear.year_total"
  ], 
  "Plan Width": 612, 
  "Join Filter": "(t_s_firstyear.customer_id = t_s_secyear.customer_id)", 
  "Total Cost": 15.76
 }, 
 {
  "Startup Cost": 0.0, 
  "plan_id": 68, 
  "CTE Name": "year_total", 
  "Node Type": "CTE Scan", 
  "Plan Rows": 1, 
  "Filter": "((t_w_firstyear.year_total > '0'::numeric) AND (t_w_firstyear.sale_type = 'w'::text) AND (t_w_firstyear.dyear = 1998))", 
  "Alias": "t_w_firstyear", 
  "filename": "plans/query11.json", 
  "Parallel Aware": false, 
  "Parent Relationship": "Inner", 
  "Output": [
   "t_w_firstyear.customer_id", 
   "t_w_firstyear.customer_first_name", 
   "t_w_firstyear.customer_last_name", 
   "t_w_firstyear.customer_preferred_cust_flag", 
   "t_w_firstyear.customer_birth_country", 
   "t_w_firstyear.customer_login", 
   "t_w_firstyear.customer_email_address", 
   "t_w_firstyear.dyear", 
   "t_w_firstyear.year_total", 
   "t_w_firstyear.sale_type"
  ], 
  "Plan Width": 100, 
  "Total Cost": 8.25
 }, 
 {
  "Startup Cost": 0.0, 
  "plan_id": 64, 
  "Plans": [
   65, 
   68
  ], 
  "Plan Rows": 1, 
  "Node Type": "Nested Loop", 
  "Join Type": "Inner", 
  "filename": "plans/query11.json", 
  "Parallel Aware": false, 
  "Parent Relationship": "Outer", 
  "Output": [
   "t_s_firstyear.customer_id", 
   "t_s_firstyear.year_total", 
   "t_s_secyear.customer_id", 
   "t_s_secyear.customer_first_name", 
   "t_s_secyear.customer_last_name", 
   "t_s_secyear.customer_email_address", 
   "t_s_secyear.year_total", 
   "t_w_firstyear.customer_id", 
   "t_w_firstyear.year_total"
  ], 
  "Plan Width": 712, 
  "Join Filter": "(t_s_secyear.customer_id = t_w_firstyear.customer_id)", 
  "Total Cost": 24.03
 }, 
 {
  "Startup Cost": 0.0, 
  "plan_id": 69, 
  "CTE Name": "year_total", 
  "Node Type": "CTE Scan", 
  "Plan Rows": 1, 
  "Filter": "((t_w_secyear.sale_type = 'w'::text) AND (t_w_secyear.dyear = 1999))", 
  "Alias": "t_w_secyear", 
  "filename": "plans/query11.json", 
  "Parallel Aware": false, 
  "Parent Relationship": "Inner", 
  "Output": [
   "t_w_secyear.customer_id", 
   "t_w_secyear.customer_first_name", 
   "t_w_secyear.customer_last_name", 
   "t_w_secyear.customer_preferred_cust_flag", 
   "t_w_secyear.customer_birth_country", 
   "t_w_secyear.customer_login", 
   "t_w_secyear.customer_email_address", 
   "t_w_secyear.dyear", 
   "t_w_secyear.year_total", 
   "t_w_secyear.sale_type"
  ], 
  "Plan Width": 100, 
  "Total Cost": 7.5
 }, 
 {
  "Startup Cost": 0.0, 
  "plan_id": 63, 
  "Plans": [
   64, 
   69
  ], 
  "Plan Rows": 1, 
  "Node Type": "Nested Loop", 
  "Join Type": "Inner", 
  "filename": "plans/query11.json", 
  "Parallel Aware": false, 
  "Parent Relationship": "Outer", 
  "Output": [
   "t_s_secyear.customer_id", 
   "t_s_secyear.customer_first_name", 
   "t_s_secyear.customer_last_name", 
   "t_s_secyear.customer_email_address"
  ], 
  "Plan Width": 480, 
  "Join Filter": "((t_s_secyear.customer_id = t_w_secyear.customer_id) AND (CASE WHEN (t_w_firstyear.year_total > '0'::numeric) THEN (t_w_secyear.year_total / t_w_firstyear.year_total) ELSE 0.0 END > CASE WHEN (t_s_firstyear.year_total > '0'::numeric) THEN (t_s_secyear.year_total / t_s_firstyear.year_total) ELSE 0.0 END))", 
  "Total Cost": 31.55
 }, 
 {
  "Startup Cost": 51.29, 
  "plan_id": 45, 
  "Plans": [
   46, 
   54
  ], 
  "Plan Rows": 300, 
  "Node Type": "Append", 
  "filename": "plans/query11.json", 
  "Parallel Aware": false, 
  "Parent Relationship": "InitPlan", 
  "Plan Width": 670, 
  "Subplan Name": "CTE year_total", 
  "Total Cost": 106.27
 }, 
 {
  "Startup Cost": 31.56, 
  "plan_id": 62, 
  "Plans": [
   63
  ], 
  "Sort Key": [
   "t_s_secyear.customer_id", 
   "t_s_secyear.customer_first_name", 
   "t_s_secyear.customer_last_name", 
   "t_s_secyear.customer_email_address"
  ], 
  "Plan Rows": 1, 
  "Node Type": "Sort", 
  "filename": "plans/query11.json", 
  "Parallel Aware": false, 
  "Parent Relationship": "Outer", 
  "Output": [
   "t_s_secyear.customer_id", 
   "t_s_secyear.customer_first_name", 
   "t_s_secyear.customer_last_name", 
   "t_s_secyear.customer_email_address"
  ], 
  "Plan Width": 480, 
  "Total Cost": 31.57
 }, 
 {
  "Startup Cost": 137.83, 
  "plan_id": 44, 
  "Plans": [
   45, 
   62
  ], 
  "Plan Rows": 1, 
  "Node Type": "Limit", 
  "filename": "plans/query11.json", 
  "Parallel Aware": false, 
  "Output": [
   "t_s_secyear.customer_id", 
   "t_s_secyear.customer_first_name", 
   "t_s_secyear.customer_last_name", 
   "t_s_secyear.customer_email_address"
  ], 
  "Plan Width": 480, 
  "Total Cost": 137.84
 }, 
 {
  "Relation Name": "item", 
  "Startup Cost": 0.0, 
  "plan_id": 80, 
  "Node Type": "Seq Scan", 
  "Plan Rows": 3, 
  "Filter": "(item.i_category = ANY ('{Books,Men,Home}'::bpchar[]))", 
  "Alias": "item", 
  "filename": "plans/query12.json", 
  "Schema": "pg_temp_2", 
  "Parallel Aware": false, 
  "Parent Relationship": "Outer", 
  "Output": [
   "item.i_item_id", 
   "item.i_item_desc", 
   "item.i_category", 
   "item.i_class", 
   "item.i_current_price", 
   "item.i_item_sk"
  ], 
  "Plan Width": 912, 
  "Total Cost": 10.55
 }, 
 {
  "Startup Cost": 0.0, 
  "plan_id": 78, 
  "Node Type": "Seq Scan", 
  "Plan Rows": 260, 
  "Relation Name": "web_sales", 
  "Alias": "web_sales", 
  "filename": "plans/query12.json", 
  "Schema": "pg_temp_2", 
  "Parallel Aware": false, 
  "Parent Relationship": "Outer", 
  "Output": [
   "web_sales.ws_sold_date_sk", 
   "web_sales.ws_sold_time_sk", 
   "web_sales.ws_ship_date_sk", 
   "web_sales.ws_item_sk", 
   "web_sales.ws_bill_customer_sk", 
   "web_sales.ws_bill_cdemo_sk", 
   "web_sales.ws_bill_hdemo_sk", 
   "web_sales.ws_bill_addr_sk", 
   "web_sales.ws_ship_customer_sk", 
   "web_sales.ws_ship_cdemo_sk", 
   "web_sales.ws_ship_hdemo_sk", 
   "web_sales.ws_ship_addr_sk", 
   "web_sales.ws_web_page_sk", 
   "web_sales.ws_web_site_sk", 
   "web_sales.ws_ship_mode_sk", 
   "web_sales.ws_warehouse_sk", 
   "web_sales.ws_promo_sk", 
   "web_sales.ws_order_number", 
   "web_sales.ws_quantity", 
   "web_sales.ws_wholesale_cost", 
   "web_sales.ws_list_price", 
   "web_sales.ws_sales_price", 
   "web_sales.ws_ext_discount_amt", 
   "web_sales.ws_ext_sales_price", 
   "web_sales.ws_ext_wholesale_cost", 
   "web_sales.ws_ext_list_price", 
   "web_sales.ws_ext_tax", 
   "web_sales.ws_coupon_amt", 
   "web_sales.ws_ext_ship_cost", 
   "web_sales.ws_net_paid", 
   "web_sales.ws_net_paid_inc_tax", 
   "web_sales.ws_net_paid_inc_ship", 
   "web_sales.ws_net_paid_inc_ship_tax", 
   "web_sales.ws_net_profit"
  ], 
  "Plan Width": 22, 
  "Total Cost": 12.6
 }, 
 {
  "Startup Cost": 10.55, 
  "plan_id": 79, 
  "Plans": [
   80
  ], 
  "Plan Rows": 3, 
  "Node Type": "Hash", 
  "filename": "plans/query12.json", 
  "Parallel Aware": false, 
  "Parent Relationship": "Inner", 
  "Output": [
   "item.i_item_id", 
   "item.i_item_desc", 
   "item.i_category", 
   "item.i_class", 
   "item.i_current_price", 
   "item.i_item_sk"
  ], 
  "Plan Width": 912, 
  "Total Cost": 10.55
 }, 
 {
  "Startup Cost": 10.59, 
  "Plan Width": 926, 
  "plan_id": 77, 
  "Plans": [
   78, 
   79
  ], 
  "Plan Rows": 4, 
  "Node Type": "Hash Join", 
  "Join Type": "Inner", 
  "filename": "plans/query12.json", 
  "Parallel Aware": false, 
  "Output": [
   "web_sales.ws_ext_sales_price", 
   "web_sales.ws_sold_date_sk", 
   "item.i_item_id", 
   "item.i_item_desc", 
   "item.i_category", 
   "item.i_class", 
   "item.i_current_price"
  ], 
  "Hash Cond": "(web_sales.ws_item_sk = item.i_item_sk)", 
  "Parent Relationship": "Outer", 
  "Total Cost": 24.2
 }, 
 {
  "Filter": "((date_dim.d_date >= '2000-02-03'::date) AND (date_dim.d_date <= '2000-03-04 00:00:00'::timestamp without time zone))", 
  "Startup Cost": 0.15, 
  "filename": "plans/query12.json", 
  "plan_id": 81, 
  "Scan Direction": "Forward", 
  "Index Cond": "(date_dim.d_date_sk = web_sales.ws_sold_date_sk)", 
  "Node Type": "Index Scan", 
  "Relation Name": "date_dim", 
  "Alias": "date_dim", 
  "Plan Rows": 1, 
  "Schema": "pg_temp_2", 
  "Parallel Aware": false, 
  "Parent Relationship": "Inner", 
  "Output": [
   "date_dim.d_date_sk", 
   "date_dim.d_date_id", 
   "date_dim.d_date", 
   "date_dim.d_month_seq", 
   "date_dim.d_week_seq", 
   "date_dim.d_quarter_seq", 
   "date_dim.d_year", 
   "date_dim.d_dow", 
   "date_dim.d_moy", 
   "date_dim.d_dom", 
   "date_dim.d_qoy", 
   "date_dim.d_fy_year", 
   "date_dim.d_fy_quarter_seq", 
   "date_dim.d_fy_week_seq", 
   "date_dim.d_day_name", 
   "date_dim.d_quarter_name", 
   "date_dim.d_holiday", 
   "date_dim.d_weekend", 
   "date_dim.d_following_holiday", 
   "date_dim.d_first_dom", 
   "date_dim.d_last_dom", 
   "date_dim.d_same_day_ly", 
   "date_dim.d_same_day_lq", 
   "date_dim.d_current_day", 
   "date_dim.d_current_week", 
   "date_dim.d_current_month", 
   "date_dim.d_current_quarter", 
   "date_dim.d_current_year"
  ], 
  "Index Name": "date_dim_pkey", 
  "Plan Width": 4, 
  "Total Cost": 0.34
 }, 
 {
  "Startup Cost": 10.74, 
  "plan_id": 76, 
  "Plans": [
   77, 
   81
  ], 
  "Plan Rows": 1, 
  "Node Type": "Nested Loop", 
  "Join Type": "Inner", 
  "filename": "plans/query12.json", 
  "Parallel Aware": false, 
  "Parent Relationship": "Outer", 
  "Output": [
   "item.i_item_id", 
   "item.i_item_desc", 
   "item.i_category", 
   "item.i_class", 
   "item.i_current_price", 
   "web_sales.ws_ext_sales_price"
  ], 
  "Plan Width": 922, 
  "Total Cost": 25.6
 }, 
 {
  "Startup Cost": 25.61, 
  "plan_id": 75, 
  "Plans": [
   76
  ], 
  "Sort Key": [
   "item.i_item_id", 
   "item.i_item_desc", 
   "item.i_category", 
   "item.i_class", 
   "item.i_current_price"
  ], 
  "Plan Rows": 1, 
  "Node Type": "Sort", 
  "filename": "plans/query12.json", 
  "Parallel Aware": false, 
  "Parent Relationship": "Outer", 
  "Output": [
   "item.i_item_id", 
   "item.i_item_desc", 
   "item.i_category", 
   "item.i_class", 
   "item.i_current_price", 
   "web_sales.ws_ext_sales_price"
  ], 
  "Plan Width": 922, 
  "Total Cost": 25.61
 }, 
 {
  "Partial Mode": "Simple", 
  "Startup Cost": 25.61, 
  "Plan Width": 940, 
  "plan_id": 74, 
  "Plans": [
   75
  ], 
  "filename": "plans/query12.json", 
  "Node Type": "Aggregate", 
  "Strategy": "Sorted", 
  "Plan Rows": 1, 
  "Parallel Aware": false, 
  "Output": [
   "item.i_item_id", 
   "item.i_item_desc", 
   "item.i_category", 
   "item.i_class", 
   "item.i_current_price", 
   "sum(web_sales.ws_ext_sales_price)"
  ], 
  "Group Key": [
   "item.i_item_id", 
   "item.i_item_desc", 
   "item.i_category", 
   "item.i_class", 
   "item.i_current_price"
  ], 
  "Parent Relationship": "Outer", 
  "Total Cost": 25.65
 }, 
 {
  "Startup Cost": 25.66, 
  "plan_id": 73, 
  "Plans": [
   74
  ], 
  "Sort Key": [
   "item.i_class"
  ], 
  "Plan Rows": 1, 
  "Node Type": "Sort", 
  "filename": "plans/query12.json", 
  "Parallel Aware": false, 
  "Parent Relationship": "Outer", 
  "Output": [
   "item.i_item_id", 
   "item.i_item_desc", 
   "item.i_category", 
   "item.i_class", 
   "item.i_current_price", 
   "(sum(web_sales.ws_ext_sales_price))"
  ], 
  "Plan Width": 940, 
  "Total Cost": 25.67
 }, 
 {
  "Startup Cost": 25.66, 
  "plan_id": 72, 
  "Plans": [
   73
  ], 
  "Plan Rows": 1, 
  "Node Type": "WindowAgg", 
  "filename": "plans/query12.json", 
  "Parallel Aware": false, 
  "Parent Relationship": "Outer", 
  "Output": [
   "item.i_item_id", 
   "item.i_item_desc", 
   "item.i_category", 
   "item.i_class", 
   "item.i_current_price", 
   "(sum(web_sales.ws_ext_sales_price))", 
   "(((sum(web_sales.ws_ext_sales_price)) * '100'::numeric) / sum((sum(web_sales.ws_ext_sales_price))) OVER (?))"
  ], 
  "Plan Width": 972, 
  "Total Cost": 25.69
 }, 
 {
  "Startup Cost": 25.7, 
  "plan_id": 71, 
  "Plans": [
   72
  ], 
  "Sort Key": [
   "item.i_category", 
   "item.i_class", 
   "item.i_item_id", 
   "item.i_item_desc", 
   "((((sum(web_sales.ws_ext_sales_price)) * '100'::numeric) / sum((sum(web_sales.ws_ext_sales_price))) OVER (?)))"
  ], 
  "Plan Rows": 1, 
  "Node Type": "Sort", 
  "filename": "plans/query12.json", 
  "Parallel Aware": false, 
  "Parent Relationship": "Outer", 
  "Output": [
   "item.i_item_id", 
   "item.i_item_desc", 
   "item.i_category", 
   "item.i_class", 
   "item.i_current_price", 
   "(sum(web_sales.ws_ext_sales_price))", 
   "((((sum(web_sales.ws_ext_sales_price)) * '100'::numeric) / sum((sum(web_sales.ws_ext_sales_price))) OVER (?)))"
  ], 
  "Plan Width": 972, 
  "Total Cost": 25.7
 }, 
 {
  "Startup Cost": 25.7, 
  "plan_id": 70, 
  "Plans": [
   71
  ], 
  "Plan Rows": 1, 
  "Node Type": "Limit", 
  "filename": "plans/query12.json", 
  "Parallel Aware": false, 
  "Output": [
   "item.i_item_id", 
   "item.i_item_desc", 
   "item.i_category", 
   "item.i_class", 
   "item.i_current_price", 
   "(sum(web_sales.ws_ext_sales_price))", 
   "((((sum(web_sales.ws_ext_sales_price)) * '100'::numeric) / sum((sum(web_sales.ws_ext_sales_price))) OVER (?)))"
  ], 
  "Plan Width": 972, 
  "Total Cost": 25.7
 }, 
 {
  "Relation Name": "store_sales", 
  "Startup Cost": 0.0, 
  "plan_id": 88, 
  "Node Type": "Seq Scan", 
  "Plan Rows": 1, 
  "Filter": "((((store_sales.ss_sales_price >= 100.00) AND (store_sales.ss_sales_price <= 150.00)) OR ((store_sales.ss_sales_price >= 50.00) AND (store_sales.ss_sales_price <= 100.00)) OR ((store_sales.ss_sales_price >= 150.00) AND (store_sales.ss_sales_price <= 200.00))) AND (((store_sales.ss_net_profit >= '100'::numeric) AND (store_sales.ss_net_profit <= '200'::numeric)) OR ((store_sales.ss_net_profit >= '150'::numeric) AND (store_sales.ss_net_profit <= '300'::numeric)) OR ((store_sales.ss_net_profit >= '50'::numeric) AND (store_sales.ss_net_profit <= '250'::numeric))))", 
  "Alias": "store_sales", 
  "filename": "plans/query13.json", 
  "Schema": "pg_temp_2", 
  "Parallel Aware": false, 
  "Parent Relationship": "Outer", 
  "Output": [
   "store_sales.ss_sold_date_sk", 
   "store_sales.ss_sold_time_sk", 
   "store_sales.ss_item_sk", 
   "store_sales.ss_customer_sk", 
   "store_sales.ss_cdemo_sk", 
   "store_sales.ss_hdemo_sk", 
   "store_sales.ss_addr_sk", 
   "store_sales.ss_store_sk", 
   "store_sales.ss_promo_sk", 
   "store_sales.ss_ticket_number", 
   "store_sales.ss_quantity", 
   "store_sales.ss_wholesale_cost", 
   "store_sales.ss_list_price", 
   "store_sales.ss_sales_price", 
   "store_sales.ss_ext_discount_amt", 
   "store_sales.ss_ext_sales_price", 
   "store_sales.ss_ext_wholesale_cost", 
   "store_sales.ss_ext_list_price", 
   "store_sales.ss_ext_tax", 
   "store_sales.ss_coupon_amt", 
   "store_sales.ss_net_paid", 
   "store_sales.ss_net_paid_inc_tax", 
   "store_sales.ss_net_profit"
  ], 
  "Plan Width": 80, 
  "Total Cost": 23.6
 }, 
 {
  "Startup Cost": 0.14, 
  "filename": "plans/query13.json", 
  "plan_id": 89, 
  "Scan Direction": "Forward", 
  "Index Cond": "(store.s_store_sk = store_sales.ss_store_sk)", 
  "Node Type": "Index Only Scan", 
  "Relation Name": "store", 
  "Alias": "store", 
  "Plan Rows": 1, 
  "Schema": "pg_temp_2", 
  "Parallel Aware": false, 
  "Parent Relationship": "Inner", 
  "Output": [
   "store.s_store_sk"
  ], 
  "Index Name": "store_pkey", 
  "Plan Width": 4, 
  "Total Cost": 8.16
 }, 
 {
  "Startup Cost": 0.14, 
  "plan_id": 87, 
  "Plans": [
   88, 
   89
  ], 
  "Plan Rows": 1, 
  "Node Type": "Nested Loop", 
  "Join Type": "Inner", 
  "filename": "plans/query13.json", 
  "Parallel Aware": false, 
  "Parent Relationship": "Outer", 
  "Output": [
   "store_sales.ss_quantity", 
   "store_sales.ss_ext_sales_price", 
   "store_sales.ss_ext_wholesale_cost", 
   "store_sales.ss_sold_date_sk", 
   "store_sales.ss_hdemo_sk", 
   "store_sales.ss_cdemo_sk", 
   "store_sales.ss_sales_price", 
   "store_sales.ss_addr_sk", 
   "store_sales.ss_net_profit"
  ], 
  "Plan Width": 76, 
  "Total Cost": 31.77
 }, 
 {
  "Filter": "(((customer_demographics.cd_marital_status = 'M'::bpchar) AND (customer_demographics.cd_education_status = 'Secondary'::bpchar)) OR ((customer_demographics.cd_marital_status = 'D'::bpchar) AND (customer_demographics.cd_education_status = 'Unknown'::bpchar)) OR ((customer_demographics.cd_marital_status = 'U'::bpchar) AND (customer_demographics.cd_education_status = 'Primary'::bpchar)))", 
  "Startup Cost": 0.15, 
  "filename": "plans/query13.json", 
  "plan_id": 90, 
  "Scan Direction": "Forward", 
  "Index Cond": "(customer_demographics.cd_demo_sk = store_sales.ss_cdemo_sk)", 
  "Node Type": "Index Scan", 
  "Relation Name": "customer_demographics", 
  "Alias": "customer_demographics", 
  "Plan Rows": 1, 
  "Schema": "pg_temp_2", 
  "Parallel Aware": false, 
  "Parent Relationship": "Inner", 
  "Output": [
   "customer_demographics.cd_demo_sk", 
   "customer_demographics.cd_gender", 
   "customer_demographics.cd_marital_status", 
   "customer_demographics.cd_education_status", 
   "customer_demographics.cd_purchase_estimate", 
   "customer_demographics.cd_credit_rating", 
   "customer_demographics.cd_dep_count", 
   "customer_demographics.cd_dep_employed_count", 
   "customer_demographics.cd_dep_college_count"
  ], 
  "Index Name": "customer_demographics_pkey", 
  "Plan Width": 96, 
  "Total Cost": 8.18
 }, 
 {
  "Startup Cost": 0.29, 
  "plan_id": 86, 
  "Plans": [
   87, 
   90
  ], 
  "Plan Rows": 1, 
  "Node Type": "Nested Loop", 
  "Join Type": "Inner", 
  "filename": "plans/query13.json", 
  "Parallel Aware": false, 
  "Parent Relationship": "Outer", 
  "Output": [
   "store_sales.ss_quantity", 
   "store_sales.ss_ext_sales_price", 
   "store_sales.ss_ext_wholesale_cost", 
   "store_sales.ss_sold_date_sk", 
   "store_sales.ss_hdemo_sk", 
   "store_sales.ss_sales_price", 
   "store_sales.ss_addr_sk", 
   "store_sales.ss_net_profit", 
   "customer_demographics.cd_marital_status", 
   "customer_demographics.cd_education_status"
  ], 
  "Plan Width": 164, 
  "Total Cost": 39.96
 }, 
 {
  "Filter": "((household_demographics.hd_dep_count = 3) OR (household_demographics.hd_dep_count = 1) OR (household_demographics.hd_dep_count = 1))", 
  "Startup Cost": 0.15, 
  "filename": "plans/query13.json", 
  "plan_id": 91, 
  "Scan Direction": "Forward", 
  "Index Cond": "(household_demographics.hd_demo_sk = store_sales.ss_hdemo_sk)", 
  "Node Type": "Index Scan", 
  "Relation Name": "household_demographics", 
  "Alias": "household_demographics", 
  "Plan Rows": 1, 
  "Schema": "pg_temp_2", 
  "Parallel Aware": false, 
  "Parent Relationship": "Inner", 
  "Output": [
   "household_demographics.hd_demo_sk", 
   "household_demographics.hd_income_band_sk", 
   "household_demographics.hd_buy_potential", 
   "household_demographics.hd_dep_count", 
   "household_demographics.hd_vehicle_count"
  ], 
  "Index Name": "household_demographics_pkey", 
  "Plan Width": 8, 
  "Total Cost": 8.18
 }, 
 {
  "Startup Cost": 0.44, 
  "plan_id": 85, 
  "Plans": [
   86, 
   91
  ], 
  "Plan Rows": 1, 
  "Node Type": "Nested Loop", 
  "Join Type": "Inner", 
  "filename": "plans/query13.json", 
  "Parallel Aware": false, 
  "Parent Relationship": "Outer", 
  "Output": [
   "store_sales.ss_quantity", 
   "store_sales.ss_ext_sales_price", 
   "store_sales.ss_ext_wholesale_cost", 
   "store_sales.ss_sold_date_sk", 
   "store_sales.ss_addr_sk", 
   "store_sales.ss_net_profit"
  ], 
  "Plan Width": 54, 
  "Join Filter": "(((customer_demographics.cd_marital_status = 'M'::bpchar) AND (customer_demographics.cd_education_status = 'Secondary'::bpchar) AND (store_sales.ss_sales_price >= 100.00) AND (store_sales.ss_sales_price <= 150.00) AND (household_demographics.hd_dep_count = 3)) OR ((customer_demographics.cd_marital_status = 'D'::bpchar) AND (customer_demographics.cd_education_status = 'Unknown'::bpchar) AND (store_sales.ss_sales_price >= 50.00) AND (store_sales.ss_sales_price <= 100.00) AND (household_demographics.hd_dep_count = 1)) OR ((customer_demographics.cd_marital_status = 'U'::bpchar) AND (customer_demographics.cd_education_status = 'Primary'::bpchar) AND (store_sales.ss_sales_price >= 150.00) AND (store_sales.ss_sales_price <= 200.00) AND (household_demographics.hd_dep_count = 1)))", 
  "Total Cost": 48.18
 }, 
 {
  "Filter": "(((customer_address.ca_country)::text = 'United States'::text) AND ((customer_address.ca_state = ANY ('{TN,MN,TX}'::bpchar[])) OR (customer_address.ca_state = ANY ('{OR,MI,GA}'::bpchar[])) OR (customer_address.ca_state = ANY ('{IN,AL,PA}'::bpchar[]))) AND (((customer_address.ca_state = ANY ('{TN,MN,TX}'::bpchar[])) AND (store_sales.ss_net_profit >= '100'::numeric) AND (store_sales.ss_net_profit <= '200'::numeric)) OR ((customer_address.ca_state = ANY ('{OR,MI,GA}'::bpchar[])) AND (store_sales.ss_net_profit >= '150'::numeric) AND (store_sales.ss_net_profit <= '300'::numeric)) OR ((customer_address.ca_state = ANY ('{IN,AL,PA}'::bpchar[])) AND (store_sales.ss_net_profit >= '50'::numeric) AND (store_sales.ss_net_profit <= '250'::numeric))))", 
  "Startup Cost": 0.14, 
  "filename": "plans/query13.json", 
  "plan_id": 92, 
  "Scan Direction": "Forward", 
  "Index Cond": "(customer_address.ca_address_sk = store_sales.ss_addr_sk)", 
  "Node Type": "Index Scan", 
  "Relation Name": "customer_address", 
  "Alias": "customer_address", 
  "Plan Rows": 1, 
  "Schema": "pg_temp_2", 
  "Parallel Aware": false, 
  "Parent Relationship": "Inner", 
  "Output": [
   "customer_address.ca_address_sk", 
   "customer_address.ca_address_id", 
   "customer_address.ca_street_number", 
   "customer_address.ca_street_name", 
   "customer_address.ca_street_type", 
   "customer_address.ca_suite_number", 
   "customer_address.ca_city", 
   "customer_address.ca_county", 
   "customer_address.ca_state", 
   "customer_address.ca_zip", 
   "customer_address.ca_country", 
   "customer_address.ca_gmt_offset", 
   "customer_address.ca_location_type"
  ], 
  "Index Name": "customer_address_pkey", 
  "Plan Width": 16, 
  "Total Cost": 8.2
 }, 
 {
  "Startup Cost": 0.58, 
  "plan_id": 84, 
  "Plans": [
   85, 
   92
  ], 
  "Plan Rows": 1, 
  "Node Type": "Nested Loop", 
  "Join Type": "Inner", 
  "filename": "plans/query13.json", 
  "Parallel Aware": false, 
  "Parent Relationship": "Outer", 
  "Output": [
   "store_sales.ss_quantity", 
   "store_sales.ss_ext_sales_price", 
   "store_sales.ss_ext_wholesale_cost", 
   "store_sales.ss_sold_date_sk"
  ], 
  "Plan Width": 36, 
  "Total Cost": 56.39
 }, 
 {
  "Filter": "(date_dim.d_year = 2001)", 
  "Startup Cost": 0.15, 
  "filename": "plans/query13.json", 
  "plan_id": 93, 
  "Scan Direction": "Forward", 
  "Index Cond": "(date_dim.d_date_sk = store_sales.ss_sold_date_sk)", 
  "Node Type": "Index Scan", 
  "Relation Name": "date_dim", 
  "Alias": "date_dim", 
  "Plan Rows": 1, 
  "Schema": "pg_temp_2", 
  "Parallel Aware": false, 
  "Parent Relationship": "Inner", 
  "Output": [
   "date_dim.d_date_sk", 
   "date_dim.d_date_id", 
   "date_dim.d_date", 
   "date_dim.d_month_seq", 
   "date_dim.d_week_seq", 
   "date_dim.d_quarter_seq", 
   "date_dim.d_year", 
   "date_dim.d_dow", 
   "date_dim.d_moy", 
   "date_dim.d_dom", 
   "date_dim.d_qoy", 
   "date_dim.d_fy_year", 
   "date_dim.d_fy_quarter_seq", 
   "date_dim.d_fy_week_seq", 
   "date_dim.d_day_name", 
   "date_dim.d_quarter_name", 
   "date_dim.d_holiday", 
   "date_dim.d_weekend", 
   "date_dim.d_following_holiday", 
   "date_dim.d_first_dom", 
   "date_dim.d_last_dom", 
   "date_dim.d_same_day_ly", 
   "date_dim.d_same_day_lq", 
   "date_dim.d_current_day", 
   "date_dim.d_current_week", 
   "date_dim.d_current_month", 
   "date_dim.d_current_quarter", 
   "date_dim.d_current_year"
  ], 
  "Index Name": "date_dim_pkey", 
  "Plan Width": 4, 
  "Total Cost": 8.17
 }, 
 {
  "Startup Cost": 0.73, 
  "plan_id": 83, 
  "Plans": [
   84, 
   93
  ], 
  "Plan Rows": 1, 
  "Node Type": "Nested Loop", 
  "Join Type": "Inner", 
  "filename": "plans/query13.json", 
  "Parallel Aware": false, 
  "Parent Relationship": "Outer", 
  "Output": [
   "store_sales.ss_quantity", 
   "store_sales.ss_ext_sales_price", 
   "store_sales.ss_ext_wholesale_cost"
  ], 
  "Plan Width": 32, 
  "Total Cost": 64.57
 }, 
 {
  "Partial Mode": "Simple", 
  "Startup Cost": 64.59, 
  "plan_id": 82, 
  "Plans": [
   83
  ], 
  "Plan Rows": 1, 
  "Strategy": "Plain", 
  "filename": "plans/query13.json", 
  "Parallel Aware": false, 
  "Output": [
   "avg(store_sales.ss_quantity)", 
   "avg(store_sales.ss_ext_sales_price)", 
   "avg(store_sales.ss_ext_wholesale_cost)", 
   "sum(store_sales.ss_ext_wholesale_cost)"
  ], 
  "Plan Width": 128, 
  "Node Type": "Aggregate", 
  "Total Cost": 64.6
 }, 
 {
  "Relation Name": "date_dim", 
  "Startup Cost": 0.0, 
  "plan_id": 107, 
  "Node Type": "Seq Scan", 
  "Plan Rows": 1, 
  "Filter": "((d1.d_year >= 1998) AND (d1.d_year <= 2000))", 
  "Alias": "d1", 
  "filename": "plans/query14.json", 
  "Schema": "pg_temp_2", 
  "Parallel Aware": false, 
  "Parent Relationship": "Outer", 
  "Output": [
   "d1.d_date_sk"
  ], 
  "Plan Width": 4, 
  "Total Cost": 14.05
 }, 
 {
  "Startup Cost": 0.0, 
  "plan_id": 105, 
  "Node Type": "Seq Scan", 
  "Plan Rows": 340, 
  "Relation Name": "store_sales", 
  "Alias": "store_sales_1", 
  "filename": "plans/query14.json", 
  "Schema": "pg_temp_2", 
  "Parallel Aware": false, 
  "Parent Relationship": "Outer", 
  "Output": [
   "store_sales_1.ss_sold_date_sk", 
   "store_sales_1.ss_sold_time_sk", 
   "store_sales_1.ss_item_sk", 
   "store_sales_1.ss_customer_sk", 
   "store_sales_1.ss_cdemo_sk", 
   "store_sales_1.ss_hdemo_sk", 
   "store_sales_1.ss_addr_sk", 
   "store_sales_1.ss_store_sk", 
   "store_sales_1.ss_promo_sk", 
   "store_sales_1.ss_ticket_number", 
   "store_sales_1.ss_quantity", 
   "store_sales_1.ss_wholesale_cost", 
   "store_sales_1.ss_list_price", 
   "store_sales_1.ss_sales_price", 
   "store_sales_1.ss_ext_discount_amt", 
   "store_sales_1.ss_ext_sales_price", 
   "store_sales_1.ss_ext_wholesale_cost", 
   "store_sales_1.ss_ext_list_price", 
   "store_sales_1.ss_ext_tax", 
   "store_sales_1.ss_coupon_amt", 
   "store_sales_1.ss_net_paid", 
   "store_sales_1.ss_net_paid_inc_tax", 
   "store_sales_1.ss_net_profit"
  ], 
  "Plan Width": 8, 
  "Total Cost": 13.4
 }, 
 {
  "Startup Cost": 14.05, 
  "plan_id": 106, 
  "Plans": [
   107
  ], 
  "Plan Rows": 1, 
  "Node Type": "Hash", 
  "filename": "plans/query14.json", 
  "Parallel Aware": false, 
  "Parent Relationship": "Inner", 
  "Output": [
   "d1.d_date_sk"
  ], 
  "Plan Width": 4, 
  "Total Cost": 14.05
 }, 
 {
  "Startup Cost": 14.06, 
  "Plan Width": 4, 
  "plan_id": 104, 
  "Plans": [
   105, 
   106
  ], 
  "Plan Rows": 1, 
  "Node Type": "Hash Join", 
  "Join Type": "Inner", 
  "filename": "plans/query14.json", 
  "Parallel Aware": false, 
  "Output": [
   "store_sales_1.ss_item_sk"
  ], 
  "Hash Cond": "(store_sales_1.ss_sold_date_sk = d1.d_date_sk)", 
  "Parent Relationship": "Outer", 
  "Total Cost": 28.75
 }, 
 {
  "Startup Cost": 0.14, 
  "filename": "plans/query14.json", 
  "plan_id": 108, 
  "Scan Direction": "Forward", 
  "Index Cond": "(iss.i_item_sk = store_sales_1.ss_item_sk)", 
  "Node Type": "Index Scan", 
  "Relation Name": "item", 
  "Alias": "iss", 
  "Plan Rows": 1, 
  "Schema": "pg_temp_2", 
  "Parallel Aware": false, 
  "Parent Relationship": "Inner", 
  "Output": [
   "iss.i_item_sk", 
   "iss.i_item_id", 
   "iss.i_rec_start_date", 
   "iss.i_rec_end_date", 
   "iss.i_item_desc", 
   "iss.i_current_price", 
   "iss.i_wholesale_cost", 
   "iss.i_brand_id", 
   "iss.i_brand", 
   "iss.i_class_id", 
   "iss.i_class", 
   "iss.i_category_id", 
   "iss.i_category", 
   "iss.i_manufact_id", 
   "iss.i_manufact", 
   "iss.i_size", 
   "iss.i_formulation", 
   "iss.i_color", 
   "iss.i_units", 
   "iss.i_container", 
   "iss.i_manager_id", 
   "iss.i_product_name"
  ], 
  "Index Name": "item_pkey", 
  "Plan Width": 16, 
  "Total Cost": 0.29
 }, 
 {
  "Startup Cost": 14.2, 
  "plan_id": 103, 
  "Plans": [
   104, 
   108
  ], 
  "Plan Rows": 1, 
  "Node Type": "Nested Loop", 
  "Join Type": "Inner", 
  "filename": "plans/query14.json", 
  "Parallel Aware": false, 
  "Parent Relationship": "Subquery", 
  "Output": [
   "iss.i_brand_id", 
   "iss.i_class_id", 
   "iss.i_category_id"
  ], 
  "Plan Width": 12, 
  "Total Cost": 29.04
 }, 
 {
  "Relation Name": "date_dim", 
  "Startup Cost": 0.0, 
  "plan_id": 114, 
  "Node Type": "Seq Scan", 
  "Plan Rows": 1, 
  "Filter": "((d2.d_year >= 1998) AND (d2.d_year <= 2000))", 
  "Alias": "d2", 
  "filename": "plans/query14.json", 
  "Schema": "pg_temp_2", 
  "Parallel Aware": false, 
  "Parent Relationship": "Outer", 
  "Output": [
   "d2.d_date_sk"
  ], 
  "Plan Width": 4, 
  "Total Cost": 14.05
 }, 
 {
  "Startup Cost": 0.0, 
  "plan_id": 112, 
  "Node Type": "Seq Scan", 
  "Plan Rows": 260, 
  "Relation Name": "catalog_sales", 
  "Alias": "catalog_sales_1", 
  "filename": "plans/query14.json", 
  "Schema": "pg_temp_2", 
  "Parallel Aware": false, 
  "Parent Relationship": "Outer", 
  "Output": [
   "catalog_sales_1.cs_sold_date_sk", 
   "catalog_sales_1.cs_sold_time_sk", 
   "catalog_sales_1.cs_ship_date_sk", 
   "catalog_sales_1.cs_bill_customer_sk", 
   "catalog_sales_1.cs_bill_cdemo_sk", 
   "catalog_sales_1.cs_bill_hdemo_sk", 
   "catalog_sales_1.cs_bill_addr_sk", 
   "catalog_sales_1.cs_ship_customer_sk", 
   "catalog_sales_1.cs_ship_cdemo_sk", 
   "catalog_sales_1.cs_ship_hdemo_sk", 
   "catalog_sales_1.cs_ship_addr_sk", 
   "catalog_sales_1.cs_call_center_sk", 
   "catalog_sales_1.cs_catalog_page_sk", 
   "catalog_sales_1.cs_ship_mode_sk", 
   "catalog_sales_1.cs_warehouse_sk", 
   "catalog_sales_1.cs_item_sk", 
   "catalog_sales_1.cs_promo_sk", 
   "catalog_sales_1.cs_order_number", 
   "catalog_sales_1.cs_quantity", 
   "catalog_sales_1.cs_wholesale_cost", 
   "catalog_sales_1.cs_list_price", 
   "catalog_sales_1.cs_sales_price", 
   "catalog_sales_1.cs_ext_discount_amt", 
   "catalog_sales_1.cs_ext_sales_price", 
   "catalog_sales_1.cs_ext_wholesale_cost", 
   "catalog_sales_1.cs_ext_list_price", 
   "catalog_sales_1.cs_ext_tax", 
   "catalog_sales_1.cs_coupon_amt", 
   "catalog_sales_1.cs_ext_ship_cost", 
   "catalog_sales_1.cs_net_paid", 
   "catalog_sales_1.cs_net_paid_inc_tax", 
   "catalog_sales_1.cs_net_paid_inc_ship", 
   "catalog_sales_1.cs_net_paid_inc_ship_tax", 
   "catalog_sales_1.cs_net_profit"
  ], 
  "Plan Width": 8, 
  "Total Cost": 12.6
 }, 
 {
  "Startup Cost": 14.05, 
  "plan_id": 113, 
  "Plans": [
   114
  ], 
  "Plan Rows": 1, 
  "Node Type": "Hash", 
  "filename": "plans/query14.json", 
  "Parallel Aware": false, 
  "Parent Relationship": "Inner", 
  "Output": [
   "d2.d_date_sk"
  ], 
  "Plan Width": 4, 
  "Total Cost": 14.05
 }, 
 {
  "Startup Cost": 14.06, 
  "Plan Width": 4, 
  "plan_id": 111, 
  "Plans": [
   112, 
   113
  ], 
  "Plan Rows": 1, 
  "Node Type": "Hash Join", 
  "Join Type": "Inner", 
  "filename": "plans/query14.json", 
  "Parallel Aware": false, 
  "Output": [
   "catalog_sales_1.cs_item_sk"
  ], 
  "Hash Cond": "(catalog_sales_1.cs_sold_date_sk = d2.d_date_sk)", 
  "Parent Relationship": "Outer", 
  "Total Cost": 27.65
 }, 
 {
  "Startup Cost": 0.14, 
  "filename": "plans/query14.json", 
  "plan_id": 115, 
  "Scan Direction": "Forward", 
  "Index Cond": "(ics.i_item_sk = catalog_sales_1.cs_item_sk)", 
  "Node Type": "Index Scan", 
  "Relation Name": "item", 
  "Alias": "ics", 
  "Plan Rows": 1, 
  "Schema": "pg_temp_2", 
  "Parallel Aware": false, 
  "Parent Relationship": "Inner", 
  "Output": [
   "ics.i_item_sk", 
   "ics.i_item_id", 
   "ics.i_rec_start_date", 
   "ics.i_rec_end_date", 
   "ics.i_item_desc", 
   "ics.i_current_price", 
   "ics.i_wholesale_cost", 
   "ics.i_brand_id", 
   "ics.i_brand", 
   "ics.i_class_id", 
   "ics.i_class", 
   "ics.i_category_id", 
   "ics.i_category", 
   "ics.i_manufact_id", 
   "ics.i_manufact", 
   "ics.i_size", 
   "ics.i_formulation", 
   "ics.i_color", 
   "ics.i_units", 
   "ics.i_container", 
   "ics.i_manager_id", 
   "ics.i_product_name"
  ], 
  "Index Name": "item_pkey", 
  "Plan Width": 16, 
  "Total Cost": 0.33
 }, 
 {
  "Startup Cost": 14.2, 
  "plan_id": 110, 
  "Plans": [
   111, 
   115
  ], 
  "Plan Rows": 1, 
  "Node Type": "Nested Loop", 
  "Join Type": "Inner", 
  "filename": "plans/query14.json", 
  "Parallel Aware": false, 
  "Parent Relationship": "Subquery", 
  "Output": [
   "ics.i_brand_id", 
   "ics.i_class_id", 
   "ics.i_category_id"
  ], 
  "Plan Width": 12, 
  "Total Cost": 27.98
 }, 
 {
  "Startup Cost": 14.2, 
  "plan_id": 102, 
  "Plans": [
   103
  ], 
  "Plan Rows": 1, 
  "Node Type": "Subquery Scan", 
  "Alias": "*SELECT* 1", 
  "filename": "plans/query14.json", 
  "Parallel Aware": false, 
  "Parent Relationship": "Member", 
  "Output": [
   "\"*SELECT* 1\".brand_id", 
   "\"*SELECT* 1\".class_id", 
   "\"*SELECT* 1\".category_id", 
   "0"
  ], 
  "Plan Width": 16, 
  "Total Cost": 29.05
 }, 
 {
  "Startup Cost": 14.2, 
  "plan_id": 109, 
  "Plans": [
   110
  ], 
  "Plan Rows": 1, 
  "Node Type": "Subquery Scan", 
  "Alias": "*SELECT* 2", 
  "filename": "plans/query14.json", 
  "Parallel Aware": false, 
  "Parent Relationship": "Member", 
  "Output": [
   "\"*SELECT* 2\".i_brand_id", 
   "\"*SELECT* 2\".i_class_id", 
   "\"*SELECT* 2\".i_category_id", 
   "1"
  ], 
  "Plan Width": 16, 
  "Total Cost": 27.99
 }, 
 {
  "Startup Cost": 14.2, 
  "plan_id": 101, 
  "Plans": [
   102, 
   109
  ], 
  "Plan Rows": 2, 
  "Node Type": "Append", 
  "filename": "plans/query14.json", 
  "Parallel Aware": false, 
  "Parent Relationship": "Outer", 
  "Plan Width": 16, 
  "Total Cost": 57.05
 }, 
 {
  "Node Type": "SetOp", 
  "Startup Cost": 14.2, 
  "plan_id": 100, 
  "Plans": [
   101
  ], 
  "Plan Rows": 1, 
  "Strategy": "Hashed", 
  "filename": "plans/query14.json", 
  "Command": "Intersect", 
  "Parallel Aware": false, 
  "Parent Relationship": "Outer", 
  "Output": [
   "\"*SELECT* 1\".brand_id", 
   "\"*SELECT* 1\".class_id", 
   "\"*SELECT* 1\".category_id", 
   "(0)"
  ], 
  "Plan Width": 16, 
  "Total Cost": 57.06
 }, 
 {
  "Relation Name": "date_dim", 
  "Startup Cost": 0.0, 
  "plan_id": 121, 
  "Node Type": "Seq Scan", 
  "Plan Rows": 1, 
  "Filter": "((d3.d_year >= 1998) AND (d3.d_year <= 2000))", 
  "Alias": "d3", 
  "filename": "plans/query14.json", 
  "Schema": "pg_temp_2", 
  "Parallel Aware": false, 
  "Parent Relationship": "Outer", 
  "Output": [
   "d3.d_date_sk"
  ], 
  "Plan Width": 4, 
  "Total Cost": 14.05
 }, 
 {
  "Startup Cost": 0.0, 
  "plan_id": 119, 
  "Node Type": "Seq Scan", 
  "Plan Rows": 260, 
  "Relation Name": "web_sales", 
  "Alias": "web_sales_1", 
  "filename": "plans/query14.json", 
  "Schema": "pg_temp_2", 
  "Parallel Aware": false, 
  "Parent Relationship": "Outer", 
  "Output": [
   "web_sales_1.ws_sold_date_sk", 
   "web_sales_1.ws_sold_time_sk", 
   "web_sales_1.ws_ship_date_sk", 
   "web_sales_1.ws_item_sk", 
   "web_sales_1.ws_bill_customer_sk", 
   "web_sales_1.ws_bill_cdemo_sk", 
   "web_sales_1.ws_bill_hdemo_sk", 
   "web_sales_1.ws_bill_addr_sk", 
   "web_sales_1.ws_ship_customer_sk", 
   "web_sales_1.ws_ship_cdemo_sk", 
   "web_sales_1.ws_ship_hdemo_sk", 
   "web_sales_1.ws_ship_addr_sk", 
   "web_sales_1.ws_web_page_sk", 
   "web_sales_1.ws_web_site_sk", 
   "web_sales_1.ws_ship_mode_sk", 
   "web_sales_1.ws_warehouse_sk", 
   "web_sales_1.ws_promo_sk", 
   "web_sales_1.ws_order_number", 
   "web_sales_1.ws_quantity", 
   "web_sales_1.ws_wholesale_cost", 
   "web_sales_1.ws_list_price", 
   "web_sales_1.ws_sales_price", 
   "web_sales_1.ws_ext_discount_amt", 
   "web_sales_1.ws_ext_sales_price", 
   "web_sales_1.ws_ext_wholesale_cost", 
   "web_sales_1.ws_ext_list_price", 
   "web_sales_1.ws_ext_tax", 
   "web_sales_1.ws_coupon_amt", 
   "web_sales_1.ws_ext_ship_cost", 
   "web_sales_1.ws_net_paid", 
   "web_sales_1.ws_net_paid_inc_tax", 
   "web_sales_1.ws_net_paid_inc_ship", 
   "web_sales_1.ws_net_paid_inc_ship_tax", 
   "web_sales_1.ws_net_profit"
  ], 
  "Plan Width": 8, 
  "Total Cost": 12.6
 }, 
 {
  "Startup Cost": 14.05, 
  "plan_id": 120, 
  "Plans": [
   121
  ], 
  "Plan Rows": 1, 
  "Node Type": "Hash", 
  "filename": "plans/query14.json", 
  "Parallel Aware": false, 
  "Parent Relationship": "Inner", 
  "Output": [
   "d3.d_date_sk"
  ], 
  "Plan Width": 4, 
  "Total Cost": 14.05
 }, 
 {
  "Startup Cost": 14.06, 
  "Plan Width": 4, 
  "plan_id": 118, 
  "Plans": [
   119, 
   120
  ], 
  "Plan Rows": 1, 
  "Node Type": "Hash Join", 
  "Join Type": "Inner", 
  "filename": "plans/query14.json", 
  "Parallel Aware": false, 
  "Output": [
   "web_sales_1.ws_item_sk"
  ], 
  "Hash Cond": "(web_sales_1.ws_sold_date_sk = d3.d_date_sk)", 
  "Parent Relationship": "Outer", 
  "Total Cost": 27.65
 }, 
 {
  "Startup Cost": 0.14, 
  "filename": "plans/query14.json", 
  "plan_id": 122, 
  "Scan Direction": "Forward", 
  "Index Cond": "(iws.i_item_sk = web_sales_1.ws_item_sk)", 
  "Node Type": "Index Scan", 
  "Relation Name": "item", 
  "Alias": "iws", 
  "Plan Rows": 1, 
  "Schema": "pg_temp_2", 
  "Parallel Aware": false, 
  "Parent Relationship": "Inner", 
  "Output": [
   "iws.i_item_sk", 
   "iws.i_item_id", 
   "iws.i_rec_start_date", 
   "iws.i_rec_end_date", 
   "iws.i_item_desc", 
   "iws.i_current_price", 
   "iws.i_wholesale_cost", 
   "iws.i_brand_id", 
   "iws.i_brand", 
   "iws.i_class_id", 
   "iws.i_class", 
   "iws.i_category_id", 
   "iws.i_category", 
   "iws.i_manufact_id", 
   "iws.i_manufact", 
   "iws.i_size", 
   "iws.i_formulation", 
   "iws.i_color", 
   "iws.i_units", 
   "iws.i_container", 
   "iws.i_manager_id", 
   "iws.i_product_name"
  ], 
  "Index Name": "item_pkey", 
  "Plan Width": 16, 
  "Total Cost": 0.33
 }, 
 {
  "Startup Cost": 14.2, 
  "plan_id": 117, 
  "Plans": [
   118, 
   122
  ], 
  "Plan Rows": 1, 
  "Node Type": "Nested Loop", 
  "Join Type": "Inner", 
  "filename": "plans/query14.json", 
  "Parallel Aware": false, 
  "Parent Relationship": "Subquery", 
  "Output": [
   "iws.i_brand_id", 
   "iws.i_class_id", 
   "iws.i_category_id"
  ], 
  "Plan Width": 12, 
  "Total Cost": 27.98
 }, 
 {
  "Startup Cost": 14.2, 
  "plan_id": 99, 
  "Plans": [
   100
  ], 
  "Plan Rows": 1, 
  "Node Type": "Result", 
  "filename": "plans/query14.json", 
  "Parallel Aware": false, 
  "Parent Relationship": "Member", 
  "Output": [
   "\"*SELECT* 1\".brand_id", 
   "\"*SELECT* 1\".class_id", 
   "\"*SELECT* 1\".category_id", 
   "0"
  ], 
  "Plan Width": 16, 
  "Total Cost": 57.07
 }, 
 {
  "Startup Cost": 14.2, 
  "plan_id": 116, 
  "Plans": [
   117
  ], 
  "Plan Rows": 1, 
  "Node Type": "Subquery Scan", 
  "Alias": "*SELECT* 3", 
  "filename": "plans/query14.json", 
  "Parallel Aware": false, 
  "Parent Relationship": "Member", 
  "Output": [
   "\"*SELECT* 3\".i_brand_id", 
   "\"*SELECT* 3\".i_class_id", 
   "\"*SELECT* 3\".i_category_id", 
   "1"
  ], 
  "Plan Width": 16, 
  "Total Cost": 27.99
 }, 
 {
  "Startup Cost": 14.2, 
  "plan_id": 98, 
  "Plans": [
   99, 
   116
  ], 
  "Plan Rows": 2, 
  "Node Type": "Append", 
  "filename": "plans/query14.json", 
  "Parallel Aware": false, 
  "Parent Relationship": "Outer", 
  "Plan Width": 16, 
  "Total Cost": 85.07
 }, 
 {
  "Node Type": "SetOp", 
  "Startup Cost": 14.2, 
  "plan_id": 97, 
  "Plans": [
   98
  ], 
  "Plan Rows": 1, 
  "Strategy": "Hashed", 
  "filename": "plans/query14.json", 
  "Command": "Intersect", 
  "Parallel Aware": false, 
  "Parent Relationship": "Subquery", 
  "Output": [
   "\"*SELECT* 1\".brand_id", 
   "\"*SELECT* 1\".class_id", 
   "\"*SELECT* 1\".category_id", 
   "(0)"
  ], 
  "Plan Width": 16, 
  "Total Cost": 85.08
 }, 
 {
  "Startup Cost": 14.2, 
  "plan_id": 96, 
  "Plans": [
   97
  ], 
  "Plan Rows": 1, 
  "Node Type": "Subquery Scan", 
  "Alias": "fakealias", 
  "filename": "plans/query14.json", 
  "Parallel Aware": false, 
  "Parent Relationship": "Outer", 
  "Output": [
   "fakealias.brand_id", 
   "fakealias.class_id", 
   "fakealias.category_id"
  ], 
  "Plan Width": 12, 
  "Total Cost": 85.09
 }, 
 {
  "Startup Cost": 0.0, 
  "plan_id": 123, 
  "Node Type": "Seq Scan", 
  "Plan Rows": 40, 
  "Relation Name": "item", 
  "Alias": "item_3", 
  "filename": "plans/query14.json", 
  "Schema": "pg_temp_2", 
  "Parallel Aware": false, 
  "Parent Relationship": "Inner", 
  "Output": [
   "item_3.i_item_sk", 
   "item_3.i_item_id", 
   "item_3.i_rec_start_date", 
   "item_3.i_rec_end_date", 
   "item_3.i_item_desc", 
   "item_3.i_current_price", 
   "item_3.i_wholesale_cost", 
   "item_3.i_brand_id", 
   "item_3.i_brand", 
   "item_3.i_class_id", 
   "item_3.i_class", 
   "item_3.i_category_id", 
   "item_3.i_category", 
   "item_3.i_manufact_id", 
   "item_3.i_manufact", 
   "item_3.i_size", 
   "item_3.i_formulation", 
   "item_3.i_color", 
   "item_3.i_units", 
   "item_3.i_container", 
   "item_3.i_manager_id", 
   "item_3.i_product_name"
  ], 
  "Plan Width": 16, 
  "Total Cost": 10.4
 }, 
 {
  "Relation Name": "date_dim", 
  "Startup Cost": 0.0, 
  "plan_id": 129, 
  "Node Type": "Seq Scan", 
  "Plan Rows": 1, 
  "Filter": "((date_dim_3.d_year >= 1998) AND (date_dim_3.d_year <= 2000))", 
  "Alias": "date_dim_3", 
  "filename": "plans/query14.json", 
  "Schema": "pg_temp_2", 
  "Parallel Aware": false, 
  "Parent Relationship": "Outer", 
  "Output": [
   "date_dim_3.d_date_sk"
  ], 
  "Plan Width": 4, 
  "Total Cost": 14.05
 }, 
 {
  "Startup Cost": 0.0, 
  "plan_id": 127, 
  "Node Type": "Seq Scan", 
  "Plan Rows": 340, 
  "Relation Name": "store_sales", 
  "Alias": "store_sales_2", 
  "filename": "plans/query14.json", 
  "Schema": "pg_temp_2", 
  "Parallel Aware": false, 
  "Parent Relationship": "Outer", 
  "Output": [
   "store_sales_2.ss_sold_date_sk", 
   "store_sales_2.ss_sold_time_sk", 
   "store_sales_2.ss_item_sk", 
   "store_sales_2.ss_customer_sk", 
   "store_sales_2.ss_cdemo_sk", 
   "store_sales_2.ss_hdemo_sk", 
   "store_sales_2.ss_addr_sk", 
   "store_sales_2.ss_store_sk", 
   "store_sales_2.ss_promo_sk", 
   "store_sales_2.ss_ticket_number", 
   "store_sales_2.ss_quantity", 
   "store_sales_2.ss_wholesale_cost", 
   "store_sales_2.ss_list_price", 
   "store_sales_2.ss_sales_price", 
   "store_sales_2.ss_ext_discount_amt", 
   "store_sales_2.ss_ext_sales_price", 
   "store_sales_2.ss_ext_wholesale_cost", 
   "store_sales_2.ss_ext_list_price", 
   "store_sales_2.ss_ext_tax", 
   "store_sales_2.ss_coupon_amt", 
   "store_sales_2.ss_net_paid", 
   "store_sales_2.ss_net_paid_inc_tax", 
   "store_sales_2.ss_net_profit"
  ], 
  "Plan Width": 22, 
  "Total Cost": 13.4
 }, 
 {
  "Startup Cost": 14.05, 
  "plan_id": 128, 
  "Plans": [
   129
  ], 
  "Plan Rows": 1, 
  "Node Type": "Hash", 
  "filename": "plans/query14.json", 
  "Parallel Aware": false, 
  "Parent Relationship": "Inner", 
  "Output": [
   "date_dim_3.d_date_sk"
  ], 
  "Plan Width": 4, 
  "Total Cost": 14.05
 }, 
 {
  "Relation Name": "date_dim", 
  "Startup Cost": 0.0, 
  "plan_id": 133, 
  "Node Type": "Seq Scan", 
  "Plan Rows": 1, 
  "Filter": "((date_dim_4.d_year >= 1998) AND (date_dim_4.d_year <= 2000))", 
  "Alias": "date_dim_4", 
  "filename": "plans/query14.json", 
  "Schema": "pg_temp_2", 
  "Parallel Aware": false, 
  "Parent Relationship": "Outer", 
  "Output": [
   "date_dim_4.d_date_sk"
  ], 
  "Plan Width": 4, 
  "Total Cost": 14.05
 }, 
 {
  "Startup Cost": 0.0, 
  "plan_id": 131, 
  "Node Type": "Seq Scan", 
  "Plan Rows": 260, 
  "Relation Name": "catalog_sales", 
  "Alias": "catalog_sales_2", 
  "filename": "plans/query14.json", 
  "Schema": "pg_temp_2", 
  "Parallel Aware": false, 
  "Parent Relationship": "Outer", 
  "Output": [
   "catalog_sales_2.cs_sold_date_sk", 
   "catalog_sales_2.cs_sold_time_sk", 
   "catalog_sales_2.cs_ship_date_sk", 
   "catalog_sales_2.cs_bill_customer_sk", 
   "catalog_sales_2.cs_bill_cdemo_sk", 
   "catalog_sales_2.cs_bill_hdemo_sk", 
   "catalog_sales_2.cs_bill_addr_sk", 
   "catalog_sales_2.cs_ship_customer_sk", 
   "catalog_sales_2.cs_ship_cdemo_sk", 
   "catalog_sales_2.cs_ship_hdemo_sk", 
   "catalog_sales_2.cs_ship_addr_sk", 
   "catalog_sales_2.cs_call_center_sk", 
   "catalog_sales_2.cs_catalog_page_sk", 
   "catalog_sales_2.cs_ship_mode_sk", 
   "catalog_sales_2.cs_warehouse_sk", 
   "catalog_sales_2.cs_item_sk", 
   "catalog_sales_2.cs_promo_sk", 
   "catalog_sales_2.cs_order_number", 
   "catalog_sales_2.cs_quantity", 
   "catalog_sales_2.cs_wholesale_cost", 
   "catalog_sales_2.cs_list_price", 
   "catalog_sales_2.cs_sales_price", 
   "catalog_sales_2.cs_ext_discount_amt", 
   "catalog_sales_2.cs_ext_sales_price", 
   "catalog_sales_2.cs_ext_wholesale_cost", 
   "catalog_sales_2.cs_ext_list_price", 
   "catalog_sales_2.cs_ext_tax", 
   "catalog_sales_2.cs_coupon_amt", 
   "catalog_sales_2.cs_ext_ship_cost", 
   "catalog_sales_2.cs_net_paid", 
   "catalog_sales_2.cs_net_paid_inc_tax", 
   "catalog_sales_2.cs_net_paid_inc_ship", 
   "catalog_sales_2.cs_net_paid_inc_ship_tax", 
   "catalog_sales_2.cs_net_profit"
  ], 
  "Plan Width": 22, 
  "Total Cost": 12.6
 }, 
 {
  "Startup Cost": 14.05, 
  "plan_id": 132, 
  "Plans": [
   133
  ], 
  "Plan Rows": 1, 
  "Node Type": "Hash", 
  "filename": "plans/query14.json", 
  "Parallel Aware": false, 
  "Parent Relationship": "Inner", 
  "Output": [
   "date_dim_4.d_date_sk"
  ], 
  "Plan Width": 4, 
  "Total Cost": 14.05
 }, 
 {
  "Relation Name": "date_dim", 
  "Startup Cost": 0.0, 
  "plan_id": 137, 
  "Node Type": "Seq Scan", 
  "Plan Rows": 1, 
  "Filter": "((date_dim_5.d_year >= 1998) AND (date_dim_5.d_year <= 2000))", 
  "Alias": "date_dim_5", 
  "filename": "plans/query14.json", 
  "Schema": "pg_temp_2", 
  "Parallel Aware": false, 
  "Parent Relationship": "Outer", 
  "Output": [
   "date_dim_5.d_date_sk"
  ], 
  "Plan Width": 4, 
  "Total Cost": 14.05
 }, 
 {
  "Startup Cost": 0.0, 
  "plan_id": 135, 
  "Node Type": "Seq Scan", 
  "Plan Rows": 260, 
  "Relation Name": "web_sales", 
  "Alias": "web_sales_2", 
  "filename": "plans/query14.json", 
  "Schema": "pg_temp_2", 
  "Parallel Aware": false, 
  "Parent Relationship": "Outer", 
  "Output": [
   "web_sales_2.ws_sold_date_sk", 
   "web_sales_2.ws_sold_time_sk", 
   "web_sales_2.ws_ship_date_sk", 
   "web_sales_2.ws_item_sk", 
   "web_sales_2.ws_bill_customer_sk", 
   "web_sales_2.ws_bill_cdemo_sk", 
   "web_sales_2.ws_bill_hdemo_sk", 
   "web_sales_2.ws_bill_addr_sk", 
   "web_sales_2.ws_ship_customer_sk", 
   "web_sales_2.ws_ship_cdemo_sk", 
   "web_sales_2.ws_ship_hdemo_sk", 
   "web_sales_2.ws_ship_addr_sk", 
   "web_sales_2.ws_web_page_sk", 
   "web_sales_2.ws_web_site_sk", 
   "web_sales_2.ws_ship_mode_sk", 
   "web_sales_2.ws_warehouse_sk", 
   "web_sales_2.ws_promo_sk", 
   "web_sales_2.ws_order_number", 
   "web_sales_2.ws_quantity", 
   "web_sales_2.ws_wholesale_cost", 
   "web_sales_2.ws_list_price", 
   "web_sales_2.ws_sales_price", 
   "web_sales_2.ws_ext_discount_amt", 
   "web_sales_2.ws_ext_sales_price", 
   "web_sales_2.ws_ext_wholesale_cost", 
   "web_sales_2.ws_ext_list_price", 
   "web_sales_2.ws_ext_tax", 
   "web_sales_2.ws_coupon_amt", 
   "web_sales_2.ws_ext_ship_cost", 
   "web_sales_2.ws_net_paid", 
   "web_sales_2.ws_net_paid_inc_tax", 
   "web_sales_2.ws_net_paid_inc_ship", 
   "web_sales_2.ws_net_paid_inc_ship_tax", 
   "web_sales_2.ws_net_profit"
  ], 
  "Plan Width": 22, 
  "Total Cost": 12.6
 }, 
 {
  "Startup Cost": 14.05, 
  "plan_id": 136, 
  "Plans": [
   137
  ], 
  "Plan Rows": 1, 
  "Node Type": "Hash", 
  "filename": "plans/query14.json", 
  "Parallel Aware": false, 
  "Parent Relationship": "Inner", 
  "Output": [
   "date_dim_5.d_date_sk"
  ], 
  "Plan Width": 4, 
  "Total Cost": 14.05
 }, 
 {
  "Startup Cost": 14.06, 
  "Plan Width": 18, 
  "plan_id": 126, 
  "Plans": [
   127, 
   128
  ], 
  "Plan Rows": 1, 
  "Node Type": "Hash Join", 
  "Join Type": "Inner", 
  "filename": "plans/query14.json", 
  "Parallel Aware": false, 
  "Output": [
   "store_sales_2.ss_quantity", 
   "store_sales_2.ss_list_price"
  ], 
  "Hash Cond": "(store_sales_2.ss_sold_date_sk = date_dim_3.d_date_sk)", 
  "Parent Relationship": "Member", 
  "Total Cost": 28.75
 }, 
 {
  "Startup Cost": 14.06, 
  "Plan Width": 18, 
  "plan_id": 130, 
  "Plans": [
   131, 
   132
  ], 
  "Plan Rows": 1, 
  "Node Type": "Hash Join", 
  "Join Type": "Inner", 
  "filename": "plans/query14.json", 
  "Parallel Aware": false, 
  "Output": [
   "catalog_sales_2.cs_quantity", 
   "catalog_sales_2.cs_list_price"
  ], 
  "Hash Cond": "(catalog_sales_2.cs_sold_date_sk = date_dim_4.d_date_sk)", 
  "Parent Relationship": "Member", 
  "Total Cost": 27.65
 }, 
 {
  "Startup Cost": 14.06, 
  "Plan Width": 18, 
  "plan_id": 134, 
  "Plans": [
   135, 
   136
  ], 
  "Plan Rows": 1, 
  "Node Type": "Hash Join", 
  "Join Type": "Inner", 
  "filename": "plans/query14.json", 
  "Parallel Aware": false, 
  "Output": [
   "web_sales_2.ws_quantity", 
   "web_sales_2.ws_list_price"
  ], 
  "Hash Cond": "(web_sales_2.ws_sold_date_sk = date_dim_5.d_date_sk)", 
  "Parent Relationship": "Member", 
  "Total Cost": 27.65
 }, 
 {
  "Startup Cost": 14.06, 
  "plan_id": 125, 
  "Plans": [
   126, 
   130, 
   134
  ], 
  "Plan Rows": 3, 
  "Node Type": "Append", 
  "filename": "plans/query14.json", 
  "Parallel Aware": false, 
  "Parent Relationship": "Outer", 
  "Plan Width": 18, 
  "Total Cost": 84.07
 }, 
 {
  "Startup Cost": 0.0, 
  "plan_id": 148, 
  "CTE Name": "cross_items", 
  "Node Type": "CTE Scan", 
  "Plan Rows": 1, 
  "Alias": "cross_items", 
  "filename": "plans/query14.json", 
  "Parallel Aware": false, 
  "Parent Relationship": "Outer", 
  "Output": [
   "cross_items.ss_item_sk"
  ], 
  "Plan Width": 4, 
  "Total Cost": 0.02
 }, 
 {
  "Partial Mode": "Simple", 
  "Startup Cost": 0.02, 
  "Plan Width": 4, 
  "plan_id": 147, 
  "Plans": [
   148
  ], 
  "filename": "plans/query14.json", 
  "Node Type": "Aggregate", 
  "Strategy": "Hashed", 
  "Plan Rows": 1, 
  "Parallel Aware": false, 
  "Output": [
   "cross_items.ss_item_sk"
  ], 
  "Group Key": [
   "cross_items.ss_item_sk"
  ], 
  "Parent Relationship": "Outer", 
  "Total Cost": 0.03
 }, 
 {
  "Startup Cost": 0.14, 
  "filename": "plans/query14.json", 
  "plan_id": 149, 
  "Scan Direction": "Forward", 
  "Index Cond": "(item.i_item_sk = cross_items.ss_item_sk)", 
  "Node Type": "Index Scan", 
  "Relation Name": "item", 
  "Alias": "item", 
  "Plan Rows": 1, 
  "Schema": "pg_temp_2", 
  "Parallel Aware": false, 
  "Parent Relationship": "Inner", 
  "Output": [
   "item.i_item_sk", 
   "item.i_item_id", 
   "item.i_rec_start_date", 
   "item.i_rec_end_date", 
   "item.i_item_desc", 
   "item.i_current_price", 
   "item.i_wholesale_cost", 
   "item.i_brand_id", 
   "item.i_brand", 
   "item.i_class_id", 
   "item.i_class", 
   "item.i_category_id", 
   "item.i_category", 
   "item.i_manufact_id", 
   "item.i_manufact", 
   "item.i_size", 
   "item.i_formulation", 
   "item.i_color", 
   "item.i_units", 
   "item.i_container", 
   "item.i_manager_id", 
   "item.i_product_name"
  ], 
  "Index Name": "item_pkey", 
  "Plan Width": 16, 
  "Total Cost": 8.16
 }, 
 {
  "Startup Cost": 0.16, 
  "plan_id": 146, 
  "Plans": [
   147, 
   149
  ], 
  "Plan Rows": 1, 
  "Node Type": "Nested Loop", 
  "Join Type": "Inner", 
  "filename": "plans/query14.json", 
  "Parallel Aware": false, 
  "Parent Relationship": "Outer", 
  "Output": [
   "item.i_brand_id", 
   "item.i_class_id", 
   "item.i_category_id", 
   "item.i_item_sk", 
   "cross_items.ss_item_sk"
  ], 
  "Plan Width": 20, 
  "Total Cost": 8.2
 }, 
 {
  "Startup Cost": 0.15, 
  "filename": "plans/query14.json", 
  "plan_id": 150, 
  "Scan Direction": "Forward", 
  "Index Cond": "(store_sales.ss_item_sk = item.i_item_sk)", 
  "Node Type": "Index Scan", 
  "Relation Name": "store_sales", 
  "Alias": "store_sales", 
  "Plan Rows": 2, 
  "Schema": "pg_temp_2", 
  "Parallel Aware": false, 
  "Parent Relationship": "Inner", 
  "Output": [
   "store_sales.ss_sold_date_sk", 
   "store_sales.ss_sold_time_sk", 
   "store_sales.ss_item_sk", 
   "store_sales.ss_customer_sk", 
   "store_sales.ss_cdemo_sk", 
   "store_sales.ss_hdemo_sk", 
   "store_sales.ss_addr_sk", 
   "store_sales.ss_store_sk", 
   "store_sales.ss_promo_sk", 
   "store_sales.ss_ticket_number", 
   "store_sales.ss_quantity", 
   "store_sales.ss_wholesale_cost", 
   "store_sales.ss_list_price", 
   "store_sales.ss_sales_price", 
   "store_sales.ss_ext_discount_amt", 
   "store_sales.ss_ext_sales_price", 
   "store_sales.ss_ext_wholesale_cost", 
   "store_sales.ss_ext_list_price", 
   "store_sales.ss_ext_tax", 
   "store_sales.ss_coupon_amt", 
   "store_sales.ss_net_paid", 
   "store_sales.ss_net_paid_inc_tax", 
   "store_sales.ss_net_profit"
  ], 
  "Index Name": "store_sales_pkey", 
  "Plan Width": 26, 
  "Total Cost": 1.28
 }, 
 {
  "Startup Cost": 0.31, 
  "plan_id": 145, 
  "Plans": [
   146, 
   150
  ], 
  "Plan Rows": 34, 
  "Node Type": "Nested Loop", 
  "Join Type": "Inner", 
  "filename": "plans/query14.json", 
  "Parallel Aware": false, 
  "Parent Relationship": "Outer", 
  "Output": [
   "store_sales.ss_quantity", 
   "store_sales.ss_list_price", 
   "store_sales.ss_sold_date_sk", 
   "item.i_brand_id", 
   "item.i_class_id", 
   "item.i_category_id"
  ], 
  "Plan Width": 34, 
  "Total Cost": 9.5
 }, 
 {
  "Filter": "((date_dim.d_year = 2000) AND (date_dim.d_moy = 11))", 
  "Startup Cost": 0.15, 
  "filename": "plans/query14.json", 
  "plan_id": 151, 
  "Scan Direction": "Forward", 
  "Index Cond": "(date_dim.d_date_sk = store_sales.ss_sold_date_sk)", 
  "Node Type": "Index Scan", 
  "Relation Name": "date_dim", 
  "Alias": "date_dim", 
  "Plan Rows": 1, 
  "Schema": "pg_temp_2", 
  "Parallel Aware": false, 
  "Parent Relationship": "Inner", 
  "Output": [
   "date_dim.d_date_sk", 
   "date_dim.d_date_id", 
   "date_dim.d_date", 
   "date_dim.d_month_seq", 
   "date_dim.d_week_seq", 
   "date_dim.d_quarter_seq", 
   "date_dim.d_year", 
   "date_dim.d_dow", 
   "date_dim.d_moy", 
   "date_dim.d_dom", 
   "date_dim.d_qoy", 
   "date_dim.d_fy_year", 
   "date_dim.d_fy_quarter_seq", 
   "date_dim.d_fy_week_seq", 
   "date_dim.d_day_name", 
   "date_dim.d_quarter_name", 
   "date_dim.d_holiday", 
   "date_dim.d_weekend", 
   "date_dim.d_following_holiday", 
   "date_dim.d_first_dom", 
   "date_dim.d_last_dom", 
   "date_dim.d_same_day_ly", 
   "date_dim.d_same_day_lq", 
   "date_dim.d_current_day", 
   "date_dim.d_current_week", 
   "date_dim.d_current_month", 
   "date_dim.d_current_quarter", 
   "date_dim.d_current_year"
  ], 
  "Index Name": "date_dim_pkey", 
  "Plan Width": 4, 
  "Total Cost": 0.3
 }, 
 {
  "Startup Cost": 0.46, 
  "plan_id": 144, 
  "Plans": [
   145, 
   151
  ], 
  "Plan Rows": 1, 
  "Node Type": "Nested Loop", 
  "Join Type": "Inner", 
  "filename": "plans/query14.json", 
  "Parallel Aware": false, 
  "Parent Relationship": "Outer", 
  "Output": [
   "item.i_brand_id", 
   "item.i_class_id", 
   "item.i_category_id", 
   "store_sales.ss_quantity", 
   "store_sales.ss_list_price"
  ], 
  "Plan Width": 30, 
  "Total Cost": 20.02
 }, 
 {
  "Startup Cost": 0.0, 
  "plan_id": 142, 
  "CTE Name": "avg_sales", 
  "Node Type": "CTE Scan", 
  "Plan Rows": 1, 
  "Alias": "avg_sales", 
  "filename": "plans/query14.json", 
  "Parallel Aware": false, 
  "Parent Relationship": "InitPlan", 
  "Output": [
   "avg_sales.average_sales"
  ], 
  "Plan Width": 32, 
  "Subplan Name": "InitPlan 3 (returns $5)", 
  "Total Cost": 0.02
 }, 
 {
  "Startup Cost": 20.03, 
  "plan_id": 143, 
  "Plans": [
   144
  ], 
  "Sort Key": [
   "item.i_brand_id", 
   "item.i_class_id", 
   "item.i_category_id"
  ], 
  "Plan Rows": 1, 
  "Node Type": "Sort", 
  "filename": "plans/query14.json", 
  "Parallel Aware": false, 
  "Parent Relationship": "Outer", 
  "Output": [
   "item.i_brand_id", 
   "item.i_class_id", 
   "item.i_category_id", 
   "store_sales.ss_quantity", 
   "store_sales.ss_list_price"
  ], 
  "Plan Width": 30, 
  "Total Cost": 20.04
 }, 
 {
  "Startup Cost": 0.0, 
  "plan_id": 159, 
  "CTE Name": "cross_items", 
  "Node Type": "CTE Scan", 
  "Plan Rows": 1, 
  "Alias": "cross_items_1", 
  "filename": "plans/query14.json", 
  "Parallel Aware": false, 
  "Parent Relationship": "Outer", 
  "Output": [
   "cross_items_1.ss_item_sk"
  ], 
  "Plan Width": 4, 
  "Total Cost": 0.02
 }, 
 {
  "Partial Mode": "Simple", 
  "Startup Cost": 0.02, 
  "Plan Width": 4, 
  "plan_id": 158, 
  "Plans": [
   159
  ], 
  "filename": "plans/query14.json", 
  "Node Type": "Aggregate", 
  "Strategy": "Hashed", 
  "Plan Rows": 1, 
  "Parallel Aware": false, 
  "Output": [
   "cross_items_1.ss_item_sk"
  ], 
  "Group Key": [
   "cross_items_1.ss_item_sk"
  ], 
  "Parent Relationship": "Outer", 
  "Total Cost": 0.03
 }, 
 {
  "Startup Cost": 0.14, 
  "filename": "plans/query14.json", 
  "plan_id": 160, 
  "Scan Direction": "Forward", 
  "Index Cond": "(item_1.i_item_sk = cross_items_1.ss_item_sk)", 
  "Node Type": "Index Scan", 
  "Relation Name": "item", 
  "Alias": "item_1", 
  "Plan Rows": 1, 
  "Schema": "pg_temp_2", 
  "Parallel Aware": false, 
  "Parent Relationship": "Inner", 
  "Output": [
   "item_1.i_item_sk", 
   "item_1.i_item_id", 
   "item_1.i_rec_start_date", 
   "item_1.i_rec_end_date", 
   "item_1.i_item_desc", 
   "item_1.i_current_price", 
   "item_1.i_wholesale_cost", 
   "item_1.i_brand_id", 
   "item_1.i_brand", 
   "item_1.i_class_id", 
   "item_1.i_class", 
   "item_1.i_category_id", 
   "item_1.i_category", 
   "item_1.i_manufact_id", 
   "item_1.i_manufact", 
   "item_1.i_size", 
   "item_1.i_formulation", 
   "item_1.i_color", 
   "item_1.i_units", 
   "item_1.i_container", 
   "item_1.i_manager_id", 
   "item_1.i_product_name"
  ], 
  "Index Name": "item_pkey", 
  "Plan Width": 16, 
  "Total Cost": 8.16
 }, 
 {
  "Startup Cost": 0.16, 
  "plan_id": 157, 
  "Plans": [
   158, 
   160
  ], 
  "Plan Rows": 1, 
  "Node Type": "Nested Loop", 
  "Join Type": "Inner", 
  "filename": "plans/query14.json", 
  "Parallel Aware": false, 
  "Parent Relationship": "Outer", 
  "Output": [
   "item_1.i_brand_id", 
   "item_1.i_class_id", 
   "item_1.i_category_id", 
   "item_1.i_item_sk", 
   "cross_items_1.ss_item_sk"
  ], 
  "Plan Width": 20, 
  "Total Cost": 8.2
 }, 
 {
  "Startup Cost": 0.15, 
  "filename": "plans/query14.json", 
  "plan_id": 161, 
  "Scan Direction": "Forward", 
  "Index Cond": "(catalog_sales.cs_item_sk = item_1.i_item_sk)", 
  "Node Type": "Index Scan", 
  "Relation Name": "catalog_sales", 
  "Alias": "catalog_sales", 
  "Plan Rows": 1, 
  "Schema": "pg_temp_2", 
  "Parallel Aware": false, 
  "Parent Relationship": "Inner", 
  "Output": [
   "catalog_sales.cs_sold_date_sk", 
   "catalog_sales.cs_sold_time_sk", 
   "catalog_sales.cs_ship_date_sk", 
   "catalog_sales.cs_bill_customer_sk", 
   "catalog_sales.cs_bill_cdemo_sk", 
   "catalog_sales.cs_bill_hdemo_sk", 
   "catalog_sales.cs_bill_addr_sk", 
   "catalog_sales.cs_ship_customer_sk", 
   "catalog_sales.cs_ship_cdemo_sk", 
   "catalog_sales.cs_ship_hdemo_sk", 
   "catalog_sales.cs_ship_addr_sk", 
   "catalog_sales.cs_call_center_sk", 
   "catalog_sales.cs_catalog_page_sk", 
   "catalog_sales.cs_ship_mode_sk", 
   "catalog_sales.cs_warehouse_sk", 
   "catalog_sales.cs_item_sk", 
   "catalog_sales.cs_promo_sk", 
   "catalog_sales.cs_order_number", 
   "catalog_sales.cs_quantity", 
   "catalog_sales.cs_wholesale_cost", 
   "catalog_sales.cs_list_price", 
   "catalog_sales.cs_sales_price", 
   "catalog_sales.cs_ext_discount_amt", 
   "catalog_sales.cs_ext_sales_price", 
   "catalog_sales.cs_ext_wholesale_cost", 
   "catalog_sales.cs_ext_list_price", 
   "catalog_sales.cs_ext_tax", 
   "catalog_sales.cs_coupon_amt", 
   "catalog_sales.cs_ext_ship_cost", 
   "catalog_sales.cs_net_paid", 
   "catalog_sales.cs_net_paid_inc_tax", 
   "catalog_sales.cs_net_paid_inc_ship", 
   "catalog_sales.cs_net_paid_inc_ship_tax", 
   "catalog_sales.cs_net_profit"
  ], 
  "Index Name": "catalog_sales_pkey", 
  "Plan Width": 26, 
  "Total Cost": 1.26
 }, 
 {
  "Startup Cost": 0.31, 
  "plan_id": 156, 
  "Plans": [
   157, 
   161
  ], 
  "Plan Rows": 26, 
  "Node Type": "Nested Loop", 
  "Join Type": "Inner", 
  "filename": "plans/query14.json", 
  "Parallel Aware": false, 
  "Parent Relationship": "Outer", 
  "Output": [
   "catalog_sales.cs_quantity", 
   "catalog_sales.cs_list_price", 
   "catalog_sales.cs_sold_date_sk", 
   "item_1.i_brand_id", 
   "item_1.i_class_id", 
   "item_1.i_category_id"
  ], 
  "Plan Width": 34, 
  "Total Cost": 9.47
 }, 
 {
  "Filter": "((date_dim_1.d_year = 2000) AND (date_dim_1.d_moy = 11))", 
  "Startup Cost": 0.15, 
  "filename": "plans/query14.json", 
  "plan_id": 162, 
  "Scan Direction": "Forward", 
  "Index Cond": "(date_dim_1.d_date_sk = catalog_sales.cs_sold_date_sk)", 
  "Node Type": "Index Scan", 
  "Relation Name": "date_dim", 
  "Alias": "date_dim_1", 
  "Plan Rows": 1, 
  "Schema": "pg_temp_2", 
  "Parallel Aware": false, 
  "Parent Relationship": "Inner", 
  "Output": [
   "date_dim_1.d_date_sk", 
   "date_dim_1.d_date_id", 
   "date_dim_1.d_date", 
   "date_dim_1.d_month_seq", 
   "date_dim_1.d_week_seq", 
   "date_dim_1.d_quarter_seq", 
   "date_dim_1.d_year", 
   "date_dim_1.d_dow", 
   "date_dim_1.d_moy", 
   "date_dim_1.d_dom", 
   "date_dim_1.d_qoy", 
   "date_dim_1.d_fy_year", 
   "date_dim_1.d_fy_quarter_seq", 
   "date_dim_1.d_fy_week_seq", 
   "date_dim_1.d_day_name", 
   "date_dim_1.d_quarter_name", 
   "date_dim_1.d_holiday", 
   "date_dim_1.d_weekend", 
   "date_dim_1.d_following_holiday", 
   "date_dim_1.d_first_dom", 
   "date_dim_1.d_last_dom", 
   "date_dim_1.d_same_day_ly", 
   "date_dim_1.d_same_day_lq", 
   "date_dim_1.d_current_day", 
   "date_dim_1.d_current_week", 
   "date_dim_1.d_current_month", 
   "date_dim_1.d_current_quarter", 
   "date_dim_1.d_current_year"
  ], 
  "Index Name": "date_dim_pkey", 
  "Plan Width": 4, 
  "Total Cost": 0.34
 }, 
 {
  "Startup Cost": 0.46, 
  "plan_id": 155, 
  "Plans": [
   156, 
   162
  ], 
  "Plan Rows": 1, 
  "Node Type": "Nested Loop", 
  "Join Type": "Inner", 
  "filename": "plans/query14.json", 
  "Parallel Aware": false, 
  "Parent Relationship": "Outer", 
  "Output": [
   "item_1.i_brand_id", 
   "item_1.i_class_id", 
   "item_1.i_category_id", 
   "catalog_sales.cs_quantity", 
   "catalog_sales.cs_list_price"
  ], 
  "Plan Width": 30, 
  "Total Cost": 18.55
 }, 
 {
  "Startup Cost": 0.0, 
  "plan_id": 153, 
  "CTE Name": "avg_sales", 
  "Node Type": "CTE Scan", 
  "Plan Rows": 1, 
  "Alias": "avg_sales_1", 
  "filename": "plans/query14.json", 
  "Parallel Aware": false, 
  "Parent Relationship": "InitPlan", 
  "Output": [
   "avg_sales_1.average_sales"
  ], 
  "Plan Width": 32, 
  "Subplan Name": "InitPlan 4 (returns $6)", 
  "Total Cost": 0.02
 }, 
 {
  "Startup Cost": 18.57, 
  "plan_id": 154, 
  "Plans": [
   155
  ], 
  "Sort Key": [
   "item_1.i_brand_id", 
   "item_1.i_class_id", 
   "item_1.i_category_id"
  ], 
  "Plan Rows": 1, 
  "Node Type": "Sort", 
  "filename": "plans/query14.json", 
  "Parallel Aware": false, 
  "Parent Relationship": "Outer", 
  "Output": [
   "item_1.i_brand_id", 
   "item_1.i_class_id", 
   "item_1.i_category_id", 
   "catalog_sales.cs_quantity", 
   "catalog_sales.cs_list_price"
  ], 
  "Plan Width": 30, 
  "Total Cost": 18.57
 }, 
 {
  "Startup Cost": 0.0, 
  "plan_id": 170, 
  "CTE Name": "cross_items", 
  "Node Type": "CTE Scan", 
  "Plan Rows": 1, 
  "Alias": "cross_items_2", 
  "filename": "plans/query14.json", 
  "Parallel Aware": false, 
  "Parent Relationship": "Outer", 
  "Output": [
   "cross_items_2.ss_item_sk"
  ], 
  "Plan Width": 4, 
  "Total Cost": 0.02
 }, 
 {
  "Partial Mode": "Simple", 
  "Startup Cost": 0.02, 
  "Plan Width": 4, 
  "plan_id": 169, 
  "Plans": [
   170
  ], 
  "filename": "plans/query14.json", 
  "Node Type": "Aggregate", 
  "Strategy": "Hashed", 
  "Plan Rows": 1, 
  "Parallel Aware": false, 
  "Output": [
   "cross_items_2.ss_item_sk"
  ], 
  "Group Key": [
   "cross_items_2.ss_item_sk"
  ], 
  "Parent Relationship": "Outer", 
  "Total Cost": 0.03
 }, 
 {
  "Startup Cost": 0.14, 
  "filename": "plans/query14.json", 
  "plan_id": 171, 
  "Scan Direction": "Forward", 
  "Index Cond": "(item_2.i_item_sk = cross_items_2.ss_item_sk)", 
  "Node Type": "Index Scan", 
  "Relation Name": "item", 
  "Alias": "item_2", 
  "Plan Rows": 1, 
  "Schema": "pg_temp_2", 
  "Parallel Aware": false, 
  "Parent Relationship": "Inner", 
  "Output": [
   "item_2.i_item_sk", 
   "item_2.i_item_id", 
   "item_2.i_rec_start_date", 
   "item_2.i_rec_end_date", 
   "item_2.i_item_desc", 
   "item_2.i_current_price", 
   "item_2.i_wholesale_cost", 
   "item_2.i_brand_id", 
   "item_2.i_brand", 
   "item_2.i_class_id", 
   "item_2.i_class", 
   "item_2.i_category_id", 
   "item_2.i_category", 
   "item_2.i_manufact_id", 
   "item_2.i_manufact", 
   "item_2.i_size", 
   "item_2.i_formulation", 
   "item_2.i_color", 
   "item_2.i_units", 
   "item_2.i_container", 
   "item_2.i_manager_id", 
   "item_2.i_product_name"
  ], 
  "Index Name": "item_pkey", 
  "Plan Width": 16, 
  "Total Cost": 8.16
 }, 
 {
  "Startup Cost": 0.16, 
  "plan_id": 168, 
  "Plans": [
   169, 
   171
  ], 
  "Plan Rows": 1, 
  "Node Type": "Nested Loop", 
  "Join Type": "Inner", 
  "filename": "plans/query14.json", 
  "Parallel Aware": false, 
  "Parent Relationship": "Outer", 
  "Output": [
   "item_2.i_brand_id", 
   "item_2.i_class_id", 
   "item_2.i_category_id", 
   "item_2.i_item_sk", 
   "cross_items_2.ss_item_sk"
  ], 
  "Plan Width": 20, 
  "Total Cost": 8.2
 }, 
 {
  "Startup Cost": 0.15, 
  "filename": "plans/query14.json", 
  "plan_id": 172, 
  "Scan Direction": "Forward", 
  "Index Cond": "(web_sales.ws_item_sk = item_2.i_item_sk)", 
  "Node Type": "Index Scan", 
  "Relation Name": "web_sales", 
  "Alias": "web_sales", 
  "Plan Rows": 1, 
  "Schema": "pg_temp_2", 
  "Parallel Aware": false, 
  "Parent Relationship": "Inner", 
  "Output": [
   "web_sales.ws_sold_date_sk", 
   "web_sales.ws_sold_time_sk", 
   "web_sales.ws_ship_date_sk", 
   "web_sales.ws_item_sk", 
   "web_sales.ws_bill_customer_sk", 
   "web_sales.ws_bill_cdemo_sk", 
   "web_sales.ws_bill_hdemo_sk", 
   "web_sales.ws_bill_addr_sk", 
   "web_sales.ws_ship_customer_sk", 
   "web_sales.ws_ship_cdemo_sk", 
   "web_sales.ws_ship_hdemo_sk", 
   "web_sales.ws_ship_addr_sk", 
   "web_sales.ws_web_page_sk", 
   "web_sales.ws_web_site_sk", 
   "web_sales.ws_ship_mode_sk", 
   "web_sales.ws_warehouse_sk", 
   "web_sales.ws_promo_sk", 
   "web_sales.ws_order_number", 
   "web_sales.ws_quantity", 
   "web_sales.ws_wholesale_cost", 
   "web_sales.ws_list_price", 
   "web_sales.ws_sales_price", 
   "web_sales.ws_ext_discount_amt", 
   "web_sales.ws_ext_sales_price", 
   "web_sales.ws_ext_wholesale_cost", 
   "web_sales.ws_ext_list_price", 
   "web_sales.ws_ext_tax", 
   "web_sales.ws_coupon_amt", 
   "web_sales.ws_ext_ship_cost", 
   "web_sales.ws_net_paid", 
   "web_sales.ws_net_paid_inc_tax", 
   "web_sales.ws_net_paid_inc_ship", 
   "web_sales.ws_net_paid_inc_ship_tax", 
   "web_sales.ws_net_profit"
  ], 
  "Index Name": "web_sales_pkey", 
  "Plan Width": 26, 
  "Total Cost": 1.26
 }, 
 {
  "Startup Cost": 0.31, 
  "plan_id": 167, 
  "Plans": [
   168, 
   172
  ], 
  "Plan Rows": 26, 
  "Node Type": "Nested Loop", 
  "Join Type": "Inner", 
  "filename": "plans/query14.json", 
  "Parallel Aware": false, 
  "Parent Relationship": "Outer", 
  "Output": [
   "web_sales.ws_quantity", 
   "web_sales.ws_list_price", 
   "web_sales.ws_sold_date_sk", 
   "item_2.i_brand_id", 
   "item_2.i_class_id", 
   "item_2.i_category_id"
  ], 
  "Plan Width": 34, 
  "Total Cost": 9.47
 }, 
 {
  "Filter": "((date_dim_2.d_year = 2000) AND (date_dim_2.d_moy = 11))", 
  "Startup Cost": 0.15, 
  "filename": "plans/query14.json", 
  "plan_id": 173, 
  "Scan Direction": "Forward", 
  "Index Cond": "(date_dim_2.d_date_sk = web_sales.ws_sold_date_sk)", 
  "Node Type": "Index Scan", 
  "Relation Name": "date_dim", 
  "Alias": "date_dim_2", 
  "Plan Rows": 1, 
  "Schema": "pg_temp_2", 
  "Parallel Aware": false, 
  "Parent Relationship": "Inner", 
  "Output": [
   "date_dim_2.d_date_sk", 
   "date_dim_2.d_date_id", 
   "date_dim_2.d_date", 
   "date_dim_2.d_month_seq", 
   "date_dim_2.d_week_seq", 
   "date_dim_2.d_quarter_seq", 
   "date_dim_2.d_year", 
   "date_dim_2.d_dow", 
   "date_dim_2.d_moy", 
   "date_dim_2.d_dom", 
   "date_dim_2.d_qoy", 
   "date_dim_2.d_fy_year", 
   "date_dim_2.d_fy_quarter_seq", 
   "date_dim_2.d_fy_week_seq", 
   "date_dim_2.d_day_name", 
   "date_dim_2.d_quarter_name", 
   "date_dim_2.d_holiday", 
   "date_dim_2.d_weekend", 
   "date_dim_2.d_following_holiday", 
   "date_dim_2.d_first_dom", 
   "date_dim_2.d_last_dom", 
   "date_dim_2.d_same_day_ly", 
   "date_dim_2.d_same_day_lq", 
   "date_dim_2.d_current_day", 
   "date_dim_2.d_current_week", 
   "date_dim_2.d_current_month", 
   "date_dim_2.d_current_quarter", 
   "date_dim_2.d_current_year"
  ], 
  "Index Name": "date_dim_pkey", 
  "Plan Width": 4, 
  "Total Cost": 0.34
 }, 
 {
  "Startup Cost": 0.46, 
  "plan_id": 166, 
  "Plans": [
   167, 
   173
  ], 
  "Plan Rows": 1, 
  "Node Type": "Nested Loop", 
  "Join Type": "Inner", 
  "filename": "plans/query14.json", 
  "Parallel Aware": false, 
  "Parent Relationship": "Outer", 
  "Output": [
   "item_2.i_brand_id", 
   "item_2.i_class_id", 
   "item_2.i_category_id", 
   "web_sales.ws_quantity", 
   "web_sales.ws_list_price"
  ], 
  "Plan Width": 30, 
  "Total Cost": 18.55
 }, 
 {
  "Startup Cost": 0.0, 
  "plan_id": 164, 
  "CTE Name": "avg_sales", 
  "Node Type": "CTE Scan", 
  "Plan Rows": 1, 
  "Alias": "avg_sales_2", 
  "filename": "plans/query14.json", 
  "Parallel Aware": false, 
  "Parent Relationship": "InitPlan", 
  "Output": [
   "avg_sales_2.average_sales"
  ], 
  "Plan Width": 32, 
  "Subplan Name": "InitPlan 5 (returns $7)", 
  "Total Cost": 0.02
 }, 
 {
  "Startup Cost": 18.57, 
  "plan_id": 165, 
  "Plans": [
   166
  ], 
  "Sort Key": [
   "item_2.i_brand_id", 
   "item_2.i_class_id", 
   "item_2.i_category_id"
  ], 
  "Plan Rows": 1, 
  "Node Type": "Sort", 
  "filename": "plans/query14.json", 
  "Parallel Aware": false, 
  "Parent Relationship": "Outer", 
  "Output": [
   "item_2.i_brand_id", 
   "item_2.i_class_id", 
   "item_2.i_category_id", 
   "web_sales.ws_quantity", 
   "web_sales.ws_list_price"
  ], 
  "Plan Width": 30, 
  "Total Cost": 18.57
 }, 
 {
  "Partial Mode": "Simple", 
  "Startup Cost": 20.05, 
  "Plan Width": 84, 
  "plan_id": 141, 
  "Plans": [
   142, 
   143
  ], 
  "filename": "plans/query14.json", 
  "Node Type": "Aggregate", 
  "Strategy": "Sorted", 
  "Filter": "(sum(((store_sales.ss_quantity)::numeric * store_sales.ss_list_price)) > $5)", 
  "Plan Rows": 1, 
  "Parallel Aware": false, 
  "Output": [
   "'store'::text", 
   "item.i_brand_id", 
   "item.i_class_id", 
   "item.i_category_id", 
   "sum(((store_sales.ss_quantity)::numeric * store_sales.ss_list_price))", 
   "count(*)"
  ], 
  "Group Key": [
   "item.i_brand_id", 
   "item.i_class_id", 
   "item.i_category_id"
  ], 
  "Parent Relationship": "Member", 
  "Total Cost": 20.1
 }, 
 {
  "Partial Mode": "Simple", 
  "Startup Cost": 18.59, 
  "Plan Width": 84, 
  "plan_id": 152, 
  "Plans": [
   153, 
   154
  ], 
  "filename": "plans/query14.json", 
  "Node Type": "Aggregate", 
  "Strategy": "Sorted", 
  "Filter": "(sum(((catalog_sales.cs_quantity)::numeric * catalog_sales.cs_list_price)) > $6)", 
  "Plan Rows": 1, 
  "Parallel Aware": false, 
  "Output": [
   "'catalog'::text", 
   "item_1.i_brand_id", 
   "item_1.i_class_id", 
   "item_1.i_category_id", 
   "sum(((catalog_sales.cs_quantity)::numeric * catalog_sales.cs_list_price))", 
   "count(*)"
  ], 
  "Group Key": [
   "item_1.i_brand_id", 
   "item_1.i_class_id", 
   "item_1.i_category_id"
  ], 
  "Parent Relationship": "Member", 
  "Total Cost": 18.63
 }, 
 {
  "Partial Mode": "Simple", 
  "Startup Cost": 18.59, 
  "Plan Width": 84, 
  "plan_id": 163, 
  "Plans": [
   164, 
   165
  ], 
  "filename": "plans/query14.json", 
  "Node Type": "Aggregate", 
  "Strategy": "Sorted", 
  "Filter": "(sum(((web_sales.ws_quantity)::numeric * web_sales.ws_list_price)) > $7)", 
  "Plan Rows": 1, 
  "Parallel Aware": false, 
  "Output": [
   "'web'::text", 
   "item_2.i_brand_id", 
   "item_2.i_class_id", 
   "item_2.i_category_id", 
   "sum(((web_sales.ws_quantity)::numeric * web_sales.ws_list_price))", 
   "count(*)"
  ], 
  "Group Key": [
   "item_2.i_brand_id", 
   "item_2.i_class_id", 
   "item_2.i_category_id"
  ], 
  "Parent Relationship": "Member", 
  "Total Cost": 18.63
 }, 
 {
  "Startup Cost": 20.05, 
  "plan_id": 140, 
  "Plans": [
   141, 
   152, 
   163
  ], 
  "Plan Rows": 3, 
  "Node Type": "Append", 
  "filename": "plans/query14.json", 
  "Parallel Aware": false, 
  "Parent Relationship": "Outer", 
  "Plan Width": 84, 
  "Total Cost": 57.39
 }, 
 {
  "Startup Cost": 57.41, 
  "plan_id": 139, 
  "Plans": [
   140
  ], 
  "Sort Key": [
   "('store'::text)", 
   "item.i_brand_id", 
   "item.i_class_id", 
   "item.i_category_id"
  ], 
  "Plan Rows": 3, 
  "Node Type": "Sort", 
  "filename": "plans/query14.json", 
  "Parallel Aware": false, 
  "Parent Relationship": "Outer", 
  "Output": [
   "('store'::text)", 
   "item.i_brand_id", 
   "item.i_class_id", 
   "item.i_category_id", 
   "(sum(((store_sales.ss_quantity)::numeric * store_sales.ss_list_price)))", 
   "(count(*))"
  ], 
  "Plan Width": 84, 
  "Total Cost": 57.42
 }, 
 {
  "Startup Cost": 14.2, 
  "plan_id": 95, 
  "Plans": [
   96, 
   123
  ], 
  "Plan Rows": 1, 
  "Node Type": "Nested Loop", 
  "Join Type": "Inner", 
  "filename": "plans/query14.json", 
  "Parallel Aware": false, 
  "Parent Relationship": "InitPlan", 
  "Output": [
   "item_3.i_item_sk"
  ], 
  "Plan Width": 4, 
  "Subplan Name": "CTE cross_items", 
  "Join Filter": "((item_3.i_brand_id = fakealias.brand_id) AND (item_3.i_class_id = fakealias.class_id) AND (item_3.i_category_id = fakealias.category_id))", 
  "Total Cost": 96.19
 }, 
 {
  "Partial Mode": "Simple", 
  "Startup Cost": 84.1, 
  "plan_id": 124, 
  "Plans": [
   125
  ], 
  "Plan Rows": 1, 
  "Strategy": "Plain", 
  "filename": "plans/query14.json", 
  "Parallel Aware": false, 
  "Parent Relationship": "InitPlan", 
  "Output": [
   "avg(((store_sales_2.ss_quantity)::numeric * store_sales_2.ss_list_price))"
  ], 
  "Plan Width": 32, 
  "Subplan Name": "CTE avg_sales", 
  "Node Type": "Aggregate", 
  "Total Cost": 84.11
 }, 
 {
  "Partial Mode": "Simple", 
  "Startup Cost": 57.41, 
  "filename": "plans/query14.json", 
  "plan_id": 138, 
  "Plans": [
   139
  ], 
  "Grouping Sets": [
   {
    "Group Keys": [
     [
      "('store'::text)", 
      "item.i_brand_id", 
      "item.i_class_id", 
      "item.i_category_id"
     ], 
     [
      "('store'::text)", 
      "item.i_brand_id", 
      "item.i_class_id"
     ], 
     [
      "('store'::text)", 
      "item.i_brand_id"
     ], 
     [
      "('store'::text)"
     ], 
     []
    ]
   }
  ], 
  "Node Type": "Aggregate", 
  "Strategy": "Sorted", 
  "Plan Rows": 13, 
  "Parallel Aware": false, 
  "Parent Relationship": "Outer", 
  "Output": [
   "('store'::text)", 
   "item.i_brand_id", 
   "item.i_class_id", 
   "item.i_category_id", 
   "sum((sum(((store_sales.ss_quantity)::numeric * store_sales.ss_list_price))))", 
   "sum((count(*)))"
  ], 
  "Plan Width": 108, 
  "Total Cost": 57.66
 }, 
 {
  "Startup Cost": 237.71, 
  "plan_id": 94, 
  "Plans": [
   95, 
   124, 
   138
  ], 
  "Plan Rows": 13, 
  "Node Type": "Limit", 
  "filename": "plans/query14.json", 
  "Parallel Aware": false, 
  "Output": [
   "('store'::text)", 
   "item.i_brand_id", 
   "item.i_class_id", 
   "item.i_category_id", 
   "(sum((sum(((store_sales.ss_quantity)::numeric * store_sales.ss_list_price)))))", 
   "(sum((count(*))))"
  ], 
  "Plan Width": 108, 
  "Total Cost": 237.96
 }, 
 {
  "Relation Name": "date_dim", 
  "Startup Cost": 0.0, 
  "plan_id": 187, 
  "Node Type": "Seq Scan", 
  "Plan Rows": 1, 
  "Filter": "((d1.d_year >= 1998) AND (d1.d_year <= 2000))", 
  "Alias": "d1", 
  "filename": "plans/query14a.json", 
  "Schema": "pg_temp_2", 
  "Parallel Aware": false, 
  "Parent Relationship": "Outer", 
  "Output": [
   "d1.d_date_sk"
  ], 
  "Plan Width": 4, 
  "Total Cost": 14.05
 }, 
 {
  "Startup Cost": 0.0, 
  "plan_id": 185, 
  "Node Type": "Seq Scan", 
  "Plan Rows": 340, 
  "Relation Name": "store_sales", 
  "Alias": "store_sales_2", 
  "filename": "plans/query14a.json", 
  "Schema": "pg_temp_2", 
  "Parallel Aware": false, 
  "Parent Relationship": "Outer", 
  "Output": [
   "store_sales_2.ss_sold_date_sk", 
   "store_sales_2.ss_sold_time_sk", 
   "store_sales_2.ss_item_sk", 
   "store_sales_2.ss_customer_sk", 
   "store_sales_2.ss_cdemo_sk", 
   "store_sales_2.ss_hdemo_sk", 
   "store_sales_2.ss_addr_sk", 
   "store_sales_2.ss_store_sk", 
   "store_sales_2.ss_promo_sk", 
   "store_sales_2.ss_ticket_number", 
   "store_sales_2.ss_quantity", 
   "store_sales_2.ss_wholesale_cost", 
   "store_sales_2.ss_list_price", 
   "store_sales_2.ss_sales_price", 
   "store_sales_2.ss_ext_discount_amt", 
   "store_sales_2.ss_ext_sales_price", 
   "store_sales_2.ss_ext_wholesale_cost", 
   "store_sales_2.ss_ext_list_price", 
   "store_sales_2.ss_ext_tax", 
   "store_sales_2.ss_coupon_amt", 
   "store_sales_2.ss_net_paid", 
   "store_sales_2.ss_net_paid_inc_tax", 
   "store_sales_2.ss_net_profit"
  ], 
  "Plan Width": 8, 
  "Total Cost": 13.4
 }, 
 {
  "Startup Cost": 14.05, 
  "plan_id": 186, 
  "Plans": [
   187
  ], 
  "Plan Rows": 1, 
  "Node Type": "Hash", 
  "filename": "plans/query14a.json", 
  "Parallel Aware": false, 
  "Parent Relationship": "Inner", 
  "Output": [
   "d1.d_date_sk"
  ], 
  "Plan Width": 4, 
  "Total Cost": 14.05
 }, 
 {
  "Startup Cost": 14.06, 
  "Plan Width": 4, 
  "plan_id": 184, 
  "Plans": [
   185, 
   186
  ], 
  "Plan Rows": 1, 
  "Node Type": "Hash Join", 
  "Join Type": "Inner", 
  "filename": "plans/query14a.json", 
  "Parallel Aware": false, 
  "Output": [
   "store_sales_2.ss_item_sk"
  ], 
  "Hash Cond": "(store_sales_2.ss_sold_date_sk = d1.d_date_sk)", 
  "Parent Relationship": "Outer", 
  "Total Cost": 28.75
 }, 
 {
  "Startup Cost": 0.14, 
  "filename": "plans/query14a.json", 
  "plan_id": 188, 
  "Scan Direction": "Forward", 
  "Index Cond": "(iss.i_item_sk = store_sales_2.ss_item_sk)", 
  "Node Type": "Index Scan", 
  "Relation Name": "item", 
  "Alias": "iss", 
  "Plan Rows": 1, 
  "Schema": "pg_temp_2", 
  "Parallel Aware": false, 
  "Parent Relationship": "Inner", 
  "Output": [
   "iss.i_item_sk", 
   "iss.i_item_id", 
   "iss.i_rec_start_date", 
   "iss.i_rec_end_date", 
   "iss.i_item_desc", 
   "iss.i_current_price", 
   "iss.i_wholesale_cost", 
   "iss.i_brand_id", 
   "iss.i_brand", 
   "iss.i_class_id", 
   "iss.i_class", 
   "iss.i_category_id", 
   "iss.i_category", 
   "iss.i_manufact_id", 
   "iss.i_manufact", 
   "iss.i_size", 
   "iss.i_formulation", 
   "iss.i_color", 
   "iss.i_units", 
   "iss.i_container", 
   "iss.i_manager_id", 
   "iss.i_product_name"
  ], 
  "Index Name": "item_pkey", 
  "Plan Width": 16, 
  "Total Cost": 0.29
 }, 
 {
  "Startup Cost": 14.2, 
  "plan_id": 183, 
  "Plans": [
   184, 
   188
  ], 
  "Plan Rows": 1, 
  "Node Type": "Nested Loop", 
  "Join Type": "Inner", 
  "filename": "plans/query14a.json", 
  "Parallel Aware": false, 
  "Parent Relationship": "Subquery", 
  "Output": [
   "iss.i_brand_id", 
   "iss.i_class_id", 
   "iss.i_category_id"
  ], 
  "Plan Width": 12, 
  "Total Cost": 29.04
 }, 
 {
  "Relation Name": "date_dim", 
  "Startup Cost": 0.0, 
  "plan_id": 194, 
  "Node Type": "Seq Scan", 
  "Plan Rows": 1, 
  "Filter": "((d2.d_year >= 1998) AND (d2.d_year <= 2000))", 
  "Alias": "d2", 
  "filename": "plans/query14a.json", 
  "Schema": "pg_temp_2", 
  "Parallel Aware": false, 
  "Parent Relationship": "Outer", 
  "Output": [
   "d2.d_date_sk"
  ], 
  "Plan Width": 4, 
  "Total Cost": 14.05
 }, 
 {
  "Startup Cost": 0.0, 
  "plan_id": 192, 
  "Node Type": "Seq Scan", 
  "Plan Rows": 260, 
  "Relation Name": "catalog_sales", 
  "Alias": "catalog_sales", 
  "filename": "plans/query14a.json", 
  "Schema": "pg_temp_2", 
  "Parallel Aware": false, 
  "Parent Relationship": "Outer", 
  "Output": [
   "catalog_sales.cs_sold_date_sk", 
   "catalog_sales.cs_sold_time_sk", 
   "catalog_sales.cs_ship_date_sk", 
   "catalog_sales.cs_bill_customer_sk", 
   "catalog_sales.cs_bill_cdemo_sk", 
   "catalog_sales.cs_bill_hdemo_sk", 
   "catalog_sales.cs_bill_addr_sk", 
   "catalog_sales.cs_ship_customer_sk", 
   "catalog_sales.cs_ship_cdemo_sk", 
   "catalog_sales.cs_ship_hdemo_sk", 
   "catalog_sales.cs_ship_addr_sk", 
   "catalog_sales.cs_call_center_sk", 
   "catalog_sales.cs_catalog_page_sk", 
   "catalog_sales.cs_ship_mode_sk", 
   "catalog_sales.cs_warehouse_sk", 
   "catalog_sales.cs_item_sk", 
   "catalog_sales.cs_promo_sk", 
   "catalog_sales.cs_order_number", 
   "catalog_sales.cs_quantity", 
   "catalog_sales.cs_wholesale_cost", 
   "catalog_sales.cs_list_price", 
   "catalog_sales.cs_sales_price", 
   "catalog_sales.cs_ext_discount_amt", 
   "catalog_sales.cs_ext_sales_price", 
   "catalog_sales.cs_ext_wholesale_cost", 
   "catalog_sales.cs_ext_list_price", 
   "catalog_sales.cs_ext_tax", 
   "catalog_sales.cs_coupon_amt", 
   "catalog_sales.cs_ext_ship_cost", 
   "catalog_sales.cs_net_paid", 
   "catalog_sales.cs_net_paid_inc_tax", 
   "catalog_sales.cs_net_paid_inc_ship", 
   "catalog_sales.cs_net_paid_inc_ship_tax", 
   "catalog_sales.cs_net_profit"
  ], 
  "Plan Width": 8, 
  "Total Cost": 12.6
 }, 
 {
  "Startup Cost": 14.05, 
  "plan_id": 193, 
  "Plans": [
   194
  ], 
  "Plan Rows": 1, 
  "Node Type": "Hash", 
  "filename": "plans/query14a.json", 
  "Parallel Aware": false, 
  "Parent Relationship": "Inner", 
  "Output": [
   "d2.d_date_sk"
  ], 
  "Plan Width": 4, 
  "Total Cost": 14.05
 }, 
 {
  "Startup Cost": 14.06, 
  "Plan Width": 4, 
  "plan_id": 191, 
  "Plans": [
   192, 
   193
  ], 
  "Plan Rows": 1, 
  "Node Type": "Hash Join", 
  "Join Type": "Inner", 
  "filename": "plans/query14a.json", 
  "Parallel Aware": false, 
  "Output": [
   "catalog_sales.cs_item_sk"
  ], 
  "Hash Cond": "(catalog_sales.cs_sold_date_sk = d2.d_date_sk)", 
  "Parent Relationship": "Outer", 
  "Total Cost": 27.65
 }, 
 {
  "Startup Cost": 0.14, 
  "filename": "plans/query14a.json", 
  "plan_id": 195, 
  "Scan Direction": "Forward", 
  "Index Cond": "(ics.i_item_sk = catalog_sales.cs_item_sk)", 
  "Node Type": "Index Scan", 
  "Relation Name": "item", 
  "Alias": "ics", 
  "Plan Rows": 1, 
  "Schema": "pg_temp_2", 
  "Parallel Aware": false, 
  "Parent Relationship": "Inner", 
  "Output": [
   "ics.i_item_sk", 
   "ics.i_item_id", 
   "ics.i_rec_start_date", 
   "ics.i_rec_end_date", 
   "ics.i_item_desc", 
   "ics.i_current_price", 
   "ics.i_wholesale_cost", 
   "ics.i_brand_id", 
   "ics.i_brand", 
   "ics.i_class_id", 
   "ics.i_class", 
   "ics.i_category_id", 
   "ics.i_category", 
   "ics.i_manufact_id", 
   "ics.i_manufact", 
   "ics.i_size", 
   "ics.i_formulation", 
   "ics.i_color", 
   "ics.i_units", 
   "ics.i_container", 
   "ics.i_manager_id", 
   "ics.i_product_name"
  ], 
  "Index Name": "item_pkey", 
  "Plan Width": 16, 
  "Total Cost": 0.33
 }, 
 {
  "Startup Cost": 14.2, 
  "plan_id": 190, 
  "Plans": [
   191, 
   195
  ], 
  "Plan Rows": 1, 
  "Node Type": "Nested Loop", 
  "Join Type": "Inner", 
  "filename": "plans/query14a.json", 
  "Parallel Aware": false, 
  "Parent Relationship": "Subquery", 
  "Output": [
   "ics.i_brand_id", 
   "ics.i_class_id", 
   "ics.i_category_id"
  ], 
  "Plan Width": 12, 
  "Total Cost": 27.98
 }, 
 {
  "Startup Cost": 14.2, 
  "plan_id": 182, 
  "Plans": [
   183
  ], 
  "Plan Rows": 1, 
  "Node Type": "Subquery Scan", 
  "Alias": "*SELECT* 1", 
  "filename": "plans/query14a.json", 
  "Parallel Aware": false, 
  "Parent Relationship": "Member", 
  "Output": [
   "\"*SELECT* 1\".brand_id", 
   "\"*SELECT* 1\".class_id", 
   "\"*SELECT* 1\".category_id", 
   "0"
  ], 
  "Plan Width": 16, 
  "Total Cost": 29.05
 }, 
 {
  "Startup Cost": 14.2, 
  "plan_id": 189, 
  "Plans": [
   190
  ], 
  "Plan Rows": 1, 
  "Node Type": "Subquery Scan", 
  "Alias": "*SELECT* 2", 
  "filename": "plans/query14a.json", 
  "Parallel Aware": false, 
  "Parent Relationship": "Member", 
  "Output": [
   "\"*SELECT* 2\".i_brand_id", 
   "\"*SELECT* 2\".i_class_id", 
   "\"*SELECT* 2\".i_category_id", 
   "1"
  ], 
  "Plan Width": 16, 
  "Total Cost": 27.99
 }, 
 {
  "Startup Cost": 14.2, 
  "plan_id": 181, 
  "Plans": [
   182, 
   189
  ], 
  "Plan Rows": 2, 
  "Node Type": "Append", 
  "filename": "plans/query14a.json", 
  "Parallel Aware": false, 
  "Parent Relationship": "Outer", 
  "Plan Width": 16, 
  "Total Cost": 57.05
 }, 
 {
  "Node Type": "SetOp", 
  "Startup Cost": 14.2, 
  "plan_id": 180, 
  "Plans": [
   181
  ], 
  "Plan Rows": 1, 
  "Strategy": "Hashed", 
  "filename": "plans/query14a.json", 
  "Command": "Intersect", 
  "Parallel Aware": false, 
  "Parent Relationship": "Outer", 
  "Output": [
   "\"*SELECT* 1\".brand_id", 
   "\"*SELECT* 1\".class_id", 
   "\"*SELECT* 1\".category_id", 
   "(0)"
  ], 
  "Plan Width": 16, 
  "Total Cost": 57.06
 }, 
 {
  "Relation Name": "date_dim", 
  "Startup Cost": 0.0, 
  "plan_id": 201, 
  "Node Type": "Seq Scan", 
  "Plan Rows": 1, 
  "Filter": "((d3.d_year >= 1998) AND (d3.d_year <= 2000))", 
  "Alias": "d3", 
  "filename": "plans/query14a.json", 
  "Schema": "pg_temp_2", 
  "Parallel Aware": false, 
  "Parent Relationship": "Outer", 
  "Output": [
   "d3.d_date_sk"
  ], 
  "Plan Width": 4, 
  "Total Cost": 14.05
 }, 
 {
  "Startup Cost": 0.0, 
  "plan_id": 199, 
  "Node Type": "Seq Scan", 
  "Plan Rows": 260, 
  "Relation Name": "web_sales", 
  "Alias": "web_sales", 
  "filename": "plans/query14a.json", 
  "Schema": "pg_temp_2", 
  "Parallel Aware": false, 
  "Parent Relationship": "Outer", 
  "Output": [
   "web_sales.ws_sold_date_sk", 
   "web_sales.ws_sold_time_sk", 
   "web_sales.ws_ship_date_sk", 
   "web_sales.ws_item_sk", 
   "web_sales.ws_bill_customer_sk", 
   "web_sales.ws_bill_cdemo_sk", 
   "web_sales.ws_bill_hdemo_sk", 
   "web_sales.ws_bill_addr_sk", 
   "web_sales.ws_ship_customer_sk", 
   "web_sales.ws_ship_cdemo_sk", 
   "web_sales.ws_ship_hdemo_sk", 
   "web_sales.ws_ship_addr_sk", 
   "web_sales.ws_web_page_sk", 
   "web_sales.ws_web_site_sk", 
   "web_sales.ws_ship_mode_sk", 
   "web_sales.ws_warehouse_sk", 
   "web_sales.ws_promo_sk", 
   "web_sales.ws_order_number", 
   "web_sales.ws_quantity", 
   "web_sales.ws_wholesale_cost", 
   "web_sales.ws_list_price", 
   "web_sales.ws_sales_price", 
   "web_sales.ws_ext_discount_amt", 
   "web_sales.ws_ext_sales_price", 
   "web_sales.ws_ext_wholesale_cost", 
   "web_sales.ws_ext_list_price", 
   "web_sales.ws_ext_tax", 
   "web_sales.ws_coupon_amt", 
   "web_sales.ws_ext_ship_cost", 
   "web_sales.ws_net_paid", 
   "web_sales.ws_net_paid_inc_tax", 
   "web_sales.ws_net_paid_inc_ship", 
   "web_sales.ws_net_paid_inc_ship_tax", 
   "web_sales.ws_net_profit"
  ], 
  "Plan Width": 8, 
  "Total Cost": 12.6
 }, 
 {
  "Startup Cost": 14.05, 
  "plan_id": 200, 
  "Plans": [
   201
  ], 
  "Plan Rows": 1, 
  "Node Type": "Hash", 
  "filename": "plans/query14a.json", 
  "Parallel Aware": false, 
  "Parent Relationship": "Inner", 
  "Output": [
   "d3.d_date_sk"
  ], 
  "Plan Width": 4, 
  "Total Cost": 14.05
 }, 
 {
  "Startup Cost": 14.06, 
  "Plan Width": 4, 
  "plan_id": 198, 
  "Plans": [
   199, 
   200
  ], 
  "Plan Rows": 1, 
  "Node Type": "Hash Join", 
  "Join Type": "Inner", 
  "filename": "plans/query14a.json", 
  "Parallel Aware": false, 
  "Output": [
   "web_sales.ws_item_sk"
  ], 
  "Hash Cond": "(web_sales.ws_sold_date_sk = d3.d_date_sk)", 
  "Parent Relationship": "Outer", 
  "Total Cost": 27.65
 }, 
 {
  "Startup Cost": 0.14, 
  "filename": "plans/query14a.json", 
  "plan_id": 202, 
  "Scan Direction": "Forward", 
  "Index Cond": "(iws.i_item_sk = web_sales.ws_item_sk)", 
  "Node Type": "Index Scan", 
  "Relation Name": "item", 
  "Alias": "iws", 
  "Plan Rows": 1, 
  "Schema": "pg_temp_2", 
  "Parallel Aware": false, 
  "Parent Relationship": "Inner", 
  "Output": [
   "iws.i_item_sk", 
   "iws.i_item_id", 
   "iws.i_rec_start_date", 
   "iws.i_rec_end_date", 
   "iws.i_item_desc", 
   "iws.i_current_price", 
   "iws.i_wholesale_cost", 
   "iws.i_brand_id", 
   "iws.i_brand", 
   "iws.i_class_id", 
   "iws.i_class", 
   "iws.i_category_id", 
   "iws.i_category", 
   "iws.i_manufact_id", 
   "iws.i_manufact", 
   "iws.i_size", 
   "iws.i_formulation", 
   "iws.i_color", 
   "iws.i_units", 
   "iws.i_container", 
   "iws.i_manager_id", 
   "iws.i_product_name"
  ], 
  "Index Name": "item_pkey", 
  "Plan Width": 16, 
  "Total Cost": 0.33
 }, 
 {
  "Startup Cost": 14.2, 
  "plan_id": 197, 
  "Plans": [
   198, 
   202
  ], 
  "Plan Rows": 1, 
  "Node Type": "Nested Loop", 
  "Join Type": "Inner", 
  "filename": "plans/query14a.json", 
  "Parallel Aware": false, 
  "Parent Relationship": "Subquery", 
  "Output": [
   "iws.i_brand_id", 
   "iws.i_class_id", 
   "iws.i_category_id"
  ], 
  "Plan Width": 12, 
  "Total Cost": 27.98
 }, 
 {
  "Startup Cost": 14.2, 
  "plan_id": 179, 
  "Plans": [
   180
  ], 
  "Plan Rows": 1, 
  "Node Type": "Result", 
  "filename": "plans/query14a.json", 
  "Parallel Aware": false, 
  "Parent Relationship": "Member", 
  "Output": [
   "\"*SELECT* 1\".brand_id", 
   "\"*SELECT* 1\".class_id", 
   "\"*SELECT* 1\".category_id", 
   "0"
  ], 
  "Plan Width": 16, 
  "Total Cost": 57.07
 }, 
 {
  "Startup Cost": 14.2, 
  "plan_id": 196, 
  "Plans": [
   197
  ], 
  "Plan Rows": 1, 
  "Node Type": "Subquery Scan", 
  "Alias": "*SELECT* 3", 
  "filename": "plans/query14a.json", 
  "Parallel Aware": false, 
  "Parent Relationship": "Member", 
  "Output": [
   "\"*SELECT* 3\".i_brand_id", 
   "\"*SELECT* 3\".i_class_id", 
   "\"*SELECT* 3\".i_category_id", 
   "1"
  ], 
  "Plan Width": 16, 
  "Total Cost": 27.99
 }, 
 {
  "Startup Cost": 14.2, 
  "plan_id": 178, 
  "Plans": [
   179, 
   196
  ], 
  "Plan Rows": 2, 
  "Node Type": "Append", 
  "filename": "plans/query14a.json", 
  "Parallel Aware": false, 
  "Parent Relationship": "Outer", 
  "Plan Width": 16, 
  "Total Cost": 85.07
 }, 
 {
  "Node Type": "SetOp", 
  "Startup Cost": 14.2, 
  "plan_id": 177, 
  "Plans": [
   178
  ], 
  "Plan Rows": 1, 
  "Strategy": "Hashed", 
  "filename": "plans/query14a.json", 
  "Command": "Intersect", 
  "Parallel Aware": false, 
  "Parent Relationship": "Subquery", 
  "Output": [
   "\"*SELECT* 1\".brand_id", 
   "\"*SELECT* 1\".class_id", 
   "\"*SELECT* 1\".category_id", 
   "(0)"
  ], 
  "Plan Width": 16, 
  "Total Cost": 85.08
 }, 
 {
  "Startup Cost": 14.2, 
  "plan_id": 176, 
  "Plans": [
   177
  ], 
  "Plan Rows": 1, 
  "Node Type": "Subquery Scan", 
  "Alias": "x", 
  "filename": "plans/query14a.json", 
  "Parallel Aware": false, 
  "Parent Relationship": "Outer", 
  "Output": [
   "x.brand_id", 
   "x.class_id", 
   "x.category_id"
  ], 
  "Plan Width": 12, 
  "Total Cost": 85.09
 }, 
 {
  "Startup Cost": 0.0, 
  "plan_id": 203, 
  "Node Type": "Seq Scan", 
  "Plan Rows": 40, 
  "Relation Name": "item", 
  "Alias": "item_2", 
  "filename": "plans/query14a.json", 
  "Schema": "pg_temp_2", 
  "Parallel Aware": false, 
  "Parent Relationship": "Inner", 
  "Output": [
   "item_2.i_item_sk", 
   "item_2.i_item_id", 
   "item_2.i_rec_start_date", 
   "item_2.i_rec_end_date", 
   "item_2.i_item_desc", 
   "item_2.i_current_price", 
   "item_2.i_wholesale_cost", 
   "item_2.i_brand_id", 
   "item_2.i_brand", 
   "item_2.i_class_id", 
   "item_2.i_class", 
   "item_2.i_category_id", 
   "item_2.i_category", 
   "item_2.i_manufact_id", 
   "item_2.i_manufact", 
   "item_2.i_size", 
   "item_2.i_formulation", 
   "item_2.i_color", 
   "item_2.i_units", 
   "item_2.i_container", 
   "item_2.i_manager_id", 
   "item_2.i_product_name"
  ], 
  "Plan Width": 16, 
  "Total Cost": 10.4
 }, 
 {
  "Relation Name": "date_dim", 
  "Startup Cost": 0.0, 
  "plan_id": 209, 
  "Node Type": "Seq Scan", 
  "Plan Rows": 1, 
  "Filter": "((date_dim_2.d_year >= 1998) AND (date_dim_2.d_year <= 2000))", 
  "Alias": "date_dim_2", 
  "filename": "plans/query14a.json", 
  "Schema": "pg_temp_2", 
  "Parallel Aware": false, 
  "Parent Relationship": "Outer", 
  "Output": [
   "date_dim_2.d_date_sk"
  ], 
  "Plan Width": 4, 
  "Total Cost": 14.05
 }, 
 {
  "Startup Cost": 0.0, 
  "plan_id": 207, 
  "Node Type": "Seq Scan", 
  "Plan Rows": 340, 
  "Relation Name": "store_sales", 
  "Alias": "store_sales_3", 
  "filename": "plans/query14a.json", 
  "Schema": "pg_temp_2", 
  "Parallel Aware": false, 
  "Parent Relationship": "Outer", 
  "Output": [
   "store_sales_3.ss_sold_date_sk", 
   "store_sales_3.ss_sold_time_sk", 
   "store_sales_3.ss_item_sk", 
   "store_sales_3.ss_customer_sk", 
   "store_sales_3.ss_cdemo_sk", 
   "store_sales_3.ss_hdemo_sk", 
   "store_sales_3.ss_addr_sk", 
   "store_sales_3.ss_store_sk", 
   "store_sales_3.ss_promo_sk", 
   "store_sales_3.ss_ticket_number", 
   "store_sales_3.ss_quantity", 
   "store_sales_3.ss_wholesale_cost", 
   "store_sales_3.ss_list_price", 
   "store_sales_3.ss_sales_price", 
   "store_sales_3.ss_ext_discount_amt", 
   "store_sales_3.ss_ext_sales_price", 
   "store_sales_3.ss_ext_wholesale_cost", 
   "store_sales_3.ss_ext_list_price", 
   "store_sales_3.ss_ext_tax", 
   "store_sales_3.ss_coupon_amt", 
   "store_sales_3.ss_net_paid", 
   "store_sales_3.ss_net_paid_inc_tax", 
   "store_sales_3.ss_net_profit"
  ], 
  "Plan Width": 22, 
  "Total Cost": 13.4
 }, 
 {
  "Startup Cost": 14.05, 
  "plan_id": 208, 
  "Plans": [
   209
  ], 
  "Plan Rows": 1, 
  "Node Type": "Hash", 
  "filename": "plans/query14a.json", 
  "Parallel Aware": false, 
  "Parent Relationship": "Inner", 
  "Output": [
   "date_dim_2.d_date_sk"
  ], 
  "Plan Width": 4, 
  "Total Cost": 14.05
 }, 
 {
  "Relation Name": "date_dim", 
  "Startup Cost": 0.0, 
  "plan_id": 213, 
  "Node Type": "Seq Scan", 
  "Plan Rows": 1, 
  "Filter": "((date_dim_3.d_year >= 1998) AND (date_dim_3.d_year <= 2000))", 
  "Alias": "date_dim_3", 
  "filename": "plans/query14a.json", 
  "Schema": "pg_temp_2", 
  "Parallel Aware": false, 
  "Parent Relationship": "Outer", 
  "Output": [
   "date_dim_3.d_date_sk"
  ], 
  "Plan Width": 4, 
  "Total Cost": 14.05
 }, 
 {
  "Startup Cost": 0.0, 
  "plan_id": 211, 
  "Node Type": "Seq Scan", 
  "Plan Rows": 260, 
  "Relation Name": "catalog_sales", 
  "Alias": "catalog_sales_1", 
  "filename": "plans/query14a.json", 
  "Schema": "pg_temp_2", 
  "Parallel Aware": false, 
  "Parent Relationship": "Outer", 
  "Output": [
   "catalog_sales_1.cs_sold_date_sk", 
   "catalog_sales_1.cs_sold_time_sk", 
   "catalog_sales_1.cs_ship_date_sk", 
   "catalog_sales_1.cs_bill_customer_sk", 
   "catalog_sales_1.cs_bill_cdemo_sk", 
   "catalog_sales_1.cs_bill_hdemo_sk", 
   "catalog_sales_1.cs_bill_addr_sk", 
   "catalog_sales_1.cs_ship_customer_sk", 
   "catalog_sales_1.cs_ship_cdemo_sk", 
   "catalog_sales_1.cs_ship_hdemo_sk", 
   "catalog_sales_1.cs_ship_addr_sk", 
   "catalog_sales_1.cs_call_center_sk", 
   "catalog_sales_1.cs_catalog_page_sk", 
   "catalog_sales_1.cs_ship_mode_sk", 
   "catalog_sales_1.cs_warehouse_sk", 
   "catalog_sales_1.cs_item_sk", 
   "catalog_sales_1.cs_promo_sk", 
   "catalog_sales_1.cs_order_number", 
   "catalog_sales_1.cs_quantity", 
   "catalog_sales_1.cs_wholesale_cost", 
   "catalog_sales_1.cs_list_price", 
   "catalog_sales_1.cs_sales_price", 
   "catalog_sales_1.cs_ext_discount_amt", 
   "catalog_sales_1.cs_ext_sales_price", 
   "catalog_sales_1.cs_ext_wholesale_cost", 
   "catalog_sales_1.cs_ext_list_price", 
   "catalog_sales_1.cs_ext_tax", 
   "catalog_sales_1.cs_coupon_amt", 
   "catalog_sales_1.cs_ext_ship_cost", 
   "catalog_sales_1.cs_net_paid", 
   "catalog_sales_1.cs_net_paid_inc_tax", 
   "catalog_sales_1.cs_net_paid_inc_ship", 
   "catalog_sales_1.cs_net_paid_inc_ship_tax", 
   "catalog_sales_1.cs_net_profit"
  ], 
  "Plan Width": 22, 
  "Total Cost": 12.6
 }, 
 {
  "Startup Cost": 14.05, 
  "plan_id": 212, 
  "Plans": [
   213
  ], 
  "Plan Rows": 1, 
  "Node Type": "Hash", 
  "filename": "plans/query14a.json", 
  "Parallel Aware": false, 
  "Parent Relationship": "Inner", 
  "Output": [
   "date_dim_3.d_date_sk"
  ], 
  "Plan Width": 4, 
  "Total Cost": 14.05
 }, 
 {
  "Relation Name": "date_dim", 
  "Startup Cost": 0.0, 
  "plan_id": 217, 
  "Node Type": "Seq Scan", 
  "Plan Rows": 1, 
  "Filter": "((date_dim_4.d_year >= 1998) AND (date_dim_4.d_year <= 2000))", 
  "Alias": "date_dim_4", 
  "filename": "plans/query14a.json", 
  "Schema": "pg_temp_2", 
  "Parallel Aware": false, 
  "Parent Relationship": "Outer", 
  "Output": [
   "date_dim_4.d_date_sk"
  ], 
  "Plan Width": 4, 
  "Total Cost": 14.05
 }, 
 {
  "Startup Cost": 0.0, 
  "plan_id": 215, 
  "Node Type": "Seq Scan", 
  "Plan Rows": 260, 
  "Relation Name": "web_sales", 
  "Alias": "web_sales_1", 
  "filename": "plans/query14a.json", 
  "Schema": "pg_temp_2", 
  "Parallel Aware": false, 
  "Parent Relationship": "Outer", 
  "Output": [
   "web_sales_1.ws_sold_date_sk", 
   "web_sales_1.ws_sold_time_sk", 
   "web_sales_1.ws_ship_date_sk", 
   "web_sales_1.ws_item_sk", 
   "web_sales_1.ws_bill_customer_sk", 
   "web_sales_1.ws_bill_cdemo_sk", 
   "web_sales_1.ws_bill_hdemo_sk", 
   "web_sales_1.ws_bill_addr_sk", 
   "web_sales_1.ws_ship_customer_sk", 
   "web_sales_1.ws_ship_cdemo_sk", 
   "web_sales_1.ws_ship_hdemo_sk", 
   "web_sales_1.ws_ship_addr_sk", 
   "web_sales_1.ws_web_page_sk", 
   "web_sales_1.ws_web_site_sk", 
   "web_sales_1.ws_ship_mode_sk", 
   "web_sales_1.ws_warehouse_sk", 
   "web_sales_1.ws_promo_sk", 
   "web_sales_1.ws_order_number", 
   "web_sales_1.ws_quantity", 
   "web_sales_1.ws_wholesale_cost", 
   "web_sales_1.ws_list_price", 
   "web_sales_1.ws_sales_price", 
   "web_sales_1.ws_ext_discount_amt", 
   "web_sales_1.ws_ext_sales_price", 
   "web_sales_1.ws_ext_wholesale_cost", 
   "web_sales_1.ws_ext_list_price", 
   "web_sales_1.ws_ext_tax", 
   "web_sales_1.ws_coupon_amt", 
   "web_sales_1.ws_ext_ship_cost", 
   "web_sales_1.ws_net_paid", 
   "web_sales_1.ws_net_paid_inc_tax", 
   "web_sales_1.ws_net_paid_inc_ship", 
   "web_sales_1.ws_net_paid_inc_ship_tax", 
   "web_sales_1.ws_net_profit"
  ], 
  "Plan Width": 22, 
  "Total Cost": 12.6
 }, 
 {
  "Startup Cost": 14.05, 
  "plan_id": 216, 
  "Plans": [
   217
  ], 
  "Plan Rows": 1, 
  "Node Type": "Hash", 
  "filename": "plans/query14a.json", 
  "Parallel Aware": false, 
  "Parent Relationship": "Inner", 
  "Output": [
   "date_dim_4.d_date_sk"
  ], 
  "Plan Width": 4, 
  "Total Cost": 14.05
 }, 
 {
  "Startup Cost": 14.06, 
  "Plan Width": 18, 
  "plan_id": 206, 
  "Plans": [
   207, 
   208
  ], 
  "Plan Rows": 1, 
  "Node Type": "Hash Join", 
  "Join Type": "Inner", 
  "filename": "plans/query14a.json", 
  "Parallel Aware": false, 
  "Output": [
   "store_sales_3.ss_quantity", 
   "store_sales_3.ss_list_price"
  ], 
  "Hash Cond": "(store_sales_3.ss_sold_date_sk = date_dim_2.d_date_sk)", 
  "Parent Relationship": "Member", 
  "Total Cost": 28.75
 }, 
 {
  "Startup Cost": 14.06, 
  "Plan Width": 18, 
  "plan_id": 210, 
  "Plans": [
   211, 
   212
  ], 
  "Plan Rows": 1, 
  "Node Type": "Hash Join", 
  "Join Type": "Inner", 
  "filename": "plans/query14a.json", 
  "Parallel Aware": false, 
  "Output": [
   "catalog_sales_1.cs_quantity", 
   "catalog_sales_1.cs_list_price"
  ], 
  "Hash Cond": "(catalog_sales_1.cs_sold_date_sk = date_dim_3.d_date_sk)", 
  "Parent Relationship": "Member", 
  "Total Cost": 27.65
 }, 
 {
  "Startup Cost": 14.06, 
  "Plan Width": 18, 
  "plan_id": 214, 
  "Plans": [
   215, 
   216
  ], 
  "Plan Rows": 1, 
  "Node Type": "Hash Join", 
  "Join Type": "Inner", 
  "filename": "plans/query14a.json", 
  "Parallel Aware": false, 
  "Output": [
   "web_sales_1.ws_quantity", 
   "web_sales_1.ws_list_price"
  ], 
  "Hash Cond": "(web_sales_1.ws_sold_date_sk = date_dim_4.d_date_sk)", 
  "Parent Relationship": "Member", 
  "Total Cost": 27.65
 }, 
 {
  "Startup Cost": 14.06, 
  "plan_id": 205, 
  "Plans": [
   206, 
   210, 
   214
  ], 
  "Plan Rows": 3, 
  "Node Type": "Append", 
  "filename": "plans/query14a.json", 
  "Parallel Aware": false, 
  "Parent Relationship": "Outer", 
  "Plan Width": 18, 
  "Total Cost": 84.07
 }, 
 {
  "Startup Cost": 0.0, 
  "plan_id": 228, 
  "CTE Name": "cross_items", 
  "Node Type": "CTE Scan", 
  "Plan Rows": 1, 
  "Alias": "cross_items", 
  "filename": "plans/query14a.json", 
  "Parallel Aware": false, 
  "Parent Relationship": "Outer", 
  "Output": [
   "cross_items.ss_item_sk"
  ], 
  "Plan Width": 4, 
  "Total Cost": 0.02
 }, 
 {
  "Partial Mode": "Simple", 
  "Startup Cost": 0.02, 
  "Plan Width": 4, 
  "plan_id": 227, 
  "Plans": [
   228
  ], 
  "filename": "plans/query14a.json", 
  "Node Type": "Aggregate", 
  "Strategy": "Hashed", 
  "Plan Rows": 1, 
  "Parallel Aware": false, 
  "Output": [
   "cross_items.ss_item_sk"
  ], 
  "Group Key": [
   "cross_items.ss_item_sk"
  ], 
  "Parent Relationship": "Outer", 
  "Total Cost": 0.03
 }, 
 {
  "Startup Cost": 0.14, 
  "filename": "plans/query14a.json", 
  "plan_id": 229, 
  "Scan Direction": "Forward", 
  "Index Cond": "(item.i_item_sk = cross_items.ss_item_sk)", 
  "Node Type": "Index Scan", 
  "Relation Name": "item", 
  "Alias": "item", 
  "Plan Rows": 1, 
  "Schema": "pg_temp_2", 
  "Parallel Aware": false, 
  "Parent Relationship": "Inner", 
  "Output": [
   "item.i_item_sk", 
   "item.i_item_id", 
   "item.i_rec_start_date", 
   "item.i_rec_end_date", 
   "item.i_item_desc", 
   "item.i_current_price", 
   "item.i_wholesale_cost", 
   "item.i_brand_id", 
   "item.i_brand", 
   "item.i_class_id", 
   "item.i_class", 
   "item.i_category_id", 
   "item.i_category", 
   "item.i_manufact_id", 
   "item.i_manufact", 
   "item.i_size", 
   "item.i_formulation", 
   "item.i_color", 
   "item.i_units", 
   "item.i_container", 
   "item.i_manager_id", 
   "item.i_product_name"
  ], 
  "Index Name": "item_pkey", 
  "Plan Width": 16, 
  "Total Cost": 8.16
 }, 
 {
  "Startup Cost": 0.16, 
  "plan_id": 226, 
  "Plans": [
   227, 
   229
  ], 
  "Plan Rows": 1, 
  "Node Type": "Nested Loop", 
  "Join Type": "Inner", 
  "filename": "plans/query14a.json", 
  "Parallel Aware": false, 
  "Parent Relationship": "Outer", 
  "Output": [
   "item.i_brand_id", 
   "item.i_class_id", 
   "item.i_category_id", 
   "item.i_item_sk", 
   "cross_items.ss_item_sk"
  ], 
  "Plan Width": 20, 
  "Total Cost": 8.2
 }, 
 {
  "Startup Cost": 0.15, 
  "filename": "plans/query14a.json", 
  "plan_id": 230, 
  "Scan Direction": "Forward", 
  "Index Cond": "(store_sales.ss_item_sk = item.i_item_sk)", 
  "Node Type": "Index Scan", 
  "Relation Name": "store_sales", 
  "Alias": "store_sales", 
  "Plan Rows": 2, 
  "Schema": "pg_temp_2", 
  "Parallel Aware": false, 
  "Parent Relationship": "Inner", 
  "Output": [
   "store_sales.ss_sold_date_sk", 
   "store_sales.ss_sold_time_sk", 
   "store_sales.ss_item_sk", 
   "store_sales.ss_customer_sk", 
   "store_sales.ss_cdemo_sk", 
   "store_sales.ss_hdemo_sk", 
   "store_sales.ss_addr_sk", 
   "store_sales.ss_store_sk", 
   "store_sales.ss_promo_sk", 
   "store_sales.ss_ticket_number", 
   "store_sales.ss_quantity", 
   "store_sales.ss_wholesale_cost", 
   "store_sales.ss_list_price", 
   "store_sales.ss_sales_price", 
   "store_sales.ss_ext_discount_amt", 
   "store_sales.ss_ext_sales_price", 
   "store_sales.ss_ext_wholesale_cost", 
   "store_sales.ss_ext_list_price", 
   "store_sales.ss_ext_tax", 
   "store_sales.ss_coupon_amt", 
   "store_sales.ss_net_paid", 
   "store_sales.ss_net_paid_inc_tax", 
   "store_sales.ss_net_profit"
  ], 
  "Index Name": "store_sales_pkey", 
  "Plan Width": 26, 
  "Total Cost": 1.28
 }, 
 {
  "Startup Cost": 0.31, 
  "plan_id": 225, 
  "Plans": [
   226, 
   230
  ], 
  "Plan Rows": 34, 
  "Node Type": "Nested Loop", 
  "Join Type": "Inner", 
  "filename": "plans/query14a.json", 
  "Parallel Aware": false, 
  "Parent Relationship": "Outer", 
  "Output": [
   "store_sales.ss_quantity", 
   "store_sales.ss_list_price", 
   "store_sales.ss_sold_date_sk", 
   "item.i_brand_id", 
   "item.i_class_id", 
   "item.i_category_id"
  ], 
  "Plan Width": 34, 
  "Total Cost": 9.5
 }, 
 {
  "Filter": "(date_dim.d_week_seq = $5)", 
  "Startup Cost": 0.15, 
  "filename": "plans/query14a.json", 
  "plan_id": 231, 
  "Scan Direction": "Forward", 
  "Index Cond": "(date_dim.d_date_sk = store_sales.ss_sold_date_sk)", 
  "Node Type": "Index Scan", 
  "Relation Name": "date_dim", 
  "Alias": "date_dim", 
  "Plan Rows": 1, 
  "Schema": "pg_temp_2", 
  "Parallel Aware": false, 
  "Parent Relationship": "Inner", 
  "Output": [
   "date_dim.d_date_sk", 
   "date_dim.d_date_id", 
   "date_dim.d_date", 
   "date_dim.d_month_seq", 
   "date_dim.d_week_seq", 
   "date_dim.d_quarter_seq", 
   "date_dim.d_year", 
   "date_dim.d_dow", 
   "date_dim.d_moy", 
   "date_dim.d_dom", 
   "date_dim.d_qoy", 
   "date_dim.d_fy_year", 
   "date_dim.d_fy_quarter_seq", 
   "date_dim.d_fy_week_seq", 
   "date_dim.d_day_name", 
   "date_dim.d_quarter_name", 
   "date_dim.d_holiday", 
   "date_dim.d_weekend", 
   "date_dim.d_following_holiday", 
   "date_dim.d_first_dom", 
   "date_dim.d_last_dom", 
   "date_dim.d_same_day_ly", 
   "date_dim.d_same_day_lq", 
   "date_dim.d_current_day", 
   "date_dim.d_current_week", 
   "date_dim.d_current_month", 
   "date_dim.d_current_quarter", 
   "date_dim.d_current_year"
  ], 
  "Index Name": "date_dim_pkey", 
  "Plan Width": 4, 
  "Total Cost": 0.3
 }, 
 {
  "Startup Cost": 0.46, 
  "plan_id": 224, 
  "Plans": [
   225, 
   231
  ], 
  "Plan Rows": 1, 
  "Node Type": "Nested Loop", 
  "Join Type": "Inner", 
  "filename": "plans/query14a.json", 
  "Parallel Aware": false, 
  "Parent Relationship": "Outer", 
  "Output": [
   "item.i_brand_id", 
   "item.i_class_id", 
   "item.i_category_id", 
   "store_sales.ss_quantity", 
   "store_sales.ss_list_price"
  ], 
  "Plan Width": 30, 
  "Total Cost": 19.94
 }, 
 {
  "Relation Name": "date_dim", 
  "Startup Cost": 0.0, 
  "plan_id": 221, 
  "Node Type": "Seq Scan", 
  "Plan Rows": 1, 
  "Filter": "((date_dim_5.d_year = 1999) AND (date_dim_5.d_moy = 12) AND (date_dim_5.d_dom = 8))", 
  "Alias": "date_dim_5", 
  "filename": "plans/query14a.json", 
  "Schema": "pg_temp_2", 
  "Parallel Aware": false, 
  "Parent Relationship": "InitPlan", 
  "Output": [
   "date_dim_5.d_week_seq"
  ], 
  "Plan Width": 4, 
  "Subplan Name": "InitPlan 3 (returns $5)", 
  "Total Cost": 14.73
 }, 
 {
  "Startup Cost": 0.0, 
  "plan_id": 222, 
  "CTE Name": "avg_sales", 
  "Node Type": "CTE Scan", 
  "Plan Rows": 1, 
  "Alias": "avg_sales", 
  "filename": "plans/query14a.json", 
  "Parallel Aware": false, 
  "Parent Relationship": "InitPlan", 
  "Output": [
   "avg_sales.average_sales"
  ], 
  "Plan Width": 32, 
  "Subplan Name": "InitPlan 4 (returns $6)", 
  "Total Cost": 0.02
 }, 
 {
  "Startup Cost": 19.95, 
  "plan_id": 223, 
  "Plans": [
   224
  ], 
  "Sort Key": [
   "item.i_brand_id", 
   "item.i_class_id", 
   "item.i_category_id"
  ], 
  "Plan Rows": 1, 
  "Node Type": "Sort", 
  "filename": "plans/query14a.json", 
  "Parallel Aware": false, 
  "Parent Relationship": "Outer", 
  "Output": [
   "item.i_brand_id", 
   "item.i_class_id", 
   "item.i_category_id", 
   "store_sales.ss_quantity", 
   "store_sales.ss_list_price"
  ], 
  "Plan Width": 30, 
  "Total Cost": 19.95
 }, 
 {
  "Startup Cost": 0.0, 
  "plan_id": 240, 
  "CTE Name": "cross_items", 
  "Node Type": "CTE Scan", 
  "Plan Rows": 1, 
  "Alias": "cross_items_1", 
  "filename": "plans/query14a.json", 
  "Parallel Aware": false, 
  "Parent Relationship": "Outer", 
  "Output": [
   "cross_items_1.ss_item_sk"
  ], 
  "Plan Width": 4, 
  "Total Cost": 0.02
 }, 
 {
  "Partial Mode": "Simple", 
  "Startup Cost": 0.02, 
  "Plan Width": 4, 
  "plan_id": 239, 
  "Plans": [
   240
  ], 
  "filename": "plans/query14a.json", 
  "Node Type": "Aggregate", 
  "Strategy": "Hashed", 
  "Plan Rows": 1, 
  "Parallel Aware": false, 
  "Output": [
   "cross_items_1.ss_item_sk"
  ], 
  "Group Key": [
   "cross_items_1.ss_item_sk"
  ], 
  "Parent Relationship": "Outer", 
  "Total Cost": 0.03
 }, 
 {
  "Startup Cost": 0.14, 
  "filename": "plans/query14a.json", 
  "plan_id": 241, 
  "Scan Direction": "Forward", 
  "Index Cond": "(item_1.i_item_sk = cross_items_1.ss_item_sk)", 
  "Node Type": "Index Scan", 
  "Relation Name": "item", 
  "Alias": "item_1", 
  "Plan Rows": 1, 
  "Schema": "pg_temp_2", 
  "Parallel Aware": false, 
  "Parent Relationship": "Inner", 
  "Output": [
   "item_1.i_item_sk", 
   "item_1.i_item_id", 
   "item_1.i_rec_start_date", 
   "item_1.i_rec_end_date", 
   "item_1.i_item_desc", 
   "item_1.i_current_price", 
   "item_1.i_wholesale_cost", 
   "item_1.i_brand_id", 
   "item_1.i_brand", 
   "item_1.i_class_id", 
   "item_1.i_class", 
   "item_1.i_category_id", 
   "item_1.i_category", 
   "item_1.i_manufact_id", 
   "item_1.i_manufact", 
   "item_1.i_size", 
   "item_1.i_formulation", 
   "item_1.i_color", 
   "item_1.i_units", 
   "item_1.i_container", 
   "item_1.i_manager_id", 
   "item_1.i_product_name"
  ], 
  "Index Name": "item_pkey", 
  "Plan Width": 16, 
  "Total Cost": 8.16
 }, 
 {
  "Startup Cost": 0.16, 
  "plan_id": 238, 
  "Plans": [
   239, 
   241
  ], 
  "Plan Rows": 1, 
  "Node Type": "Nested Loop", 
  "Join Type": "Inner", 
  "filename": "plans/query14a.json", 
  "Parallel Aware": false, 
  "Parent Relationship": "Outer", 
  "Output": [
   "item_1.i_brand_id", 
   "item_1.i_class_id", 
   "item_1.i_category_id", 
   "item_1.i_item_sk", 
   "cross_items_1.ss_item_sk"
  ], 
  "Plan Width": 20, 
  "Total Cost": 8.2
 }, 
 {
  "Startup Cost": 0.15, 
  "filename": "plans/query14a.json", 
  "plan_id": 242, 
  "Scan Direction": "Forward", 
  "Index Cond": "(store_sales_1.ss_item_sk = item_1.i_item_sk)", 
  "Node Type": "Index Scan", 
  "Relation Name": "store_sales", 
  "Alias": "store_sales_1", 
  "Plan Rows": 2, 
  "Schema": "pg_temp_2", 
  "Parallel Aware": false, 
  "Parent Relationship": "Inner", 
  "Output": [
   "store_sales_1.ss_sold_date_sk", 
   "store_sales_1.ss_sold_time_sk", 
   "store_sales_1.ss_item_sk", 
   "store_sales_1.ss_customer_sk", 
   "store_sales_1.ss_cdemo_sk", 
   "store_sales_1.ss_hdemo_sk", 
   "store_sales_1.ss_addr_sk", 
   "store_sales_1.ss_store_sk", 
   "store_sales_1.ss_promo_sk", 
   "store_sales_1.ss_ticket_number", 
   "store_sales_1.ss_quantity", 
   "store_sales_1.ss_wholesale_cost", 
   "store_sales_1.ss_list_price", 
   "store_sales_1.ss_sales_price", 
   "store_sales_1.ss_ext_discount_amt", 
   "store_sales_1.ss_ext_sales_price", 
   "store_sales_1.ss_ext_wholesale_cost", 
   "store_sales_1.ss_ext_list_price", 
   "store_sales_1.ss_ext_tax", 
   "store_sales_1.ss_coupon_amt", 
   "store_sales_1.ss_net_paid", 
   "store_sales_1.ss_net_paid_inc_tax", 
   "store_sales_1.ss_net_profit"
  ], 
  "Index Name": "store_sales_pkey", 
  "Plan Width": 26, 
  "Total Cost": 1.28
 }, 
 {
  "Startup Cost": 0.31, 
  "plan_id": 237, 
  "Plans": [
   238, 
   242
  ], 
  "Plan Rows": 34, 
  "Node Type": "Nested Loop", 
  "Join Type": "Inner", 
  "filename": "plans/query14a.json", 
  "Parallel Aware": false, 
  "Parent Relationship": "Outer", 
  "Output": [
   "store_sales_1.ss_quantity", 
   "store_sales_1.ss_list_price", 
   "store_sales_1.ss_sold_date_sk", 
   "item_1.i_brand_id", 
   "item_1.i_class_id", 
   "item_1.i_category_id"
  ], 
  "Plan Width": 34, 
  "Total Cost": 9.5
 }, 
 {
  "Filter": "(date_dim_1.d_week_seq = $7)", 
  "Startup Cost": 0.15, 
  "filename": "plans/query14a.json", 
  "plan_id": 243, 
  "Scan Direction": "Forward", 
  "Index Cond": "(date_dim_1.d_date_sk = store_sales_1.ss_sold_date_sk)", 
  "Node Type": "Index Scan", 
  "Relation Name": "date_dim", 
  "Alias": "date_dim_1", 
  "Plan Rows": 1, 
  "Schema": "pg_temp_2", 
  "Parallel Aware": false, 
  "Parent Relationship": "Inner", 
  "Output": [
   "date_dim_1.d_date_sk", 
   "date_dim_1.d_date_id", 
   "date_dim_1.d_date", 
   "date_dim_1.d_month_seq", 
   "date_dim_1.d_week_seq", 
   "date_dim_1.d_quarter_seq", 
   "date_dim_1.d_year", 
   "date_dim_1.d_dow", 
   "date_dim_1.d_moy", 
   "date_dim_1.d_dom", 
   "date_dim_1.d_qoy", 
   "date_dim_1.d_fy_year", 
   "date_dim_1.d_fy_quarter_seq", 
   "date_dim_1.d_fy_week_seq", 
   "date_dim_1.d_day_name", 
   "date_dim_1.d_quarter_name", 
   "date_dim_1.d_holiday", 
   "date_dim_1.d_weekend", 
   "date_dim_1.d_following_holiday", 
   "date_dim_1.d_first_dom", 
   "date_dim_1.d_last_dom", 
   "date_dim_1.d_same_day_ly", 
   "date_dim_1.d_same_day_lq", 
   "date_dim_1.d_current_day", 
   "date_dim_1.d_current_week", 
   "date_dim_1.d_current_month", 
   "date_dim_1.d_current_quarter", 
   "date_dim_1.d_current_year"
  ], 
  "Index Name": "date_dim_pkey", 
  "Plan Width": 4, 
  "Total Cost": 0.3
 }, 
 {
  "Startup Cost": 0.46, 
  "plan_id": 236, 
  "Plans": [
   237, 
   243
  ], 
  "Plan Rows": 1, 
  "Node Type": "Nested Loop", 
  "Join Type": "Inner", 
  "filename": "plans/query14a.json", 
  "Parallel Aware": false, 
  "Parent Relationship": "Outer", 
  "Output": [
   "item_1.i_brand_id", 
   "item_1.i_class_id", 
   "item_1.i_category_id", 
   "store_sales_1.ss_quantity", 
   "store_sales_1.ss_list_price"
  ], 
  "Plan Width": 30, 
  "Total Cost": 19.94
 }, 
 {
  "Relation Name": "date_dim", 
  "Startup Cost": 0.0, 
  "plan_id": 233, 
  "Node Type": "Seq Scan", 
  "Plan Rows": 1, 
  "Filter": "((date_dim_6.d_year = 1998) AND (date_dim_6.d_moy = 12) AND (date_dim_6.d_dom = 8))", 
  "Alias": "date_dim_6", 
  "filename": "plans/query14a.json", 
  "Schema": "pg_temp_2", 
  "Parallel Aware": false, 
  "Parent Relationship": "InitPlan", 
  "Output": [
   "date_dim_6.d_week_seq"
  ], 
  "Plan Width": 4, 
  "Subplan Name": "InitPlan 5 (returns $7)", 
  "Total Cost": 14.73
 }, 
 {
  "Startup Cost": 0.0, 
  "plan_id": 234, 
  "CTE Name": "avg_sales", 
  "Node Type": "CTE Scan", 
  "Plan Rows": 1, 
  "Alias": "avg_sales_1", 
  "filename": "plans/query14a.json", 
  "Parallel Aware": false, 
  "Parent Relationship": "InitPlan", 
  "Output": [
   "avg_sales_1.average_sales"
  ], 
  "Plan Width": 32, 
  "Subplan Name": "InitPlan 6 (returns $8)", 
  "Total Cost": 0.02
 }, 
 {
  "Startup Cost": 19.95, 
  "plan_id": 235, 
  "Plans": [
   236
  ], 
  "Sort Key": [
   "item_1.i_brand_id", 
   "item_1.i_class_id", 
   "item_1.i_category_id"
  ], 
  "Plan Rows": 1, 
  "Node Type": "Sort", 
  "filename": "plans/query14a.json", 
  "Parallel Aware": false, 
  "Parent Relationship": "Outer", 
  "Output": [
   "item_1.i_brand_id", 
   "item_1.i_class_id", 
   "item_1.i_category_id", 
   "store_sales_1.ss_quantity", 
   "store_sales_1.ss_list_price"
  ], 
  "Plan Width": 30, 
  "Total Cost": 19.95
 }, 
 {
  "Partial Mode": "Simple", 
  "Startup Cost": 34.69, 
  "Plan Width": 84, 
  "plan_id": 220, 
  "Plans": [
   221, 
   222, 
   223
  ], 
  "filename": "plans/query14a.json", 
  "Node Type": "Aggregate", 
  "Strategy": "Sorted", 
  "Filter": "(sum(((store_sales.ss_quantity)::numeric * store_sales.ss_list_price)) > $6)", 
  "Plan Rows": 1, 
  "Parallel Aware": false, 
  "Output": [
   "'store'::text", 
   "item.i_brand_id", 
   "item.i_class_id", 
   "item.i_category_id", 
   "sum(((store_sales.ss_quantity)::numeric * store_sales.ss_list_price))", 
   "count(*)"
  ], 
  "Group Key": [
   "item.i_brand_id", 
   "item.i_class_id", 
   "item.i_category_id"
  ], 
  "Parent Relationship": "Outer", 
  "Total Cost": 34.74
 }, 
 {
  "Partial Mode": "Simple", 
  "Startup Cost": 34.69, 
  "Plan Width": 84, 
  "plan_id": 232, 
  "Plans": [
   233, 
   234, 
   235
  ], 
  "filename": "plans/query14a.json", 
  "Node Type": "Aggregate", 
  "Strategy": "Sorted", 
  "Filter": "(sum(((store_sales_1.ss_quantity)::numeric * store_sales_1.ss_list_price)) > $8)", 
  "Plan Rows": 1, 
  "Parallel Aware": false, 
  "Output": [
   "'store'::text", 
   "item_1.i_brand_id", 
   "item_1.i_class_id", 
   "item_1.i_category_id", 
   "sum(((store_sales_1.ss_quantity)::numeric * store_sales_1.ss_list_price))", 
   "count(*)"
  ], 
  "Group Key": [
   "item_1.i_brand_id", 
   "item_1.i_class_id", 
   "item_1.i_category_id"
  ], 
  "Parent Relationship": "Inner", 
  "Total Cost": 34.74
 }, 
 {
  "Startup Cost": 69.38, 
  "plan_id": 219, 
  "Plans": [
   220, 
   232
  ], 
  "Plan Rows": 1, 
  "Node Type": "Nested Loop", 
  "Join Type": "Inner", 
  "filename": "plans/query14a.json", 
  "Parallel Aware": false, 
  "Parent Relationship": "Outer", 
  "Output": [
   "('store'::text)", 
   "item.i_brand_id", 
   "item.i_class_id", 
   "item.i_category_id", 
   "(sum(((store_sales.ss_quantity)::numeric * store_sales.ss_list_price)))", 
   "(count(*))", 
   "('store'::text)", 
   "item_1.i_brand_id", 
   "item_1.i_class_id", 
   "item_1.i_category_id", 
   "(sum(((store_sales_1.ss_quantity)::numeric * store_sales_1.ss_list_price)))", 
   "(count(*))"
  ], 
  "Plan Width": 168, 
  "Join Filter": "((item.i_brand_id = item_1.i_brand_id) AND (item.i_class_id = item_1.i_class_id) AND (item.i_category_id = item_1.i_category_id))", 
  "Total Cost": 69.51
 }, 
 {
  "Startup Cost": 14.2, 
  "plan_id": 175, 
  "Plans": [
   176, 
   203
  ], 
  "Plan Rows": 1, 
  "Node Type": "Nested Loop", 
  "Join Type": "Inner", 
  "filename": "plans/query14a.json", 
  "Parallel Aware": false, 
  "Parent Relationship": "InitPlan", 
  "Output": [
   "item_2.i_item_sk"
  ], 
  "Plan Width": 4, 
  "Subplan Name": "CTE cross_items", 
  "Join Filter": "((item_2.i_brand_id = x.brand_id) AND (item_2.i_class_id = x.class_id) AND (item_2.i_category_id = x.category_id))", 
  "Total Cost": 96.19
 }, 
 {
  "Partial Mode": "Simple", 
  "Startup Cost": 84.1, 
  "plan_id": 204, 
  "Plans": [
   205
  ], 
  "Plan Rows": 1, 
  "Strategy": "Plain", 
  "filename": "plans/query14a.json", 
  "Parallel Aware": false, 
  "Parent Relationship": "InitPlan", 
  "Output": [
   "avg(((store_sales_3.ss_quantity)::numeric * store_sales_3.ss_list_price))"
  ], 
  "Plan Width": 32, 
  "Subplan Name": "CTE avg_sales", 
  "Node Type": "Aggregate", 
  "Total Cost": 84.11
 }, 
 {
  "Startup Cost": 69.52, 
  "plan_id": 218, 
  "Plans": [
   219
  ], 
  "Sort Key": [
   "('store'::text)", 
   "item.i_brand_id", 
   "item.i_class_id", 
   "item.i_category_id"
  ], 
  "Plan Rows": 1, 
  "Node Type": "Sort", 
  "filename": "plans/query14a.json", 
  "Parallel Aware": false, 
  "Parent Relationship": "Outer", 
  "Output": [
   "('store'::text)", 
   "item.i_brand_id", 
   "item.i_class_id", 
   "item.i_category_id", 
   "(sum(((store_sales.ss_quantity)::numeric * store_sales.ss_list_price)))", 
   "(count(*))", 
   "('store'::text)", 
   "item_1.i_brand_id", 
   "item_1.i_class_id", 
   "item_1.i_category_id", 
   "(sum(((store_sales_1.ss_quantity)::numeric * store_sales_1.ss_list_price)))", 
   "(count(*))"
  ], 
  "Plan Width": 168, 
  "Total Cost": 69.53
 }, 
 {
  "Startup Cost": 249.82, 
  "plan_id": 174, 
  "Plans": [
   175, 
   204, 
   218
  ], 
  "Plan Rows": 1, 
  "Node Type": "Limit", 
  "filename": "plans/query14a.json", 
  "Parallel Aware": false, 
  "Output": [
   "('store'::text)", 
   "item.i_brand_id", 
   "item.i_class_id", 
   "item.i_category_id", 
   "(sum(((store_sales.ss_quantity)::numeric * store_sales.ss_list_price)))", 
   "(count(*))", 
   "('store'::text)", 
   "item_1.i_brand_id", 
   "item_1.i_class_id", 
   "item_1.i_category_id", 
   "(sum(((store_sales_1.ss_quantity)::numeric * store_sales_1.ss_list_price)))", 
   "(count(*))"
  ], 
  "Plan Width": 168, 
  "Total Cost": 249.83
 }, 
 {
  "Relation Name": "date_dim", 
  "Startup Cost": 0.0, 
  "plan_id": 252, 
  "Node Type": "Seq Scan", 
  "Plan Rows": 1, 
  "Filter": "((date_dim.d_qoy = 2) AND (date_dim.d_year = 2002))", 
  "Alias": "date_dim", 
  "filename": "plans/query15.json", 
  "Schema": "pg_temp_2", 
  "Parallel Aware": false, 
  "Parent Relationship": "Outer", 
  "Output": [
   "date_dim.d_date_sk"
  ], 
  "Plan Width": 4, 
  "Total Cost": 14.05
 }, 
 {
  "Startup Cost": 0.0, 
  "plan_id": 250, 
  "Node Type": "Seq Scan", 
  "Plan Rows": 260, 
  "Relation Name": "catalog_sales", 
  "Alias": "catalog_sales", 
  "filename": "plans/query15.json", 
  "Schema": "pg_temp_2", 
  "Parallel Aware": false, 
  "Parent Relationship": "Outer", 
  "Output": [
   "catalog_sales.cs_sold_date_sk", 
   "catalog_sales.cs_sold_time_sk", 
   "catalog_sales.cs_ship_date_sk", 
   "catalog_sales.cs_bill_customer_sk", 
   "catalog_sales.cs_bill_cdemo_sk", 
   "catalog_sales.cs_bill_hdemo_sk", 
   "catalog_sales.cs_bill_addr_sk", 
   "catalog_sales.cs_ship_customer_sk", 
   "catalog_sales.cs_ship_cdemo_sk", 
   "catalog_sales.cs_ship_hdemo_sk", 
   "catalog_sales.cs_ship_addr_sk", 
   "catalog_sales.cs_call_center_sk", 
   "catalog_sales.cs_catalog_page_sk", 
   "catalog_sales.cs_ship_mode_sk", 
   "catalog_sales.cs_warehouse_sk", 
   "catalog_sales.cs_item_sk", 
   "catalog_sales.cs_promo_sk", 
   "catalog_sales.cs_order_number", 
   "catalog_sales.cs_quantity", 
   "catalog_sales.cs_wholesale_cost", 
   "catalog_sales.cs_list_price", 
   "catalog_sales.cs_sales_price", 
   "catalog_sales.cs_ext_discount_amt", 
   "catalog_sales.cs_ext_sales_price", 
   "catalog_sales.cs_ext_wholesale_cost", 
   "catalog_sales.cs_ext_list_price", 
   "catalog_sales.cs_ext_tax", 
   "catalog_sales.cs_coupon_amt", 
   "catalog_sales.cs_ext_ship_cost", 
   "catalog_sales.cs_net_paid", 
   "catalog_sales.cs_net_paid_inc_tax", 
   "catalog_sales.cs_net_paid_inc_ship", 
   "catalog_sales.cs_net_paid_inc_ship_tax", 
   "catalog_sales.cs_net_profit"
  ], 
  "Plan Width": 22, 
  "Total Cost": 12.6
 }, 
 {
  "Startup Cost": 14.05, 
  "plan_id": 251, 
  "Plans": [
   252
  ], 
  "Plan Rows": 1, 
  "Node Type": "Hash", 
  "filename": "plans/query15.json", 
  "Parallel Aware": false, 
  "Parent Relationship": "Inner", 
  "Output": [
   "date_dim.d_date_sk"
  ], 
  "Plan Width": 4, 
  "Total Cost": 14.05
 }, 
 {
  "Startup Cost": 14.06, 
  "Plan Width": 18, 
  "plan_id": 249, 
  "Plans": [
   250, 
   251
  ], 
  "Plan Rows": 1, 
  "Node Type": "Hash Join", 
  "Join Type": "Inner", 
  "filename": "plans/query15.json", 
  "Parallel Aware": false, 
  "Output": [
   "catalog_sales.cs_sales_price", 
   "catalog_sales.cs_bill_customer_sk"
  ], 
  "Hash Cond": "(catalog_sales.cs_sold_date_sk = date_dim.d_date_sk)", 
  "Parent Relationship": "Outer", 
  "Total Cost": 27.65
 }, 
 {
  "Startup Cost": 0.14, 
  "filename": "plans/query15.json", 
  "plan_id": 253, 
  "Scan Direction": "Forward", 
  "Index Cond": "(customer.c_customer_sk = catalog_sales.cs_bill_customer_sk)", 
  "Node Type": "Index Scan", 
  "Relation Name": "customer", 
  "Alias": "customer", 
  "Plan Rows": 1, 
  "Schema": "pg_temp_2", 
  "Parallel Aware": false, 
  "Parent Relationship": "Inner", 
  "Output": [
   "customer.c_customer_sk", 
   "customer.c_customer_id", 
   "customer.c_current_cdemo_sk", 
   "customer.c_current_hdemo_sk", 
   "customer.c_current_addr_sk", 
   "customer.c_first_shipto_date_sk", 
   "customer.c_first_sales_date_sk", 
   "customer.c_salutation", 
   "customer.c_first_name", 
   "customer.c_last_name", 
   "customer.c_preferred_cust_flag", 
   "customer.c_birth_day", 
   "customer.c_birth_month", 
   "customer.c_birth_year", 
   "customer.c_birth_country", 
   "customer.c_login", 
   "customer.c_email_address", 
   "customer.c_last_review_date"
  ], 
  "Index Name": "customer_pkey", 
  "Plan Width": 8, 
  "Total Cost": 0.33
 }, 
 {
  "Startup Cost": 14.21, 
  "plan_id": 248, 
  "Plans": [
   249, 
   253
  ], 
  "Plan Rows": 1, 
  "Node Type": "Nested Loop", 
  "Join Type": "Inner", 
  "filename": "plans/query15.json", 
  "Parallel Aware": false, 
  "Parent Relationship": "Outer", 
  "Output": [
   "catalog_sales.cs_sales_price", 
   "customer.c_current_addr_sk"
  ], 
  "Plan Width": 18, 
  "Total Cost": 27.99
 }, 
 {
  "Startup Cost": 0.14, 
  "filename": "plans/query15.json", 
  "plan_id": 254, 
  "Scan Direction": "Forward", 
  "Index Cond": "(customer_address.ca_address_sk = customer.c_current_addr_sk)", 
  "Node Type": "Index Scan", 
  "Relation Name": "customer_address", 
  "Alias": "customer_address", 
  "Plan Rows": 1, 
  "Schema": "pg_temp_2", 
  "Parallel Aware": false, 
  "Parent Relationship": "Inner", 
  "Output": [
   "customer_address.ca_address_sk", 
   "customer_address.ca_address_id", 
   "customer_address.ca_street_number", 
   "customer_address.ca_street_name", 
   "customer_address.ca_street_type", 
   "customer_address.ca_suite_number", 
   "customer_address.ca_city", 
   "customer_address.ca_county", 
   "customer_address.ca_state", 
   "customer_address.ca_zip", 
   "customer_address.ca_country", 
   "customer_address.ca_gmt_offset", 
   "customer_address.ca_location_type"
  ], 
  "Index Name": "customer_address_pkey", 
  "Plan Width": 60, 
  "Total Cost": 0.6
 }, 
 {
  "Startup Cost": 14.35, 
  "plan_id": 247, 
  "Plans": [
   248, 
   254
  ], 
  "Plan Rows": 1, 
  "Node Type": "Nested Loop", 
  "Join Type": "Inner", 
  "filename": "plans/query15.json", 
  "Parallel Aware": false, 
  "Parent Relationship": "Outer", 
  "Output": [
   "customer_address.ca_zip", 
   "catalog_sales.cs_sales_price"
  ], 
  "Plan Width": 58, 
  "Join Filter": "((substr((customer_address.ca_zip)::text, 1, 5) = ANY ('{85669,86197,88274,83405,86475,85392,85460,80348,81792}'::text[])) OR (customer_address.ca_state = ANY ('{CA,WA,GA}'::bpchar[])) OR (catalog_sales.cs_sales_price > '500'::numeric))", 
  "Total Cost": 28.62
 }, 
 {
  "Startup Cost": 28.63, 
  "plan_id": 246, 
  "Plans": [
   247
  ], 
  "Sort Key": [
   "customer_address.ca_zip"
  ], 
  "Plan Rows": 1, 
  "Node Type": "Sort", 
  "filename": "plans/query15.json", 
  "Parallel Aware": false, 
  "Parent Relationship": "Outer", 
  "Output": [
   "customer_address.ca_zip", 
   "catalog_sales.cs_sales_price"
  ], 
  "Plan Width": 58, 
  "Total Cost": 28.63
 }, 
 {
  "Partial Mode": "Simple", 
  "Startup Cost": 28.63, 
  "Plan Width": 76, 
  "plan_id": 245, 
  "Plans": [
   246
  ], 
  "filename": "plans/query15.json", 
  "Node Type": "Aggregate", 
  "Strategy": "Sorted", 
  "Plan Rows": 1, 
  "Parallel Aware": false, 
  "Output": [
   "customer_address.ca_zip", 
   "sum(catalog_sales.cs_sales_price)"
  ], 
  "Group Key": [
   "customer_address.ca_zip"
  ], 
  "Parent Relationship": "Outer", 
  "Total Cost": 28.65
 }, 
 {
  "Startup Cost": 28.63, 
  "plan_id": 244, 
  "Plans": [
   245
  ], 
  "Plan Rows": 1, 
  "Node Type": "Limit", 
  "filename": "plans/query15.json", 
  "Parallel Aware": false, 
  "Output": [
   "customer_address.ca_zip", 
   "(sum(catalog_sales.cs_sales_price))"
  ], 
  "Plan Width": 76, 
  "Total Cost": 28.65
 }, 
 {
  "Relation Name": "customer_address", 
  "Startup Cost": 0.0, 
  "plan_id": 265, 
  "Node Type": "Seq Scan", 
  "Plan Rows": 1, 
  "Filter": "(customer_address.ca_state = 'VA'::bpchar)", 
  "Alias": "customer_address", 
  "filename": "plans/query16.json", 
  "Schema": "pg_temp_2", 
  "Parallel Aware": false, 
  "Parent Relationship": "Outer", 
  "Output": [
   "customer_address.ca_address_sk"
  ], 
  "Plan Width": 4, 
  "Total Cost": 11.25
 }, 
 {
  "Startup Cost": 0.0, 
  "plan_id": 263, 
  "Node Type": "Seq Scan", 
  "Plan Rows": 260, 
  "Relation Name": "catalog_sales", 
  "Alias": "cs1", 
  "filename": "plans/query16.json", 
  "Schema": "pg_temp_2", 
  "Parallel Aware": false, 
  "Parent Relationship": "Outer", 
  "Output": [
   "cs1.cs_sold_date_sk", 
   "cs1.cs_sold_time_sk", 
   "cs1.cs_ship_date_sk", 
   "cs1.cs_bill_customer_sk", 
   "cs1.cs_bill_cdemo_sk", 
   "cs1.cs_bill_hdemo_sk", 
   "cs1.cs_bill_addr_sk", 
   "cs1.cs_ship_customer_sk", 
   "cs1.cs_ship_cdemo_sk", 
   "cs1.cs_ship_hdemo_sk", 
   "cs1.cs_ship_addr_sk", 
   "cs1.cs_call_center_sk", 
   "cs1.cs_catalog_page_sk", 
   "cs1.cs_ship_mode_sk", 
   "cs1.cs_warehouse_sk", 
   "cs1.cs_item_sk", 
   "cs1.cs_promo_sk", 
   "cs1.cs_order_number", 
   "cs1.cs_quantity", 
   "cs1.cs_wholesale_cost", 
   "cs1.cs_list_price", 
   "cs1.cs_sales_price", 
   "cs1.cs_ext_discount_amt", 
   "cs1.cs_ext_sales_price", 
   "cs1.cs_ext_wholesale_cost", 
   "cs1.cs_ext_list_price", 
   "cs1.cs_ext_tax", 
   "cs1.cs_coupon_amt", 
   "cs1.cs_ext_ship_cost", 
   "cs1.cs_net_paid", 
   "cs1.cs_net_paid_inc_tax", 
   "cs1.cs_net_paid_inc_ship", 
   "cs1.cs_net_paid_inc_ship_tax", 
   "cs1.cs_net_profit"
  ], 
  "Plan Width": 48, 
  "Total Cost": 12.6
 }, 
 {
  "Startup Cost": 11.25, 
  "plan_id": 264, 
  "Plans": [
   265
  ], 
  "Plan Rows": 1, 
  "Node Type": "Hash", 
  "filename": "plans/query16.json", 
  "Parallel Aware": false, 
  "Parent Relationship": "Inner", 
  "Output": [
   "customer_address.ca_address_sk"
  ], 
  "Plan Width": 4, 
  "Total Cost": 11.25
 }, 
 {
  "Startup Cost": 11.26, 
  "Plan Width": 44, 
  "plan_id": 262, 
  "Plans": [
   263, 
   264
  ], 
  "Plan Rows": 1, 
  "Node Type": "Hash Join", 
  "Join Type": "Inner", 
  "filename": "plans/query16.json", 
  "Parallel Aware": false, 
  "Output": [
   "cs1.cs_order_number", 
   "cs1.cs_ext_ship_cost", 
   "cs1.cs_net_profit", 
   "cs1.cs_ship_date_sk", 
   "cs1.cs_call_center_sk", 
   "cs1.cs_warehouse_sk"
  ], 
  "Hash Cond": "(cs1.cs_ship_addr_sk = customer_address.ca_address_sk)", 
  "Parent Relationship": "Outer", 
  "Total Cost": 24.85
 }, 
 {
  "Filter": "((date_dim.d_date >= '1999-02-01'::date) AND (date_dim.d_date <= '1999-04-02 00:00:00'::timestamp without time zone))", 
  "Startup Cost": 0.15, 
  "filename": "plans/query16.json", 
  "plan_id": 266, 
  "Scan Direction": "Forward", 
  "Index Cond": "(date_dim.d_date_sk = cs1.cs_ship_date_sk)", 
  "Node Type": "Index Scan", 
  "Relation Name": "date_dim", 
  "Alias": "date_dim", 
  "Plan Rows": 1, 
  "Schema": "pg_temp_2", 
  "Parallel Aware": false, 
  "Parent Relationship": "Inner", 
  "Output": [
   "date_dim.d_date_sk", 
   "date_dim.d_date_id", 
   "date_dim.d_date", 
   "date_dim.d_month_seq", 
   "date_dim.d_week_seq", 
   "date_dim.d_quarter_seq", 
   "date_dim.d_year", 
   "date_dim.d_dow", 
   "date_dim.d_moy", 
   "date_dim.d_dom", 
   "date_dim.d_qoy", 
   "date_dim.d_fy_year", 
   "date_dim.d_fy_quarter_seq", 
   "date_dim.d_fy_week_seq", 
   "date_dim.d_day_name", 
   "date_dim.d_quarter_name", 
   "date_dim.d_holiday", 
   "date_dim.d_weekend", 
   "date_dim.d_following_holiday", 
   "date_dim.d_first_dom", 
   "date_dim.d_last_dom", 
   "date_dim.d_same_day_ly", 
   "date_dim.d_same_day_lq", 
   "date_dim.d_current_day", 
   "date_dim.d_current_week", 
   "date_dim.d_current_month", 
   "date_dim.d_current_quarter", 
   "date_dim.d_current_year"
  ], 
  "Index Name": "date_dim_pkey", 
  "Plan Width": 4, 
  "Total Cost": 0.34
 }, 
 {
  "Startup Cost": 11.41, 
  "plan_id": 261, 
  "Plans": [
   262, 
   266
  ], 
  "Plan Rows": 1, 
  "Node Type": "Nested Loop", 
  "Join Type": "Inner", 
  "filename": "plans/query16.json", 
  "Parallel Aware": false, 
  "Parent Relationship": "Outer", 
  "Output": [
   "cs1.cs_order_number", 
   "cs1.cs_ext_ship_cost", 
   "cs1.cs_net_profit", 
   "cs1.cs_call_center_sk", 
   "cs1.cs_warehouse_sk"
  ], 
  "Plan Width": 40, 
  "Total Cost": 25.2
 }, 
 {
  "Filter": "((call_center.cc_county)::text = ANY ('{\"Williamson County\",\"Williamson County\",\"Williamson County\",\"Williamson County\",\"Williamson County\"}'::text[]))", 
  "Startup Cost": 0.14, 
  "filename": "plans/query16.json", 
  "plan_id": 267, 
  "Scan Direction": "Forward", 
  "Index Cond": "(call_center.cc_call_center_sk = cs1.cs_call_center_sk)", 
  "Node Type": "Index Scan", 
  "Relation Name": "call_center", 
  "Alias": "call_center", 
  "Plan Rows": 1, 
  "Schema": "pg_temp_2", 
  "Parallel Aware": false, 
  "Parent Relationship": "Inner", 
  "Output": [
   "call_center.cc_call_center_sk", 
   "call_center.cc_call_center_id", 
   "call_center.cc_rec_start_date", 
   "call_center.cc_rec_end_date", 
   "call_center.cc_closed_date_sk", 
   "call_center.cc_open_date_sk", 
   "call_center.cc_name", 
   "call_center.cc_class", 
   "call_center.cc_employees", 
   "call_center.cc_sq_ft", 
   "call_center.cc_hours", 
   "call_center.cc_manager", 
   "call_center.cc_mkt_id", 
   "call_center.cc_mkt_class", 
   "call_center.cc_mkt_desc", 
   "call_center.cc_market_manager", 
   "call_center.cc_division", 
   "call_center.cc_division_name", 
   "call_center.cc_company", 
   "call_center.cc_company_name", 
   "call_center.cc_street_number", 
   "call_center.cc_street_name", 
   "call_center.cc_street_type", 
   "call_center.cc_suite_number", 
   "call_center.cc_city", 
   "call_center.cc_county", 
   "call_center.cc_state", 
   "call_center.cc_zip", 
   "call_center.cc_country", 
   "call_center.cc_gmt_offset", 
   "call_center.cc_tax_percentage"
  ], 
  "Index Name": "call_center_pkey", 
  "Plan Width": 4, 
  "Total Cost": 0.33
 }, 
 {
  "Startup Cost": 11.55, 
  "plan_id": 260, 
  "Plans": [
   261, 
   267
  ], 
  "Plan Rows": 1, 
  "Node Type": "Nested Loop", 
  "Join Type": "Inner", 
  "filename": "plans/query16.json", 
  "Parallel Aware": false, 
  "Parent Relationship": "Outer", 
  "Output": [
   "cs1.cs_order_number", 
   "cs1.cs_ext_ship_cost", 
   "cs1.cs_net_profit", 
   "cs1.cs_warehouse_sk"
  ], 
  "Plan Width": 36, 
  "Total Cost": 25.54
 }, 
 {
  "Filter": "(cs1.cs_warehouse_sk <> cs2.cs_warehouse_sk)", 
  "Startup Cost": 0.15, 
  "filename": "plans/query16.json", 
  "plan_id": 268, 
  "Scan Direction": "Forward", 
  "Index Cond": "(cs2.cs_order_number = cs1.cs_order_number)", 
  "Node Type": "Index Scan", 
  "Relation Name": "catalog_sales", 
  "Alias": "cs2", 
  "Plan Rows": 1, 
  "Schema": "pg_temp_2", 
  "Parallel Aware": false, 
  "Parent Relationship": "Inner", 
  "Output": [
   "cs2.cs_sold_date_sk", 
   "cs2.cs_sold_time_sk", 
   "cs2.cs_ship_date_sk", 
   "cs2.cs_bill_customer_sk", 
   "cs2.cs_bill_cdemo_sk", 
   "cs2.cs_bill_hdemo_sk", 
   "cs2.cs_bill_addr_sk", 
   "cs2.cs_ship_customer_sk", 
   "cs2.cs_ship_cdemo_sk", 
   "cs2.cs_ship_hdemo_sk", 
   "cs2.cs_ship_addr_sk", 
   "cs2.cs_call_center_sk", 
   "cs2.cs_catalog_page_sk", 
   "cs2.cs_ship_mode_sk", 
   "cs2.cs_warehouse_sk", 
   "cs2.cs_item_sk", 
   "cs2.cs_promo_sk", 
   "cs2.cs_order_number", 
   "cs2.cs_quantity", 
   "cs2.cs_wholesale_cost", 
   "cs2.cs_list_price", 
   "cs2.cs_sales_price", 
   "cs2.cs_ext_discount_amt", 
   "cs2.cs_ext_sales_price", 
   "cs2.cs_ext_wholesale_cost", 
   "cs2.cs_ext_list_price", 
   "cs2.cs_ext_tax", 
   "cs2.cs_coupon_amt", 
   "cs2.cs_ext_ship_cost", 
   "cs2.cs_net_paid", 
   "cs2.cs_net_paid_inc_tax", 
   "cs2.cs_net_paid_inc_ship", 
   "cs2.cs_net_paid_inc_ship_tax", 
   "cs2.cs_net_profit"
  ], 
  "Index Name": "catalog_sales_pkey", 
  "Plan Width": 8, 
  "Total Cost": 2.28
 }, 
 {
  "Startup Cost": 11.7, 
  "plan_id": 259, 
  "Plans": [
   260, 
   268
  ], 
  "Plan Rows": 1, 
  "Node Type": "Nested Loop", 
  "Join Type": "Semi", 
  "filename": "plans/query16.json", 
  "Parallel Aware": false, 
  "Parent Relationship": "Outer", 
  "Output": [
   "cs1.cs_order_number", 
   "cs1.cs_ext_ship_cost", 
   "cs1.cs_net_profit"
  ], 
  "Plan Width": 32, 
  "Total Cost": 29.96
 }, 
 {
  "Startup Cost": 0.15, 
  "filename": "plans/query16.json", 
  "plan_id": 269, 
  "Scan Direction": "Forward", 
  "Index Cond": "(cr1.cr_order_number = cs1.cs_order_number)", 
  "Node Type": "Index Only Scan", 
  "Relation Name": "catalog_returns", 
  "Alias": "cr1", 
  "Plan Rows": 2, 
  "Schema": "pg_temp_2", 
  "Parallel Aware": false, 
  "Parent Relationship": "Inner", 
  "Output": [
   "cr1.cr_item_sk", 
   "cr1.cr_order_number"
  ], 
  "Index Name": "catalog_returns_pkey", 
  "Plan Width": 4, 
  "Total Cost": 3.04
 }, 
 {
  "Startup Cost": 11.85, 
  "plan_id": 258, 
  "Plans": [
   259, 
   269
  ], 
  "Plan Rows": 1, 
  "Node Type": "Nested Loop", 
  "Join Type": "Anti", 
  "filename": "plans/query16.json", 
  "Parallel Aware": false, 
  "Parent Relationship": "Outer", 
  "Output": [
   "cs1.cs_order_number", 
   "cs1.cs_ext_ship_cost", 
   "cs1.cs_net_profit"
  ], 
  "Plan Width": 32, 
  "Total Cost": 32.81
 }, 
 {
  "Partial Mode": "Simple", 
  "Startup Cost": 32.82, 
  "plan_id": 257, 
  "Plans": [
   258
  ], 
  "Plan Rows": 1, 
  "Strategy": "Plain", 
  "filename": "plans/query16.json", 
  "Parallel Aware": false, 
  "Parent Relationship": "Outer", 
  "Output": [
   "count(DISTINCT cs1.cs_order_number)", 
   "sum(cs1.cs_ext_ship_cost)", 
   "sum(cs1.cs_net_profit)"
  ], 
  "Plan Width": 72, 
  "Node Type": "Aggregate", 
  "Total Cost": 32.83
 }, 
 {
  "Startup Cost": 32.84, 
  "plan_id": 256, 
  "Plans": [
   257
  ], 
  "Sort Key": [
   "(count(DISTINCT cs1.cs_order_number))"
  ], 
  "Plan Rows": 1, 
  "Node Type": "Sort", 
  "filename": "plans/query16.json", 
  "Parallel Aware": false, 
  "Parent Relationship": "Outer", 
  "Output": [
   "(count(DISTINCT cs1.cs_order_number))", 
   "(sum(cs1.cs_ext_ship_cost))", 
   "(sum(cs1.cs_net_profit))"
  ], 
  "Plan Width": 72, 
  "Total Cost": 32.85
 }, 
 {
  "Startup Cost": 32.84, 
  "plan_id": 255, 
  "Plans": [
   256
  ], 
  "Plan Rows": 1, 
  "Node Type": "Limit", 
  "filename": "plans/query16.json", 
  "Parallel Aware": false, 
  "Output": [
   "(count(DISTINCT cs1.cs_order_number))", 
   "(sum(cs1.cs_ext_ship_cost))", 
   "(sum(cs1.cs_net_profit))"
  ], 
  "Plan Width": 72, 
  "Total Cost": 32.85
 }, 
 {
  "Relation Name": "date_dim", 
  "Startup Cost": 0.0, 
  "plan_id": 282, 
  "Node Type": "Seq Scan", 
  "Plan Rows": 1, 
  "Filter": "(d1.d_quarter_name = '1998Q1'::bpchar)", 
  "Alias": "d1", 
  "filename": "plans/query17.json", 
  "Schema": "pg_temp_2", 
  "Parallel Aware": false, 
  "Parent Relationship": "Outer", 
  "Output": [
   "d1.d_date_sk"
  ], 
  "Plan Width": 4, 
  "Total Cost": 13.38
 }, 
 {
  "Startup Cost": 0.0, 
  "plan_id": 280, 
  "Node Type": "Seq Scan", 
  "Plan Rows": 340, 
  "Relation Name": "store_sales", 
  "Alias": "store_sales", 
  "filename": "plans/query17.json", 
  "Schema": "pg_temp_2", 
  "Parallel Aware": false, 
  "Parent Relationship": "Outer", 
  "Output": [
   "store_sales.ss_sold_date_sk", 
   "store_sales.ss_sold_time_sk", 
   "store_sales.ss_item_sk", 
   "store_sales.ss_customer_sk", 
   "store_sales.ss_cdemo_sk", 
   "store_sales.ss_hdemo_sk", 
   "store_sales.ss_addr_sk", 
   "store_sales.ss_store_sk", 
   "store_sales.ss_promo_sk", 
   "store_sales.ss_ticket_number", 
   "store_sales.ss_quantity", 
   "store_sales.ss_wholesale_cost", 
   "store_sales.ss_list_price", 
   "store_sales.ss_sales_price", 
   "store_sales.ss_ext_discount_amt", 
   "store_sales.ss_ext_sales_price", 
   "store_sales.ss_ext_wholesale_cost", 
   "store_sales.ss_ext_list_price", 
   "store_sales.ss_ext_tax", 
   "store_sales.ss_coupon_amt", 
   "store_sales.ss_net_paid", 
   "store_sales.ss_net_paid_inc_tax", 
   "store_sales.ss_net_profit"
  ], 
  "Plan Width": 24, 
  "Total Cost": 13.4
 }, 
 {
  "Startup Cost": 13.38, 
  "plan_id": 281, 
  "Plans": [
   282
  ], 
  "Plan Rows": 1, 
  "Node Type": "Hash", 
  "filename": "plans/query17.json", 
  "Parallel Aware": false, 
  "Parent Relationship": "Inner", 
  "Output": [
   "d1.d_date_sk"
  ], 
  "Plan Width": 4, 
  "Total Cost": 13.38
 }, 
 {
  "Startup Cost": 13.39, 
  "Plan Width": 20, 
  "plan_id": 279, 
  "Plans": [
   280, 
   281
  ], 
  "Plan Rows": 1, 
  "Node Type": "Hash Join", 
  "Join Type": "Inner", 
  "filename": "plans/query17.json", 
  "Parallel Aware": false, 
  "Output": [
   "store_sales.ss_quantity", 
   "store_sales.ss_item_sk", 
   "store_sales.ss_store_sk", 
   "store_sales.ss_customer_sk", 
   "store_sales.ss_ticket_number"
  ], 
  "Hash Cond": "(store_sales.ss_sold_date_sk = d1.d_date_sk)", 
  "Parent Relationship": "Outer", 
  "Total Cost": 28.07
 }, 
 {
  "Filter": "(store_sales.ss_customer_sk = store_returns.sr_customer_sk)", 
  "Startup Cost": 0.15, 
  "filename": "plans/query17.json", 
  "plan_id": 283, 
  "Scan Direction": "Forward", 
  "Index Cond": "((store_returns.sr_item_sk = store_sales.ss_item_sk) AND (store_returns.sr_ticket_number = store_sales.ss_ticket_number))", 
  "Node Type": "Index Scan", 
  "Relation Name": "store_returns", 
  "Alias": "store_returns", 
  "Plan Rows": 1, 
  "Schema": "pg_temp_2", 
  "Parallel Aware": false, 
  "Parent Relationship": "Inner", 
  "Output": [
   "store_returns.sr_returned_date_sk", 
   "store_returns.sr_return_time_sk", 
   "store_returns.sr_item_sk", 
   "store_returns.sr_customer_sk", 
   "store_returns.sr_cdemo_sk", 
   "store_returns.sr_hdemo_sk", 
   "store_returns.sr_addr_sk", 
   "store_returns.sr_store_sk", 
   "store_returns.sr_reason_sk", 
   "store_returns.sr_ticket_number", 
   "store_returns.sr_return_quantity", 
   "store_returns.sr_return_amt", 
   "store_returns.sr_return_tax", 
   "store_returns.sr_return_amt_inc_tax", 
   "store_returns.sr_fee", 
   "store_returns.sr_return_ship_cost", 
   "store_returns.sr_refunded_cash", 
   "store_returns.sr_reversed_charge", 
   "store_returns.sr_store_credit", 
   "store_returns.sr_net_loss"
  ], 
  "Index Name": "store_returns_pkey", 
  "Plan Width": 20, 
  "Total Cost": 0.3
 }, 
 {
  "Startup Cost": 13.54, 
  "plan_id": 278, 
  "Plans": [
   279, 
   283
  ], 
  "Plan Rows": 1, 
  "Node Type": "Nested Loop", 
  "Join Type": "Inner", 
  "filename": "plans/query17.json", 
  "Parallel Aware": false, 
  "Parent Relationship": "Outer", 
  "Output": [
   "store_sales.ss_quantity", 
   "store_sales.ss_item_sk", 
   "store_sales.ss_store_sk", 
   "store_sales.ss_customer_sk", 
   "store_returns.sr_return_quantity", 
   "store_returns.sr_customer_sk", 
   "store_returns.sr_item_sk", 
   "store_returns.sr_returned_date_sk"
  ], 
  "Plan Width": 32, 
  "Total Cost": 28.38
 }, 
 {
  "Filter": "(store_returns.sr_customer_sk = catalog_sales.cs_bill_customer_sk)", 
  "Startup Cost": 0.15, 
  "filename": "plans/query17.json", 
  "plan_id": 284, 
  "Scan Direction": "Forward", 
  "Index Cond": "(catalog_sales.cs_item_sk = store_returns.sr_item_sk)", 
  "Node Type": "Index Scan", 
  "Relation Name": "catalog_sales", 
  "Alias": "catalog_sales", 
  "Plan Rows": 1, 
  "Schema": "pg_temp_2", 
  "Parallel Aware": false, 
  "Parent Relationship": "Inner", 
  "Output": [
   "catalog_sales.cs_sold_date_sk", 
   "catalog_sales.cs_sold_time_sk", 
   "catalog_sales.cs_ship_date_sk", 
   "catalog_sales.cs_bill_customer_sk", 
   "catalog_sales.cs_bill_cdemo_sk", 
   "catalog_sales.cs_bill_hdemo_sk", 
   "catalog_sales.cs_bill_addr_sk", 
   "catalog_sales.cs_ship_customer_sk", 
   "catalog_sales.cs_ship_cdemo_sk", 
   "catalog_sales.cs_ship_hdemo_sk", 
   "catalog_sales.cs_ship_addr_sk", 
   "catalog_sales.cs_call_center_sk", 
   "catalog_sales.cs_catalog_page_sk", 
   "catalog_sales.cs_ship_mode_sk", 
   "catalog_sales.cs_warehouse_sk", 
   "catalog_sales.cs_item_sk", 
   "catalog_sales.cs_promo_sk", 
   "catalog_sales.cs_order_number", 
   "catalog_sales.cs_quantity", 
   "catalog_sales.cs_wholesale_cost", 
   "catalog_sales.cs_list_price", 
   "catalog_sales.cs_sales_price", 
   "catalog_sales.cs_ext_discount_amt", 
   "catalog_sales.cs_ext_sales_price", 
   "catalog_sales.cs_ext_wholesale_cost", 
   "catalog_sales.cs_ext_list_price", 
   "catalog_sales.cs_ext_tax", 
   "catalog_sales.cs_coupon_amt", 
   "catalog_sales.cs_ext_ship_cost", 
   "catalog_sales.cs_net_paid", 
   "catalog_sales.cs_net_paid_inc_tax", 
   "catalog_sales.cs_net_paid_inc_ship", 
   "catalog_sales.cs_net_paid_inc_ship_tax", 
   "catalog_sales.cs_net_profit"
  ], 
  "Index Name": "catalog_sales_pkey", 
  "Plan Width": 16, 
  "Total Cost": 0.27
 }, 
 {
  "Startup Cost": 13.68, 
  "plan_id": 277, 
  "Plans": [
   278, 
   284
  ], 
  "Plan Rows": 1, 
  "Node Type": "Nested Loop", 
  "Join Type": "Inner", 
  "filename": "plans/query17.json", 
  "Parallel Aware": false, 
  "Parent Relationship": "Outer", 
  "Output": [
   "store_sales.ss_quantity", 
   "store_sales.ss_item_sk", 
   "store_sales.ss_store_sk", 
   "store_returns.sr_return_quantity", 
   "store_returns.sr_item_sk", 
   "store_returns.sr_returned_date_sk", 
   "catalog_sales.cs_quantity", 
   "catalog_sales.cs_item_sk", 
   "catalog_sales.cs_sold_date_sk"
  ], 
  "Plan Width": 36, 
  "Join Filter": "((store_sales.ss_item_sk = catalog_sales.cs_item_sk) AND (store_sales.ss_customer_sk = catalog_sales.cs_bill_customer_sk))", 
  "Total Cost": 28.67
 }, 
 {
  "Filter": "(d2.d_quarter_name = ANY ('{1998Q1,1998Q2,1998Q3}'::bpchar[]))", 
  "Startup Cost": 0.15, 
  "filename": "plans/query17.json", 
  "plan_id": 285, 
  "Scan Direction": "Forward", 
  "Index Cond": "(d2.d_date_sk = store_returns.sr_returned_date_sk)", 
  "Node Type": "Index Scan", 
  "Relation Name": "date_dim", 
  "Alias": "d2", 
  "Plan Rows": 1, 
  "Schema": "pg_temp_2", 
  "Parallel Aware": false, 
  "Parent Relationship": "Inner", 
  "Output": [
   "d2.d_date_sk", 
   "d2.d_date_id", 
   "d2.d_date", 
   "d2.d_month_seq", 
   "d2.d_week_seq", 
   "d2.d_quarter_seq", 
   "d2.d_year", 
   "d2.d_dow", 
   "d2.d_moy", 
   "d2.d_dom", 
   "d2.d_qoy", 
   "d2.d_fy_year", 
   "d2.d_fy_quarter_seq", 
   "d2.d_fy_week_seq", 
   "d2.d_day_name", 
   "d2.d_quarter_name", 
   "d2.d_holiday", 
   "d2.d_weekend", 
   "d2.d_following_holiday", 
   "d2.d_first_dom", 
   "d2.d_last_dom", 
   "d2.d_same_day_ly", 
   "d2.d_same_day_lq", 
   "d2.d_current_day", 
   "d2.d_current_week", 
   "d2.d_current_month", 
   "d2.d_current_quarter", 
   "d2.d_current_year"
  ], 
  "Index Name": "date_dim_pkey", 
  "Plan Width": 4, 
  "Total Cost": 0.28
 }, 
 {
  "Startup Cost": 13.83, 
  "plan_id": 276, 
  "Plans": [
   277, 
   285
  ], 
  "Plan Rows": 1, 
  "Node Type": "Nested Loop", 
  "Join Type": "Inner", 
  "filename": "plans/query17.json", 
  "Parallel Aware": false, 
  "Parent Relationship": "Outer", 
  "Output": [
   "store_sales.ss_quantity", 
   "store_sales.ss_item_sk", 
   "store_sales.ss_store_sk", 
   "store_returns.sr_return_quantity", 
   "store_returns.sr_item_sk", 
   "catalog_sales.cs_quantity", 
   "catalog_sales.cs_item_sk", 
   "catalog_sales.cs_sold_date_sk"
  ], 
  "Plan Width": 32, 
  "Total Cost": 28.96
 }, 
 {
  "Filter": "(d3.d_quarter_name = ANY ('{1998Q1,1998Q2,1998Q3}'::bpchar[]))", 
  "Startup Cost": 0.15, 
  "filename": "plans/query17.json", 
  "plan_id": 286, 
  "Scan Direction": "Forward", 
  "Index Cond": "(d3.d_date_sk = catalog_sales.cs_sold_date_sk)", 
  "Node Type": "Index Scan", 
  "Relation Name": "date_dim", 
  "Alias": "d3", 
  "Plan Rows": 1, 
  "Schema": "pg_temp_2", 
  "Parallel Aware": false, 
  "Parent Relationship": "Inner", 
  "Output": [
   "d3.d_date_sk", 
   "d3.d_date_id", 
   "d3.d_date", 
   "d3.d_month_seq", 
   "d3.d_week_seq", 
   "d3.d_quarter_seq", 
   "d3.d_year", 
   "d3.d_dow", 
   "d3.d_moy", 
   "d3.d_dom", 
   "d3.d_qoy", 
   "d3.d_fy_year", 
   "d3.d_fy_quarter_seq", 
   "d3.d_fy_week_seq", 
   "d3.d_day_name", 
   "d3.d_quarter_name", 
   "d3.d_holiday", 
   "d3.d_weekend", 
   "d3.d_following_holiday", 
   "d3.d_first_dom", 
   "d3.d_last_dom", 
   "d3.d_same_day_ly", 
   "d3.d_same_day_lq", 
   "d3.d_current_day", 
   "d3.d_current_week", 
   "d3.d_current_month", 
   "d3.d_current_quarter", 
   "d3.d_current_year"
  ], 
  "Index Name": "date_dim_pkey", 
  "Plan Width": 4, 
  "Total Cost": 0.34
 }, 
 {
  "Startup Cost": 13.98, 
  "plan_id": 275, 
  "Plans": [
   276, 
   286
  ], 
  "Plan Rows": 1, 
  "Node Type": "Nested Loop", 
  "Join Type": "Inner", 
  "filename": "plans/query17.json", 
  "Parallel Aware": false, 
  "Parent Relationship": "Outer", 
  "Output": [
   "store_sales.ss_quantity", 
   "store_sales.ss_item_sk", 
   "store_sales.ss_store_sk", 
   "store_returns.sr_return_quantity", 
   "store_returns.sr_item_sk", 
   "catalog_sales.cs_quantity", 
   "catalog_sales.cs_item_sk"
  ], 
  "Plan Width": 28, 
  "Total Cost": 29.31
 }, 
 {
  "Startup Cost": 0.14, 
  "filename": "plans/query17.json", 
  "plan_id": 287, 
  "Scan Direction": "Forward", 
  "Index Cond": "(store.s_store_sk = store_sales.ss_store_sk)", 
  "Node Type": "Index Scan", 
  "Relation Name": "store", 
  "Alias": "store", 
  "Plan Rows": 1, 
  "Schema": "pg_temp_2", 
  "Parallel Aware": false, 
  "Parent Relationship": "Inner", 
  "Output": [
   "store.s_store_sk", 
   "store.s_store_id", 
   "store.s_rec_start_date", 
   "store.s_rec_end_date", 
   "store.s_closed_date_sk", 
   "store.s_store_name", 
   "store.s_number_employees", 
   "store.s_floor_space", 
   "store.s_hours", 
   "store.s_manager", 
   "store.s_market_id", 
   "store.s_geography_class", 
   "store.s_market_desc", 
   "store.s_market_manager", 
   "store.s_division_id", 
   "store.s_division_name", 
   "store.s_company_id", 
   "store.s_company_name", 
   "store.s_street_number", 
   "store.s_street_name", 
   "store.s_street_type", 
   "store.s_suite_number", 
   "store.s_city", 
   "store.s_county", 
   "store.s_state", 
   "store.s_zip", 
   "store.s_country", 
   "store.s_gmt_offset", 
   "store.s_tax_precentage"
  ], 
  "Index Name": "store_pkey", 
  "Plan Width": 16, 
  "Total Cost": 0.29
 }, 
 {
  "Startup Cost": 14.12, 
  "plan_id": 274, 
  "Plans": [
   275, 
   287
  ], 
  "Plan Rows": 1, 
  "Node Type": "Nested Loop", 
  "Join Type": "Inner", 
  "filename": "plans/query17.json", 
  "Parallel Aware": false, 
  "Parent Relationship": "Outer", 
  "Output": [
   "store_sales.ss_quantity", 
   "store_sales.ss_item_sk", 
   "store_returns.sr_return_quantity", 
   "store_returns.sr_item_sk", 
   "catalog_sales.cs_quantity", 
   "catalog_sales.cs_item_sk", 
   "store.s_state"
  ], 
  "Plan Width": 36, 
  "Total Cost": 29.6
 }, 
 {
  "Startup Cost": 0.14, 
  "filename": "plans/query17.json", 
  "plan_id": 288, 
  "Scan Direction": "Forward", 
  "Index Cond": "(item.i_item_sk = store_returns.sr_item_sk)", 
  "Node Type": "Index Scan", 
  "Relation Name": "item", 
  "Alias": "item", 
  "Plan Rows": 1, 
  "Schema": "pg_temp_2", 
  "Parallel Aware": false, 
  "Parent Relationship": "Inner", 
  "Output": [
   "item.i_item_sk", 
   "item.i_item_id", 
   "item.i_rec_start_date", 
   "item.i_rec_end_date", 
   "item.i_item_desc", 
   "item.i_current_price", 
   "item.i_wholesale_cost", 
   "item.i_brand_id", 
   "item.i_brand", 
   "item.i_class_id", 
   "item.i_class", 
   "item.i_category_id", 
   "item.i_category", 
   "item.i_manufact_id", 
   "item.i_manufact", 
   "item.i_size", 
   "item.i_formulation", 
   "item.i_color", 
   "item.i_units", 
   "item.i_container", 
   "item.i_manager_id", 
   "item.i_product_name"
  ], 
  "Index Name": "item_pkey", 
  "Plan Width": 490, 
  "Total Cost": 0.26
 }, 
 {
  "Startup Cost": 14.26, 
  "plan_id": 273, 
  "Plans": [
   274, 
   288
  ], 
  "Plan Rows": 1, 
  "Node Type": "Nested Loop", 
  "Join Type": "Inner", 
  "filename": "plans/query17.json", 
  "Parallel Aware": false, 
  "Parent Relationship": "Outer", 
  "Output": [
   "item.i_item_id", 
   "item.i_item_desc", 
   "store.s_state", 
   "store_sales.ss_quantity", 
   "store_returns.sr_return_quantity", 
   "catalog_sales.cs_quantity"
  ], 
  "Plan Width": 510, 
  "Join Filter": "(store_sales.ss_item_sk = item.i_item_sk)", 
  "Total Cost": 29.88
 }, 
 {
  "Startup Cost": 29.89, 
  "plan_id": 272, 
  "Plans": [
   273
  ], 
  "Sort Key": [
   "item.i_item_id", 
   "item.i_item_desc", 
   "store.s_state"
  ], 
  "Plan Rows": 1, 
  "Node Type": "Sort", 
  "filename": "plans/query17.json", 
  "Parallel Aware": false, 
  "Parent Relationship": "Outer", 
  "Output": [
   "item.i_item_id", 
   "item.i_item_desc", 
   "store.s_state", 
   "store_sales.ss_quantity", 
   "store_returns.sr_return_quantity", 
   "catalog_sales.cs_quantity"
  ], 
  "Plan Width": 510, 
  "Total Cost": 29.9
 }, 
 {
  "Partial Mode": "Simple", 
  "Startup Cost": 29.89, 
  "Plan Width": 810, 
  "plan_id": 271, 
  "Plans": [
   272
  ], 
  "filename": "plans/query17.json", 
  "Node Type": "Aggregate", 
  "Strategy": "Sorted", 
  "Plan Rows": 1, 
  "Parallel Aware": false, 
  "Output": [
   "item.i_item_id", 
   "item.i_item_desc", 
   "store.s_state", 
   "count(store_sales.ss_quantity)", 
   "avg(store_sales.ss_quantity)", 
   "stddev_samp(store_sales.ss_quantity)", 
   "(stddev_samp(store_sales.ss_quantity) / avg(store_sales.ss_quantity))", 
   "count(store_returns.sr_return_quantity)", 
   "avg(store_returns.sr_return_quantity)", 
   "stddev_samp(store_returns.sr_return_quantity)", 
   "(stddev_samp(store_returns.sr_return_quantity) / avg(store_returns.sr_return_quantity))", 
   "count(catalog_sales.cs_quantity)", 
   "avg(catalog_sales.cs_quantity)", 
   "stddev_samp(catalog_sales.cs_quantity)", 
   "(stddev_samp(catalog_sales.cs_quantity) / avg(catalog_sales.cs_quantity))"
  ], 
  "Group Key": [
   "item.i_item_id", 
   "item.i_item_desc", 
   "store.s_state"
  ], 
  "Parent Relationship": "Outer", 
  "Total Cost": 29.99
 }, 
 {
  "Startup Cost": 29.89, 
  "plan_id": 270, 
  "Plans": [
   271
  ], 
  "Plan Rows": 1, 
  "Node Type": "Limit", 
  "filename": "plans/query17.json", 
  "Parallel Aware": false, 
  "Output": [
   "item.i_item_id", 
   "item.i_item_desc", 
   "store.s_state", 
   "(count(store_sales.ss_quantity))", 
   "(avg(store_sales.ss_quantity))", 
   "(stddev_samp(store_sales.ss_quantity))", 
   "((stddev_samp(store_sales.ss_quantity) / avg(store_sales.ss_quantity)))", 
   "(count(store_returns.sr_return_quantity))", 
   "(avg(store_returns.sr_return_quantity))", 
   "(stddev_samp(store_returns.sr_return_quantity))", 
   "((stddev_samp(store_returns.sr_return_quantity) / avg(store_returns.sr_return_quantity)))", 
   "(count(catalog_sales.cs_quantity))", 
   "(avg(catalog_sales.cs_quantity))", 
   "(stddev_samp(catalog_sales.cs_quantity))", 
   "((stddev_samp(catalog_sales.cs_quantity) / avg(catalog_sales.cs_quantity)))"
  ], 
  "Plan Width": 810, 
  "Total Cost": 29.99
 }, 
 {
  "Relation Name": "date_dim", 
  "Startup Cost": 0.0, 
  "plan_id": 301, 
  "Node Type": "Seq Scan", 
  "Plan Rows": 1, 
  "Filter": "(date_dim.d_year = 2001)", 
  "Alias": "date_dim", 
  "filename": "plans/query18.json", 
  "Schema": "pg_temp_2", 
  "Parallel Aware": false, 
  "Parent Relationship": "Outer", 
  "Output": [
   "date_dim.d_date_sk"
  ], 
  "Plan Width": 4, 
  "Total Cost": 13.38
 }, 
 {
  "Startup Cost": 0.0, 
  "plan_id": 299, 
  "Node Type": "Seq Scan", 
  "Plan Rows": 260, 
  "Relation Name": "catalog_sales", 
  "Alias": "catalog_sales", 
  "filename": "plans/query18.json", 
  "Schema": "pg_temp_2", 
  "Parallel Aware": false, 
  "Parent Relationship": "Outer", 
  "Output": [
   "catalog_sales.cs_sold_date_sk", 
   "catalog_sales.cs_sold_time_sk", 
   "catalog_sales.cs_ship_date_sk", 
   "catalog_sales.cs_bill_customer_sk", 
   "catalog_sales.cs_bill_cdemo_sk", 
   "catalog_sales.cs_bill_hdemo_sk", 
   "catalog_sales.cs_bill_addr_sk", 
   "catalog_sales.cs_ship_customer_sk", 
   "catalog_sales.cs_ship_cdemo_sk", 
   "catalog_sales.cs_ship_hdemo_sk", 
   "catalog_sales.cs_ship_addr_sk", 
   "catalog_sales.cs_call_center_sk", 
   "catalog_sales.cs_catalog_page_sk", 
   "catalog_sales.cs_ship_mode_sk", 
   "catalog_sales.cs_warehouse_sk", 
   "catalog_sales.cs_item_sk", 
   "catalog_sales.cs_promo_sk", 
   "catalog_sales.cs_order_number", 
   "catalog_sales.cs_quantity", 
   "catalog_sales.cs_wholesale_cost", 
   "catalog_sales.cs_list_price", 
   "catalog_sales.cs_sales_price", 
   "catalog_sales.cs_ext_discount_amt", 
   "catalog_sales.cs_ext_sales_price", 
   "catalog_sales.cs_ext_wholesale_cost", 
   "catalog_sales.cs_ext_list_price", 
   "catalog_sales.cs_ext_tax", 
   "catalog_sales.cs_coupon_amt", 
   "catalog_sales.cs_ext_ship_cost", 
   "catalog_sales.cs_net_paid", 
   "catalog_sales.cs_net_paid_inc_tax", 
   "catalog_sales.cs_net_paid_inc_ship", 
   "catalog_sales.cs_net_paid_inc_ship_tax", 
   "catalog_sales.cs_net_profit"
  ], 
  "Plan Width": 76, 
  "Total Cost": 12.6
 }, 
 {
  "Startup Cost": 13.38, 
  "plan_id": 300, 
  "Plans": [
   301
  ], 
  "Plan Rows": 1, 
  "Node Type": "Hash", 
  "filename": "plans/query18.json", 
  "Parallel Aware": false, 
  "Parent Relationship": "Inner", 
  "Output": [
   "date_dim.d_date_sk"
  ], 
  "Plan Width": 4, 
  "Total Cost": 13.38
 }, 
 {
  "Startup Cost": 13.39, 
  "Plan Width": 72, 
  "plan_id": 298, 
  "Plans": [
   299, 
   300
  ], 
  "Plan Rows": 1, 
  "Node Type": "Hash Join", 
  "Join Type": "Inner", 
  "filename": "plans/query18.json", 
  "Parallel Aware": false, 
  "Output": [
   "catalog_sales.cs_quantity", 
   "catalog_sales.cs_list_price", 
   "catalog_sales.cs_coupon_amt", 
   "catalog_sales.cs_sales_price", 
   "catalog_sales.cs_net_profit", 
   "catalog_sales.cs_item_sk", 
   "catalog_sales.cs_bill_cdemo_sk", 
   "catalog_sales.cs_bill_customer_sk"
  ], 
  "Hash Cond": "(catalog_sales.cs_sold_date_sk = date_dim.d_date_sk)", 
  "Parent Relationship": "Outer", 
  "Total Cost": 26.97
 }, 
 {
  "Filter": "((cd1.cd_gender = 'F'::bpchar) AND (cd1.cd_education_status = 'Secondary'::bpchar))", 
  "Startup Cost": 0.15, 
  "filename": "plans/query18.json", 
  "plan_id": 302, 
  "Scan Direction": "Forward", 
  "Index Cond": "(cd1.cd_demo_sk = catalog_sales.cs_bill_cdemo_sk)", 
  "Node Type": "Index Scan", 
  "Relation Name": "customer_demographics", 
  "Alias": "cd1", 
  "Plan Rows": 1, 
  "Schema": "pg_temp_2", 
  "Parallel Aware": false, 
  "Parent Relationship": "Inner", 
  "Output": [
   "cd1.cd_demo_sk", 
   "cd1.cd_gender", 
   "cd1.cd_marital_status", 
   "cd1.cd_education_status", 
   "cd1.cd_purchase_estimate", 
   "cd1.cd_credit_rating", 
   "cd1.cd_dep_count", 
   "cd1.cd_dep_employed_count", 
   "cd1.cd_dep_college_count"
  ], 
  "Index Name": "customer_demographics_pkey", 
  "Plan Width": 8, 
  "Total Cost": 0.34
 }, 
 {
  "Startup Cost": 13.54, 
  "plan_id": 297, 
  "Plans": [
   298, 
   302
  ], 
  "Plan Rows": 1, 
  "Node Type": "Nested Loop", 
  "Join Type": "Inner", 
  "filename": "plans/query18.json", 
  "Parallel Aware": false, 
  "Parent Relationship": "Outer", 
  "Output": [
   "catalog_sales.cs_quantity", 
   "catalog_sales.cs_list_price", 
   "catalog_sales.cs_coupon_amt", 
   "catalog_sales.cs_sales_price", 
   "catalog_sales.cs_net_profit", 
   "catalog_sales.cs_item_sk", 
   "catalog_sales.cs_bill_customer_sk", 
   "cd1.cd_dep_count"
  ], 
  "Plan Width": 72, 
  "Total Cost": 27.32
 }, 
 {
  "Filter": "(customer.c_birth_month = ANY ('{8,5,9,11,1,6}'::integer[]))", 
  "Startup Cost": 0.14, 
  "filename": "plans/query18.json", 
  "plan_id": 303, 
  "Scan Direction": "Forward", 
  "Index Cond": "(customer.c_customer_sk = catalog_sales.cs_bill_customer_sk)", 
  "Node Type": "Index Scan", 
  "Relation Name": "customer", 
  "Alias": "customer", 
  "Plan Rows": 1, 
  "Schema": "pg_temp_2", 
  "Parallel Aware": false, 
  "Parent Relationship": "Inner", 
  "Output": [
   "customer.c_customer_sk", 
   "customer.c_customer_id", 
   "customer.c_current_cdemo_sk", 
   "customer.c_current_hdemo_sk", 
   "customer.c_current_addr_sk", 
   "customer.c_first_shipto_date_sk", 
   "customer.c_first_sales_date_sk", 
   "customer.c_salutation", 
   "customer.c_first_name", 
   "customer.c_last_name", 
   "customer.c_preferred_cust_flag", 
   "customer.c_birth_day", 
   "customer.c_birth_month", 
   "customer.c_birth_year", 
   "customer.c_birth_country", 
   "customer.c_login", 
   "customer.c_email_address", 
   "customer.c_last_review_date"
  ], 
  "Index Name": "customer_pkey", 
  "Plan Width": 16, 
  "Total Cost": 0.34
 }, 
 {
  "Startup Cost": 13.68, 
  "plan_id": 296, 
  "Plans": [
   297, 
   303
  ], 
  "Plan Rows": 1, 
  "Node Type": "Nested Loop", 
  "Join Type": "Inner", 
  "filename": "plans/query18.json", 
  "Parallel Aware": false, 
  "Parent Relationship": "Outer", 
  "Output": [
   "catalog_sales.cs_quantity", 
   "catalog_sales.cs_list_price", 
   "catalog_sales.cs_coupon_amt", 
   "catalog_sales.cs_sales_price", 
   "catalog_sales.cs_net_profit", 
   "catalog_sales.cs_item_sk", 
   "cd1.cd_dep_count", 
   "customer.c_birth_year", 
   "customer.c_current_cdemo_sk", 
   "customer.c_current_addr_sk"
  ], 
  "Plan Width": 80, 
  "Total Cost": 27.67
 }, 
 {
  "Startup Cost": 0.15, 
  "filename": "plans/query18.json", 
  "plan_id": 304, 
  "Scan Direction": "Forward", 
  "Index Cond": "(cd2.cd_demo_sk = customer.c_current_cdemo_sk)", 
  "Node Type": "Index Only Scan", 
  "Relation Name": "customer_demographics", 
  "Alias": "cd2", 
  "Plan Rows": 1, 
  "Schema": "pg_temp_2", 
  "Parallel Aware": false, 
  "Parent Relationship": "Inner", 
  "Output": [
   "cd2.cd_demo_sk"
  ], 
  "Index Name": "customer_demographics_pkey", 
  "Plan Width": 4, 
  "Total Cost": 4.17
 }, 
 {
  "Startup Cost": 13.83, 
  "plan_id": 295, 
  "Plans": [
   296, 
   304
  ], 
  "Plan Rows": 1, 
  "Node Type": "Nested Loop", 
  "Join Type": "Inner", 
  "filename": "plans/query18.json", 
  "Parallel Aware": false, 
  "Parent Relationship": "Outer", 
  "Output": [
   "catalog_sales.cs_quantity", 
   "catalog_sales.cs_list_price", 
   "catalog_sales.cs_coupon_amt", 
   "catalog_sales.cs_sales_price", 
   "catalog_sales.cs_net_profit", 
   "catalog_sales.cs_item_sk", 
   "cd1.cd_dep_count", 
   "customer.c_birth_year", 
   "customer.c_current_addr_sk"
  ], 
  "Plan Width": 76, 
  "Total Cost": 31.84
 }, 
 {
  "Filter": "(customer_address.ca_state = ANY ('{TX,GA,ND,MN,AR,NY,MO}'::bpchar[]))", 
  "Startup Cost": 0.14, 
  "filename": "plans/query18.json", 
  "plan_id": 305, 
  "Scan Direction": "Forward", 
  "Index Cond": "(customer_address.ca_address_sk = customer.c_current_addr_sk)", 
  "Node Type": "Index Scan", 
  "Relation Name": "customer_address", 
  "Alias": "customer_address", 
  "Plan Rows": 1, 
  "Schema": "pg_temp_2", 
  "Parallel Aware": false, 
  "Parent Relationship": "Inner", 
  "Output": [
   "customer_address.ca_address_sk", 
   "customer_address.ca_address_id", 
   "customer_address.ca_street_number", 
   "customer_address.ca_street_name", 
   "customer_address.ca_street_type", 
   "customer_address.ca_suite_number", 
   "customer_address.ca_city", 
   "customer_address.ca_county", 
   "customer_address.ca_state", 
   "customer_address.ca_zip", 
   "customer_address.ca_country", 
   "customer_address.ca_gmt_offset", 
   "customer_address.ca_location_type"
  ], 
  "Index Name": "customer_address_pkey", 
  "Plan Width": 152, 
  "Total Cost": 4.17
 }, 
 {
  "Startup Cost": 13.97, 
  "plan_id": 294, 
  "Plans": [
   295, 
   305
  ], 
  "Plan Rows": 1, 
  "Node Type": "Nested Loop", 
  "Join Type": "Inner", 
  "filename": "plans/query18.json", 
  "Parallel Aware": false, 
  "Parent Relationship": "Outer", 
  "Output": [
   "catalog_sales.cs_quantity", 
   "catalog_sales.cs_list_price", 
   "catalog_sales.cs_coupon_amt", 
   "catalog_sales.cs_sales_price", 
   "catalog_sales.cs_net_profit", 
   "catalog_sales.cs_item_sk", 
   "cd1.cd_dep_count", 
   "customer.c_birth_year", 
   "customer_address.ca_country", 
   "customer_address.ca_state", 
   "customer_address.ca_county"
  ], 
  "Plan Width": 220, 
  "Total Cost": 36.02
 }, 
 {
  "Startup Cost": 0.14, 
  "filename": "plans/query18.json", 
  "plan_id": 306, 
  "Scan Direction": "Forward", 
  "Index Cond": "(item.i_item_sk = catalog_sales.cs_item_sk)", 
  "Node Type": "Index Scan", 
  "Relation Name": "item", 
  "Alias": "item", 
  "Plan Rows": 1, 
  "Schema": "pg_temp_2", 
  "Parallel Aware": false, 
  "Parent Relationship": "Inner", 
  "Output": [
   "item.i_item_sk", 
   "item.i_item_id", 
   "item.i_rec_start_date", 
   "item.i_rec_end_date", 
   "item.i_item_desc", 
   "item.i_current_price", 
   "item.i_wholesale_cost", 
   "item.i_brand_id", 
   "item.i_brand", 
   "item.i_class_id", 
   "item.i_class", 
   "item.i_category_id", 
   "item.i_category", 
   "item.i_manufact_id", 
   "item.i_manufact", 
   "item.i_size", 
   "item.i_formulation", 
   "item.i_color", 
   "item.i_units", 
   "item.i_container", 
   "item.i_manager_id", 
   "item.i_product_name"
  ], 
  "Index Name": "item_pkey", 
  "Plan Width": 72, 
  "Total Cost": 0.33
 }, 
 {
  "Startup Cost": 14.11, 
  "plan_id": 293, 
  "Plans": [
   294, 
   306
  ], 
  "Plan Rows": 1, 
  "Node Type": "Nested Loop", 
  "Join Type": "Inner", 
  "filename": "plans/query18.json", 
  "Parallel Aware": false, 
  "Parent Relationship": "Outer", 
  "Output": [
   "item.i_item_id", 
   "customer_address.ca_country", 
   "customer_address.ca_state", 
   "customer_address.ca_county", 
   "catalog_sales.cs_quantity", 
   "catalog_sales.cs_list_price", 
   "catalog_sales.cs_coupon_amt", 
   "catalog_sales.cs_sales_price", 
   "catalog_sales.cs_net_profit", 
   "customer.c_birth_year", 
   "cd1.cd_dep_count"
  ], 
  "Plan Width": 284, 
  "Total Cost": 36.36
 }, 
 {
  "Startup Cost": 36.37, 
  "plan_id": 292, 
  "Plans": [
   293
  ], 
  "Sort Key": [
   "item.i_item_id", 
   "customer_address.ca_country", 
   "customer_address.ca_state", 
   "customer_address.ca_county"
  ], 
  "Plan Rows": 1, 
  "Node Type": "Sort", 
  "filename": "plans/query18.json", 
  "Parallel Aware": false, 
  "Parent Relationship": "Outer", 
  "Output": [
   "item.i_item_id", 
   "customer_address.ca_country", 
   "customer_address.ca_state", 
   "customer_address.ca_county", 
   "catalog_sales.cs_quantity", 
   "catalog_sales.cs_list_price", 
   "catalog_sales.cs_coupon_amt", 
   "catalog_sales.cs_sales_price", 
   "catalog_sales.cs_net_profit", 
   "customer.c_birth_year", 
   "cd1.cd_dep_count"
  ], 
  "Plan Width": 284, 
  "Total Cost": 36.37
 }, 
 {
  "Partial Mode": "Simple", 
  "Startup Cost": 36.37, 
  "filename": "plans/query18.json", 
  "plan_id": 291, 
  "Plans": [
   292
  ], 
  "Grouping Sets": [
   {
    "Group Keys": [
     [
      "item.i_item_id", 
      "customer_address.ca_country", 
      "customer_address.ca_state", 
      "customer_address.ca_county"
     ], 
     [
      "item.i_item_id", 
      "customer_address.ca_country", 
      "customer_address.ca_state"
     ], 
     [
      "item.i_item_id", 
      "customer_address.ca_country"
     ], 
     [
      "item.i_item_id"
     ], 
     []
    ]
   }
  ], 
  "Node Type": "Aggregate", 
  "Strategy": "Sorted", 
  "Plan Rows": 5, 
  "Parallel Aware": false, 
  "Parent Relationship": "Outer", 
  "Output": [
   "item.i_item_id", 
   "customer_address.ca_country", 
   "customer_address.ca_state", 
   "customer_address.ca_county", 
   "avg((catalog_sales.cs_quantity)::numeric(12,2))", 
   "avg((catalog_sales.cs_list_price)::numeric(12,2))", 
   "avg((catalog_sales.cs_coupon_amt)::numeric(12,2))", 
   "avg((catalog_sales.cs_sales_price)::numeric(12,2))", 
   "avg((catalog_sales.cs_net_profit)::numeric(12,2))", 
   "avg((customer.c_birth_year)::numeric(12,2))", 
   "avg((cd1.cd_dep_count)::numeric(12,2))"
  ], 
  "Plan Width": 440, 
  "Total Cost": 36.55
 }, 
 {
  "Startup Cost": 36.61, 
  "plan_id": 290, 
  "Plans": [
   291
  ], 
  "Sort Key": [
   "customer_address.ca_country", 
   "customer_address.ca_state", 
   "customer_address.ca_county", 
   "item.i_item_id"
  ], 
  "Plan Rows": 5, 
  "Node Type": "Sort", 
  "filename": "plans/query18.json", 
  "Parallel Aware": false, 
  "Parent Relationship": "Outer", 
  "Output": [
   "item.i_item_id", 
   "customer_address.ca_country", 
   "customer_address.ca_state", 
   "customer_address.ca_county", 
   "(avg((catalog_sales.cs_quantity)::numeric(12,2)))", 
   "(avg((catalog_sales.cs_list_price)::numeric(12,2)))", 
   "(avg((catalog_sales.cs_coupon_amt)::numeric(12,2)))", 
   "(avg((catalog_sales.cs_sales_price)::numeric(12,2)))", 
   "(avg((catalog_sales.cs_net_profit)::numeric(12,2)))", 
   "(avg((customer.c_birth_year)::numeric(12,2)))", 
   "(avg((cd1.cd_dep_count)::numeric(12,2)))"
  ], 
  "Plan Width": 440, 
  "Total Cost": 36.62
 }, 
 {
  "Startup Cost": 36.61, 
  "plan_id": 289, 
  "Plans": [
   290
  ], 
  "Plan Rows": 5, 
  "Node Type": "Limit", 
  "filename": "plans/query18.json", 
  "Parallel Aware": false, 
  "Output": [
   "item.i_item_id", 
   "customer_address.ca_country", 
   "customer_address.ca_state", 
   "customer_address.ca_county", 
   "(avg((catalog_sales.cs_quantity)::numeric(12,2)))", 
   "(avg((catalog_sales.cs_list_price)::numeric(12,2)))", 
   "(avg((catalog_sales.cs_coupon_amt)::numeric(12,2)))", 
   "(avg((catalog_sales.cs_sales_price)::numeric(12,2)))", 
   "(avg((catalog_sales.cs_net_profit)::numeric(12,2)))", 
   "(avg((customer.c_birth_year)::numeric(12,2)))", 
   "(avg((cd1.cd_dep_count)::numeric(12,2)))"
  ], 
  "Plan Width": 440, 
  "Total Cost": 36.62
 }, 
 {
  "Startup Cost": 0.0, 
  "plan_id": 318, 
  "Node Type": "Bitmap Index Scan", 
  "Index Cond": "(store_sales.ss_item_sk = item.i_item_sk)", 
  "Plan Rows": 2, 
  "filename": "plans/query19.json", 
  "Parallel Aware": false, 
  "Parent Relationship": "Outer", 
  "Index Name": "store_sales_pkey", 
  "Plan Width": 0, 
  "Total Cost": 4.16
 }, 
 {
  "Relation Name": "item", 
  "Startup Cost": 0.0, 
  "plan_id": 316, 
  "Node Type": "Seq Scan", 
  "Plan Rows": 1, 
  "Filter": "(item.i_manager_id = 31)", 
  "Alias": "item", 
  "filename": "plans/query19.json", 
  "Schema": "pg_temp_2", 
  "Parallel Aware": false, 
  "Parent Relationship": "Outer", 
  "Output": [
   "item.i_item_sk", 
   "item.i_item_id", 
   "item.i_rec_start_date", 
   "item.i_rec_end_date", 
   "item.i_item_desc", 
   "item.i_current_price", 
   "item.i_wholesale_cost", 
   "item.i_brand_id", 
   "item.i_brand", 
   "item.i_class_id", 
   "item.i_class", 
   "item.i_category_id", 
   "item.i_category", 
   "item.i_manufact_id", 
   "item.i_manufact", 
   "item.i_size", 
   "item.i_formulation", 
   "item.i_color", 
   "item.i_units", 
   "item.i_container", 
   "item.i_manager_id", 
   "item.i_product_name"
  ], 
  "Plan Width": 420, 
  "Total Cost": 10.5
 }, 
 {
  "Startup Cost": 4.16, 
  "plan_id": 317, 
  "Plans": [
   318
  ], 
  "Parent Relationship": "Inner", 
  "Node Type": "Bitmap Heap Scan", 
  "Plan Rows": 2, 
  "Relation Name": "store_sales", 
  "Alias": "store_sales", 
  "filename": "plans/query19.json", 
  "Schema": "pg_temp_2", 
  "Parallel Aware": false, 
  "Recheck Cond": "(store_sales.ss_item_sk = item.i_item_sk)", 
  "Output": [
   "store_sales.ss_sold_date_sk", 
   "store_sales.ss_sold_time_sk", 
   "store_sales.ss_item_sk", 
   "store_sales.ss_customer_sk", 
   "store_sales.ss_cdemo_sk", 
   "store_sales.ss_hdemo_sk", 
   "store_sales.ss_addr_sk", 
   "store_sales.ss_store_sk", 
   "store_sales.ss_promo_sk", 
   "store_sales.ss_ticket_number", 
   "store_sales.ss_quantity", 
   "store_sales.ss_wholesale_cost", 
   "store_sales.ss_list_price", 
   "store_sales.ss_sales_price", 
   "store_sales.ss_ext_discount_amt", 
   "store_sales.ss_ext_sales_price", 
   "store_sales.ss_ext_wholesale_cost", 
   "store_sales.ss_ext_list_price", 
   "store_sales.ss_ext_tax", 
   "store_sales.ss_coupon_amt", 
   "store_sales.ss_net_paid", 
   "store_sales.ss_net_paid_inc_tax", 
   "store_sales.ss_net_profit"
  ], 
  "Plan Width": 30, 
  "Total Cost": 9.5
 }, 
 {
  "Startup Cost": 4.16, 
  "plan_id": 315, 
  "Plans": [
   316, 
   317
  ], 
  "Plan Rows": 2, 
  "Node Type": "Nested Loop", 
  "Join Type": "Inner", 
  "filename": "plans/query19.json", 
  "Parallel Aware": false, 
  "Parent Relationship": "Outer", 
  "Output": [
   "store_sales.ss_ext_sales_price", 
   "store_sales.ss_sold_date_sk", 
   "store_sales.ss_customer_sk", 
   "store_sales.ss_store_sk", 
   "item.i_brand_id", 
   "item.i_brand", 
   "item.i_manufact_id", 
   "item.i_manufact"
  ], 
  "Plan Width": 442, 
  "Total Cost": 20.02
 }, 
 {
  "Startup Cost": 0.14, 
  "filename": "plans/query19.json", 
  "plan_id": 319, 
  "Scan Direction": "Forward", 
  "Index Cond": "(store.s_store_sk = store_sales.ss_store_sk)", 
  "Node Type": "Index Scan", 
  "Relation Name": "store", 
  "Alias": "store", 
  "Plan Rows": 1, 
  "Schema": "pg_temp_2", 
  "Parallel Aware": false, 
  "Parent Relationship": "Inner", 
  "Output": [
   "store.s_store_sk", 
   "store.s_store_id", 
   "store.s_rec_start_date", 
   "store.s_rec_end_date", 
   "store.s_closed_date_sk", 
   "store.s_store_name", 
   "store.s_number_employees", 
   "store.s_floor_space", 
   "store.s_hours", 
   "store.s_manager", 
   "store.s_market_id", 
   "store.s_geography_class", 
   "store.s_market_desc", 
   "store.s_market_manager", 
   "store.s_division_id", 
   "store.s_division_name", 
   "store.s_company_id", 
   "store.s_company_name", 
   "store.s_street_number", 
   "store.s_street_name", 
   "store.s_street_type", 
   "store.s_suite_number", 
   "store.s_city", 
   "store.s_county", 
   "store.s_state", 
   "store.s_zip", 
   "store.s_country", 
   "store.s_gmt_offset", 
   "store.s_tax_precentage"
  ], 
  "Index Name": "store_pkey", 
  "Plan Width": 48, 
  "Total Cost": 0.29
 }, 
 {
  "Startup Cost": 4.3, 
  "plan_id": 314, 
  "Plans": [
   315, 
   319
  ], 
  "Plan Rows": 1, 
  "Node Type": "Nested Loop", 
  "Join Type": "Inner", 
  "filename": "plans/query19.json", 
  "Parallel Aware": false, 
  "Parent Relationship": "Outer", 
  "Output": [
   "store_sales.ss_ext_sales_price", 
   "store_sales.ss_sold_date_sk", 
   "store_sales.ss_customer_sk", 
   "item.i_brand_id", 
   "item.i_brand", 
   "item.i_manufact_id", 
   "item.i_manufact", 
   "store.s_zip"
  ], 
  "Plan Width": 482, 
  "Total Cost": 20.62
 }, 
 {
  "Filter": "((date_dim.d_moy = 11) AND (date_dim.d_year = 1999))", 
  "Startup Cost": 0.15, 
  "filename": "plans/query19.json", 
  "plan_id": 320, 
  "Scan Direction": "Forward", 
  "Index Cond": "(date_dim.d_date_sk = store_sales.ss_sold_date_sk)", 
  "Node Type": "Index Scan", 
  "Relation Name": "date_dim", 
  "Alias": "date_dim", 
  "Plan Rows": 1, 
  "Schema": "pg_temp_2", 
  "Parallel Aware": false, 
  "Parent Relationship": "Inner", 
  "Output": [
   "date_dim.d_date_sk", 
   "date_dim.d_date_id", 
   "date_dim.d_date", 
   "date_dim.d_month_seq", 
   "date_dim.d_week_seq", 
   "date_dim.d_quarter_seq", 
   "date_dim.d_year", 
   "date_dim.d_dow", 
   "date_dim.d_moy", 
   "date_dim.d_dom", 
   "date_dim.d_qoy", 
   "date_dim.d_fy_year", 
   "date_dim.d_fy_quarter_seq", 
   "date_dim.d_fy_week_seq", 
   "date_dim.d_day_name", 
   "date_dim.d_quarter_name", 
   "date_dim.d_holiday", 
   "date_dim.d_weekend", 
   "date_dim.d_following_holiday", 
   "date_dim.d_first_dom", 
   "date_dim.d_last_dom", 
   "date_dim.d_same_day_ly", 
   "date_dim.d_same_day_lq", 
   "date_dim.d_current_day", 
   "date_dim.d_current_week", 
   "date_dim.d_current_month", 
   "date_dim.d_current_quarter", 
   "date_dim.d_current_year"
  ], 
  "Index Name": "date_dim_pkey", 
  "Plan Width": 4, 
  "Total Cost": 0.3
 }, 
 {
  "Startup Cost": 4.45, 
  "plan_id": 313, 
  "Plans": [
   314, 
   320
  ], 
  "Plan Rows": 1, 
  "Node Type": "Nested Loop", 
  "Join Type": "Inner", 
  "filename": "plans/query19.json", 
  "Parallel Aware": false, 
  "Parent Relationship": "Outer", 
  "Output": [
   "store_sales.ss_ext_sales_price", 
   "store_sales.ss_customer_sk", 
   "item.i_brand_id", 
   "item.i_brand", 
   "item.i_manufact_id", 
   "item.i_manufact", 
   "store.s_zip"
  ], 
  "Plan Width": 478, 
  "Total Cost": 20.93
 }, 
 {
  "Startup Cost": 0.14, 
  "filename": "plans/query19.json", 
  "plan_id": 321, 
  "Scan Direction": "Forward", 
  "Index Cond": "(customer.c_customer_sk = store_sales.ss_customer_sk)", 
  "Node Type": "Index Scan", 
  "Relation Name": "customer", 
  "Alias": "customer", 
  "Plan Rows": 1, 
  "Schema": "pg_temp_2", 
  "Parallel Aware": false, 
  "Parent Relationship": "Inner", 
  "Output": [
   "customer.c_customer_sk", 
   "customer.c_customer_id", 
   "customer.c_current_cdemo_sk", 
   "customer.c_current_hdemo_sk", 
   "customer.c_current_addr_sk", 
   "customer.c_first_shipto_date_sk", 
   "customer.c_first_sales_date_sk", 
   "customer.c_salutation", 
   "customer.c_first_name", 
   "customer.c_last_name", 
   "customer.c_preferred_cust_flag", 
   "customer.c_birth_day", 
   "customer.c_birth_month", 
   "customer.c_birth_year", 
   "customer.c_birth_country", 
   "customer.c_login", 
   "customer.c_email_address", 
   "customer.c_last_review_date"
  ], 
  "Index Name": "customer_pkey", 
  "Plan Width": 8, 
  "Total Cost": 0.29
 }, 
 {
  "Startup Cost": 4.59, 
  "plan_id": 312, 
  "Plans": [
   313, 
   321
  ], 
  "Plan Rows": 1, 
  "Node Type": "Nested Loop", 
  "Join Type": "Inner", 
  "filename": "plans/query19.json", 
  "Parallel Aware": false, 
  "Parent Relationship": "Outer", 
  "Output": [
   "store_sales.ss_ext_sales_price", 
   "item.i_brand_id", 
   "item.i_brand", 
   "item.i_manufact_id", 
   "item.i_manufact", 
   "customer.c_current_addr_sk", 
   "store.s_zip"
  ], 
  "Plan Width": 478, 
  "Total Cost": 21.23
 }, 
 {
  "Startup Cost": 0.14, 
  "filename": "plans/query19.json", 
  "plan_id": 322, 
  "Scan Direction": "Forward", 
  "Index Cond": "(customer_address.ca_address_sk = customer.c_current_addr_sk)", 
  "Node Type": "Index Scan", 
  "Relation Name": "customer_address", 
  "Alias": "customer_address", 
  "Plan Rows": 1, 
  "Schema": "pg_temp_2", 
  "Parallel Aware": false, 
  "Parent Relationship": "Inner", 
  "Output": [
   "customer_address.ca_address_sk", 
   "customer_address.ca_address_id", 
   "customer_address.ca_street_number", 
   "customer_address.ca_street_name", 
   "customer_address.ca_street_type", 
   "customer_address.ca_suite_number", 
   "customer_address.ca_city", 
   "customer_address.ca_county", 
   "customer_address.ca_state", 
   "customer_address.ca_zip", 
   "customer_address.ca_country", 
   "customer_address.ca_gmt_offset", 
   "customer_address.ca_location_type"
  ], 
  "Index Name": "customer_address_pkey", 
  "Plan Width": 48, 
  "Total Cost": 0.6
 }, 
 {
  "Startup Cost": 4.74, 
  "plan_id": 311, 
  "Plans": [
   312, 
   322
  ], 
  "Plan Rows": 1, 
  "Node Type": "Nested Loop", 
  "Join Type": "Inner", 
  "filename": "plans/query19.json", 
  "Parallel Aware": false, 
  "Parent Relationship": "Outer", 
  "Output": [
   "item.i_brand_id", 
   "item.i_brand", 
   "item.i_manufact_id", 
   "item.i_manufact", 
   "store_sales.ss_ext_sales_price"
  ], 
  "Plan Width": 430, 
  "Join Filter": "(substr((customer_address.ca_zip)::text, 1, 5) <> substr((store.s_zip)::text, 1, 5))", 
  "Total Cost": 21.85
 }, 
 {
  "Startup Cost": 21.86, 
  "plan_id": 310, 
  "Plans": [
   311
  ], 
  "Sort Key": [
   "item.i_brand", 
   "item.i_brand_id", 
   "item.i_manufact_id", 
   "item.i_manufact"
  ], 
  "Plan Rows": 1, 
  "Node Type": "Sort", 
  "filename": "plans/query19.json", 
  "Parallel Aware": false, 
  "Parent Relationship": "Outer", 
  "Output": [
   "item.i_brand_id", 
   "item.i_brand", 
   "item.i_manufact_id", 
   "item.i_manufact", 
   "store_sales.ss_ext_sales_price"
  ], 
  "Plan Width": 430, 
  "Total Cost": 21.86
 }, 
 {
  "Partial Mode": "Simple", 
  "Startup Cost": 21.86, 
  "Plan Width": 448, 
  "plan_id": 309, 
  "Plans": [
   310
  ], 
  "filename": "plans/query19.json", 
  "Node Type": "Aggregate", 
  "Strategy": "Sorted", 
  "Plan Rows": 1, 
  "Parallel Aware": false, 
  "Output": [
   "item.i_brand_id", 
   "item.i_brand", 
   "item.i_manufact_id", 
   "item.i_manufact", 
   "sum(store_sales.ss_ext_sales_price)"
  ], 
  "Group Key": [
   "item.i_brand", 
   "item.i_brand_id", 
   "item.i_manufact_id", 
   "item.i_manufact"
  ], 
  "Parent Relationship": "Outer", 
  "Total Cost": 21.89
 }, 
 {
  "Startup Cost": 21.9, 
  "plan_id": 308, 
  "Plans": [
   309
  ], 
  "Sort Key": [
   "(sum(store_sales.ss_ext_sales_price)) DESC", 
   "item.i_brand", 
   "item.i_brand_id", 
   "item.i_manufact_id", 
   "item.i_manufact"
  ], 
  "Plan Rows": 1, 
  "Node Type": "Sort", 
  "filename": "plans/query19.json", 
  "Parallel Aware": false, 
  "Parent Relationship": "Outer", 
  "Output": [
   "item.i_brand_id", 
   "item.i_brand", 
   "item.i_manufact_id", 
   "item.i_manufact", 
   "(sum(store_sales.ss_ext_sales_price))"
  ], 
  "Plan Width": 448, 
  "Total Cost": 21.9
 }, 
 {
  "Startup Cost": 21.9, 
  "plan_id": 307, 
  "Plans": [
   308
  ], 
  "Plan Rows": 1, 
  "Node Type": "Limit", 
  "filename": "plans/query19.json", 
  "Parallel Aware": false, 
  "Output": [
   "item.i_brand_id", 
   "item.i_brand", 
   "item.i_manufact_id", 
   "item.i_manufact", 
   "(sum(store_sales.ss_ext_sales_price))"
  ], 
  "Plan Width": 448, 
  "Total Cost": 21.9
 }, 
 {
  "Startup Cost": 0.0, 
  "plan_id": 325, 
  "Node Type": "Seq Scan", 
  "Plan Rows": 260, 
  "Relation Name": "web_sales", 
  "Alias": "web_sales", 
  "filename": "plans/query2.json", 
  "Schema": "pg_temp_2", 
  "Parallel Aware": false, 
  "Parent Relationship": "Member", 
  "Output": [
   "web_sales.ws_sold_date_sk", 
   "web_sales.ws_ext_sales_price"
  ], 
  "Plan Width": 18, 
  "Total Cost": 12.6
 }, 
 {
  "Startup Cost": 0.0, 
  "plan_id": 326, 
  "Node Type": "Seq Scan", 
  "Plan Rows": 260, 
  "Relation Name": "catalog_sales", 
  "Alias": "catalog_sales", 
  "filename": "plans/query2.json", 
  "Schema": "pg_temp_2", 
  "Parallel Aware": false, 
  "Parent Relationship": "Member", 
  "Output": [
   "catalog_sales.cs_sold_date_sk", 
   "catalog_sales.cs_ext_sales_price"
  ], 
  "Plan Width": 18, 
  "Total Cost": 12.6
 }, 
 {
  "Startup Cost": 0.0, 
  "plan_id": 331, 
  "Node Type": "Seq Scan", 
  "Plan Rows": 270, 
  "Relation Name": "date_dim", 
  "Alias": "date_dim_2", 
  "filename": "plans/query2.json", 
  "Schema": "pg_temp_2", 
  "Parallel Aware": false, 
  "Parent Relationship": "Outer", 
  "Output": [
   "date_dim_2.d_week_seq", 
   "date_dim_2.d_day_name", 
   "date_dim_2.d_date_sk"
  ], 
  "Plan Width": 48, 
  "Total Cost": 12.7
 }, 
 {
  "Startup Cost": 0.0, 
  "plan_id": 329, 
  "CTE Name": "wscs", 
  "Node Type": "CTE Scan", 
  "Plan Rows": 520, 
  "Alias": "wscs", 
  "filename": "plans/query2.json", 
  "Parallel Aware": false, 
  "Parent Relationship": "Outer", 
  "Output": [
   "wscs.sold_date_sk", 
   "wscs.sales_price"
  ], 
  "Plan Width": 18, 
  "Total Cost": 10.4
 }, 
 {
  "Startup Cost": 12.7, 
  "plan_id": 330, 
  "Plans": [
   331
  ], 
  "Plan Rows": 270, 
  "Node Type": "Hash", 
  "filename": "plans/query2.json", 
  "Parallel Aware": false, 
  "Parent Relationship": "Inner", 
  "Output": [
   "date_dim_2.d_week_seq", 
   "date_dim_2.d_day_name", 
   "date_dim_2.d_date_sk"
  ], 
  "Plan Width": 48, 
  "Total Cost": 12.7
 }, 
 {
  "Startup Cost": 16.07, 
  "Plan Width": 58, 
  "plan_id": 328, 
  "Plans": [
   329, 
   330
  ], 
  "Plan Rows": 520, 
  "Node Type": "Hash Join", 
  "Join Type": "Inner", 
  "filename": "plans/query2.json", 
  "Parallel Aware": false, 
  "Output": [
   "date_dim_2.d_week_seq", 
   "date_dim_2.d_day_name", 
   "wscs.sales_price"
  ], 
  "Hash Cond": "(wscs.sold_date_sk = date_dim_2.d_date_sk)", 
  "Parent Relationship": "Outer", 
  "Total Cost": 33.62
 }, 
 {
  "Relation Name": "date_dim", 
  "Startup Cost": 0.0, 
  "plan_id": 336, 
  "Node Type": "Seq Scan", 
  "Plan Rows": 1, 
  "Filter": "(date_dim.d_year = 2001)", 
  "Alias": "date_dim", 
  "filename": "plans/query2.json", 
  "Schema": "pg_temp_2", 
  "Parallel Aware": false, 
  "Parent Relationship": "Outer", 
  "Output": [
   "date_dim.d_week_seq"
  ], 
  "Plan Width": 4, 
  "Total Cost": 13.38
 }, 
 {
  "Startup Cost": 0.0, 
  "plan_id": 334, 
  "CTE Name": "wswscs", 
  "Node Type": "CTE Scan", 
  "Plan Rows": 200, 
  "Alias": "wswscs", 
  "filename": "plans/query2.json", 
  "Parallel Aware": false, 
  "Parent Relationship": "Outer", 
  "Output": [
   "wswscs.d_week_seq", 
   "wswscs.sun_sales", 
   "wswscs.mon_sales", 
   "wswscs.tue_sales", 
   "wswscs.wed_sales", 
   "wswscs.thu_sales", 
   "wswscs.fri_sales", 
   "wswscs.sat_sales"
  ], 
  "Plan Width": 228, 
  "Total Cost": 4.0
 }, 
 {
  "Startup Cost": 13.38, 
  "plan_id": 335, 
  "Plans": [
   336
  ], 
  "Plan Rows": 1, 
  "Node Type": "Hash", 
  "filename": "plans/query2.json", 
  "Parallel Aware": false, 
  "Parent Relationship": "Inner", 
  "Output": [
   "date_dim.d_week_seq"
  ], 
  "Plan Width": 4, 
  "Total Cost": 13.38
 }, 
 {
  "Startup Cost": 13.39, 
  "Plan Width": 232, 
  "plan_id": 333, 
  "Plans": [
   334, 
   335
  ], 
  "Plan Rows": 1, 
  "Node Type": "Hash Join", 
  "Join Type": "Inner", 
  "filename": "plans/query2.json", 
  "Parallel Aware": false, 
  "Output": [
   "wswscs.d_week_seq", 
   "wswscs.sun_sales", 
   "wswscs.mon_sales", 
   "wswscs.tue_sales", 
   "wswscs.wed_sales", 
   "wswscs.thu_sales", 
   "wswscs.fri_sales", 
   "wswscs.sat_sales", 
   "date_dim.d_week_seq"
  ], 
  "Hash Cond": "(wswscs.d_week_seq = date_dim.d_week_seq)", 
  "Parent Relationship": "Outer", 
  "Total Cost": 18.15
 }, 
 {
  "Relation Name": "date_dim", 
  "Startup Cost": 0.0, 
  "plan_id": 341, 
  "Node Type": "Seq Scan", 
  "Plan Rows": 1, 
  "Filter": "(date_dim_1.d_year = 2002)", 
  "Alias": "date_dim_1", 
  "filename": "plans/query2.json", 
  "Schema": "pg_temp_2", 
  "Parallel Aware": false, 
  "Parent Relationship": "Outer", 
  "Output": [
   "date_dim_1.d_week_seq"
  ], 
  "Plan Width": 4, 
  "Total Cost": 13.38
 }, 
 {
  "Startup Cost": 0.0, 
  "plan_id": 339, 
  "CTE Name": "wswscs", 
  "Node Type": "CTE Scan", 
  "Plan Rows": 200, 
  "Alias": "wswscs_1", 
  "filename": "plans/query2.json", 
  "Parallel Aware": false, 
  "Parent Relationship": "Outer", 
  "Output": [
   "wswscs_1.d_week_seq", 
   "wswscs_1.sun_sales", 
   "wswscs_1.mon_sales", 
   "wswscs_1.tue_sales", 
   "wswscs_1.wed_sales", 
   "wswscs_1.thu_sales", 
   "wswscs_1.fri_sales", 
   "wswscs_1.sat_sales"
  ], 
  "Plan Width": 228, 
  "Total Cost": 4.0
 }, 
 {
  "Startup Cost": 13.38, 
  "plan_id": 340, 
  "Plans": [
   341
  ], 
  "Plan Rows": 1, 
  "Node Type": "Hash", 
  "filename": "plans/query2.json", 
  "Parallel Aware": false, 
  "Parent Relationship": "Inner", 
  "Output": [
   "date_dim_1.d_week_seq"
  ], 
  "Plan Width": 4, 
  "Total Cost": 13.38
 }, 
 {
  "Startup Cost": 13.39, 
  "Plan Width": 228, 
  "plan_id": 338, 
  "Plans": [
   339, 
   340
  ], 
  "Plan Rows": 1, 
  "Node Type": "Hash Join", 
  "Join Type": "Inner", 
  "filename": "plans/query2.json", 
  "Parallel Aware": false, 
  "Output": [
   "wswscs_1.sun_sales", 
   "wswscs_1.mon_sales", 
   "wswscs_1.tue_sales", 
   "wswscs_1.wed_sales", 
   "wswscs_1.thu_sales", 
   "wswscs_1.fri_sales", 
   "wswscs_1.sat_sales", 
   "wswscs_1.d_week_seq", 
   "(wswscs_1.d_week_seq - 53)"
  ], 
  "Hash Cond": "(wswscs_1.d_week_seq = date_dim_1.d_week_seq)", 
  "Parent Relationship": "Outer", 
  "Total Cost": 18.15
 }, 
 {
  "Startup Cost": 0.0, 
  "plan_id": 324, 
  "Plans": [
   325, 
   326
  ], 
  "Plan Rows": 520, 
  "Node Type": "Append", 
  "filename": "plans/query2.json", 
  "Parallel Aware": false, 
  "Parent Relationship": "InitPlan", 
  "Plan Width": 18, 
  "Subplan Name": "CTE wscs", 
  "Total Cost": 25.2
 }, 
 {
  "Partial Mode": "Simple", 
  "Startup Cost": 53.12, 
  "Plan Width": 228, 
  "plan_id": 327, 
  "Plans": [
   328
  ], 
  "filename": "plans/query2.json", 
  "Node Type": "Aggregate", 
  "Strategy": "Hashed", 
  "Plan Rows": 200, 
  "Parallel Aware": false, 
  "Output": [
   "date_dim_2.d_week_seq", 
   "sum(CASE WHEN (date_dim_2.d_day_name = 'Sunday'::bpchar) THEN wscs.sales_price ELSE NULL::numeric END)", 
   "sum(CASE WHEN (date_dim_2.d_day_name = 'Monday'::bpchar) THEN wscs.sales_price ELSE NULL::numeric END)", 
   "sum(CASE WHEN (date_dim_2.d_day_name = 'Tuesday'::bpchar) THEN wscs.sales_price ELSE NULL::numeric END)", 
   "sum(CASE WHEN (date_dim_2.d_day_name = 'Wednesday'::bpchar) THEN wscs.sales_price ELSE NULL::numeric END)", 
   "sum(CASE WHEN (date_dim_2.d_day_name = 'Thursday'::bpchar) THEN wscs.sales_price ELSE NULL::numeric END)", 
   "sum(CASE WHEN (date_dim_2.d_day_name = 'Friday'::bpchar) THEN wscs.sales_price ELSE NULL::numeric END)", 
   "sum(CASE WHEN (date_dim_2.d_day_name = 'Saturday'::bpchar) THEN wscs.sales_price ELSE NULL::numeric END)"
  ], 
  "Group Key": [
   "date_dim_2.d_week_seq"
  ], 
  "Parent Relationship": "InitPlan", 
  "Subplan Name": "CTE wswscs", 
  "Total Cost": 58.62
 }, 
 {
  "Startup Cost": 18.16, 
  "plan_id": 332, 
  "Plans": [
   333
  ], 
  "Sort Key": [
   "wswscs.d_week_seq"
  ], 
  "Plan Rows": 1, 
  "Node Type": "Sort", 
  "filename": "plans/query2.json", 
  "Parallel Aware": false, 
  "Parent Relationship": "Outer", 
  "Output": [
   "wswscs.d_week_seq", 
   "wswscs.sun_sales", 
   "wswscs.mon_sales", 
   "wswscs.tue_sales", 
   "wswscs.wed_sales", 
   "wswscs.thu_sales", 
   "wswscs.fri_sales", 
   "wswscs.sat_sales", 
   "date_dim.d_week_seq"
  ], 
  "Plan Width": 232, 
  "Total Cost": 18.16
 }, 
 {
  "Startup Cost": 18.16, 
  "plan_id": 337, 
  "Plans": [
   338
  ], 
  "Sort Key": [
   "((wswscs_1.d_week_seq - 53))"
  ], 
  "Plan Rows": 1, 
  "Node Type": "Sort", 
  "filename": "plans/query2.json", 
  "Parallel Aware": false, 
  "Parent Relationship": "Inner", 
  "Output": [
   "wswscs_1.sun_sales", 
   "wswscs_1.mon_sales", 
   "wswscs_1.tue_sales", 
   "wswscs_1.wed_sales", 
   "wswscs_1.thu_sales", 
   "wswscs_1.fri_sales", 
   "wswscs_1.sat_sales", 
   "wswscs_1.d_week_seq", 
   "((wswscs_1.d_week_seq - 53))"
  ], 
  "Plan Width": 228, 
  "Total Cost": 18.16
 }, 
 {
  "Startup Cost": 120.14, 
  "plan_id": 323, 
  "Plans": [
   324, 
   327, 
   332, 
   337
  ], 
  "Plan Rows": 1, 
  "Node Type": "Merge Join", 
  "Join Type": "Inner", 
  "filename": "plans/query2.json", 
  "Parallel Aware": false, 
  "Output": [
   "wswscs.d_week_seq", 
   "round((wswscs.sun_sales / wswscs_1.sun_sales), 2)", 
   "round((wswscs.mon_sales / wswscs_1.mon_sales), 2)", 
   "round((wswscs.tue_sales / wswscs_1.tue_sales), 2)", 
   "round((wswscs.wed_sales / wswscs_1.wed_sales), 2)", 
   "round((wswscs.thu_sales / wswscs_1.thu_sales), 2)", 
   "round((wswscs.fri_sales / wswscs_1.fri_sales), 2)", 
   "round((wswscs.sat_sales / wswscs_1.sat_sales), 2)"
  ], 
  "Plan Width": 228, 
  "Merge Cond": "(date_dim.d_week_seq = ((wswscs_1.d_week_seq - 53)))", 
  "Total Cost": 120.21
 }, 
 {
  "Relation Name": "item", 
  "Startup Cost": 0.0, 
  "plan_id": 352, 
  "Node Type": "Seq Scan", 
  "Plan Rows": 3, 
  "Filter": "(item.i_category = ANY ('{Books,Men,Home}'::bpchar[]))", 
  "Alias": "item", 
  "filename": "plans/query20.json", 
  "Schema": "pg_temp_2", 
  "Parallel Aware": false, 
  "Parent Relationship": "Outer", 
  "Output": [
   "item.i_item_id", 
   "item.i_item_desc", 
   "item.i_category", 
   "item.i_class", 
   "item.i_current_price", 
   "item.i_item_sk"
  ], 
  "Plan Width": 912, 
  "Total Cost": 10.55
 }, 
 {
  "Startup Cost": 0.0, 
  "plan_id": 350, 
  "Node Type": "Seq Scan", 
  "Plan Rows": 260, 
  "Relation Name": "catalog_sales", 
  "Alias": "catalog_sales", 
  "filename": "plans/query20.json", 
  "Schema": "pg_temp_2", 
  "Parallel Aware": false, 
  "Parent Relationship": "Outer", 
  "Output": [
   "catalog_sales.cs_sold_date_sk", 
   "catalog_sales.cs_sold_time_sk", 
   "catalog_sales.cs_ship_date_sk", 
   "catalog_sales.cs_bill_customer_sk", 
   "catalog_sales.cs_bill_cdemo_sk", 
   "catalog_sales.cs_bill_hdemo_sk", 
   "catalog_sales.cs_bill_addr_sk", 
   "catalog_sales.cs_ship_customer_sk", 
   "catalog_sales.cs_ship_cdemo_sk", 
   "catalog_sales.cs_ship_hdemo_sk", 
   "catalog_sales.cs_ship_addr_sk", 
   "catalog_sales.cs_call_center_sk", 
   "catalog_sales.cs_catalog_page_sk", 
   "catalog_sales.cs_ship_mode_sk", 
   "catalog_sales.cs_warehouse_sk", 
   "catalog_sales.cs_item_sk", 
   "catalog_sales.cs_promo_sk", 
   "catalog_sales.cs_order_number", 
   "catalog_sales.cs_quantity", 
   "catalog_sales.cs_wholesale_cost", 
   "catalog_sales.cs_list_price", 
   "catalog_sales.cs_sales_price", 
   "catalog_sales.cs_ext_discount_amt", 
   "catalog_sales.cs_ext_sales_price", 
   "catalog_sales.cs_ext_wholesale_cost", 
   "catalog_sales.cs_ext_list_price", 
   "catalog_sales.cs_ext_tax", 
   "catalog_sales.cs_coupon_amt", 
   "catalog_sales.cs_ext_ship_cost", 
   "catalog_sales.cs_net_paid", 
   "catalog_sales.cs_net_paid_inc_tax", 
   "catalog_sales.cs_net_paid_inc_ship", 
   "catalog_sales.cs_net_paid_inc_ship_tax", 
   "catalog_sales.cs_net_profit"
  ], 
  "Plan Width": 22, 
  "Total Cost": 12.6
 }, 
 {
  "Startup Cost": 10.55, 
  "plan_id": 351, 
  "Plans": [
   352
  ], 
  "Plan Rows": 3, 
  "Node Type": "Hash", 
  "filename": "plans/query20.json", 
  "Parallel Aware": false, 
  "Parent Relationship": "Inner", 
  "Output": [
   "item.i_item_id", 
   "item.i_item_desc", 
   "item.i_category", 
   "item.i_class", 
   "item.i_current_price", 
   "item.i_item_sk"
  ], 
  "Plan Width": 912, 
  "Total Cost": 10.55
 }, 
 {
  "Startup Cost": 10.59, 
  "Plan Width": 926, 
  "plan_id": 349, 
  "Plans": [
   350, 
   351
  ], 
  "Plan Rows": 4, 
  "Node Type": "Hash Join", 
  "Join Type": "Inner", 
  "filename": "plans/query20.json", 
  "Parallel Aware": false, 
  "Output": [
   "catalog_sales.cs_ext_sales_price", 
   "catalog_sales.cs_sold_date_sk", 
   "item.i_item_id", 
   "item.i_item_desc", 
   "item.i_category", 
   "item.i_class", 
   "item.i_current_price"
  ], 
  "Hash Cond": "(catalog_sales.cs_item_sk = item.i_item_sk)", 
  "Parent Relationship": "Outer", 
  "Total Cost": 24.2
 }, 
 {
  "Filter": "((date_dim.d_date >= '2000-02-03'::date) AND (date_dim.d_date <= '2000-03-04 00:00:00'::timestamp without time zone))", 
  "Startup Cost": 0.15, 
  "filename": "plans/query20.json", 
  "plan_id": 353, 
  "Scan Direction": "Forward", 
  "Index Cond": "(date_dim.d_date_sk = catalog_sales.cs_sold_date_sk)", 
  "Node Type": "Index Scan", 
  "Relation Name": "date_dim", 
  "Alias": "date_dim", 
  "Plan Rows": 1, 
  "Schema": "pg_temp_2", 
  "Parallel Aware": false, 
  "Parent Relationship": "Inner", 
  "Output": [
   "date_dim.d_date_sk", 
   "date_dim.d_date_id", 
   "date_dim.d_date", 
   "date_dim.d_month_seq", 
   "date_dim.d_week_seq", 
   "date_dim.d_quarter_seq", 
   "date_dim.d_year", 
   "date_dim.d_dow", 
   "date_dim.d_moy", 
   "date_dim.d_dom", 
   "date_dim.d_qoy", 
   "date_dim.d_fy_year", 
   "date_dim.d_fy_quarter_seq", 
   "date_dim.d_fy_week_seq", 
   "date_dim.d_day_name", 
   "date_dim.d_quarter_name", 
   "date_dim.d_holiday", 
   "date_dim.d_weekend", 
   "date_dim.d_following_holiday", 
   "date_dim.d_first_dom", 
   "date_dim.d_last_dom", 
   "date_dim.d_same_day_ly", 
   "date_dim.d_same_day_lq", 
   "date_dim.d_current_day", 
   "date_dim.d_current_week", 
   "date_dim.d_current_month", 
   "date_dim.d_current_quarter", 
   "date_dim.d_current_year"
  ], 
  "Index Name": "date_dim_pkey", 
  "Plan Width": 4, 
  "Total Cost": 0.34
 }, 
 {
  "Startup Cost": 10.74, 
  "plan_id": 348, 
  "Plans": [
   349, 
   353
  ], 
  "Plan Rows": 1, 
  "Node Type": "Nested Loop", 
  "Join Type": "Inner", 
  "filename": "plans/query20.json", 
  "Parallel Aware": false, 
  "Parent Relationship": "Outer", 
  "Output": [
   "item.i_item_id", 
   "item.i_item_desc", 
   "item.i_category", 
   "item.i_class", 
   "item.i_current_price", 
   "catalog_sales.cs_ext_sales_price"
  ], 
  "Plan Width": 922, 
  "Total Cost": 25.6
 }, 
 {
  "Startup Cost": 25.61, 
  "plan_id": 347, 
  "Plans": [
   348
  ], 
  "Sort Key": [
   "item.i_item_id", 
   "item.i_item_desc", 
   "item.i_category", 
   "item.i_class", 
   "item.i_current_price"
  ], 
  "Plan Rows": 1, 
  "Node Type": "Sort", 
  "filename": "plans/query20.json", 
  "Parallel Aware": false, 
  "Parent Relationship": "Outer", 
  "Output": [
   "item.i_item_id", 
   "item.i_item_desc", 
   "item.i_category", 
   "item.i_class", 
   "item.i_current_price", 
   "catalog_sales.cs_ext_sales_price"
  ], 
  "Plan Width": 922, 
  "Total Cost": 25.61
 }, 
 {
  "Partial Mode": "Simple", 
  "Startup Cost": 25.61, 
  "Plan Width": 940, 
  "plan_id": 346, 
  "Plans": [
   347
  ], 
  "filename": "plans/query20.json", 
  "Node Type": "Aggregate", 
  "Strategy": "Sorted", 
  "Plan Rows": 1, 
  "Parallel Aware": false, 
  "Output": [
   "item.i_item_id", 
   "item.i_item_desc", 
   "item.i_category", 
   "item.i_class", 
   "item.i_current_price", 
   "sum(catalog_sales.cs_ext_sales_price)"
  ], 
  "Group Key": [
   "item.i_item_id", 
   "item.i_item_desc", 
   "item.i_category", 
   "item.i_class", 
   "item.i_current_price"
  ], 
  "Parent Relationship": "Outer", 
  "Total Cost": 25.65
 }, 
 {
  "Startup Cost": 25.66, 
  "plan_id": 345, 
  "Plans": [
   346
  ], 
  "Sort Key": [
   "item.i_class"
  ], 
  "Plan Rows": 1, 
  "Node Type": "Sort", 
  "filename": "plans/query20.json", 
  "Parallel Aware": false, 
  "Parent Relationship": "Outer", 
  "Output": [
   "item.i_item_id", 
   "item.i_item_desc", 
   "item.i_category", 
   "item.i_class", 
   "item.i_current_price", 
   "(sum(catalog_sales.cs_ext_sales_price))"
  ], 
  "Plan Width": 940, 
  "Total Cost": 25.67
 }, 
 {
  "Startup Cost": 25.66, 
  "plan_id": 344, 
  "Plans": [
   345
  ], 
  "Plan Rows": 1, 
  "Node Type": "WindowAgg", 
  "filename": "plans/query20.json", 
  "Parallel Aware": false, 
  "Parent Relationship": "Outer", 
  "Output": [
   "item.i_item_id", 
   "item.i_item_desc", 
   "item.i_category", 
   "item.i_class", 
   "item.i_current_price", 
   "(sum(catalog_sales.cs_ext_sales_price))", 
   "(((sum(catalog_sales.cs_ext_sales_price)) * '100'::numeric) / sum((sum(catalog_sales.cs_ext_sales_price))) OVER (?))"
  ], 
  "Plan Width": 972, 
  "Total Cost": 25.69
 }, 
 {
  "Startup Cost": 25.7, 
  "plan_id": 343, 
  "Plans": [
   344
  ], 
  "Sort Key": [
   "item.i_category", 
   "item.i_class", 
   "item.i_item_id", 
   "item.i_item_desc", 
   "((((sum(catalog_sales.cs_ext_sales_price)) * '100'::numeric) / sum((sum(catalog_sales.cs_ext_sales_price))) OVER (?)))"
  ], 
  "Plan Rows": 1, 
  "Node Type": "Sort", 
  "filename": "plans/query20.json", 
  "Parallel Aware": false, 
  "Parent Relationship": "Outer", 
  "Output": [
   "item.i_item_id", 
   "item.i_item_desc", 
   "item.i_category", 
   "item.i_class", 
   "item.i_current_price", 
   "(sum(catalog_sales.cs_ext_sales_price))", 
   "((((sum(catalog_sales.cs_ext_sales_price)) * '100'::numeric) / sum((sum(catalog_sales.cs_ext_sales_price))) OVER (?)))"
  ], 
  "Plan Width": 972, 
  "Total Cost": 25.7
 }, 
 {
  "Startup Cost": 25.7, 
  "plan_id": 342, 
  "Plans": [
   343
  ], 
  "Plan Rows": 1, 
  "Node Type": "Limit", 
  "filename": "plans/query20.json", 
  "Parallel Aware": false, 
  "Output": [
   "item.i_item_id", 
   "item.i_item_desc", 
   "item.i_category", 
   "item.i_class", 
   "item.i_current_price", 
   "(sum(catalog_sales.cs_ext_sales_price))", 
   "((((sum(catalog_sales.cs_ext_sales_price)) * '100'::numeric) / sum((sum(catalog_sales.cs_ext_sales_price))) OVER (?)))"
  ], 
  "Plan Width": 972, 
  "Total Cost": 25.7
 }, 
 {
  "Startup Cost": 0.0, 
  "plan_id": 362, 
  "Node Type": "Bitmap Index Scan", 
  "Index Cond": "(inventory.inv_date_sk = date_dim.d_date_sk)", 
  "Plan Rows": 9, 
  "filename": "plans/query21.json", 
  "Parallel Aware": false, 
  "Parent Relationship": "Outer", 
  "Index Name": "inventory_pkey", 
  "Plan Width": 0, 
  "Total Cost": 4.22
 }, 
 {
  "Relation Name": "date_dim", 
  "Startup Cost": 0.0, 
  "plan_id": 360, 
  "Node Type": "Seq Scan", 
  "Plan Rows": 1, 
  "Filter": "((date_dim.d_date >= '1998-01-06 00:00:00'::timestamp without time zone) AND (date_dim.d_date <= '1998-03-07 00:00:00'::timestamp without time zone))", 
  "Alias": "date_dim", 
  "filename": "plans/query21.json", 
  "Schema": "pg_temp_2", 
  "Parallel Aware": false, 
  "Parent Relationship": "Outer", 
  "Output": [
   "date_dim.d_date_sk", 
   "date_dim.d_date_id", 
   "date_dim.d_date", 
   "date_dim.d_month_seq", 
   "date_dim.d_week_seq", 
   "date_dim.d_quarter_seq", 
   "date_dim.d_year", 
   "date_dim.d_dow", 
   "date_dim.d_moy", 
   "date_dim.d_dom", 
   "date_dim.d_qoy", 
   "date_dim.d_fy_year", 
   "date_dim.d_fy_quarter_seq", 
   "date_dim.d_fy_week_seq", 
   "date_dim.d_day_name", 
   "date_dim.d_quarter_name", 
   "date_dim.d_holiday", 
   "date_dim.d_weekend", 
   "date_dim.d_following_holiday", 
   "date_dim.d_first_dom", 
   "date_dim.d_last_dom", 
   "date_dim.d_same_day_ly", 
   "date_dim.d_same_day_lq", 
   "date_dim.d_current_day", 
   "date_dim.d_current_week", 
   "date_dim.d_current_month", 
   "date_dim.d_current_quarter", 
   "date_dim.d_current_year"
  ], 
  "Plan Width": 8, 
  "Total Cost": 14.05
 }, 
 {
  "Startup Cost": 4.22, 
  "plan_id": 361, 
  "Plans": [
   362
  ], 
  "Parent Relationship": "Inner", 
  "Node Type": "Bitmap Heap Scan", 
  "Plan Rows": 9, 
  "Relation Name": "inventory", 
  "Alias": "inventory", 
  "filename": "plans/query21.json", 
  "Schema": "pg_temp_2", 
  "Parallel Aware": false, 
  "Recheck Cond": "(inventory.inv_date_sk = date_dim.d_date_sk)", 
  "Output": [
   "inventory.inv_date_sk", 
   "inventory.inv_item_sk", 
   "inventory.inv_warehouse_sk", 
   "inventory.inv_quantity_on_hand"
  ], 
  "Plan Width": 16, 
  "Total Cost": 14.76
 }, 
 {
  "Startup Cost": 4.22, 
  "plan_id": 359, 
  "Plans": [
   360, 
   361
  ], 
  "Plan Rows": 7, 
  "Node Type": "Nested Loop", 
  "Join Type": "Inner", 
  "filename": "plans/query21.json", 
  "Parallel Aware": false, 
  "Parent Relationship": "Outer", 
  "Output": [
   "inventory.inv_quantity_on_hand", 
   "inventory.inv_item_sk", 
   "inventory.inv_warehouse_sk", 
   "date_dim.d_date"
  ], 
  "Plan Width": 16, 
  "Total Cost": 28.9
 }, 
 {
  "Filter": "((item.i_current_price >= 0.99) AND (item.i_current_price <= 1.49))", 
  "Startup Cost": 0.14, 
  "filename": "plans/query21.json", 
  "plan_id": 363, 
  "Scan Direction": "Forward", 
  "Index Cond": "(item.i_item_sk = inventory.inv_item_sk)", 
  "Node Type": "Index Scan", 
  "Relation Name": "item", 
  "Alias": "item", 
  "Plan Rows": 1, 
  "Schema": "pg_temp_2", 
  "Parallel Aware": false, 
  "Parent Relationship": "Inner", 
  "Output": [
   "item.i_item_sk", 
   "item.i_item_id", 
   "item.i_rec_start_date", 
   "item.i_rec_end_date", 
   "item.i_item_desc", 
   "item.i_current_price", 
   "item.i_wholesale_cost", 
   "item.i_brand_id", 
   "item.i_brand", 
   "item.i_class_id", 
   "item.i_class", 
   "item.i_category_id", 
   "item.i_category", 
   "item.i_manufact_id", 
   "item.i_manufact", 
   "item.i_size", 
   "item.i_formulation", 
   "item.i_color", 
   "item.i_units", 
   "item.i_container", 
   "item.i_manager_id", 
   "item.i_product_name"
  ], 
  "Index Name": "item_pkey", 
  "Plan Width": 72, 
  "Total Cost": 0.19
 }, 
 {
  "Startup Cost": 4.36, 
  "plan_id": 358, 
  "Plans": [
   359, 
   363
  ], 
  "Plan Rows": 1, 
  "Node Type": "Nested Loop", 
  "Join Type": "Inner", 
  "filename": "plans/query21.json", 
  "Parallel Aware": false, 
  "Parent Relationship": "Outer", 
  "Output": [
   "inventory.inv_quantity_on_hand", 
   "inventory.inv_warehouse_sk", 
   "item.i_item_id", 
   "date_dim.d_date"
  ], 
  "Plan Width": 80, 
  "Total Cost": 30.28
 }, 
 {
  "Startup Cost": 0.14, 
  "filename": "plans/query21.json", 
  "plan_id": 364, 
  "Scan Direction": "Forward", 
  "Index Cond": "(warehouse.w_warehouse_sk = inventory.inv_warehouse_sk)", 
  "Node Type": "Index Scan", 
  "Relation Name": "warehouse", 
  "Alias": "warehouse", 
  "Plan Rows": 1, 
  "Schema": "pg_temp_2", 
  "Parallel Aware": false, 
  "Parent Relationship": "Inner", 
  "Output": [
   "warehouse.w_warehouse_sk", 
   "warehouse.w_warehouse_id", 
   "warehouse.w_warehouse_name", 
   "warehouse.w_warehouse_sq_ft", 
   "warehouse.w_street_number", 
   "warehouse.w_street_name", 
   "warehouse.w_street_type", 
   "warehouse.w_suite_number", 
   "warehouse.w_city", 
   "warehouse.w_county", 
   "warehouse.w_state", 
   "warehouse.w_zip", 
   "warehouse.w_country", 
   "warehouse.w_gmt_offset"
  ], 
  "Index Name": "warehouse_pkey", 
  "Plan Width": 62, 
  "Total Cost": 0.18
 }, 
 {
  "Startup Cost": 4.5, 
  "plan_id": 357, 
  "Plans": [
   358, 
   364
  ], 
  "Plan Rows": 1, 
  "Node Type": "Nested Loop", 
  "Join Type": "Inner", 
  "filename": "plans/query21.json", 
  "Parallel Aware": false, 
  "Parent Relationship": "Outer", 
  "Output": [
   "warehouse.w_warehouse_name", 
   "item.i_item_id", 
   "date_dim.d_date", 
   "inventory.inv_quantity_on_hand"
  ], 
  "Plan Width": 134, 
  "Total Cost": 30.47
 }, 
 {
  "Startup Cost": 30.48, 
  "plan_id": 356, 
  "Plans": [
   357
  ], 
  "Sort Key": [
   "warehouse.w_warehouse_name", 
   "item.i_item_id"
  ], 
  "Plan Rows": 1, 
  "Node Type": "Sort", 
  "filename": "plans/query21.json", 
  "Parallel Aware": false, 
  "Parent Relationship": "Outer", 
  "Output": [
   "warehouse.w_warehouse_name", 
   "item.i_item_id", 
   "date_dim.d_date", 
   "inventory.inv_quantity_on_hand"
  ], 
  "Plan Width": 134, 
  "Total Cost": 30.49
 }, 
 {
  "Partial Mode": "Simple", 
  "Startup Cost": 30.48, 
  "Plan Width": 142, 
  "plan_id": 355, 
  "Plans": [
   356
  ], 
  "filename": "plans/query21.json", 
  "Node Type": "Aggregate", 
  "Strategy": "Sorted", 
  "Filter": "(((CASE WHEN (sum(CASE WHEN (date_dim.d_date < '1998-02-05'::date) THEN inventory.inv_quantity_on_hand ELSE 0 END) > 0) THEN (sum(CASE WHEN (date_dim.d_date >= '1998-02-05'::date) THEN inventory.inv_quantity_on_hand ELSE 0 END) / sum(CASE WHEN (date_dim.d_date < '1998-02-05'::date) THEN inventory.inv_quantity_on_hand ELSE 0 END)) ELSE NULL::bigint END)::numeric >= 0.66666666666666666667) AND ((CASE WHEN (sum(CASE WHEN (date_dim.d_date < '1998-02-05'::date) THEN inventory.inv_quantity_on_hand ELSE 0 END) > 0) THEN (sum(CASE WHEN (date_dim.d_date >= '1998-02-05'::date) THEN inventory.inv_quantity_on_hand ELSE 0 END) / sum(CASE WHEN (date_dim.d_date < '1998-02-05'::date) THEN inventory.inv_quantity_on_hand ELSE 0 END)) ELSE NULL::bigint END)::numeric <= 1.5000000000000000))", 
  "Plan Rows": 1, 
  "Parallel Aware": false, 
  "Output": [
   "warehouse.w_warehouse_name", 
   "item.i_item_id", 
   "sum(CASE WHEN (date_dim.d_date < '1998-02-05'::date) THEN inventory.inv_quantity_on_hand ELSE 0 END)", 
   "sum(CASE WHEN (date_dim.d_date >= '1998-02-05'::date) THEN inventory.inv_quantity_on_hand ELSE 0 END)"
  ], 
  "Group Key": [
   "warehouse.w_warehouse_name", 
   "item.i_item_id"
  ], 
  "Parent Relationship": "Outer", 
  "Total Cost": 30.54
 }, 
 {
  "Startup Cost": 30.48, 
  "plan_id": 354, 
  "Plans": [
   355
  ], 
  "Plan Rows": 1, 
  "Node Type": "Limit", 
  "filename": "plans/query21.json", 
  "Parallel Aware": false, 
  "Output": [
   "warehouse.w_warehouse_name", 
   "item.i_item_id", 
   "(sum(CASE WHEN (date_dim.d_date < '1998-02-05'::date) THEN inventory.inv_quantity_on_hand ELSE 0 END))", 
   "(sum(CASE WHEN (date_dim.d_date >= '1998-02-05'::date) THEN inventory.inv_quantity_on_hand ELSE 0 END))"
  ], 
  "Plan Width": 142, 
  "Total Cost": 30.55
 }, 
 {
  "Startup Cost": 0.0, 
  "plan_id": 373, 
  "Node Type": "Bitmap Index Scan", 
  "Index Cond": "(inventory.inv_date_sk = date_dim.d_date_sk)", 
  "Plan Rows": 9, 
  "filename": "plans/query22.json", 
  "Parallel Aware": false, 
  "Parent Relationship": "Outer", 
  "Index Name": "inventory_pkey", 
  "Plan Width": 0, 
  "Total Cost": 4.22
 }, 
 {
  "Relation Name": "date_dim", 
  "Startup Cost": 0.0, 
  "plan_id": 371, 
  "Node Type": "Seq Scan", 
  "Plan Rows": 1, 
  "Filter": "((date_dim.d_month_seq >= 1176) AND (date_dim.d_month_seq <= 1187))", 
  "Alias": "date_dim", 
  "filename": "plans/query22.json", 
  "Schema": "pg_temp_2", 
  "Parallel Aware": false, 
  "Parent Relationship": "Outer", 
  "Output": [
   "date_dim.d_date_sk", 
   "date_dim.d_date_id", 
   "date_dim.d_date", 
   "date_dim.d_month_seq", 
   "date_dim.d_week_seq", 
   "date_dim.d_quarter_seq", 
   "date_dim.d_year", 
   "date_dim.d_dow", 
   "date_dim.d_moy", 
   "date_dim.d_dom", 
   "date_dim.d_qoy", 
   "date_dim.d_fy_year", 
   "date_dim.d_fy_quarter_seq", 
   "date_dim.d_fy_week_seq", 
   "date_dim.d_day_name", 
   "date_dim.d_quarter_name", 
   "date_dim.d_holiday", 
   "date_dim.d_weekend", 
   "date_dim.d_following_holiday", 
   "date_dim.d_first_dom", 
   "date_dim.d_last_dom", 
   "date_dim.d_same_day_ly", 
   "date_dim.d_same_day_lq", 
   "date_dim.d_current_day", 
   "date_dim.d_current_week", 
   "date_dim.d_current_month", 
   "date_dim.d_current_quarter", 
   "date_dim.d_current_year"
  ], 
  "Plan Width": 4, 
  "Total Cost": 14.05
 }, 
 {
  "Startup Cost": 4.22, 
  "plan_id": 372, 
  "Plans": [
   373
  ], 
  "Parent Relationship": "Inner", 
  "Node Type": "Bitmap Heap Scan", 
  "Plan Rows": 9, 
  "Relation Name": "inventory", 
  "Alias": "inventory", 
  "filename": "plans/query22.json", 
  "Schema": "pg_temp_2", 
  "Parallel Aware": false, 
  "Recheck Cond": "(inventory.inv_date_sk = date_dim.d_date_sk)", 
  "Output": [
   "inventory.inv_date_sk", 
   "inventory.inv_item_sk", 
   "inventory.inv_warehouse_sk", 
   "inventory.inv_quantity_on_hand"
  ], 
  "Plan Width": 12, 
  "Total Cost": 14.76
 }, 
 {
  "Startup Cost": 4.22, 
  "plan_id": 370, 
  "Plans": [
   371, 
   372
  ], 
  "Plan Rows": 7, 
  "Node Type": "Nested Loop", 
  "Join Type": "Inner", 
  "filename": "plans/query22.json", 
  "Parallel Aware": false, 
  "Parent Relationship": "Outer", 
  "Output": [
   "inventory.inv_quantity_on_hand", 
   "inventory.inv_item_sk"
  ], 
  "Plan Width": 8, 
  "Total Cost": 28.9
 }, 
 {
  "Startup Cost": 0.14, 
  "filename": "plans/query22.json", 
  "plan_id": 374, 
  "Scan Direction": "Forward", 
  "Index Cond": "(item.i_item_sk = inventory.inv_item_sk)", 
  "Node Type": "Index Scan", 
  "Relation Name": "item", 
  "Alias": "item", 
  "Plan Rows": 1, 
  "Schema": "pg_temp_2", 
  "Parallel Aware": false, 
  "Parent Relationship": "Inner", 
  "Output": [
   "item.i_item_sk", 
   "item.i_item_id", 
   "item.i_rec_start_date", 
   "item.i_rec_end_date", 
   "item.i_item_desc", 
   "item.i_current_price", 
   "item.i_wholesale_cost", 
   "item.i_brand_id", 
   "item.i_brand", 
   "item.i_class_id", 
   "item.i_class", 
   "item.i_category_id", 
   "item.i_category", 
   "item.i_manufact_id", 
   "item.i_manufact", 
   "item.i_size", 
   "item.i_formulation", 
   "item.i_color", 
   "item.i_units", 
   "item.i_container", 
   "item.i_manager_id", 
   "item.i_product_name"
  ], 
  "Index Name": "item_pkey", 
  "Plan Width": 820, 
  "Total Cost": 0.18
 }, 
 {
  "Startup Cost": 4.36, 
  "plan_id": 369, 
  "Plans": [
   370, 
   374
  ], 
  "Plan Rows": 1, 
  "Node Type": "Nested Loop", 
  "Join Type": "Inner", 
  "filename": "plans/query22.json", 
  "Parallel Aware": false, 
  "Parent Relationship": "Outer", 
  "Output": [
   "item.i_product_name", 
   "item.i_brand", 
   "item.i_class", 
   "item.i_category", 
   "inventory.inv_quantity_on_hand"
  ], 
  "Plan Width": 820, 
  "Total Cost": 30.24
 }, 
 {
  "Startup Cost": 30.25, 
  "plan_id": 368, 
  "Plans": [
   369
  ], 
  "Sort Key": [
   "item.i_product_name", 
   "item.i_brand", 
   "item.i_class", 
   "item.i_category"
  ], 
  "Plan Rows": 1, 
  "Node Type": "Sort", 
  "filename": "plans/query22.json", 
  "Parallel Aware": false, 
  "Parent Relationship": "Outer", 
  "Output": [
   "item.i_product_name", 
   "item.i_brand", 
   "item.i_class", 
   "item.i_category", 
   "inventory.inv_quantity_on_hand"
  ], 
  "Plan Width": 820, 
  "Total Cost": 30.26
 }, 
 {
  "Partial Mode": "Simple", 
  "Startup Cost": 30.25, 
  "filename": "plans/query22.json", 
  "plan_id": 367, 
  "Plans": [
   368
  ], 
  "Grouping Sets": [
   {
    "Group Keys": [
     [
      "item.i_product_name", 
      "item.i_brand", 
      "item.i_class", 
      "item.i_category"
     ], 
     [
      "item.i_product_name", 
      "item.i_brand", 
      "item.i_class"
     ], 
     [
      "item.i_product_name", 
      "item.i_brand"
     ], 
     [
      "item.i_product_name"
     ], 
     []
    ]
   }
  ], 
  "Node Type": "Aggregate", 
  "Strategy": "Sorted", 
  "Plan Rows": 5, 
  "Parallel Aware": false, 
  "Parent Relationship": "Outer", 
  "Output": [
   "item.i_product_name", 
   "item.i_brand", 
   "item.i_class", 
   "item.i_category", 
   "avg(inventory.inv_quantity_on_hand)"
  ], 
  "Plan Width": 848, 
  "Total Cost": 30.33
 }, 
 {
  "Startup Cost": 30.39, 
  "plan_id": 366, 
  "Plans": [
   367
  ], 
  "Sort Key": [
   "(avg(inventory.inv_quantity_on_hand))", 
   "item.i_product_name", 
   "item.i_brand", 
   "item.i_class", 
   "item.i_category"
  ], 
  "Plan Rows": 5, 
  "Node Type": "Sort", 
  "filename": "plans/query22.json", 
  "Parallel Aware": false, 
  "Parent Relationship": "Outer", 
  "Output": [
   "item.i_product_name", 
   "item.i_brand", 
   "item.i_class", 
   "item.i_category", 
   "(avg(inventory.inv_quantity_on_hand))"
  ], 
  "Plan Width": 848, 
  "Total Cost": 30.4
 }, 
 {
  "Startup Cost": 30.39, 
  "plan_id": 365, 
  "Plans": [
   366
  ], 
  "Plan Rows": 5, 
  "Node Type": "Limit", 
  "filename": "plans/query22.json", 
  "Parallel Aware": false, 
  "Output": [
   "item.i_product_name", 
   "item.i_brand", 
   "item.i_class", 
   "item.i_category", 
   "(avg(inventory.inv_quantity_on_hand))"
  ], 
  "Plan Width": 848, 
  "Total Cost": 30.4
 }, 
 {
  "Relation Name": "date_dim", 
  "Startup Cost": 0.0, 
  "plan_id": 382, 
  "Node Type": "Seq Scan", 
  "Plan Rows": 5, 
  "Filter": "(date_dim_2.d_year = ANY ('{1998,1999,2000,2001}'::integer[]))", 
  "Alias": "date_dim_2", 
  "filename": "plans/query23.json", 
  "Schema": "pg_temp_2", 
  "Parallel Aware": false, 
  "Parent Relationship": "Outer", 
  "Output": [
   "date_dim_2.d_date", 
   "date_dim_2.d_date_sk"
  ], 
  "Plan Width": 8, 
  "Total Cost": 14.05
 }, 
 {
  "Startup Cost": 0.0, 
  "plan_id": 380, 
  "Node Type": "Seq Scan", 
  "Plan Rows": 340, 
  "Relation Name": "store_sales", 
  "Alias": "store_sales", 
  "filename": "plans/query23.json", 
  "Schema": "pg_temp_2", 
  "Parallel Aware": false, 
  "Parent Relationship": "Outer", 
  "Output": [
   "store_sales.ss_sold_date_sk", 
   "store_sales.ss_sold_time_sk", 
   "store_sales.ss_item_sk", 
   "store_sales.ss_customer_sk", 
   "store_sales.ss_cdemo_sk", 
   "store_sales.ss_hdemo_sk", 
   "store_sales.ss_addr_sk", 
   "store_sales.ss_store_sk", 
   "store_sales.ss_promo_sk", 
   "store_sales.ss_ticket_number", 
   "store_sales.ss_quantity", 
   "store_sales.ss_wholesale_cost", 
   "store_sales.ss_list_price", 
   "store_sales.ss_sales_price", 
   "store_sales.ss_ext_discount_amt", 
   "store_sales.ss_ext_sales_price", 
   "store_sales.ss_ext_wholesale_cost", 
   "store_sales.ss_ext_list_price", 
   "store_sales.ss_ext_tax", 
   "store_sales.ss_coupon_amt", 
   "store_sales.ss_net_paid", 
   "store_sales.ss_net_paid_inc_tax", 
   "store_sales.ss_net_profit"
  ], 
  "Plan Width": 8, 
  "Total Cost": 13.4
 }, 
 {
  "Startup Cost": 14.05, 
  "plan_id": 381, 
  "Plans": [
   382
  ], 
  "Plan Rows": 5, 
  "Node Type": "Hash", 
  "filename": "plans/query23.json", 
  "Parallel Aware": false, 
  "Parent Relationship": "Inner", 
  "Output": [
   "date_dim_2.d_date", 
   "date_dim_2.d_date_sk"
  ], 
  "Plan Width": 8, 
  "Total Cost": 14.05
 }, 
 {
  "Startup Cost": 14.11, 
  "Plan Width": 8, 
  "plan_id": 379, 
  "Plans": [
   380, 
   381
  ], 
  "Plan Rows": 6, 
  "Node Type": "Hash Join", 
  "Join Type": "Inner", 
  "filename": "plans/query23.json", 
  "Parallel Aware": false, 
  "Output": [
   "store_sales.ss_item_sk", 
   "date_dim_2.d_date"
  ], 
  "Hash Cond": "(store_sales.ss_sold_date_sk = date_dim_2.d_date_sk)", 
  "Parent Relationship": "Outer", 
  "Total Cost": 28.85
 }, 
 {
  "Startup Cost": 0.14, 
  "filename": "plans/query23.json", 
  "plan_id": 383, 
  "Scan Direction": "Forward", 
  "Index Cond": "(item.i_item_sk = store_sales.ss_item_sk)", 
  "Node Type": "Index Scan", 
  "Relation Name": "item", 
  "Alias": "item", 
  "Plan Rows": 1, 
  "Schema": "pg_temp_2", 
  "Parallel Aware": false, 
  "Parent Relationship": "Inner", 
  "Output": [
   "item.i_item_sk", 
   "item.i_item_id", 
   "item.i_rec_start_date", 
   "item.i_rec_end_date", 
   "item.i_item_desc", 
   "item.i_current_price", 
   "item.i_wholesale_cost", 
   "item.i_brand_id", 
   "item.i_brand", 
   "item.i_class_id", 
   "item.i_class", 
   "item.i_category_id", 
   "item.i_category", 
   "item.i_manufact_id", 
   "item.i_manufact", 
   "item.i_size", 
   "item.i_formulation", 
   "item.i_color", 
   "item.i_units", 
   "item.i_container", 
   "item.i_manager_id", 
   "item.i_product_name"
  ], 
  "Index Name": "item_pkey", 
  "Plan Width": 422, 
  "Total Cost": 0.29
 }, 
 {
  "Startup Cost": 14.25, 
  "plan_id": 378, 
  "Plans": [
   379, 
   383
  ], 
  "Plan Rows": 1, 
  "Node Type": "Nested Loop", 
  "Join Type": "Inner", 
  "filename": "plans/query23.json", 
  "Parallel Aware": false, 
  "Parent Relationship": "Outer", 
  "Output": [
   "substr((item.i_item_desc)::text, 1, 30)", 
   "item.i_item_sk", 
   "date_dim_2.d_date"
  ], 
  "Plan Width": 40, 
  "Total Cost": 30.63
 }, 
 {
  "Startup Cost": 30.64, 
  "plan_id": 377, 
  "Plans": [
   378
  ], 
  "Sort Key": [
   "(substr((item.i_item_desc)::text, 1, 30))", 
   "item.i_item_sk", 
   "date_dim_2.d_date"
  ], 
  "Plan Rows": 1, 
  "Node Type": "Sort", 
  "filename": "plans/query23.json", 
  "Parallel Aware": false, 
  "Parent Relationship": "Outer", 
  "Output": [
   "(substr((item.i_item_desc)::text, 1, 30))", 
   "item.i_item_sk", 
   "date_dim_2.d_date"
  ], 
  "Plan Width": 40, 
  "Total Cost": 30.65
 }, 
 {
  "Relation Name": "date_dim", 
  "Startup Cost": 0.0, 
  "plan_id": 391, 
  "Node Type": "Seq Scan", 
  "Plan Rows": 5, 
  "Filter": "(date_dim_3.d_year = ANY ('{1998,1999,2000,2001}'::integer[]))", 
  "Alias": "date_dim_3", 
  "filename": "plans/query23.json", 
  "Schema": "pg_temp_2", 
  "Parallel Aware": false, 
  "Parent Relationship": "Outer", 
  "Output": [
   "date_dim_3.d_date_sk"
  ], 
  "Plan Width": 4, 
  "Total Cost": 14.05
 }, 
 {
  "Startup Cost": 0.0, 
  "plan_id": 389, 
  "Node Type": "Seq Scan", 
  "Plan Rows": 340, 
  "Relation Name": "store_sales", 
  "Alias": "store_sales_1", 
  "filename": "plans/query23.json", 
  "Schema": "pg_temp_2", 
  "Parallel Aware": false, 
  "Parent Relationship": "Outer", 
  "Output": [
   "store_sales_1.ss_sold_date_sk", 
   "store_sales_1.ss_sold_time_sk", 
   "store_sales_1.ss_item_sk", 
   "store_sales_1.ss_customer_sk", 
   "store_sales_1.ss_cdemo_sk", 
   "store_sales_1.ss_hdemo_sk", 
   "store_sales_1.ss_addr_sk", 
   "store_sales_1.ss_store_sk", 
   "store_sales_1.ss_promo_sk", 
   "store_sales_1.ss_ticket_number", 
   "store_sales_1.ss_quantity", 
   "store_sales_1.ss_wholesale_cost", 
   "store_sales_1.ss_list_price", 
   "store_sales_1.ss_sales_price", 
   "store_sales_1.ss_ext_discount_amt", 
   "store_sales_1.ss_ext_sales_price", 
   "store_sales_1.ss_ext_wholesale_cost", 
   "store_sales_1.ss_ext_list_price", 
   "store_sales_1.ss_ext_tax", 
   "store_sales_1.ss_coupon_amt", 
   "store_sales_1.ss_net_paid", 
   "store_sales_1.ss_net_paid_inc_tax", 
   "store_sales_1.ss_net_profit"
  ], 
  "Plan Width": 26, 
  "Total Cost": 13.4
 }, 
 {
  "Startup Cost": 14.05, 
  "plan_id": 390, 
  "Plans": [
   391
  ], 
  "Plan Rows": 5, 
  "Node Type": "Hash", 
  "filename": "plans/query23.json", 
  "Parallel Aware": false, 
  "Parent Relationship": "Inner", 
  "Output": [
   "date_dim_3.d_date_sk"
  ], 
  "Plan Width": 4, 
  "Total Cost": 14.05
 }, 
 {
  "Startup Cost": 14.11, 
  "Plan Width": 22, 
  "plan_id": 388, 
  "Plans": [
   389, 
   390
  ], 
  "Plan Rows": 6, 
  "Node Type": "Hash Join", 
  "Join Type": "Inner", 
  "filename": "plans/query23.json", 
  "Parallel Aware": false, 
  "Output": [
   "store_sales_1.ss_quantity", 
   "store_sales_1.ss_sales_price", 
   "store_sales_1.ss_customer_sk"
  ], 
  "Hash Cond": "(store_sales_1.ss_sold_date_sk = date_dim_3.d_date_sk)", 
  "Parent Relationship": "Outer", 
  "Total Cost": 28.85
 }, 
 {
  "Startup Cost": 0.14, 
  "filename": "plans/query23.json", 
  "plan_id": 392, 
  "Scan Direction": "Forward", 
  "Index Cond": "(customer.c_customer_sk = store_sales_1.ss_customer_sk)", 
  "Node Type": "Index Only Scan", 
  "Relation Name": "customer", 
  "Alias": "customer", 
  "Plan Rows": 1, 
  "Schema": "pg_temp_2", 
  "Parallel Aware": false, 
  "Parent Relationship": "Inner", 
  "Output": [
   "customer.c_customer_sk"
  ], 
  "Index Name": "customer_pkey", 
  "Plan Width": 4, 
  "Total Cost": 0.29
 }, 
 {
  "Startup Cost": 14.26, 
  "plan_id": 387, 
  "Plans": [
   388, 
   392
  ], 
  "Plan Rows": 3, 
  "Node Type": "Nested Loop", 
  "Join Type": "Inner", 
  "filename": "plans/query23.json", 
  "Parallel Aware": false, 
  "Parent Relationship": "Outer", 
  "Output": [
   "customer.c_customer_sk", 
   "store_sales_1.ss_quantity", 
   "store_sales_1.ss_sales_price"
  ], 
  "Plan Width": 22, 
  "Total Cost": 30.64
 }, 
 {
  "Startup Cost": 30.67, 
  "plan_id": 386, 
  "Plans": [
   387
  ], 
  "Sort Key": [
   "customer.c_customer_sk"
  ], 
  "Plan Rows": 3, 
  "Node Type": "Sort", 
  "filename": "plans/query23.json", 
  "Parallel Aware": false, 
  "Parent Relationship": "Outer", 
  "Output": [
   "customer.c_customer_sk", 
   "store_sales_1.ss_quantity", 
   "store_sales_1.ss_sales_price"
  ], 
  "Plan Width": 22, 
  "Total Cost": 30.68
 }, 
 {
  "Partial Mode": "Simple", 
  "Startup Cost": 30.67, 
  "Plan Width": 36, 
  "plan_id": 385, 
  "Plans": [
   386
  ], 
  "filename": "plans/query23.json", 
  "Node Type": "Aggregate", 
  "Strategy": "Sorted", 
  "Plan Rows": 3, 
  "Parallel Aware": false, 
  "Output": [
   "customer.c_customer_sk", 
   "sum(((store_sales_1.ss_quantity)::numeric * store_sales_1.ss_sales_price))"
  ], 
  "Group Key": [
   "customer.c_customer_sk"
  ], 
  "Parent Relationship": "Outer", 
  "Total Cost": 30.74
 }, 
 {
  "Startup Cost": 0.0, 
  "plan_id": 398, 
  "Node Type": "Seq Scan", 
  "Plan Rows": 100, 
  "Relation Name": "customer", 
  "Alias": "customer_1", 
  "filename": "plans/query23.json", 
  "Schema": "pg_temp_2", 
  "Parallel Aware": false, 
  "Parent Relationship": "Outer", 
  "Output": [
   "customer_1.c_customer_sk"
  ], 
  "Plan Width": 4, 
  "Total Cost": 11.0
 }, 
 {
  "Startup Cost": 0.0, 
  "plan_id": 396, 
  "Node Type": "Seq Scan", 
  "Plan Rows": 340, 
  "Relation Name": "store_sales", 
  "Alias": "store_sales_2", 
  "filename": "plans/query23.json", 
  "Schema": "pg_temp_2", 
  "Parallel Aware": false, 
  "Parent Relationship": "Outer", 
  "Output": [
   "store_sales_2.ss_sold_date_sk", 
   "store_sales_2.ss_sold_time_sk", 
   "store_sales_2.ss_item_sk", 
   "store_sales_2.ss_customer_sk", 
   "store_sales_2.ss_cdemo_sk", 
   "store_sales_2.ss_hdemo_sk", 
   "store_sales_2.ss_addr_sk", 
   "store_sales_2.ss_store_sk", 
   "store_sales_2.ss_promo_sk", 
   "store_sales_2.ss_ticket_number", 
   "store_sales_2.ss_quantity", 
   "store_sales_2.ss_wholesale_cost", 
   "store_sales_2.ss_list_price", 
   "store_sales_2.ss_sales_price", 
   "store_sales_2.ss_ext_discount_amt", 
   "store_sales_2.ss_ext_sales_price", 
   "store_sales_2.ss_ext_wholesale_cost", 
   "store_sales_2.ss_ext_list_price", 
   "store_sales_2.ss_ext_tax", 
   "store_sales_2.ss_coupon_amt", 
   "store_sales_2.ss_net_paid", 
   "store_sales_2.ss_net_paid_inc_tax", 
   "store_sales_2.ss_net_profit"
  ], 
  "Plan Width": 22, 
  "Total Cost": 13.4
 }, 
 {
  "Startup Cost": 11.0, 
  "plan_id": 397, 
  "Plans": [
   398
  ], 
  "Plan Rows": 100, 
  "Node Type": "Hash", 
  "filename": "plans/query23.json", 
  "Parallel Aware": false, 
  "Parent Relationship": "Inner", 
  "Output": [
   "customer_1.c_customer_sk"
  ], 
  "Plan Width": 4, 
  "Total Cost": 11.0
 }, 
 {
  "Startup Cost": 0.0, 
  "plan_id": 394, 
  "CTE Name": "max_store_sales", 
  "Node Type": "CTE Scan", 
  "Plan Rows": 1, 
  "Alias": "max_store_sales", 
  "filename": "plans/query23.json", 
  "Parallel Aware": false, 
  "Parent Relationship": "InitPlan", 
  "Output": [
   "max_store_sales.tpcds_cmax"
  ], 
  "Plan Width": 32, 
  "Subplan Name": "InitPlan 3 (returns $4)", 
  "Total Cost": 0.02
 }, 
 {
  "Startup Cost": 12.25, 
  "Plan Width": 22, 
  "plan_id": 395, 
  "Plans": [
   396, 
   397
  ], 
  "Plan Rows": 170, 
  "Node Type": "Hash Join", 
  "Join Type": "Inner", 
  "filename": "plans/query23.json", 
  "Parallel Aware": false, 
  "Output": [
   "customer_1.c_customer_sk", 
   "store_sales_2.ss_quantity", 
   "store_sales_2.ss_sales_price"
  ], 
  "Hash Cond": "(store_sales_2.ss_customer_sk = customer_1.c_customer_sk)", 
  "Parent Relationship": "Outer", 
  "Total Cost": 28.62
 }, 
 {
  "Startup Cost": 0.0, 
  "plan_id": 405, 
  "CTE Name": "frequent_ss_items", 
  "Node Type": "CTE Scan", 
  "Plan Rows": 1, 
  "Alias": "frequent_ss_items", 
  "filename": "plans/query23.json", 
  "Parallel Aware": false, 
  "Parent Relationship": "Outer", 
  "Output": [
   "frequent_ss_items.itemdesc", 
   "frequent_ss_items.item_sk", 
   "frequent_ss_items.solddate", 
   "frequent_ss_items.cnt"
  ], 
  "Plan Width": 4, 
  "Total Cost": 0.02
 }, 
 {
  "Partial Mode": "Simple", 
  "Startup Cost": 0.02, 
  "Plan Width": 4, 
  "plan_id": 404, 
  "Plans": [
   405
  ], 
  "filename": "plans/query23.json", 
  "Node Type": "Aggregate", 
  "Strategy": "Hashed", 
  "Plan Rows": 1, 
  "Parallel Aware": false, 
  "Output": [
   "frequent_ss_items.item_sk"
  ], 
  "Group Key": [
   "frequent_ss_items.item_sk"
  ], 
  "Parent Relationship": "Outer", 
  "Total Cost": 0.03
 }, 
 {
  "Startup Cost": 0.15, 
  "filename": "plans/query23.json", 
  "plan_id": 406, 
  "Scan Direction": "Forward", 
  "Index Cond": "(catalog_sales.cs_item_sk = frequent_ss_items.item_sk)", 
  "Node Type": "Index Scan", 
  "Relation Name": "catalog_sales", 
  "Alias": "catalog_sales", 
  "Plan Rows": 1, 
  "Schema": "pg_temp_2", 
  "Parallel Aware": false, 
  "Parent Relationship": "Inner", 
  "Output": [
   "catalog_sales.cs_sold_date_sk", 
   "catalog_sales.cs_sold_time_sk", 
   "catalog_sales.cs_ship_date_sk", 
   "catalog_sales.cs_bill_customer_sk", 
   "catalog_sales.cs_bill_cdemo_sk", 
   "catalog_sales.cs_bill_hdemo_sk", 
   "catalog_sales.cs_bill_addr_sk", 
   "catalog_sales.cs_ship_customer_sk", 
   "catalog_sales.cs_ship_cdemo_sk", 
   "catalog_sales.cs_ship_hdemo_sk", 
   "catalog_sales.cs_ship_addr_sk", 
   "catalog_sales.cs_call_center_sk", 
   "catalog_sales.cs_catalog_page_sk", 
   "catalog_sales.cs_ship_mode_sk", 
   "catalog_sales.cs_warehouse_sk", 
   "catalog_sales.cs_item_sk", 
   "catalog_sales.cs_promo_sk", 
   "catalog_sales.cs_order_number", 
   "catalog_sales.cs_quantity", 
   "catalog_sales.cs_wholesale_cost", 
   "catalog_sales.cs_list_price", 
   "catalog_sales.cs_sales_price", 
   "catalog_sales.cs_ext_discount_amt", 
   "catalog_sales.cs_ext_sales_price", 
   "catalog_sales.cs_ext_wholesale_cost", 
   "catalog_sales.cs_ext_list_price", 
   "catalog_sales.cs_ext_tax", 
   "catalog_sales.cs_coupon_amt", 
   "catalog_sales.cs_ext_ship_cost", 
   "catalog_sales.cs_net_paid", 
   "catalog_sales.cs_net_paid_inc_tax", 
   "catalog_sales.cs_net_paid_inc_ship", 
   "catalog_sales.cs_net_paid_inc_ship_tax", 
   "catalog_sales.cs_net_profit"
  ], 
  "Index Name": "catalog_sales_pkey", 
  "Plan Width": 30, 
  "Total Cost": 8.17
 }, 
 {
  "Relation Name": "date_dim", 
  "Startup Cost": 0.0, 
  "plan_id": 408, 
  "Node Type": "Seq Scan", 
  "Plan Rows": 1, 
  "Filter": "((date_dim.d_year = 1998) AND (date_dim.d_moy = 2))", 
  "Alias": "date_dim", 
  "filename": "plans/query23.json", 
  "Schema": "pg_temp_2", 
  "Parallel Aware": false, 
  "Parent Relationship": "Outer", 
  "Output": [
   "date_dim.d_date_sk"
  ], 
  "Plan Width": 4, 
  "Total Cost": 14.05
 }, 
 {
  "Startup Cost": 0.17, 
  "plan_id": 403, 
  "Plans": [
   404, 
   406
  ], 
  "Plan Rows": 130, 
  "Node Type": "Nested Loop", 
  "Join Type": "Inner", 
  "filename": "plans/query23.json", 
  "Parallel Aware": false, 
  "Parent Relationship": "Outer", 
  "Output": [
   "catalog_sales.cs_quantity", 
   "catalog_sales.cs_list_price", 
   "catalog_sales.cs_sold_date_sk", 
   "catalog_sales.cs_bill_customer_sk"
  ], 
  "Plan Width": 26, 
  "Total Cost": 8.21
 }, 
 {
  "Startup Cost": 14.05, 
  "plan_id": 407, 
  "Plans": [
   408
  ], 
  "Plan Rows": 1, 
  "Node Type": "Hash", 
  "filename": "plans/query23.json", 
  "Parallel Aware": false, 
  "Parent Relationship": "Inner", 
  "Output": [
   "date_dim.d_date_sk"
  ], 
  "Plan Width": 4, 
  "Total Cost": 14.05
 }, 
 {
  "Startup Cost": 0.0, 
  "plan_id": 410, 
  "CTE Name": "best_ss_customer", 
  "Node Type": "CTE Scan", 
  "Plan Rows": 100, 
  "Alias": "best_ss_customer", 
  "filename": "plans/query23.json", 
  "Parallel Aware": false, 
  "Parent Relationship": "Outer", 
  "Output": [
   "best_ss_customer.c_customer_sk"
  ], 
  "Plan Width": 4, 
  "Total Cost": 2.0
 }, 
 {
  "Startup Cost": 14.23, 
  "Plan Width": 22, 
  "plan_id": 402, 
  "Plans": [
   403, 
   407
  ], 
  "Plan Rows": 1, 
  "Node Type": "Hash Join", 
  "Join Type": "Inner", 
  "filename": "plans/query23.json", 
  "Parallel Aware": false, 
  "Output": [
   "catalog_sales.cs_quantity", 
   "catalog_sales.cs_list_price", 
   "catalog_sales.cs_bill_customer_sk"
  ], 
  "Hash Cond": "(catalog_sales.cs_sold_date_sk = date_dim.d_date_sk)", 
  "Parent Relationship": "Outer", 
  "Total Cost": 22.77
 }, 
 {
  "Startup Cost": 2.0, 
  "plan_id": 409, 
  "Plans": [
   410
  ], 
  "Plan Rows": 100, 
  "Node Type": "Hash", 
  "filename": "plans/query23.json", 
  "Parallel Aware": false, 
  "Parent Relationship": "Inner", 
  "Output": [
   "best_ss_customer.c_customer_sk"
  ], 
  "Plan Width": 4, 
  "Total Cost": 2.0
 }, 
 {
  "Startup Cost": 0.0, 
  "plan_id": 415, 
  "CTE Name": "frequent_ss_items", 
  "Node Type": "CTE Scan", 
  "Plan Rows": 1, 
  "Alias": "frequent_ss_items_1", 
  "filename": "plans/query23.json", 
  "Parallel Aware": false, 
  "Parent Relationship": "Outer", 
  "Output": [
   "frequent_ss_items_1.itemdesc", 
   "frequent_ss_items_1.item_sk", 
   "frequent_ss_items_1.solddate", 
   "frequent_ss_items_1.cnt"
  ], 
  "Plan Width": 4, 
  "Total Cost": 0.02
 }, 
 {
  "Partial Mode": "Simple", 
  "Startup Cost": 0.02, 
  "Plan Width": 4, 
  "plan_id": 414, 
  "Plans": [
   415
  ], 
  "filename": "plans/query23.json", 
  "Node Type": "Aggregate", 
  "Strategy": "Hashed", 
  "Plan Rows": 1, 
  "Parallel Aware": false, 
  "Output": [
   "frequent_ss_items_1.item_sk"
  ], 
  "Group Key": [
   "frequent_ss_items_1.item_sk"
  ], 
  "Parent Relationship": "Outer", 
  "Total Cost": 0.03
 }, 
 {
  "Startup Cost": 0.15, 
  "filename": "plans/query23.json", 
  "plan_id": 416, 
  "Scan Direction": "Forward", 
  "Index Cond": "(web_sales.ws_item_sk = frequent_ss_items_1.item_sk)", 
  "Node Type": "Index Scan", 
  "Relation Name": "web_sales", 
  "Alias": "web_sales", 
  "Plan Rows": 1, 
  "Schema": "pg_temp_2", 
  "Parallel Aware": false, 
  "Parent Relationship": "Inner", 
  "Output": [
   "web_sales.ws_sold_date_sk", 
   "web_sales.ws_sold_time_sk", 
   "web_sales.ws_ship_date_sk", 
   "web_sales.ws_item_sk", 
   "web_sales.ws_bill_customer_sk", 
   "web_sales.ws_bill_cdemo_sk", 
   "web_sales.ws_bill_hdemo_sk", 
   "web_sales.ws_bill_addr_sk", 
   "web_sales.ws_ship_customer_sk", 
   "web_sales.ws_ship_cdemo_sk", 
   "web_sales.ws_ship_hdemo_sk", 
   "web_sales.ws_ship_addr_sk", 
   "web_sales.ws_web_page_sk", 
   "web_sales.ws_web_site_sk", 
   "web_sales.ws_ship_mode_sk", 
   "web_sales.ws_warehouse_sk", 
   "web_sales.ws_promo_sk", 
   "web_sales.ws_order_number", 
   "web_sales.ws_quantity", 
   "web_sales.ws_wholesale_cost", 
   "web_sales.ws_list_price", 
   "web_sales.ws_sales_price", 
   "web_sales.ws_ext_discount_amt", 
   "web_sales.ws_ext_sales_price", 
   "web_sales.ws_ext_wholesale_cost", 
   "web_sales.ws_ext_list_price", 
   "web_sales.ws_ext_tax", 
   "web_sales.ws_coupon_amt", 
   "web_sales.ws_ext_ship_cost", 
   "web_sales.ws_net_paid", 
   "web_sales.ws_net_paid_inc_tax", 
   "web_sales.ws_net_paid_inc_ship", 
   "web_sales.ws_net_paid_inc_ship_tax", 
   "web_sales.ws_net_profit"
  ], 
  "Index Name": "web_sales_pkey", 
  "Plan Width": 30, 
  "Total Cost": 8.17
 }, 
 {
  "Relation Name": "date_dim", 
  "Startup Cost": 0.0, 
  "plan_id": 418, 
  "Node Type": "Seq Scan", 
  "Plan Rows": 1, 
  "Filter": "((date_dim_1.d_year = 1998) AND (date_dim_1.d_moy = 2))", 
  "Alias": "date_dim_1", 
  "filename": "plans/query23.json", 
  "Schema": "pg_temp_2", 
  "Parallel Aware": false, 
  "Parent Relationship": "Outer", 
  "Output": [
   "date_dim_1.d_date_sk"
  ], 
  "Plan Width": 4, 
  "Total Cost": 14.05
 }, 
 {
  "Startup Cost": 0.17, 
  "plan_id": 413, 
  "Plans": [
   414, 
   416
  ], 
  "Plan Rows": 130, 
  "Node Type": "Nested Loop", 
  "Join Type": "Inner", 
  "filename": "plans/query23.json", 
  "Parallel Aware": false, 
  "Parent Relationship": "Outer", 
  "Output": [
   "web_sales.ws_quantity", 
   "web_sales.ws_list_price", 
   "web_sales.ws_sold_date_sk", 
   "web_sales.ws_bill_customer_sk"
  ], 
  "Plan Width": 26, 
  "Total Cost": 8.21
 }, 
 {
  "Startup Cost": 14.05, 
  "plan_id": 417, 
  "Plans": [
   418
  ], 
  "Plan Rows": 1, 
  "Node Type": "Hash", 
  "filename": "plans/query23.json", 
  "Parallel Aware": false, 
  "Parent Relationship": "Inner", 
  "Output": [
   "date_dim_1.d_date_sk"
  ], 
  "Plan Width": 4, 
  "Total Cost": 14.05
 }, 
 {
  "Startup Cost": 0.0, 
  "plan_id": 420, 
  "CTE Name": "best_ss_customer", 
  "Node Type": "CTE Scan", 
  "Plan Rows": 100, 
  "Alias": "best_ss_customer_1", 
  "filename": "plans/query23.json", 
  "Parallel Aware": false, 
  "Parent Relationship": "Outer", 
  "Output": [
   "best_ss_customer_1.c_customer_sk"
  ], 
  "Plan Width": 4, 
  "Total Cost": 2.0
 }, 
 {
  "Startup Cost": 14.23, 
  "Plan Width": 22, 
  "plan_id": 412, 
  "Plans": [
   413, 
   417
  ], 
  "Plan Rows": 1, 
  "Node Type": "Hash Join", 
  "Join Type": "Inner", 
  "filename": "plans/query23.json", 
  "Parallel Aware": false, 
  "Output": [
   "web_sales.ws_quantity", 
   "web_sales.ws_list_price", 
   "web_sales.ws_bill_customer_sk"
  ], 
  "Hash Cond": "(web_sales.ws_sold_date_sk = date_dim_1.d_date_sk)", 
  "Parent Relationship": "Outer", 
  "Total Cost": 22.77
 }, 
 {
  "Startup Cost": 2.0, 
  "plan_id": 419, 
  "Plans": [
   420
  ], 
  "Plan Rows": 100, 
  "Node Type": "Hash", 
  "filename": "plans/query23.json", 
  "Parallel Aware": false, 
  "Parent Relationship": "Inner", 
  "Output": [
   "best_ss_customer_1.c_customer_sk"
  ], 
  "Plan Width": 4, 
  "Total Cost": 2.0
 }, 
 {
  "Startup Cost": 17.48, 
  "Plan Width": 32, 
  "plan_id": 401, 
  "Plans": [
   402, 
   409
  ], 
  "Plan Rows": 1, 
  "Node Type": "Hash Join", 
  "Join Type": "Semi", 
  "filename": "plans/query23.json", 
  "Parallel Aware": false, 
  "Output": [
   "((catalog_sales.cs_quantity)::numeric * catalog_sales.cs_list_price)"
  ], 
  "Hash Cond": "(catalog_sales.cs_bill_customer_sk = best_ss_customer.c_customer_sk)", 
  "Parent Relationship": "Member", 
  "Total Cost": 26.03
 }, 
 {
  "Startup Cost": 17.48, 
  "Plan Width": 32, 
  "plan_id": 411, 
  "Plans": [
   412, 
   419
  ], 
  "Plan Rows": 1, 
  "Node Type": "Hash Join", 
  "Join Type": "Semi", 
  "filename": "plans/query23.json", 
  "Parallel Aware": false, 
  "Output": [
   "((web_sales.ws_quantity)::numeric * web_sales.ws_list_price)"
  ], 
  "Hash Cond": "(web_sales.ws_bill_customer_sk = best_ss_customer_1.c_customer_sk)", 
  "Parent Relationship": "Member", 
  "Total Cost": 26.03
 }, 
 {
  "Startup Cost": 17.48, 
  "plan_id": 400, 
  "Plans": [
   401, 
   411
  ], 
  "Plan Rows": 2, 
  "Node Type": "Append", 
  "filename": "plans/query23.json", 
  "Parallel Aware": false, 
  "Parent Relationship": "Outer", 
  "Plan Width": 32, 
  "Total Cost": 52.07
 }, 
 {
  "Partial Mode": "Simple", 
  "Startup Cost": 30.64, 
  "Plan Width": 48, 
  "plan_id": 376, 
  "Plans": [
   377
  ], 
  "filename": "plans/query23.json", 
  "Node Type": "Aggregate", 
  "Strategy": "Sorted", 
  "Filter": "(count(*) > 4)", 
  "Plan Rows": 1, 
  "Parallel Aware": false, 
  "Output": [
   "(substr((item.i_item_desc)::text, 1, 30))", 
   "item.i_item_sk", 
   "date_dim_2.d_date", 
   "count(*)"
  ], 
  "Group Key": [
   "(substr((item.i_item_desc)::text, 1, 30))", 
   "item.i_item_sk", 
   "date_dim_2.d_date"
  ], 
  "Parent Relationship": "InitPlan", 
  "Subplan Name": "CTE frequent_ss_items", 
  "Total Cost": 30.67
 }, 
 {
  "Partial Mode": "Simple", 
  "Startup Cost": 30.78, 
  "plan_id": 384, 
  "Plans": [
   385
  ], 
  "Plan Rows": 1, 
  "Strategy": "Plain", 
  "filename": "plans/query23.json", 
  "Parallel Aware": false, 
  "Parent Relationship": "InitPlan", 
  "Output": [
   "max((sum(((store_sales_1.ss_quantity)::numeric * store_sales_1.ss_sales_price))))"
  ], 
  "Plan Width": 32, 
  "Subplan Name": "CTE max_store_sales", 
  "Node Type": "Aggregate", 
  "Total Cost": 30.79
 }, 
 {
  "Partial Mode": "Simple", 
  "Startup Cost": 31.62, 
  "Plan Width": 36, 
  "plan_id": 393, 
  "Plans": [
   394, 
   395
  ], 
  "filename": "plans/query23.json", 
  "Node Type": "Aggregate", 
  "Strategy": "Hashed", 
  "Filter": "(sum(((store_sales_2.ss_quantity)::numeric * store_sales_2.ss_sales_price)) > (0.95000000000000000000 * $4))", 
  "Plan Rows": 100, 
  "Parallel Aware": false, 
  "Output": [
   "customer_1.c_customer_sk", 
   "sum(((store_sales_2.ss_quantity)::numeric * store_sales_2.ss_sales_price))"
  ], 
  "Group Key": [
   "customer_1.c_customer_sk"
  ], 
  "Parent Relationship": "InitPlan", 
  "Subplan Name": "CTE best_ss_customer", 
  "Total Cost": 33.12
 }, 
 {
  "Partial Mode": "Simple", 
  "Startup Cost": 52.08, 
  "plan_id": 399, 
  "Plans": [
   400
  ], 
  "Plan Rows": 1, 
  "Strategy": "Plain", 
  "filename": "plans/query23.json", 
  "Parallel Aware": false, 
  "Parent Relationship": "Outer", 
  "Output": [
   "sum((((catalog_sales.cs_quantity)::numeric * catalog_sales.cs_list_price)))"
  ], 
  "Plan Width": 32, 
  "Node Type": "Aggregate", 
  "Total Cost": 52.09
 }, 
 {
  "Startup Cost": 146.66, 
  "plan_id": 375, 
  "Plans": [
   376, 
   384, 
   393, 
   399
  ], 
  "Plan Rows": 1, 
  "Node Type": "Limit", 
  "filename": "plans/query23.json", 
  "Parallel Aware": false, 
  "Output": [
   "(sum((((catalog_sales.cs_quantity)::numeric * catalog_sales.cs_list_price))))"
  ], 
  "Plan Width": 32, 
  "Total Cost": 146.67
 }, 
 {
  "Relation Name": "date_dim", 
  "Startup Cost": 0.0, 
  "plan_id": 428, 
  "Node Type": "Seq Scan", 
  "Plan Rows": 5, 
  "Filter": "(date_dim_2.d_year = ANY ('{1998,1999,2000,2001}'::integer[]))", 
  "Alias": "date_dim_2", 
  "filename": "plans/query23a.json", 
  "Schema": "pg_temp_2", 
  "Parallel Aware": false, 
  "Parent Relationship": "Outer", 
  "Output": [
   "date_dim_2.d_date", 
   "date_dim_2.d_date_sk"
  ], 
  "Plan Width": 8, 
  "Total Cost": 14.05
 }, 
 {
  "Startup Cost": 0.0, 
  "plan_id": 426, 
  "Node Type": "Seq Scan", 
  "Plan Rows": 340, 
  "Relation Name": "store_sales", 
  "Alias": "store_sales", 
  "filename": "plans/query23a.json", 
  "Schema": "pg_temp_2", 
  "Parallel Aware": false, 
  "Parent Relationship": "Outer", 
  "Output": [
   "store_sales.ss_sold_date_sk", 
   "store_sales.ss_sold_time_sk", 
   "store_sales.ss_item_sk", 
   "store_sales.ss_customer_sk", 
   "store_sales.ss_cdemo_sk", 
   "store_sales.ss_hdemo_sk", 
   "store_sales.ss_addr_sk", 
   "store_sales.ss_store_sk", 
   "store_sales.ss_promo_sk", 
   "store_sales.ss_ticket_number", 
   "store_sales.ss_quantity", 
   "store_sales.ss_wholesale_cost", 
   "store_sales.ss_list_price", 
   "store_sales.ss_sales_price", 
   "store_sales.ss_ext_discount_amt", 
   "store_sales.ss_ext_sales_price", 
   "store_sales.ss_ext_wholesale_cost", 
   "store_sales.ss_ext_list_price", 
   "store_sales.ss_ext_tax", 
   "store_sales.ss_coupon_amt", 
   "store_sales.ss_net_paid", 
   "store_sales.ss_net_paid_inc_tax", 
   "store_sales.ss_net_profit"
  ], 
  "Plan Width": 8, 
  "Total Cost": 13.4
 }, 
 {
  "Startup Cost": 14.05, 
  "plan_id": 427, 
  "Plans": [
   428
  ], 
  "Plan Rows": 5, 
  "Node Type": "Hash", 
  "filename": "plans/query23a.json", 
  "Parallel Aware": false, 
  "Parent Relationship": "Inner", 
  "Output": [
   "date_dim_2.d_date", 
   "date_dim_2.d_date_sk"
  ], 
  "Plan Width": 8, 
  "Total Cost": 14.05
 }, 
 {
  "Startup Cost": 14.11, 
  "Plan Width": 8, 
  "plan_id": 425, 
  "Plans": [
   426, 
   427
  ], 
  "Plan Rows": 6, 
  "Node Type": "Hash Join", 
  "Join Type": "Inner", 
  "filename": "plans/query23a.json", 
  "Parallel Aware": false, 
  "Output": [
   "store_sales.ss_item_sk", 
   "date_dim_2.d_date"
  ], 
  "Hash Cond": "(store_sales.ss_sold_date_sk = date_dim_2.d_date_sk)", 
  "Parent Relationship": "Outer", 
  "Total Cost": 28.85
 }, 
 {
  "Startup Cost": 0.14, 
  "filename": "plans/query23a.json", 
  "plan_id": 429, 
  "Scan Direction": "Forward", 
  "Index Cond": "(item.i_item_sk = store_sales.ss_item_sk)", 
  "Node Type": "Index Scan", 
  "Relation Name": "item", 
  "Alias": "item", 
  "Plan Rows": 1, 
  "Schema": "pg_temp_2", 
  "Parallel Aware": false, 
  "Parent Relationship": "Inner", 
  "Output": [
   "item.i_item_sk", 
   "item.i_item_id", 
   "item.i_rec_start_date", 
   "item.i_rec_end_date", 
   "item.i_item_desc", 
   "item.i_current_price", 
   "item.i_wholesale_cost", 
   "item.i_brand_id", 
   "item.i_brand", 
   "item.i_class_id", 
   "item.i_class", 
   "item.i_category_id", 
   "item.i_category", 
   "item.i_manufact_id", 
   "item.i_manufact", 
   "item.i_size", 
   "item.i_formulation", 
   "item.i_color", 
   "item.i_units", 
   "item.i_container", 
   "item.i_manager_id", 
   "item.i_product_name"
  ], 
  "Index Name": "item_pkey", 
  "Plan Width": 422, 
  "Total Cost": 0.29
 }, 
 {
  "Startup Cost": 14.25, 
  "plan_id": 424, 
  "Plans": [
   425, 
   429
  ], 
  "Plan Rows": 1, 
  "Node Type": "Nested Loop", 
  "Join Type": "Inner", 
  "filename": "plans/query23a.json", 
  "Parallel Aware": false, 
  "Parent Relationship": "Outer", 
  "Output": [
   "substr((item.i_item_desc)::text, 1, 30)", 
   "item.i_item_sk", 
   "date_dim_2.d_date"
  ], 
  "Plan Width": 40, 
  "Total Cost": 30.63
 }, 
 {
  "Startup Cost": 30.64, 
  "plan_id": 423, 
  "Plans": [
   424
  ], 
  "Sort Key": [
   "(substr((item.i_item_desc)::text, 1, 30))", 
   "item.i_item_sk", 
   "date_dim_2.d_date"
  ], 
  "Plan Rows": 1, 
  "Node Type": "Sort", 
  "filename": "plans/query23a.json", 
  "Parallel Aware": false, 
  "Parent Relationship": "Outer", 
  "Output": [
   "(substr((item.i_item_desc)::text, 1, 30))", 
   "item.i_item_sk", 
   "date_dim_2.d_date"
  ], 
  "Plan Width": 40, 
  "Total Cost": 30.65
 }, 
 {
  "Relation Name": "date_dim", 
  "Startup Cost": 0.0, 
  "plan_id": 437, 
  "Node Type": "Seq Scan", 
  "Plan Rows": 5, 
  "Filter": "(date_dim_3.d_year = ANY ('{1998,1999,2000,2001}'::integer[]))", 
  "Alias": "date_dim_3", 
  "filename": "plans/query23a.json", 
  "Schema": "pg_temp_2", 
  "Parallel Aware": false, 
  "Parent Relationship": "Outer", 
  "Output": [
   "date_dim_3.d_date_sk"
  ], 
  "Plan Width": 4, 
  "Total Cost": 14.05
 }, 
 {
  "Startup Cost": 0.0, 
  "plan_id": 435, 
  "Node Type": "Seq Scan", 
  "Plan Rows": 340, 
  "Relation Name": "store_sales", 
  "Alias": "store_sales_1", 
  "filename": "plans/query23a.json", 
  "Schema": "pg_temp_2", 
  "Parallel Aware": false, 
  "Parent Relationship": "Outer", 
  "Output": [
   "store_sales_1.ss_sold_date_sk", 
   "store_sales_1.ss_sold_time_sk", 
   "store_sales_1.ss_item_sk", 
   "store_sales_1.ss_customer_sk", 
   "store_sales_1.ss_cdemo_sk", 
   "store_sales_1.ss_hdemo_sk", 
   "store_sales_1.ss_addr_sk", 
   "store_sales_1.ss_store_sk", 
   "store_sales_1.ss_promo_sk", 
   "store_sales_1.ss_ticket_number", 
   "store_sales_1.ss_quantity", 
   "store_sales_1.ss_wholesale_cost", 
   "store_sales_1.ss_list_price", 
   "store_sales_1.ss_sales_price", 
   "store_sales_1.ss_ext_discount_amt", 
   "store_sales_1.ss_ext_sales_price", 
   "store_sales_1.ss_ext_wholesale_cost", 
   "store_sales_1.ss_ext_list_price", 
   "store_sales_1.ss_ext_tax", 
   "store_sales_1.ss_coupon_amt", 
   "store_sales_1.ss_net_paid", 
   "store_sales_1.ss_net_paid_inc_tax", 
   "store_sales_1.ss_net_profit"
  ], 
  "Plan Width": 26, 
  "Total Cost": 13.4
 }, 
 {
  "Startup Cost": 14.05, 
  "plan_id": 436, 
  "Plans": [
   437
  ], 
  "Plan Rows": 5, 
  "Node Type": "Hash", 
  "filename": "plans/query23a.json", 
  "Parallel Aware": false, 
  "Parent Relationship": "Inner", 
  "Output": [
   "date_dim_3.d_date_sk"
  ], 
  "Plan Width": 4, 
  "Total Cost": 14.05
 }, 
 {
  "Startup Cost": 14.11, 
  "Plan Width": 22, 
  "plan_id": 434, 
  "Plans": [
   435, 
   436
  ], 
  "Plan Rows": 6, 
  "Node Type": "Hash Join", 
  "Join Type": "Inner", 
  "filename": "plans/query23a.json", 
  "Parallel Aware": false, 
  "Output": [
   "store_sales_1.ss_quantity", 
   "store_sales_1.ss_sales_price", 
   "store_sales_1.ss_customer_sk"
  ], 
  "Hash Cond": "(store_sales_1.ss_sold_date_sk = date_dim_3.d_date_sk)", 
  "Parent Relationship": "Outer", 
  "Total Cost": 28.85
 }, 
 {
  "Startup Cost": 0.14, 
  "filename": "plans/query23a.json", 
  "plan_id": 438, 
  "Scan Direction": "Forward", 
  "Index Cond": "(customer_2.c_customer_sk = store_sales_1.ss_customer_sk)", 
  "Node Type": "Index Only Scan", 
  "Relation Name": "customer", 
  "Alias": "customer_2", 
  "Plan Rows": 1, 
  "Schema": "pg_temp_2", 
  "Parallel Aware": false, 
  "Parent Relationship": "Inner", 
  "Output": [
   "customer_2.c_customer_sk"
  ], 
  "Index Name": "customer_pkey", 
  "Plan Width": 4, 
  "Total Cost": 0.29
 }, 
 {
  "Startup Cost": 14.26, 
  "plan_id": 433, 
  "Plans": [
   434, 
   438
  ], 
  "Plan Rows": 3, 
  "Node Type": "Nested Loop", 
  "Join Type": "Inner", 
  "filename": "plans/query23a.json", 
  "Parallel Aware": false, 
  "Parent Relationship": "Outer", 
  "Output": [
   "customer_2.c_customer_sk", 
   "store_sales_1.ss_quantity", 
   "store_sales_1.ss_sales_price"
  ], 
  "Plan Width": 22, 
  "Total Cost": 30.64
 }, 
 {
  "Startup Cost": 30.67, 
  "plan_id": 432, 
  "Plans": [
   433
  ], 
  "Sort Key": [
   "customer_2.c_customer_sk"
  ], 
  "Plan Rows": 3, 
  "Node Type": "Sort", 
  "filename": "plans/query23a.json", 
  "Parallel Aware": false, 
  "Parent Relationship": "Outer", 
  "Output": [
   "customer_2.c_customer_sk", 
   "store_sales_1.ss_quantity", 
   "store_sales_1.ss_sales_price"
  ], 
  "Plan Width": 22, 
  "Total Cost": 30.68
 }, 
 {
  "Partial Mode": "Simple", 
  "Startup Cost": 30.67, 
  "Plan Width": 36, 
  "plan_id": 431, 
  "Plans": [
   432
  ], 
  "filename": "plans/query23a.json", 
  "Node Type": "Aggregate", 
  "Strategy": "Sorted", 
  "Plan Rows": 3, 
  "Parallel Aware": false, 
  "Output": [
   "customer_2.c_customer_sk", 
   "sum(((store_sales_1.ss_quantity)::numeric * store_sales_1.ss_sales_price))"
  ], 
  "Group Key": [
   "customer_2.c_customer_sk"
  ], 
  "Parent Relationship": "Outer", 
  "Total Cost": 30.74
 }, 
 {
  "Startup Cost": 0.0, 
  "plan_id": 444, 
  "Node Type": "Seq Scan", 
  "Plan Rows": 100, 
  "Relation Name": "customer", 
  "Alias": "customer_3", 
  "filename": "plans/query23a.json", 
  "Schema": "pg_temp_2", 
  "Parallel Aware": false, 
  "Parent Relationship": "Outer", 
  "Output": [
   "customer_3.c_customer_sk"
  ], 
  "Plan Width": 4, 
  "Total Cost": 11.0
 }, 
 {
  "Startup Cost": 0.0, 
  "plan_id": 442, 
  "Node Type": "Seq Scan", 
  "Plan Rows": 340, 
  "Relation Name": "store_sales", 
  "Alias": "store_sales_2", 
  "filename": "plans/query23a.json", 
  "Schema": "pg_temp_2", 
  "Parallel Aware": false, 
  "Parent Relationship": "Outer", 
  "Output": [
   "store_sales_2.ss_sold_date_sk", 
   "store_sales_2.ss_sold_time_sk", 
   "store_sales_2.ss_item_sk", 
   "store_sales_2.ss_customer_sk", 
   "store_sales_2.ss_cdemo_sk", 
   "store_sales_2.ss_hdemo_sk", 
   "store_sales_2.ss_addr_sk", 
   "store_sales_2.ss_store_sk", 
   "store_sales_2.ss_promo_sk", 
   "store_sales_2.ss_ticket_number", 
   "store_sales_2.ss_quantity", 
   "store_sales_2.ss_wholesale_cost", 
   "store_sales_2.ss_list_price", 
   "store_sales_2.ss_sales_price", 
   "store_sales_2.ss_ext_discount_amt", 
   "store_sales_2.ss_ext_sales_price", 
   "store_sales_2.ss_ext_wholesale_cost", 
   "store_sales_2.ss_ext_list_price", 
   "store_sales_2.ss_ext_tax", 
   "store_sales_2.ss_coupon_amt", 
   "store_sales_2.ss_net_paid", 
   "store_sales_2.ss_net_paid_inc_tax", 
   "store_sales_2.ss_net_profit"
  ], 
  "Plan Width": 22, 
  "Total Cost": 13.4
 }, 
 {
  "Startup Cost": 11.0, 
  "plan_id": 443, 
  "Plans": [
   444
  ], 
  "Plan Rows": 100, 
  "Node Type": "Hash", 
  "filename": "plans/query23a.json", 
  "Parallel Aware": false, 
  "Parent Relationship": "Inner", 
  "Output": [
   "customer_3.c_customer_sk"
  ], 
  "Plan Width": 4, 
  "Total Cost": 11.0
 }, 
 {
  "Startup Cost": 0.0, 
  "plan_id": 440, 
  "CTE Name": "max_store_sales", 
  "Node Type": "CTE Scan", 
  "Plan Rows": 1, 
  "Alias": "max_store_sales", 
  "filename": "plans/query23a.json", 
  "Parallel Aware": false, 
  "Parent Relationship": "InitPlan", 
  "Output": [
   "max_store_sales.tpcds_cmax"
  ], 
  "Plan Width": 32, 
  "Subplan Name": "InitPlan 3 (returns $4)", 
  "Total Cost": 0.02
 }, 
 {
  "Startup Cost": 12.25, 
  "Plan Width": 22, 
  "plan_id": 441, 
  "Plans": [
   442, 
   443
  ], 
  "Plan Rows": 170, 
  "Node Type": "Hash Join", 
  "Join Type": "Inner", 
  "filename": "plans/query23a.json", 
  "Parallel Aware": false, 
  "Output": [
   "customer_3.c_customer_sk", 
   "store_sales_2.ss_quantity", 
   "store_sales_2.ss_sales_price"
  ], 
  "Hash Cond": "(store_sales_2.ss_customer_sk = customer_3.c_customer_sk)", 
  "Parent Relationship": "Outer", 
  "Total Cost": 28.62
 }, 
 {
  "Startup Cost": 0.0, 
  "plan_id": 454, 
  "CTE Name": "frequent_ss_items", 
  "Node Type": "CTE Scan", 
  "Plan Rows": 1, 
  "Alias": "frequent_ss_items", 
  "filename": "plans/query23a.json", 
  "Parallel Aware": false, 
  "Parent Relationship": "Outer", 
  "Output": [
   "frequent_ss_items.itemdesc", 
   "frequent_ss_items.item_sk", 
   "frequent_ss_items.solddate", 
   "frequent_ss_items.cnt"
  ], 
  "Plan Width": 4, 
  "Total Cost": 0.02
 }, 
 {
  "Partial Mode": "Simple", 
  "Startup Cost": 0.02, 
  "Plan Width": 4, 
  "plan_id": 453, 
  "Plans": [
   454
  ], 
  "filename": "plans/query23a.json", 
  "Node Type": "Aggregate", 
  "Strategy": "Hashed", 
  "Plan Rows": 1, 
  "Parallel Aware": false, 
  "Output": [
   "frequent_ss_items.item_sk"
  ], 
  "Group Key": [
   "frequent_ss_items.item_sk"
  ], 
  "Parent Relationship": "Outer", 
  "Total Cost": 0.03
 }, 
 {
  "Startup Cost": 0.15, 
  "filename": "plans/query23a.json", 
  "plan_id": 455, 
  "Scan Direction": "Forward", 
  "Index Cond": "(catalog_sales.cs_item_sk = frequent_ss_items.item_sk)", 
  "Node Type": "Index Scan", 
  "Relation Name": "catalog_sales", 
  "Alias": "catalog_sales", 
  "Plan Rows": 1, 
  "Schema": "pg_temp_2", 
  "Parallel Aware": false, 
  "Parent Relationship": "Inner", 
  "Output": [
   "catalog_sales.cs_sold_date_sk", 
   "catalog_sales.cs_sold_time_sk", 
   "catalog_sales.cs_ship_date_sk", 
   "catalog_sales.cs_bill_customer_sk", 
   "catalog_sales.cs_bill_cdemo_sk", 
   "catalog_sales.cs_bill_hdemo_sk", 
   "catalog_sales.cs_bill_addr_sk", 
   "catalog_sales.cs_ship_customer_sk", 
   "catalog_sales.cs_ship_cdemo_sk", 
   "catalog_sales.cs_ship_hdemo_sk", 
   "catalog_sales.cs_ship_addr_sk", 
   "catalog_sales.cs_call_center_sk", 
   "catalog_sales.cs_catalog_page_sk", 
   "catalog_sales.cs_ship_mode_sk", 
   "catalog_sales.cs_warehouse_sk", 
   "catalog_sales.cs_item_sk", 
   "catalog_sales.cs_promo_sk", 
   "catalog_sales.cs_order_number", 
   "catalog_sales.cs_quantity", 
   "catalog_sales.cs_wholesale_cost", 
   "catalog_sales.cs_list_price", 
   "catalog_sales.cs_sales_price", 
   "catalog_sales.cs_ext_discount_amt", 
   "catalog_sales.cs_ext_sales_price", 
   "catalog_sales.cs_ext_wholesale_cost", 
   "catalog_sales.cs_ext_list_price", 
   "catalog_sales.cs_ext_tax", 
   "catalog_sales.cs_coupon_amt", 
   "catalog_sales.cs_ext_ship_cost", 
   "catalog_sales.cs_net_paid", 
   "catalog_sales.cs_net_paid_inc_tax", 
   "catalog_sales.cs_net_paid_inc_ship", 
   "catalog_sales.cs_net_paid_inc_ship_tax", 
   "catalog_sales.cs_net_profit"
  ], 
  "Index Name": "catalog_sales_pkey", 
  "Plan Width": 30, 
  "Total Cost": 8.17
 }, 
 {
  "Relation Name": "date_dim", 
  "Startup Cost": 0.0, 
  "plan_id": 457, 
  "Node Type": "Seq Scan", 
  "Plan Rows": 1, 
  "Filter": "((date_dim.d_year = 1998) AND (date_dim.d_moy = 2))", 
  "Alias": "date_dim", 
  "filename": "plans/query23a.json", 
  "Schema": "pg_temp_2", 
  "Parallel Aware": false, 
  "Parent Relationship": "Outer", 
  "Output": [
   "date_dim.d_date_sk"
  ], 
  "Plan Width": 4, 
  "Total Cost": 14.05
 }, 
 {
  "Startup Cost": 0.17, 
  "plan_id": 452, 
  "Plans": [
   453, 
   455
  ], 
  "Plan Rows": 130, 
  "Node Type": "Nested Loop", 
  "Join Type": "Inner", 
  "filename": "plans/query23a.json", 
  "Parallel Aware": false, 
  "Parent Relationship": "Outer", 
  "Output": [
   "catalog_sales.cs_quantity", 
   "catalog_sales.cs_list_price", 
   "catalog_sales.cs_sold_date_sk", 
   "catalog_sales.cs_bill_customer_sk"
  ], 
  "Plan Width": 26, 
  "Total Cost": 8.21
 }, 
 {
  "Startup Cost": 14.05, 
  "plan_id": 456, 
  "Plans": [
   457
  ], 
  "Plan Rows": 1, 
  "Node Type": "Hash", 
  "filename": "plans/query23a.json", 
  "Parallel Aware": false, 
  "Parent Relationship": "Inner", 
  "Output": [
   "date_dim.d_date_sk"
  ], 
  "Plan Width": 4, 
  "Total Cost": 14.05
 }, 
 {
  "Startup Cost": 14.23, 
  "Plan Width": 22, 
  "plan_id": 451, 
  "Plans": [
   452, 
   456
  ], 
  "Plan Rows": 1, 
  "Node Type": "Hash Join", 
  "Join Type": "Inner", 
  "filename": "plans/query23a.json", 
  "Parallel Aware": false, 
  "Output": [
   "catalog_sales.cs_quantity", 
   "catalog_sales.cs_list_price", 
   "catalog_sales.cs_bill_customer_sk"
  ], 
  "Hash Cond": "(catalog_sales.cs_sold_date_sk = date_dim.d_date_sk)", 
  "Parent Relationship": "Outer", 
  "Total Cost": 22.77
 }, 
 {
  "Startup Cost": 0.14, 
  "filename": "plans/query23a.json", 
  "plan_id": 458, 
  "Scan Direction": "Forward", 
  "Index Cond": "(customer.c_customer_sk = catalog_sales.cs_bill_customer_sk)", 
  "Node Type": "Index Scan", 
  "Relation Name": "customer", 
  "Alias": "customer", 
  "Plan Rows": 1, 
  "Schema": "pg_temp_2", 
  "Parallel Aware": false, 
  "Parent Relationship": "Inner", 
  "Output": [
   "customer.c_customer_sk", 
   "customer.c_customer_id", 
   "customer.c_current_cdemo_sk", 
   "customer.c_current_hdemo_sk", 
   "customer.c_current_addr_sk", 
   "customer.c_first_shipto_date_sk", 
   "customer.c_first_sales_date_sk", 
   "customer.c_salutation", 
   "customer.c_first_name", 
   "customer.c_last_name", 
   "customer.c_preferred_cust_flag", 
   "customer.c_birth_day", 
   "customer.c_birth_month", 
   "customer.c_birth_year", 
   "customer.c_birth_country", 
   "customer.c_login", 
   "customer.c_email_address", 
   "customer.c_last_review_date"
  ], 
  "Index Name": "customer_pkey", 
  "Plan Width": 212, 
  "Total Cost": 0.33
 }, 
 {
  "Startup Cost": 0.0, 
  "plan_id": 460, 
  "CTE Name": "best_ss_customer", 
  "Node Type": "CTE Scan", 
  "Plan Rows": 100, 
  "Alias": "best_ss_customer", 
  "filename": "plans/query23a.json", 
  "Parallel Aware": false, 
  "Parent Relationship": "Outer", 
  "Output": [
   "best_ss_customer.c_customer_sk"
  ], 
  "Plan Width": 4, 
  "Total Cost": 2.0
 }, 
 {
  "Startup Cost": 14.38, 
  "plan_id": 450, 
  "Plans": [
   451, 
   458
  ], 
  "Plan Rows": 1, 
  "Node Type": "Nested Loop", 
  "Join Type": "Inner", 
  "filename": "plans/query23a.json", 
  "Parallel Aware": false, 
  "Parent Relationship": "Outer", 
  "Output": [
   "catalog_sales.cs_quantity", 
   "catalog_sales.cs_list_price", 
   "catalog_sales.cs_bill_customer_sk", 
   "customer.c_last_name", 
   "customer.c_first_name", 
   "customer.c_customer_sk"
  ], 
  "Plan Width": 234, 
  "Total Cost": 23.11
 }, 
 {
  "Startup Cost": 2.0, 
  "plan_id": 459, 
  "Plans": [
   460
  ], 
  "Plan Rows": 100, 
  "Node Type": "Hash", 
  "filename": "plans/query23a.json", 
  "Parallel Aware": false, 
  "Parent Relationship": "Inner", 
  "Output": [
   "best_ss_customer.c_customer_sk"
  ], 
  "Plan Width": 4, 
  "Total Cost": 2.0
 }, 
 {
  "Startup Cost": 17.62, 
  "Plan Width": 226, 
  "plan_id": 449, 
  "Plans": [
   450, 
   459
  ], 
  "Plan Rows": 1, 
  "Node Type": "Hash Join", 
  "Join Type": "Semi", 
  "filename": "plans/query23a.json", 
  "Parallel Aware": false, 
  "Output": [
   "customer.c_last_name", 
   "customer.c_first_name", 
   "catalog_sales.cs_quantity", 
   "catalog_sales.cs_list_price"
  ], 
  "Hash Cond": "(catalog_sales.cs_bill_customer_sk = best_ss_customer.c_customer_sk)", 
  "Parent Relationship": "Outer", 
  "Total Cost": 26.36
 }, 
 {
  "Startup Cost": 26.37, 
  "plan_id": 448, 
  "Plans": [
   449
  ], 
  "Sort Key": [
   "customer.c_last_name", 
   "customer.c_first_name"
  ], 
  "Plan Rows": 1, 
  "Node Type": "Sort", 
  "filename": "plans/query23a.json", 
  "Parallel Aware": false, 
  "Parent Relationship": "Outer", 
  "Output": [
   "customer.c_last_name", 
   "customer.c_first_name", 
   "catalog_sales.cs_quantity", 
   "catalog_sales.cs_list_price"
  ], 
  "Plan Width": 226, 
  "Total Cost": 26.37
 }, 
 {
  "Startup Cost": 0.0, 
  "plan_id": 468, 
  "CTE Name": "frequent_ss_items", 
  "Node Type": "CTE Scan", 
  "Plan Rows": 1, 
  "Alias": "frequent_ss_items_1", 
  "filename": "plans/query23a.json", 
  "Parallel Aware": false, 
  "Parent Relationship": "Outer", 
  "Output": [
   "frequent_ss_items_1.itemdesc", 
   "frequent_ss_items_1.item_sk", 
   "frequent_ss_items_1.solddate", 
   "frequent_ss_items_1.cnt"
  ], 
  "Plan Width": 4, 
  "Total Cost": 0.02
 }, 
 {
  "Partial Mode": "Simple", 
  "Startup Cost": 0.02, 
  "Plan Width": 4, 
  "plan_id": 467, 
  "Plans": [
   468
  ], 
  "filename": "plans/query23a.json", 
  "Node Type": "Aggregate", 
  "Strategy": "Hashed", 
  "Plan Rows": 1, 
  "Parallel Aware": false, 
  "Output": [
   "frequent_ss_items_1.item_sk"
  ], 
  "Group Key": [
   "frequent_ss_items_1.item_sk"
  ], 
  "Parent Relationship": "Outer", 
  "Total Cost": 0.03
 }, 
 {
  "Startup Cost": 0.15, 
  "filename": "plans/query23a.json", 
  "plan_id": 469, 
  "Scan Direction": "Forward", 
  "Index Cond": "(web_sales.ws_item_sk = frequent_ss_items_1.item_sk)", 
  "Node Type": "Index Scan", 
  "Relation Name": "web_sales", 
  "Alias": "web_sales", 
  "Plan Rows": 1, 
  "Schema": "pg_temp_2", 
  "Parallel Aware": false, 
  "Parent Relationship": "Inner", 
  "Output": [
   "web_sales.ws_sold_date_sk", 
   "web_sales.ws_sold_time_sk", 
   "web_sales.ws_ship_date_sk", 
   "web_sales.ws_item_sk", 
   "web_sales.ws_bill_customer_sk", 
   "web_sales.ws_bill_cdemo_sk", 
   "web_sales.ws_bill_hdemo_sk", 
   "web_sales.ws_bill_addr_sk", 
   "web_sales.ws_ship_customer_sk", 
   "web_sales.ws_ship_cdemo_sk", 
   "web_sales.ws_ship_hdemo_sk", 
   "web_sales.ws_ship_addr_sk", 
   "web_sales.ws_web_page_sk", 
   "web_sales.ws_web_site_sk", 
   "web_sales.ws_ship_mode_sk", 
   "web_sales.ws_warehouse_sk", 
   "web_sales.ws_promo_sk", 
   "web_sales.ws_order_number", 
   "web_sales.ws_quantity", 
   "web_sales.ws_wholesale_cost", 
   "web_sales.ws_list_price", 
   "web_sales.ws_sales_price", 
   "web_sales.ws_ext_discount_amt", 
   "web_sales.ws_ext_sales_price", 
   "web_sales.ws_ext_wholesale_cost", 
   "web_sales.ws_ext_list_price", 
   "web_sales.ws_ext_tax", 
   "web_sales.ws_coupon_amt", 
   "web_sales.ws_ext_ship_cost", 
   "web_sales.ws_net_paid", 
   "web_sales.ws_net_paid_inc_tax", 
   "web_sales.ws_net_paid_inc_ship", 
   "web_sales.ws_net_paid_inc_ship_tax", 
   "web_sales.ws_net_profit"
  ], 
  "Index Name": "web_sales_pkey", 
  "Plan Width": 30, 
  "Total Cost": 8.17
 }, 
 {
  "Relation Name": "date_dim", 
  "Startup Cost": 0.0, 
  "plan_id": 471, 
  "Node Type": "Seq Scan", 
  "Plan Rows": 1, 
  "Filter": "((date_dim_1.d_year = 1998) AND (date_dim_1.d_moy = 2))", 
  "Alias": "date_dim_1", 
  "filename": "plans/query23a.json", 
  "Schema": "pg_temp_2", 
  "Parallel Aware": false, 
  "Parent Relationship": "Outer", 
  "Output": [
   "date_dim_1.d_date_sk"
  ], 
  "Plan Width": 4, 
  "Total Cost": 14.05
 }, 
 {
  "Startup Cost": 0.17, 
  "plan_id": 466, 
  "Plans": [
   467, 
   469
  ], 
  "Plan Rows": 130, 
  "Node Type": "Nested Loop", 
  "Join Type": "Inner", 
  "filename": "plans/query23a.json", 
  "Parallel Aware": false, 
  "Parent Relationship": "Outer", 
  "Output": [
   "web_sales.ws_quantity", 
   "web_sales.ws_list_price", 
   "web_sales.ws_sold_date_sk", 
   "web_sales.ws_bill_customer_sk"
  ], 
  "Plan Width": 26, 
  "Total Cost": 8.21
 }, 
 {
  "Startup Cost": 14.05, 
  "plan_id": 470, 
  "Plans": [
   471
  ], 
  "Plan Rows": 1, 
  "Node Type": "Hash", 
  "filename": "plans/query23a.json", 
  "Parallel Aware": false, 
  "Parent Relationship": "Inner", 
  "Output": [
   "date_dim_1.d_date_sk"
  ], 
  "Plan Width": 4, 
  "Total Cost": 14.05
 }, 
 {
  "Startup Cost": 14.23, 
  "Plan Width": 22, 
  "plan_id": 465, 
  "Plans": [
   466, 
   470
  ], 
  "Plan Rows": 1, 
  "Node Type": "Hash Join", 
  "Join Type": "Inner", 
  "filename": "plans/query23a.json", 
  "Parallel Aware": false, 
  "Output": [
   "web_sales.ws_quantity", 
   "web_sales.ws_list_price", 
   "web_sales.ws_bill_customer_sk"
  ], 
  "Hash Cond": "(web_sales.ws_sold_date_sk = date_dim_1.d_date_sk)", 
  "Parent Relationship": "Outer", 
  "Total Cost": 22.77
 }, 
 {
  "Startup Cost": 0.14, 
  "filename": "plans/query23a.json", 
  "plan_id": 472, 
  "Scan Direction": "Forward", 
  "Index Cond": "(customer_1.c_customer_sk = web_sales.ws_bill_customer_sk)", 
  "Node Type": "Index Scan", 
  "Relation Name": "customer", 
  "Alias": "customer_1", 
  "Plan Rows": 1, 
  "Schema": "pg_temp_2", 
  "Parallel Aware": false, 
  "Parent Relationship": "Inner", 
  "Output": [
   "customer_1.c_customer_sk", 
   "customer_1.c_customer_id", 
   "customer_1.c_current_cdemo_sk", 
   "customer_1.c_current_hdemo_sk", 
   "customer_1.c_current_addr_sk", 
   "customer_1.c_first_shipto_date_sk", 
   "customer_1.c_first_sales_date_sk", 
   "customer_1.c_salutation", 
   "customer_1.c_first_name", 
   "customer_1.c_last_name", 
   "customer_1.c_preferred_cust_flag", 
   "customer_1.c_birth_day", 
   "customer_1.c_birth_month", 
   "customer_1.c_birth_year", 
   "customer_1.c_birth_country", 
   "customer_1.c_login", 
   "customer_1.c_email_address", 
   "customer_1.c_last_review_date"
  ], 
  "Index Name": "customer_pkey", 
  "Plan Width": 212, 
  "Total Cost": 0.33
 }, 
 {
  "Startup Cost": 0.0, 
  "plan_id": 474, 
  "CTE Name": "best_ss_customer", 
  "Node Type": "CTE Scan", 
  "Plan Rows": 100, 
  "Alias": "best_ss_customer_1", 
  "filename": "plans/query23a.json", 
  "Parallel Aware": false, 
  "Parent Relationship": "Outer", 
  "Output": [
   "best_ss_customer_1.c_customer_sk"
  ], 
  "Plan Width": 4, 
  "Total Cost": 2.0
 }, 
 {
  "Startup Cost": 14.38, 
  "plan_id": 464, 
  "Plans": [
   465, 
   472
  ], 
  "Plan Rows": 1, 
  "Node Type": "Nested Loop", 
  "Join Type": "Inner", 
  "filename": "plans/query23a.json", 
  "Parallel Aware": false, 
  "Parent Relationship": "Outer", 
  "Output": [
   "web_sales.ws_quantity", 
   "web_sales.ws_list_price", 
   "web_sales.ws_bill_customer_sk", 
   "customer_1.c_last_name", 
   "customer_1.c_first_name", 
   "customer_1.c_customer_sk"
  ], 
  "Plan Width": 234, 
  "Total Cost": 23.11
 }, 
 {
  "Startup Cost": 2.0, 
  "plan_id": 473, 
  "Plans": [
   474
  ], 
  "Plan Rows": 100, 
  "Node Type": "Hash", 
  "filename": "plans/query23a.json", 
  "Parallel Aware": false, 
  "Parent Relationship": "Inner", 
  "Output": [
   "best_ss_customer_1.c_customer_sk"
  ], 
  "Plan Width": 4, 
  "Total Cost": 2.0
 }, 
 {
  "Startup Cost": 17.62, 
  "Plan Width": 226, 
  "plan_id": 463, 
  "Plans": [
   464, 
   473
  ], 
  "Plan Rows": 1, 
  "Node Type": "Hash Join", 
  "Join Type": "Semi", 
  "filename": "plans/query23a.json", 
  "Parallel Aware": false, 
  "Output": [
   "customer_1.c_last_name", 
   "customer_1.c_first_name", 
   "web_sales.ws_quantity", 
   "web_sales.ws_list_price"
  ], 
  "Hash Cond": "(web_sales.ws_bill_customer_sk = best_ss_customer_1.c_customer_sk)", 
  "Parent Relationship": "Outer", 
  "Total Cost": 26.36
 }, 
 {
  "Startup Cost": 26.37, 
  "plan_id": 462, 
  "Plans": [
   463
  ], 
  "Sort Key": [
   "customer_1.c_last_name", 
   "customer_1.c_first_name"
  ], 
  "Plan Rows": 1, 
  "Node Type": "Sort", 
  "filename": "plans/query23a.json", 
  "Parallel Aware": false, 
  "Parent Relationship": "Outer", 
  "Output": [
   "customer_1.c_last_name", 
   "customer_1.c_first_name", 
   "web_sales.ws_quantity", 
   "web_sales.ws_list_price"
  ], 
  "Plan Width": 226, 
  "Total Cost": 26.37
 }, 
 {
  "Partial Mode": "Simple", 
  "Startup Cost": 26.37, 
  "Plan Width": 240, 
  "plan_id": 447, 
  "Plans": [
   448
  ], 
  "filename": "plans/query23a.json", 
  "Node Type": "Aggregate", 
  "Strategy": "Sorted", 
  "Plan Rows": 1, 
  "Parallel Aware": false, 
  "Output": [
   "customer.c_last_name", 
   "customer.c_first_name", 
   "sum(((catalog_sales.cs_quantity)::numeric * catalog_sales.cs_list_price))"
  ], 
  "Group Key": [
   "customer.c_last_name", 
   "customer.c_first_name"
  ], 
  "Parent Relationship": "Member", 
  "Total Cost": 26.4
 }, 
 {
  "Partial Mode": "Simple", 
  "Startup Cost": 26.37, 
  "Plan Width": 240, 
  "plan_id": 461, 
  "Plans": [
   462
  ], 
  "filename": "plans/query23a.json", 
  "Node Type": "Aggregate", 
  "Strategy": "Sorted", 
  "Plan Rows": 1, 
  "Parallel Aware": false, 
  "Output": [
   "customer_1.c_last_name", 
   "customer_1.c_first_name", 
   "sum(((web_sales.ws_quantity)::numeric * web_sales.ws_list_price))"
  ], 
  "Group Key": [
   "customer_1.c_last_name", 
   "customer_1.c_first_name"
  ], 
  "Parent Relationship": "Member", 
  "Total Cost": 26.4
 }, 
 {
  "Startup Cost": 26.37, 
  "plan_id": 446, 
  "Plans": [
   447, 
   461
  ], 
  "Plan Rows": 2, 
  "Node Type": "Append", 
  "filename": "plans/query23a.json", 
  "Parallel Aware": false, 
  "Parent Relationship": "Outer", 
  "Plan Width": 240, 
  "Total Cost": 52.82
 }, 
 {
  "Partial Mode": "Simple", 
  "Startup Cost": 30.64, 
  "Plan Width": 48, 
  "plan_id": 422, 
  "Plans": [
   423
  ], 
  "filename": "plans/query23a.json", 
  "Node Type": "Aggregate", 
  "Strategy": "Sorted", 
  "Filter": "(count(*) > 4)", 
  "Plan Rows": 1, 
  "Parallel Aware": false, 
  "Output": [
   "(substr((item.i_item_desc)::text, 1, 30))", 
   "item.i_item_sk", 
   "date_dim_2.d_date", 
   "count(*)"
  ], 
  "Group Key": [
   "(substr((item.i_item_desc)::text, 1, 30))", 
   "item.i_item_sk", 
   "date_dim_2.d_date"
  ], 
  "Parent Relationship": "InitPlan", 
  "Subplan Name": "CTE frequent_ss_items", 
  "Total Cost": 30.67
 }, 
 {
  "Partial Mode": "Simple", 
  "Startup Cost": 30.78, 
  "plan_id": 430, 
  "Plans": [
   431
  ], 
  "Plan Rows": 1, 
  "Strategy": "Plain", 
  "filename": "plans/query23a.json", 
  "Parallel Aware": false, 
  "Parent Relationship": "InitPlan", 
  "Output": [
   "max((sum(((store_sales_1.ss_quantity)::numeric * store_sales_1.ss_sales_price))))"
  ], 
  "Plan Width": 32, 
  "Subplan Name": "CTE max_store_sales", 
  "Node Type": "Aggregate", 
  "Total Cost": 30.79
 }, 
 {
  "Partial Mode": "Simple", 
  "Startup Cost": 31.62, 
  "Plan Width": 36, 
  "plan_id": 439, 
  "Plans": [
   440, 
   441
  ], 
  "filename": "plans/query23a.json", 
  "Node Type": "Aggregate", 
  "Strategy": "Hashed", 
  "Filter": "(sum(((store_sales_2.ss_quantity)::numeric * store_sales_2.ss_sales_price)) > (0.95000000000000000000 * $4))", 
  "Plan Rows": 100, 
  "Parallel Aware": false, 
  "Output": [
   "customer_3.c_customer_sk", 
   "sum(((store_sales_2.ss_quantity)::numeric * store_sales_2.ss_sales_price))"
  ], 
  "Group Key": [
   "customer_3.c_customer_sk"
  ], 
  "Parent Relationship": "InitPlan", 
  "Subplan Name": "CTE best_ss_customer", 
  "Total Cost": 33.12
 }, 
 {
  "Startup Cost": 52.83, 
  "plan_id": 445, 
  "Plans": [
   446
  ], 
  "Sort Key": [
   "customer.c_last_name", 
   "customer.c_first_name", 
   "(sum(((catalog_sales.cs_quantity)::numeric * catalog_sales.cs_list_price)))"
  ], 
  "Plan Rows": 2, 
  "Node Type": "Sort", 
  "filename": "plans/query23a.json", 
  "Parallel Aware": false, 
  "Parent Relationship": "Outer", 
  "Output": [
   "customer.c_last_name", 
   "customer.c_first_name", 
   "(sum(((catalog_sales.cs_quantity)::numeric * catalog_sales.cs_list_price)))"
  ], 
  "Plan Width": 240, 
  "Total Cost": 52.83
 }, 
 {
  "Startup Cost": 147.41, 
  "plan_id": 421, 
  "Plans": [
   422, 
   430, 
   439, 
   445
  ], 
  "Plan Rows": 2, 
  "Node Type": "Limit", 
  "filename": "plans/query23a.json", 
  "Parallel Aware": false, 
  "Output": [
   "customer.c_last_name", 
   "customer.c_first_name", 
   "(sum(((catalog_sales.cs_quantity)::numeric * catalog_sales.cs_list_price)))"
  ], 
  "Plan Width": 240, 
  "Total Cost": 147.42
 }, 
 {
  "Relation Name": "store", 
  "Startup Cost": 0.0, 
  "plan_id": 487, 
  "Node Type": "Seq Scan", 
  "Plan Rows": 1, 
  "Filter": "(store.s_market_id = 5)", 
  "Alias": "store", 
  "filename": "plans/query24.json", 
  "Schema": "pg_temp_2", 
  "Parallel Aware": false, 
  "Parent Relationship": "Outer", 
  "Output": [
   "store.s_store_name", 
   "store.s_state", 
   "store.s_store_sk", 
   "store.s_zip"
  ], 
  "Plan Width": 178, 
  "Total Cost": 10.5
 }, 
 {
  "Startup Cost": 0.0, 
  "plan_id": 485, 
  "Node Type": "Seq Scan", 
  "Plan Rows": 100, 
  "Relation Name": "customer_address", 
  "Alias": "customer_address", 
  "filename": "plans/query24.json", 
  "Schema": "pg_temp_2", 
  "Parallel Aware": false, 
  "Parent Relationship": "Outer", 
  "Output": [
   "customer_address.ca_address_sk", 
   "customer_address.ca_address_id", 
   "customer_address.ca_street_number", 
   "customer_address.ca_street_name", 
   "customer_address.ca_street_type", 
   "customer_address.ca_suite_number", 
   "customer_address.ca_city", 
   "customer_address.ca_county", 
   "customer_address.ca_state", 
   "customer_address.ca_zip", 
   "customer_address.ca_country", 
   "customer_address.ca_gmt_offset", 
   "customer_address.ca_location_type"
  ], 
  "Plan Width": 114, 
  "Total Cost": 11.0
 }, 
 {
  "Startup Cost": 10.5, 
  "plan_id": 486, 
  "Plans": [
   487
  ], 
  "Plan Rows": 1, 
  "Node Type": "Hash", 
  "filename": "plans/query24.json", 
  "Parallel Aware": false, 
  "Parent Relationship": "Inner", 
  "Output": [
   "store.s_store_name", 
   "store.s_state", 
   "store.s_store_sk", 
   "store.s_zip"
  ], 
  "Plan Width": 178, 
  "Total Cost": 10.5
 }, 
 {
  "Startup Cost": 10.51, 
  "Plan Width": 204, 
  "plan_id": 484, 
  "Plans": [
   485, 
   486
  ], 
  "Plan Rows": 1, 
  "Node Type": "Hash Join", 
  "Join Type": "Inner", 
  "filename": "plans/query24.json", 
  "Parallel Aware": false, 
  "Output": [
   "store.s_store_name", 
   "store.s_state", 
   "store.s_store_sk", 
   "customer_address.ca_state", 
   "customer_address.ca_country"
  ], 
  "Hash Cond": "(customer_address.ca_zip = store.s_zip)", 
  "Parent Relationship": "Outer", 
  "Total Cost": 21.9
 }, 
 {
  "Startup Cost": 0.0, 
  "plan_id": 482, 
  "Node Type": "Seq Scan", 
  "Plan Rows": 340, 
  "Relation Name": "store_sales", 
  "Alias": "store_sales", 
  "filename": "plans/query24.json", 
  "Schema": "pg_temp_2", 
  "Parallel Aware": false, 
  "Parent Relationship": "Outer", 
  "Output": [
   "store_sales.ss_sold_date_sk", 
   "store_sales.ss_sold_time_sk", 
   "store_sales.ss_item_sk", 
   "store_sales.ss_customer_sk", 
   "store_sales.ss_cdemo_sk", 
   "store_sales.ss_hdemo_sk", 
   "store_sales.ss_addr_sk", 
   "store_sales.ss_store_sk", 
   "store_sales.ss_promo_sk", 
   "store_sales.ss_ticket_number", 
   "store_sales.ss_quantity", 
   "store_sales.ss_wholesale_cost", 
   "store_sales.ss_list_price", 
   "store_sales.ss_sales_price", 
   "store_sales.ss_ext_discount_amt", 
   "store_sales.ss_ext_sales_price", 
   "store_sales.ss_ext_wholesale_cost", 
   "store_sales.ss_ext_list_price", 
   "store_sales.ss_ext_tax", 
   "store_sales.ss_coupon_amt", 
   "store_sales.ss_net_paid", 
   "store_sales.ss_net_paid_inc_tax", 
   "store_sales.ss_net_profit"
  ], 
  "Plan Width": 30, 
  "Total Cost": 13.4
 }, 
 {
  "Startup Cost": 21.9, 
  "plan_id": 483, 
  "Plans": [
   484
  ], 
  "Plan Rows": 1, 
  "Node Type": "Hash", 
  "filename": "plans/query24.json", 
  "Parallel Aware": false, 
  "Parent Relationship": "Inner", 
  "Output": [
   "store.s_store_name", 
   "store.s_state", 
   "store.s_store_sk", 
   "customer_address.ca_state", 
   "customer_address.ca_country"
  ], 
  "Plan Width": 204, 
  "Total Cost": 21.9
 }, 
 {
  "Startup Cost": 21.91, 
  "Plan Width": 226, 
  "plan_id": 481, 
  "Plans": [
   482, 
   483
  ], 
  "Plan Rows": 2, 
  "Node Type": "Hash Join", 
  "Join Type": "Inner", 
  "filename": "plans/query24.json", 
  "Parallel Aware": false, 
  "Output": [
   "store_sales.ss_ext_sales_price", 
   "store_sales.ss_ticket_number", 
   "store_sales.ss_item_sk", 
   "store_sales.ss_customer_sk", 
   "store.s_store_name", 
   "store.s_state", 
   "customer_address.ca_state", 
   "customer_address.ca_country"
  ], 
  "Hash Cond": "(store_sales.ss_store_sk = store.s_store_sk)", 
  "Parent Relationship": "Outer", 
  "Total Cost": 36.61
 }, 
 {
  "Startup Cost": 0.14, 
  "filename": "plans/query24.json", 
  "plan_id": 488, 
  "Scan Direction": "Forward", 
  "Index Cond": "(customer.c_customer_sk = store_sales.ss_customer_sk)", 
  "Node Type": "Index Scan", 
  "Relation Name": "customer", 
  "Alias": "customer", 
  "Plan Rows": 1, 
  "Schema": "pg_temp_2", 
  "Parallel Aware": false, 
  "Parent Relationship": "Inner", 
  "Output": [
   "customer.c_customer_sk", 
   "customer.c_customer_id", 
   "customer.c_current_cdemo_sk", 
   "customer.c_current_hdemo_sk", 
   "customer.c_current_addr_sk", 
   "customer.c_first_shipto_date_sk", 
   "customer.c_first_sales_date_sk", 
   "customer.c_salutation", 
   "customer.c_first_name", 
   "customer.c_last_name", 
   "customer.c_preferred_cust_flag", 
   "customer.c_birth_day", 
   "customer.c_birth_month", 
   "customer.c_birth_year", 
   "customer.c_birth_country", 
   "customer.c_login", 
   "customer.c_email_address", 
   "customer.c_last_review_date"
  ], 
  "Index Name": "customer_pkey", 
  "Plan Width": 270, 
  "Total Cost": 0.29
 }, 
 {
  "Startup Cost": 22.05, 
  "plan_id": 480, 
  "Plans": [
   481, 
   488
  ], 
  "Plan Rows": 1, 
  "Node Type": "Nested Loop", 
  "Join Type": "Inner", 
  "filename": "plans/query24.json", 
  "Parallel Aware": false, 
  "Parent Relationship": "Outer", 
  "Output": [
   "store_sales.ss_ext_sales_price", 
   "store_sales.ss_ticket_number", 
   "store_sales.ss_item_sk", 
   "store.s_store_name", 
   "store.s_state", 
   "customer.c_last_name", 
   "customer.c_first_name", 
   "customer_address.ca_state"
  ], 
  "Plan Width": 372, 
  "Join Filter": "(upper((customer_address.ca_country)::text) = (customer.c_birth_country)::text)", 
  "Total Cost": 37.21
 }, 
 {
  "Startup Cost": 0.15, 
  "filename": "plans/query24.json", 
  "plan_id": 489, 
  "Scan Direction": "Forward", 
  "Index Cond": "((store_returns.sr_item_sk = store_sales.ss_item_sk) AND (store_returns.sr_ticket_number = store_sales.ss_ticket_number))", 
  "Node Type": "Index Only Scan", 
  "Relation Name": "store_returns", 
  "Alias": "store_returns", 
  "Plan Rows": 1, 
  "Schema": "pg_temp_2", 
  "Parallel Aware": false, 
  "Parent Relationship": "Inner", 
  "Output": [
   "store_returns.sr_item_sk", 
   "store_returns.sr_ticket_number"
  ], 
  "Index Name": "store_returns_pkey", 
  "Plan Width": 8, 
  "Total Cost": 0.3
 }, 
 {
  "Startup Cost": 22.2, 
  "plan_id": 479, 
  "Plans": [
   480, 
   489
  ], 
  "Plan Rows": 1, 
  "Node Type": "Nested Loop", 
  "Join Type": "Inner", 
  "filename": "plans/query24.json", 
  "Parallel Aware": false, 
  "Parent Relationship": "Outer", 
  "Output": [
   "store_sales.ss_ext_sales_price", 
   "store_sales.ss_item_sk", 
   "store_returns.sr_item_sk", 
   "store.s_store_name", 
   "store.s_state", 
   "customer.c_last_name", 
   "customer.c_first_name", 
   "customer_address.ca_state"
  ], 
  "Plan Width": 372, 
  "Total Cost": 37.52
 }, 
 {
  "Startup Cost": 0.14, 
  "filename": "plans/query24.json", 
  "plan_id": 490, 
  "Scan Direction": "Forward", 
  "Index Cond": "(item.i_item_sk = store_returns.sr_item_sk)", 
  "Node Type": "Index Scan", 
  "Relation Name": "item", 
  "Alias": "item", 
  "Plan Rows": 1, 
  "Schema": "pg_temp_2", 
  "Parallel Aware": false, 
  "Parent Relationship": "Inner", 
  "Output": [
   "item.i_item_sk", 
   "item.i_item_id", 
   "item.i_rec_start_date", 
   "item.i_rec_end_date", 
   "item.i_item_desc", 
   "item.i_current_price", 
   "item.i_wholesale_cost", 
   "item.i_brand_id", 
   "item.i_brand", 
   "item.i_class_id", 
   "item.i_class", 
   "item.i_category_id", 
   "item.i_category", 
   "item.i_manufact_id", 
   "item.i_manufact", 
   "item.i_size", 
   "item.i_formulation", 
   "item.i_color", 
   "item.i_units", 
   "item.i_container", 
   "item.i_manager_id", 
   "item.i_product_name"
  ], 
  "Index Name": "item_pkey", 
  "Plan Width": 234, 
  "Total Cost": 0.26
 }, 
 {
  "Startup Cost": 22.34, 
  "plan_id": 478, 
  "Plans": [
   479, 
   490
  ], 
  "Plan Rows": 1, 
  "Node Type": "Nested Loop", 
  "Join Type": "Inner", 
  "filename": "plans/query24.json", 
  "Parallel Aware": false, 
  "Parent Relationship": "Outer", 
  "Output": [
   "customer.c_last_name", 
   "customer.c_first_name", 
   "store.s_store_name", 
   "customer_address.ca_state", 
   "store.s_state", 
   "item.i_color", 
   "item.i_current_price", 
   "item.i_manager_id", 
   "item.i_units", 
   "item.i_size", 
   "store_sales.ss_ext_sales_price"
  ], 
  "Plan Width": 594, 
  "Join Filter": "(store_sales.ss_item_sk = item.i_item_sk)", 
  "Total Cost": 37.8
 }, 
 {
  "Startup Cost": 37.81, 
  "plan_id": 477, 
  "Plans": [
   478
  ], 
  "Sort Key": [
   "customer.c_last_name", 
   "customer.c_first_name", 
   "store.s_store_name", 
   "customer_address.ca_state", 
   "store.s_state", 
   "item.i_color", 
   "item.i_current_price", 
   "item.i_manager_id", 
   "item.i_units", 
   "item.i_size"
  ], 
  "Plan Rows": 1, 
  "Node Type": "Sort", 
  "filename": "plans/query24.json", 
  "Parallel Aware": false, 
  "Parent Relationship": "Outer", 
  "Output": [
   "customer.c_last_name", 
   "customer.c_first_name", 
   "store.s_store_name", 
   "customer_address.ca_state", 
   "store.s_state", 
   "item.i_color", 
   "item.i_current_price", 
   "item.i_manager_id", 
   "item.i_units", 
   "item.i_size", 
   "store_sales.ss_ext_sales_price"
  ], 
  "Plan Width": 594, 
  "Total Cost": 37.81
 }, 
 {
  "Startup Cost": 0.0, 
  "plan_id": 492, 
  "CTE Name": "ssales", 
  "Node Type": "CTE Scan", 
  "Plan Rows": 1, 
  "Alias": "ssales_1", 
  "filename": "plans/query24.json", 
  "Parallel Aware": false, 
  "Parent Relationship": "Outer", 
  "Output": [
   "ssales_1.c_last_name", 
   "ssales_1.c_first_name", 
   "ssales_1.s_store_name", 
   "ssales_1.ca_state", 
   "ssales_1.s_state", 
   "ssales_1.i_color", 
   "ssales_1.i_current_price", 
   "ssales_1.i_manager_id", 
   "ssales_1.i_units", 
   "ssales_1.i_size", 
   "ssales_1.netpaid"
  ], 
  "Plan Width": 32, 
  "Total Cost": 0.02
 }, 
 {
  "Partial Mode": "Simple", 
  "Startup Cost": 37.81, 
  "Plan Width": 612, 
  "plan_id": 476, 
  "Plans": [
   477
  ], 
  "filename": "plans/query24.json", 
  "Node Type": "Aggregate", 
  "Strategy": "Sorted", 
  "Plan Rows": 1, 
  "Parallel Aware": false, 
  "Output": [
   "customer.c_last_name", 
   "customer.c_first_name", 
   "store.s_store_name", 
   "customer_address.ca_state", 
   "store.s_state", 
   "item.i_color", 
   "item.i_current_price", 
   "item.i_manager_id", 
   "item.i_units", 
   "item.i_size", 
   "sum(store_sales.ss_ext_sales_price)"
  ], 
  "Group Key": [
   "customer.c_last_name", 
   "customer.c_first_name", 
   "store.s_store_name", 
   "customer_address.ca_state", 
   "store.s_state", 
   "item.i_color", 
   "item.i_current_price", 
   "item.i_manager_id", 
   "item.i_units", 
   "item.i_size"
  ], 
  "Parent Relationship": "InitPlan", 
  "Subplan Name": "CTE ssales", 
  "Total Cost": 37.85
 }, 
 {
  "Partial Mode": "Simple", 
  "Startup Cost": 0.02, 
  "plan_id": 491, 
  "Plans": [
   492
  ], 
  "Plan Rows": 1, 
  "Strategy": "Plain", 
  "filename": "plans/query24.json", 
  "Parallel Aware": false, 
  "Parent Relationship": "InitPlan", 
  "Output": [
   "(0.05 * avg(ssales_1.netpaid))"
  ], 
  "Plan Width": 32, 
  "Subplan Name": "InitPlan 2 (returns $5)", 
  "Node Type": "Aggregate", 
  "Total Cost": 0.04
 }, 
 {
  "Startup Cost": 0.0, 
  "plan_id": 493, 
  "CTE Name": "ssales", 
  "Node Type": "CTE Scan", 
  "Plan Rows": 1, 
  "Filter": "(ssales.i_color = 'purple'::bpchar)", 
  "Alias": "ssales", 
  "filename": "plans/query24.json", 
  "Parallel Aware": false, 
  "Parent Relationship": "Outer", 
  "Output": [
   "ssales.c_last_name", 
   "ssales.c_first_name", 
   "ssales.s_store_name", 
   "ssales.ca_state", 
   "ssales.s_state", 
   "ssales.i_color", 
   "ssales.i_current_price", 
   "ssales.i_manager_id", 
   "ssales.i_units", 
   "ssales.i_size", 
   "ssales.netpaid"
  ], 
  "Plan Width": 358, 
  "Total Cost": 0.02
 }, 
 {
  "Partial Mode": "Simple", 
  "Startup Cost": 37.93, 
  "filename": "plans/query24.json", 
  "plan_id": 475, 
  "Plans": [
   476, 
   491, 
   493
  ], 
  "Node Type": "Aggregate", 
  "Strategy": "Hashed", 
  "Filter": "(sum(ssales.netpaid) > $5)", 
  "Plan Rows": 1, 
  "Parallel Aware": false, 
  "Output": [
   "ssales.c_last_name", 
   "ssales.c_first_name", 
   "ssales.s_store_name", 
   "sum(ssales.netpaid)"
  ], 
  "Group Key": [
   "ssales.c_last_name", 
   "ssales.c_first_name", 
   "ssales.s_store_name"
  ], 
  "Plan Width": 358, 
  "Total Cost": 37.94
 }, 
 {
  "Relation Name": "store", 
  "Startup Cost": 0.0, 
  "plan_id": 506, 
  "Node Type": "Seq Scan", 
  "Plan Rows": 1, 
  "Filter": "(store.s_market_id = 5)", 
  "Alias": "store", 
  "filename": "plans/query24a.json", 
  "Schema": "pg_temp_2", 
  "Parallel Aware": false, 
  "Parent Relationship": "Outer", 
  "Output": [
   "store.s_store_name", 
   "store.s_state", 
   "store.s_store_sk", 
   "store.s_zip"
  ], 
  "Plan Width": 178, 
  "Total Cost": 10.5
 }, 
 {
  "Startup Cost": 0.0, 
  "plan_id": 504, 
  "Node Type": "Seq Scan", 
  "Plan Rows": 100, 
  "Relation Name": "customer_address", 
  "Alias": "customer_address", 
  "filename": "plans/query24a.json", 
  "Schema": "pg_temp_2", 
  "Parallel Aware": false, 
  "Parent Relationship": "Outer", 
  "Output": [
   "customer_address.ca_address_sk", 
   "customer_address.ca_address_id", 
   "customer_address.ca_street_number", 
   "customer_address.ca_street_name", 
   "customer_address.ca_street_type", 
   "customer_address.ca_suite_number", 
   "customer_address.ca_city", 
   "customer_address.ca_county", 
   "customer_address.ca_state", 
   "customer_address.ca_zip", 
   "customer_address.ca_country", 
   "customer_address.ca_gmt_offset", 
   "customer_address.ca_location_type"
  ], 
  "Plan Width": 114, 
  "Total Cost": 11.0
 }, 
 {
  "Startup Cost": 10.5, 
  "plan_id": 505, 
  "Plans": [
   506
  ], 
  "Plan Rows": 1, 
  "Node Type": "Hash", 
  "filename": "plans/query24a.json", 
  "Parallel Aware": false, 
  "Parent Relationship": "Inner", 
  "Output": [
   "store.s_store_name", 
   "store.s_state", 
   "store.s_store_sk", 
   "store.s_zip"
  ], 
  "Plan Width": 178, 
  "Total Cost": 10.5
 }, 
 {
  "Startup Cost": 10.51, 
  "Plan Width": 204, 
  "plan_id": 503, 
  "Plans": [
   504, 
   505
  ], 
  "Plan Rows": 1, 
  "Node Type": "Hash Join", 
  "Join Type": "Inner", 
  "filename": "plans/query24a.json", 
  "Parallel Aware": false, 
  "Output": [
   "store.s_store_name", 
   "store.s_state", 
   "store.s_store_sk", 
   "customer_address.ca_state", 
   "customer_address.ca_country"
  ], 
  "Hash Cond": "(customer_address.ca_zip = store.s_zip)", 
  "Parent Relationship": "Outer", 
  "Total Cost": 21.9
 }, 
 {
  "Startup Cost": 0.0, 
  "plan_id": 501, 
  "Node Type": "Seq Scan", 
  "Plan Rows": 340, 
  "Relation Name": "store_sales", 
  "Alias": "store_sales", 
  "filename": "plans/query24a.json", 
  "Schema": "pg_temp_2", 
  "Parallel Aware": false, 
  "Parent Relationship": "Outer", 
  "Output": [
   "store_sales.ss_sold_date_sk", 
   "store_sales.ss_sold_time_sk", 
   "store_sales.ss_item_sk", 
   "store_sales.ss_customer_sk", 
   "store_sales.ss_cdemo_sk", 
   "store_sales.ss_hdemo_sk", 
   "store_sales.ss_addr_sk", 
   "store_sales.ss_store_sk", 
   "store_sales.ss_promo_sk", 
   "store_sales.ss_ticket_number", 
   "store_sales.ss_quantity", 
   "store_sales.ss_wholesale_cost", 
   "store_sales.ss_list_price", 
   "store_sales.ss_sales_price", 
   "store_sales.ss_ext_discount_amt", 
   "store_sales.ss_ext_sales_price", 
   "store_sales.ss_ext_wholesale_cost", 
   "store_sales.ss_ext_list_price", 
   "store_sales.ss_ext_tax", 
   "store_sales.ss_coupon_amt", 
   "store_sales.ss_net_paid", 
   "store_sales.ss_net_paid_inc_tax", 
   "store_sales.ss_net_profit"
  ], 
  "Plan Width": 30, 
  "Total Cost": 13.4
 }, 
 {
  "Startup Cost": 21.9, 
  "plan_id": 502, 
  "Plans": [
   503
  ], 
  "Plan Rows": 1, 
  "Node Type": "Hash", 
  "filename": "plans/query24a.json", 
  "Parallel Aware": false, 
  "Parent Relationship": "Inner", 
  "Output": [
   "store.s_store_name", 
   "store.s_state", 
   "store.s_store_sk", 
   "customer_address.ca_state", 
   "customer_address.ca_country"
  ], 
  "Plan Width": 204, 
  "Total Cost": 21.9
 }, 
 {
  "Startup Cost": 21.91, 
  "Plan Width": 226, 
  "plan_id": 500, 
  "Plans": [
   501, 
   502
  ], 
  "Plan Rows": 2, 
  "Node Type": "Hash Join", 
  "Join Type": "Inner", 
  "filename": "plans/query24a.json", 
  "Parallel Aware": false, 
  "Output": [
   "store_sales.ss_ext_sales_price", 
   "store_sales.ss_ticket_number", 
   "store_sales.ss_item_sk", 
   "store_sales.ss_customer_sk", 
   "store.s_store_name", 
   "store.s_state", 
   "customer_address.ca_state", 
   "customer_address.ca_country"
  ], 
  "Hash Cond": "(store_sales.ss_store_sk = store.s_store_sk)", 
  "Parent Relationship": "Outer", 
  "Total Cost": 36.61
 }, 
 {
  "Startup Cost": 0.14, 
  "filename": "plans/query24a.json", 
  "plan_id": 507, 
  "Scan Direction": "Forward", 
  "Index Cond": "(customer.c_customer_sk = store_sales.ss_customer_sk)", 
  "Node Type": "Index Scan", 
  "Relation Name": "customer", 
  "Alias": "customer", 
  "Plan Rows": 1, 
  "Schema": "pg_temp_2", 
  "Parallel Aware": false, 
  "Parent Relationship": "Inner", 
  "Output": [
   "customer.c_customer_sk", 
   "customer.c_customer_id", 
   "customer.c_current_cdemo_sk", 
   "customer.c_current_hdemo_sk", 
   "customer.c_current_addr_sk", 
   "customer.c_first_shipto_date_sk", 
   "customer.c_first_sales_date_sk", 
   "customer.c_salutation", 
   "customer.c_first_name", 
   "customer.c_last_name", 
   "customer.c_preferred_cust_flag", 
   "customer.c_birth_day", 
   "customer.c_birth_month", 
   "customer.c_birth_year", 
   "customer.c_birth_country", 
   "customer.c_login", 
   "customer.c_email_address", 
   "customer.c_last_review_date"
  ], 
  "Index Name": "customer_pkey", 
  "Plan Width": 270, 
  "Total Cost": 0.29
 }, 
 {
  "Startup Cost": 22.05, 
  "plan_id": 499, 
  "Plans": [
   500, 
   507
  ], 
  "Plan Rows": 1, 
  "Node Type": "Nested Loop", 
  "Join Type": "Inner", 
  "filename": "plans/query24a.json", 
  "Parallel Aware": false, 
  "Parent Relationship": "Outer", 
  "Output": [
   "store_sales.ss_ext_sales_price", 
   "store_sales.ss_ticket_number", 
   "store_sales.ss_item_sk", 
   "store.s_store_name", 
   "store.s_state", 
   "customer.c_last_name", 
   "customer.c_first_name", 
   "customer_address.ca_state"
  ], 
  "Plan Width": 372, 
  "Join Filter": "(upper((customer_address.ca_country)::text) = (customer.c_birth_country)::text)", 
  "Total Cost": 37.21
 }, 
 {
  "Startup Cost": 0.15, 
  "filename": "plans/query24a.json", 
  "plan_id": 508, 
  "Scan Direction": "Forward", 
  "Index Cond": "((store_returns.sr_item_sk = store_sales.ss_item_sk) AND (store_returns.sr_ticket_number = store_sales.ss_ticket_number))", 
  "Node Type": "Index Only Scan", 
  "Relation Name": "store_returns", 
  "Alias": "store_returns", 
  "Plan Rows": 1, 
  "Schema": "pg_temp_2", 
  "Parallel Aware": false, 
  "Parent Relationship": "Inner", 
  "Output": [
   "store_returns.sr_item_sk", 
   "store_returns.sr_ticket_number"
  ], 
  "Index Name": "store_returns_pkey", 
  "Plan Width": 8, 
  "Total Cost": 0.3
 }, 
 {
  "Startup Cost": 22.2, 
  "plan_id": 498, 
  "Plans": [
   499, 
   508
  ], 
  "Plan Rows": 1, 
  "Node Type": "Nested Loop", 
  "Join Type": "Inner", 
  "filename": "plans/query24a.json", 
  "Parallel Aware": false, 
  "Parent Relationship": "Outer", 
  "Output": [
   "store_sales.ss_ext_sales_price", 
   "store_sales.ss_item_sk", 
   "store_returns.sr_item_sk", 
   "store.s_store_name", 
   "store.s_state", 
   "customer.c_last_name", 
   "customer.c_first_name", 
   "customer_address.ca_state"
  ], 
  "Plan Width": 372, 
  "Total Cost": 37.52
 }, 
 {
  "Startup Cost": 0.14, 
  "filename": "plans/query24a.json", 
  "plan_id": 509, 
  "Scan Direction": "Forward", 
  "Index Cond": "(item.i_item_sk = store_returns.sr_item_sk)", 
  "Node Type": "Index Scan", 
  "Relation Name": "item", 
  "Alias": "item", 
  "Plan Rows": 1, 
  "Schema": "pg_temp_2", 
  "Parallel Aware": false, 
  "Parent Relationship": "Inner", 
  "Output": [
   "item.i_item_sk", 
   "item.i_item_id", 
   "item.i_rec_start_date", 
   "item.i_rec_end_date", 
   "item.i_item_desc", 
   "item.i_current_price", 
   "item.i_wholesale_cost", 
   "item.i_brand_id", 
   "item.i_brand", 
   "item.i_class_id", 
   "item.i_class", 
   "item.i_category_id", 
   "item.i_category", 
   "item.i_manufact_id", 
   "item.i_manufact", 
   "item.i_size", 
   "item.i_formulation", 
   "item.i_color", 
   "item.i_units", 
   "item.i_container", 
   "item.i_manager_id", 
   "item.i_product_name"
  ], 
  "Index Name": "item_pkey", 
  "Plan Width": 234, 
  "Total Cost": 0.26
 }, 
 {
  "Startup Cost": 22.34, 
  "plan_id": 497, 
  "Plans": [
   498, 
   509
  ], 
  "Plan Rows": 1, 
  "Node Type": "Nested Loop", 
  "Join Type": "Inner", 
  "filename": "plans/query24a.json", 
  "Parallel Aware": false, 
  "Parent Relationship": "Outer", 
  "Output": [
   "customer.c_last_name", 
   "customer.c_first_name", 
   "store.s_store_name", 
   "customer_address.ca_state", 
   "store.s_state", 
   "item.i_color", 
   "item.i_current_price", 
   "item.i_manager_id", 
   "item.i_units", 
   "item.i_size", 
   "store_sales.ss_ext_sales_price"
  ], 
  "Plan Width": 594, 
  "Join Filter": "(store_sales.ss_item_sk = item.i_item_sk)", 
  "Total Cost": 37.8
 }, 
 {
  "Startup Cost": 37.81, 
  "plan_id": 496, 
  "Plans": [
   497
  ], 
  "Sort Key": [
   "customer.c_last_name", 
   "customer.c_first_name", 
   "store.s_store_name", 
   "customer_address.ca_state", 
   "store.s_state", 
   "item.i_color", 
   "item.i_current_price", 
   "item.i_manager_id", 
   "item.i_units", 
   "item.i_size"
  ], 
  "Plan Rows": 1, 
  "Node Type": "Sort", 
  "filename": "plans/query24a.json", 
  "Parallel Aware": false, 
  "Parent Relationship": "Outer", 
  "Output": [
   "customer.c_last_name", 
   "customer.c_first_name", 
   "store.s_store_name", 
   "customer_address.ca_state", 
   "store.s_state", 
   "item.i_color", 
   "item.i_current_price", 
   "item.i_manager_id", 
   "item.i_units", 
   "item.i_size", 
   "store_sales.ss_ext_sales_price"
  ], 
  "Plan Width": 594, 
  "Total Cost": 37.81
 }, 
 {
  "Startup Cost": 0.0, 
  "plan_id": 511, 
  "CTE Name": "ssales", 
  "Node Type": "CTE Scan", 
  "Plan Rows": 1, 
  "Alias": "ssales_1", 
  "filename": "plans/query24a.json", 
  "Parallel Aware": false, 
  "Parent Relationship": "Outer", 
  "Output": [
   "ssales_1.c_last_name", 
   "ssales_1.c_first_name", 
   "ssales_1.s_store_name", 
   "ssales_1.ca_state", 
   "ssales_1.s_state", 
   "ssales_1.i_color", 
   "ssales_1.i_current_price", 
   "ssales_1.i_manager_id", 
   "ssales_1.i_units", 
   "ssales_1.i_size", 
   "ssales_1.netpaid"
  ], 
  "Plan Width": 32, 
  "Total Cost": 0.02
 }, 
 {
  "Partial Mode": "Simple", 
  "Startup Cost": 37.81, 
  "Plan Width": 612, 
  "plan_id": 495, 
  "Plans": [
   496
  ], 
  "filename": "plans/query24a.json", 
  "Node Type": "Aggregate", 
  "Strategy": "Sorted", 
  "Plan Rows": 1, 
  "Parallel Aware": false, 
  "Output": [
   "customer.c_last_name", 
   "customer.c_first_name", 
   "store.s_store_name", 
   "customer_address.ca_state", 
   "store.s_state", 
   "item.i_color", 
   "item.i_current_price", 
   "item.i_manager_id", 
   "item.i_units", 
   "item.i_size", 
   "sum(store_sales.ss_ext_sales_price)"
  ], 
  "Group Key": [
   "customer.c_last_name", 
   "customer.c_first_name", 
   "store.s_store_name", 
   "customer_address.ca_state", 
   "store.s_state", 
   "item.i_color", 
   "item.i_current_price", 
   "item.i_manager_id", 
   "item.i_units", 
   "item.i_size"
  ], 
  "Parent Relationship": "InitPlan", 
  "Subplan Name": "CTE ssales", 
  "Total Cost": 37.85
 }, 
 {
  "Partial Mode": "Simple", 
  "Startup Cost": 0.02, 
  "plan_id": 510, 
  "Plans": [
   511
  ], 
  "Plan Rows": 1, 
  "Strategy": "Plain", 
  "filename": "plans/query24a.json", 
  "Parallel Aware": false, 
  "Parent Relationship": "InitPlan", 
  "Output": [
   "(0.05 * avg(ssales_1.netpaid))"
  ], 
  "Plan Width": 32, 
  "Subplan Name": "InitPlan 2 (returns $5)", 
  "Node Type": "Aggregate", 
  "Total Cost": 0.04
 }, 
 {
  "Startup Cost": 0.0, 
  "plan_id": 512, 
  "CTE Name": "ssales", 
  "Node Type": "CTE Scan", 
  "Plan Rows": 1, 
  "Filter": "(ssales.i_color = 'antique'::bpchar)", 
  "Alias": "ssales", 
  "filename": "plans/query24a.json", 
  "Parallel Aware": false, 
  "Parent Relationship": "Outer", 
  "Output": [
   "ssales.c_last_name", 
   "ssales.c_first_name", 
   "ssales.s_store_name", 
   "ssales.ca_state", 
   "ssales.s_state", 
   "ssales.i_color", 
   "ssales.i_current_price", 
   "ssales.i_manager_id", 
   "ssales.i_units", 
   "ssales.i_size", 
   "ssales.netpaid"
  ], 
  "Plan Width": 358, 
  "Total Cost": 0.02
 }, 
 {
  "Partial Mode": "Simple", 
  "Startup Cost": 37.93, 
  "filename": "plans/query24a.json", 
  "plan_id": 494, 
  "Plans": [
   495, 
   510, 
   512
  ], 
  "Node Type": "Aggregate", 
  "Strategy": "Hashed", 
  "Filter": "(sum(ssales.netpaid) > $5)", 
  "Plan Rows": 1, 
  "Parallel Aware": false, 
  "Output": [
   "ssales.c_last_name", 
   "ssales.c_first_name", 
   "ssales.s_store_name", 
   "sum(ssales.netpaid)"
  ], 
  "Group Key": [
   "ssales.c_last_name", 
   "ssales.c_first_name", 
   "ssales.s_store_name"
  ], 
  "Plan Width": 358, 
  "Total Cost": 37.94
 }, 
 {
  "Relation Name": "date_dim", 
  "Startup Cost": 0.0, 
  "plan_id": 525, 
  "Node Type": "Seq Scan", 
  "Plan Rows": 1, 
  "Filter": "((d3.d_moy >= 4) AND (d3.d_moy <= 10) AND (d3.d_year = 2002))", 
  "Alias": "d3", 
  "filename": "plans/query25.json", 
  "Schema": "pg_temp_2", 
  "Parallel Aware": false, 
  "Parent Relationship": "Outer", 
  "Output": [
   "d3.d_date_sk"
  ], 
  "Plan Width": 4, 
  "Total Cost": 14.73
 }, 
 {
  "Startup Cost": 0.0, 
  "plan_id": 523, 
  "Node Type": "Seq Scan", 
  "Plan Rows": 260, 
  "Relation Name": "catalog_sales", 
  "Alias": "catalog_sales", 
  "filename": "plans/query25.json", 
  "Schema": "pg_temp_2", 
  "Parallel Aware": false, 
  "Parent Relationship": "Outer", 
  "Output": [
   "catalog_sales.cs_sold_date_sk", 
   "catalog_sales.cs_sold_time_sk", 
   "catalog_sales.cs_ship_date_sk", 
   "catalog_sales.cs_bill_customer_sk", 
   "catalog_sales.cs_bill_cdemo_sk", 
   "catalog_sales.cs_bill_hdemo_sk", 
   "catalog_sales.cs_bill_addr_sk", 
   "catalog_sales.cs_ship_customer_sk", 
   "catalog_sales.cs_ship_cdemo_sk", 
   "catalog_sales.cs_ship_hdemo_sk", 
   "catalog_sales.cs_ship_addr_sk", 
   "catalog_sales.cs_call_center_sk", 
   "catalog_sales.cs_catalog_page_sk", 
   "catalog_sales.cs_ship_mode_sk", 
   "catalog_sales.cs_warehouse_sk", 
   "catalog_sales.cs_item_sk", 
   "catalog_sales.cs_promo_sk", 
   "catalog_sales.cs_order_number", 
   "catalog_sales.cs_quantity", 
   "catalog_sales.cs_wholesale_cost", 
   "catalog_sales.cs_list_price", 
   "catalog_sales.cs_sales_price", 
   "catalog_sales.cs_ext_discount_amt", 
   "catalog_sales.cs_ext_sales_price", 
   "catalog_sales.cs_ext_wholesale_cost", 
   "catalog_sales.cs_ext_list_price", 
   "catalog_sales.cs_ext_tax", 
   "catalog_sales.cs_coupon_amt", 
   "catalog_sales.cs_ext_ship_cost", 
   "catalog_sales.cs_net_paid", 
   "catalog_sales.cs_net_paid_inc_tax", 
   "catalog_sales.cs_net_paid_inc_ship", 
   "catalog_sales.cs_net_paid_inc_ship_tax", 
   "catalog_sales.cs_net_profit"
  ], 
  "Plan Width": 26, 
  "Total Cost": 12.6
 }, 
 {
  "Startup Cost": 14.73, 
  "plan_id": 524, 
  "Plans": [
   525
  ], 
  "Plan Rows": 1, 
  "Node Type": "Hash", 
  "filename": "plans/query25.json", 
  "Parallel Aware": false, 
  "Parent Relationship": "Inner", 
  "Output": [
   "d3.d_date_sk"
  ], 
  "Plan Width": 4, 
  "Total Cost": 14.73
 }, 
 {
  "Startup Cost": 14.74, 
  "Plan Width": 22, 
  "plan_id": 522, 
  "Plans": [
   523, 
   524
  ], 
  "Plan Rows": 1, 
  "Node Type": "Hash Join", 
  "Join Type": "Inner", 
  "filename": "plans/query25.json", 
  "Parallel Aware": false, 
  "Output": [
   "catalog_sales.cs_net_profit", 
   "catalog_sales.cs_bill_customer_sk", 
   "catalog_sales.cs_item_sk"
  ], 
  "Hash Cond": "(catalog_sales.cs_sold_date_sk = d3.d_date_sk)", 
  "Parent Relationship": "Outer", 
  "Total Cost": 28.32
 }, 
 {
  "Filter": "(catalog_sales.cs_bill_customer_sk = store_returns.sr_customer_sk)", 
  "Startup Cost": 0.15, 
  "filename": "plans/query25.json", 
  "plan_id": 526, 
  "Scan Direction": "Forward", 
  "Index Cond": "(store_returns.sr_item_sk = catalog_sales.cs_item_sk)", 
  "Node Type": "Index Scan", 
  "Relation Name": "store_returns", 
  "Alias": "store_returns", 
  "Plan Rows": 1, 
  "Schema": "pg_temp_2", 
  "Parallel Aware": false, 
  "Parent Relationship": "Inner", 
  "Output": [
   "store_returns.sr_returned_date_sk", 
   "store_returns.sr_return_time_sk", 
   "store_returns.sr_item_sk", 
   "store_returns.sr_customer_sk", 
   "store_returns.sr_cdemo_sk", 
   "store_returns.sr_hdemo_sk", 
   "store_returns.sr_addr_sk", 
   "store_returns.sr_store_sk", 
   "store_returns.sr_reason_sk", 
   "store_returns.sr_ticket_number", 
   "store_returns.sr_return_quantity", 
   "store_returns.sr_return_amt", 
   "store_returns.sr_return_tax", 
   "store_returns.sr_return_amt_inc_tax", 
   "store_returns.sr_fee", 
   "store_returns.sr_return_ship_cost", 
   "store_returns.sr_refunded_cash", 
   "store_returns.sr_reversed_charge", 
   "store_returns.sr_store_credit", 
   "store_returns.sr_net_loss"
  ], 
  "Index Name": "store_returns_pkey", 
  "Plan Width": 30, 
  "Total Cost": 0.36
 }, 
 {
  "Startup Cost": 14.89, 
  "plan_id": 521, 
  "Plans": [
   522, 
   526
  ], 
  "Plan Rows": 1, 
  "Node Type": "Nested Loop", 
  "Join Type": "Inner", 
  "filename": "plans/query25.json", 
  "Parallel Aware": false, 
  "Parent Relationship": "Outer", 
  "Output": [
   "store_returns.sr_net_loss", 
   "store_returns.sr_customer_sk", 
   "store_returns.sr_item_sk", 
   "store_returns.sr_ticket_number", 
   "store_returns.sr_returned_date_sk", 
   "catalog_sales.cs_net_profit", 
   "catalog_sales.cs_bill_customer_sk", 
   "catalog_sales.cs_item_sk"
  ], 
  "Plan Width": 52, 
  "Total Cost": 28.69
 }, 
 {
  "Filter": "(store_returns.sr_customer_sk = store_sales.ss_customer_sk)", 
  "Startup Cost": 0.15, 
  "filename": "plans/query25.json", 
  "plan_id": 527, 
  "Scan Direction": "Forward", 
  "Index Cond": "((store_sales.ss_item_sk = store_returns.sr_item_sk) AND (store_sales.ss_ticket_number = store_returns.sr_ticket_number))", 
  "Node Type": "Index Scan", 
  "Relation Name": "store_sales", 
  "Alias": "store_sales", 
  "Plan Rows": 1, 
  "Schema": "pg_temp_2", 
  "Parallel Aware": false, 
  "Parent Relationship": "Inner", 
  "Output": [
   "store_sales.ss_sold_date_sk", 
   "store_sales.ss_sold_time_sk", 
   "store_sales.ss_item_sk", 
   "store_sales.ss_customer_sk", 
   "store_sales.ss_cdemo_sk", 
   "store_sales.ss_hdemo_sk", 
   "store_sales.ss_addr_sk", 
   "store_sales.ss_store_sk", 
   "store_sales.ss_promo_sk", 
   "store_sales.ss_ticket_number", 
   "store_sales.ss_quantity", 
   "store_sales.ss_wholesale_cost", 
   "store_sales.ss_list_price", 
   "store_sales.ss_sales_price", 
   "store_sales.ss_ext_discount_amt", 
   "store_sales.ss_ext_sales_price", 
   "store_sales.ss_ext_wholesale_cost", 
   "store_sales.ss_ext_list_price", 
   "store_sales.ss_ext_tax", 
   "store_sales.ss_coupon_amt", 
   "store_sales.ss_net_paid", 
   "store_sales.ss_net_paid_inc_tax", 
   "store_sales.ss_net_profit"
  ], 
  "Index Name": "store_sales_pkey", 
  "Plan Width": 34, 
  "Total Cost": 0.28
 }, 
 {
  "Startup Cost": 15.03, 
  "plan_id": 520, 
  "Plans": [
   521, 
   527
  ], 
  "Plan Rows": 1, 
  "Node Type": "Nested Loop", 
  "Join Type": "Inner", 
  "filename": "plans/query25.json", 
  "Parallel Aware": false, 
  "Parent Relationship": "Outer", 
  "Output": [
   "store_sales.ss_net_profit", 
   "store_sales.ss_sold_date_sk", 
   "store_sales.ss_item_sk", 
   "store_sales.ss_store_sk", 
   "store_returns.sr_net_loss", 
   "store_returns.sr_item_sk", 
   "store_returns.sr_returned_date_sk", 
   "catalog_sales.cs_net_profit", 
   "catalog_sales.cs_item_sk"
  ], 
  "Plan Width": 66, 
  "Total Cost": 28.98
 }, 
 {
  "Filter": "((d1.d_moy = 4) AND (d1.d_year = 2002))", 
  "Startup Cost": 0.15, 
  "filename": "plans/query25.json", 
  "plan_id": 528, 
  "Scan Direction": "Forward", 
  "Index Cond": "(d1.d_date_sk = store_sales.ss_sold_date_sk)", 
  "Node Type": "Index Scan", 
  "Relation Name": "date_dim", 
  "Alias": "d1", 
  "Plan Rows": 1, 
  "Schema": "pg_temp_2", 
  "Parallel Aware": false, 
  "Parent Relationship": "Inner", 
  "Output": [
   "d1.d_date_sk", 
   "d1.d_date_id", 
   "d1.d_date", 
   "d1.d_month_seq", 
   "d1.d_week_seq", 
   "d1.d_quarter_seq", 
   "d1.d_year", 
   "d1.d_dow", 
   "d1.d_moy", 
   "d1.d_dom", 
   "d1.d_qoy", 
   "d1.d_fy_year", 
   "d1.d_fy_quarter_seq", 
   "d1.d_fy_week_seq", 
   "d1.d_day_name", 
   "d1.d_quarter_name", 
   "d1.d_holiday", 
   "d1.d_weekend", 
   "d1.d_following_holiday", 
   "d1.d_first_dom", 
   "d1.d_last_dom", 
   "d1.d_same_day_ly", 
   "d1.d_same_day_lq", 
   "d1.d_current_day", 
   "d1.d_current_week", 
   "d1.d_current_month", 
   "d1.d_current_quarter", 
   "d1.d_current_year"
  ], 
  "Index Name": "date_dim_pkey", 
  "Plan Width": 4, 
  "Total Cost": 0.3
 }, 
 {
  "Startup Cost": 15.18, 
  "plan_id": 519, 
  "Plans": [
   520, 
   528
  ], 
  "Plan Rows": 1, 
  "Node Type": "Nested Loop", 
  "Join Type": "Inner", 
  "filename": "plans/query25.json", 
  "Parallel Aware": false, 
  "Parent Relationship": "Outer", 
  "Output": [
   "store_sales.ss_net_profit", 
   "store_sales.ss_item_sk", 
   "store_sales.ss_store_sk", 
   "store_returns.sr_net_loss", 
   "store_returns.sr_item_sk", 
   "store_returns.sr_returned_date_sk", 
   "catalog_sales.cs_net_profit", 
   "catalog_sales.cs_item_sk"
  ], 
  "Plan Width": 62, 
  "Total Cost": 29.29
 }, 
 {
  "Filter": "((d2.d_moy >= 4) AND (d2.d_moy <= 10) AND (d2.d_year = 2002))", 
  "Startup Cost": 0.15, 
  "filename": "plans/query25.json", 
  "plan_id": 529, 
  "Scan Direction": "Forward", 
  "Index Cond": "(d2.d_date_sk = store_returns.sr_returned_date_sk)", 
  "Node Type": "Index Scan", 
  "Relation Name": "date_dim", 
  "Alias": "d2", 
  "Plan Rows": 1, 
  "Schema": "pg_temp_2", 
  "Parallel Aware": false, 
  "Parent Relationship": "Inner", 
  "Output": [
   "d2.d_date_sk", 
   "d2.d_date_id", 
   "d2.d_date", 
   "d2.d_month_seq", 
   "d2.d_week_seq", 
   "d2.d_quarter_seq", 
   "d2.d_year", 
   "d2.d_dow", 
   "d2.d_moy", 
   "d2.d_dom", 
   "d2.d_qoy", 
   "d2.d_fy_year", 
   "d2.d_fy_quarter_seq", 
   "d2.d_fy_week_seq", 
   "d2.d_day_name", 
   "d2.d_quarter_name", 
   "d2.d_holiday", 
   "d2.d_weekend", 
   "d2.d_following_holiday", 
   "d2.d_first_dom", 
   "d2.d_last_dom", 
   "d2.d_same_day_ly", 
   "d2.d_same_day_lq", 
   "d2.d_current_day", 
   "d2.d_current_week", 
   "d2.d_current_month", 
   "d2.d_current_quarter", 
   "d2.d_current_year"
  ], 
  "Index Name": "date_dim_pkey", 
  "Plan Width": 4, 
  "Total Cost": 0.28
 }, 
 {
  "Startup Cost": 15.33, 
  "plan_id": 518, 
  "Plans": [
   519, 
   529
  ], 
  "Plan Rows": 1, 
  "Node Type": "Nested Loop", 
  "Join Type": "Inner", 
  "filename": "plans/query25.json", 
  "Parallel Aware": false, 
  "Parent Relationship": "Outer", 
  "Output": [
   "store_sales.ss_net_profit", 
   "store_sales.ss_item_sk", 
   "store_sales.ss_store_sk", 
   "store_returns.sr_net_loss", 
   "store_returns.sr_item_sk", 
   "catalog_sales.cs_net_profit", 
   "catalog_sales.cs_item_sk"
  ], 
  "Plan Width": 58, 
  "Total Cost": 29.58
 }, 
 {
  "Startup Cost": 0.14, 
  "filename": "plans/query25.json", 
  "plan_id": 530, 
  "Scan Direction": "Forward", 
  "Index Cond": "(store.s_store_sk = store_sales.ss_store_sk)", 
  "Node Type": "Index Scan", 
  "Relation Name": "store", 
  "Alias": "store", 
  "Plan Rows": 1, 
  "Schema": "pg_temp_2", 
  "Parallel Aware": false, 
  "Parent Relationship": "Inner", 
  "Output": [
   "store.s_store_sk", 
   "store.s_store_id", 
   "store.s_rec_start_date", 
   "store.s_rec_end_date", 
   "store.s_closed_date_sk", 
   "store.s_store_name", 
   "store.s_number_employees", 
   "store.s_floor_space", 
   "store.s_hours", 
   "store.s_manager", 
   "store.s_market_id", 
   "store.s_geography_class", 
   "store.s_market_desc", 
   "store.s_market_manager", 
   "store.s_division_id", 
   "store.s_division_name", 
   "store.s_company_id", 
   "store.s_company_name", 
   "store.s_street_number", 
   "store.s_street_name", 
   "store.s_street_type", 
   "store.s_suite_number", 
   "store.s_city", 
   "store.s_county", 
   "store.s_state", 
   "store.s_zip", 
   "store.s_country", 
   "store.s_gmt_offset", 
   "store.s_tax_precentage"
  ], 
  "Index Name": "store_pkey", 
  "Plan Width": 190, 
  "Total Cost": 0.29
 }, 
 {
  "Startup Cost": 15.47, 
  "plan_id": 517, 
  "Plans": [
   518, 
   530
  ], 
  "Plan Rows": 1, 
  "Node Type": "Nested Loop", 
  "Join Type": "Inner", 
  "filename": "plans/query25.json", 
  "Parallel Aware": false, 
  "Parent Relationship": "Outer", 
  "Output": [
   "store_sales.ss_net_profit", 
   "store_sales.ss_item_sk", 
   "store_returns.sr_net_loss", 
   "store_returns.sr_item_sk", 
   "catalog_sales.cs_net_profit", 
   "catalog_sales.cs_item_sk", 
   "store.s_store_id", 
   "store.s_store_name"
  ], 
  "Plan Width": 240, 
  "Total Cost": 29.87
 }, 
 {
  "Startup Cost": 0.14, 
  "filename": "plans/query25.json", 
  "plan_id": 531, 
  "Scan Direction": "Forward", 
  "Index Cond": "(item.i_item_sk = store_returns.sr_item_sk)", 
  "Node Type": "Index Scan", 
  "Relation Name": "item", 
  "Alias": "item", 
  "Plan Rows": 1, 
  "Schema": "pg_temp_2", 
  "Parallel Aware": false, 
  "Parent Relationship": "Inner", 
  "Output": [
   "item.i_item_sk", 
   "item.i_item_id", 
   "item.i_rec_start_date", 
   "item.i_rec_end_date", 
   "item.i_item_desc", 
   "item.i_current_price", 
   "item.i_wholesale_cost", 
   "item.i_brand_id", 
   "item.i_brand", 
   "item.i_class_id", 
   "item.i_class", 
   "item.i_category_id", 
   "item.i_category", 
   "item.i_manufact_id", 
   "item.i_manufact", 
   "item.i_size", 
   "item.i_formulation", 
   "item.i_color", 
   "item.i_units", 
   "item.i_container", 
   "item.i_manager_id", 
   "item.i_product_name"
  ], 
  "Index Name": "item_pkey", 
  "Plan Width": 490, 
  "Total Cost": 0.26
 }, 
 {
  "Startup Cost": 15.61, 
  "plan_id": 516, 
  "Plans": [
   517, 
   531
  ], 
  "Plan Rows": 1, 
  "Node Type": "Nested Loop", 
  "Join Type": "Inner", 
  "filename": "plans/query25.json", 
  "Parallel Aware": false, 
  "Parent Relationship": "Outer", 
  "Output": [
   "item.i_item_id", 
   "item.i_item_desc", 
   "store.s_store_id", 
   "store.s_store_name", 
   "store_sales.ss_net_profit", 
   "store_returns.sr_net_loss", 
   "catalog_sales.cs_net_profit"
  ], 
  "Plan Width": 714, 
  "Join Filter": "(store_sales.ss_item_sk = item.i_item_sk)", 
  "Total Cost": 30.15
 }, 
 {
  "Startup Cost": 30.16, 
  "plan_id": 515, 
  "Plans": [
   516
  ], 
  "Sort Key": [
   "item.i_item_id", 
   "item.i_item_desc", 
   "store.s_store_id", 
   "store.s_store_name"
  ], 
  "Plan Rows": 1, 
  "Node Type": "Sort", 
  "filename": "plans/query25.json", 
  "Parallel Aware": false, 
  "Parent Relationship": "Outer", 
  "Output": [
   "item.i_item_id", 
   "item.i_item_desc", 
   "store.s_store_id", 
   "store.s_store_name", 
   "store_sales.ss_net_profit", 
   "store_returns.sr_net_loss", 
   "catalog_sales.cs_net_profit"
  ], 
  "Plan Width": 714, 
  "Total Cost": 30.17
 }, 
 {
  "Partial Mode": "Simple", 
  "Startup Cost": 30.16, 
  "Plan Width": 768, 
  "plan_id": 514, 
  "Plans": [
   515
  ], 
  "filename": "plans/query25.json", 
  "Node Type": "Aggregate", 
  "Strategy": "Sorted", 
  "Plan Rows": 1, 
  "Parallel Aware": false, 
  "Output": [
   "item.i_item_id", 
   "item.i_item_desc", 
   "store.s_store_id", 
   "store.s_store_name", 
   "sum(store_sales.ss_net_profit)", 
   "sum(store_returns.sr_net_loss)", 
   "sum(catalog_sales.cs_net_profit)"
  ], 
  "Group Key": [
   "item.i_item_id", 
   "item.i_item_desc", 
   "store.s_store_id", 
   "store.s_store_name"
  ], 
  "Parent Relationship": "Outer", 
  "Total Cost": 30.2
 }, 
 {
  "Startup Cost": 30.16, 
  "plan_id": 513, 
  "Plans": [
   514
  ], 
  "Plan Rows": 1, 
  "Node Type": "Limit", 
  "filename": "plans/query25.json", 
  "Parallel Aware": false, 
  "Output": [
   "item.i_item_id", 
   "item.i_item_desc", 
   "store.s_store_id", 
   "store.s_store_name", 
   "(sum(store_sales.ss_net_profit))", 
   "(sum(store_returns.sr_net_loss))", 
   "(sum(catalog_sales.cs_net_profit))"
  ], 
  "Plan Width": 768, 
  "Total Cost": 30.2
 }, 
 {
  "Relation Name": "promotion", 
  "Startup Cost": 0.0, 
  "plan_id": 541, 
  "Node Type": "Seq Scan", 
  "Plan Rows": 2, 
  "Filter": "((promotion.p_channel_email = 'N'::bpchar) OR (promotion.p_channel_event = 'N'::bpchar))", 
  "Alias": "promotion", 
  "filename": "plans/query26.json", 
  "Schema": "pg_temp_2", 
  "Parallel Aware": false, 
  "Parent Relationship": "Outer", 
  "Output": [
   "promotion.p_promo_sk"
  ], 
  "Plan Width": 4, 
  "Total Cost": 11.65
 }, 
 {
  "Startup Cost": 0.0, 
  "plan_id": 539, 
  "Node Type": "Seq Scan", 
  "Plan Rows": 260, 
  "Relation Name": "catalog_sales", 
  "Alias": "catalog_sales", 
  "filename": "plans/query26.json", 
  "Schema": "pg_temp_2", 
  "Parallel Aware": false, 
  "Parent Relationship": "Outer", 
  "Output": [
   "catalog_sales.cs_sold_date_sk", 
   "catalog_sales.cs_sold_time_sk", 
   "catalog_sales.cs_ship_date_sk", 
   "catalog_sales.cs_bill_customer_sk", 
   "catalog_sales.cs_bill_cdemo_sk", 
   "catalog_sales.cs_bill_hdemo_sk", 
   "catalog_sales.cs_bill_addr_sk", 
   "catalog_sales.cs_ship_customer_sk", 
   "catalog_sales.cs_ship_cdemo_sk", 
   "catalog_sales.cs_ship_hdemo_sk", 
   "catalog_sales.cs_ship_addr_sk", 
   "catalog_sales.cs_call_center_sk", 
   "catalog_sales.cs_catalog_page_sk", 
   "catalog_sales.cs_ship_mode_sk", 
   "catalog_sales.cs_warehouse_sk", 
   "catalog_sales.cs_item_sk", 
   "catalog_sales.cs_promo_sk", 
   "catalog_sales.cs_order_number", 
   "catalog_sales.cs_quantity", 
   "catalog_sales.cs_wholesale_cost", 
   "catalog_sales.cs_list_price", 
   "catalog_sales.cs_sales_price", 
   "catalog_sales.cs_ext_discount_amt", 
   "catalog_sales.cs_ext_sales_price", 
   "catalog_sales.cs_ext_wholesale_cost", 
   "catalog_sales.cs_ext_list_price", 
   "catalog_sales.cs_ext_tax", 
   "catalog_sales.cs_coupon_amt", 
   "catalog_sales.cs_ext_ship_cost", 
   "catalog_sales.cs_net_paid", 
   "catalog_sales.cs_net_paid_inc_tax", 
   "catalog_sales.cs_net_paid_inc_ship", 
   "catalog_sales.cs_net_paid_inc_ship_tax", 
   "catalog_sales.cs_net_profit"
  ], 
  "Plan Width": 62, 
  "Total Cost": 12.6
 }, 
 {
  "Startup Cost": 11.65, 
  "plan_id": 540, 
  "Plans": [
   541
  ], 
  "Plan Rows": 2, 
  "Node Type": "Hash", 
  "filename": "plans/query26.json", 
  "Parallel Aware": false, 
  "Parent Relationship": "Inner", 
  "Output": [
   "promotion.p_promo_sk"
  ], 
  "Plan Width": 4, 
  "Total Cost": 11.65
 }, 
 {
  "Startup Cost": 11.68, 
  "Plan Width": 58, 
  "plan_id": 538, 
  "Plans": [
   539, 
   540
  ], 
  "Plan Rows": 3, 
  "Node Type": "Hash Join", 
  "Join Type": "Inner", 
  "filename": "plans/query26.json", 
  "Parallel Aware": false, 
  "Output": [
   "catalog_sales.cs_quantity", 
   "catalog_sales.cs_list_price", 
   "catalog_sales.cs_coupon_amt", 
   "catalog_sales.cs_sales_price", 
   "catalog_sales.cs_sold_date_sk", 
   "catalog_sales.cs_item_sk", 
   "catalog_sales.cs_bill_cdemo_sk"
  ], 
  "Hash Cond": "(catalog_sales.cs_promo_sk = promotion.p_promo_sk)", 
  "Parent Relationship": "Outer", 
  "Total Cost": 25.28
 }, 
 {
  "Startup Cost": 0.14, 
  "filename": "plans/query26.json", 
  "plan_id": 542, 
  "Scan Direction": "Forward", 
  "Index Cond": "(item.i_item_sk = catalog_sales.cs_item_sk)", 
  "Node Type": "Index Scan", 
  "Relation Name": "item", 
  "Alias": "item", 
  "Plan Rows": 1, 
  "Schema": "pg_temp_2", 
  "Parallel Aware": false, 
  "Parent Relationship": "Inner", 
  "Output": [
   "item.i_item_sk", 
   "item.i_item_id", 
   "item.i_rec_start_date", 
   "item.i_rec_end_date", 
   "item.i_item_desc", 
   "item.i_current_price", 
   "item.i_wholesale_cost", 
   "item.i_brand_id", 
   "item.i_brand", 
   "item.i_class_id", 
   "item.i_class", 
   "item.i_category_id", 
   "item.i_category", 
   "item.i_manufact_id", 
   "item.i_manufact", 
   "item.i_size", 
   "item.i_formulation", 
   "item.i_color", 
   "item.i_units", 
   "item.i_container", 
   "item.i_manager_id", 
   "item.i_product_name"
  ], 
  "Index Name": "item_pkey", 
  "Plan Width": 72, 
  "Total Cost": 0.33
 }, 
 {
  "Startup Cost": 11.82, 
  "plan_id": 537, 
  "Plans": [
   538, 
   542
  ], 
  "Plan Rows": 1, 
  "Node Type": "Nested Loop", 
  "Join Type": "Inner", 
  "filename": "plans/query26.json", 
  "Parallel Aware": false, 
  "Parent Relationship": "Outer", 
  "Output": [
   "catalog_sales.cs_quantity", 
   "catalog_sales.cs_list_price", 
   "catalog_sales.cs_coupon_amt", 
   "catalog_sales.cs_sales_price", 
   "catalog_sales.cs_sold_date_sk", 
   "catalog_sales.cs_bill_cdemo_sk", 
   "item.i_item_id"
  ], 
  "Plan Width": 122, 
  "Total Cost": 26.29
 }, 
 {
  "Filter": "((customer_demographics.cd_gender = 'F'::bpchar) AND (customer_demographics.cd_marital_status = 'S'::bpchar) AND (customer_demographics.cd_education_status = 'Secondary'::bpchar))", 
  "Startup Cost": 0.15, 
  "filename": "plans/query26.json", 
  "plan_id": 543, 
  "Scan Direction": "Forward", 
  "Index Cond": "(customer_demographics.cd_demo_sk = catalog_sales.cs_bill_cdemo_sk)", 
  "Node Type": "Index Scan", 
  "Relation Name": "customer_demographics", 
  "Alias": "customer_demographics", 
  "Plan Rows": 1, 
  "Schema": "pg_temp_2", 
  "Parallel Aware": false, 
  "Parent Relationship": "Inner", 
  "Output": [
   "customer_demographics.cd_demo_sk", 
   "customer_demographics.cd_gender", 
   "customer_demographics.cd_marital_status", 
   "customer_demographics.cd_education_status", 
   "customer_demographics.cd_purchase_estimate", 
   "customer_demographics.cd_credit_rating", 
   "customer_demographics.cd_dep_count", 
   "customer_demographics.cd_dep_employed_count", 
   "customer_demographics.cd_dep_college_count"
  ], 
  "Index Name": "customer_demographics_pkey", 
  "Plan Width": 4, 
  "Total Cost": 0.34
 }, 
 {
  "Startup Cost": 11.96, 
  "plan_id": 536, 
  "Plans": [
   537, 
   543
  ], 
  "Plan Rows": 1, 
  "Node Type": "Nested Loop", 
  "Join Type": "Inner", 
  "filename": "plans/query26.json", 
  "Parallel Aware": false, 
  "Parent Relationship": "Outer", 
  "Output": [
   "catalog_sales.cs_quantity", 
   "catalog_sales.cs_list_price", 
   "catalog_sales.cs_coupon_amt", 
   "catalog_sales.cs_sales_price", 
   "catalog_sales.cs_sold_date_sk", 
   "item.i_item_id"
  ], 
  "Plan Width": 118, 
  "Total Cost": 26.64
 }, 
 {
  "Filter": "(date_dim.d_year = 1998)", 
  "Startup Cost": 0.15, 
  "filename": "plans/query26.json", 
  "plan_id": 544, 
  "Scan Direction": "Forward", 
  "Index Cond": "(date_dim.d_date_sk = catalog_sales.cs_sold_date_sk)", 
  "Node Type": "Index Scan", 
  "Relation Name": "date_dim", 
  "Alias": "date_dim", 
  "Plan Rows": 1, 
  "Schema": "pg_temp_2", 
  "Parallel Aware": false, 
  "Parent Relationship": "Inner", 
  "Output": [
   "date_dim.d_date_sk", 
   "date_dim.d_date_id", 
   "date_dim.d_date", 
   "date_dim.d_month_seq", 
   "date_dim.d_week_seq", 
   "date_dim.d_quarter_seq", 
   "date_dim.d_year", 
   "date_dim.d_dow", 
   "date_dim.d_moy", 
   "date_dim.d_dom", 
   "date_dim.d_qoy", 
   "date_dim.d_fy_year", 
   "date_dim.d_fy_quarter_seq", 
   "date_dim.d_fy_week_seq", 
   "date_dim.d_day_name", 
   "date_dim.d_quarter_name", 
   "date_dim.d_holiday", 
   "date_dim.d_weekend", 
   "date_dim.d_following_holiday", 
   "date_dim.d_first_dom", 
   "date_dim.d_last_dom", 
   "date_dim.d_same_day_ly", 
   "date_dim.d_same_day_lq", 
   "date_dim.d_current_day", 
   "date_dim.d_current_week", 
   "date_dim.d_current_month", 
   "date_dim.d_current_quarter", 
   "date_dim.d_current_year"
  ], 
  "Index Name": "date_dim_pkey", 
  "Plan Width": 4, 
  "Total Cost": 0.34
 }, 
 {
  "Startup Cost": 12.11, 
  "plan_id": 535, 
  "Plans": [
   536, 
   544
  ], 
  "Plan Rows": 1, 
  "Node Type": "Nested Loop", 
  "Join Type": "Inner", 
  "filename": "plans/query26.json", 
  "Parallel Aware": false, 
  "Parent Relationship": "Outer", 
  "Output": [
   "item.i_item_id", 
   "catalog_sales.cs_quantity", 
   "catalog_sales.cs_list_price", 
   "catalog_sales.cs_coupon_amt", 
   "catalog_sales.cs_sales_price"
  ], 
  "Plan Width": 114, 
  "Total Cost": 26.99
 }, 
 {
  "Startup Cost": 27.0, 
  "plan_id": 534, 
  "Plans": [
   535
  ], 
  "Sort Key": [
   "item.i_item_id"
  ], 
  "Plan Rows": 1, 
  "Node Type": "Sort", 
  "filename": "plans/query26.json", 
  "Parallel Aware": false, 
  "Parent Relationship": "Outer", 
  "Output": [
   "item.i_item_id", 
   "catalog_sales.cs_quantity", 
   "catalog_sales.cs_list_price", 
   "catalog_sales.cs_coupon_amt", 
   "catalog_sales.cs_sales_price"
  ], 
  "Plan Width": 114, 
  "Total Cost": 27.0
 }, 
 {
  "Partial Mode": "Simple", 
  "Startup Cost": 27.0, 
  "Plan Width": 196, 
  "plan_id": 533, 
  "Plans": [
   534
  ], 
  "filename": "plans/query26.json", 
  "Node Type": "Aggregate", 
  "Strategy": "Sorted", 
  "Plan Rows": 1, 
  "Parallel Aware": false, 
  "Output": [
   "item.i_item_id", 
   "avg(catalog_sales.cs_quantity)", 
   "avg(catalog_sales.cs_list_price)", 
   "avg(catalog_sales.cs_coupon_amt)", 
   "avg(catalog_sales.cs_sales_price)"
  ], 
  "Group Key": [
   "item.i_item_id"
  ], 
  "Parent Relationship": "Outer", 
  "Total Cost": 27.04
 }, 
 {
  "Startup Cost": 27.0, 
  "plan_id": 532, 
  "Plans": [
   533
  ], 
  "Plan Rows": 1, 
  "Node Type": "Limit", 
  "filename": "plans/query26.json", 
  "Parallel Aware": false, 
  "Output": [
   "item.i_item_id", 
   "(avg(catalog_sales.cs_quantity))", 
   "(avg(catalog_sales.cs_list_price))", 
   "(avg(catalog_sales.cs_coupon_amt))", 
   "(avg(catalog_sales.cs_sales_price))"
  ], 
  "Plan Width": 196, 
  "Total Cost": 27.04
 }, 
 {
  "Relation Name": "store", 
  "Startup Cost": 0.0, 
  "plan_id": 554, 
  "Node Type": "Seq Scan", 
  "Plan Rows": 6, 
  "Filter": "(store.s_state = ANY ('{TN,TN,TN,TN,TN,TN}'::bpchar[]))", 
  "Alias": "store", 
  "filename": "plans/query27.json", 
  "Schema": "pg_temp_2", 
  "Parallel Aware": false, 
  "Parent Relationship": "Outer", 
  "Output": [
   "store.s_state", 
   "store.s_store_sk"
  ], 
  "Plan Width": 16, 
  "Total Cost": 10.7
 }, 
 {
  "Startup Cost": 0.0, 
  "plan_id": 552, 
  "Node Type": "Seq Scan", 
  "Plan Rows": 340, 
  "Relation Name": "store_sales", 
  "Alias": "store_sales", 
  "filename": "plans/query27.json", 
  "Schema": "pg_temp_2", 
  "Parallel Aware": false, 
  "Parent Relationship": "Outer", 
  "Output": [
   "store_sales.ss_sold_date_sk", 
   "store_sales.ss_sold_time_sk", 
   "store_sales.ss_item_sk", 
   "store_sales.ss_customer_sk", 
   "store_sales.ss_cdemo_sk", 
   "store_sales.ss_hdemo_sk", 
   "store_sales.ss_addr_sk", 
   "store_sales.ss_store_sk", 
   "store_sales.ss_promo_sk", 
   "store_sales.ss_ticket_number", 
   "store_sales.ss_quantity", 
   "store_sales.ss_wholesale_cost", 
   "store_sales.ss_list_price", 
   "store_sales.ss_sales_price", 
   "store_sales.ss_ext_discount_amt", 
   "store_sales.ss_ext_sales_price", 
   "store_sales.ss_ext_wholesale_cost", 
   "store_sales.ss_ext_list_price", 
   "store_sales.ss_ext_tax", 
   "store_sales.ss_coupon_amt", 
   "store_sales.ss_net_paid", 
   "store_sales.ss_net_paid_inc_tax", 
   "store_sales.ss_net_profit"
  ], 
  "Plan Width": 62, 
  "Total Cost": 13.4
 }, 
 {
  "Startup Cost": 10.7, 
  "plan_id": 553, 
  "Plans": [
   554
  ], 
  "Plan Rows": 6, 
  "Node Type": "Hash", 
  "filename": "plans/query27.json", 
  "Parallel Aware": false, 
  "Parent Relationship": "Inner", 
  "Output": [
   "store.s_state", 
   "store.s_store_sk"
  ], 
  "Plan Width": 16, 
  "Total Cost": 10.7
 }, 
 {
  "Startup Cost": 10.77, 
  "Plan Width": 70, 
  "plan_id": 551, 
  "Plans": [
   552, 
   553
  ], 
  "Plan Rows": 10, 
  "Node Type": "Hash Join", 
  "Join Type": "Inner", 
  "filename": "plans/query27.json", 
  "Parallel Aware": false, 
  "Output": [
   "store_sales.ss_quantity", 
   "store_sales.ss_list_price", 
   "store_sales.ss_coupon_amt", 
   "store_sales.ss_sales_price", 
   "store_sales.ss_sold_date_sk", 
   "store_sales.ss_item_sk", 
   "store_sales.ss_cdemo_sk", 
   "store.s_state"
  ], 
  "Hash Cond": "(store_sales.ss_store_sk = store.s_store_sk)", 
  "Parent Relationship": "Outer", 
  "Total Cost": 25.55
 }, 
 {
  "Filter": "(date_dim.d_year = 1999)", 
  "Startup Cost": 0.15, 
  "filename": "plans/query27.json", 
  "plan_id": 555, 
  "Scan Direction": "Forward", 
  "Index Cond": "(date_dim.d_date_sk = store_sales.ss_sold_date_sk)", 
  "Node Type": "Index Scan", 
  "Relation Name": "date_dim", 
  "Alias": "date_dim", 
  "Plan Rows": 1, 
  "Schema": "pg_temp_2", 
  "Parallel Aware": false, 
  "Parent Relationship": "Inner", 
  "Output": [
   "date_dim.d_date_sk", 
   "date_dim.d_date_id", 
   "date_dim.d_date", 
   "date_dim.d_month_seq", 
   "date_dim.d_week_seq", 
   "date_dim.d_quarter_seq", 
   "date_dim.d_year", 
   "date_dim.d_dow", 
   "date_dim.d_moy", 
   "date_dim.d_dom", 
   "date_dim.d_qoy", 
   "date_dim.d_fy_year", 
   "date_dim.d_fy_quarter_seq", 
   "date_dim.d_fy_week_seq", 
   "date_dim.d_day_name", 
   "date_dim.d_quarter_name", 
   "date_dim.d_holiday", 
   "date_dim.d_weekend", 
   "date_dim.d_following_holiday", 
   "date_dim.d_first_dom", 
   "date_dim.d_last_dom", 
   "date_dim.d_same_day_ly", 
   "date_dim.d_same_day_lq", 
   "date_dim.d_current_day", 
   "date_dim.d_current_week", 
   "date_dim.d_current_month", 
   "date_dim.d_current_quarter", 
   "date_dim.d_current_year"
  ], 
  "Index Name": "date_dim_pkey", 
  "Plan Width": 4, 
  "Total Cost": 0.3
 }, 
 {
  "Startup Cost": 10.92, 
  "plan_id": 550, 
  "Plans": [
   551, 
   555
  ], 
  "Plan Rows": 1, 
  "Node Type": "Nested Loop", 
  "Join Type": "Inner", 
  "filename": "plans/query27.json", 
  "Parallel Aware": false, 
  "Parent Relationship": "Outer", 
  "Output": [
   "store_sales.ss_quantity", 
   "store_sales.ss_list_price", 
   "store_sales.ss_coupon_amt", 
   "store_sales.ss_sales_price", 
   "store_sales.ss_item_sk", 
   "store_sales.ss_cdemo_sk", 
   "store.s_state"
  ], 
  "Plan Width": 66, 
  "Total Cost": 28.62
 }, 
 {
  "Filter": "((customer_demographics.cd_gender = 'F'::bpchar) AND (customer_demographics.cd_marital_status = 'S'::bpchar) AND (customer_demographics.cd_education_status = 'Secondary'::bpchar))", 
  "Startup Cost": 0.15, 
  "filename": "plans/query27.json", 
  "plan_id": 556, 
  "Scan Direction": "Forward", 
  "Index Cond": "(customer_demographics.cd_demo_sk = store_sales.ss_cdemo_sk)", 
  "Node Type": "Index Scan", 
  "Relation Name": "customer_demographics", 
  "Alias": "customer_demographics", 
  "Plan Rows": 1, 
  "Schema": "pg_temp_2", 
  "Parallel Aware": false, 
  "Parent Relationship": "Inner", 
  "Output": [
   "customer_demographics.cd_demo_sk", 
   "customer_demographics.cd_gender", 
   "customer_demographics.cd_marital_status", 
   "customer_demographics.cd_education_status", 
   "customer_demographics.cd_purchase_estimate", 
   "customer_demographics.cd_credit_rating", 
   "customer_demographics.cd_dep_count", 
   "customer_demographics.cd_dep_employed_count", 
   "customer_demographics.cd_dep_college_count"
  ], 
  "Index Name": "customer_demographics_pkey", 
  "Plan Width": 4, 
  "Total Cost": 0.3
 }, 
 {
  "Startup Cost": 11.07, 
  "plan_id": 549, 
  "Plans": [
   550, 
   556
  ], 
  "Plan Rows": 1, 
  "Node Type": "Nested Loop", 
  "Join Type": "Inner", 
  "filename": "plans/query27.json", 
  "Parallel Aware": false, 
  "Parent Relationship": "Outer", 
  "Output": [
   "store_sales.ss_quantity", 
   "store_sales.ss_list_price", 
   "store_sales.ss_coupon_amt", 
   "store_sales.ss_sales_price", 
   "store_sales.ss_item_sk", 
   "store.s_state"
  ], 
  "Plan Width": 62, 
  "Total Cost": 28.93
 }, 
 {
  "Startup Cost": 0.14, 
  "filename": "plans/query27.json", 
  "plan_id": 557, 
  "Scan Direction": "Forward", 
  "Index Cond": "(item.i_item_sk = store_sales.ss_item_sk)", 
  "Node Type": "Index Scan", 
  "Relation Name": "item", 
  "Alias": "item", 
  "Plan Rows": 1, 
  "Schema": "pg_temp_2", 
  "Parallel Aware": false, 
  "Parent Relationship": "Inner", 
  "Output": [
   "item.i_item_sk", 
   "item.i_item_id", 
   "item.i_rec_start_date", 
   "item.i_rec_end_date", 
   "item.i_item_desc", 
   "item.i_current_price", 
   "item.i_wholesale_cost", 
   "item.i_brand_id", 
   "item.i_brand", 
   "item.i_class_id", 
   "item.i_class", 
   "item.i_category_id", 
   "item.i_category", 
   "item.i_manufact_id", 
   "item.i_manufact", 
   "item.i_size", 
   "item.i_formulation", 
   "item.i_color", 
   "item.i_units", 
   "item.i_container", 
   "item.i_manager_id", 
   "item.i_product_name"
  ], 
  "Index Name": "item_pkey", 
  "Plan Width": 72, 
  "Total Cost": 0.29
 }, 
 {
  "Startup Cost": 11.21, 
  "plan_id": 548, 
  "Plans": [
   549, 
   557
  ], 
  "Plan Rows": 1, 
  "Node Type": "Nested Loop", 
  "Join Type": "Inner", 
  "filename": "plans/query27.json", 
  "Parallel Aware": false, 
  "Parent Relationship": "Outer", 
  "Output": [
   "item.i_item_id", 
   "store.s_state", 
   "store_sales.ss_quantity", 
   "store_sales.ss_list_price", 
   "store_sales.ss_coupon_amt", 
   "store_sales.ss_sales_price"
  ], 
  "Plan Width": 126, 
  "Total Cost": 29.23
 }, 
 {
  "Startup Cost": 29.24, 
  "plan_id": 547, 
  "Plans": [
   548
  ], 
  "Sort Key": [
   "item.i_item_id", 
   "store.s_state"
  ], 
  "Plan Rows": 1, 
  "Node Type": "Sort", 
  "filename": "plans/query27.json", 
  "Parallel Aware": false, 
  "Parent Relationship": "Outer", 
  "Output": [
   "item.i_item_id", 
   "store.s_state", 
   "store_sales.ss_quantity", 
   "store_sales.ss_list_price", 
   "store_sales.ss_coupon_amt", 
   "store_sales.ss_sales_price"
  ], 
  "Plan Width": 126, 
  "Total Cost": 29.24
 }, 
 {
  "Partial Mode": "Simple", 
  "Startup Cost": 29.24, 
  "filename": "plans/query27.json", 
  "plan_id": 546, 
  "Plans": [
   547
  ], 
  "Grouping Sets": [
   {
    "Group Keys": [
     [
      "item.i_item_id", 
      "store.s_state"
     ], 
     [
      "item.i_item_id"
     ], 
     []
    ]
   }
  ], 
  "Node Type": "Aggregate", 
  "Strategy": "Sorted", 
  "Plan Rows": 3, 
  "Parallel Aware": false, 
  "Parent Relationship": "Outer", 
  "Output": [
   "item.i_item_id", 
   "store.s_state", 
   "GROUPING(store.s_state)", 
   "avg(store_sales.ss_quantity)", 
   "avg(store_sales.ss_list_price)", 
   "avg(store_sales.ss_coupon_amt)", 
   "avg(store_sales.ss_sales_price)"
  ], 
  "Plan Width": 212, 
  "Total Cost": 29.32
 }, 
 {
  "Startup Cost": 29.24, 
  "plan_id": 545, 
  "Plans": [
   546
  ], 
  "Plan Rows": 3, 
  "Node Type": "Limit", 
  "filename": "plans/query27.json", 
  "Parallel Aware": false, 
  "Output": [
   "item.i_item_id", 
   "store.s_state", 
   "(GROUPING(store.s_state))", 
   "(avg(store_sales.ss_quantity))", 
   "(avg(store_sales.ss_list_price))", 
   "(avg(store_sales.ss_coupon_amt))", 
   "(avg(store_sales.ss_sales_price))"
  ], 
  "Plan Width": 212, 
  "Total Cost": 29.32
 }, 
 {
  "Relation Name": "store_sales", 
  "Startup Cost": 0.0, 
  "plan_id": 565, 
  "Node Type": "Seq Scan", 
  "Plan Rows": 1, 
  "Filter": "((store_sales.ss_quantity >= 0) AND (store_sales.ss_quantity <= 5) AND (((store_sales.ss_list_price >= '7'::numeric) AND (store_sales.ss_list_price <= '17'::numeric)) OR ((store_sales.ss_coupon_amt >= '1469'::numeric) AND (store_sales.ss_coupon_amt <= '2469'::numeric)) OR ((store_sales.ss_wholesale_cost >= '69'::numeric) AND (store_sales.ss_wholesale_cost <= '89'::numeric))))", 
  "Alias": "store_sales", 
  "filename": "plans/query28.json", 
  "Schema": "pg_temp_2", 
  "Parallel Aware": false, 
  "Parent Relationship": "Outer", 
  "Output": [
   "store_sales.ss_sold_date_sk", 
   "store_sales.ss_sold_time_sk", 
   "store_sales.ss_item_sk", 
   "store_sales.ss_customer_sk", 
   "store_sales.ss_cdemo_sk", 
   "store_sales.ss_hdemo_sk", 
   "store_sales.ss_addr_sk", 
   "store_sales.ss_store_sk", 
   "store_sales.ss_promo_sk", 
   "store_sales.ss_ticket_number", 
   "store_sales.ss_quantity", 
   "store_sales.ss_wholesale_cost", 
   "store_sales.ss_list_price", 
   "store_sales.ss_sales_price", 
   "store_sales.ss_ext_discount_amt", 
   "store_sales.ss_ext_sales_price", 
   "store_sales.ss_ext_wholesale_cost", 
   "store_sales.ss_ext_list_price", 
   "store_sales.ss_ext_tax", 
   "store_sales.ss_coupon_amt", 
   "store_sales.ss_net_paid", 
   "store_sales.ss_net_paid_inc_tax", 
   "store_sales.ss_net_profit"
  ], 
  "Plan Width": 14, 
  "Total Cost": 20.2
 }, 
 {
  "Relation Name": "store_sales", 
  "Startup Cost": 0.0, 
  "plan_id": 567, 
  "Node Type": "Seq Scan", 
  "Plan Rows": 1, 
  "Filter": "((store_sales_1.ss_quantity >= 6) AND (store_sales_1.ss_quantity <= 10) AND (((store_sales_1.ss_list_price >= '36'::numeric) AND (store_sales_1.ss_list_price <= '46'::numeric)) OR ((store_sales_1.ss_coupon_amt >= '3051'::numeric) AND (store_sales_1.ss_coupon_amt <= '4051'::numeric)) OR ((store_sales_1.ss_wholesale_cost >= '16'::numeric) AND (store_sales_1.ss_wholesale_cost <= '36'::numeric))))", 
  "Alias": "store_sales_1", 
  "filename": "plans/query28.json", 
  "Schema": "pg_temp_2", 
  "Parallel Aware": false, 
  "Parent Relationship": "Outer", 
  "Output": [
   "store_sales_1.ss_sold_date_sk", 
   "store_sales_1.ss_sold_time_sk", 
   "store_sales_1.ss_item_sk", 
   "store_sales_1.ss_customer_sk", 
   "store_sales_1.ss_cdemo_sk", 
   "store_sales_1.ss_hdemo_sk", 
   "store_sales_1.ss_addr_sk", 
   "store_sales_1.ss_store_sk", 
   "store_sales_1.ss_promo_sk", 
   "store_sales_1.ss_ticket_number", 
   "store_sales_1.ss_quantity", 
   "store_sales_1.ss_wholesale_cost", 
   "store_sales_1.ss_list_price", 
   "store_sales_1.ss_sales_price", 
   "store_sales_1.ss_ext_discount_amt", 
   "store_sales_1.ss_ext_sales_price", 
   "store_sales_1.ss_ext_wholesale_cost", 
   "store_sales_1.ss_ext_list_price", 
   "store_sales_1.ss_ext_tax", 
   "store_sales_1.ss_coupon_amt", 
   "store_sales_1.ss_net_paid", 
   "store_sales_1.ss_net_paid_inc_tax", 
   "store_sales_1.ss_net_profit"
  ], 
  "Plan Width": 14, 
  "Total Cost": 20.2
 }, 
 {
  "Partial Mode": "Simple", 
  "Startup Cost": 20.21, 
  "plan_id": 564, 
  "Plans": [
   565
  ], 
  "Plan Rows": 1, 
  "Strategy": "Plain", 
  "filename": "plans/query28.json", 
  "Parallel Aware": false, 
  "Parent Relationship": "Outer", 
  "Output": [
   "avg(store_sales.ss_list_price)", 
   "count(store_sales.ss_list_price)", 
   "count(DISTINCT store_sales.ss_list_price)"
  ], 
  "Plan Width": 48, 
  "Node Type": "Aggregate", 
  "Total Cost": 20.22
 }, 
 {
  "Partial Mode": "Simple", 
  "Startup Cost": 20.21, 
  "plan_id": 566, 
  "Plans": [
   567
  ], 
  "Plan Rows": 1, 
  "Strategy": "Plain", 
  "filename": "plans/query28.json", 
  "Parallel Aware": false, 
  "Parent Relationship": "Inner", 
  "Output": [
   "avg(store_sales_1.ss_list_price)", 
   "count(store_sales_1.ss_list_price)", 
   "count(DISTINCT store_sales_1.ss_list_price)"
  ], 
  "Plan Width": 48, 
  "Node Type": "Aggregate", 
  "Total Cost": 20.22
 }, 
 {
  "Relation Name": "store_sales", 
  "Startup Cost": 0.0, 
  "plan_id": 569, 
  "Node Type": "Seq Scan", 
  "Plan Rows": 1, 
  "Filter": "((store_sales_2.ss_quantity >= 11) AND (store_sales_2.ss_quantity <= 15) AND (((store_sales_2.ss_list_price >= '84'::numeric) AND (store_sales_2.ss_list_price <= '94'::numeric)) OR ((store_sales_2.ss_coupon_amt >= '1562'::numeric) AND (store_sales_2.ss_coupon_amt <= '2562'::numeric)) OR ((store_sales_2.ss_wholesale_cost >= '48'::numeric) AND (store_sales_2.ss_wholesale_cost <= '68'::numeric))))", 
  "Alias": "store_sales_2", 
  "filename": "plans/query28.json", 
  "Schema": "pg_temp_2", 
  "Parallel Aware": false, 
  "Parent Relationship": "Outer", 
  "Output": [
   "store_sales_2.ss_sold_date_sk", 
   "store_sales_2.ss_sold_time_sk", 
   "store_sales_2.ss_item_sk", 
   "store_sales_2.ss_customer_sk", 
   "store_sales_2.ss_cdemo_sk", 
   "store_sales_2.ss_hdemo_sk", 
   "store_sales_2.ss_addr_sk", 
   "store_sales_2.ss_store_sk", 
   "store_sales_2.ss_promo_sk", 
   "store_sales_2.ss_ticket_number", 
   "store_sales_2.ss_quantity", 
   "store_sales_2.ss_wholesale_cost", 
   "store_sales_2.ss_list_price", 
   "store_sales_2.ss_sales_price", 
   "store_sales_2.ss_ext_discount_amt", 
   "store_sales_2.ss_ext_sales_price", 
   "store_sales_2.ss_ext_wholesale_cost", 
   "store_sales_2.ss_ext_list_price", 
   "store_sales_2.ss_ext_tax", 
   "store_sales_2.ss_coupon_amt", 
   "store_sales_2.ss_net_paid", 
   "store_sales_2.ss_net_paid_inc_tax", 
   "store_sales_2.ss_net_profit"
  ], 
  "Plan Width": 14, 
  "Total Cost": 20.2
 }, 
 {
  "Startup Cost": 40.42, 
  "plan_id": 563, 
  "Plans": [
   564, 
   566
  ], 
  "Plan Rows": 1, 
  "Node Type": "Nested Loop", 
  "Join Type": "Inner", 
  "filename": "plans/query28.json", 
  "Parallel Aware": false, 
  "Parent Relationship": "Outer", 
  "Output": [
   "(avg(store_sales.ss_list_price))", 
   "(count(store_sales.ss_list_price))", 
   "(count(DISTINCT store_sales.ss_list_price))", 
   "(avg(store_sales_1.ss_list_price))", 
   "(count(store_sales_1.ss_list_price))", 
   "(count(DISTINCT store_sales_1.ss_list_price))"
  ], 
  "Plan Width": 96, 
  "Total Cost": 40.47
 }, 
 {
  "Partial Mode": "Simple", 
  "Startup Cost": 20.21, 
  "plan_id": 568, 
  "Plans": [
   569
  ], 
  "Plan Rows": 1, 
  "Strategy": "Plain", 
  "filename": "plans/query28.json", 
  "Parallel Aware": false, 
  "Parent Relationship": "Inner", 
  "Output": [
   "avg(store_sales_2.ss_list_price)", 
   "count(store_sales_2.ss_list_price)", 
   "count(DISTINCT store_sales_2.ss_list_price)"
  ], 
  "Plan Width": 48, 
  "Node Type": "Aggregate", 
  "Total Cost": 20.22
 }, 
 {
  "Relation Name": "store_sales", 
  "Startup Cost": 0.0, 
  "plan_id": 571, 
  "Node Type": "Seq Scan", 
  "Plan Rows": 1, 
  "Filter": "((store_sales_3.ss_quantity >= 16) AND (store_sales_3.ss_quantity <= 20) AND (((store_sales_3.ss_list_price >= '19'::numeric) AND (store_sales_3.ss_list_price <= '29'::numeric)) OR ((store_sales_3.ss_coupon_amt >= '4397'::numeric) AND (store_sales_3.ss_coupon_amt <= '5397'::numeric)) OR ((store_sales_3.ss_wholesale_cost >= '39'::numeric) AND (store_sales_3.ss_wholesale_cost <= '59'::numeric))))", 
  "Alias": "store_sales_3", 
  "filename": "plans/query28.json", 
  "Schema": "pg_temp_2", 
  "Parallel Aware": false, 
  "Parent Relationship": "Outer", 
  "Output": [
   "store_sales_3.ss_sold_date_sk", 
   "store_sales_3.ss_sold_time_sk", 
   "store_sales_3.ss_item_sk", 
   "store_sales_3.ss_customer_sk", 
   "store_sales_3.ss_cdemo_sk", 
   "store_sales_3.ss_hdemo_sk", 
   "store_sales_3.ss_addr_sk", 
   "store_sales_3.ss_store_sk", 
   "store_sales_3.ss_promo_sk", 
   "store_sales_3.ss_ticket_number", 
   "store_sales_3.ss_quantity", 
   "store_sales_3.ss_wholesale_cost", 
   "store_sales_3.ss_list_price", 
   "store_sales_3.ss_sales_price", 
   "store_sales_3.ss_ext_discount_amt", 
   "store_sales_3.ss_ext_sales_price", 
   "store_sales_3.ss_ext_wholesale_cost", 
   "store_sales_3.ss_ext_list_price", 
   "store_sales_3.ss_ext_tax", 
   "store_sales_3.ss_coupon_amt", 
   "store_sales_3.ss_net_paid", 
   "store_sales_3.ss_net_paid_inc_tax", 
   "store_sales_3.ss_net_profit"
  ], 
  "Plan Width": 14, 
  "Total Cost": 20.2
 }, 
 {
  "Startup Cost": 60.63, 
  "plan_id": 562, 
  "Plans": [
   563, 
   568
  ], 
  "Plan Rows": 1, 
  "Node Type": "Nested Loop", 
  "Join Type": "Inner", 
  "filename": "plans/query28.json", 
  "Parallel Aware": false, 
  "Parent Relationship": "Outer", 
  "Output": [
   "(avg(store_sales.ss_list_price))", 
   "(count(store_sales.ss_list_price))", 
   "(count(DISTINCT store_sales.ss_list_price))", 
   "(avg(store_sales_1.ss_list_price))", 
   "(count(store_sales_1.ss_list_price))", 
   "(count(DISTINCT store_sales_1.ss_list_price))", 
   "(avg(store_sales_2.ss_list_price))", 
   "(count(store_sales_2.ss_list_price))", 
   "(count(DISTINCT store_sales_2.ss_list_price))"
  ], 
  "Plan Width": 144, 
  "Total Cost": 60.71
 }, 
 {
  "Partial Mode": "Simple", 
  "Startup Cost": 20.21, 
  "plan_id": 570, 
  "Plans": [
   571
  ], 
  "Plan Rows": 1, 
  "Strategy": "Plain", 
  "filename": "plans/query28.json", 
  "Parallel Aware": false, 
  "Parent Relationship": "Inner", 
  "Output": [
   "avg(store_sales_3.ss_list_price)", 
   "count(store_sales_3.ss_list_price)", 
   "count(DISTINCT store_sales_3.ss_list_price)"
  ], 
  "Plan Width": 48, 
  "Node Type": "Aggregate", 
  "Total Cost": 20.22
 }, 
 {
  "Relation Name": "store_sales", 
  "Startup Cost": 0.0, 
  "plan_id": 573, 
  "Node Type": "Seq Scan", 
  "Plan Rows": 1, 
  "Filter": "((store_sales_4.ss_quantity >= 21) AND (store_sales_4.ss_quantity <= 25) AND (((store_sales_4.ss_list_price >= '131'::numeric) AND (store_sales_4.ss_list_price <= '141'::numeric)) OR ((store_sales_4.ss_coupon_amt >= '7442'::numeric) AND (store_sales_4.ss_coupon_amt <= '8442'::numeric)) OR ((store_sales_4.ss_wholesale_cost >= '27'::numeric) AND (store_sales_4.ss_wholesale_cost <= '47'::numeric))))", 
  "Alias": "store_sales_4", 
  "filename": "plans/query28.json", 
  "Schema": "pg_temp_2", 
  "Parallel Aware": false, 
  "Parent Relationship": "Outer", 
  "Output": [
   "store_sales_4.ss_sold_date_sk", 
   "store_sales_4.ss_sold_time_sk", 
   "store_sales_4.ss_item_sk", 
   "store_sales_4.ss_customer_sk", 
   "store_sales_4.ss_cdemo_sk", 
   "store_sales_4.ss_hdemo_sk", 
   "store_sales_4.ss_addr_sk", 
   "store_sales_4.ss_store_sk", 
   "store_sales_4.ss_promo_sk", 
   "store_sales_4.ss_ticket_number", 
   "store_sales_4.ss_quantity", 
   "store_sales_4.ss_wholesale_cost", 
   "store_sales_4.ss_list_price", 
   "store_sales_4.ss_sales_price", 
   "store_sales_4.ss_ext_discount_amt", 
   "store_sales_4.ss_ext_sales_price", 
   "store_sales_4.ss_ext_wholesale_cost", 
   "store_sales_4.ss_ext_list_price", 
   "store_sales_4.ss_ext_tax", 
   "store_sales_4.ss_coupon_amt", 
   "store_sales_4.ss_net_paid", 
   "store_sales_4.ss_net_paid_inc_tax", 
   "store_sales_4.ss_net_profit"
  ], 
  "Plan Width": 14, 
  "Total Cost": 20.2
 }, 
 {
  "Startup Cost": 80.84, 
  "plan_id": 561, 
  "Plans": [
   562, 
   570
  ], 
  "Plan Rows": 1, 
  "Node Type": "Nested Loop", 
  "Join Type": "Inner", 
  "filename": "plans/query28.json", 
  "Parallel Aware": false, 
  "Parent Relationship": "Outer", 
  "Output": [
   "(avg(store_sales.ss_list_price))", 
   "(count(store_sales.ss_list_price))", 
   "(count(DISTINCT store_sales.ss_list_price))", 
   "(avg(store_sales_1.ss_list_price))", 
   "(count(store_sales_1.ss_list_price))", 
   "(count(DISTINCT store_sales_1.ss_list_price))", 
   "(avg(store_sales_2.ss_list_price))", 
   "(count(store_sales_2.ss_list_price))", 
   "(count(DISTINCT store_sales_2.ss_list_price))", 
   "(avg(store_sales_3.ss_list_price))", 
   "(count(store_sales_3.ss_list_price))", 
   "(count(DISTINCT store_sales_3.ss_list_price))"
  ], 
  "Plan Width": 192, 
  "Total Cost": 80.95
 }, 
 {
  "Partial Mode": "Simple", 
  "Startup Cost": 20.21, 
  "plan_id": 572, 
  "Plans": [
   573
  ], 
  "Plan Rows": 1, 
  "Strategy": "Plain", 
  "filename": "plans/query28.json", 
  "Parallel Aware": false, 
  "Parent Relationship": "Inner", 
  "Output": [
   "avg(store_sales_4.ss_list_price)", 
   "count(store_sales_4.ss_list_price)", 
   "count(DISTINCT store_sales_4.ss_list_price)"
  ], 
  "Plan Width": 48, 
  "Node Type": "Aggregate", 
  "Total Cost": 20.22
 }, 
 {
  "Relation Name": "store_sales", 
  "Startup Cost": 0.0, 
  "plan_id": 575, 
  "Node Type": "Seq Scan", 
  "Plan Rows": 1, 
  "Filter": "((store_sales_5.ss_quantity >= 26) AND (store_sales_5.ss_quantity <= 30) AND (((store_sales_5.ss_list_price >= '102'::numeric) AND (store_sales_5.ss_list_price <= '112'::numeric)) OR ((store_sales_5.ss_coupon_amt >= '17781'::numeric) AND (store_sales_5.ss_coupon_amt <= '18781'::numeric)) OR ((store_sales_5.ss_wholesale_cost >= '46'::numeric) AND (store_sales_5.ss_wholesale_cost <= '66'::numeric))))", 
  "Alias": "store_sales_5", 
  "filename": "plans/query28.json", 
  "Schema": "pg_temp_2", 
  "Parallel Aware": false, 
  "Parent Relationship": "Outer", 
  "Output": [
   "store_sales_5.ss_sold_date_sk", 
   "store_sales_5.ss_sold_time_sk", 
   "store_sales_5.ss_item_sk", 
   "store_sales_5.ss_customer_sk", 
   "store_sales_5.ss_cdemo_sk", 
   "store_sales_5.ss_hdemo_sk", 
   "store_sales_5.ss_addr_sk", 
   "store_sales_5.ss_store_sk", 
   "store_sales_5.ss_promo_sk", 
   "store_sales_5.ss_ticket_number", 
   "store_sales_5.ss_quantity", 
   "store_sales_5.ss_wholesale_cost", 
   "store_sales_5.ss_list_price", 
   "store_sales_5.ss_sales_price", 
   "store_sales_5.ss_ext_discount_amt", 
   "store_sales_5.ss_ext_sales_price", 
   "store_sales_5.ss_ext_wholesale_cost", 
   "store_sales_5.ss_ext_list_price", 
   "store_sales_5.ss_ext_tax", 
   "store_sales_5.ss_coupon_amt", 
   "store_sales_5.ss_net_paid", 
   "store_sales_5.ss_net_paid_inc_tax", 
   "store_sales_5.ss_net_profit"
  ], 
  "Plan Width": 14, 
  "Total Cost": 20.2
 }, 
 {
  "Startup Cost": 101.05, 
  "plan_id": 560, 
  "Plans": [
   561, 
   572
  ], 
  "Plan Rows": 1, 
  "Node Type": "Nested Loop", 
  "Join Type": "Inner", 
  "filename": "plans/query28.json", 
  "Parallel Aware": false, 
  "Parent Relationship": "Outer", 
  "Output": [
   "(avg(store_sales.ss_list_price))", 
   "(count(store_sales.ss_list_price))", 
   "(count(DISTINCT store_sales.ss_list_price))", 
   "(avg(store_sales_1.ss_list_price))", 
   "(count(store_sales_1.ss_list_price))", 
   "(count(DISTINCT store_sales_1.ss_list_price))", 
   "(avg(store_sales_2.ss_list_price))", 
   "(count(store_sales_2.ss_list_price))", 
   "(count(DISTINCT store_sales_2.ss_list_price))", 
   "(avg(store_sales_3.ss_list_price))", 
   "(count(store_sales_3.ss_list_price))", 
   "(count(DISTINCT store_sales_3.ss_list_price))", 
   "(avg(store_sales_4.ss_list_price))", 
   "(count(store_sales_4.ss_list_price))", 
   "(count(DISTINCT store_sales_4.ss_list_price))"
  ], 
  "Plan Width": 240, 
  "Total Cost": 101.19
 }, 
 {
  "Partial Mode": "Simple", 
  "Startup Cost": 20.21, 
  "plan_id": 574, 
  "Plans": [
   575
  ], 
  "Plan Rows": 1, 
  "Strategy": "Plain", 
  "filename": "plans/query28.json", 
  "Parallel Aware": false, 
  "Parent Relationship": "Inner", 
  "Output": [
   "avg(store_sales_5.ss_list_price)", 
   "count(store_sales_5.ss_list_price)", 
   "count(DISTINCT store_sales_5.ss_list_price)"
  ], 
  "Plan Width": 48, 
  "Node Type": "Aggregate", 
  "Total Cost": 20.22
 }, 
 {
  "Startup Cost": 121.26, 
  "plan_id": 559, 
  "Plans": [
   560, 
   574
  ], 
  "Plan Rows": 1, 
  "Node Type": "Nested Loop", 
  "Join Type": "Inner", 
  "filename": "plans/query28.json", 
  "Parallel Aware": false, 
  "Parent Relationship": "Outer", 
  "Output": [
   "(avg(store_sales.ss_list_price))", 
   "(count(store_sales.ss_list_price))", 
   "(count(DISTINCT store_sales.ss_list_price))", 
   "(avg(store_sales_1.ss_list_price))", 
   "(count(store_sales_1.ss_list_price))", 
   "(count(DISTINCT store_sales_1.ss_list_price))", 
   "(avg(store_sales_2.ss_list_price))", 
   "(count(store_sales_2.ss_list_price))", 
   "(count(DISTINCT store_sales_2.ss_list_price))", 
   "(avg(store_sales_3.ss_list_price))", 
   "(count(store_sales_3.ss_list_price))", 
   "(count(DISTINCT store_sales_3.ss_list_price))", 
   "(avg(store_sales_4.ss_list_price))", 
   "(count(store_sales_4.ss_list_price))", 
   "(count(DISTINCT store_sales_4.ss_list_price))", 
   "(avg(store_sales_5.ss_list_price))", 
   "(count(store_sales_5.ss_list_price))", 
   "(count(DISTINCT store_sales_5.ss_list_price))"
  ], 
  "Plan Width": 288, 
  "Total Cost": 121.43
 }, 
 {
  "Startup Cost": 121.26, 
  "plan_id": 558, 
  "Plans": [
   559
  ], 
  "Plan Rows": 1, 
  "Node Type": "Limit", 
  "filename": "plans/query28.json", 
  "Parallel Aware": false, 
  "Output": [
   "(avg(store_sales.ss_list_price))", 
   "(count(store_sales.ss_list_price))", 
   "(count(DISTINCT store_sales.ss_list_price))", 
   "(avg(store_sales_1.ss_list_price))", 
   "(count(store_sales_1.ss_list_price))", 
   "(count(DISTINCT store_sales_1.ss_list_price))", 
   "(avg(store_sales_2.ss_list_price))", 
   "(count(store_sales_2.ss_list_price))", 
   "(count(DISTINCT store_sales_2.ss_list_price))", 
   "(avg(store_sales_3.ss_list_price))", 
   "(count(store_sales_3.ss_list_price))", 
   "(count(DISTINCT store_sales_3.ss_list_price))", 
   "(avg(store_sales_4.ss_list_price))", 
   "(count(store_sales_4.ss_list_price))", 
   "(count(DISTINCT store_sales_4.ss_list_price))", 
   "(avg(store_sales_5.ss_list_price))", 
   "(count(store_sales_5.ss_list_price))", 
   "(count(DISTINCT store_sales_5.ss_list_price))"
  ], 
  "Plan Width": 288, 
  "Total Cost": 121.43
 }, 
 {
  "Relation Name": "date_dim", 
  "Startup Cost": 0.0, 
  "plan_id": 588, 
  "Node Type": "Seq Scan", 
  "Plan Rows": 4, 
  "Filter": "(d3.d_year = ANY ('{1998,1999,2000}'::integer[]))", 
  "Alias": "d3", 
  "filename": "plans/query29.json", 
  "Schema": "pg_temp_2", 
  "Parallel Aware": false, 
  "Parent Relationship": "Outer", 
  "Output": [
   "d3.d_date_sk"
  ], 
  "Plan Width": 4, 
  "Total Cost": 13.71
 }, 
 {
  "Startup Cost": 0.0, 
  "plan_id": 586, 
  "Node Type": "Seq Scan", 
  "Plan Rows": 260, 
  "Relation Name": "catalog_sales", 
  "Alias": "catalog_sales", 
  "filename": "plans/query29.json", 
  "Schema": "pg_temp_2", 
  "Parallel Aware": false, 
  "Parent Relationship": "Outer", 
  "Output": [
   "catalog_sales.cs_sold_date_sk", 
   "catalog_sales.cs_sold_time_sk", 
   "catalog_sales.cs_ship_date_sk", 
   "catalog_sales.cs_bill_customer_sk", 
   "catalog_sales.cs_bill_cdemo_sk", 
   "catalog_sales.cs_bill_hdemo_sk", 
   "catalog_sales.cs_bill_addr_sk", 
   "catalog_sales.cs_ship_customer_sk", 
   "catalog_sales.cs_ship_cdemo_sk", 
   "catalog_sales.cs_ship_hdemo_sk", 
   "catalog_sales.cs_ship_addr_sk", 
   "catalog_sales.cs_call_center_sk", 
   "catalog_sales.cs_catalog_page_sk", 
   "catalog_sales.cs_ship_mode_sk", 
   "catalog_sales.cs_warehouse_sk", 
   "catalog_sales.cs_item_sk", 
   "catalog_sales.cs_promo_sk", 
   "catalog_sales.cs_order_number", 
   "catalog_sales.cs_quantity", 
   "catalog_sales.cs_wholesale_cost", 
   "catalog_sales.cs_list_price", 
   "catalog_sales.cs_sales_price", 
   "catalog_sales.cs_ext_discount_amt", 
   "catalog_sales.cs_ext_sales_price", 
   "catalog_sales.cs_ext_wholesale_cost", 
   "catalog_sales.cs_ext_list_price", 
   "catalog_sales.cs_ext_tax", 
   "catalog_sales.cs_coupon_amt", 
   "catalog_sales.cs_ext_ship_cost", 
   "catalog_sales.cs_net_paid", 
   "catalog_sales.cs_net_paid_inc_tax", 
   "catalog_sales.cs_net_paid_inc_ship", 
   "catalog_sales.cs_net_paid_inc_ship_tax", 
   "catalog_sales.cs_net_profit"
  ], 
  "Plan Width": 16, 
  "Total Cost": 12.6
 }, 
 {
  "Startup Cost": 13.71, 
  "plan_id": 587, 
  "Plans": [
   588
  ], 
  "Plan Rows": 4, 
  "Node Type": "Hash", 
  "filename": "plans/query29.json", 
  "Parallel Aware": false, 
  "Parent Relationship": "Inner", 
  "Output": [
   "d3.d_date_sk"
  ], 
  "Plan Width": 4, 
  "Total Cost": 13.71
 }, 
 {
  "Startup Cost": 13.76, 
  "Plan Width": 12, 
  "plan_id": 585, 
  "Plans": [
   586, 
   587
  ], 
  "Plan Rows": 4, 
  "Node Type": "Hash Join", 
  "Join Type": "Inner", 
  "filename": "plans/query29.json", 
  "Parallel Aware": false, 
  "Output": [
   "catalog_sales.cs_quantity", 
   "catalog_sales.cs_bill_customer_sk", 
   "catalog_sales.cs_item_sk"
  ], 
  "Hash Cond": "(catalog_sales.cs_sold_date_sk = d3.d_date_sk)", 
  "Parent Relationship": "Outer", 
  "Total Cost": 27.38
 }, 
 {
  "Startup Cost": 0.14, 
  "filename": "plans/query29.json", 
  "plan_id": 589, 
  "Scan Direction": "Forward", 
  "Index Cond": "(item.i_item_sk = catalog_sales.cs_item_sk)", 
  "Node Type": "Index Scan", 
  "Relation Name": "item", 
  "Alias": "item", 
  "Plan Rows": 1, 
  "Schema": "pg_temp_2", 
  "Parallel Aware": false, 
  "Parent Relationship": "Inner", 
  "Output": [
   "item.i_item_sk", 
   "item.i_item_id", 
   "item.i_rec_start_date", 
   "item.i_rec_end_date", 
   "item.i_item_desc", 
   "item.i_current_price", 
   "item.i_wholesale_cost", 
   "item.i_brand_id", 
   "item.i_brand", 
   "item.i_class_id", 
   "item.i_class", 
   "item.i_category_id", 
   "item.i_category", 
   "item.i_manufact_id", 
   "item.i_manufact", 
   "item.i_size", 
   "item.i_formulation", 
   "item.i_color", 
   "item.i_units", 
   "item.i_container", 
   "item.i_manager_id", 
   "item.i_product_name"
  ], 
  "Index Name": "item_pkey", 
  "Plan Width": 490, 
  "Total Cost": 0.33
 }, 
 {
  "Startup Cost": 13.9, 
  "plan_id": 584, 
  "Plans": [
   585, 
   589
  ], 
  "Plan Rows": 1, 
  "Node Type": "Nested Loop", 
  "Join Type": "Inner", 
  "filename": "plans/query29.json", 
  "Parallel Aware": false, 
  "Parent Relationship": "Outer", 
  "Output": [
   "catalog_sales.cs_quantity", 
   "catalog_sales.cs_bill_customer_sk", 
   "catalog_sales.cs_item_sk", 
   "item.i_item_id", 
   "item.i_item_desc", 
   "item.i_item_sk"
  ], 
  "Plan Width": 502, 
  "Total Cost": 28.72
 }, 
 {
  "Filter": "(catalog_sales.cs_bill_customer_sk = store_returns.sr_customer_sk)", 
  "Startup Cost": 0.15, 
  "filename": "plans/query29.json", 
  "plan_id": 590, 
  "Scan Direction": "Forward", 
  "Index Cond": "(store_returns.sr_item_sk = catalog_sales.cs_item_sk)", 
  "Node Type": "Index Scan", 
  "Relation Name": "store_returns", 
  "Alias": "store_returns", 
  "Plan Rows": 1, 
  "Schema": "pg_temp_2", 
  "Parallel Aware": false, 
  "Parent Relationship": "Inner", 
  "Output": [
   "store_returns.sr_returned_date_sk", 
   "store_returns.sr_return_time_sk", 
   "store_returns.sr_item_sk", 
   "store_returns.sr_customer_sk", 
   "store_returns.sr_cdemo_sk", 
   "store_returns.sr_hdemo_sk", 
   "store_returns.sr_addr_sk", 
   "store_returns.sr_store_sk", 
   "store_returns.sr_reason_sk", 
   "store_returns.sr_ticket_number", 
   "store_returns.sr_return_quantity", 
   "store_returns.sr_return_amt", 
   "store_returns.sr_return_tax", 
   "store_returns.sr_return_amt_inc_tax", 
   "store_returns.sr_fee", 
   "store_returns.sr_return_ship_cost", 
   "store_returns.sr_refunded_cash", 
   "store_returns.sr_reversed_charge", 
   "store_returns.sr_store_credit", 
   "store_returns.sr_net_loss"
  ], 
  "Index Name": "store_returns_pkey", 
  "Plan Width": 20, 
  "Total Cost": 0.36
 }, 
 {
  "Startup Cost": 14.05, 
  "plan_id": 583, 
  "Plans": [
   584, 
   590
  ], 
  "Plan Rows": 1, 
  "Node Type": "Nested Loop", 
  "Join Type": "Inner", 
  "filename": "plans/query29.json", 
  "Parallel Aware": false, 
  "Parent Relationship": "Outer", 
  "Output": [
   "store_returns.sr_return_quantity", 
   "store_returns.sr_customer_sk", 
   "store_returns.sr_item_sk", 
   "store_returns.sr_ticket_number", 
   "store_returns.sr_returned_date_sk", 
   "catalog_sales.cs_quantity", 
   "catalog_sales.cs_bill_customer_sk", 
   "catalog_sales.cs_item_sk", 
   "item.i_item_id", 
   "item.i_item_desc", 
   "item.i_item_sk"
  ], 
  "Plan Width": 522, 
  "Join Filter": "(item.i_item_sk = store_returns.sr_item_sk)", 
  "Total Cost": 29.09
 }, 
 {
  "Filter": "(store_returns.sr_customer_sk = store_sales.ss_customer_sk)", 
  "Startup Cost": 0.15, 
  "filename": "plans/query29.json", 
  "plan_id": 591, 
  "Scan Direction": "Forward", 
  "Index Cond": "((store_sales.ss_item_sk = store_returns.sr_item_sk) AND (store_sales.ss_ticket_number = store_returns.sr_ticket_number))", 
  "Node Type": "Index Scan", 
  "Relation Name": "store_sales", 
  "Alias": "store_sales", 
  "Plan Rows": 1, 
  "Schema": "pg_temp_2", 
  "Parallel Aware": false, 
  "Parent Relationship": "Inner", 
  "Output": [
   "store_sales.ss_sold_date_sk", 
   "store_sales.ss_sold_time_sk", 
   "store_sales.ss_item_sk", 
   "store_sales.ss_customer_sk", 
   "store_sales.ss_cdemo_sk", 
   "store_sales.ss_hdemo_sk", 
   "store_sales.ss_addr_sk", 
   "store_sales.ss_store_sk", 
   "store_sales.ss_promo_sk", 
   "store_sales.ss_ticket_number", 
   "store_sales.ss_quantity", 
   "store_sales.ss_wholesale_cost", 
   "store_sales.ss_list_price", 
   "store_sales.ss_sales_price", 
   "store_sales.ss_ext_discount_amt", 
   "store_sales.ss_ext_sales_price", 
   "store_sales.ss_ext_wholesale_cost", 
   "store_sales.ss_ext_list_price", 
   "store_sales.ss_ext_tax", 
   "store_sales.ss_coupon_amt", 
   "store_sales.ss_net_paid", 
   "store_sales.ss_net_paid_inc_tax", 
   "store_sales.ss_net_profit"
  ], 
  "Index Name": "store_sales_pkey", 
  "Plan Width": 24, 
  "Total Cost": 0.28
 }, 
 {
  "Startup Cost": 14.2, 
  "plan_id": 582, 
  "Plans": [
   583, 
   591
  ], 
  "Plan Rows": 1, 
  "Node Type": "Nested Loop", 
  "Join Type": "Inner", 
  "filename": "plans/query29.json", 
  "Parallel Aware": false, 
  "Parent Relationship": "Outer", 
  "Output": [
   "store_sales.ss_quantity", 
   "store_sales.ss_sold_date_sk", 
   "store_sales.ss_store_sk", 
   "store_returns.sr_return_quantity", 
   "store_returns.sr_returned_date_sk", 
   "catalog_sales.cs_quantity", 
   "item.i_item_id", 
   "item.i_item_desc"
  ], 
  "Plan Width": 510, 
  "Join Filter": "(item.i_item_sk = store_sales.ss_item_sk)", 
  "Total Cost": 29.38
 }, 
 {
  "Filter": "((d1.d_moy = 4) AND (d1.d_year = 1998))", 
  "Startup Cost": 0.15, 
  "filename": "plans/query29.json", 
  "plan_id": 592, 
  "Scan Direction": "Forward", 
  "Index Cond": "(d1.d_date_sk = store_sales.ss_sold_date_sk)", 
  "Node Type": "Index Scan", 
  "Relation Name": "date_dim", 
  "Alias": "d1", 
  "Plan Rows": 1, 
  "Schema": "pg_temp_2", 
  "Parallel Aware": false, 
  "Parent Relationship": "Inner", 
  "Output": [
   "d1.d_date_sk", 
   "d1.d_date_id", 
   "d1.d_date", 
   "d1.d_month_seq", 
   "d1.d_week_seq", 
   "d1.d_quarter_seq", 
   "d1.d_year", 
   "d1.d_dow", 
   "d1.d_moy", 
   "d1.d_dom", 
   "d1.d_qoy", 
   "d1.d_fy_year", 
   "d1.d_fy_quarter_seq", 
   "d1.d_fy_week_seq", 
   "d1.d_day_name", 
   "d1.d_quarter_name", 
   "d1.d_holiday", 
   "d1.d_weekend", 
   "d1.d_following_holiday", 
   "d1.d_first_dom", 
   "d1.d_last_dom", 
   "d1.d_same_day_ly", 
   "d1.d_same_day_lq", 
   "d1.d_current_day", 
   "d1.d_current_week", 
   "d1.d_current_month", 
   "d1.d_current_quarter", 
   "d1.d_current_year"
  ], 
  "Index Name": "date_dim_pkey", 
  "Plan Width": 4, 
  "Total Cost": 0.3
 }, 
 {
  "Startup Cost": 14.35, 
  "plan_id": 581, 
  "Plans": [
   582, 
   592
  ], 
  "Plan Rows": 1, 
  "Node Type": "Nested Loop", 
  "Join Type": "Inner", 
  "filename": "plans/query29.json", 
  "Parallel Aware": false, 
  "Parent Relationship": "Outer", 
  "Output": [
   "store_sales.ss_quantity", 
   "store_sales.ss_store_sk", 
   "store_returns.sr_return_quantity", 
   "store_returns.sr_returned_date_sk", 
   "catalog_sales.cs_quantity", 
   "item.i_item_id", 
   "item.i_item_desc"
  ], 
  "Plan Width": 506, 
  "Total Cost": 29.69
 }, 
 {
  "Filter": "((d2.d_moy >= 4) AND (d2.d_moy <= 7) AND (d2.d_year = 1998))", 
  "Startup Cost": 0.15, 
  "filename": "plans/query29.json", 
  "plan_id": 593, 
  "Scan Direction": "Forward", 
  "Index Cond": "(d2.d_date_sk = store_returns.sr_returned_date_sk)", 
  "Node Type": "Index Scan", 
  "Relation Name": "date_dim", 
  "Alias": "d2", 
  "Plan Rows": 1, 
  "Schema": "pg_temp_2", 
  "Parallel Aware": false, 
  "Parent Relationship": "Inner", 
  "Output": [
   "d2.d_date_sk", 
   "d2.d_date_id", 
   "d2.d_date", 
   "d2.d_month_seq", 
   "d2.d_week_seq", 
   "d2.d_quarter_seq", 
   "d2.d_year", 
   "d2.d_dow", 
   "d2.d_moy", 
   "d2.d_dom", 
   "d2.d_qoy", 
   "d2.d_fy_year", 
   "d2.d_fy_quarter_seq", 
   "d2.d_fy_week_seq", 
   "d2.d_day_name", 
   "d2.d_quarter_name", 
   "d2.d_holiday", 
   "d2.d_weekend", 
   "d2.d_following_holiday", 
   "d2.d_first_dom", 
   "d2.d_last_dom", 
   "d2.d_same_day_ly", 
   "d2.d_same_day_lq", 
   "d2.d_current_day", 
   "d2.d_current_week", 
   "d2.d_current_month", 
   "d2.d_current_quarter", 
   "d2.d_current_year"
  ], 
  "Index Name": "date_dim_pkey", 
  "Plan Width": 4, 
  "Total Cost": 0.28
 }, 
 {
  "Startup Cost": 14.49, 
  "plan_id": 580, 
  "Plans": [
   581, 
   593
  ], 
  "Plan Rows": 1, 
  "Node Type": "Nested Loop", 
  "Join Type": "Inner", 
  "filename": "plans/query29.json", 
  "Parallel Aware": false, 
  "Parent Relationship": "Outer", 
  "Output": [
   "store_sales.ss_quantity", 
   "store_sales.ss_store_sk", 
   "store_returns.sr_return_quantity", 
   "catalog_sales.cs_quantity", 
   "item.i_item_id", 
   "item.i_item_desc"
  ], 
  "Plan Width": 502, 
  "Total Cost": 29.98
 }, 
 {
  "Startup Cost": 0.14, 
  "filename": "plans/query29.json", 
  "plan_id": 594, 
  "Scan Direction": "Forward", 
  "Index Cond": "(store.s_store_sk = store_sales.ss_store_sk)", 
  "Node Type": "Index Scan", 
  "Relation Name": "store", 
  "Alias": "store", 
  "Plan Rows": 1, 
  "Schema": "pg_temp_2", 
  "Parallel Aware": false, 
  "Parent Relationship": "Inner", 
  "Output": [
   "store.s_store_sk", 
   "store.s_store_id", 
   "store.s_rec_start_date", 
   "store.s_rec_end_date", 
   "store.s_closed_date_sk", 
   "store.s_store_name", 
   "store.s_number_employees", 
   "store.s_floor_space", 
   "store.s_hours", 
   "store.s_manager", 
   "store.s_market_id", 
   "store.s_geography_class", 
   "store.s_market_desc", 
   "store.s_market_manager", 
   "store.s_division_id", 
   "store.s_division_name", 
   "store.s_company_id", 
   "store.s_company_name", 
   "store.s_street_number", 
   "store.s_street_name", 
   "store.s_street_type", 
   "store.s_suite_number", 
   "store.s_city", 
   "store.s_county", 
   "store.s_state", 
   "store.s_zip", 
   "store.s_country", 
   "store.s_gmt_offset", 
   "store.s_tax_precentage"
  ], 
  "Index Name": "store_pkey", 
  "Plan Width": 190, 
  "Total Cost": 0.29
 }, 
 {
  "Startup Cost": 14.63, 
  "plan_id": 579, 
  "Plans": [
   580, 
   594
  ], 
  "Plan Rows": 1, 
  "Node Type": "Nested Loop", 
  "Join Type": "Inner", 
  "filename": "plans/query29.json", 
  "Parallel Aware": false, 
  "Parent Relationship": "Outer", 
  "Output": [
   "item.i_item_id", 
   "item.i_item_desc", 
   "store.s_store_id", 
   "store.s_store_name", 
   "store_sales.ss_quantity", 
   "store_returns.sr_return_quantity", 
   "catalog_sales.cs_quantity"
  ], 
  "Plan Width": 684, 
  "Total Cost": 30.28
 }, 
 {
  "Startup Cost": 30.29, 
  "plan_id": 578, 
  "Plans": [
   579
  ], 
  "Sort Key": [
   "item.i_item_id", 
   "item.i_item_desc", 
   "store.s_store_id", 
   "store.s_store_name"
  ], 
  "Plan Rows": 1, 
  "Node Type": "Sort", 
  "filename": "plans/query29.json", 
  "Parallel Aware": false, 
  "Parent Relationship": "Outer", 
  "Output": [
   "item.i_item_id", 
   "item.i_item_desc", 
   "store.s_store_id", 
   "store.s_store_name", 
   "store_sales.ss_quantity", 
   "store_returns.sr_return_quantity", 
   "catalog_sales.cs_quantity"
  ], 
  "Plan Width": 684, 
  "Total Cost": 30.29
 }, 
 {
  "Partial Mode": "Simple", 
  "Startup Cost": 30.29, 
  "Plan Width": 696, 
  "plan_id": 577, 
  "Plans": [
   578
  ], 
  "filename": "plans/query29.json", 
  "Node Type": "Aggregate", 
  "Strategy": "Sorted", 
  "Plan Rows": 1, 
  "Parallel Aware": false, 
  "Output": [
   "item.i_item_id", 
   "item.i_item_desc", 
   "store.s_store_id", 
   "store.s_store_name", 
   "sum(store_sales.ss_quantity)", 
   "sum(store_returns.sr_return_quantity)", 
   "sum(catalog_sales.cs_quantity)"
  ], 
  "Group Key": [
   "item.i_item_id", 
   "item.i_item_desc", 
   "store.s_store_id", 
   "store.s_store_name"
  ], 
  "Parent Relationship": "Outer", 
  "Total Cost": 30.32
 }, 
 {
  "Startup Cost": 30.29, 
  "plan_id": 576, 
  "Plans": [
   577
  ], 
  "Plan Rows": 1, 
  "Node Type": "Limit", 
  "filename": "plans/query29.json", 
  "Parallel Aware": false, 
  "Output": [
   "item.i_item_id", 
   "item.i_item_desc", 
   "store.s_store_id", 
   "store.s_store_name", 
   "(sum(store_sales.ss_quantity))", 
   "(sum(store_returns.sr_return_quantity))", 
   "(sum(catalog_sales.cs_quantity))"
  ], 
  "Plan Width": 696, 
  "Total Cost": 30.32
 }, 
 {
  "Startup Cost": 0.0, 
  "plan_id": 603, 
  "Node Type": "Bitmap Index Scan", 
  "Index Cond": "(store_sales.ss_item_sk = item.i_item_sk)", 
  "Plan Rows": 2, 
  "filename": "plans/query3.json", 
  "Parallel Aware": false, 
  "Parent Relationship": "Outer", 
  "Index Name": "store_sales_pkey", 
  "Plan Width": 0, 
  "Total Cost": 4.16
 }, 
 {
  "Relation Name": "item", 
  "Startup Cost": 0.0, 
  "plan_id": 601, 
  "Node Type": "Seq Scan", 
  "Plan Rows": 1, 
  "Filter": "(item.i_manufact_id = 416)", 
  "Alias": "item", 
  "filename": "plans/query3.json", 
  "Schema": "pg_temp_2", 
  "Parallel Aware": false, 
  "Parent Relationship": "Outer", 
  "Output": [
   "item.i_item_sk", 
   "item.i_item_id", 
   "item.i_rec_start_date", 
   "item.i_rec_end_date", 
   "item.i_item_desc", 
   "item.i_current_price", 
   "item.i_wholesale_cost", 
   "item.i_brand_id", 
   "item.i_brand", 
   "item.i_class_id", 
   "item.i_class", 
   "item.i_category_id", 
   "item.i_category", 
   "item.i_manufact_id", 
   "item.i_manufact", 
   "item.i_size", 
   "item.i_formulation", 
   "item.i_color", 
   "item.i_units", 
   "item.i_container", 
   "item.i_manager_id", 
   "item.i_product_name"
  ], 
  "Plan Width": 212, 
  "Total Cost": 10.5
 }, 
 {
  "Startup Cost": 4.16, 
  "plan_id": 602, 
  "Plans": [
   603
  ], 
  "Parent Relationship": "Inner", 
  "Node Type": "Bitmap Heap Scan", 
  "Plan Rows": 2, 
  "Relation Name": "store_sales", 
  "Alias": "store_sales", 
  "filename": "plans/query3.json", 
  "Schema": "pg_temp_2", 
  "Parallel Aware": false, 
  "Recheck Cond": "(store_sales.ss_item_sk = item.i_item_sk)", 
  "Output": [
   "store_sales.ss_sold_date_sk", 
   "store_sales.ss_sold_time_sk", 
   "store_sales.ss_item_sk", 
   "store_sales.ss_customer_sk", 
   "store_sales.ss_cdemo_sk", 
   "store_sales.ss_hdemo_sk", 
   "store_sales.ss_addr_sk", 
   "store_sales.ss_store_sk", 
   "store_sales.ss_promo_sk", 
   "store_sales.ss_ticket_number", 
   "store_sales.ss_quantity", 
   "store_sales.ss_wholesale_cost", 
   "store_sales.ss_list_price", 
   "store_sales.ss_sales_price", 
   "store_sales.ss_ext_discount_amt", 
   "store_sales.ss_ext_sales_price", 
   "store_sales.ss_ext_wholesale_cost", 
   "store_sales.ss_ext_list_price", 
   "store_sales.ss_ext_tax", 
   "store_sales.ss_coupon_amt", 
   "store_sales.ss_net_paid", 
   "store_sales.ss_net_paid_inc_tax", 
   "store_sales.ss_net_profit"
  ], 
  "Plan Width": 22, 
  "Total Cost": 9.5
 }, 
 {
  "Startup Cost": 4.16, 
  "plan_id": 600, 
  "Plans": [
   601, 
   602
  ], 
  "Plan Rows": 2, 
  "Node Type": "Nested Loop", 
  "Join Type": "Inner", 
  "filename": "plans/query3.json", 
  "Parallel Aware": false, 
  "Parent Relationship": "Outer", 
  "Output": [
   "store_sales.ss_ext_sales_price", 
   "store_sales.ss_sold_date_sk", 
   "item.i_brand_id", 
   "item.i_brand"
  ], 
  "Plan Width": 226, 
  "Total Cost": 20.02
 }, 
 {
  "Filter": "(dt.d_moy = 11)", 
  "Startup Cost": 0.15, 
  "filename": "plans/query3.json", 
  "plan_id": 604, 
  "Scan Direction": "Forward", 
  "Index Cond": "(dt.d_date_sk = store_sales.ss_sold_date_sk)", 
  "Node Type": "Index Scan", 
  "Relation Name": "date_dim", 
  "Alias": "dt", 
  "Plan Rows": 1, 
  "Schema": "pg_temp_2", 
  "Parallel Aware": false, 
  "Parent Relationship": "Inner", 
  "Output": [
   "dt.d_date_sk", 
   "dt.d_date_id", 
   "dt.d_date", 
   "dt.d_month_seq", 
   "dt.d_week_seq", 
   "dt.d_quarter_seq", 
   "dt.d_year", 
   "dt.d_dow", 
   "dt.d_moy", 
   "dt.d_dom", 
   "dt.d_qoy", 
   "dt.d_fy_year", 
   "dt.d_fy_quarter_seq", 
   "dt.d_fy_week_seq", 
   "dt.d_day_name", 
   "dt.d_quarter_name", 
   "dt.d_holiday", 
   "dt.d_weekend", 
   "dt.d_following_holiday", 
   "dt.d_first_dom", 
   "dt.d_last_dom", 
   "dt.d_same_day_ly", 
   "dt.d_same_day_lq", 
   "dt.d_current_day", 
   "dt.d_current_week", 
   "dt.d_current_month", 
   "dt.d_current_quarter", 
   "dt.d_current_year"
  ], 
  "Index Name": "date_dim_pkey", 
  "Plan Width": 8, 
  "Total Cost": 0.3
 }, 
 {
  "Startup Cost": 4.31, 
  "plan_id": 599, 
  "Plans": [
   600, 
   604
  ], 
  "Plan Rows": 1, 
  "Node Type": "Nested Loop", 
  "Join Type": "Inner", 
  "filename": "plans/query3.json", 
  "Parallel Aware": false, 
  "Parent Relationship": "Outer", 
  "Output": [
   "dt.d_year", 
   "item.i_brand_id", 
   "item.i_brand", 
   "store_sales.ss_ext_sales_price"
  ], 
  "Plan Width": 226, 
  "Total Cost": 20.64
 }, 
 {
  "Startup Cost": 20.65, 
  "plan_id": 598, 
  "Plans": [
   599
  ], 
  "Sort Key": [
   "dt.d_year", 
   "item.i_brand", 
   "item.i_brand_id"
  ], 
  "Plan Rows": 1, 
  "Node Type": "Sort", 
  "filename": "plans/query3.json", 
  "Parallel Aware": false, 
  "Parent Relationship": "Outer", 
  "Output": [
   "dt.d_year", 
   "item.i_brand_id", 
   "item.i_brand", 
   "store_sales.ss_ext_sales_price"
  ], 
  "Plan Width": 226, 
  "Total Cost": 20.65
 }, 
 {
  "Partial Mode": "Simple", 
  "Startup Cost": 20.65, 
  "Plan Width": 244, 
  "plan_id": 597, 
  "Plans": [
   598
  ], 
  "filename": "plans/query3.json", 
  "Node Type": "Aggregate", 
  "Strategy": "Sorted", 
  "Plan Rows": 1, 
  "Parallel Aware": false, 
  "Output": [
   "dt.d_year", 
   "item.i_brand_id", 
   "item.i_brand", 
   "sum(store_sales.ss_ext_sales_price)"
  ], 
  "Group Key": [
   "dt.d_year", 
   "item.i_brand", 
   "item.i_brand_id"
  ], 
  "Parent Relationship": "Outer", 
  "Total Cost": 20.68
 }, 
 {
  "Startup Cost": 20.69, 
  "plan_id": 596, 
  "Plans": [
   597
  ], 
  "Sort Key": [
   "dt.d_year", 
   "(sum(store_sales.ss_ext_sales_price)) DESC", 
   "item.i_brand_id"
  ], 
  "Plan Rows": 1, 
  "Node Type": "Sort", 
  "filename": "plans/query3.json", 
  "Parallel Aware": false, 
  "Parent Relationship": "Outer", 
  "Output": [
   "dt.d_year", 
   "item.i_brand_id", 
   "item.i_brand", 
   "(sum(store_sales.ss_ext_sales_price))"
  ], 
  "Plan Width": 244, 
  "Total Cost": 20.69
 }, 
 {
  "Startup Cost": 20.69, 
  "plan_id": 595, 
  "Plans": [
   596
  ], 
  "Plan Rows": 1, 
  "Node Type": "Limit", 
  "filename": "plans/query3.json", 
  "Parallel Aware": false, 
  "Output": [
   "dt.d_year", 
   "item.i_brand_id", 
   "item.i_brand", 
   "(sum(store_sales.ss_ext_sales_price))"
  ], 
  "Plan Width": 244, 
  "Total Cost": 20.69
 }, 
 {
  "Relation Name": "date_dim", 
  "Startup Cost": 0.0, 
  "plan_id": 612, 
  "Node Type": "Seq Scan", 
  "Plan Rows": 1, 
  "Filter": "(date_dim.d_year = 2002)", 
  "Alias": "date_dim", 
  "filename": "plans/query30.json", 
  "Schema": "pg_temp_2", 
  "Parallel Aware": false, 
  "Parent Relationship": "Outer", 
  "Output": [
   "date_dim.d_date_sk"
  ], 
  "Plan Width": 4, 
  "Total Cost": 13.38
 }, 
 {
  "Startup Cost": 0.0, 
  "plan_id": 610, 
  "Node Type": "Seq Scan", 
  "Plan Rows": 380, 
  "Relation Name": "web_returns", 
  "Alias": "web_returns", 
  "filename": "plans/query30.json", 
  "Schema": "pg_temp_2", 
  "Parallel Aware": false, 
  "Parent Relationship": "Outer", 
  "Output": [
   "web_returns.wr_returned_date_sk", 
   "web_returns.wr_returned_time_sk", 
   "web_returns.wr_item_sk", 
   "web_returns.wr_refunded_customer_sk", 
   "web_returns.wr_refunded_cdemo_sk", 
   "web_returns.wr_refunded_hdemo_sk", 
   "web_returns.wr_refunded_addr_sk", 
   "web_returns.wr_returning_customer_sk", 
   "web_returns.wr_returning_cdemo_sk", 
   "web_returns.wr_returning_hdemo_sk", 
   "web_returns.wr_returning_addr_sk", 
   "web_returns.wr_web_page_sk", 
   "web_returns.wr_reason_sk", 
   "web_returns.wr_order_number", 
   "web_returns.wr_return_quantity", 
   "web_returns.wr_return_amt", 
   "web_returns.wr_return_tax", 
   "web_returns.wr_return_amt_inc_tax", 
   "web_returns.wr_fee", 
   "web_returns.wr_return_ship_cost", 
   "web_returns.wr_refunded_cash", 
   "web_returns.wr_reversed_charge", 
   "web_returns.wr_account_credit", 
   "web_returns.wr_net_loss"
  ], 
  "Plan Width": 26, 
  "Total Cost": 13.8
 }, 
 {
  "Startup Cost": 13.38, 
  "plan_id": 611, 
  "Plans": [
   612
  ], 
  "Plan Rows": 1, 
  "Node Type": "Hash", 
  "filename": "plans/query30.json", 
  "Parallel Aware": false, 
  "Parent Relationship": "Inner", 
  "Output": [
   "date_dim.d_date_sk"
  ], 
  "Plan Width": 4, 
  "Total Cost": 13.38
 }, 
 {
  "Startup Cost": 13.39, 
  "Plan Width": 22, 
  "plan_id": 609, 
  "Plans": [
   610, 
   611
  ], 
  "Plan Rows": 1, 
  "Node Type": "Hash Join", 
  "Join Type": "Inner", 
  "filename": "plans/query30.json", 
  "Parallel Aware": false, 
  "Output": [
   "web_returns.wr_returning_customer_sk", 
   "web_returns.wr_return_amt", 
   "web_returns.wr_returning_addr_sk"
  ], 
  "Hash Cond": "(web_returns.wr_returned_date_sk = date_dim.d_date_sk)", 
  "Parent Relationship": "Outer", 
  "Total Cost": 28.62
 }, 
 {
  "Startup Cost": 0.14, 
  "filename": "plans/query30.json", 
  "plan_id": 613, 
  "Scan Direction": "Forward", 
  "Index Cond": "(customer_address_1.ca_address_sk = web_returns.wr_returning_addr_sk)", 
  "Node Type": "Index Scan", 
  "Relation Name": "customer_address", 
  "Alias": "customer_address_1", 
  "Plan Rows": 1, 
  "Schema": "pg_temp_2", 
  "Parallel Aware": false, 
  "Parent Relationship": "Inner", 
  "Output": [
   "customer_address_1.ca_address_sk", 
   "customer_address_1.ca_address_id", 
   "customer_address_1.ca_street_number", 
   "customer_address_1.ca_street_name", 
   "customer_address_1.ca_street_type", 
   "customer_address_1.ca_suite_number", 
   "customer_address_1.ca_city", 
   "customer_address_1.ca_county", 
   "customer_address_1.ca_state", 
   "customer_address_1.ca_zip", 
   "customer_address_1.ca_country", 
   "customer_address_1.ca_gmt_offset", 
   "customer_address_1.ca_location_type"
  ], 
  "Index Name": "customer_address_pkey", 
  "Plan Width": 16, 
  "Total Cost": 0.28
 }, 
 {
  "Startup Cost": 13.53, 
  "plan_id": 608, 
  "Plans": [
   609, 
   613
  ], 
  "Plan Rows": 1, 
  "Node Type": "Nested Loop", 
  "Join Type": "Inner", 
  "filename": "plans/query30.json", 
  "Parallel Aware": false, 
  "Parent Relationship": "Outer", 
  "Output": [
   "web_returns.wr_returning_customer_sk", 
   "customer_address_1.ca_state", 
   "web_returns.wr_return_amt"
  ], 
  "Plan Width": 30, 
  "Total Cost": 28.91
 }, 
 {
  "Startup Cost": 28.92, 
  "plan_id": 607, 
  "Plans": [
   608
  ], 
  "Sort Key": [
   "web_returns.wr_returning_customer_sk", 
   "customer_address_1.ca_state"
  ], 
  "Plan Rows": 1, 
  "Node Type": "Sort", 
  "filename": "plans/query30.json", 
  "Parallel Aware": false, 
  "Parent Relationship": "Outer", 
  "Output": [
   "web_returns.wr_returning_customer_sk", 
   "customer_address_1.ca_state", 
   "web_returns.wr_return_amt"
  ], 
  "Plan Width": 30, 
  "Total Cost": 28.92
 }, 
 {
  "Startup Cost": 0.0, 
  "plan_id": 619, 
  "CTE Name": "customer_total_return", 
  "Node Type": "CTE Scan", 
  "Plan Rows": 1, 
  "Filter": "(ctr1.ctr_state = ctr2.ctr_state)", 
  "Alias": "ctr2", 
  "filename": "plans/query30.json", 
  "Parallel Aware": false, 
  "Parent Relationship": "Outer", 
  "Output": [
   "ctr2.ctr_customer_sk", 
   "ctr2.ctr_state", 
   "ctr2.ctr_total_return"
  ], 
  "Plan Width": 32, 
  "Total Cost": 0.02
 }, 
 {
  "Partial Mode": "Simple", 
  "Startup Cost": 0.03, 
  "plan_id": 618, 
  "Plans": [
   619
  ], 
  "Plan Rows": 1, 
  "Strategy": "Plain", 
  "filename": "plans/query30.json", 
  "Parallel Aware": false, 
  "Parent Relationship": "SubPlan", 
  "Output": [
   "(avg(ctr2.ctr_total_return) * 1.2)"
  ], 
  "Plan Width": 32, 
  "Subplan Name": "SubPlan 2", 
  "Node Type": "Aggregate", 
  "Total Cost": 0.04
 }, 
 {
  "Startup Cost": 0.0, 
  "plan_id": 617, 
  "Plans": [
   618
  ], 
  "CTE Name": "customer_total_return", 
  "Plan Rows": 1, 
  "Node Type": "CTE Scan", 
  "Filter": "(ctr1.ctr_total_return > (SubPlan 2))", 
  "Alias": "ctr1", 
  "filename": "plans/query30.json", 
  "Parallel Aware": false, 
  "Parent Relationship": "Outer", 
  "Output": [
   "ctr1.ctr_customer_sk", 
   "ctr1.ctr_state", 
   "ctr1.ctr_total_return"
  ], 
  "Plan Width": 36, 
  "Total Cost": 0.06
 }, 
 {
  "Startup Cost": 0.14, 
  "filename": "plans/query30.json", 
  "plan_id": 620, 
  "Scan Direction": "Forward", 
  "Index Cond": "(customer.c_customer_sk = ctr1.ctr_customer_sk)", 
  "Node Type": "Index Scan", 
  "Relation Name": "customer", 
  "Alias": "customer", 
  "Plan Rows": 1, 
  "Schema": "pg_temp_2", 
  "Parallel Aware": false, 
  "Parent Relationship": "Inner", 
  "Output": [
   "customer.c_customer_sk", 
   "customer.c_customer_id", 
   "customer.c_current_cdemo_sk", 
   "customer.c_current_hdemo_sk", 
   "customer.c_current_addr_sk", 
   "customer.c_first_shipto_date_sk", 
   "customer.c_first_sales_date_sk", 
   "customer.c_salutation", 
   "customer.c_first_name", 
   "customer.c_last_name", 
   "customer.c_preferred_cust_flag", 
   "customer.c_birth_day", 
   "customer.c_birth_month", 
   "customer.c_birth_year", 
   "customer.c_birth_country", 
   "customer.c_login", 
   "customer.c_email_address", 
   "customer.c_last_review_date"
  ], 
  "Index Name": "customer_pkey", 
  "Plan Width": 710, 
  "Total Cost": 8.16
 }, 
 {
  "Startup Cost": 0.14, 
  "plan_id": 616, 
  "Plans": [
   617, 
   620
  ], 
  "Plan Rows": 1, 
  "Node Type": "Nested Loop", 
  "Join Type": "Inner", 
  "filename": "plans/query30.json", 
  "Parallel Aware": false, 
  "Parent Relationship": "Outer", 
  "Output": [
   "ctr1.ctr_total_return", 
   "customer.c_customer_id", 
   "customer.c_salutation", 
   "customer.c_first_name", 
   "customer.c_last_name", 
   "customer.c_preferred_cust_flag", 
   "customer.c_birth_day", 
   "customer.c_birth_month", 
   "customer.c_birth_year", 
   "customer.c_birth_country", 
   "customer.c_login", 
   "customer.c_email_address", 
   "customer.c_last_review_date", 
   "customer.c_current_addr_sk"
  ], 
  "Plan Width": 738, 
  "Total Cost": 8.23
 }, 
 {
  "Filter": "(customer_address.ca_state = 'VA'::bpchar)", 
  "Startup Cost": 0.14, 
  "filename": "plans/query30.json", 
  "plan_id": 621, 
  "Scan Direction": "Forward", 
  "Index Cond": "(customer_address.ca_address_sk = customer.c_current_addr_sk)", 
  "Node Type": "Index Scan", 
  "Relation Name": "customer_address", 
  "Alias": "customer_address", 
  "Plan Rows": 1, 
  "Schema": "pg_temp_2", 
  "Parallel Aware": false, 
  "Parent Relationship": "Inner", 
  "Output": [
   "customer_address.ca_address_sk", 
   "customer_address.ca_address_id", 
   "customer_address.ca_street_number", 
   "customer_address.ca_street_name", 
   "customer_address.ca_street_type", 
   "customer_address.ca_suite_number", 
   "customer_address.ca_city", 
   "customer_address.ca_county", 
   "customer_address.ca_state", 
   "customer_address.ca_zip", 
   "customer_address.ca_country", 
   "customer_address.ca_gmt_offset", 
   "customer_address.ca_location_type"
  ], 
  "Index Name": "customer_address_pkey", 
  "Plan Width": 4, 
  "Total Cost": 0.6
 }, 
 {
  "Startup Cost": 0.29, 
  "plan_id": 615, 
  "Plans": [
   616, 
   621
  ], 
  "Plan Rows": 1, 
  "Node Type": "Nested Loop", 
  "Join Type": "Inner", 
  "filename": "plans/query30.json", 
  "Parallel Aware": false, 
  "Parent Relationship": "Outer", 
  "Output": [
   "customer.c_customer_id", 
   "customer.c_salutation", 
   "customer.c_first_name", 
   "customer.c_last_name", 
   "customer.c_preferred_cust_flag", 
   "customer.c_birth_day", 
   "customer.c_birth_month", 
   "customer.c_birth_year", 
   "customer.c_birth_country", 
   "customer.c_login", 
   "customer.c_email_address", 
   "customer.c_last_review_date", 
   "ctr1.ctr_total_return"
  ], 
  "Plan Width": 734, 
  "Total Cost": 8.85
 }, 
 {
  "Partial Mode": "Simple", 
  "Startup Cost": 28.92, 
  "Plan Width": 48, 
  "plan_id": 606, 
  "Plans": [
   607
  ], 
  "filename": "plans/query30.json", 
  "Node Type": "Aggregate", 
  "Strategy": "Sorted", 
  "Plan Rows": 1, 
  "Parallel Aware": false, 
  "Output": [
   "web_returns.wr_returning_customer_sk", 
   "customer_address_1.ca_state", 
   "sum(web_returns.wr_return_amt)"
  ], 
  "Group Key": [
   "web_returns.wr_returning_customer_sk", 
   "customer_address_1.ca_state"
  ], 
  "Parent Relationship": "InitPlan", 
  "Subplan Name": "CTE customer_total_return", 
  "Total Cost": 28.94
 }, 
 {
  "Startup Cost": 8.86, 
  "plan_id": 614, 
  "Plans": [
   615
  ], 
  "Sort Key": [
   "customer.c_customer_id", 
   "customer.c_salutation", 
   "customer.c_first_name", 
   "customer.c_last_name", 
   "customer.c_preferred_cust_flag", 
   "customer.c_birth_day", 
   "customer.c_birth_month", 
   "customer.c_birth_year", 
   "customer.c_birth_country", 
   "customer.c_login", 
   "customer.c_email_address", 
   "customer.c_last_review_date", 
   "ctr1.ctr_total_return"
  ], 
  "Plan Rows": 1, 
  "Node Type": "Sort", 
  "filename": "plans/query30.json", 
  "Parallel Aware": false, 
  "Parent Relationship": "Outer", 
  "Output": [
   "customer.c_customer_id", 
   "customer.c_salutation", 
   "customer.c_first_name", 
   "customer.c_last_name", 
   "customer.c_preferred_cust_flag", 
   "customer.c_birth_day", 
   "customer.c_birth_month", 
   "customer.c_birth_year", 
   "customer.c_birth_country", 
   "customer.c_login", 
   "customer.c_email_address", 
   "customer.c_last_review_date", 
   "ctr1.ctr_total_return"
  ], 
  "Plan Width": 734, 
  "Total Cost": 8.86
 }, 
 {
  "Startup Cost": 37.8, 
  "plan_id": 605, 
  "Plans": [
   606, 
   614
  ], 
  "Plan Rows": 1, 
  "Node Type": "Limit", 
  "filename": "plans/query30.json", 
  "Parallel Aware": false, 
  "Output": [
   "customer.c_customer_id", 
   "customer.c_salutation", 
   "customer.c_first_name", 
   "customer.c_last_name", 
   "customer.c_preferred_cust_flag", 
   "customer.c_birth_day", 
   "customer.c_birth_month", 
   "customer.c_birth_year", 
   "customer.c_birth_country", 
   "customer.c_login", 
   "customer.c_email_address", 
   "customer.c_last_review_date", 
   "ctr1.ctr_total_return"
  ], 
  "Plan Width": 734, 
  "Total Cost": 37.8
 }, 
 {
  "Startup Cost": 0.0, 
  "plan_id": 628, 
  "Node Type": "Seq Scan", 
  "Plan Rows": 100, 
  "Relation Name": "customer_address", 
  "Alias": "customer_address", 
  "filename": "plans/query31.json", 
  "Schema": "pg_temp_2", 
  "Parallel Aware": false, 
  "Parent Relationship": "Outer", 
  "Output": [
   "customer_address.ca_county", 
   "customer_address.ca_address_sk"
  ], 
  "Plan Width": 82, 
  "Total Cost": 11.0
 }, 
 {
  "Startup Cost": 0.0, 
  "plan_id": 626, 
  "Node Type": "Seq Scan", 
  "Plan Rows": 340, 
  "Relation Name": "store_sales", 
  "Alias": "store_sales", 
  "filename": "plans/query31.json", 
  "Schema": "pg_temp_2", 
  "Parallel Aware": false, 
  "Parent Relationship": "Outer", 
  "Output": [
   "store_sales.ss_sold_date_sk", 
   "store_sales.ss_sold_time_sk", 
   "store_sales.ss_item_sk", 
   "store_sales.ss_customer_sk", 
   "store_sales.ss_cdemo_sk", 
   "store_sales.ss_hdemo_sk", 
   "store_sales.ss_addr_sk", 
   "store_sales.ss_store_sk", 
   "store_sales.ss_promo_sk", 
   "store_sales.ss_ticket_number", 
   "store_sales.ss_quantity", 
   "store_sales.ss_wholesale_cost", 
   "store_sales.ss_list_price", 
   "store_sales.ss_sales_price", 
   "store_sales.ss_ext_discount_amt", 
   "store_sales.ss_ext_sales_price", 
   "store_sales.ss_ext_wholesale_cost", 
   "store_sales.ss_ext_list_price", 
   "store_sales.ss_ext_tax", 
   "store_sales.ss_coupon_amt", 
   "store_sales.ss_net_paid", 
   "store_sales.ss_net_paid_inc_tax", 
   "store_sales.ss_net_profit"
  ], 
  "Plan Width": 22, 
  "Total Cost": 13.4
 }, 
 {
  "Startup Cost": 11.0, 
  "plan_id": 627, 
  "Plans": [
   628
  ], 
  "Plan Rows": 100, 
  "Node Type": "Hash", 
  "filename": "plans/query31.json", 
  "Parallel Aware": false, 
  "Parent Relationship": "Inner", 
  "Output": [
   "customer_address.ca_county", 
   "customer_address.ca_address_sk"
  ], 
  "Plan Width": 82, 
  "Total Cost": 11.0
 }, 
 {
  "Startup Cost": 0.0, 
  "plan_id": 630, 
  "Node Type": "Seq Scan", 
  "Plan Rows": 270, 
  "Relation Name": "date_dim", 
  "Alias": "date_dim", 
  "filename": "plans/query31.json", 
  "Schema": "pg_temp_2", 
  "Parallel Aware": false, 
  "Parent Relationship": "Outer", 
  "Output": [
   "date_dim.d_qoy", 
   "date_dim.d_year", 
   "date_dim.d_date_sk"
  ], 
  "Plan Width": 12, 
  "Total Cost": 12.7
 }, 
 {
  "Startup Cost": 12.25, 
  "Plan Width": 96, 
  "plan_id": 625, 
  "Plans": [
   626, 
   627
  ], 
  "Plan Rows": 170, 
  "Node Type": "Hash Join", 
  "Join Type": "Inner", 
  "filename": "plans/query31.json", 
  "Parallel Aware": false, 
  "Output": [
   "store_sales.ss_ext_sales_price", 
   "store_sales.ss_sold_date_sk", 
   "customer_address.ca_county"
  ], 
  "Hash Cond": "(store_sales.ss_addr_sk = customer_address.ca_address_sk)", 
  "Parent Relationship": "Outer", 
  "Total Cost": 28.62
 }, 
 {
  "Startup Cost": 12.7, 
  "plan_id": 629, 
  "Plans": [
   630
  ], 
  "Plan Rows": 270, 
  "Node Type": "Hash", 
  "filename": "plans/query31.json", 
  "Parallel Aware": false, 
  "Parent Relationship": "Inner", 
  "Output": [
   "date_dim.d_qoy", 
   "date_dim.d_year", 
   "date_dim.d_date_sk"
  ], 
  "Plan Width": 12, 
  "Total Cost": 12.7
 }, 
 {
  "Startup Cost": 28.32, 
  "Plan Width": 100, 
  "plan_id": 624, 
  "Plans": [
   625, 
   629
  ], 
  "Plan Rows": 170, 
  "Node Type": "Hash Join", 
  "Join Type": "Inner", 
  "filename": "plans/query31.json", 
  "Parallel Aware": false, 
  "Output": [
   "customer_address.ca_county", 
   "date_dim.d_qoy", 
   "date_dim.d_year", 
   "store_sales.ss_ext_sales_price"
  ], 
  "Hash Cond": "(store_sales.ss_sold_date_sk = date_dim.d_date_sk)", 
  "Parent Relationship": "Outer", 
  "Total Cost": 47.04
 }, 
 {
  "Startup Cost": 0.0, 
  "plan_id": 636, 
  "Node Type": "Seq Scan", 
  "Plan Rows": 100, 
  "Relation Name": "customer_address", 
  "Alias": "customer_address_1", 
  "filename": "plans/query31.json", 
  "Schema": "pg_temp_2", 
  "Parallel Aware": false, 
  "Parent Relationship": "Outer", 
  "Output": [
   "customer_address_1.ca_county", 
   "customer_address_1.ca_address_sk"
  ], 
  "Plan Width": 82, 
  "Total Cost": 11.0
 }, 
 {
  "Startup Cost": 0.0, 
  "plan_id": 634, 
  "Node Type": "Seq Scan", 
  "Plan Rows": 260, 
  "Relation Name": "web_sales", 
  "Alias": "web_sales", 
  "filename": "plans/query31.json", 
  "Schema": "pg_temp_2", 
  "Parallel Aware": false, 
  "Parent Relationship": "Outer", 
  "Output": [
   "web_sales.ws_sold_date_sk", 
   "web_sales.ws_sold_time_sk", 
   "web_sales.ws_ship_date_sk", 
   "web_sales.ws_item_sk", 
   "web_sales.ws_bill_customer_sk", 
   "web_sales.ws_bill_cdemo_sk", 
   "web_sales.ws_bill_hdemo_sk", 
   "web_sales.ws_bill_addr_sk", 
   "web_sales.ws_ship_customer_sk", 
   "web_sales.ws_ship_cdemo_sk", 
   "web_sales.ws_ship_hdemo_sk", 
   "web_sales.ws_ship_addr_sk", 
   "web_sales.ws_web_page_sk", 
   "web_sales.ws_web_site_sk", 
   "web_sales.ws_ship_mode_sk", 
   "web_sales.ws_warehouse_sk", 
   "web_sales.ws_promo_sk", 
   "web_sales.ws_order_number", 
   "web_sales.ws_quantity", 
   "web_sales.ws_wholesale_cost", 
   "web_sales.ws_list_price", 
   "web_sales.ws_sales_price", 
   "web_sales.ws_ext_discount_amt", 
   "web_sales.ws_ext_sales_price", 
   "web_sales.ws_ext_wholesale_cost", 
   "web_sales.ws_ext_list_price", 
   "web_sales.ws_ext_tax", 
   "web_sales.ws_coupon_amt", 
   "web_sales.ws_ext_ship_cost", 
   "web_sales.ws_net_paid", 
   "web_sales.ws_net_paid_inc_tax", 
   "web_sales.ws_net_paid_inc_ship", 
   "web_sales.ws_net_paid_inc_ship_tax", 
   "web_sales.ws_net_profit"
  ], 
  "Plan Width": 22, 
  "Total Cost": 12.6
 }, 
 {
  "Startup Cost": 11.0, 
  "plan_id": 635, 
  "Plans": [
   636
  ], 
  "Plan Rows": 100, 
  "Node Type": "Hash", 
  "filename": "plans/query31.json", 
  "Parallel Aware": false, 
  "Parent Relationship": "Inner", 
  "Output": [
   "customer_address_1.ca_county", 
   "customer_address_1.ca_address_sk"
  ], 
  "Plan Width": 82, 
  "Total Cost": 11.0
 }, 
 {
  "Startup Cost": 0.0, 
  "plan_id": 638, 
  "Node Type": "Seq Scan", 
  "Plan Rows": 270, 
  "Relation Name": "date_dim", 
  "Alias": "date_dim_1", 
  "filename": "plans/query31.json", 
  "Schema": "pg_temp_2", 
  "Parallel Aware": false, 
  "Parent Relationship": "Outer", 
  "Output": [
   "date_dim_1.d_qoy", 
   "date_dim_1.d_year", 
   "date_dim_1.d_date_sk"
  ], 
  "Plan Width": 12, 
  "Total Cost": 12.7
 }, 
 {
  "Startup Cost": 12.25, 
  "Plan Width": 96, 
  "plan_id": 633, 
  "Plans": [
   634, 
   635
  ], 
  "Plan Rows": 130, 
  "Node Type": "Hash Join", 
  "Join Type": "Inner", 
  "filename": "plans/query31.json", 
  "Parallel Aware": false, 
  "Output": [
   "web_sales.ws_ext_sales_price", 
   "web_sales.ws_sold_date_sk", 
   "customer_address_1.ca_county"
  ], 
  "Hash Cond": "(web_sales.ws_bill_addr_sk = customer_address_1.ca_address_sk)", 
  "Parent Relationship": "Outer", 
  "Total Cost": 27.12
 }, 
 {
  "Startup Cost": 12.7, 
  "plan_id": 637, 
  "Plans": [
   638
  ], 
  "Plan Rows": 270, 
  "Node Type": "Hash", 
  "filename": "plans/query31.json", 
  "Parallel Aware": false, 
  "Parent Relationship": "Inner", 
  "Output": [
   "date_dim_1.d_qoy", 
   "date_dim_1.d_year", 
   "date_dim_1.d_date_sk"
  ], 
  "Plan Width": 12, 
  "Total Cost": 12.7
 }, 
 {
  "Startup Cost": 28.32, 
  "Plan Width": 100, 
  "plan_id": 632, 
  "Plans": [
   633, 
   637
  ], 
  "Plan Rows": 130, 
  "Node Type": "Hash Join", 
  "Join Type": "Inner", 
  "filename": "plans/query31.json", 
  "Parallel Aware": false, 
  "Output": [
   "customer_address_1.ca_county", 
   "date_dim_1.d_qoy", 
   "date_dim_1.d_year", 
   "web_sales.ws_ext_sales_price"
  ], 
  "Hash Cond": "(web_sales.ws_sold_date_sk = date_dim_1.d_date_sk)", 
  "Parent Relationship": "Outer", 
  "Total Cost": 44.99
 }, 
 {
  "Startup Cost": 0.0, 
  "plan_id": 644, 
  "CTE Name": "ss", 
  "Node Type": "CTE Scan", 
  "Plan Rows": 1, 
  "Filter": "((ss1.d_qoy = 1) AND (ss1.d_year = 2002))", 
  "Alias": "ss1", 
  "filename": "plans/query31.json", 
  "Parallel Aware": false, 
  "Parent Relationship": "Outer", 
  "Output": [
   "ss1.ca_county", 
   "ss1.d_qoy", 
   "ss1.d_year", 
   "ss1.store_sales"
  ], 
  "Plan Width": 114, 
  "Total Cost": 4.25
 }, 
 {
  "Startup Cost": 0.0, 
  "plan_id": 645, 
  "CTE Name": "ss", 
  "Node Type": "CTE Scan", 
  "Plan Rows": 1, 
  "Filter": "((ss2.d_year = 2002) AND (ss2.d_qoy = 2))", 
  "Alias": "ss2", 
  "filename": "plans/query31.json", 
  "Parallel Aware": false, 
  "Parent Relationship": "Inner", 
  "Output": [
   "ss2.ca_county", 
   "ss2.d_qoy", 
   "ss2.d_year", 
   "ss2.store_sales"
  ], 
  "Plan Width": 110, 
  "Total Cost": 4.25
 }, 
 {
  "Startup Cost": 0.0, 
  "plan_id": 643, 
  "Plans": [
   644, 
   645
  ], 
  "Plan Rows": 1, 
  "Node Type": "Nested Loop", 
  "Join Type": "Inner", 
  "filename": "plans/query31.json", 
  "Parallel Aware": false, 
  "Parent Relationship": "Outer", 
  "Output": [
   "ss1.ca_county", 
   "ss1.d_year", 
   "ss1.store_sales", 
   "ss2.store_sales", 
   "ss2.ca_county"
  ], 
  "Plan Width": 224, 
  "Join Filter": "((ss1.ca_county)::text = (ss2.ca_county)::text)", 
  "Total Cost": 8.51
 }, 
 {
  "Startup Cost": 0.0, 
  "plan_id": 646, 
  "CTE Name": "ss", 
  "Node Type": "CTE Scan", 
  "Plan Rows": 1, 
  "Filter": "((ss3.d_year = 2002) AND (ss3.d_qoy = 3))", 
  "Alias": "ss3", 
  "filename": "plans/query31.json", 
  "Parallel Aware": false, 
  "Parent Relationship": "Inner", 
  "Output": [
   "ss3.ca_county", 
   "ss3.d_qoy", 
   "ss3.d_year", 
   "ss3.store_sales"
  ], 
  "Plan Width": 110, 
  "Total Cost": 4.25
 }, 
 {
  "Startup Cost": 0.0, 
  "plan_id": 642, 
  "Plans": [
   643, 
   646
  ], 
  "Plan Rows": 1, 
  "Node Type": "Nested Loop", 
  "Join Type": "Inner", 
  "filename": "plans/query31.json", 
  "Parallel Aware": false, 
  "Parent Relationship": "Outer", 
  "Output": [
   "ss1.ca_county", 
   "ss1.d_year", 
   "ss1.store_sales", 
   "ss2.store_sales", 
   "ss2.ca_county", 
   "ss3.store_sales", 
   "ss3.ca_county"
  ], 
  "Plan Width": 334, 
  "Join Filter": "((ss1.ca_county)::text = (ss3.ca_county)::text)", 
  "Total Cost": 12.77
 }, 
 {
  "Startup Cost": 0.0, 
  "plan_id": 647, 
  "CTE Name": "ws", 
  "Node Type": "CTE Scan", 
  "Plan Rows": 1, 
  "Filter": "((ws1.d_qoy = 1) AND (ws1.d_year = 2002))", 
  "Alias": "ws1", 
  "filename": "plans/query31.json", 
  "Parallel Aware": false, 
  "Parent Relationship": "Inner", 
  "Output": [
   "ws1.ca_county", 
   "ws1.d_qoy", 
   "ws1.d_year", 
   "ws1.web_sales"
  ], 
  "Plan Width": 110, 
  "Total Cost": 3.25
 }, 
 {
  "Startup Cost": 0.0, 
  "plan_id": 641, 
  "Plans": [
   642, 
   647
  ], 
  "Plan Rows": 1, 
  "Node Type": "Nested Loop", 
  "Join Type": "Inner", 
  "filename": "plans/query31.json", 
  "Parallel Aware": false, 
  "Parent Relationship": "Outer", 
  "Output": [
   "ss1.ca_county", 
   "ss1.d_year", 
   "ss1.store_sales", 
   "ss2.store_sales", 
   "ss2.ca_county", 
   "ss3.store_sales", 
   "ss3.ca_county", 
   "ws1.web_sales", 
   "ws1.ca_county"
  ], 
  "Plan Width": 444, 
  "Join Filter": "((ss1.ca_county)::text = (ws1.ca_county)::text)", 
  "Total Cost": 16.04
 }, 
 {
  "Startup Cost": 0.0, 
  "plan_id": 648, 
  "CTE Name": "ws", 
  "Node Type": "CTE Scan", 
  "Plan Rows": 1, 
  "Filter": "((ws2.d_year = 2002) AND (ws2.d_qoy = 2))", 
  "Alias": "ws2", 
  "filename": "plans/query31.json", 
  "Parallel Aware": false, 
  "Parent Relationship": "Inner", 
  "Output": [
   "ws2.ca_county", 
   "ws2.d_qoy", 
   "ws2.d_year", 
   "ws2.web_sales"
  ], 
  "Plan Width": 110, 
  "Total Cost": 3.25
 }, 
 {
  "Startup Cost": 0.0, 
  "plan_id": 640, 
  "Plans": [
   641, 
   648
  ], 
  "Plan Rows": 1, 
  "Node Type": "Nested Loop", 
  "Join Type": "Inner", 
  "filename": "plans/query31.json", 
  "Parallel Aware": false, 
  "Parent Relationship": "Outer", 
  "Output": [
   "ss1.ca_county", 
   "ss1.d_year", 
   "ss1.store_sales", 
   "ss2.store_sales", 
   "ss2.ca_county", 
   "ss3.store_sales", 
   "ss3.ca_county", 
   "ws1.web_sales", 
   "ws1.ca_county", 
   "ws2.web_sales", 
   "ws2.ca_county"
  ], 
  "Plan Width": 554, 
  "Join Filter": "(((ss1.ca_county)::text = (ws2.ca_county)::text) AND (CASE WHEN (ws1.web_sales > '0'::numeric) THEN (ws2.web_sales / ws1.web_sales) ELSE NULL::numeric END > CASE WHEN (ss1.store_sales > '0'::numeric) THEN (ss2.store_sales / ss1.store_sales) ELSE NULL::numeric END))", 
  "Total Cost": 19.31
 }, 
 {
  "Startup Cost": 0.0, 
  "plan_id": 649, 
  "CTE Name": "ws", 
  "Node Type": "CTE Scan", 
  "Plan Rows": 1, 
  "Filter": "((ws3.d_year = 2002) AND (ws3.d_qoy = 3))", 
  "Alias": "ws3", 
  "filename": "plans/query31.json", 
  "Parallel Aware": false, 
  "Parent Relationship": "Inner", 
  "Output": [
   "ws3.ca_county", 
   "ws3.d_qoy", 
   "ws3.d_year", 
   "ws3.web_sales"
  ], 
  "Plan Width": 110, 
  "Total Cost": 3.25
 }, 
 {
  "Partial Mode": "Simple", 
  "Startup Cost": 48.74, 
  "Plan Width": 118, 
  "plan_id": 623, 
  "Plans": [
   624
  ], 
  "filename": "plans/query31.json", 
  "Node Type": "Aggregate", 
  "Strategy": "Hashed", 
  "Plan Rows": 170, 
  "Parallel Aware": false, 
  "Output": [
   "customer_address.ca_county", 
   "date_dim.d_qoy", 
   "date_dim.d_year", 
   "sum(store_sales.ss_ext_sales_price)"
  ], 
  "Group Key": [
   "customer_address.ca_county", 
   "date_dim.d_qoy", 
   "date_dim.d_year"
  ], 
  "Parent Relationship": "InitPlan", 
  "Subplan Name": "CTE ss", 
  "Total Cost": 50.86
 }, 
 {
  "Partial Mode": "Simple", 
  "Startup Cost": 46.29, 
  "Plan Width": 118, 
  "plan_id": 631, 
  "Plans": [
   632
  ], 
  "filename": "plans/query31.json", 
  "Node Type": "Aggregate", 
  "Strategy": "Hashed", 
  "Plan Rows": 130, 
  "Parallel Aware": false, 
  "Output": [
   "customer_address_1.ca_county", 
   "date_dim_1.d_qoy", 
   "date_dim_1.d_year", 
   "sum(web_sales.ws_ext_sales_price)"
  ], 
  "Group Key": [
   "customer_address_1.ca_county", 
   "date_dim_1.d_qoy", 
   "date_dim_1.d_year"
  ], 
  "Parent Relationship": "InitPlan", 
  "Subplan Name": "CTE ws", 
  "Total Cost": 47.91
 }, 
 {
  "Startup Cost": 0.0, 
  "plan_id": 639, 
  "Plans": [
   640, 
   649
  ], 
  "Plan Rows": 1, 
  "Node Type": "Nested Loop", 
  "Join Type": "Inner", 
  "filename": "plans/query31.json", 
  "Parallel Aware": false, 
  "Parent Relationship": "Outer", 
  "Output": [
   "ss1.ca_county", 
   "ss1.d_year", 
   "(ws2.web_sales / ws1.web_sales)", 
   "(ss2.store_sales / ss1.store_sales)", 
   "(ws3.web_sales / ws2.web_sales)", 
   "(ss3.store_sales / ss2.store_sales)"
  ], 
  "Plan Width": 210, 
  "Join Filter": "(((ss1.ca_county)::text = (ws3.ca_county)::text) AND (CASE WHEN (ws2.web_sales > '0'::numeric) THEN (ws3.web_sales / ws2.web_sales) ELSE NULL::numeric END > CASE WHEN (ss2.store_sales > '0'::numeric) THEN (ss3.store_sales / ss2.store_sales) ELSE NULL::numeric END))", 
  "Total Cost": 22.6
 }, 
 {
  "Startup Cost": 121.38, 
  "plan_id": 622, 
  "Plans": [
   623, 
   631, 
   639
  ], 
  "Sort Key": [
   "((ss2.store_sales / ss1.store_sales))"
  ], 
  "Plan Rows": 1, 
  "Node Type": "Sort", 
  "filename": "plans/query31.json", 
  "Parallel Aware": false, 
  "Output": [
   "ss1.ca_county", 
   "ss1.d_year", 
   "((ws2.web_sales / ws1.web_sales))", 
   "((ss2.store_sales / ss1.store_sales))", 
   "((ws3.web_sales / ws2.web_sales))", 
   "((ss3.store_sales / ss2.store_sales))"
  ], 
  "Plan Width": 210, 
  "Total Cost": 121.39
 }, 
 {
  "Startup Cost": 0.15, 
  "filename": "plans/query32.json", 
  "plan_id": 658, 
  "Scan Direction": "Forward", 
  "Index Cond": "(catalog_sales_1.cs_item_sk = item.i_item_sk)", 
  "Node Type": "Index Scan", 
  "Relation Name": "catalog_sales", 
  "Alias": "catalog_sales_1", 
  "Plan Rows": 1, 
  "Schema": "pg_temp_2", 
  "Parallel Aware": false, 
  "Parent Relationship": "Outer", 
  "Output": [
   "catalog_sales_1.cs_sold_date_sk", 
   "catalog_sales_1.cs_sold_time_sk", 
   "catalog_sales_1.cs_ship_date_sk", 
   "catalog_sales_1.cs_bill_customer_sk", 
   "catalog_sales_1.cs_bill_cdemo_sk", 
   "catalog_sales_1.cs_bill_hdemo_sk", 
   "catalog_sales_1.cs_bill_addr_sk", 
   "catalog_sales_1.cs_ship_customer_sk", 
   "catalog_sales_1.cs_ship_cdemo_sk", 
   "catalog_sales_1.cs_ship_hdemo_sk", 
   "catalog_sales_1.cs_ship_addr_sk", 
   "catalog_sales_1.cs_call_center_sk", 
   "catalog_sales_1.cs_catalog_page_sk", 
   "catalog_sales_1.cs_ship_mode_sk", 
   "catalog_sales_1.cs_warehouse_sk", 
   "catalog_sales_1.cs_item_sk", 
   "catalog_sales_1.cs_promo_sk", 
   "catalog_sales_1.cs_order_number", 
   "catalog_sales_1.cs_quantity", 
   "catalog_sales_1.cs_wholesale_cost", 
   "catalog_sales_1.cs_list_price", 
   "catalog_sales_1.cs_sales_price", 
   "catalog_sales_1.cs_ext_discount_amt", 
   "catalog_sales_1.cs_ext_sales_price", 
   "catalog_sales_1.cs_ext_wholesale_cost", 
   "catalog_sales_1.cs_ext_list_price", 
   "catalog_sales_1.cs_ext_tax", 
   "catalog_sales_1.cs_coupon_amt", 
   "catalog_sales_1.cs_ext_ship_cost", 
   "catalog_sales_1.cs_net_paid", 
   "catalog_sales_1.cs_net_paid_inc_tax", 
   "catalog_sales_1.cs_net_paid_inc_ship", 
   "catalog_sales_1.cs_net_paid_inc_ship_tax", 
   "catalog_sales_1.cs_net_profit"
  ], 
  "Index Name": "catalog_sales_pkey", 
  "Plan Width": 18, 
  "Total Cost": 8.17
 }, 
 {
  "Filter": "((date_dim_1.d_date >= '1998-02-16'::date) AND (date_dim_1.d_date <= '1998-05-17 00:00:00'::timestamp without time zone))", 
  "Startup Cost": 0.15, 
  "filename": "plans/query32.json", 
  "plan_id": 659, 
  "Scan Direction": "Forward", 
  "Index Cond": "(date_dim_1.d_date_sk = catalog_sales_1.cs_sold_date_sk)", 
  "Node Type": "Index Scan", 
  "Relation Name": "date_dim", 
  "Alias": "date_dim_1", 
  "Plan Rows": 1, 
  "Schema": "pg_temp_2", 
  "Parallel Aware": false, 
  "Parent Relationship": "Inner", 
  "Output": [
   "date_dim_1.d_date_sk", 
   "date_dim_1.d_date_id", 
   "date_dim_1.d_date", 
   "date_dim_1.d_month_seq", 
   "date_dim_1.d_week_seq", 
   "date_dim_1.d_quarter_seq", 
   "date_dim_1.d_year", 
   "date_dim_1.d_dow", 
   "date_dim_1.d_moy", 
   "date_dim_1.d_dom", 
   "date_dim_1.d_qoy", 
   "date_dim_1.d_fy_year", 
   "date_dim_1.d_fy_quarter_seq", 
   "date_dim_1.d_fy_week_seq", 
   "date_dim_1.d_day_name", 
   "date_dim_1.d_quarter_name", 
   "date_dim_1.d_holiday", 
   "date_dim_1.d_weekend", 
   "date_dim_1.d_following_holiday", 
   "date_dim_1.d_first_dom", 
   "date_dim_1.d_last_dom", 
   "date_dim_1.d_same_day_ly", 
   "date_dim_1.d_same_day_lq", 
   "date_dim_1.d_current_day", 
   "date_dim_1.d_current_week", 
   "date_dim_1.d_current_month", 
   "date_dim_1.d_current_quarter", 
   "date_dim_1.d_current_year"
  ], 
  "Index Name": "date_dim_pkey", 
  "Plan Width": 4, 
  "Total Cost": 8.17
 }, 
 {
  "Startup Cost": 0.29, 
  "plan_id": 657, 
  "Plans": [
   658, 
   659
  ], 
  "Plan Rows": 1, 
  "Node Type": "Nested Loop", 
  "Join Type": "Inner", 
  "filename": "plans/query32.json", 
  "Parallel Aware": false, 
  "Parent Relationship": "Outer", 
  "Output": [
   "catalog_sales_1.cs_ext_discount_amt"
  ], 
  "Plan Width": 14, 
  "Total Cost": 16.35
 }, 
 {
  "Partial Mode": "Simple", 
  "Startup Cost": 16.35, 
  "plan_id": 656, 
  "Plans": [
   657
  ], 
  "Plan Rows": 1, 
  "Strategy": "Plain", 
  "filename": "plans/query32.json", 
  "Parallel Aware": false, 
  "Parent Relationship": "SubPlan", 
  "Output": [
   "(1.3 * avg(catalog_sales_1.cs_ext_discount_amt))"
  ], 
  "Plan Width": 32, 
  "Subplan Name": "SubPlan 1", 
  "Node Type": "Aggregate", 
  "Total Cost": 16.36
 }, 
 {
  "Relation Name": "item", 
  "Startup Cost": 0.0, 
  "plan_id": 654, 
  "Node Type": "Seq Scan", 
  "Plan Rows": 1, 
  "Filter": "(item.i_manufact_id = 617)", 
  "Alias": "item", 
  "filename": "plans/query32.json", 
  "Schema": "pg_temp_2", 
  "Parallel Aware": false, 
  "Parent Relationship": "Outer", 
  "Output": [
   "item.i_item_sk", 
   "item.i_item_id", 
   "item.i_rec_start_date", 
   "item.i_rec_end_date", 
   "item.i_item_desc", 
   "item.i_current_price", 
   "item.i_wholesale_cost", 
   "item.i_brand_id", 
   "item.i_brand", 
   "item.i_class_id", 
   "item.i_class", 
   "item.i_category_id", 
   "item.i_category", 
   "item.i_manufact_id", 
   "item.i_manufact", 
   "item.i_size", 
   "item.i_formulation", 
   "item.i_color", 
   "item.i_units", 
   "item.i_container", 
   "item.i_manager_id", 
   "item.i_product_name"
  ], 
  "Plan Width": 4, 
  "Total Cost": 10.5
 }, 
 {
  "Filter": "(catalog_sales.cs_ext_discount_amt > (SubPlan 1))", 
  "Startup Cost": 0.15, 
  "Scan Direction": "Forward", 
  "plan_id": 655, 
  "Plans": [
   656
  ], 
  "Node Type": "Index Scan", 
  "Index Cond": "(catalog_sales.cs_item_sk = item.i_item_sk)", 
  "Plan Rows": 1, 
  "Relation Name": "catalog_sales", 
  "Alias": "catalog_sales", 
  "filename": "plans/query32.json", 
  "Schema": "pg_temp_2", 
  "Parallel Aware": false, 
  "Parent Relationship": "Inner", 
  "Output": [
   "catalog_sales.cs_sold_date_sk", 
   "catalog_sales.cs_sold_time_sk", 
   "catalog_sales.cs_ship_date_sk", 
   "catalog_sales.cs_bill_customer_sk", 
   "catalog_sales.cs_bill_cdemo_sk", 
   "catalog_sales.cs_bill_hdemo_sk", 
   "catalog_sales.cs_bill_addr_sk", 
   "catalog_sales.cs_ship_customer_sk", 
   "catalog_sales.cs_ship_cdemo_sk", 
   "catalog_sales.cs_ship_hdemo_sk", 
   "catalog_sales.cs_ship_addr_sk", 
   "catalog_sales.cs_call_center_sk", 
   "catalog_sales.cs_catalog_page_sk", 
   "catalog_sales.cs_ship_mode_sk", 
   "catalog_sales.cs_warehouse_sk", 
   "catalog_sales.cs_item_sk", 
   "catalog_sales.cs_promo_sk", 
   "catalog_sales.cs_order_number", 
   "catalog_sales.cs_quantity", 
   "catalog_sales.cs_wholesale_cost", 
   "catalog_sales.cs_list_price", 
   "catalog_sales.cs_sales_price", 
   "catalog_sales.cs_ext_discount_amt", 
   "catalog_sales.cs_ext_sales_price", 
   "catalog_sales.cs_ext_wholesale_cost", 
   "catalog_sales.cs_ext_list_price", 
   "catalog_sales.cs_ext_tax", 
   "catalog_sales.cs_coupon_amt", 
   "catalog_sales.cs_ext_ship_cost", 
   "catalog_sales.cs_net_paid", 
   "catalog_sales.cs_net_paid_inc_tax", 
   "catalog_sales.cs_net_paid_inc_ship", 
   "catalog_sales.cs_net_paid_inc_ship_tax", 
   "catalog_sales.cs_net_profit"
  ], 
  "Index Name": "catalog_sales_pkey", 
  "Plan Width": 22, 
  "Total Cost": 24.53
 }, 
 {
  "Startup Cost": 0.15, 
  "plan_id": 653, 
  "Plans": [
   654, 
   655
  ], 
  "Plan Rows": 1, 
  "Node Type": "Nested Loop", 
  "Join Type": "Inner", 
  "filename": "plans/query32.json", 
  "Parallel Aware": false, 
  "Parent Relationship": "Outer", 
  "Output": [
   "catalog_sales.cs_ext_discount_amt", 
   "catalog_sales.cs_sold_date_sk"
  ], 
  "Plan Width": 18, 
  "Total Cost": 35.04
 }, 
 {
  "Filter": "((date_dim.d_date >= '1998-02-16'::date) AND (date_dim.d_date <= '1998-05-17 00:00:00'::timestamp without time zone))", 
  "Startup Cost": 0.15, 
  "filename": "plans/query32.json", 
  "plan_id": 660, 
  "Scan Direction": "Forward", 
  "Index Cond": "(date_dim.d_date_sk = catalog_sales.cs_sold_date_sk)", 
  "Node Type": "Index Scan", 
  "Relation Name": "date_dim", 
  "Alias": "date_dim", 
  "Plan Rows": 1, 
  "Schema": "pg_temp_2", 
  "Parallel Aware": false, 
  "Parent Relationship": "Inner", 
  "Output": [
   "date_dim.d_date_sk", 
   "date_dim.d_date_id", 
   "date_dim.d_date", 
   "date_dim.d_month_seq", 
   "date_dim.d_week_seq", 
   "date_dim.d_quarter_seq", 
   "date_dim.d_year", 
   "date_dim.d_dow", 
   "date_dim.d_moy", 
   "date_dim.d_dom", 
   "date_dim.d_qoy", 
   "date_dim.d_fy_year", 
   "date_dim.d_fy_quarter_seq", 
   "date_dim.d_fy_week_seq", 
   "date_dim.d_day_name", 
   "date_dim.d_quarter_name", 
   "date_dim.d_holiday", 
   "date_dim.d_weekend", 
   "date_dim.d_following_holiday", 
   "date_dim.d_first_dom", 
   "date_dim.d_last_dom", 
   "date_dim.d_same_day_ly", 
   "date_dim.d_same_day_lq", 
   "date_dim.d_current_day", 
   "date_dim.d_current_week", 
   "date_dim.d_current_month", 
   "date_dim.d_current_quarter", 
   "date_dim.d_current_year"
  ], 
  "Index Name": "date_dim_pkey", 
  "Plan Width": 4, 
  "Total Cost": 0.34
 }, 
 {
  "Startup Cost": 0.29, 
  "plan_id": 652, 
  "Plans": [
   653, 
   660
  ], 
  "Plan Rows": 1, 
  "Node Type": "Nested Loop", 
  "Join Type": "Inner", 
  "filename": "plans/query32.json", 
  "Parallel Aware": false, 
  "Parent Relationship": "Outer", 
  "Output": [
   "catalog_sales.cs_ext_discount_amt"
  ], 
  "Plan Width": 14, 
  "Total Cost": 35.39
 }, 
 {
  "Partial Mode": "Simple", 
  "Startup Cost": 35.39, 
  "plan_id": 651, 
  "Plans": [
   652
  ], 
  "Plan Rows": 1, 
  "Strategy": "Plain", 
  "filename": "plans/query32.json", 
  "Parallel Aware": false, 
  "Parent Relationship": "Outer", 
  "Output": [
   "sum(catalog_sales.cs_ext_discount_amt)"
  ], 
  "Plan Width": 32, 
  "Node Type": "Aggregate", 
  "Total Cost": 35.4
 }, 
 {
  "Startup Cost": 35.39, 
  "plan_id": 650, 
  "Plans": [
   651
  ], 
  "Plan Rows": 1, 
  "Node Type": "Limit", 
  "filename": "plans/query32.json", 
  "Parallel Aware": false, 
  "Output": [
   "(sum(catalog_sales.cs_ext_discount_amt))"
  ], 
  "Plan Width": 32, 
  "Total Cost": 35.4
 }, 
 {
  "Relation Name": "item", 
  "Startup Cost": 0.0, 
  "plan_id": 670, 
  "Node Type": "Seq Scan", 
  "Plan Rows": 1, 
  "Filter": "(item_1.i_category = 'Books'::bpchar)", 
  "Alias": "item_1", 
  "filename": "plans/query33.json", 
  "Schema": "pg_temp_2", 
  "Parallel Aware": false, 
  "Parent Relationship": "Outer", 
  "Output": [
   "item_1.i_manufact_id"
  ], 
  "Plan Width": 4, 
  "Total Cost": 10.5
 }, 
 {
  "Startup Cost": 0.0, 
  "plan_id": 668, 
  "Node Type": "Seq Scan", 
  "Plan Rows": 40, 
  "Relation Name": "item", 
  "Alias": "item", 
  "filename": "plans/query33.json", 
  "Schema": "pg_temp_2", 
  "Parallel Aware": false, 
  "Parent Relationship": "Outer", 
  "Output": [
   "item.i_item_sk", 
   "item.i_item_id", 
   "item.i_rec_start_date", 
   "item.i_rec_end_date", 
   "item.i_item_desc", 
   "item.i_current_price", 
   "item.i_wholesale_cost", 
   "item.i_brand_id", 
   "item.i_brand", 
   "item.i_class_id", 
   "item.i_class", 
   "item.i_category_id", 
   "item.i_category", 
   "item.i_manufact_id", 
   "item.i_manufact", 
   "item.i_size", 
   "item.i_formulation", 
   "item.i_color", 
   "item.i_units", 
   "item.i_container", 
   "item.i_manager_id", 
   "item.i_product_name"
  ], 
  "Plan Width": 8, 
  "Total Cost": 10.4
 }, 
 {
  "Startup Cost": 10.5, 
  "plan_id": 669, 
  "Plans": [
   670
  ], 
  "Plan Rows": 1, 
  "Node Type": "Hash", 
  "filename": "plans/query33.json", 
  "Parallel Aware": false, 
  "Parent Relationship": "Inner", 
  "Output": [
   "item_1.i_manufact_id"
  ], 
  "Plan Width": 4, 
  "Total Cost": 10.5
 }, 
 {
  "Startup Cost": 10.51, 
  "Plan Width": 8, 
  "plan_id": 667, 
  "Plans": [
   668, 
   669
  ], 
  "Plan Rows": 1, 
  "Node Type": "Hash Join", 
  "Join Type": "Semi", 
  "filename": "plans/query33.json", 
  "Parallel Aware": false, 
  "Output": [
   "item.i_manufact_id", 
   "item.i_item_sk"
  ], 
  "Hash Cond": "(item.i_manufact_id = item_1.i_manufact_id)", 
  "Parent Relationship": "Outer", 
  "Total Cost": 21.03
 }, 
 {
  "Startup Cost": 0.15, 
  "filename": "plans/query33.json", 
  "plan_id": 671, 
  "Scan Direction": "Forward", 
  "Index Cond": "(store_sales.ss_item_sk = item.i_item_sk)", 
  "Node Type": "Index Scan", 
  "Relation Name": "store_sales", 
  "Alias": "store_sales", 
  "Plan Rows": 2, 
  "Schema": "pg_temp_2", 
  "Parallel Aware": false, 
  "Parent Relationship": "Inner", 
  "Output": [
   "store_sales.ss_sold_date_sk", 
   "store_sales.ss_sold_time_sk", 
   "store_sales.ss_item_sk", 
   "store_sales.ss_customer_sk", 
   "store_sales.ss_cdemo_sk", 
   "store_sales.ss_hdemo_sk", 
   "store_sales.ss_addr_sk", 
   "store_sales.ss_store_sk", 
   "store_sales.ss_promo_sk", 
   "store_sales.ss_ticket_number", 
   "store_sales.ss_quantity", 
   "store_sales.ss_wholesale_cost", 
   "store_sales.ss_list_price", 
   "store_sales.ss_sales_price", 
   "store_sales.ss_ext_discount_amt", 
   "store_sales.ss_ext_sales_price", 
   "store_sales.ss_ext_wholesale_cost", 
   "store_sales.ss_ext_list_price", 
   "store_sales.ss_ext_tax", 
   "store_sales.ss_coupon_amt", 
   "store_sales.ss_net_paid", 
   "store_sales.ss_net_paid_inc_tax", 
   "store_sales.ss_net_profit"
  ], 
  "Index Name": "store_sales_pkey", 
  "Plan Width": 26, 
  "Total Cost": 1.28
 }, 
 {
  "Startup Cost": 10.66, 
  "plan_id": 666, 
  "Plans": [
   667, 
   671
  ], 
  "Plan Rows": 2, 
  "Node Type": "Nested Loop", 
  "Join Type": "Inner", 
  "filename": "plans/query33.json", 
  "Parallel Aware": false, 
  "Parent Relationship": "Outer", 
  "Output": [
   "store_sales.ss_ext_sales_price", 
   "store_sales.ss_sold_date_sk", 
   "store_sales.ss_addr_sk", 
   "item.i_manufact_id"
  ], 
  "Plan Width": 26, 
  "Total Cost": 22.33
 }, 
 {
  "Filter": "(customer_address.ca_gmt_offset = '-5'::numeric)", 
  "Startup Cost": 0.14, 
  "filename": "plans/query33.json", 
  "plan_id": 672, 
  "Scan Direction": "Forward", 
  "Index Cond": "(customer_address.ca_address_sk = store_sales.ss_addr_sk)", 
  "Node Type": "Index Scan", 
  "Relation Name": "customer_address", 
  "Alias": "customer_address", 
  "Plan Rows": 1, 
  "Schema": "pg_temp_2", 
  "Parallel Aware": false, 
  "Parent Relationship": "Inner", 
  "Output": [
   "customer_address.ca_address_sk", 
   "customer_address.ca_address_id", 
   "customer_address.ca_street_number", 
   "customer_address.ca_street_name", 
   "customer_address.ca_street_type", 
   "customer_address.ca_suite_number", 
   "customer_address.ca_city", 
   "customer_address.ca_county", 
   "customer_address.ca_state", 
   "customer_address.ca_zip", 
   "customer_address.ca_country", 
   "customer_address.ca_gmt_offset", 
   "customer_address.ca_location_type"
  ], 
  "Index Name": "customer_address_pkey", 
  "Plan Width": 4, 
  "Total Cost": 0.29
 }, 
 {
  "Startup Cost": 10.8, 
  "plan_id": 665, 
  "Plans": [
   666, 
   672
  ], 
  "Plan Rows": 1, 
  "Node Type": "Nested Loop", 
  "Join Type": "Inner", 
  "filename": "plans/query33.json", 
  "Parallel Aware": false, 
  "Parent Relationship": "Outer", 
  "Output": [
   "store_sales.ss_ext_sales_price", 
   "store_sales.ss_sold_date_sk", 
   "item.i_manufact_id"
  ], 
  "Plan Width": 22, 
  "Total Cost": 22.93
 }, 
 {
  "Filter": "((date_dim.d_year = 1999) AND (date_dim.d_moy = 6))", 
  "Startup Cost": 0.15, 
  "filename": "plans/query33.json", 
  "plan_id": 673, 
  "Scan Direction": "Forward", 
  "Index Cond": "(date_dim.d_date_sk = store_sales.ss_sold_date_sk)", 
  "Node Type": "Index Scan", 
  "Relation Name": "date_dim", 
  "Alias": "date_dim", 
  "Plan Rows": 1, 
  "Schema": "pg_temp_2", 
  "Parallel Aware": false, 
  "Parent Relationship": "Inner", 
  "Output": [
   "date_dim.d_date_sk", 
   "date_dim.d_date_id", 
   "date_dim.d_date", 
   "date_dim.d_month_seq", 
   "date_dim.d_week_seq", 
   "date_dim.d_quarter_seq", 
   "date_dim.d_year", 
   "date_dim.d_dow", 
   "date_dim.d_moy", 
   "date_dim.d_dom", 
   "date_dim.d_qoy", 
   "date_dim.d_fy_year", 
   "date_dim.d_fy_quarter_seq", 
   "date_dim.d_fy_week_seq", 
   "date_dim.d_day_name", 
   "date_dim.d_quarter_name", 
   "date_dim.d_holiday", 
   "date_dim.d_weekend", 
   "date_dim.d_following_holiday", 
   "date_dim.d_first_dom", 
   "date_dim.d_last_dom", 
   "date_dim.d_same_day_ly", 
   "date_dim.d_same_day_lq", 
   "date_dim.d_current_day", 
   "date_dim.d_current_week", 
   "date_dim.d_current_month", 
   "date_dim.d_current_quarter", 
   "date_dim.d_current_year"
  ], 
  "Index Name": "date_dim_pkey", 
  "Plan Width": 4, 
  "Total Cost": 0.3
 }, 
 {
  "Startup Cost": 10.95, 
  "plan_id": 664, 
  "Plans": [
   665, 
   673
  ], 
  "Plan Rows": 1, 
  "Node Type": "Nested Loop", 
  "Join Type": "Inner", 
  "filename": "plans/query33.json", 
  "Parallel Aware": false, 
  "Parent Relationship": "Outer", 
  "Output": [
   "item.i_manufact_id", 
   "store_sales.ss_ext_sales_price"
  ], 
  "Plan Width": 18, 
  "Total Cost": 23.24
 }, 
 {
  "Startup Cost": 23.25, 
  "plan_id": 663, 
  "Plans": [
   664
  ], 
  "Sort Key": [
   "item.i_manufact_id"
  ], 
  "Plan Rows": 1, 
  "Node Type": "Sort", 
  "filename": "plans/query33.json", 
  "Parallel Aware": false, 
  "Parent Relationship": "Outer", 
  "Output": [
   "item.i_manufact_id", 
   "store_sales.ss_ext_sales_price"
  ], 
  "Plan Width": 18, 
  "Total Cost": 23.26
 }, 
 {
  "Relation Name": "item", 
  "Startup Cost": 0.0, 
  "plan_id": 682, 
  "Node Type": "Seq Scan", 
  "Plan Rows": 1, 
  "Filter": "(item_3.i_category = 'Books'::bpchar)", 
  "Alias": "item_3", 
  "filename": "plans/query33.json", 
  "Schema": "pg_temp_2", 
  "Parallel Aware": false, 
  "Parent Relationship": "Outer", 
  "Output": [
   "item_3.i_manufact_id"
  ], 
  "Plan Width": 4, 
  "Total Cost": 10.5
 }, 
 {
  "Startup Cost": 0.0, 
  "plan_id": 680, 
  "Node Type": "Seq Scan", 
  "Plan Rows": 40, 
  "Relation Name": "item", 
  "Alias": "item_2", 
  "filename": "plans/query33.json", 
  "Schema": "pg_temp_2", 
  "Parallel Aware": false, 
  "Parent Relationship": "Outer", 
  "Output": [
   "item_2.i_item_sk", 
   "item_2.i_item_id", 
   "item_2.i_rec_start_date", 
   "item_2.i_rec_end_date", 
   "item_2.i_item_desc", 
   "item_2.i_current_price", 
   "item_2.i_wholesale_cost", 
   "item_2.i_brand_id", 
   "item_2.i_brand", 
   "item_2.i_class_id", 
   "item_2.i_class", 
   "item_2.i_category_id", 
   "item_2.i_category", 
   "item_2.i_manufact_id", 
   "item_2.i_manufact", 
   "item_2.i_size", 
   "item_2.i_formulation", 
   "item_2.i_color", 
   "item_2.i_units", 
   "item_2.i_container", 
   "item_2.i_manager_id", 
   "item_2.i_product_name"
  ], 
  "Plan Width": 8, 
  "Total Cost": 10.4
 }, 
 {
  "Startup Cost": 10.5, 
  "plan_id": 681, 
  "Plans": [
   682
  ], 
  "Plan Rows": 1, 
  "Node Type": "Hash", 
  "filename": "plans/query33.json", 
  "Parallel Aware": false, 
  "Parent Relationship": "Inner", 
  "Output": [
   "item_3.i_manufact_id"
  ], 
  "Plan Width": 4, 
  "Total Cost": 10.5
 }, 
 {
  "Startup Cost": 10.51, 
  "Plan Width": 8, 
  "plan_id": 679, 
  "Plans": [
   680, 
   681
  ], 
  "Plan Rows": 1, 
  "Node Type": "Hash Join", 
  "Join Type": "Semi", 
  "filename": "plans/query33.json", 
  "Parallel Aware": false, 
  "Output": [
   "item_2.i_manufact_id", 
   "item_2.i_item_sk"
  ], 
  "Hash Cond": "(item_2.i_manufact_id = item_3.i_manufact_id)", 
  "Parent Relationship": "Outer", 
  "Total Cost": 21.03
 }, 
 {
  "Startup Cost": 0.15, 
  "filename": "plans/query33.json", 
  "plan_id": 683, 
  "Scan Direction": "Forward", 
  "Index Cond": "(catalog_sales.cs_item_sk = item_2.i_item_sk)", 
  "Node Type": "Index Scan", 
  "Relation Name": "catalog_sales", 
  "Alias": "catalog_sales", 
  "Plan Rows": 1, 
  "Schema": "pg_temp_2", 
  "Parallel Aware": false, 
  "Parent Relationship": "Inner", 
  "Output": [
   "catalog_sales.cs_sold_date_sk", 
   "catalog_sales.cs_sold_time_sk", 
   "catalog_sales.cs_ship_date_sk", 
   "catalog_sales.cs_bill_customer_sk", 
   "catalog_sales.cs_bill_cdemo_sk", 
   "catalog_sales.cs_bill_hdemo_sk", 
   "catalog_sales.cs_bill_addr_sk", 
   "catalog_sales.cs_ship_customer_sk", 
   "catalog_sales.cs_ship_cdemo_sk", 
   "catalog_sales.cs_ship_hdemo_sk", 
   "catalog_sales.cs_ship_addr_sk", 
   "catalog_sales.cs_call_center_sk", 
   "catalog_sales.cs_catalog_page_sk", 
   "catalog_sales.cs_ship_mode_sk", 
   "catalog_sales.cs_warehouse_sk", 
   "catalog_sales.cs_item_sk", 
   "catalog_sales.cs_promo_sk", 
   "catalog_sales.cs_order_number", 
   "catalog_sales.cs_quantity", 
   "catalog_sales.cs_wholesale_cost", 
   "catalog_sales.cs_list_price", 
   "catalog_sales.cs_sales_price", 
   "catalog_sales.cs_ext_discount_amt", 
   "catalog_sales.cs_ext_sales_price", 
   "catalog_sales.cs_ext_wholesale_cost", 
   "catalog_sales.cs_ext_list_price", 
   "catalog_sales.cs_ext_tax", 
   "catalog_sales.cs_coupon_amt", 
   "catalog_sales.cs_ext_ship_cost", 
   "catalog_sales.cs_net_paid", 
   "catalog_sales.cs_net_paid_inc_tax", 
   "catalog_sales.cs_net_paid_inc_ship", 
   "catalog_sales.cs_net_paid_inc_ship_tax", 
   "catalog_sales.cs_net_profit"
  ], 
  "Index Name": "catalog_sales_pkey", 
  "Plan Width": 26, 
  "Total Cost": 1.26
 }, 
 {
  "Startup Cost": 10.66, 
  "plan_id": 678, 
  "Plans": [
   679, 
   683
  ], 
  "Plan Rows": 1, 
  "Node Type": "Nested Loop", 
  "Join Type": "Inner", 
  "filename": "plans/query33.json", 
  "Parallel Aware": false, 
  "Parent Relationship": "Outer", 
  "Output": [
   "catalog_sales.cs_ext_sales_price", 
   "catalog_sales.cs_sold_date_sk", 
   "catalog_sales.cs_bill_addr_sk", 
   "item_2.i_manufact_id"
  ], 
  "Plan Width": 26, 
  "Total Cost": 22.3
 }, 
 {
  "Filter": "((date_dim_1.d_year = 1999) AND (date_dim_1.d_moy = 6))", 
  "Startup Cost": 0.15, 
  "filename": "plans/query33.json", 
  "plan_id": 684, 
  "Scan Direction": "Forward", 
  "Index Cond": "(date_dim_1.d_date_sk = catalog_sales.cs_sold_date_sk)", 
  "Node Type": "Index Scan", 
  "Relation Name": "date_dim", 
  "Alias": "date_dim_1", 
  "Plan Rows": 1, 
  "Schema": "pg_temp_2", 
  "Parallel Aware": false, 
  "Parent Relationship": "Inner", 
  "Output": [
   "date_dim_1.d_date_sk", 
   "date_dim_1.d_date_id", 
   "date_dim_1.d_date", 
   "date_dim_1.d_month_seq", 
   "date_dim_1.d_week_seq", 
   "date_dim_1.d_quarter_seq", 
   "date_dim_1.d_year", 
   "date_dim_1.d_dow", 
   "date_dim_1.d_moy", 
   "date_dim_1.d_dom", 
   "date_dim_1.d_qoy", 
   "date_dim_1.d_fy_year", 
   "date_dim_1.d_fy_quarter_seq", 
   "date_dim_1.d_fy_week_seq", 
   "date_dim_1.d_day_name", 
   "date_dim_1.d_quarter_name", 
   "date_dim_1.d_holiday", 
   "date_dim_1.d_weekend", 
   "date_dim_1.d_following_holiday", 
   "date_dim_1.d_first_dom", 
   "date_dim_1.d_last_dom", 
   "date_dim_1.d_same_day_ly", 
   "date_dim_1.d_same_day_lq", 
   "date_dim_1.d_current_day", 
   "date_dim_1.d_current_week", 
   "date_dim_1.d_current_month", 
   "date_dim_1.d_current_quarter", 
   "date_dim_1.d_current_year"
  ], 
  "Index Name": "date_dim_pkey", 
  "Plan Width": 4, 
  "Total Cost": 0.34
 }, 
 {
  "Startup Cost": 10.81, 
  "plan_id": 677, 
  "Plans": [
   678, 
   684
  ], 
  "Plan Rows": 1, 
  "Node Type": "Nested Loop", 
  "Join Type": "Inner", 
  "filename": "plans/query33.json", 
  "Parallel Aware": false, 
  "Parent Relationship": "Outer", 
  "Output": [
   "catalog_sales.cs_ext_sales_price", 
   "catalog_sales.cs_bill_addr_sk", 
   "item_2.i_manufact_id"
  ], 
  "Plan Width": 22, 
  "Total Cost": 22.65
 }, 
 {
  "Filter": "(customer_address_1.ca_gmt_offset = '-5'::numeric)", 
  "Startup Cost": 0.14, 
  "filename": "plans/query33.json", 
  "plan_id": 685, 
  "Scan Direction": "Forward", 
  "Index Cond": "(customer_address_1.ca_address_sk = catalog_sales.cs_bill_addr_sk)", 
  "Node Type": "Index Scan", 
  "Relation Name": "customer_address", 
  "Alias": "customer_address_1", 
  "Plan Rows": 1, 
  "Schema": "pg_temp_2", 
  "Parallel Aware": false, 
  "Parent Relationship": "Inner", 
  "Output": [
   "customer_address_1.ca_address_sk", 
   "customer_address_1.ca_address_id", 
   "customer_address_1.ca_street_number", 
   "customer_address_1.ca_street_name", 
   "customer_address_1.ca_street_type", 
   "customer_address_1.ca_suite_number", 
   "customer_address_1.ca_city", 
   "customer_address_1.ca_county", 
   "customer_address_1.ca_state", 
   "customer_address_1.ca_zip", 
   "customer_address_1.ca_country", 
   "customer_address_1.ca_gmt_offset", 
   "customer_address_1.ca_location_type"
  ], 
  "Index Name": "customer_address_pkey", 
  "Plan Width": 4, 
  "Total Cost": 0.33
 }, 
 {
  "Startup Cost": 10.95, 
  "plan_id": 676, 
  "Plans": [
   677, 
   685
  ], 
  "Plan Rows": 1, 
  "Node Type": "Nested Loop", 
  "Join Type": "Inner", 
  "filename": "plans/query33.json", 
  "Parallel Aware": false, 
  "Parent Relationship": "Outer", 
  "Output": [
   "item_2.i_manufact_id", 
   "catalog_sales.cs_ext_sales_price"
  ], 
  "Plan Width": 18, 
  "Total Cost": 22.99
 }, 
 {
  "Startup Cost": 23.0, 
  "plan_id": 675, 
  "Plans": [
   676
  ], 
  "Sort Key": [
   "item_2.i_manufact_id"
  ], 
  "Plan Rows": 1, 
  "Node Type": "Sort", 
  "filename": "plans/query33.json", 
  "Parallel Aware": false, 
  "Parent Relationship": "Outer", 
  "Output": [
   "item_2.i_manufact_id", 
   "catalog_sales.cs_ext_sales_price"
  ], 
  "Plan Width": 18, 
  "Total Cost": 23.01
 }, 
 {
  "Relation Name": "item", 
  "Startup Cost": 0.0, 
  "plan_id": 694, 
  "Node Type": "Seq Scan", 
  "Plan Rows": 1, 
  "Filter": "(item_5.i_category = 'Books'::bpchar)", 
  "Alias": "item_5", 
  "filename": "plans/query33.json", 
  "Schema": "pg_temp_2", 
  "Parallel Aware": false, 
  "Parent Relationship": "Outer", 
  "Output": [
   "item_5.i_manufact_id"
  ], 
  "Plan Width": 4, 
  "Total Cost": 10.5
 }, 
 {
  "Startup Cost": 0.0, 
  "plan_id": 692, 
  "Node Type": "Seq Scan", 
  "Plan Rows": 40, 
  "Relation Name": "item", 
  "Alias": "item_4", 
  "filename": "plans/query33.json", 
  "Schema": "pg_temp_2", 
  "Parallel Aware": false, 
  "Parent Relationship": "Outer", 
  "Output": [
   "item_4.i_item_sk", 
   "item_4.i_item_id", 
   "item_4.i_rec_start_date", 
   "item_4.i_rec_end_date", 
   "item_4.i_item_desc", 
   "item_4.i_current_price", 
   "item_4.i_wholesale_cost", 
   "item_4.i_brand_id", 
   "item_4.i_brand", 
   "item_4.i_class_id", 
   "item_4.i_class", 
   "item_4.i_category_id", 
   "item_4.i_category", 
   "item_4.i_manufact_id", 
   "item_4.i_manufact", 
   "item_4.i_size", 
   "item_4.i_formulation", 
   "item_4.i_color", 
   "item_4.i_units", 
   "item_4.i_container", 
   "item_4.i_manager_id", 
   "item_4.i_product_name"
  ], 
  "Plan Width": 8, 
  "Total Cost": 10.4
 }, 
 {
  "Startup Cost": 10.5, 
  "plan_id": 693, 
  "Plans": [
   694
  ], 
  "Plan Rows": 1, 
  "Node Type": "Hash", 
  "filename": "plans/query33.json", 
  "Parallel Aware": false, 
  "Parent Relationship": "Inner", 
  "Output": [
   "item_5.i_manufact_id"
  ], 
  "Plan Width": 4, 
  "Total Cost": 10.5
 }, 
 {
  "Startup Cost": 10.51, 
  "Plan Width": 8, 
  "plan_id": 691, 
  "Plans": [
   692, 
   693
  ], 
  "Plan Rows": 1, 
  "Node Type": "Hash Join", 
  "Join Type": "Semi", 
  "filename": "plans/query33.json", 
  "Parallel Aware": false, 
  "Output": [
   "item_4.i_manufact_id", 
   "item_4.i_item_sk"
  ], 
  "Hash Cond": "(item_4.i_manufact_id = item_5.i_manufact_id)", 
  "Parent Relationship": "Outer", 
  "Total Cost": 21.03
 }, 
 {
  "Startup Cost": 0.15, 
  "filename": "plans/query33.json", 
  "plan_id": 695, 
  "Scan Direction": "Forward", 
  "Index Cond": "(web_sales.ws_item_sk = item_4.i_item_sk)", 
  "Node Type": "Index Scan", 
  "Relation Name": "web_sales", 
  "Alias": "web_sales", 
  "Plan Rows": 1, 
  "Schema": "pg_temp_2", 
  "Parallel Aware": false, 
  "Parent Relationship": "Inner", 
  "Output": [
   "web_sales.ws_sold_date_sk", 
   "web_sales.ws_sold_time_sk", 
   "web_sales.ws_ship_date_sk", 
   "web_sales.ws_item_sk", 
   "web_sales.ws_bill_customer_sk", 
   "web_sales.ws_bill_cdemo_sk", 
   "web_sales.ws_bill_hdemo_sk", 
   "web_sales.ws_bill_addr_sk", 
   "web_sales.ws_ship_customer_sk", 
   "web_sales.ws_ship_cdemo_sk", 
   "web_sales.ws_ship_hdemo_sk", 
   "web_sales.ws_ship_addr_sk", 
   "web_sales.ws_web_page_sk", 
   "web_sales.ws_web_site_sk", 
   "web_sales.ws_ship_mode_sk", 
   "web_sales.ws_warehouse_sk", 
   "web_sales.ws_promo_sk", 
   "web_sales.ws_order_number", 
   "web_sales.ws_quantity", 
   "web_sales.ws_wholesale_cost", 
   "web_sales.ws_list_price", 
   "web_sales.ws_sales_price", 
   "web_sales.ws_ext_discount_amt", 
   "web_sales.ws_ext_sales_price", 
   "web_sales.ws_ext_wholesale_cost", 
   "web_sales.ws_ext_list_price", 
   "web_sales.ws_ext_tax", 
   "web_sales.ws_coupon_amt", 
   "web_sales.ws_ext_ship_cost", 
   "web_sales.ws_net_paid", 
   "web_sales.ws_net_paid_inc_tax", 
   "web_sales.ws_net_paid_inc_ship", 
   "web_sales.ws_net_paid_inc_ship_tax", 
   "web_sales.ws_net_profit"
  ], 
  "Index Name": "web_sales_pkey", 
  "Plan Width": 26, 
  "Total Cost": 1.26
 }, 
 {
  "Startup Cost": 10.66, 
  "plan_id": 690, 
  "Plans": [
   691, 
   695
  ], 
  "Plan Rows": 1, 
  "Node Type": "Nested Loop", 
  "Join Type": "Inner", 
  "filename": "plans/query33.json", 
  "Parallel Aware": false, 
  "Parent Relationship": "Outer", 
  "Output": [
   "web_sales.ws_ext_sales_price", 
   "web_sales.ws_sold_date_sk", 
   "web_sales.ws_bill_addr_sk", 
   "item_4.i_manufact_id"
  ], 
  "Plan Width": 26, 
  "Total Cost": 22.3
 }, 
 {
  "Filter": "((date_dim_2.d_year = 1999) AND (date_dim_2.d_moy = 6))", 
  "Startup Cost": 0.15, 
  "filename": "plans/query33.json", 
  "plan_id": 696, 
  "Scan Direction": "Forward", 
  "Index Cond": "(date_dim_2.d_date_sk = web_sales.ws_sold_date_sk)", 
  "Node Type": "Index Scan", 
  "Relation Name": "date_dim", 
  "Alias": "date_dim_2", 
  "Plan Rows": 1, 
  "Schema": "pg_temp_2", 
  "Parallel Aware": false, 
  "Parent Relationship": "Inner", 
  "Output": [
   "date_dim_2.d_date_sk", 
   "date_dim_2.d_date_id", 
   "date_dim_2.d_date", 
   "date_dim_2.d_month_seq", 
   "date_dim_2.d_week_seq", 
   "date_dim_2.d_quarter_seq", 
   "date_dim_2.d_year", 
   "date_dim_2.d_dow", 
   "date_dim_2.d_moy", 
   "date_dim_2.d_dom", 
   "date_dim_2.d_qoy", 
   "date_dim_2.d_fy_year", 
   "date_dim_2.d_fy_quarter_seq", 
   "date_dim_2.d_fy_week_seq", 
   "date_dim_2.d_day_name", 
   "date_dim_2.d_quarter_name", 
   "date_dim_2.d_holiday", 
   "date_dim_2.d_weekend", 
   "date_dim_2.d_following_holiday", 
   "date_dim_2.d_first_dom", 
   "date_dim_2.d_last_dom", 
   "date_dim_2.d_same_day_ly", 
   "date_dim_2.d_same_day_lq", 
   "date_dim_2.d_current_day", 
   "date_dim_2.d_current_week", 
   "date_dim_2.d_current_month", 
   "date_dim_2.d_current_quarter", 
   "date_dim_2.d_current_year"
  ], 
  "Index Name": "date_dim_pkey", 
  "Plan Width": 4, 
  "Total Cost": 0.34
 }, 
 {
  "Startup Cost": 10.81, 
  "plan_id": 689, 
  "Plans": [
   690, 
   696
  ], 
  "Plan Rows": 1, 
  "Node Type": "Nested Loop", 
  "Join Type": "Inner", 
  "filename": "plans/query33.json", 
  "Parallel Aware": false, 
  "Parent Relationship": "Outer", 
  "Output": [
   "web_sales.ws_ext_sales_price", 
   "web_sales.ws_bill_addr_sk", 
   "item_4.i_manufact_id"
  ], 
  "Plan Width": 22, 
  "Total Cost": 22.65
 }, 
 {
  "Filter": "(customer_address_2.ca_gmt_offset = '-5'::numeric)", 
  "Startup Cost": 0.14, 
  "filename": "plans/query33.json", 
  "plan_id": 697, 
  "Scan Direction": "Forward", 
  "Index Cond": "(customer_address_2.ca_address_sk = web_sales.ws_bill_addr_sk)", 
  "Node Type": "Index Scan", 
  "Relation Name": "customer_address", 
  "Alias": "customer_address_2", 
  "Plan Rows": 1, 
  "Schema": "pg_temp_2", 
  "Parallel Aware": false, 
  "Parent Relationship": "Inner", 
  "Output": [
   "customer_address_2.ca_address_sk", 
   "customer_address_2.ca_address_id", 
   "customer_address_2.ca_street_number", 
   "customer_address_2.ca_street_name", 
   "customer_address_2.ca_street_type", 
   "customer_address_2.ca_suite_number", 
   "customer_address_2.ca_city", 
   "customer_address_2.ca_county", 
   "customer_address_2.ca_state", 
   "customer_address_2.ca_zip", 
   "customer_address_2.ca_country", 
   "customer_address_2.ca_gmt_offset", 
   "customer_address_2.ca_location_type"
  ], 
  "Index Name": "customer_address_pkey", 
  "Plan Width": 4, 
  "Total Cost": 0.33
 }, 
 {
  "Startup Cost": 10.95, 
  "plan_id": 688, 
  "Plans": [
   689, 
   697
  ], 
  "Plan Rows": 1, 
  "Node Type": "Nested Loop", 
  "Join Type": "Inner", 
  "filename": "plans/query33.json", 
  "Parallel Aware": false, 
  "Parent Relationship": "Outer", 
  "Output": [
   "item_4.i_manufact_id", 
   "web_sales.ws_ext_sales_price"
  ], 
  "Plan Width": 18, 
  "Total Cost": 22.99
 }, 
 {
  "Startup Cost": 23.0, 
  "plan_id": 687, 
  "Plans": [
   688
  ], 
  "Sort Key": [
   "item_4.i_manufact_id"
  ], 
  "Plan Rows": 1, 
  "Node Type": "Sort", 
  "filename": "plans/query33.json", 
  "Parallel Aware": false, 
  "Parent Relationship": "Outer", 
  "Output": [
   "item_4.i_manufact_id", 
   "web_sales.ws_ext_sales_price"
  ], 
  "Plan Width": 18, 
  "Total Cost": 23.01
 }, 
 {
  "Startup Cost": 0.0, 
  "plan_id": 701, 
  "CTE Name": "ss", 
  "Node Type": "CTE Scan", 
  "Plan Rows": 1, 
  "Alias": "ss", 
  "filename": "plans/query33.json", 
  "Parallel Aware": false, 
  "Parent Relationship": "Member", 
  "Output": [
   "ss.i_manufact_id", 
   "ss.total_sales"
  ], 
  "Plan Width": 36, 
  "Total Cost": 0.02
 }, 
 {
  "Startup Cost": 0.0, 
  "plan_id": 702, 
  "CTE Name": "cs", 
  "Node Type": "CTE Scan", 
  "Plan Rows": 1, 
  "Alias": "cs", 
  "filename": "plans/query33.json", 
  "Parallel Aware": false, 
  "Parent Relationship": "Member", 
  "Output": [
   "cs.i_manufact_id", 
   "cs.total_sales"
  ], 
  "Plan Width": 36, 
  "Total Cost": 0.02
 }, 
 {
  "Startup Cost": 0.0, 
  "plan_id": 703, 
  "CTE Name": "ws", 
  "Node Type": "CTE Scan", 
  "Plan Rows": 1, 
  "Alias": "ws", 
  "filename": "plans/query33.json", 
  "Parallel Aware": false, 
  "Parent Relationship": "Member", 
  "Output": [
   "ws.i_manufact_id", 
   "ws.total_sales"
  ], 
  "Plan Width": 36, 
  "Total Cost": 0.02
 }, 
 {
  "Startup Cost": 0.0, 
  "plan_id": 700, 
  "Plans": [
   701, 
   702, 
   703
  ], 
  "Plan Rows": 3, 
  "Node Type": "Append", 
  "filename": "plans/query33.json", 
  "Parallel Aware": false, 
  "Parent Relationship": "Outer", 
  "Plan Width": 36, 
  "Total Cost": 0.06
 }, 
 {
  "Partial Mode": "Simple", 
  "Startup Cost": 0.08, 
  "Plan Width": 36, 
  "plan_id": 699, 
  "Plans": [
   700
  ], 
  "filename": "plans/query33.json", 
  "Node Type": "Aggregate", 
  "Strategy": "Hashed", 
  "Plan Rows": 3, 
  "Parallel Aware": false, 
  "Output": [
   "ss.i_manufact_id", 
   "sum(ss.total_sales)"
  ], 
  "Group Key": [
   "ss.i_manufact_id"
  ], 
  "Parent Relationship": "Outer", 
  "Total Cost": 0.11
 }, 
 {
  "Partial Mode": "Simple", 
  "Startup Cost": 23.25, 
  "Plan Width": 36, 
  "plan_id": 662, 
  "Plans": [
   663
  ], 
  "filename": "plans/query33.json", 
  "Node Type": "Aggregate", 
  "Strategy": "Sorted", 
  "Plan Rows": 1, 
  "Parallel Aware": false, 
  "Output": [
   "item.i_manufact_id", 
   "sum(store_sales.ss_ext_sales_price)"
  ], 
  "Group Key": [
   "item.i_manufact_id"
  ], 
  "Parent Relationship": "InitPlan", 
  "Subplan Name": "CTE ss", 
  "Total Cost": 23.28
 }, 
 {
  "Partial Mode": "Simple", 
  "Startup Cost": 23.0, 
  "Plan Width": 36, 
  "plan_id": 674, 
  "Plans": [
   675
  ], 
  "filename": "plans/query33.json", 
  "Node Type": "Aggregate", 
  "Strategy": "Sorted", 
  "Plan Rows": 1, 
  "Parallel Aware": false, 
  "Output": [
   "item_2.i_manufact_id", 
   "sum(catalog_sales.cs_ext_sales_price)"
  ], 
  "Group Key": [
   "item_2.i_manufact_id"
  ], 
  "Parent Relationship": "InitPlan", 
  "Subplan Name": "CTE cs", 
  "Total Cost": 23.03
 }, 
 {
  "Partial Mode": "Simple", 
  "Startup Cost": 23.0, 
  "Plan Width": 36, 
  "plan_id": 686, 
  "Plans": [
   687
  ], 
  "filename": "plans/query33.json", 
  "Node Type": "Aggregate", 
  "Strategy": "Sorted", 
  "Plan Rows": 1, 
  "Parallel Aware": false, 
  "Output": [
   "item_4.i_manufact_id", 
   "sum(web_sales.ws_ext_sales_price)"
  ], 
  "Group Key": [
   "item_4.i_manufact_id"
  ], 
  "Parent Relationship": "InitPlan", 
  "Subplan Name": "CTE ws", 
  "Total Cost": 23.03
 }, 
 {
  "Startup Cost": 0.14, 
  "plan_id": 698, 
  "Plans": [
   699
  ], 
  "Sort Key": [
   "(sum(ss.total_sales))"
  ], 
  "Plan Rows": 3, 
  "Node Type": "Sort", 
  "filename": "plans/query33.json", 
  "Parallel Aware": false, 
  "Parent Relationship": "Outer", 
  "Output": [
   "ss.i_manufact_id", 
   "(sum(ss.total_sales))"
  ], 
  "Plan Width": 36, 
  "Total Cost": 0.14
 }, 
 {
  "Startup Cost": 69.47, 
  "plan_id": 661, 
  "Plans": [
   662, 
   674, 
   686, 
   698
  ], 
  "Plan Rows": 3, 
  "Node Type": "Limit", 
  "filename": "plans/query33.json", 
  "Parallel Aware": false, 
  "Output": [
   "ss.i_manufact_id", 
   "(sum(ss.total_sales))"
  ], 
  "Plan Width": 36, 
  "Total Cost": 69.47
 }, 
 {
  "Relation Name": "store", 
  "Startup Cost": 0.0, 
  "plan_id": 713, 
  "Node Type": "Seq Scan", 
  "Plan Rows": 8, 
  "Filter": "((store.s_county)::text = ANY ('{\"Williamson County\",\"Williamson County\",\"Williamson County\",\"Williamson County\",\"Williamson County\",\"Williamson County\",\"Williamson County\",\"Williamson County\"}'::text[]))", 
  "Alias": "store", 
  "filename": "plans/query34.json", 
  "Schema": "pg_temp_2", 
  "Parallel Aware": false, 
  "Parent Relationship": "Outer", 
  "Output": [
   "store.s_store_sk"
  ], 
  "Plan Width": 4, 
  "Total Cost": 10.8
 }, 
 {
  "Startup Cost": 0.0, 
  "plan_id": 711, 
  "Node Type": "Seq Scan", 
  "Plan Rows": 340, 
  "Relation Name": "store_sales", 
  "Alias": "store_sales", 
  "filename": "plans/query34.json", 
  "Schema": "pg_temp_2", 
  "Parallel Aware": false, 
  "Parent Relationship": "Outer", 
  "Output": [
   "store_sales.ss_sold_date_sk", 
   "store_sales.ss_sold_time_sk", 
   "store_sales.ss_item_sk", 
   "store_sales.ss_customer_sk", 
   "store_sales.ss_cdemo_sk", 
   "store_sales.ss_hdemo_sk", 
   "store_sales.ss_addr_sk", 
   "store_sales.ss_store_sk", 
   "store_sales.ss_promo_sk", 
   "store_sales.ss_ticket_number", 
   "store_sales.ss_quantity", 
   "store_sales.ss_wholesale_cost", 
   "store_sales.ss_list_price", 
   "store_sales.ss_sales_price", 
   "store_sales.ss_ext_discount_amt", 
   "store_sales.ss_ext_sales_price", 
   "store_sales.ss_ext_wholesale_cost", 
   "store_sales.ss_ext_list_price", 
   "store_sales.ss_ext_tax", 
   "store_sales.ss_coupon_amt", 
   "store_sales.ss_net_paid", 
   "store_sales.ss_net_paid_inc_tax", 
   "store_sales.ss_net_profit"
  ], 
  "Plan Width": 20, 
  "Total Cost": 13.4
 }, 
 {
  "Startup Cost": 10.8, 
  "plan_id": 712, 
  "Plans": [
   713
  ], 
  "Plan Rows": 8, 
  "Node Type": "Hash", 
  "filename": "plans/query34.json", 
  "Parallel Aware": false, 
  "Parent Relationship": "Inner", 
  "Output": [
   "store.s_store_sk"
  ], 
  "Plan Width": 4, 
  "Total Cost": 10.8
 }, 
 {
  "Startup Cost": 10.9, 
  "Plan Width": 16, 
  "plan_id": 710, 
  "Plans": [
   711, 
   712
  ], 
  "Plan Rows": 14, 
  "Node Type": "Hash Join", 
  "Join Type": "Inner", 
  "filename": "plans/query34.json", 
  "Parallel Aware": false, 
  "Output": [
   "store_sales.ss_ticket_number", 
   "store_sales.ss_customer_sk", 
   "store_sales.ss_sold_date_sk", 
   "store_sales.ss_hdemo_sk"
  ], 
  "Hash Cond": "(store_sales.ss_store_sk = store.s_store_sk)", 
  "Parent Relationship": "Outer", 
  "Total Cost": 25.72
 }, 
 {
  "Filter": "((date_dim.d_year = ANY ('{1998,1999,2000}'::integer[])) AND (((date_dim.d_dom >= 1) AND (date_dim.d_dom <= 3)) OR ((date_dim.d_dom >= 25) AND (date_dim.d_dom <= 28))))", 
  "Startup Cost": 0.15, 
  "filename": "plans/query34.json", 
  "plan_id": 714, 
  "Scan Direction": "Forward", 
  "Index Cond": "(date_dim.d_date_sk = store_sales.ss_sold_date_sk)", 
  "Node Type": "Index Scan", 
  "Relation Name": "date_dim", 
  "Alias": "date_dim", 
  "Plan Rows": 1, 
  "Schema": "pg_temp_2", 
  "Parallel Aware": false, 
  "Parent Relationship": "Inner", 
  "Output": [
   "date_dim.d_date_sk", 
   "date_dim.d_date_id", 
   "date_dim.d_date", 
   "date_dim.d_month_seq", 
   "date_dim.d_week_seq", 
   "date_dim.d_quarter_seq", 
   "date_dim.d_year", 
   "date_dim.d_dow", 
   "date_dim.d_moy", 
   "date_dim.d_dom", 
   "date_dim.d_qoy", 
   "date_dim.d_fy_year", 
   "date_dim.d_fy_quarter_seq", 
   "date_dim.d_fy_week_seq", 
   "date_dim.d_day_name", 
   "date_dim.d_quarter_name", 
   "date_dim.d_holiday", 
   "date_dim.d_weekend", 
   "date_dim.d_following_holiday", 
   "date_dim.d_first_dom", 
   "date_dim.d_last_dom", 
   "date_dim.d_same_day_ly", 
   "date_dim.d_same_day_lq", 
   "date_dim.d_current_day", 
   "date_dim.d_current_week", 
   "date_dim.d_current_month", 
   "date_dim.d_current_quarter", 
   "date_dim.d_current_year"
  ], 
  "Index Name": "date_dim_pkey", 
  "Plan Width": 4, 
  "Total Cost": 0.31
 }, 
 {
  "Startup Cost": 11.05, 
  "plan_id": 709, 
  "Plans": [
   710, 
   714
  ], 
  "Plan Rows": 1, 
  "Node Type": "Nested Loop", 
  "Join Type": "Inner", 
  "filename": "plans/query34.json", 
  "Parallel Aware": false, 
  "Parent Relationship": "Outer", 
  "Output": [
   "store_sales.ss_ticket_number", 
   "store_sales.ss_customer_sk", 
   "store_sales.ss_hdemo_sk"
  ], 
  "Plan Width": 12, 
  "Total Cost": 30.17
 }, 
 {
  "Filter": "((household_demographics.hd_vehicle_count > 0) AND ((household_demographics.hd_buy_potential = '501-1000'::bpchar) OR (household_demographics.hd_buy_potential = '0-500'::bpchar)) AND ((CASE WHEN (household_demographics.hd_vehicle_count > 0) THEN (household_demographics.hd_dep_count / household_demographics.hd_vehicle_count) ELSE NULL::integer END)::numeric > 1.2))", 
  "Startup Cost": 0.15, 
  "filename": "plans/query34.json", 
  "plan_id": 715, 
  "Scan Direction": "Forward", 
  "Index Cond": "(household_demographics.hd_demo_sk = store_sales.ss_hdemo_sk)", 
  "Node Type": "Index Scan", 
  "Relation Name": "household_demographics", 
  "Alias": "household_demographics", 
  "Plan Rows": 1, 
  "Schema": "pg_temp_2", 
  "Parallel Aware": false, 
  "Parent Relationship": "Inner", 
  "Output": [
   "household_demographics.hd_demo_sk", 
   "household_demographics.hd_income_band_sk", 
   "household_demographics.hd_buy_potential", 
   "household_demographics.hd_dep_count", 
   "household_demographics.hd_vehicle_count"
  ], 
  "Index Name": "household_demographics_pkey", 
  "Plan Width": 4, 
  "Total Cost": 0.31
 }, 
 {
  "Startup Cost": 11.2, 
  "plan_id": 708, 
  "Plans": [
   709, 
   715
  ], 
  "Plan Rows": 1, 
  "Node Type": "Nested Loop", 
  "Join Type": "Inner", 
  "filename": "plans/query34.json", 
  "Parallel Aware": false, 
  "Parent Relationship": "Outer", 
  "Output": [
   "store_sales.ss_ticket_number", 
   "store_sales.ss_customer_sk"
  ], 
  "Plan Width": 8, 
  "Total Cost": 30.49
 }, 
 {
  "Startup Cost": 30.5, 
  "plan_id": 707, 
  "Plans": [
   708
  ], 
  "Sort Key": [
   "store_sales.ss_ticket_number", 
   "store_sales.ss_customer_sk"
  ], 
  "Plan Rows": 1, 
  "Node Type": "Sort", 
  "filename": "plans/query34.json", 
  "Parallel Aware": false, 
  "Parent Relationship": "Outer", 
  "Output": [
   "store_sales.ss_ticket_number", 
   "store_sales.ss_customer_sk"
  ], 
  "Plan Width": 8, 
  "Total Cost": 30.51
 }, 
 {
  "Partial Mode": "Simple", 
  "Startup Cost": 30.5, 
  "Plan Width": 16, 
  "plan_id": 706, 
  "Plans": [
   707
  ], 
  "filename": "plans/query34.json", 
  "Node Type": "Aggregate", 
  "Strategy": "Sorted", 
  "Filter": "((count(*) >= 15) AND (count(*) <= 20))", 
  "Plan Rows": 1, 
  "Parallel Aware": false, 
  "Output": [
   "store_sales.ss_ticket_number", 
   "store_sales.ss_customer_sk", 
   "count(*)"
  ], 
  "Group Key": [
   "store_sales.ss_ticket_number", 
   "store_sales.ss_customer_sk"
  ], 
  "Parent Relationship": "Outer", 
  "Total Cost": 30.53
 }, 
 {
  "Startup Cost": 0.14, 
  "filename": "plans/query34.json", 
  "plan_id": 716, 
  "Scan Direction": "Forward", 
  "Index Cond": "(customer.c_customer_sk = store_sales.ss_customer_sk)", 
  "Node Type": "Index Scan", 
  "Relation Name": "customer", 
  "Alias": "customer", 
  "Plan Rows": 1, 
  "Schema": "pg_temp_2", 
  "Parallel Aware": false, 
  "Parent Relationship": "Inner", 
  "Output": [
   "customer.c_customer_sk", 
   "customer.c_customer_id", 
   "customer.c_current_cdemo_sk", 
   "customer.c_current_hdemo_sk", 
   "customer.c_current_addr_sk", 
   "customer.c_first_shipto_date_sk", 
   "customer.c_first_sales_date_sk", 
   "customer.c_salutation", 
   "customer.c_first_name", 
   "customer.c_last_name", 
   "customer.c_preferred_cust_flag", 
   "customer.c_birth_day", 
   "customer.c_birth_month", 
   "customer.c_birth_year", 
   "customer.c_birth_country", 
   "customer.c_login", 
   "customer.c_email_address", 
   "customer.c_last_review_date"
  ], 
  "Index Name": "customer_pkey", 
  "Plan Width": 264, 
  "Total Cost": 8.16
 }, 
 {
  "Startup Cost": 30.65, 
  "plan_id": 705, 
  "Plans": [
   706, 
   716
  ], 
  "Plan Rows": 1, 
  "Node Type": "Nested Loop", 
  "Join Type": "Inner", 
  "filename": "plans/query34.json", 
  "Parallel Aware": false, 
  "Parent Relationship": "Outer", 
  "Output": [
   "customer.c_last_name", 
   "customer.c_first_name", 
   "customer.c_salutation", 
   "customer.c_preferred_cust_flag", 
   "store_sales.ss_ticket_number", 
   "(count(*))"
  ], 
  "Plan Width": 272, 
  "Total Cost": 38.71
 }, 
 {
  "Startup Cost": 38.72, 
  "plan_id": 704, 
  "Plans": [
   705
  ], 
  "Sort Key": [
   "customer.c_last_name", 
   "customer.c_first_name", 
   "customer.c_salutation", 
   "customer.c_preferred_cust_flag DESC", 
   "store_sales.ss_ticket_number"
  ], 
  "Plan Rows": 1, 
  "Node Type": "Sort", 
  "filename": "plans/query34.json", 
  "Parallel Aware": false, 
  "Output": [
   "customer.c_last_name", 
   "customer.c_first_name", 
   "customer.c_salutation", 
   "customer.c_preferred_cust_flag", 
   "store_sales.ss_ticket_number", 
   "(count(*))"
  ], 
  "Plan Width": 272, 
  "Total Cost": 38.73
 }, 
 {
  "Relation Name": "date_dim", 
  "Startup Cost": 0.0, 
  "plan_id": 729, 
  "Node Type": "Seq Scan", 
  "Plan Rows": 1, 
  "Filter": "((date_dim.d_qoy < 4) AND (date_dim.d_year = 1999))", 
  "Alias": "date_dim", 
  "filename": "plans/query35.json", 
  "Schema": "pg_temp_3", 
  "Parallel Aware": false, 
  "Parent Relationship": "Outer", 
  "Output": [
   "date_dim.d_date_sk"
  ], 
  "Plan Width": 4, 
  "Total Cost": 14.05
 }, 
 {
  "Startup Cost": 0.0, 
  "plan_id": 727, 
  "Node Type": "Seq Scan", 
  "Plan Rows": 340, 
  "Relation Name": "store_sales", 
  "Alias": "store_sales", 
  "filename": "plans/query35.json", 
  "Schema": "pg_temp_3", 
  "Parallel Aware": false, 
  "Parent Relationship": "Outer", 
  "Output": [
   "store_sales.ss_sold_date_sk", 
   "store_sales.ss_sold_time_sk", 
   "store_sales.ss_item_sk", 
   "store_sales.ss_customer_sk", 
   "store_sales.ss_cdemo_sk", 
   "store_sales.ss_hdemo_sk", 
   "store_sales.ss_addr_sk", 
   "store_sales.ss_store_sk", 
   "store_sales.ss_promo_sk", 
   "store_sales.ss_ticket_number", 
   "store_sales.ss_quantity", 
   "store_sales.ss_wholesale_cost", 
   "store_sales.ss_list_price", 
   "store_sales.ss_sales_price", 
   "store_sales.ss_ext_discount_amt", 
   "store_sales.ss_ext_sales_price", 
   "store_sales.ss_ext_wholesale_cost", 
   "store_sales.ss_ext_list_price", 
   "store_sales.ss_ext_tax", 
   "store_sales.ss_coupon_amt", 
   "store_sales.ss_net_paid", 
   "store_sales.ss_net_paid_inc_tax", 
   "store_sales.ss_net_profit"
  ], 
  "Plan Width": 8, 
  "Total Cost": 13.4
 }, 
 {
  "Startup Cost": 14.05, 
  "plan_id": 728, 
  "Plans": [
   729
  ], 
  "Plan Rows": 1, 
  "Node Type": "Hash", 
  "filename": "plans/query35.json", 
  "Parallel Aware": false, 
  "Parent Relationship": "Inner", 
  "Output": [
   "date_dim.d_date_sk"
  ], 
  "Plan Width": 4, 
  "Total Cost": 14.05
 }, 
 {
  "Startup Cost": 14.06, 
  "Plan Width": 4, 
  "plan_id": 726, 
  "Plans": [
   727, 
   728
  ], 
  "Plan Rows": 1, 
  "Node Type": "Hash Join", 
  "Join Type": "Inner", 
  "filename": "plans/query35.json", 
  "Parallel Aware": false, 
  "Output": [
   "store_sales.ss_customer_sk"
  ], 
  "Hash Cond": "(store_sales.ss_sold_date_sk = date_dim.d_date_sk)", 
  "Parent Relationship": "Outer", 
  "Total Cost": 28.75
 }, 
 {
  "Relation Name": "web_sales", 
  "Startup Cost": 0.0, 
  "plan_id": 732, 
  "Node Type": "Seq Scan", 
  "Plan Rows": 1, 
  "Filter": "(c.c_customer_sk = web_sales.ws_bill_customer_sk)", 
  "Alias": "web_sales", 
  "filename": "plans/query35.json", 
  "Schema": "pg_temp_3", 
  "Parallel Aware": false, 
  "Parent Relationship": "Outer", 
  "Output": [
   "web_sales.ws_sold_date_sk", 
   "web_sales.ws_sold_time_sk", 
   "web_sales.ws_ship_date_sk", 
   "web_sales.ws_item_sk", 
   "web_sales.ws_bill_customer_sk", 
   "web_sales.ws_bill_cdemo_sk", 
   "web_sales.ws_bill_hdemo_sk", 
   "web_sales.ws_bill_addr_sk", 
   "web_sales.ws_ship_customer_sk", 
   "web_sales.ws_ship_cdemo_sk", 
   "web_sales.ws_ship_hdemo_sk", 
   "web_sales.ws_ship_addr_sk", 
   "web_sales.ws_web_page_sk", 
   "web_sales.ws_web_site_sk", 
   "web_sales.ws_ship_mode_sk", 
   "web_sales.ws_warehouse_sk", 
   "web_sales.ws_promo_sk", 
   "web_sales.ws_order_number", 
   "web_sales.ws_quantity", 
   "web_sales.ws_wholesale_cost", 
   "web_sales.ws_list_price", 
   "web_sales.ws_sales_price", 
   "web_sales.ws_ext_discount_amt", 
   "web_sales.ws_ext_sales_price", 
   "web_sales.ws_ext_wholesale_cost", 
   "web_sales.ws_ext_list_price", 
   "web_sales.ws_ext_tax", 
   "web_sales.ws_coupon_amt", 
   "web_sales.ws_ext_ship_cost", 
   "web_sales.ws_net_paid", 
   "web_sales.ws_net_paid_inc_tax", 
   "web_sales.ws_net_paid_inc_ship", 
   "web_sales.ws_net_paid_inc_ship_tax", 
   "web_sales.ws_net_profit"
  ], 
  "Plan Width": 4, 
  "Total Cost": 13.25
 }, 
 {
  "Filter": "((date_dim_1.d_qoy < 4) AND (date_dim_1.d_year = 1999))", 
  "Startup Cost": 0.15, 
  "filename": "plans/query35.json", 
  "plan_id": 733, 
  "Scan Direction": "Forward", 
  "Index Cond": "(date_dim_1.d_date_sk = web_sales.ws_sold_date_sk)", 
  "Node Type": "Index Scan", 
  "Relation Name": "date_dim", 
  "Alias": "date_dim_1", 
  "Plan Rows": 1, 
  "Schema": "pg_temp_3", 
  "Parallel Aware": false, 
  "Parent Relationship": "Inner", 
  "Output": [
   "date_dim_1.d_date_sk", 
   "date_dim_1.d_date_id", 
   "date_dim_1.d_date", 
   "date_dim_1.d_month_seq", 
   "date_dim_1.d_week_seq", 
   "date_dim_1.d_quarter_seq", 
   "date_dim_1.d_year", 
   "date_dim_1.d_dow", 
   "date_dim_1.d_moy", 
   "date_dim_1.d_dom", 
   "date_dim_1.d_qoy", 
   "date_dim_1.d_fy_year", 
   "date_dim_1.d_fy_quarter_seq", 
   "date_dim_1.d_fy_week_seq", 
   "date_dim_1.d_day_name", 
   "date_dim_1.d_quarter_name", 
   "date_dim_1.d_holiday", 
   "date_dim_1.d_weekend", 
   "date_dim_1.d_following_holiday", 
   "date_dim_1.d_first_dom", 
   "date_dim_1.d_last_dom", 
   "date_dim_1.d_same_day_ly", 
   "date_dim_1.d_same_day_lq", 
   "date_dim_1.d_current_day", 
   "date_dim_1.d_current_week", 
   "date_dim_1.d_current_month", 
   "date_dim_1.d_current_quarter", 
   "date_dim_1.d_current_year"
  ], 
  "Index Name": "date_dim_pkey", 
  "Plan Width": 4, 
  "Total Cost": 8.17
 }, 
 {
  "Relation Name": "date_dim", 
  "Startup Cost": 0.0, 
  "plan_id": 737, 
  "Node Type": "Seq Scan", 
  "Plan Rows": 1, 
  "Filter": "((date_dim_2.d_qoy < 4) AND (date_dim_2.d_year = 1999))", 
  "Alias": "date_dim_2", 
  "filename": "plans/query35.json", 
  "Schema": "pg_temp_3", 
  "Parallel Aware": false, 
  "Parent Relationship": "Outer", 
  "Output": [
   "date_dim_2.d_date_sk"
  ], 
  "Plan Width": 4, 
  "Total Cost": 14.05
 }, 
 {
  "Startup Cost": 0.0, 
  "plan_id": 735, 
  "Node Type": "Seq Scan", 
  "Plan Rows": 260, 
  "Relation Name": "web_sales", 
  "Alias": "web_sales_1", 
  "filename": "plans/query35.json", 
  "Schema": "pg_temp_3", 
  "Parallel Aware": false, 
  "Parent Relationship": "Outer", 
  "Output": [
   "web_sales_1.ws_sold_date_sk", 
   "web_sales_1.ws_sold_time_sk", 
   "web_sales_1.ws_ship_date_sk", 
   "web_sales_1.ws_item_sk", 
   "web_sales_1.ws_bill_customer_sk", 
   "web_sales_1.ws_bill_cdemo_sk", 
   "web_sales_1.ws_bill_hdemo_sk", 
   "web_sales_1.ws_bill_addr_sk", 
   "web_sales_1.ws_ship_customer_sk", 
   "web_sales_1.ws_ship_cdemo_sk", 
   "web_sales_1.ws_ship_hdemo_sk", 
   "web_sales_1.ws_ship_addr_sk", 
   "web_sales_1.ws_web_page_sk", 
   "web_sales_1.ws_web_site_sk", 
   "web_sales_1.ws_ship_mode_sk", 
   "web_sales_1.ws_warehouse_sk", 
   "web_sales_1.ws_promo_sk", 
   "web_sales_1.ws_order_number", 
   "web_sales_1.ws_quantity", 
   "web_sales_1.ws_wholesale_cost", 
   "web_sales_1.ws_list_price", 
   "web_sales_1.ws_sales_price", 
   "web_sales_1.ws_ext_discount_amt", 
   "web_sales_1.ws_ext_sales_price", 
   "web_sales_1.ws_ext_wholesale_cost", 
   "web_sales_1.ws_ext_list_price", 
   "web_sales_1.ws_ext_tax", 
   "web_sales_1.ws_coupon_amt", 
   "web_sales_1.ws_ext_ship_cost", 
   "web_sales_1.ws_net_paid", 
   "web_sales_1.ws_net_paid_inc_tax", 
   "web_sales_1.ws_net_paid_inc_ship", 
   "web_sales_1.ws_net_paid_inc_ship_tax", 
   "web_sales_1.ws_net_profit"
  ], 
  "Plan Width": 8, 
  "Total Cost": 12.6
 }, 
 {
  "Startup Cost": 14.05, 
  "plan_id": 736, 
  "Plans": [
   737
  ], 
  "Plan Rows": 1, 
  "Node Type": "Hash", 
  "filename": "plans/query35.json", 
  "Parallel Aware": false, 
  "Parent Relationship": "Inner", 
  "Output": [
   "date_dim_2.d_date_sk"
  ], 
  "Plan Width": 4, 
  "Total Cost": 14.05
 }, 
 {
  "Relation Name": "catalog_sales", 
  "Startup Cost": 0.0, 
  "plan_id": 739, 
  "Node Type": "Seq Scan", 
  "Plan Rows": 1, 
  "Filter": "(c.c_customer_sk = catalog_sales.cs_ship_customer_sk)", 
  "Alias": "catalog_sales", 
  "filename": "plans/query35.json", 
  "Schema": "pg_temp_3", 
  "Parallel Aware": false, 
  "Parent Relationship": "Outer", 
  "Output": [
   "catalog_sales.cs_sold_date_sk", 
   "catalog_sales.cs_sold_time_sk", 
   "catalog_sales.cs_ship_date_sk", 
   "catalog_sales.cs_bill_customer_sk", 
   "catalog_sales.cs_bill_cdemo_sk", 
   "catalog_sales.cs_bill_hdemo_sk", 
   "catalog_sales.cs_bill_addr_sk", 
   "catalog_sales.cs_ship_customer_sk", 
   "catalog_sales.cs_ship_cdemo_sk", 
   "catalog_sales.cs_ship_hdemo_sk", 
   "catalog_sales.cs_ship_addr_sk", 
   "catalog_sales.cs_call_center_sk", 
   "catalog_sales.cs_catalog_page_sk", 
   "catalog_sales.cs_ship_mode_sk", 
   "catalog_sales.cs_warehouse_sk", 
   "catalog_sales.cs_item_sk", 
   "catalog_sales.cs_promo_sk", 
   "catalog_sales.cs_order_number", 
   "catalog_sales.cs_quantity", 
   "catalog_sales.cs_wholesale_cost", 
   "catalog_sales.cs_list_price", 
   "catalog_sales.cs_sales_price", 
   "catalog_sales.cs_ext_discount_amt", 
   "catalog_sales.cs_ext_sales_price", 
   "catalog_sales.cs_ext_wholesale_cost", 
   "catalog_sales.cs_ext_list_price", 
   "catalog_sales.cs_ext_tax", 
   "catalog_sales.cs_coupon_amt", 
   "catalog_sales.cs_ext_ship_cost", 
   "catalog_sales.cs_net_paid", 
   "catalog_sales.cs_net_paid_inc_tax", 
   "catalog_sales.cs_net_paid_inc_ship", 
   "catalog_sales.cs_net_paid_inc_ship_tax", 
   "catalog_sales.cs_net_profit"
  ], 
  "Plan Width": 4, 
  "Total Cost": 13.25
 }, 
 {
  "Filter": "((date_dim_3.d_qoy < 4) AND (date_dim_3.d_year = 1999))", 
  "Startup Cost": 0.15, 
  "filename": "plans/query35.json", 
  "plan_id": 740, 
  "Scan Direction": "Forward", 
  "Index Cond": "(date_dim_3.d_date_sk = catalog_sales.cs_sold_date_sk)", 
  "Node Type": "Index Scan", 
  "Relation Name": "date_dim", 
  "Alias": "date_dim_3", 
  "Plan Rows": 1, 
  "Schema": "pg_temp_3", 
  "Parallel Aware": false, 
  "Parent Relationship": "Inner", 
  "Output": [
   "date_dim_3.d_date_sk", 
   "date_dim_3.d_date_id", 
   "date_dim_3.d_date", 
   "date_dim_3.d_month_seq", 
   "date_dim_3.d_week_seq", 
   "date_dim_3.d_quarter_seq", 
   "date_dim_3.d_year", 
   "date_dim_3.d_dow", 
   "date_dim_3.d_moy", 
   "date_dim_3.d_dom", 
   "date_dim_3.d_qoy", 
   "date_dim_3.d_fy_year", 
   "date_dim_3.d_fy_quarter_seq", 
   "date_dim_3.d_fy_week_seq", 
   "date_dim_3.d_day_name", 
   "date_dim_3.d_quarter_name", 
   "date_dim_3.d_holiday", 
   "date_dim_3.d_weekend", 
   "date_dim_3.d_following_holiday", 
   "date_dim_3.d_first_dom", 
   "date_dim_3.d_last_dom", 
   "date_dim_3.d_same_day_ly", 
   "date_dim_3.d_same_day_lq", 
   "date_dim_3.d_current_day", 
   "date_dim_3.d_current_week", 
   "date_dim_3.d_current_month", 
   "date_dim_3.d_current_quarter", 
   "date_dim_3.d_current_year"
  ], 
  "Index Name": "date_dim_pkey", 
  "Plan Width": 4, 
  "Total Cost": 8.17
 }, 
 {
  "Relation Name": "date_dim", 
  "Startup Cost": 0.0, 
  "plan_id": 744, 
  "Node Type": "Seq Scan", 
  "Plan Rows": 1, 
  "Filter": "((date_dim_4.d_qoy < 4) AND (date_dim_4.d_year = 1999))", 
  "Alias": "date_dim_4", 
  "filename": "plans/query35.json", 
  "Schema": "pg_temp_3", 
  "Parallel Aware": false, 
  "Parent Relationship": "Outer", 
  "Output": [
   "date_dim_4.d_date_sk"
  ], 
  "Plan Width": 4, 
  "Total Cost": 14.05
 }, 
 {
  "Startup Cost": 0.0, 
  "plan_id": 742, 
  "Node Type": "Seq Scan", 
  "Plan Rows": 260, 
  "Relation Name": "catalog_sales", 
  "Alias": "catalog_sales_1", 
  "filename": "plans/query35.json", 
  "Schema": "pg_temp_3", 
  "Parallel Aware": false, 
  "Parent Relationship": "Outer", 
  "Output": [
   "catalog_sales_1.cs_sold_date_sk", 
   "catalog_sales_1.cs_sold_time_sk", 
   "catalog_sales_1.cs_ship_date_sk", 
   "catalog_sales_1.cs_bill_customer_sk", 
   "catalog_sales_1.cs_bill_cdemo_sk", 
   "catalog_sales_1.cs_bill_hdemo_sk", 
   "catalog_sales_1.cs_bill_addr_sk", 
   "catalog_sales_1.cs_ship_customer_sk", 
   "catalog_sales_1.cs_ship_cdemo_sk", 
   "catalog_sales_1.cs_ship_hdemo_sk", 
   "catalog_sales_1.cs_ship_addr_sk", 
   "catalog_sales_1.cs_call_center_sk", 
   "catalog_sales_1.cs_catalog_page_sk", 
   "catalog_sales_1.cs_ship_mode_sk", 
   "catalog_sales_1.cs_warehouse_sk", 
   "catalog_sales_1.cs_item_sk", 
   "catalog_sales_1.cs_promo_sk", 
   "catalog_sales_1.cs_order_number", 
   "catalog_sales_1.cs_quantity", 
   "catalog_sales_1.cs_wholesale_cost", 
   "catalog_sales_1.cs_list_price", 
   "catalog_sales_1.cs_sales_price", 
   "catalog_sales_1.cs_ext_discount_amt", 
   "catalog_sales_1.cs_ext_sales_price", 
   "catalog_sales_1.cs_ext_wholesale_cost", 
   "catalog_sales_1.cs_ext_list_price", 
   "catalog_sales_1.cs_ext_tax", 
   "catalog_sales_1.cs_coupon_amt", 
   "catalog_sales_1.cs_ext_ship_cost", 
   "catalog_sales_1.cs_net_paid", 
   "catalog_sales_1.cs_net_paid_inc_tax", 
   "catalog_sales_1.cs_net_paid_inc_ship", 
   "catalog_sales_1.cs_net_paid_inc_ship_tax", 
   "catalog_sales_1.cs_net_profit"
  ], 
  "Plan Width": 8, 
  "Total Cost": 12.6
 }, 
 {
  "Startup Cost": 14.05, 
  "plan_id": 743, 
  "Plans": [
   744
  ], 
  "Plan Rows": 1, 
  "Node Type": "Hash", 
  "filename": "plans/query35.json", 
  "Parallel Aware": false, 
  "Parent Relationship": "Inner", 
  "Output": [
   "date_dim_4.d_date_sk"
  ], 
  "Plan Width": 4, 
  "Total Cost": 14.05
 }, 
 {
  "Startup Cost": 0.15, 
  "plan_id": 731, 
  "Plans": [
   732, 
   733
  ], 
  "Plan Rows": 1, 
  "Node Type": "Nested Loop", 
  "Join Type": "Inner", 
  "filename": "plans/query35.json", 
  "Parallel Aware": false, 
  "Parent Relationship": "SubPlan", 
  "Plan Width": 0, 
  "Subplan Name": "SubPlan 1", 
  "Total Cost": 21.43
 }, 
 {
  "Startup Cost": 14.06, 
  "Plan Width": 4, 
  "plan_id": 734, 
  "Plans": [
   735, 
   736
  ], 
  "Plan Rows": 1, 
  "Node Type": "Hash Join", 
  "Join Type": "Inner", 
  "filename": "plans/query35.json", 
  "Parallel Aware": false, 
  "Output": [
   "web_sales_1.ws_bill_customer_sk"
  ], 
  "Hash Cond": "(web_sales_1.ws_sold_date_sk = date_dim_2.d_date_sk)", 
  "Parent Relationship": "SubPlan", 
  "Subplan Name": "SubPlan 2", 
  "Total Cost": 27.65
 }, 
 {
  "Startup Cost": 0.15, 
  "plan_id": 738, 
  "Plans": [
   739, 
   740
  ], 
  "Plan Rows": 1, 
  "Node Type": "Nested Loop", 
  "Join Type": "Inner", 
  "filename": "plans/query35.json", 
  "Parallel Aware": false, 
  "Parent Relationship": "SubPlan", 
  "Plan Width": 0, 
  "Subplan Name": "SubPlan 3", 
  "Total Cost": 21.43
 }, 
 {
  "Startup Cost": 14.06, 
  "Plan Width": 4, 
  "plan_id": 741, 
  "Plans": [
   742, 
   743
  ], 
  "Plan Rows": 1, 
  "Node Type": "Hash Join", 
  "Join Type": "Inner", 
  "filename": "plans/query35.json", 
  "Parallel Aware": false, 
  "Output": [
   "catalog_sales_1.cs_ship_customer_sk"
  ], 
  "Hash Cond": "(catalog_sales_1.cs_sold_date_sk = date_dim_4.d_date_sk)", 
  "Parent Relationship": "SubPlan", 
  "Subplan Name": "SubPlan 4", 
  "Total Cost": 27.65
 }, 
 {
  "Partial Mode": "Simple", 
  "Startup Cost": 28.75, 
  "Plan Width": 4, 
  "plan_id": 725, 
  "Plans": [
   726
  ], 
  "filename": "plans/query35.json", 
  "Node Type": "Aggregate", 
  "Strategy": "Hashed", 
  "Plan Rows": 1, 
  "Parallel Aware": false, 
  "Output": [
   "store_sales.ss_customer_sk"
  ], 
  "Group Key": [
   "store_sales.ss_customer_sk"
  ], 
  "Parent Relationship": "Outer", 
  "Total Cost": 28.76
 }, 
 {
  "Filter": "((alternatives: SubPlan 1 or hashed SubPlan 2) OR (alternatives: SubPlan 3 or hashed SubPlan 4))", 
  "Startup Cost": 0.14, 
  "Scan Direction": "Forward", 
  "plan_id": 730, 
  "Plans": [
   731, 
   734, 
   738, 
   741
  ], 
  "Node Type": "Index Scan", 
  "Index Cond": "(c.c_customer_sk = store_sales.ss_customer_sk)", 
  "Plan Rows": 1, 
  "Relation Name": "customer", 
  "Alias": "c", 
  "filename": "plans/query35.json", 
  "Schema": "pg_temp_3", 
  "Parallel Aware": false, 
  "Parent Relationship": "Inner", 
  "Output": [
   "c.c_customer_sk", 
   "c.c_customer_id", 
   "c.c_current_cdemo_sk", 
   "c.c_current_hdemo_sk", 
   "c.c_current_addr_sk", 
   "c.c_first_shipto_date_sk", 
   "c.c_first_sales_date_sk", 
   "c.c_salutation", 
   "c.c_first_name", 
   "c.c_last_name", 
   "c.c_preferred_cust_flag", 
   "c.c_birth_day", 
   "c.c_birth_month", 
   "c.c_birth_year", 
   "c.c_birth_country", 
   "c.c_login", 
   "c.c_email_address", 
   "c.c_last_review_date"
  ], 
  "Index Name": "customer_pkey", 
  "Plan Width": 12, 
  "Total Cost": 43.24
 }, 
 {
  "Startup Cost": 28.89, 
  "plan_id": 724, 
  "Plans": [
   725, 
   730
  ], 
  "Plan Rows": 38, 
  "Node Type": "Nested Loop", 
  "Join Type": "Inner", 
  "filename": "plans/query35.json", 
  "Parallel Aware": false, 
  "Parent Relationship": "Outer", 
  "Output": [
   "c.c_current_addr_sk", 
   "c.c_current_cdemo_sk"
  ], 
  "Plan Width": 8, 
  "Total Cost": 72.01
 }, 
 {
  "Startup Cost": 0.0, 
  "plan_id": 722, 
  "Node Type": "Seq Scan", 
  "Plan Rows": 420, 
  "Relation Name": "customer_demographics", 
  "Alias": "customer_demographics", 
  "filename": "plans/query35.json", 
  "Schema": "pg_temp_3", 
  "Parallel Aware": false, 
  "Parent Relationship": "Outer", 
  "Output": [
   "customer_demographics.cd_demo_sk", 
   "customer_demographics.cd_gender", 
   "customer_demographics.cd_marital_status", 
   "customer_demographics.cd_education_status", 
   "customer_demographics.cd_purchase_estimate", 
   "customer_demographics.cd_credit_rating", 
   "customer_demographics.cd_dep_count", 
   "customer_demographics.cd_dep_employed_count", 
   "customer_demographics.cd_dep_college_count"
  ], 
  "Plan Width": 32, 
  "Total Cost": 14.2
 }, 
 {
  "Startup Cost": 72.01, 
  "plan_id": 723, 
  "Plans": [
   724
  ], 
  "Plan Rows": 38, 
  "Node Type": "Hash", 
  "filename": "plans/query35.json", 
  "Parallel Aware": false, 
  "Parent Relationship": "Inner", 
  "Output": [
   "c.c_current_addr_sk", 
   "c.c_current_cdemo_sk"
  ], 
  "Plan Width": 8, 
  "Total Cost": 72.01
 }, 
 {
  "Startup Cost": 0.0, 
  "plan_id": 746, 
  "Node Type": "Seq Scan", 
  "Plan Rows": 100, 
  "Relation Name": "customer_address", 
  "Alias": "ca", 
  "filename": "plans/query35.json", 
  "Schema": "pg_temp_3", 
  "Parallel Aware": false, 
  "Parent Relationship": "Outer", 
  "Output": [
   "ca.ca_state", 
   "ca.ca_address_sk"
  ], 
  "Plan Width": 16, 
  "Total Cost": 11.0
 }, 
 {
  "Startup Cost": 72.48, 
  "Plan Width": 32, 
  "plan_id": 721, 
  "Plans": [
   722, 
   723
  ], 
  "Plan Rows": 38, 
  "Node Type": "Hash Join", 
  "Join Type": "Inner", 
  "filename": "plans/query35.json", 
  "Parallel Aware": false, 
  "Output": [
   "c.c_current_addr_sk", 
   "customer_demographics.cd_gender", 
   "customer_demographics.cd_marital_status", 
   "customer_demographics.cd_dep_count", 
   "customer_demographics.cd_dep_employed_count", 
   "customer_demographics.cd_dep_college_count"
  ], 
  "Hash Cond": "(customer_demographics.cd_demo_sk = c.c_current_cdemo_sk)", 
  "Parent Relationship": "Outer", 
  "Total Cost": 88.64
 }, 
 {
  "Startup Cost": 11.0, 
  "plan_id": 745, 
  "Plans": [
   746
  ], 
  "Plan Rows": 100, 
  "Node Type": "Hash", 
  "filename": "plans/query35.json", 
  "Parallel Aware": false, 
  "Parent Relationship": "Inner", 
  "Output": [
   "ca.ca_state", 
   "ca.ca_address_sk"
  ], 
  "Plan Width": 16, 
  "Total Cost": 11.0
 }, 
 {
  "Startup Cost": 84.73, 
  "Plan Width": 40, 
  "plan_id": 720, 
  "Plans": [
   721, 
   745
  ], 
  "Plan Rows": 38, 
  "Node Type": "Hash Join", 
  "Join Type": "Inner", 
  "filename": "plans/query35.json", 
  "Parallel Aware": false, 
  "Output": [
   "ca.ca_state", 
   "customer_demographics.cd_gender", 
   "customer_demographics.cd_marital_status", 
   "customer_demographics.cd_dep_count", 
   "customer_demographics.cd_dep_employed_count", 
   "customer_demographics.cd_dep_college_count"
  ], 
  "Hash Cond": "(c.c_current_addr_sk = ca.ca_address_sk)", 
  "Parent Relationship": "Outer", 
  "Total Cost": 101.41
 }, 
 {
  "Startup Cost": 102.41, 
  "plan_id": 719, 
  "Plans": [
   720
  ], 
  "Sort Key": [
   "ca.ca_state", 
   "customer_demographics.cd_gender", 
   "customer_demographics.cd_marital_status", 
   "customer_demographics.cd_dep_count", 
   "customer_demographics.cd_dep_employed_count", 
   "customer_demographics.cd_dep_college_count"
  ], 
  "Plan Rows": 38, 
  "Node Type": "Sort", 
  "filename": "plans/query35.json", 
  "Parallel Aware": false, 
  "Parent Relationship": "Outer", 
  "Output": [
   "ca.ca_state", 
   "customer_demographics.cd_gender", 
   "customer_demographics.cd_marital_status", 
   "customer_demographics.cd_dep_count", 
   "customer_demographics.cd_dep_employed_count", 
   "customer_demographics.cd_dep_college_count"
  ], 
  "Plan Width": 40, 
  "Total Cost": 102.5
 }, 
 {
  "Partial Mode": "Simple", 
  "Startup Cost": 102.41, 
  "Plan Width": 196, 
  "plan_id": 718, 
  "Plans": [
   719
  ], 
  "filename": "plans/query35.json", 
  "Node Type": "Aggregate", 
  "Strategy": "Sorted", 
  "Plan Rows": 38, 
  "Parallel Aware": false, 
  "Output": [
   "ca.ca_state", 
   "customer_demographics.cd_gender", 
   "customer_demographics.cd_marital_status", 
   "customer_demographics.cd_dep_count", 
   "count(*)", 
   "min(customer_demographics.cd_dep_count)", 
   "stddev_samp(customer_demographics.cd_dep_count)", 
   "sum(customer_demographics.cd_dep_count)", 
   "customer_demographics.cd_dep_employed_count", 
   "count(*)", 
   "min(customer_demographics.cd_dep_employed_count)", 
   "stddev_samp(customer_demographics.cd_dep_employed_count)", 
   "sum(customer_demographics.cd_dep_employed_count)", 
   "customer_demographics.cd_dep_college_count", 
   "count(*)", 
   "min(customer_demographics.cd_dep_college_count)", 
   "stddev_samp(customer_demographics.cd_dep_college_count)", 
   "sum(customer_demographics.cd_dep_college_count)"
  ], 
  "Group Key": [
   "ca.ca_state", 
   "customer_demographics.cd_gender", 
   "customer_demographics.cd_marital_status", 
   "customer_demographics.cd_dep_count", 
   "customer_demographics.cd_dep_employed_count", 
   "customer_demographics.cd_dep_college_count"
  ], 
  "Parent Relationship": "Outer", 
  "Total Cost": 104.88
 }, 
 {
  "Startup Cost": 102.41, 
  "plan_id": 717, 
  "Plans": [
   718
  ], 
  "Plan Rows": 38, 
  "Node Type": "Limit", 
  "filename": "plans/query35.json", 
  "Parallel Aware": false, 
  "Output": [
   "ca.ca_state", 
   "customer_demographics.cd_gender", 
   "customer_demographics.cd_marital_status", 
   "customer_demographics.cd_dep_count", 
   "(count(*))", 
   "(min(customer_demographics.cd_dep_count))", 
   "(stddev_samp(customer_demographics.cd_dep_count))", 
   "(sum(customer_demographics.cd_dep_count))", 
   "customer_demographics.cd_dep_employed_count", 
   "(count(*))", 
   "(min(customer_demographics.cd_dep_employed_count))", 
   "(stddev_samp(customer_demographics.cd_dep_employed_count))", 
   "(sum(customer_demographics.cd_dep_employed_count))", 
   "customer_demographics.cd_dep_college_count", 
   "(count(*))", 
   "(min(customer_demographics.cd_dep_college_count))", 
   "(stddev_samp(customer_demographics.cd_dep_college_count))", 
   "(sum(customer_demographics.cd_dep_college_count))"
  ], 
  "Plan Width": 196, 
  "Total Cost": 104.88
 }, 
 {
  "Relation Name": "date_dim", 
  "Startup Cost": 0.0, 
  "plan_id": 758, 
  "Node Type": "Seq Scan", 
  "Plan Rows": 1, 
  "Filter": "(d1.d_year = 2002)", 
  "Alias": "d1", 
  "filename": "plans/query36.json", 
  "Schema": "pg_temp_2", 
  "Parallel Aware": false, 
  "Parent Relationship": "Outer", 
  "Output": [
   "d1.d_date_sk"
  ], 
  "Plan Width": 4, 
  "Total Cost": 13.38
 }, 
 {
  "Startup Cost": 0.0, 
  "plan_id": 756, 
  "Node Type": "Seq Scan", 
  "Plan Rows": 340, 
  "Relation Name": "store_sales", 
  "Alias": "store_sales", 
  "filename": "plans/query36.json", 
  "Schema": "pg_temp_2", 
  "Parallel Aware": false, 
  "Parent Relationship": "Outer", 
  "Output": [
   "store_sales.ss_sold_date_sk", 
   "store_sales.ss_sold_time_sk", 
   "store_sales.ss_item_sk", 
   "store_sales.ss_customer_sk", 
   "store_sales.ss_cdemo_sk", 
   "store_sales.ss_hdemo_sk", 
   "store_sales.ss_addr_sk", 
   "store_sales.ss_store_sk", 
   "store_sales.ss_promo_sk", 
   "store_sales.ss_ticket_number", 
   "store_sales.ss_quantity", 
   "store_sales.ss_wholesale_cost", 
   "store_sales.ss_list_price", 
   "store_sales.ss_sales_price", 
   "store_sales.ss_ext_discount_amt", 
   "store_sales.ss_ext_sales_price", 
   "store_sales.ss_ext_wholesale_cost", 
   "store_sales.ss_ext_list_price", 
   "store_sales.ss_ext_tax", 
   "store_sales.ss_coupon_amt", 
   "store_sales.ss_net_paid", 
   "store_sales.ss_net_paid_inc_tax", 
   "store_sales.ss_net_profit"
  ], 
  "Plan Width": 40, 
  "Total Cost": 13.4
 }, 
 {
  "Startup Cost": 13.38, 
  "plan_id": 757, 
  "Plans": [
   758
  ], 
  "Plan Rows": 1, 
  "Node Type": "Hash", 
  "filename": "plans/query36.json", 
  "Parallel Aware": false, 
  "Parent Relationship": "Inner", 
  "Output": [
   "d1.d_date_sk"
  ], 
  "Plan Width": 4, 
  "Total Cost": 13.38
 }, 
 {
  "Startup Cost": 13.39, 
  "Plan Width": 36, 
  "plan_id": 755, 
  "Plans": [
   756, 
   757
  ], 
  "Plan Rows": 1, 
  "Node Type": "Hash Join", 
  "Join Type": "Inner", 
  "filename": "plans/query36.json", 
  "Parallel Aware": false, 
  "Output": [
   "store_sales.ss_net_profit", 
   "store_sales.ss_ext_sales_price", 
   "store_sales.ss_item_sk", 
   "store_sales.ss_store_sk"
  ], 
  "Hash Cond": "(store_sales.ss_sold_date_sk = d1.d_date_sk)", 
  "Parent Relationship": "Outer", 
  "Total Cost": 28.07
 }, 
 {
  "Startup Cost": 0.14, 
  "filename": "plans/query36.json", 
  "plan_id": 759, 
  "Scan Direction": "Forward", 
  "Index Cond": "(item.i_item_sk = store_sales.ss_item_sk)", 
  "Node Type": "Index Scan", 
  "Relation Name": "item", 
  "Alias": "item", 
  "Plan Rows": 1, 
  "Schema": "pg_temp_2", 
  "Parallel Aware": false, 
  "Parent Relationship": "Inner", 
  "Output": [
   "item.i_item_sk", 
   "item.i_item_id", 
   "item.i_rec_start_date", 
   "item.i_rec_end_date", 
   "item.i_item_desc", 
   "item.i_current_price", 
   "item.i_wholesale_cost", 
   "item.i_brand_id", 
   "item.i_brand", 
   "item.i_class_id", 
   "item.i_class", 
   "item.i_category_id", 
   "item.i_category", 
   "item.i_manufact_id", 
   "item.i_manufact", 
   "item.i_size", 
   "item.i_formulation", 
   "item.i_color", 
   "item.i_units", 
   "item.i_container", 
   "item.i_manager_id", 
   "item.i_product_name"
  ], 
  "Index Name": "item_pkey", 
  "Plan Width": 412, 
  "Total Cost": 0.29
 }, 
 {
  "Startup Cost": 13.53, 
  "plan_id": 754, 
  "Plans": [
   755, 
   759
  ], 
  "Plan Rows": 1, 
  "Node Type": "Nested Loop", 
  "Join Type": "Inner", 
  "filename": "plans/query36.json", 
  "Parallel Aware": false, 
  "Parent Relationship": "Outer", 
  "Output": [
   "store_sales.ss_net_profit", 
   "store_sales.ss_ext_sales_price", 
   "store_sales.ss_store_sk", 
   "item.i_category", 
   "item.i_class"
  ], 
  "Plan Width": 440, 
  "Total Cost": 28.37
 }, 
 {
  "Filter": "(store.s_state = ANY ('{TN,TN,TN,TN,TN,TN,TN,TN}'::bpchar[]))", 
  "Startup Cost": 0.14, 
  "filename": "plans/query36.json", 
  "plan_id": 760, 
  "Scan Direction": "Forward", 
  "Index Cond": "(store.s_store_sk = store_sales.ss_store_sk)", 
  "Node Type": "Index Scan", 
  "Relation Name": "store", 
  "Alias": "store", 
  "Plan Rows": 1, 
  "Schema": "pg_temp_2", 
  "Parallel Aware": false, 
  "Parent Relationship": "Inner", 
  "Output": [
   "store.s_store_sk", 
   "store.s_store_id", 
   "store.s_rec_start_date", 
   "store.s_rec_end_date", 
   "store.s_closed_date_sk", 
   "store.s_store_name", 
   "store.s_number_employees", 
   "store.s_floor_space", 
   "store.s_hours", 
   "store.s_manager", 
   "store.s_market_id", 
   "store.s_geography_class", 
   "store.s_market_desc", 
   "store.s_market_manager", 
   "store.s_division_id", 
   "store.s_division_name", 
   "store.s_company_id", 
   "store.s_company_name", 
   "store.s_street_number", 
   "store.s_street_name", 
   "store.s_street_type", 
   "store.s_suite_number", 
   "store.s_city", 
   "store.s_county", 
   "store.s_state", 
   "store.s_zip", 
   "store.s_country", 
   "store.s_gmt_offset", 
   "store.s_tax_precentage"
  ], 
  "Index Name": "store_pkey", 
  "Plan Width": 4, 
  "Total Cost": 0.3
 }, 
 {
  "Startup Cost": 13.67, 
  "plan_id": 753, 
  "Plans": [
   754, 
   760
  ], 
  "Plan Rows": 1, 
  "Node Type": "Nested Loop", 
  "Join Type": "Inner", 
  "filename": "plans/query36.json", 
  "Parallel Aware": false, 
  "Parent Relationship": "Outer", 
  "Output": [
   "item.i_category", 
   "item.i_class", 
   "store_sales.ss_net_profit", 
   "store_sales.ss_ext_sales_price"
  ], 
  "Plan Width": 436, 
  "Total Cost": 28.68
 }, 
 {
  "Startup Cost": 28.69, 
  "plan_id": 752, 
  "Plans": [
   753
  ], 
  "Sort Key": [
   "item.i_category", 
   "item.i_class"
  ], 
  "Plan Rows": 1, 
  "Node Type": "Sort", 
  "filename": "plans/query36.json", 
  "Parallel Aware": false, 
  "Parent Relationship": "Outer", 
  "Output": [
   "item.i_category", 
   "item.i_class", 
   "store_sales.ss_net_profit", 
   "store_sales.ss_ext_sales_price"
  ], 
  "Plan Width": 436, 
  "Total Cost": 28.69
 }, 
 {
  "Partial Mode": "Simple", 
  "Startup Cost": 28.69, 
  "filename": "plans/query36.json", 
  "plan_id": 751, 
  "Plans": [
   752
  ], 
  "Grouping Sets": [
   {
    "Group Keys": [
     [
      "item.i_category", 
      "item.i_class"
     ], 
     [
      "item.i_category"
     ], 
     []
    ]
   }
  ], 
  "Node Type": "Aggregate", 
  "Strategy": "Sorted", 
  "Plan Rows": 3, 
  "Parallel Aware": false, 
  "Parent Relationship": "Outer", 
  "Output": [
   "(sum(store_sales.ss_net_profit) / sum(store_sales.ss_ext_sales_price))", 
   "item.i_category", 
   "item.i_class", 
   "(GROUPING(item.i_category) + GROUPING(item.i_class))", 
   "CASE WHEN (GROUPING(item.i_class) = 0) THEN item.i_category ELSE NULL::bpchar END", 
   "GROUPING(item.i_category)", 
   "GROUPING(item.i_class)"
  ], 
  "Plan Width": 484, 
  "Total Cost": 28.77
 }, 
 {
  "Startup Cost": 28.79, 
  "plan_id": 750, 
  "Plans": [
   751
  ], 
  "Sort Key": [
   "((GROUPING(item.i_category) + GROUPING(item.i_class)))", 
   "(CASE WHEN (GROUPING(item.i_class) = 0) THEN item.i_category ELSE NULL::bpchar END)", 
   "((sum(store_sales.ss_net_profit) / sum(store_sales.ss_ext_sales_price)))"
  ], 
  "Plan Rows": 3, 
  "Node Type": "Sort", 
  "filename": "plans/query36.json", 
  "Parallel Aware": false, 
  "Parent Relationship": "Outer", 
  "Output": [
   "((sum(store_sales.ss_net_profit) / sum(store_sales.ss_ext_sales_price)))", 
   "item.i_category", 
   "item.i_class", 
   "((GROUPING(item.i_category) + GROUPING(item.i_class)))", 
   "(CASE WHEN (GROUPING(item.i_class) = 0) THEN item.i_category ELSE NULL::bpchar END)", 
   "(GROUPING(item.i_category))", 
   "(GROUPING(item.i_class))"
  ], 
  "Plan Width": 484, 
  "Total Cost": 28.8
 }, 
 {
  "Startup Cost": 28.79, 
  "plan_id": 749, 
  "Plans": [
   750
  ], 
  "Plan Rows": 3, 
  "Node Type": "WindowAgg", 
  "filename": "plans/query36.json", 
  "Parallel Aware": false, 
  "Parent Relationship": "Outer", 
  "Output": [
   "((sum(store_sales.ss_net_profit) / sum(store_sales.ss_ext_sales_price)))", 
   "item.i_category", 
   "item.i_class", 
   "((GROUPING(item.i_category) + GROUPING(item.i_class)))", 
   "rank() OVER (?)", 
   "CASE WHEN (((GROUPING(item.i_category) + GROUPING(item.i_class))) = 0) THEN item.i_category ELSE NULL::bpchar END", 
   "(CASE WHEN (GROUPING(item.i_class) = 0) THEN item.i_category ELSE NULL::bpchar END)"
  ], 
  "Plan Width": 516, 
  "Total Cost": 28.9
 }, 
 {
  "Startup Cost": 28.92, 
  "plan_id": 748, 
  "Plans": [
   749
  ], 
  "Sort Key": [
   "((GROUPING(item.i_category) + GROUPING(item.i_class))) DESC", 
   "(CASE WHEN (((GROUPING(item.i_category) + GROUPING(item.i_class))) = 0) THEN item.i_category ELSE NULL::bpchar END)", 
   "(rank() OVER (?))"
  ], 
  "Plan Rows": 3, 
  "Node Type": "Sort", 
  "filename": "plans/query36.json", 
  "Parallel Aware": false, 
  "Parent Relationship": "Outer", 
  "Output": [
   "((sum(store_sales.ss_net_profit) / sum(store_sales.ss_ext_sales_price)))", 
   "item.i_category", 
   "item.i_class", 
   "((GROUPING(item.i_category) + GROUPING(item.i_class)))", 
   "(rank() OVER (?))", 
   "(CASE WHEN (((GROUPING(item.i_category) + GROUPING(item.i_class))) = 0) THEN item.i_category ELSE NULL::bpchar END)", 
   "(CASE WHEN (GROUPING(item.i_class) = 0) THEN item.i_category ELSE NULL::bpchar END)"
  ], 
  "Plan Width": 516, 
  "Total Cost": 28.93
 }, 
 {
  "Startup Cost": 28.92, 
  "plan_id": 747, 
  "Plans": [
   748
  ], 
  "Plan Rows": 3, 
  "Node Type": "Limit", 
  "filename": "plans/query36.json", 
  "Parallel Aware": false, 
  "Output": [
   "((sum(store_sales.ss_net_profit) / sum(store_sales.ss_ext_sales_price)))", 
   "item.i_category", 
   "item.i_class", 
   "((GROUPING(item.i_category) + GROUPING(item.i_class)))", 
   "(rank() OVER (?))", 
   "(CASE WHEN (((GROUPING(item.i_category) + GROUPING(item.i_class))) = 0) THEN item.i_category ELSE NULL::bpchar END)", 
   "(CASE WHEN (GROUPING(item.i_class) = 0) THEN item.i_category ELSE NULL::bpchar END)"
  ], 
  "Plan Width": 516, 
  "Total Cost": 28.93
 }, 
 {
  "Startup Cost": 0.0, 
  "plan_id": 769, 
  "Node Type": "Bitmap Index Scan", 
  "Index Cond": "(inventory.inv_date_sk = date_dim.d_date_sk)", 
  "Plan Rows": 9, 
  "filename": "plans/query37.json", 
  "Parallel Aware": false, 
  "Parent Relationship": "Outer", 
  "Index Name": "inventory_pkey", 
  "Plan Width": 0, 
  "Total Cost": 4.22
 }, 
 {
  "Relation Name": "date_dim", 
  "Startup Cost": 0.0, 
  "plan_id": 767, 
  "Node Type": "Seq Scan", 
  "Plan Rows": 1, 
  "Filter": "((date_dim.d_date >= '1999-02-22'::date) AND (date_dim.d_date <= '1999-04-23 00:00:00'::timestamp without time zone))", 
  "Alias": "date_dim", 
  "filename": "plans/query37.json", 
  "Schema": "pg_temp_2", 
  "Parallel Aware": false, 
  "Parent Relationship": "Outer", 
  "Output": [
   "date_dim.d_date_sk", 
   "date_dim.d_date_id", 
   "date_dim.d_date", 
   "date_dim.d_month_seq", 
   "date_dim.d_week_seq", 
   "date_dim.d_quarter_seq", 
   "date_dim.d_year", 
   "date_dim.d_dow", 
   "date_dim.d_moy", 
   "date_dim.d_dom", 
   "date_dim.d_qoy", 
   "date_dim.d_fy_year", 
   "date_dim.d_fy_quarter_seq", 
   "date_dim.d_fy_week_seq", 
   "date_dim.d_day_name", 
   "date_dim.d_quarter_name", 
   "date_dim.d_holiday", 
   "date_dim.d_weekend", 
   "date_dim.d_following_holiday", 
   "date_dim.d_first_dom", 
   "date_dim.d_last_dom", 
   "date_dim.d_same_day_ly", 
   "date_dim.d_same_day_lq", 
   "date_dim.d_current_day", 
   "date_dim.d_current_week", 
   "date_dim.d_current_month", 
   "date_dim.d_current_quarter", 
   "date_dim.d_current_year"
  ], 
  "Plan Width": 4, 
  "Total Cost": 14.05
 }, 
 {
  "Relation Name": "inventory", 
  "Startup Cost": 4.22, 
  "plan_id": 768, 
  "Plans": [
   769
  ], 
  "Parent Relationship": "Inner", 
  "Node Type": "Bitmap Heap Scan", 
  "Plan Rows": 1, 
  "Filter": "((inventory.inv_quantity_on_hand >= 100) AND (inventory.inv_quantity_on_hand <= 500))", 
  "Alias": "inventory", 
  "filename": "plans/query37.json", 
  "Schema": "pg_temp_2", 
  "Parallel Aware": false, 
  "Recheck Cond": "(inventory.inv_date_sk = date_dim.d_date_sk)", 
  "Output": [
   "inventory.inv_date_sk", 
   "inventory.inv_item_sk", 
   "inventory.inv_warehouse_sk", 
   "inventory.inv_quantity_on_hand"
  ], 
  "Plan Width": 8, 
  "Total Cost": 14.81
 }, 
 {
  "Startup Cost": 4.22, 
  "plan_id": 766, 
  "Plans": [
   767, 
   768
  ], 
  "Plan Rows": 1, 
  "Node Type": "Nested Loop", 
  "Join Type": "Inner", 
  "filename": "plans/query37.json", 
  "Parallel Aware": false, 
  "Parent Relationship": "Outer", 
  "Output": [
   "inventory.inv_item_sk"
  ], 
  "Plan Width": 4, 
  "Total Cost": 28.87
 }, 
 {
  "Startup Cost": 0.15, 
  "filename": "plans/query37.json", 
  "plan_id": 770, 
  "Scan Direction": "Forward", 
  "Index Cond": "(catalog_sales.cs_item_sk = inventory.inv_item_sk)", 
  "Node Type": "Index Only Scan", 
  "Relation Name": "catalog_sales", 
  "Alias": "catalog_sales", 
  "Plan Rows": 1, 
  "Schema": "pg_temp_2", 
  "Parallel Aware": false, 
  "Parent Relationship": "Inner", 
  "Output": [
   "catalog_sales.cs_item_sk", 
   "catalog_sales.cs_order_number"
  ], 
  "Index Name": "catalog_sales_pkey", 
  "Plan Width": 4, 
  "Total Cost": 3.72
 }, 
 {
  "Startup Cost": 4.37, 
  "plan_id": 765, 
  "Plans": [
   766, 
   770
  ], 
  "Plan Rows": 1, 
  "Node Type": "Nested Loop", 
  "Join Type": "Inner", 
  "filename": "plans/query37.json", 
  "Parallel Aware": false, 
  "Parent Relationship": "Outer", 
  "Output": [
   "inventory.inv_item_sk", 
   "catalog_sales.cs_item_sk"
  ], 
  "Plan Width": 8, 
  "Total Cost": 32.6
 }, 
 {
  "Filter": "((item.i_current_price >= '14'::numeric) AND (item.i_current_price <= '44'::numeric) AND (item.i_manufact_id = ANY ('{822,787,908,709}'::integer[])))", 
  "Startup Cost": 0.14, 
  "filename": "plans/query37.json", 
  "plan_id": 771, 
  "Scan Direction": "Forward", 
  "Index Cond": "(item.i_item_sk = catalog_sales.cs_item_sk)", 
  "Node Type": "Index Scan", 
  "Relation Name": "item", 
  "Alias": "item", 
  "Plan Rows": 1, 
  "Schema": "pg_temp_2", 
  "Parallel Aware": false, 
  "Parent Relationship": "Inner", 
  "Output": [
   "item.i_item_sk", 
   "item.i_item_id", 
   "item.i_rec_start_date", 
   "item.i_rec_end_date", 
   "item.i_item_desc", 
   "item.i_current_price", 
   "item.i_wholesale_cost", 
   "item.i_brand_id", 
   "item.i_brand", 
   "item.i_class_id", 
   "item.i_class", 
   "item.i_category_id", 
   "item.i_category", 
   "item.i_manufact_id", 
   "item.i_manufact", 
   "item.i_size", 
   "item.i_formulation", 
   "item.i_color", 
   "item.i_units", 
   "item.i_container", 
   "item.i_manager_id", 
   "item.i_product_name"
  ], 
  "Index Name": "item_pkey", 
  "Plan Width": 504, 
  "Total Cost": 0.34
 }, 
 {
  "Startup Cost": 4.51, 
  "plan_id": 764, 
  "Plans": [
   765, 
   771
  ], 
  "Plan Rows": 1, 
  "Node Type": "Nested Loop", 
  "Join Type": "Inner", 
  "filename": "plans/query37.json", 
  "Parallel Aware": false, 
  "Parent Relationship": "Outer", 
  "Output": [
   "item.i_item_id", 
   "item.i_item_desc", 
   "item.i_current_price"
  ], 
  "Plan Width": 500, 
  "Join Filter": "(inventory.inv_item_sk = item.i_item_sk)", 
  "Total Cost": 32.95
 }, 
 {
  "Startup Cost": 32.96, 
  "plan_id": 763, 
  "Plans": [
   764
  ], 
  "Sort Key": [
   "item.i_item_id", 
   "item.i_item_desc", 
   "item.i_current_price"
  ], 
  "Plan Rows": 1, 
  "Node Type": "Sort", 
  "filename": "plans/query37.json", 
  "Parallel Aware": false, 
  "Parent Relationship": "Outer", 
  "Output": [
   "item.i_item_id", 
   "item.i_item_desc", 
   "item.i_current_price"
  ], 
  "Plan Width": 500, 
  "Total Cost": 32.96
 }, 
 {
  "Startup Cost": 32.96, 
  "Plan Width": 500, 
  "plan_id": 762, 
  "Plans": [
   763
  ], 
  "Plan Rows": 1, 
  "Node Type": "Group", 
  "filename": "plans/query37.json", 
  "Parallel Aware": false, 
  "Output": [
   "item.i_item_id", 
   "item.i_item_desc", 
   "item.i_current_price"
  ], 
  "Group Key": [
   "item.i_item_id", 
   "item.i_item_desc", 
   "item.i_current_price"
  ], 
  "Parent Relationship": "Outer", 
  "Total Cost": 32.97
 }, 
 {
  "Startup Cost": 32.96, 
  "plan_id": 761, 
  "Plans": [
   762
  ], 
  "Plan Rows": 1, 
  "Node Type": "Limit", 
  "filename": "plans/query37.json", 
  "Parallel Aware": false, 
  "Output": [
   "item.i_item_id", 
   "item.i_item_desc", 
   "item.i_current_price"
  ], 
  "Plan Width": 500, 
  "Total Cost": 32.97
 }, 
 {
  "Relation Name": "date_dim", 
  "Startup Cost": 0.0, 
  "plan_id": 787, 
  "Node Type": "Seq Scan", 
  "Plan Rows": 1, 
  "Filter": "((date_dim.d_month_seq >= 1176) AND (date_dim.d_month_seq <= 1187))", 
  "Alias": "date_dim", 
  "filename": "plans/query38.json", 
  "Schema": "pg_temp_2", 
  "Parallel Aware": false, 
  "Parent Relationship": "Outer", 
  "Output": [
   "date_dim.d_date", 
   "date_dim.d_date_sk"
  ], 
  "Plan Width": 8, 
  "Total Cost": 14.05
 }, 
 {
  "Startup Cost": 0.0, 
  "plan_id": 785, 
  "Node Type": "Seq Scan", 
  "Plan Rows": 340, 
  "Relation Name": "store_sales", 
  "Alias": "store_sales", 
  "filename": "plans/query38.json", 
  "Schema": "pg_temp_2", 
  "Parallel Aware": false, 
  "Parent Relationship": "Outer", 
  "Output": [
   "store_sales.ss_sold_date_sk", 
   "store_sales.ss_sold_time_sk", 
   "store_sales.ss_item_sk", 
   "store_sales.ss_customer_sk", 
   "store_sales.ss_cdemo_sk", 
   "store_sales.ss_hdemo_sk", 
   "store_sales.ss_addr_sk", 
   "store_sales.ss_store_sk", 
   "store_sales.ss_promo_sk", 
   "store_sales.ss_ticket_number", 
   "store_sales.ss_quantity", 
   "store_sales.ss_wholesale_cost", 
   "store_sales.ss_list_price", 
   "store_sales.ss_sales_price", 
   "store_sales.ss_ext_discount_amt", 
   "store_sales.ss_ext_sales_price", 
   "store_sales.ss_ext_wholesale_cost", 
   "store_sales.ss_ext_list_price", 
   "store_sales.ss_ext_tax", 
   "store_sales.ss_coupon_amt", 
   "store_sales.ss_net_paid", 
   "store_sales.ss_net_paid_inc_tax", 
   "store_sales.ss_net_profit"
  ], 
  "Plan Width": 8, 
  "Total Cost": 13.4
 }, 
 {
  "Startup Cost": 14.05, 
  "plan_id": 786, 
  "Plans": [
   787
  ], 
  "Plan Rows": 1, 
  "Node Type": "Hash", 
  "filename": "plans/query38.json", 
  "Parallel Aware": false, 
  "Parent Relationship": "Inner", 
  "Output": [
   "date_dim.d_date", 
   "date_dim.d_date_sk"
  ], 
  "Plan Width": 8, 
  "Total Cost": 14.05
 }, 
 {
  "Startup Cost": 14.06, 
  "Plan Width": 8, 
  "plan_id": 784, 
  "Plans": [
   785, 
   786
  ], 
  "Plan Rows": 1, 
  "Node Type": "Hash Join", 
  "Join Type": "Inner", 
  "filename": "plans/query38.json", 
  "Parallel Aware": false, 
  "Output": [
   "store_sales.ss_customer_sk", 
   "date_dim.d_date"
  ], 
  "Hash Cond": "(store_sales.ss_sold_date_sk = date_dim.d_date_sk)", 
  "Parent Relationship": "Outer", 
  "Total Cost": 28.75
 }, 
 {
  "Startup Cost": 0.14, 
  "filename": "plans/query38.json", 
  "plan_id": 788, 
  "Scan Direction": "Forward", 
  "Index Cond": "(customer.c_customer_sk = store_sales.ss_customer_sk)", 
  "Node Type": "Index Scan", 
  "Relation Name": "customer", 
  "Alias": "customer", 
  "Plan Rows": 1, 
  "Schema": "pg_temp_2", 
  "Parallel Aware": false, 
  "Parent Relationship": "Inner", 
  "Output": [
   "customer.c_customer_sk", 
   "customer.c_customer_id", 
   "customer.c_current_cdemo_sk", 
   "customer.c_current_hdemo_sk", 
   "customer.c_current_addr_sk", 
   "customer.c_first_shipto_date_sk", 
   "customer.c_first_sales_date_sk", 
   "customer.c_salutation", 
   "customer.c_first_name", 
   "customer.c_last_name", 
   "customer.c_preferred_cust_flag", 
   "customer.c_birth_day", 
   "customer.c_birth_month", 
   "customer.c_birth_year", 
   "customer.c_birth_country", 
   "customer.c_login", 
   "customer.c_email_address", 
   "customer.c_last_review_date"
  ], 
  "Index Name": "customer_pkey", 
  "Plan Width": 212, 
  "Total Cost": 0.29
 }, 
 {
  "Startup Cost": 14.21, 
  "plan_id": 783, 
  "Plans": [
   784, 
   788
  ], 
  "Plan Rows": 1, 
  "Node Type": "Nested Loop", 
  "Join Type": "Inner", 
  "filename": "plans/query38.json", 
  "Parallel Aware": false, 
  "Parent Relationship": "Outer", 
  "Output": [
   "customer.c_last_name", 
   "customer.c_first_name", 
   "date_dim.d_date"
  ], 
  "Plan Width": 212, 
  "Total Cost": 29.05
 }, 
 {
  "Startup Cost": 29.06, 
  "plan_id": 782, 
  "Plans": [
   783
  ], 
  "Sort Key": [
   "customer.c_last_name", 
   "customer.c_first_name", 
   "date_dim.d_date"
  ], 
  "Plan Rows": 1, 
  "Node Type": "Sort", 
  "filename": "plans/query38.json", 
  "Parallel Aware": false, 
  "Parent Relationship": "Outer", 
  "Output": [
   "customer.c_last_name", 
   "customer.c_first_name", 
   "date_dim.d_date"
  ], 
  "Plan Width": 212, 
  "Total Cost": 29.06
 }, 
 {
  "Startup Cost": 29.06, 
  "plan_id": 781, 
  "Plans": [
   782
  ], 
  "Plan Rows": 1, 
  "Node Type": "Unique", 
  "filename": "plans/query38.json", 
  "Parallel Aware": false, 
  "Parent Relationship": "Subquery", 
  "Output": [
   "customer.c_last_name", 
   "customer.c_first_name", 
   "date_dim.d_date"
  ], 
  "Plan Width": 212, 
  "Total Cost": 29.07
 }, 
 {
  "Relation Name": "date_dim", 
  "Startup Cost": 0.0, 
  "plan_id": 796, 
  "Node Type": "Seq Scan", 
  "Plan Rows": 1, 
  "Filter": "((date_dim_1.d_month_seq >= 1176) AND (date_dim_1.d_month_seq <= 1187))", 
  "Alias": "date_dim_1", 
  "filename": "plans/query38.json", 
  "Schema": "pg_temp_2", 
  "Parallel Aware": false, 
  "Parent Relationship": "Outer", 
  "Output": [
   "date_dim_1.d_date", 
   "date_dim_1.d_date_sk"
  ], 
  "Plan Width": 8, 
  "Total Cost": 14.05
 }, 
 {
  "Startup Cost": 0.0, 
  "plan_id": 794, 
  "Node Type": "Seq Scan", 
  "Plan Rows": 260, 
  "Relation Name": "catalog_sales", 
  "Alias": "catalog_sales", 
  "filename": "plans/query38.json", 
  "Schema": "pg_temp_2", 
  "Parallel Aware": false, 
  "Parent Relationship": "Outer", 
  "Output": [
   "catalog_sales.cs_sold_date_sk", 
   "catalog_sales.cs_sold_time_sk", 
   "catalog_sales.cs_ship_date_sk", 
   "catalog_sales.cs_bill_customer_sk", 
   "catalog_sales.cs_bill_cdemo_sk", 
   "catalog_sales.cs_bill_hdemo_sk", 
   "catalog_sales.cs_bill_addr_sk", 
   "catalog_sales.cs_ship_customer_sk", 
   "catalog_sales.cs_ship_cdemo_sk", 
   "catalog_sales.cs_ship_hdemo_sk", 
   "catalog_sales.cs_ship_addr_sk", 
   "catalog_sales.cs_call_center_sk", 
   "catalog_sales.cs_catalog_page_sk", 
   "catalog_sales.cs_ship_mode_sk", 
   "catalog_sales.cs_warehouse_sk", 
   "catalog_sales.cs_item_sk", 
   "catalog_sales.cs_promo_sk", 
   "catalog_sales.cs_order_number", 
   "catalog_sales.cs_quantity", 
   "catalog_sales.cs_wholesale_cost", 
   "catalog_sales.cs_list_price", 
   "catalog_sales.cs_sales_price", 
   "catalog_sales.cs_ext_discount_amt", 
   "catalog_sales.cs_ext_sales_price", 
   "catalog_sales.cs_ext_wholesale_cost", 
   "catalog_sales.cs_ext_list_price", 
   "catalog_sales.cs_ext_tax", 
   "catalog_sales.cs_coupon_amt", 
   "catalog_sales.cs_ext_ship_cost", 
   "catalog_sales.cs_net_paid", 
   "catalog_sales.cs_net_paid_inc_tax", 
   "catalog_sales.cs_net_paid_inc_ship", 
   "catalog_sales.cs_net_paid_inc_ship_tax", 
   "catalog_sales.cs_net_profit"
  ], 
  "Plan Width": 8, 
  "Total Cost": 12.6
 }, 
 {
  "Startup Cost": 14.05, 
  "plan_id": 795, 
  "Plans": [
   796
  ], 
  "Plan Rows": 1, 
  "Node Type": "Hash", 
  "filename": "plans/query38.json", 
  "Parallel Aware": false, 
  "Parent Relationship": "Inner", 
  "Output": [
   "date_dim_1.d_date", 
   "date_dim_1.d_date_sk"
  ], 
  "Plan Width": 8, 
  "Total Cost": 14.05
 }, 
 {
  "Startup Cost": 14.06, 
  "Plan Width": 8, 
  "plan_id": 793, 
  "Plans": [
   794, 
   795
  ], 
  "Plan Rows": 1, 
  "Node Type": "Hash Join", 
  "Join Type": "Inner", 
  "filename": "plans/query38.json", 
  "Parallel Aware": false, 
  "Output": [
   "catalog_sales.cs_bill_customer_sk", 
   "date_dim_1.d_date"
  ], 
  "Hash Cond": "(catalog_sales.cs_sold_date_sk = date_dim_1.d_date_sk)", 
  "Parent Relationship": "Outer", 
  "Total Cost": 27.65
 }, 
 {
  "Startup Cost": 0.14, 
  "filename": "plans/query38.json", 
  "plan_id": 797, 
  "Scan Direction": "Forward", 
  "Index Cond": "(customer_1.c_customer_sk = catalog_sales.cs_bill_customer_sk)", 
  "Node Type": "Index Scan", 
  "Relation Name": "customer", 
  "Alias": "customer_1", 
  "Plan Rows": 1, 
  "Schema": "pg_temp_2", 
  "Parallel Aware": false, 
  "Parent Relationship": "Inner", 
  "Output": [
   "customer_1.c_customer_sk", 
   "customer_1.c_customer_id", 
   "customer_1.c_current_cdemo_sk", 
   "customer_1.c_current_hdemo_sk", 
   "customer_1.c_current_addr_sk", 
   "customer_1.c_first_shipto_date_sk", 
   "customer_1.c_first_sales_date_sk", 
   "customer_1.c_salutation", 
   "customer_1.c_first_name", 
   "customer_1.c_last_name", 
   "customer_1.c_preferred_cust_flag", 
   "customer_1.c_birth_day", 
   "customer_1.c_birth_month", 
   "customer_1.c_birth_year", 
   "customer_1.c_birth_country", 
   "customer_1.c_login", 
   "customer_1.c_email_address", 
   "customer_1.c_last_review_date"
  ], 
  "Index Name": "customer_pkey", 
  "Plan Width": 212, 
  "Total Cost": 0.33
 }, 
 {
  "Startup Cost": 14.21, 
  "plan_id": 792, 
  "Plans": [
   793, 
   797
  ], 
  "Plan Rows": 1, 
  "Node Type": "Nested Loop", 
  "Join Type": "Inner", 
  "filename": "plans/query38.json", 
  "Parallel Aware": false, 
  "Parent Relationship": "Outer", 
  "Output": [
   "customer_1.c_last_name", 
   "customer_1.c_first_name", 
   "date_dim_1.d_date"
  ], 
  "Plan Width": 212, 
  "Total Cost": 27.99
 }, 
 {
  "Startup Cost": 28.0, 
  "plan_id": 791, 
  "Plans": [
   792
  ], 
  "Sort Key": [
   "customer_1.c_last_name", 
   "customer_1.c_first_name", 
   "date_dim_1.d_date"
  ], 
  "Plan Rows": 1, 
  "Node Type": "Sort", 
  "filename": "plans/query38.json", 
  "Parallel Aware": false, 
  "Parent Relationship": "Outer", 
  "Output": [
   "customer_1.c_last_name", 
   "customer_1.c_first_name", 
   "date_dim_1.d_date"
  ], 
  "Plan Width": 212, 
  "Total Cost": 28.0
 }, 
 {
  "Startup Cost": 28.0, 
  "plan_id": 790, 
  "Plans": [
   791
  ], 
  "Plan Rows": 1, 
  "Node Type": "Unique", 
  "filename": "plans/query38.json", 
  "Parallel Aware": false, 
  "Parent Relationship": "Subquery", 
  "Output": [
   "customer_1.c_last_name", 
   "customer_1.c_first_name", 
   "date_dim_1.d_date"
  ], 
  "Plan Width": 212, 
  "Total Cost": 28.01
 }, 
 {
  "Startup Cost": 29.06, 
  "plan_id": 780, 
  "Plans": [
   781
  ], 
  "Plan Rows": 1, 
  "Node Type": "Subquery Scan", 
  "Alias": "*SELECT* 1", 
  "filename": "plans/query38.json", 
  "Parallel Aware": false, 
  "Parent Relationship": "Member", 
  "Output": [
   "\"*SELECT* 1\".c_last_name", 
   "\"*SELECT* 1\".c_first_name", 
   "\"*SELECT* 1\".d_date", 
   "0"
  ], 
  "Plan Width": 216, 
  "Total Cost": 29.08
 }, 
 {
  "Startup Cost": 28.0, 
  "plan_id": 789, 
  "Plans": [
   790
  ], 
  "Plan Rows": 1, 
  "Node Type": "Subquery Scan", 
  "Alias": "*SELECT* 2", 
  "filename": "plans/query38.json", 
  "Parallel Aware": false, 
  "Parent Relationship": "Member", 
  "Output": [
   "\"*SELECT* 2\".c_last_name", 
   "\"*SELECT* 2\".c_first_name", 
   "\"*SELECT* 2\".d_date", 
   "1"
  ], 
  "Plan Width": 216, 
  "Total Cost": 28.02
 }, 
 {
  "Startup Cost": 29.06, 
  "plan_id": 779, 
  "Plans": [
   780, 
   789
  ], 
  "Plan Rows": 2, 
  "Node Type": "Append", 
  "filename": "plans/query38.json", 
  "Parallel Aware": false, 
  "Parent Relationship": "Outer", 
  "Plan Width": 216, 
  "Total Cost": 57.1
 }, 
 {
  "Node Type": "SetOp", 
  "Startup Cost": 29.06, 
  "plan_id": 778, 
  "Plans": [
   779
  ], 
  "Plan Rows": 1, 
  "Strategy": "Hashed", 
  "filename": "plans/query38.json", 
  "Command": "Intersect", 
  "Parallel Aware": false, 
  "Parent Relationship": "Outer", 
  "Output": [
   "\"*SELECT* 1\".c_last_name", 
   "\"*SELECT* 1\".c_first_name", 
   "\"*SELECT* 1\".d_date", 
   "(0)"
  ], 
  "Plan Width": 216, 
  "Total Cost": 57.11
 }, 
 {
  "Relation Name": "date_dim", 
  "Startup Cost": 0.0, 
  "plan_id": 805, 
  "Node Type": "Seq Scan", 
  "Plan Rows": 1, 
  "Filter": "((date_dim_2.d_month_seq >= 1176) AND (date_dim_2.d_month_seq <= 1187))", 
  "Alias": "date_dim_2", 
  "filename": "plans/query38.json", 
  "Schema": "pg_temp_2", 
  "Parallel Aware": false, 
  "Parent Relationship": "Outer", 
  "Output": [
   "date_dim_2.d_date", 
   "date_dim_2.d_date_sk"
  ], 
  "Plan Width": 8, 
  "Total Cost": 14.05
 }, 
 {
  "Startup Cost": 0.0, 
  "plan_id": 803, 
  "Node Type": "Seq Scan", 
  "Plan Rows": 260, 
  "Relation Name": "web_sales", 
  "Alias": "web_sales", 
  "filename": "plans/query38.json", 
  "Schema": "pg_temp_2", 
  "Parallel Aware": false, 
  "Parent Relationship": "Outer", 
  "Output": [
   "web_sales.ws_sold_date_sk", 
   "web_sales.ws_sold_time_sk", 
   "web_sales.ws_ship_date_sk", 
   "web_sales.ws_item_sk", 
   "web_sales.ws_bill_customer_sk", 
   "web_sales.ws_bill_cdemo_sk", 
   "web_sales.ws_bill_hdemo_sk", 
   "web_sales.ws_bill_addr_sk", 
   "web_sales.ws_ship_customer_sk", 
   "web_sales.ws_ship_cdemo_sk", 
   "web_sales.ws_ship_hdemo_sk", 
   "web_sales.ws_ship_addr_sk", 
   "web_sales.ws_web_page_sk", 
   "web_sales.ws_web_site_sk", 
   "web_sales.ws_ship_mode_sk", 
   "web_sales.ws_warehouse_sk", 
   "web_sales.ws_promo_sk", 
   "web_sales.ws_order_number", 
   "web_sales.ws_quantity", 
   "web_sales.ws_wholesale_cost", 
   "web_sales.ws_list_price", 
   "web_sales.ws_sales_price", 
   "web_sales.ws_ext_discount_amt", 
   "web_sales.ws_ext_sales_price", 
   "web_sales.ws_ext_wholesale_cost", 
   "web_sales.ws_ext_list_price", 
   "web_sales.ws_ext_tax", 
   "web_sales.ws_coupon_amt", 
   "web_sales.ws_ext_ship_cost", 
   "web_sales.ws_net_paid", 
   "web_sales.ws_net_paid_inc_tax", 
   "web_sales.ws_net_paid_inc_ship", 
   "web_sales.ws_net_paid_inc_ship_tax", 
   "web_sales.ws_net_profit"
  ], 
  "Plan Width": 8, 
  "Total Cost": 12.6
 }, 
 {
  "Startup Cost": 14.05, 
  "plan_id": 804, 
  "Plans": [
   805
  ], 
  "Plan Rows": 1, 
  "Node Type": "Hash", 
  "filename": "plans/query38.json", 
  "Parallel Aware": false, 
  "Parent Relationship": "Inner", 
  "Output": [
   "date_dim_2.d_date", 
   "date_dim_2.d_date_sk"
  ], 
  "Plan Width": 8, 
  "Total Cost": 14.05
 }, 
 {
  "Startup Cost": 14.06, 
  "Plan Width": 8, 
  "plan_id": 802, 
  "Plans": [
   803, 
   804
  ], 
  "Plan Rows": 1, 
  "Node Type": "Hash Join", 
  "Join Type": "Inner", 
  "filename": "plans/query38.json", 
  "Parallel Aware": false, 
  "Output": [
   "web_sales.ws_bill_customer_sk", 
   "date_dim_2.d_date"
  ], 
  "Hash Cond": "(web_sales.ws_sold_date_sk = date_dim_2.d_date_sk)", 
  "Parent Relationship": "Outer", 
  "Total Cost": 27.65
 }, 
 {
  "Startup Cost": 0.14, 
  "filename": "plans/query38.json", 
  "plan_id": 806, 
  "Scan Direction": "Forward", 
  "Index Cond": "(customer_2.c_customer_sk = web_sales.ws_bill_customer_sk)", 
  "Node Type": "Index Scan", 
  "Relation Name": "customer", 
  "Alias": "customer_2", 
  "Plan Rows": 1, 
  "Schema": "pg_temp_2", 
  "Parallel Aware": false, 
  "Parent Relationship": "Inner", 
  "Output": [
   "customer_2.c_customer_sk", 
   "customer_2.c_customer_id", 
   "customer_2.c_current_cdemo_sk", 
   "customer_2.c_current_hdemo_sk", 
   "customer_2.c_current_addr_sk", 
   "customer_2.c_first_shipto_date_sk", 
   "customer_2.c_first_sales_date_sk", 
   "customer_2.c_salutation", 
   "customer_2.c_first_name", 
   "customer_2.c_last_name", 
   "customer_2.c_preferred_cust_flag", 
   "customer_2.c_birth_day", 
   "customer_2.c_birth_month", 
   "customer_2.c_birth_year", 
   "customer_2.c_birth_country", 
   "customer_2.c_login", 
   "customer_2.c_email_address", 
   "customer_2.c_last_review_date"
  ], 
  "Index Name": "customer_pkey", 
  "Plan Width": 212, 
  "Total Cost": 0.33
 }, 
 {
  "Startup Cost": 14.21, 
  "plan_id": 801, 
  "Plans": [
   802, 
   806
  ], 
  "Plan Rows": 1, 
  "Node Type": "Nested Loop", 
  "Join Type": "Inner", 
  "filename": "plans/query38.json", 
  "Parallel Aware": false, 
  "Parent Relationship": "Outer", 
  "Output": [
   "customer_2.c_last_name", 
   "customer_2.c_first_name", 
   "date_dim_2.d_date"
  ], 
  "Plan Width": 212, 
  "Total Cost": 27.99
 }, 
 {
  "Startup Cost": 28.0, 
  "plan_id": 800, 
  "Plans": [
   801
  ], 
  "Sort Key": [
   "customer_2.c_last_name", 
   "customer_2.c_first_name", 
   "date_dim_2.d_date"
  ], 
  "Plan Rows": 1, 
  "Node Type": "Sort", 
  "filename": "plans/query38.json", 
  "Parallel Aware": false, 
  "Parent Relationship": "Outer", 
  "Output": [
   "customer_2.c_last_name", 
   "customer_2.c_first_name", 
   "date_dim_2.d_date"
  ], 
  "Plan Width": 212, 
  "Total Cost": 28.0
 }, 
 {
  "Startup Cost": 28.0, 
  "plan_id": 799, 
  "Plans": [
   800
  ], 
  "Plan Rows": 1, 
  "Node Type": "Unique", 
  "filename": "plans/query38.json", 
  "Parallel Aware": false, 
  "Parent Relationship": "Subquery", 
  "Output": [
   "customer_2.c_last_name", 
   "customer_2.c_first_name", 
   "date_dim_2.d_date"
  ], 
  "Plan Width": 212, 
  "Total Cost": 28.01
 }, 
 {
  "Startup Cost": 29.06, 
  "plan_id": 777, 
  "Plans": [
   778
  ], 
  "Plan Rows": 1, 
  "Node Type": "Result", 
  "filename": "plans/query38.json", 
  "Parallel Aware": false, 
  "Parent Relationship": "Member", 
  "Output": [
   "\"*SELECT* 1\".c_last_name", 
   "\"*SELECT* 1\".c_first_name", 
   "\"*SELECT* 1\".d_date", 
   "0"
  ], 
  "Plan Width": 216, 
  "Total Cost": 57.12
 }, 
 {
  "Startup Cost": 28.0, 
  "plan_id": 798, 
  "Plans": [
   799
  ], 
  "Plan Rows": 1, 
  "Node Type": "Subquery Scan", 
  "Alias": "*SELECT* 3", 
  "filename": "plans/query38.json", 
  "Parallel Aware": false, 
  "Parent Relationship": "Member", 
  "Output": [
   "\"*SELECT* 3\".c_last_name", 
   "\"*SELECT* 3\".c_first_name", 
   "\"*SELECT* 3\".d_date", 
   "1"
  ], 
  "Plan Width": 216, 
  "Total Cost": 28.02
 }, 
 {
  "Startup Cost": 29.06, 
  "plan_id": 776, 
  "Plans": [
   777, 
   798
  ], 
  "Plan Rows": 2, 
  "Node Type": "Append", 
  "filename": "plans/query38.json", 
  "Parallel Aware": false, 
  "Parent Relationship": "Outer", 
  "Plan Width": 216, 
  "Total Cost": 85.14
 }, 
 {
  "Node Type": "SetOp", 
  "Startup Cost": 29.06, 
  "plan_id": 775, 
  "Plans": [
   776
  ], 
  "Plan Rows": 1, 
  "Strategy": "Hashed", 
  "filename": "plans/query38.json", 
  "Command": "Intersect", 
  "Parallel Aware": false, 
  "Parent Relationship": "Subquery", 
  "Output": [
   "\"*SELECT* 1\".c_last_name", 
   "\"*SELECT* 1\".c_first_name", 
   "\"*SELECT* 1\".d_date", 
   "(0)"
  ], 
  "Plan Width": 216, 
  "Total Cost": 85.16
 }, 
 {
  "Startup Cost": 29.06, 
  "plan_id": 774, 
  "Plans": [
   775
  ], 
  "Plan Rows": 1, 
  "Node Type": "Subquery Scan", 
  "Alias": "hot_cust", 
  "filename": "plans/query38.json", 
  "Parallel Aware": false, 
  "Parent Relationship": "Outer", 
  "Output": [
   "hot_cust.c_last_name", 
   "hot_cust.c_first_name", 
   "hot_cust.d_date"
  ], 
  "Plan Width": 0, 
  "Total Cost": 85.17
 }, 
 {
  "Partial Mode": "Simple", 
  "Startup Cost": 85.17, 
  "plan_id": 773, 
  "Plans": [
   774
  ], 
  "Plan Rows": 1, 
  "Strategy": "Plain", 
  "filename": "plans/query38.json", 
  "Parallel Aware": false, 
  "Parent Relationship": "Outer", 
  "Output": [
   "count(*)"
  ], 
  "Plan Width": 8, 
  "Node Type": "Aggregate", 
  "Total Cost": 85.18
 }, 
 {
  "Startup Cost": 85.17, 
  "plan_id": 772, 
  "Plans": [
   773
  ], 
  "Plan Rows": 1, 
  "Node Type": "Limit", 
  "filename": "plans/query38.json", 
  "Parallel Aware": false, 
  "Output": [
   "(count(*))"
  ], 
  "Plan Width": 8, 
  "Total Cost": 85.18
 }, 
 {
  "Startup Cost": 0.0, 
  "plan_id": 816, 
  "Node Type": "Bitmap Index Scan", 
  "Index Cond": "(inventory.inv_date_sk = date_dim.d_date_sk)", 
  "Plan Rows": 9, 
  "filename": "plans/query39.json", 
  "Parallel Aware": false, 
  "Parent Relationship": "Outer", 
  "Index Name": "inventory_pkey", 
  "Plan Width": 0, 
  "Total Cost": 4.22
 }, 
 {
  "Relation Name": "date_dim", 
  "Startup Cost": 0.0, 
  "plan_id": 814, 
  "Node Type": "Seq Scan", 
  "Plan Rows": 1, 
  "Filter": "(date_dim.d_year = 1998)", 
  "Alias": "date_dim", 
  "filename": "plans/query39.json", 
  "Schema": "pg_temp_2", 
  "Parallel Aware": false, 
  "Parent Relationship": "Outer", 
  "Output": [
   "date_dim.d_date_sk", 
   "date_dim.d_date_id", 
   "date_dim.d_date", 
   "date_dim.d_month_seq", 
   "date_dim.d_week_seq", 
   "date_dim.d_quarter_seq", 
   "date_dim.d_year", 
   "date_dim.d_dow", 
   "date_dim.d_moy", 
   "date_dim.d_dom", 
   "date_dim.d_qoy", 
   "date_dim.d_fy_year", 
   "date_dim.d_fy_quarter_seq", 
   "date_dim.d_fy_week_seq", 
   "date_dim.d_day_name", 
   "date_dim.d_quarter_name", 
   "date_dim.d_holiday", 
   "date_dim.d_weekend", 
   "date_dim.d_following_holiday", 
   "date_dim.d_first_dom", 
   "date_dim.d_last_dom", 
   "date_dim.d_same_day_ly", 
   "date_dim.d_same_day_lq", 
   "date_dim.d_current_day", 
   "date_dim.d_current_week", 
   "date_dim.d_current_month", 
   "date_dim.d_current_quarter", 
   "date_dim.d_current_year"
  ], 
  "Plan Width": 8, 
  "Total Cost": 13.38
 }, 
 {
  "Startup Cost": 4.22, 
  "plan_id": 815, 
  "Plans": [
   816
  ], 
  "Parent Relationship": "Inner", 
  "Node Type": "Bitmap Heap Scan", 
  "Plan Rows": 9, 
  "Relation Name": "inventory", 
  "Alias": "inventory", 
  "filename": "plans/query39.json", 
  "Schema": "pg_temp_2", 
  "Parallel Aware": false, 
  "Recheck Cond": "(inventory.inv_date_sk = date_dim.d_date_sk)", 
  "Output": [
   "inventory.inv_date_sk", 
   "inventory.inv_item_sk", 
   "inventory.inv_warehouse_sk", 
   "inventory.inv_quantity_on_hand"
  ], 
  "Plan Width": 16, 
  "Total Cost": 14.76
 }, 
 {
  "Startup Cost": 4.22, 
  "plan_id": 813, 
  "Plans": [
   814, 
   815
  ], 
  "Plan Rows": 7, 
  "Node Type": "Nested Loop", 
  "Join Type": "Inner", 
  "filename": "plans/query39.json", 
  "Parallel Aware": false, 
  "Parent Relationship": "Outer", 
  "Output": [
   "inventory.inv_quantity_on_hand", 
   "inventory.inv_item_sk", 
   "inventory.inv_warehouse_sk", 
   "date_dim.d_moy"
  ], 
  "Plan Width": 16, 
  "Total Cost": 28.23
 }, 
 {
  "Startup Cost": 0.14, 
  "filename": "plans/query39.json", 
  "plan_id": 817, 
  "Scan Direction": "Forward", 
  "Index Cond": "(item.i_item_sk = inventory.inv_item_sk)", 
  "Node Type": "Index Only Scan", 
  "Relation Name": "item", 
  "Alias": "item", 
  "Plan Rows": 1, 
  "Schema": "pg_temp_2", 
  "Parallel Aware": false, 
  "Parent Relationship": "Inner", 
  "Output": [
   "item.i_item_sk"
  ], 
  "Index Name": "item_pkey", 
  "Plan Width": 4, 
  "Total Cost": 0.18
 }, 
 {
  "Startup Cost": 4.36, 
  "plan_id": 812, 
  "Plans": [
   813, 
   817
  ], 
  "Plan Rows": 1, 
  "Node Type": "Nested Loop", 
  "Join Type": "Inner", 
  "filename": "plans/query39.json", 
  "Parallel Aware": false, 
  "Parent Relationship": "Outer", 
  "Output": [
   "inventory.inv_quantity_on_hand", 
   "inventory.inv_warehouse_sk", 
   "item.i_item_sk", 
   "date_dim.d_moy"
  ], 
  "Plan Width": 16, 
  "Total Cost": 29.57
 }, 
 {
  "Startup Cost": 0.14, 
  "filename": "plans/query39.json", 
  "plan_id": 818, 
  "Scan Direction": "Forward", 
  "Index Cond": "(warehouse.w_warehouse_sk = inventory.inv_warehouse_sk)", 
  "Node Type": "Index Scan", 
  "Relation Name": "warehouse", 
  "Alias": "warehouse", 
  "Plan Rows": 1, 
  "Schema": "pg_temp_2", 
  "Parallel Aware": false, 
  "Parent Relationship": "Inner", 
  "Output": [
   "warehouse.w_warehouse_sk", 
   "warehouse.w_warehouse_id", 
   "warehouse.w_warehouse_name", 
   "warehouse.w_warehouse_sq_ft", 
   "warehouse.w_street_number", 
   "warehouse.w_street_name", 
   "warehouse.w_street_type", 
   "warehouse.w_suite_number", 
   "warehouse.w_city", 
   "warehouse.w_county", 
   "warehouse.w_state", 
   "warehouse.w_zip", 
   "warehouse.w_country", 
   "warehouse.w_gmt_offset"
  ], 
  "Index Name": "warehouse_pkey", 
  "Plan Width": 62, 
  "Total Cost": 0.18
 }, 
 {
  "Startup Cost": 4.5, 
  "plan_id": 811, 
  "Plans": [
   812, 
   818
  ], 
  "Plan Rows": 1, 
  "Node Type": "Nested Loop", 
  "Join Type": "Inner", 
  "filename": "plans/query39.json", 
  "Parallel Aware": false, 
  "Parent Relationship": "Outer", 
  "Output": [
   "warehouse.w_warehouse_sk", 
   "item.i_item_sk", 
   "date_dim.d_moy", 
   "warehouse.w_warehouse_name", 
   "inventory.inv_quantity_on_hand"
  ], 
  "Plan Width": 74, 
  "Total Cost": 29.76
 }, 
 {
  "Startup Cost": 29.77, 
  "plan_id": 810, 
  "Plans": [
   811
  ], 
  "Sort Key": [
   "warehouse.w_warehouse_sk", 
   "item.i_item_sk", 
   "date_dim.d_moy"
  ], 
  "Plan Rows": 1, 
  "Node Type": "Sort", 
  "filename": "plans/query39.json", 
  "Parallel Aware": false, 
  "Parent Relationship": "Outer", 
  "Output": [
   "warehouse.w_warehouse_sk", 
   "item.i_item_sk", 
   "date_dim.d_moy", 
   "warehouse.w_warehouse_name", 
   "inventory.inv_quantity_on_hand"
  ], 
  "Plan Width": 74, 
  "Total Cost": 29.78
 }, 
 {
  "Partial Mode": "Simple", 
  "Startup Cost": 29.77, 
  "Plan Width": 134, 
  "plan_id": 809, 
  "Plans": [
   810
  ], 
  "filename": "plans/query39.json", 
  "Node Type": "Aggregate", 
  "Strategy": "Sorted", 
  "Filter": "(CASE avg(inventory.inv_quantity_on_hand) WHEN '0'::numeric THEN '0'::numeric ELSE (stddev_samp(inventory.inv_quantity_on_hand) / avg(inventory.inv_quantity_on_hand)) END > '1'::numeric)", 
  "Plan Rows": 1, 
  "Parallel Aware": false, 
  "Output": [
   "warehouse.w_warehouse_name", 
   "warehouse.w_warehouse_sk", 
   "item.i_item_sk", 
   "date_dim.d_moy", 
   "stddev_samp(inventory.inv_quantity_on_hand)", 
   "avg(inventory.inv_quantity_on_hand)"
  ], 
  "Group Key": [
   "warehouse.w_warehouse_sk", 
   "item.i_item_sk", 
   "date_dim.d_moy"
  ], 
  "Parent Relationship": "Subquery", 
  "Total Cost": 29.82
 }, 
 {
  "Startup Cost": 0.0, 
  "plan_id": 820, 
  "CTE Name": "inv", 
  "Node Type": "CTE Scan", 
  "Plan Rows": 1, 
  "Filter": "(inv1.d_moy = 1)", 
  "Alias": "inv1", 
  "filename": "plans/query39.json", 
  "Parallel Aware": false, 
  "Parent Relationship": "Outer", 
  "Output": [
   "inv1.w_warehouse_name", 
   "inv1.w_warehouse_sk", 
   "inv1.i_item_sk", 
   "inv1.d_moy", 
   "inv1.stdev", 
   "inv1.mean", 
   "inv1.cov"
  ], 
  "Plan Width": 76, 
  "Total Cost": 0.02
 }, 
 {
  "Startup Cost": 0.0, 
  "plan_id": 821, 
  "CTE Name": "inv", 
  "Node Type": "CTE Scan", 
  "Plan Rows": 1, 
  "Filter": "(inv2.d_moy = 2)", 
  "Alias": "inv2", 
  "filename": "plans/query39.json", 
  "Parallel Aware": false, 
  "Parent Relationship": "Inner", 
  "Output": [
   "inv2.w_warehouse_name", 
   "inv2.w_warehouse_sk", 
   "inv2.i_item_sk", 
   "inv2.d_moy", 
   "inv2.stdev", 
   "inv2.mean", 
   "inv2.cov"
  ], 
  "Plan Width": 76, 
  "Total Cost": 0.02
 }, 
 {
  "Startup Cost": 29.77, 
  "plan_id": 808, 
  "Plans": [
   809
  ], 
  "Plan Rows": 1, 
  "Node Type": "Subquery Scan", 
  "Alias": "foo", 
  "filename": "plans/query39.json", 
  "Parallel Aware": false, 
  "Parent Relationship": "InitPlan", 
  "Output": [
   "foo.w_warehouse_name", 
   "foo.w_warehouse_sk", 
   "foo.i_item_sk", 
   "foo.d_moy", 
   "foo.stdev", 
   "foo.mean", 
   "CASE foo.mean WHEN '0'::numeric THEN NULL::numeric ELSE (foo.stdev / foo.mean) END"
  ], 
  "Plan Width": 166, 
  "Subplan Name": "CTE inv", 
  "Total Cost": 29.84
 }, 
 {
  "Startup Cost": 0.0, 
  "plan_id": 819, 
  "Plans": [
   820, 
   821
  ], 
  "Plan Rows": 1, 
  "Node Type": "Nested Loop", 
  "Join Type": "Inner", 
  "filename": "plans/query39.json", 
  "Parallel Aware": false, 
  "Parent Relationship": "Outer", 
  "Output": [
   "inv1.w_warehouse_sk", 
   "inv1.i_item_sk", 
   "inv1.d_moy", 
   "inv1.mean", 
   "inv1.cov", 
   "inv2.w_warehouse_sk", 
   "inv2.i_item_sk", 
   "inv2.d_moy", 
   "inv2.mean", 
   "inv2.cov"
  ], 
  "Plan Width": 152, 
  "Join Filter": "((inv1.i_item_sk = inv2.i_item_sk) AND (inv1.w_warehouse_sk = inv2.w_warehouse_sk))", 
  "Total Cost": 0.06
 }, 
 {
  "Startup Cost": 29.91, 
  "plan_id": 807, 
  "Plans": [
   808, 
   819
  ], 
  "Sort Key": [
   "inv1.w_warehouse_sk", 
   "inv1.i_item_sk", 
   "inv1.mean", 
   "inv1.cov", 
   "inv2.mean", 
   "inv2.cov"
  ], 
  "Plan Rows": 1, 
  "Node Type": "Sort", 
  "filename": "plans/query39.json", 
  "Parallel Aware": false, 
  "Output": [
   "inv1.w_warehouse_sk", 
   "inv1.i_item_sk", 
   "inv1.d_moy", 
   "inv1.mean", 
   "inv1.cov", 
   "inv2.w_warehouse_sk", 
   "inv2.i_item_sk", 
   "inv2.d_moy", 
   "inv2.mean", 
   "inv2.cov"
  ], 
  "Plan Width": 152, 
  "Total Cost": 29.91
 }, 
 {
  "Startup Cost": 0.0, 
  "plan_id": 829, 
  "Node Type": "Seq Scan", 
  "Plan Rows": 100, 
  "Relation Name": "customer", 
  "Alias": "customer", 
  "filename": "plans/query4.json", 
  "Schema": "pg_temp_2", 
  "Parallel Aware": false, 
  "Parent Relationship": "Outer", 
  "Output": [
   "customer.c_customer_id", 
   "customer.c_first_name", 
   "customer.c_last_name", 
   "customer.c_preferred_cust_flag", 
   "customer.c_birth_country", 
   "customer.c_login", 
   "customer.c_email_address", 
   "customer.c_customer_sk"
  ], 
  "Plan Width": 606, 
  "Total Cost": 11.0
 }, 
 {
  "Startup Cost": 0.0, 
  "plan_id": 827, 
  "Node Type": "Seq Scan", 
  "Plan Rows": 340, 
  "Relation Name": "store_sales", 
  "Alias": "store_sales", 
  "filename": "plans/query4.json", 
  "Schema": "pg_temp_2", 
  "Parallel Aware": false, 
  "Parent Relationship": "Outer", 
  "Output": [
   "store_sales.ss_sold_date_sk", 
   "store_sales.ss_sold_time_sk", 
   "store_sales.ss_item_sk", 
   "store_sales.ss_customer_sk", 
   "store_sales.ss_cdemo_sk", 
   "store_sales.ss_hdemo_sk", 
   "store_sales.ss_addr_sk", 
   "store_sales.ss_store_sk", 
   "store_sales.ss_promo_sk", 
   "store_sales.ss_ticket_number", 
   "store_sales.ss_quantity", 
   "store_sales.ss_wholesale_cost", 
   "store_sales.ss_list_price", 
   "store_sales.ss_sales_price", 
   "store_sales.ss_ext_discount_amt", 
   "store_sales.ss_ext_sales_price", 
   "store_sales.ss_ext_wholesale_cost", 
   "store_sales.ss_ext_list_price", 
   "store_sales.ss_ext_tax", 
   "store_sales.ss_coupon_amt", 
   "store_sales.ss_net_paid", 
   "store_sales.ss_net_paid_inc_tax", 
   "store_sales.ss_net_profit"
  ], 
  "Plan Width": 64, 
  "Total Cost": 13.4
 }, 
 {
  "Startup Cost": 11.0, 
  "plan_id": 828, 
  "Plans": [
   829
  ], 
  "Plan Rows": 100, 
  "Node Type": "Hash", 
  "filename": "plans/query4.json", 
  "Parallel Aware": false, 
  "Parent Relationship": "Inner", 
  "Output": [
   "customer.c_customer_id", 
   "customer.c_first_name", 
   "customer.c_last_name", 
   "customer.c_preferred_cust_flag", 
   "customer.c_birth_country", 
   "customer.c_login", 
   "customer.c_email_address", 
   "customer.c_customer_sk"
  ], 
  "Plan Width": 606, 
  "Total Cost": 11.0
 }, 
 {
  "Startup Cost": 0.0, 
  "plan_id": 831, 
  "Node Type": "Seq Scan", 
  "Plan Rows": 270, 
  "Relation Name": "date_dim", 
  "Alias": "date_dim", 
  "filename": "plans/query4.json", 
  "Schema": "pg_temp_2", 
  "Parallel Aware": false, 
  "Parent Relationship": "Outer", 
  "Output": [
   "date_dim.d_year", 
   "date_dim.d_date_sk"
  ], 
  "Plan Width": 8, 
  "Total Cost": 12.7
 }, 
 {
  "Startup Cost": 12.25, 
  "Plan Width": 662, 
  "plan_id": 826, 
  "Plans": [
   827, 
   828
  ], 
  "Plan Rows": 170, 
  "Node Type": "Hash Join", 
  "Join Type": "Inner", 
  "filename": "plans/query4.json", 
  "Parallel Aware": false, 
  "Output": [
   "customer.c_customer_id", 
   "customer.c_first_name", 
   "customer.c_last_name", 
   "customer.c_preferred_cust_flag", 
   "customer.c_birth_country", 
   "customer.c_login", 
   "customer.c_email_address", 
   "store_sales.ss_ext_list_price", 
   "store_sales.ss_ext_wholesale_cost", 
   "store_sales.ss_ext_discount_amt", 
   "store_sales.ss_ext_sales_price", 
   "store_sales.ss_sold_date_sk"
  ], 
  "Hash Cond": "(store_sales.ss_customer_sk = customer.c_customer_sk)", 
  "Parent Relationship": "Outer", 
  "Total Cost": 28.62
 }, 
 {
  "Startup Cost": 12.7, 
  "plan_id": 830, 
  "Plans": [
   831
  ], 
  "Plan Rows": 270, 
  "Node Type": "Hash", 
  "filename": "plans/query4.json", 
  "Parallel Aware": false, 
  "Parent Relationship": "Inner", 
  "Output": [
   "date_dim.d_year", 
   "date_dim.d_date_sk"
  ], 
  "Plan Width": 8, 
  "Total Cost": 12.7
 }, 
 {
  "Startup Cost": 28.32, 
  "Plan Width": 662, 
  "plan_id": 825, 
  "Plans": [
   826, 
   830
  ], 
  "Plan Rows": 170, 
  "Node Type": "Hash Join", 
  "Join Type": "Inner", 
  "filename": "plans/query4.json", 
  "Parallel Aware": false, 
  "Output": [
   "customer.c_customer_id", 
   "customer.c_first_name", 
   "customer.c_last_name", 
   "customer.c_preferred_cust_flag", 
   "customer.c_birth_country", 
   "customer.c_login", 
   "customer.c_email_address", 
   "date_dim.d_year", 
   "store_sales.ss_ext_list_price", 
   "store_sales.ss_ext_wholesale_cost", 
   "store_sales.ss_ext_discount_amt", 
   "store_sales.ss_ext_sales_price"
  ], 
  "Hash Cond": "(store_sales.ss_sold_date_sk = date_dim.d_date_sk)", 
  "Parent Relationship": "Outer", 
  "Total Cost": 47.04
 }, 
 {
  "Startup Cost": 0.0, 
  "plan_id": 837, 
  "Node Type": "Seq Scan", 
  "Plan Rows": 100, 
  "Relation Name": "customer", 
  "Alias": "customer_1", 
  "filename": "plans/query4.json", 
  "Schema": "pg_temp_2", 
  "Parallel Aware": false, 
  "Parent Relationship": "Outer", 
  "Output": [
   "customer_1.c_customer_id", 
   "customer_1.c_first_name", 
   "customer_1.c_last_name", 
   "customer_1.c_preferred_cust_flag", 
   "customer_1.c_birth_country", 
   "customer_1.c_login", 
   "customer_1.c_email_address", 
   "customer_1.c_customer_sk"
  ], 
  "Plan Width": 606, 
  "Total Cost": 11.0
 }, 
 {
  "Startup Cost": 0.0, 
  "plan_id": 835, 
  "Node Type": "Seq Scan", 
  "Plan Rows": 260, 
  "Relation Name": "catalog_sales", 
  "Alias": "catalog_sales", 
  "filename": "plans/query4.json", 
  "Schema": "pg_temp_2", 
  "Parallel Aware": false, 
  "Parent Relationship": "Outer", 
  "Output": [
   "catalog_sales.cs_sold_date_sk", 
   "catalog_sales.cs_sold_time_sk", 
   "catalog_sales.cs_ship_date_sk", 
   "catalog_sales.cs_bill_customer_sk", 
   "catalog_sales.cs_bill_cdemo_sk", 
   "catalog_sales.cs_bill_hdemo_sk", 
   "catalog_sales.cs_bill_addr_sk", 
   "catalog_sales.cs_ship_customer_sk", 
   "catalog_sales.cs_ship_cdemo_sk", 
   "catalog_sales.cs_ship_hdemo_sk", 
   "catalog_sales.cs_ship_addr_sk", 
   "catalog_sales.cs_call_center_sk", 
   "catalog_sales.cs_catalog_page_sk", 
   "catalog_sales.cs_ship_mode_sk", 
   "catalog_sales.cs_warehouse_sk", 
   "catalog_sales.cs_item_sk", 
   "catalog_sales.cs_promo_sk", 
   "catalog_sales.cs_order_number", 
   "catalog_sales.cs_quantity", 
   "catalog_sales.cs_wholesale_cost", 
   "catalog_sales.cs_list_price", 
   "catalog_sales.cs_sales_price", 
   "catalog_sales.cs_ext_discount_amt", 
   "catalog_sales.cs_ext_sales_price", 
   "catalog_sales.cs_ext_wholesale_cost", 
   "catalog_sales.cs_ext_list_price", 
   "catalog_sales.cs_ext_tax", 
   "catalog_sales.cs_coupon_amt", 
   "catalog_sales.cs_ext_ship_cost", 
   "catalog_sales.cs_net_paid", 
   "catalog_sales.cs_net_paid_inc_tax", 
   "catalog_sales.cs_net_paid_inc_ship", 
   "catalog_sales.cs_net_paid_inc_ship_tax", 
   "catalog_sales.cs_net_profit"
  ], 
  "Plan Width": 64, 
  "Total Cost": 12.6
 }, 
 {
  "Startup Cost": 11.0, 
  "plan_id": 836, 
  "Plans": [
   837
  ], 
  "Plan Rows": 100, 
  "Node Type": "Hash", 
  "filename": "plans/query4.json", 
  "Parallel Aware": false, 
  "Parent Relationship": "Inner", 
  "Output": [
   "customer_1.c_customer_id", 
   "customer_1.c_first_name", 
   "customer_1.c_last_name", 
   "customer_1.c_preferred_cust_flag", 
   "customer_1.c_birth_country", 
   "customer_1.c_login", 
   "customer_1.c_email_address", 
   "customer_1.c_customer_sk"
  ], 
  "Plan Width": 606, 
  "Total Cost": 11.0
 }, 
 {
  "Startup Cost": 0.0, 
  "plan_id": 839, 
  "Node Type": "Seq Scan", 
  "Plan Rows": 270, 
  "Relation Name": "date_dim", 
  "Alias": "date_dim_1", 
  "filename": "plans/query4.json", 
  "Schema": "pg_temp_2", 
  "Parallel Aware": false, 
  "Parent Relationship": "Outer", 
  "Output": [
   "date_dim_1.d_year", 
   "date_dim_1.d_date_sk"
  ], 
  "Plan Width": 8, 
  "Total Cost": 12.7
 }, 
 {
  "Startup Cost": 12.25, 
  "Plan Width": 662, 
  "plan_id": 834, 
  "Plans": [
   835, 
   836
  ], 
  "Plan Rows": 130, 
  "Node Type": "Hash Join", 
  "Join Type": "Inner", 
  "filename": "plans/query4.json", 
  "Parallel Aware": false, 
  "Output": [
   "customer_1.c_customer_id", 
   "customer_1.c_first_name", 
   "customer_1.c_last_name", 
   "customer_1.c_preferred_cust_flag", 
   "customer_1.c_birth_country", 
   "customer_1.c_login", 
   "customer_1.c_email_address", 
   "catalog_sales.cs_ext_list_price", 
   "catalog_sales.cs_ext_wholesale_cost", 
   "catalog_sales.cs_ext_discount_amt", 
   "catalog_sales.cs_ext_sales_price", 
   "catalog_sales.cs_sold_date_sk"
  ], 
  "Hash Cond": "(catalog_sales.cs_bill_customer_sk = customer_1.c_customer_sk)", 
  "Parent Relationship": "Outer", 
  "Total Cost": 27.12
 }, 
 {
  "Startup Cost": 12.7, 
  "plan_id": 838, 
  "Plans": [
   839
  ], 
  "Plan Rows": 270, 
  "Node Type": "Hash", 
  "filename": "plans/query4.json", 
  "Parallel Aware": false, 
  "Parent Relationship": "Inner", 
  "Output": [
   "date_dim_1.d_year", 
   "date_dim_1.d_date_sk"
  ], 
  "Plan Width": 8, 
  "Total Cost": 12.7
 }, 
 {
  "Startup Cost": 28.32, 
  "Plan Width": 662, 
  "plan_id": 833, 
  "Plans": [
   834, 
   838
  ], 
  "Plan Rows": 130, 
  "Node Type": "Hash Join", 
  "Join Type": "Inner", 
  "filename": "plans/query4.json", 
  "Parallel Aware": false, 
  "Output": [
   "customer_1.c_customer_id", 
   "customer_1.c_first_name", 
   "customer_1.c_last_name", 
   "customer_1.c_preferred_cust_flag", 
   "customer_1.c_birth_country", 
   "customer_1.c_login", 
   "customer_1.c_email_address", 
   "date_dim_1.d_year", 
   "catalog_sales.cs_ext_list_price", 
   "catalog_sales.cs_ext_wholesale_cost", 
   "catalog_sales.cs_ext_discount_amt", 
   "catalog_sales.cs_ext_sales_price"
  ], 
  "Hash Cond": "(catalog_sales.cs_sold_date_sk = date_dim_1.d_date_sk)", 
  "Parent Relationship": "Outer", 
  "Total Cost": 44.99
 }, 
 {
  "Startup Cost": 0.0, 
  "plan_id": 845, 
  "Node Type": "Seq Scan", 
  "Plan Rows": 100, 
  "Relation Name": "customer", 
  "Alias": "customer_2", 
  "filename": "plans/query4.json", 
  "Schema": "pg_temp_2", 
  "Parallel Aware": false, 
  "Parent Relationship": "Outer", 
  "Output": [
   "customer_2.c_customer_id", 
   "customer_2.c_first_name", 
   "customer_2.c_last_name", 
   "customer_2.c_preferred_cust_flag", 
   "customer_2.c_birth_country", 
   "customer_2.c_login", 
   "customer_2.c_email_address", 
   "customer_2.c_customer_sk"
  ], 
  "Plan Width": 606, 
  "Total Cost": 11.0
 }, 
 {
  "Startup Cost": 0.0, 
  "plan_id": 843, 
  "Node Type": "Seq Scan", 
  "Plan Rows": 260, 
  "Relation Name": "web_sales", 
  "Alias": "web_sales", 
  "filename": "plans/query4.json", 
  "Schema": "pg_temp_2", 
  "Parallel Aware": false, 
  "Parent Relationship": "Outer", 
  "Output": [
   "web_sales.ws_sold_date_sk", 
   "web_sales.ws_sold_time_sk", 
   "web_sales.ws_ship_date_sk", 
   "web_sales.ws_item_sk", 
   "web_sales.ws_bill_customer_sk", 
   "web_sales.ws_bill_cdemo_sk", 
   "web_sales.ws_bill_hdemo_sk", 
   "web_sales.ws_bill_addr_sk", 
   "web_sales.ws_ship_customer_sk", 
   "web_sales.ws_ship_cdemo_sk", 
   "web_sales.ws_ship_hdemo_sk", 
   "web_sales.ws_ship_addr_sk", 
   "web_sales.ws_web_page_sk", 
   "web_sales.ws_web_site_sk", 
   "web_sales.ws_ship_mode_sk", 
   "web_sales.ws_warehouse_sk", 
   "web_sales.ws_promo_sk", 
   "web_sales.ws_order_number", 
   "web_sales.ws_quantity", 
   "web_sales.ws_wholesale_cost", 
   "web_sales.ws_list_price", 
   "web_sales.ws_sales_price", 
   "web_sales.ws_ext_discount_amt", 
   "web_sales.ws_ext_sales_price", 
   "web_sales.ws_ext_wholesale_cost", 
   "web_sales.ws_ext_list_price", 
   "web_sales.ws_ext_tax", 
   "web_sales.ws_coupon_amt", 
   "web_sales.ws_ext_ship_cost", 
   "web_sales.ws_net_paid", 
   "web_sales.ws_net_paid_inc_tax", 
   "web_sales.ws_net_paid_inc_ship", 
   "web_sales.ws_net_paid_inc_ship_tax", 
   "web_sales.ws_net_profit"
  ], 
  "Plan Width": 64, 
  "Total Cost": 12.6
 }, 
 {
  "Startup Cost": 11.0, 
  "plan_id": 844, 
  "Plans": [
   845
  ], 
  "Plan Rows": 100, 
  "Node Type": "Hash", 
  "filename": "plans/query4.json", 
  "Parallel Aware": false, 
  "Parent Relationship": "Inner", 
  "Output": [
   "customer_2.c_customer_id", 
   "customer_2.c_first_name", 
   "customer_2.c_last_name", 
   "customer_2.c_preferred_cust_flag", 
   "customer_2.c_birth_country", 
   "customer_2.c_login", 
   "customer_2.c_email_address", 
   "customer_2.c_customer_sk"
  ], 
  "Plan Width": 606, 
  "Total Cost": 11.0
 }, 
 {
  "Startup Cost": 0.0, 
  "plan_id": 847, 
  "Node Type": "Seq Scan", 
  "Plan Rows": 270, 
  "Relation Name": "date_dim", 
  "Alias": "date_dim_2", 
  "filename": "plans/query4.json", 
  "Schema": "pg_temp_2", 
  "Parallel Aware": false, 
  "Parent Relationship": "Outer", 
  "Output": [
   "date_dim_2.d_year", 
   "date_dim_2.d_date_sk"
  ], 
  "Plan Width": 8, 
  "Total Cost": 12.7
 }, 
 {
  "Startup Cost": 12.25, 
  "Plan Width": 662, 
  "plan_id": 842, 
  "Plans": [
   843, 
   844
  ], 
  "Plan Rows": 130, 
  "Node Type": "Hash Join", 
  "Join Type": "Inner", 
  "filename": "plans/query4.json", 
  "Parallel Aware": false, 
  "Output": [
   "customer_2.c_customer_id", 
   "customer_2.c_first_name", 
   "customer_2.c_last_name", 
   "customer_2.c_preferred_cust_flag", 
   "customer_2.c_birth_country", 
   "customer_2.c_login", 
   "customer_2.c_email_address", 
   "web_sales.ws_ext_list_price", 
   "web_sales.ws_ext_wholesale_cost", 
   "web_sales.ws_ext_discount_amt", 
   "web_sales.ws_ext_sales_price", 
   "web_sales.ws_sold_date_sk"
  ], 
  "Hash Cond": "(web_sales.ws_bill_customer_sk = customer_2.c_customer_sk)", 
  "Parent Relationship": "Outer", 
  "Total Cost": 27.12
 }, 
 {
  "Startup Cost": 12.7, 
  "plan_id": 846, 
  "Plans": [
   847
  ], 
  "Plan Rows": 270, 
  "Node Type": "Hash", 
  "filename": "plans/query4.json", 
  "Parallel Aware": false, 
  "Parent Relationship": "Inner", 
  "Output": [
   "date_dim_2.d_year", 
   "date_dim_2.d_date_sk"
  ], 
  "Plan Width": 8, 
  "Total Cost": 12.7
 }, 
 {
  "Startup Cost": 28.32, 
  "Plan Width": 662, 
  "plan_id": 841, 
  "Plans": [
   842, 
   846
  ], 
  "Plan Rows": 130, 
  "Node Type": "Hash Join", 
  "Join Type": "Inner", 
  "filename": "plans/query4.json", 
  "Parallel Aware": false, 
  "Output": [
   "customer_2.c_customer_id", 
   "customer_2.c_first_name", 
   "customer_2.c_last_name", 
   "customer_2.c_preferred_cust_flag", 
   "customer_2.c_birth_country", 
   "customer_2.c_login", 
   "customer_2.c_email_address", 
   "date_dim_2.d_year", 
   "web_sales.ws_ext_list_price", 
   "web_sales.ws_ext_wholesale_cost", 
   "web_sales.ws_ext_discount_amt", 
   "web_sales.ws_ext_sales_price"
  ], 
  "Hash Cond": "(web_sales.ws_sold_date_sk = date_dim_2.d_date_sk)", 
  "Parent Relationship": "Outer", 
  "Total Cost": 44.99
 }, 
 {
  "Partial Mode": "Simple", 
  "Startup Cost": 52.56, 
  "Plan Width": 670, 
  "plan_id": 824, 
  "Plans": [
   825
  ], 
  "filename": "plans/query4.json", 
  "Node Type": "Aggregate", 
  "Strategy": "Hashed", 
  "Plan Rows": 170, 
  "Parallel Aware": false, 
  "Output": [
   "customer.c_customer_id", 
   "customer.c_first_name", 
   "customer.c_last_name", 
   "customer.c_preferred_cust_flag", 
   "customer.c_birth_country", 
   "customer.c_login", 
   "customer.c_email_address", 
   "date_dim.d_year", 
   "sum(((((store_sales.ss_ext_list_price - store_sales.ss_ext_wholesale_cost) - store_sales.ss_ext_discount_amt) + store_sales.ss_ext_sales_price) / '2'::numeric))", 
   "'s'::text"
  ], 
  "Group Key": [
   "customer.c_customer_id", 
   "customer.c_first_name", 
   "customer.c_last_name", 
   "customer.c_preferred_cust_flag", 
   "customer.c_birth_country", 
   "customer.c_login", 
   "customer.c_email_address", 
   "date_dim.d_year"
  ], 
  "Parent Relationship": "Member", 
  "Total Cost": 54.69
 }, 
 {
  "Partial Mode": "Simple", 
  "Startup Cost": 49.21, 
  "Plan Width": 670, 
  "plan_id": 832, 
  "Plans": [
   833
  ], 
  "filename": "plans/query4.json", 
  "Node Type": "Aggregate", 
  "Strategy": "Hashed", 
  "Plan Rows": 130, 
  "Parallel Aware": false, 
  "Output": [
   "customer_1.c_customer_id", 
   "customer_1.c_first_name", 
   "customer_1.c_last_name", 
   "customer_1.c_preferred_cust_flag", 
   "customer_1.c_birth_country", 
   "customer_1.c_login", 
   "customer_1.c_email_address", 
   "date_dim_1.d_year", 
   "sum(((((catalog_sales.cs_ext_list_price - catalog_sales.cs_ext_wholesale_cost) - catalog_sales.cs_ext_discount_amt) + catalog_sales.cs_ext_sales_price) / '2'::numeric))", 
   "'c'::text"
  ], 
  "Group Key": [
   "customer_1.c_customer_id", 
   "customer_1.c_first_name", 
   "customer_1.c_last_name", 
   "customer_1.c_preferred_cust_flag", 
   "customer_1.c_birth_country", 
   "customer_1.c_login", 
   "customer_1.c_email_address", 
   "date_dim_1.d_year"
  ], 
  "Parent Relationship": "Member", 
  "Total Cost": 50.84
 }, 
 {
  "Partial Mode": "Simple", 
  "Startup Cost": 49.21, 
  "Plan Width": 670, 
  "plan_id": 840, 
  "Plans": [
   841
  ], 
  "filename": "plans/query4.json", 
  "Node Type": "Aggregate", 
  "Strategy": "Hashed", 
  "Plan Rows": 130, 
  "Parallel Aware": false, 
  "Output": [
   "customer_2.c_customer_id", 
   "customer_2.c_first_name", 
   "customer_2.c_last_name", 
   "customer_2.c_preferred_cust_flag", 
   "customer_2.c_birth_country", 
   "customer_2.c_login", 
   "customer_2.c_email_address", 
   "date_dim_2.d_year", 
   "sum(((((web_sales.ws_ext_list_price - web_sales.ws_ext_wholesale_cost) - web_sales.ws_ext_discount_amt) + web_sales.ws_ext_sales_price) / '2'::numeric))", 
   "'w'::text"
  ], 
  "Group Key": [
   "customer_2.c_customer_id", 
   "customer_2.c_first_name", 
   "customer_2.c_last_name", 
   "customer_2.c_preferred_cust_flag", 
   "customer_2.c_birth_country", 
   "customer_2.c_login", 
   "customer_2.c_email_address", 
   "date_dim_2.d_year"
  ], 
  "Parent Relationship": "Member", 
  "Total Cost": 50.84
 }, 
 {
  "Startup Cost": 0.0, 
  "plan_id": 854, 
  "CTE Name": "year_total", 
  "Node Type": "CTE Scan", 
  "Plan Rows": 1, 
  "Filter": "((t_s_firstyear.year_total > '0'::numeric) AND (t_s_firstyear.sale_type = 's'::text) AND (t_s_firstyear.dyear = 1998))", 
  "Alias": "t_s_firstyear", 
  "filename": "plans/query4.json", 
  "Parallel Aware": false, 
  "Parent Relationship": "Outer", 
  "Output": [
   "t_s_firstyear.customer_id", 
   "t_s_firstyear.customer_first_name", 
   "t_s_firstyear.customer_last_name", 
   "t_s_firstyear.customer_preferred_cust_flag", 
   "t_s_firstyear.customer_birth_country", 
   "t_s_firstyear.customer_login", 
   "t_s_firstyear.customer_email_address", 
   "t_s_firstyear.dyear", 
   "t_s_firstyear.year_total", 
   "t_s_firstyear.sale_type"
  ], 
  "Plan Width": 100, 
  "Total Cost": 11.83
 }, 
 {
  "Startup Cost": 0.0, 
  "plan_id": 855, 
  "CTE Name": "year_total", 
  "Node Type": "CTE Scan", 
  "Plan Rows": 1, 
  "Filter": "((t_s_secyear.sale_type = 's'::text) AND (t_s_secyear.dyear = 1999))", 
  "Alias": "t_s_secyear", 
  "filename": "plans/query4.json", 
  "Parallel Aware": false, 
  "Parent Relationship": "Inner", 
  "Output": [
   "t_s_secyear.customer_id", 
   "t_s_secyear.customer_first_name", 
   "t_s_secyear.customer_last_name", 
   "t_s_secyear.customer_preferred_cust_flag", 
   "t_s_secyear.customer_birth_country", 
   "t_s_secyear.customer_login", 
   "t_s_secyear.customer_email_address", 
   "t_s_secyear.dyear", 
   "t_s_secyear.year_total", 
   "t_s_secyear.sale_type"
  ], 
  "Plan Width": 512, 
  "Total Cost": 10.75
 }, 
 {
  "Startup Cost": 0.0, 
  "plan_id": 853, 
  "Plans": [
   854, 
   855
  ], 
  "Plan Rows": 1, 
  "Node Type": "Nested Loop", 
  "Join Type": "Inner", 
  "filename": "plans/query4.json", 
  "Parallel Aware": false, 
  "Parent Relationship": "Outer", 
  "Output": [
   "t_s_firstyear.customer_id", 
   "t_s_firstyear.year_total", 
   "t_s_secyear.customer_id", 
   "t_s_secyear.customer_first_name", 
   "t_s_secyear.customer_last_name", 
   "t_s_secyear.customer_email_address", 
   "t_s_secyear.year_total"
  ], 
  "Plan Width": 612, 
  "Join Filter": "(t_s_firstyear.customer_id = t_s_secyear.customer_id)", 
  "Total Cost": 22.59
 }, 
 {
  "Startup Cost": 0.0, 
  "plan_id": 856, 
  "CTE Name": "year_total", 
  "Node Type": "CTE Scan", 
  "Plan Rows": 1, 
  "Filter": "((t_c_firstyear.year_total > '0'::numeric) AND (t_c_firstyear.sale_type = 'c'::text) AND (t_c_firstyear.dyear = 1998))", 
  "Alias": "t_c_firstyear", 
  "filename": "plans/query4.json", 
  "Parallel Aware": false, 
  "Parent Relationship": "Inner", 
  "Output": [
   "t_c_firstyear.customer_id", 
   "t_c_firstyear.customer_first_name", 
   "t_c_firstyear.customer_last_name", 
   "t_c_firstyear.customer_preferred_cust_flag", 
   "t_c_firstyear.customer_birth_country", 
   "t_c_firstyear.customer_login", 
   "t_c_firstyear.customer_email_address", 
   "t_c_firstyear.dyear", 
   "t_c_firstyear.year_total", 
   "t_c_firstyear.sale_type"
  ], 
  "Plan Width": 100, 
  "Total Cost": 11.83
 }, 
 {
  "Startup Cost": 0.0, 
  "plan_id": 852, 
  "Plans": [
   853, 
   856
  ], 
  "Plan Rows": 1, 
  "Node Type": "Nested Loop", 
  "Join Type": "Inner", 
  "filename": "plans/query4.json", 
  "Parallel Aware": false, 
  "Parent Relationship": "Outer", 
  "Output": [
   "t_s_firstyear.customer_id", 
   "t_s_firstyear.year_total", 
   "t_s_secyear.customer_id", 
   "t_s_secyear.customer_first_name", 
   "t_s_secyear.customer_last_name", 
   "t_s_secyear.customer_email_address", 
   "t_s_secyear.year_total", 
   "t_c_firstyear.customer_id", 
   "t_c_firstyear.year_total"
  ], 
  "Plan Width": 712, 
  "Join Filter": "(t_s_secyear.customer_id = t_c_firstyear.customer_id)", 
  "Total Cost": 34.43
 }, 
 {
  "Startup Cost": 0.0, 
  "plan_id": 857, 
  "CTE Name": "year_total", 
  "Node Type": "CTE Scan", 
  "Plan Rows": 1, 
  "Filter": "((t_c_secyear.sale_type = 'c'::text) AND (t_c_secyear.dyear = 1999))", 
  "Alias": "t_c_secyear", 
  "filename": "plans/query4.json", 
  "Parallel Aware": false, 
  "Parent Relationship": "Inner", 
  "Output": [
   "t_c_secyear.customer_id", 
   "t_c_secyear.customer_first_name", 
   "t_c_secyear.customer_last_name", 
   "t_c_secyear.customer_preferred_cust_flag", 
   "t_c_secyear.customer_birth_country", 
   "t_c_secyear.customer_login", 
   "t_c_secyear.customer_email_address", 
   "t_c_secyear.dyear", 
   "t_c_secyear.year_total", 
   "t_c_secyear.sale_type"
  ], 
  "Plan Width": 100, 
  "Total Cost": 10.75
 }, 
 {
  "Startup Cost": 0.0, 
  "plan_id": 851, 
  "Plans": [
   852, 
   857
  ], 
  "Plan Rows": 1, 
  "Node Type": "Nested Loop", 
  "Join Type": "Inner", 
  "filename": "plans/query4.json", 
  "Parallel Aware": false, 
  "Parent Relationship": "Outer", 
  "Output": [
   "t_s_firstyear.customer_id", 
   "t_s_secyear.customer_id", 
   "t_s_secyear.customer_first_name", 
   "t_s_secyear.customer_last_name", 
   "t_s_secyear.customer_email_address", 
   "t_c_firstyear.customer_id", 
   "t_c_firstyear.year_total", 
   "t_c_secyear.customer_id", 
   "t_c_secyear.year_total"
  ], 
  "Plan Width": 748, 
  "Join Filter": "((t_s_secyear.customer_id = t_c_secyear.customer_id) AND (CASE WHEN (t_c_firstyear.year_total > '0'::numeric) THEN (t_c_secyear.year_total / t_c_firstyear.year_total) ELSE NULL::numeric END > CASE WHEN (t_s_firstyear.year_total > '0'::numeric) THEN (t_s_secyear.year_total / t_s_firstyear.year_total) ELSE NULL::numeric END))", 
  "Total Cost": 45.2
 }, 
 {
  "Startup Cost": 0.0, 
  "plan_id": 858, 
  "CTE Name": "year_total", 
  "Node Type": "CTE Scan", 
  "Plan Rows": 1, 
  "Filter": "((t_w_firstyear.year_total > '0'::numeric) AND (t_w_firstyear.sale_type = 'w'::text) AND (t_w_firstyear.dyear = 1998))", 
  "Alias": "t_w_firstyear", 
  "filename": "plans/query4.json", 
  "Parallel Aware": false, 
  "Parent Relationship": "Inner", 
  "Output": [
   "t_w_firstyear.customer_id", 
   "t_w_firstyear.customer_first_name", 
   "t_w_firstyear.customer_last_name", 
   "t_w_firstyear.customer_preferred_cust_flag", 
   "t_w_firstyear.customer_birth_country", 
   "t_w_firstyear.customer_login", 
   "t_w_firstyear.customer_email_address", 
   "t_w_firstyear.dyear", 
   "t_w_firstyear.year_total", 
   "t_w_firstyear.sale_type"
  ], 
  "Plan Width": 100, 
  "Total Cost": 11.83
 }, 
 {
  "Startup Cost": 0.0, 
  "plan_id": 850, 
  "Plans": [
   851, 
   858
  ], 
  "Plan Rows": 1, 
  "Node Type": "Nested Loop", 
  "Join Type": "Inner", 
  "filename": "plans/query4.json", 
  "Parallel Aware": false, 
  "Parent Relationship": "Outer", 
  "Output": [
   "t_s_firstyear.customer_id", 
   "t_s_secyear.customer_id", 
   "t_s_secyear.customer_first_name", 
   "t_s_secyear.customer_last_name", 
   "t_s_secyear.customer_email_address", 
   "t_c_firstyear.customer_id", 
   "t_c_firstyear.year_total", 
   "t_c_secyear.customer_id", 
   "t_c_secyear.year_total", 
   "t_w_firstyear.customer_id", 
   "t_w_firstyear.year_total"
  ], 
  "Plan Width": 848, 
  "Join Filter": "(t_s_secyear.customer_id = t_w_firstyear.customer_id)", 
  "Total Cost": 57.04
 }, 
 {
  "Startup Cost": 0.0, 
  "plan_id": 859, 
  "CTE Name": "year_total", 
  "Node Type": "CTE Scan", 
  "Plan Rows": 1, 
  "Filter": "((t_w_secyear.sale_type = 'w'::text) AND (t_w_secyear.dyear = 1999))", 
  "Alias": "t_w_secyear", 
  "filename": "plans/query4.json", 
  "Parallel Aware": false, 
  "Parent Relationship": "Inner", 
  "Output": [
   "t_w_secyear.customer_id", 
   "t_w_secyear.customer_first_name", 
   "t_w_secyear.customer_last_name", 
   "t_w_secyear.customer_preferred_cust_flag", 
   "t_w_secyear.customer_birth_country", 
   "t_w_secyear.customer_login", 
   "t_w_secyear.customer_email_address", 
   "t_w_secyear.dyear", 
   "t_w_secyear.year_total", 
   "t_w_secyear.sale_type"
  ], 
  "Plan Width": 100, 
  "Total Cost": 10.75
 }, 
 {
  "Startup Cost": 0.0, 
  "plan_id": 849, 
  "Plans": [
   850, 
   859
  ], 
  "Plan Rows": 1, 
  "Node Type": "Nested Loop", 
  "Join Type": "Inner", 
  "filename": "plans/query4.json", 
  "Parallel Aware": false, 
  "Parent Relationship": "Outer", 
  "Output": [
   "t_s_secyear.customer_id", 
   "t_s_secyear.customer_first_name", 
   "t_s_secyear.customer_last_name", 
   "t_s_secyear.customer_email_address"
  ], 
  "Plan Width": 480, 
  "Join Filter": "((t_s_secyear.customer_id = t_w_secyear.customer_id) AND (CASE WHEN (t_c_firstyear.year_total > '0'::numeric) THEN (t_c_secyear.year_total / t_c_firstyear.year_total) ELSE NULL::numeric END > CASE WHEN (t_w_firstyear.year_total > '0'::numeric) THEN (t_w_secyear.year_total / t_w_firstyear.year_total) ELSE NULL::numeric END))", 
  "Total Cost": 67.81
 }, 
 {
  "Startup Cost": 52.56, 
  "plan_id": 823, 
  "Plans": [
   824, 
   832, 
   840
  ], 
  "Plan Rows": 430, 
  "Node Type": "Append", 
  "filename": "plans/query4.json", 
  "Parallel Aware": false, 
  "Parent Relationship": "InitPlan", 
  "Plan Width": 670, 
  "Subplan Name": "CTE year_total", 
  "Total Cost": 160.66
 }, 
 {
  "Startup Cost": 67.82, 
  "plan_id": 848, 
  "Plans": [
   849
  ], 
  "Sort Key": [
   "t_s_secyear.customer_id", 
   "t_s_secyear.customer_first_name", 
   "t_s_secyear.customer_last_name", 
   "t_s_secyear.customer_email_address"
  ], 
  "Plan Rows": 1, 
  "Node Type": "Sort", 
  "filename": "plans/query4.json", 
  "Parallel Aware": false, 
  "Parent Relationship": "Outer", 
  "Output": [
   "t_s_secyear.customer_id", 
   "t_s_secyear.customer_first_name", 
   "t_s_secyear.customer_last_name", 
   "t_s_secyear.customer_email_address"
  ], 
  "Plan Width": 480, 
  "Total Cost": 67.83
 }, 
 {
  "Startup Cost": 228.49, 
  "plan_id": 822, 
  "Plans": [
   823, 
   848
  ], 
  "Plan Rows": 1, 
  "Node Type": "Limit", 
  "filename": "plans/query4.json", 
  "Parallel Aware": false, 
  "Output": [
   "t_s_secyear.customer_id", 
   "t_s_secyear.customer_first_name", 
   "t_s_secyear.customer_last_name", 
   "t_s_secyear.customer_email_address"
  ], 
  "Plan Width": 480, 
  "Total Cost": 228.49
 }, 
 {
  "Relation Name": "item", 
  "Startup Cost": 0.0, 
  "plan_id": 867, 
  "Node Type": "Seq Scan", 
  "Plan Rows": 1, 
  "Filter": "((item.i_current_price >= 0.99) AND (item.i_current_price <= 1.49))", 
  "Alias": "item", 
  "filename": "plans/query40.json", 
  "Schema": "pg_temp_2", 
  "Parallel Aware": false, 
  "Parent Relationship": "Outer", 
  "Output": [
   "item.i_item_sk", 
   "item.i_item_id", 
   "item.i_rec_start_date", 
   "item.i_rec_end_date", 
   "item.i_item_desc", 
   "item.i_current_price", 
   "item.i_wholesale_cost", 
   "item.i_brand_id", 
   "item.i_brand", 
   "item.i_class_id", 
   "item.i_class", 
   "item.i_category_id", 
   "item.i_category", 
   "item.i_manufact_id", 
   "item.i_manufact", 
   "item.i_size", 
   "item.i_formulation", 
   "item.i_color", 
   "item.i_units", 
   "item.i_container", 
   "item.i_manager_id", 
   "item.i_product_name"
  ], 
  "Plan Width": 72, 
  "Total Cost": 10.6
 }, 
 {
  "Startup Cost": 0.15, 
  "filename": "plans/query40.json", 
  "plan_id": 868, 
  "Scan Direction": "Forward", 
  "Index Cond": "(catalog_sales.cs_item_sk = item.i_item_sk)", 
  "Node Type": "Index Scan", 
  "Relation Name": "catalog_sales", 
  "Alias": "catalog_sales", 
  "Plan Rows": 1, 
  "Schema": "pg_temp_2", 
  "Parallel Aware": false, 
  "Parent Relationship": "Inner", 
  "Output": [
   "catalog_sales.cs_sold_date_sk", 
   "catalog_sales.cs_sold_time_sk", 
   "catalog_sales.cs_ship_date_sk", 
   "catalog_sales.cs_bill_customer_sk", 
   "catalog_sales.cs_bill_cdemo_sk", 
   "catalog_sales.cs_bill_hdemo_sk", 
   "catalog_sales.cs_bill_addr_sk", 
   "catalog_sales.cs_ship_customer_sk", 
   "catalog_sales.cs_ship_cdemo_sk", 
   "catalog_sales.cs_ship_hdemo_sk", 
   "catalog_sales.cs_ship_addr_sk", 
   "catalog_sales.cs_call_center_sk", 
   "catalog_sales.cs_catalog_page_sk", 
   "catalog_sales.cs_ship_mode_sk", 
   "catalog_sales.cs_warehouse_sk", 
   "catalog_sales.cs_item_sk", 
   "catalog_sales.cs_promo_sk", 
   "catalog_sales.cs_order_number", 
   "catalog_sales.cs_quantity", 
   "catalog_sales.cs_wholesale_cost", 
   "catalog_sales.cs_list_price", 
   "catalog_sales.cs_sales_price", 
   "catalog_sales.cs_ext_discount_amt", 
   "catalog_sales.cs_ext_sales_price", 
   "catalog_sales.cs_ext_wholesale_cost", 
   "catalog_sales.cs_ext_list_price", 
   "catalog_sales.cs_ext_tax", 
   "catalog_sales.cs_coupon_amt", 
   "catalog_sales.cs_ext_ship_cost", 
   "catalog_sales.cs_net_paid", 
   "catalog_sales.cs_net_paid_inc_tax", 
   "catalog_sales.cs_net_paid_inc_ship", 
   "catalog_sales.cs_net_paid_inc_ship_tax", 
   "catalog_sales.cs_net_profit"
  ], 
  "Index Name": "catalog_sales_pkey", 
  "Plan Width": 30, 
  "Total Cost": 8.17
 }, 
 {
  "Startup Cost": 0.15, 
  "plan_id": 866, 
  "Plans": [
   867, 
   868
  ], 
  "Plan Rows": 1, 
  "Node Type": "Nested Loop", 
  "Join Type": "Inner", 
  "filename": "plans/query40.json", 
  "Parallel Aware": false, 
  "Parent Relationship": "Outer", 
  "Output": [
   "catalog_sales.cs_sales_price", 
   "catalog_sales.cs_order_number", 
   "catalog_sales.cs_item_sk", 
   "catalog_sales.cs_warehouse_sk", 
   "catalog_sales.cs_sold_date_sk", 
   "item.i_item_id"
  ], 
  "Plan Width": 98, 
  "Total Cost": 18.78
 }, 
 {
  "Startup Cost": 0.15, 
  "filename": "plans/query40.json", 
  "plan_id": 869, 
  "Scan Direction": "Forward", 
  "Index Cond": "((catalog_sales.cs_item_sk = catalog_returns.cr_item_sk) AND (catalog_sales.cs_order_number = catalog_returns.cr_order_number))", 
  "Node Type": "Index Scan", 
  "Relation Name": "catalog_returns", 
  "Alias": "catalog_returns", 
  "Plan Rows": 1, 
  "Schema": "pg_temp_2", 
  "Parallel Aware": false, 
  "Parent Relationship": "Inner", 
  "Output": [
   "catalog_returns.cr_returned_date_sk", 
   "catalog_returns.cr_returned_time_sk", 
   "catalog_returns.cr_item_sk", 
   "catalog_returns.cr_refunded_customer_sk", 
   "catalog_returns.cr_refunded_cdemo_sk", 
   "catalog_returns.cr_refunded_hdemo_sk", 
   "catalog_returns.cr_refunded_addr_sk", 
   "catalog_returns.cr_returning_customer_sk", 
   "catalog_returns.cr_returning_cdemo_sk", 
   "catalog_returns.cr_returning_hdemo_sk", 
   "catalog_returns.cr_returning_addr_sk", 
   "catalog_returns.cr_call_center_sk", 
   "catalog_returns.cr_catalog_page_sk", 
   "catalog_returns.cr_ship_mode_sk", 
   "catalog_returns.cr_warehouse_sk", 
   "catalog_returns.cr_reason_sk", 
   "catalog_returns.cr_order_number", 
   "catalog_returns.cr_return_quantity", 
   "catalog_returns.cr_return_amount", 
   "catalog_returns.cr_return_tax", 
   "catalog_returns.cr_return_amt_inc_tax", 
   "catalog_returns.cr_fee", 
   "catalog_returns.cr_return_ship_cost", 
   "catalog_returns.cr_refunded_cash", 
   "catalog_returns.cr_reversed_charge", 
   "catalog_returns.cr_store_credit", 
   "catalog_returns.cr_net_loss"
  ], 
  "Index Name": "catalog_returns_pkey", 
  "Plan Width": 22, 
  "Total Cost": 0.34
 }, 
 {
  "Startup Cost": 0.29, 
  "plan_id": 865, 
  "Plans": [
   866, 
   869
  ], 
  "Plan Rows": 1, 
  "Node Type": "Nested Loop", 
  "Join Type": "Left", 
  "filename": "plans/query40.json", 
  "Parallel Aware": false, 
  "Parent Relationship": "Outer", 
  "Output": [
   "catalog_sales.cs_sales_price", 
   "catalog_sales.cs_warehouse_sk", 
   "catalog_sales.cs_sold_date_sk", 
   "catalog_returns.cr_refunded_cash", 
   "item.i_item_id"
  ], 
  "Plan Width": 104, 
  "Total Cost": 19.12
 }, 
 {
  "Startup Cost": 0.14, 
  "filename": "plans/query40.json", 
  "plan_id": 870, 
  "Scan Direction": "Forward", 
  "Index Cond": "(warehouse.w_warehouse_sk = catalog_sales.cs_warehouse_sk)", 
  "Node Type": "Index Scan", 
  "Relation Name": "warehouse", 
  "Alias": "warehouse", 
  "Plan Rows": 1, 
  "Schema": "pg_temp_2", 
  "Parallel Aware": false, 
  "Parent Relationship": "Inner", 
  "Output": [
   "warehouse.w_warehouse_sk", 
   "warehouse.w_warehouse_id", 
   "warehouse.w_warehouse_name", 
   "warehouse.w_warehouse_sq_ft", 
   "warehouse.w_street_number", 
   "warehouse.w_street_name", 
   "warehouse.w_street_type", 
   "warehouse.w_suite_number", 
   "warehouse.w_city", 
   "warehouse.w_county", 
   "warehouse.w_state", 
   "warehouse.w_zip", 
   "warehouse.w_country", 
   "warehouse.w_gmt_offset"
  ], 
  "Index Name": "warehouse_pkey", 
  "Plan Width": 16, 
  "Total Cost": 0.33
 }, 
 {
  "Startup Cost": 0.44, 
  "plan_id": 864, 
  "Plans": [
   865, 
   870
  ], 
  "Plan Rows": 1, 
  "Node Type": "Nested Loop", 
  "Join Type": "Inner", 
  "filename": "plans/query40.json", 
  "Parallel Aware": false, 
  "Parent Relationship": "Outer", 
  "Output": [
   "catalog_sales.cs_sales_price", 
   "catalog_sales.cs_sold_date_sk", 
   "catalog_returns.cr_refunded_cash", 
   "warehouse.w_state", 
   "item.i_item_id"
  ], 
  "Plan Width": 112, 
  "Total Cost": 19.46
 }, 
 {
  "Filter": "((date_dim.d_date >= '1998-01-06 00:00:00'::timestamp without time zone) AND (date_dim.d_date <= '1998-03-07 00:00:00'::timestamp without time zone))", 
  "Startup Cost": 0.15, 
  "filename": "plans/query40.json", 
  "plan_id": 871, 
  "Scan Direction": "Forward", 
  "Index Cond": "(date_dim.d_date_sk = catalog_sales.cs_sold_date_sk)", 
  "Node Type": "Index Scan", 
  "Relation Name": "date_dim", 
  "Alias": "date_dim", 
  "Plan Rows": 1, 
  "Schema": "pg_temp_2", 
  "Parallel Aware": false, 
  "Parent Relationship": "Inner", 
  "Output": [
   "date_dim.d_date_sk", 
   "date_dim.d_date_id", 
   "date_dim.d_date", 
   "date_dim.d_month_seq", 
   "date_dim.d_week_seq", 
   "date_dim.d_quarter_seq", 
   "date_dim.d_year", 
   "date_dim.d_dow", 
   "date_dim.d_moy", 
   "date_dim.d_dom", 
   "date_dim.d_qoy", 
   "date_dim.d_fy_year", 
   "date_dim.d_fy_quarter_seq", 
   "date_dim.d_fy_week_seq", 
   "date_dim.d_day_name", 
   "date_dim.d_quarter_name", 
   "date_dim.d_holiday", 
   "date_dim.d_weekend", 
   "date_dim.d_following_holiday", 
   "date_dim.d_first_dom", 
   "date_dim.d_last_dom", 
   "date_dim.d_same_day_ly", 
   "date_dim.d_same_day_lq", 
   "date_dim.d_current_day", 
   "date_dim.d_current_week", 
   "date_dim.d_current_month", 
   "date_dim.d_current_quarter", 
   "date_dim.d_current_year"
  ], 
  "Index Name": "date_dim_pkey", 
  "Plan Width": 8, 
  "Total Cost": 0.34
 }, 
 {
  "Startup Cost": 0.58, 
  "plan_id": 863, 
  "Plans": [
   864, 
   871
  ], 
  "Plan Rows": 1, 
  "Node Type": "Nested Loop", 
  "Join Type": "Inner", 
  "filename": "plans/query40.json", 
  "Parallel Aware": false, 
  "Parent Relationship": "Outer", 
  "Output": [
   "warehouse.w_state", 
   "item.i_item_id", 
   "date_dim.d_date", 
   "catalog_sales.cs_sales_price", 
   "catalog_returns.cr_refunded_cash"
  ], 
  "Plan Width": 112, 
  "Total Cost": 19.81
 }, 
 {
  "Startup Cost": 19.82, 
  "plan_id": 862, 
  "Plans": [
   863
  ], 
  "Sort Key": [
   "warehouse.w_state", 
   "item.i_item_id"
  ], 
  "Plan Rows": 1, 
  "Node Type": "Sort", 
  "filename": "plans/query40.json", 
  "Parallel Aware": false, 
  "Parent Relationship": "Outer", 
  "Output": [
   "warehouse.w_state", 
   "item.i_item_id", 
   "date_dim.d_date", 
   "catalog_sales.cs_sales_price", 
   "catalog_returns.cr_refunded_cash"
  ], 
  "Plan Width": 112, 
  "Total Cost": 19.83
 }, 
 {
  "Partial Mode": "Simple", 
  "Startup Cost": 19.82, 
  "Plan Width": 144, 
  "plan_id": 861, 
  "Plans": [
   862
  ], 
  "filename": "plans/query40.json", 
  "Node Type": "Aggregate", 
  "Strategy": "Sorted", 
  "Plan Rows": 1, 
  "Parallel Aware": false, 
  "Output": [
   "warehouse.w_state", 
   "item.i_item_id", 
   "sum(CASE WHEN (date_dim.d_date < '1998-02-05'::date) THEN (catalog_sales.cs_sales_price - COALESCE(catalog_returns.cr_refunded_cash, '0'::numeric)) ELSE '0'::numeric END)", 
   "sum(CASE WHEN (date_dim.d_date >= '1998-02-05'::date) THEN (catalog_sales.cs_sales_price - COALESCE(catalog_returns.cr_refunded_cash, '0'::numeric)) ELSE '0'::numeric END)"
  ], 
  "Group Key": [
   "warehouse.w_state", 
   "item.i_item_id"
  ], 
  "Parent Relationship": "Outer", 
  "Total Cost": 19.86
 }, 
 {
  "Startup Cost": 19.82, 
  "plan_id": 860, 
  "Plans": [
   861
  ], 
  "Plan Rows": 1, 
  "Node Type": "Limit", 
  "filename": "plans/query40.json", 
  "Parallel Aware": false, 
  "Output": [
   "warehouse.w_state", 
   "item.i_item_id", 
   "(sum(CASE WHEN (date_dim.d_date < '1998-02-05'::date) THEN (catalog_sales.cs_sales_price - COALESCE(catalog_returns.cr_refunded_cash, '0'::numeric)) ELSE '0'::numeric END))", 
   "(sum(CASE WHEN (date_dim.d_date >= '1998-02-05'::date) THEN (catalog_sales.cs_sales_price - COALESCE(catalog_returns.cr_refunded_cash, '0'::numeric)) ELSE '0'::numeric END))"
  ], 
  "Plan Width": 144, 
  "Total Cost": 19.86
 }, 
 {
  "Relation Name": "item", 
  "Startup Cost": 0.0, 
  "plan_id": 877, 
  "Node Type": "Seq Scan", 
  "Plan Rows": 1, 
  "Filter": "((item.i_manufact = i1.i_manufact) AND (((item.i_category = 'Women'::bpchar) AND ((item.i_color = 'khaki'::bpchar) OR (item.i_color = 'grey'::bpchar)) AND ((item.i_units = 'Ton'::bpchar) OR (item.i_units = 'Dozen'::bpchar)) AND ((item.i_size = 'small'::bpchar) OR (item.i_size = 'economy'::bpchar))) OR ((item.i_category = 'Women'::bpchar) AND ((item.i_color = 'chocolate'::bpchar) OR (item.i_color = 'magenta'::bpchar)) AND ((item.i_units = 'Cup'::bpchar) OR (item.i_units = 'Bunch'::bpchar)) AND ((item.i_size = 'petite'::bpchar) OR (item.i_size = 'large'::bpchar))) OR ((item.i_category = 'Men'::bpchar) AND ((item.i_color = 'mint'::bpchar) OR (item.i_color = 'chartreuse'::bpchar)) AND ((item.i_units = 'Case'::bpchar) OR (item.i_units = 'Dram'::bpchar)) AND ((item.i_size = 'extra large'::bpchar) OR (item.i_size = 'medium'::bpchar))) OR ((item.i_category = 'Men'::bpchar) AND ((item.i_color = 'olive'::bpchar) OR (item.i_color = 'tan'::bpchar)) AND ((item.i_units = 'Pallet'::bpchar) OR (item.i_units = 'Each'::bpchar)) AND ((item.i_size = 'small'::bpchar) OR (item.i_size = 'economy'::bpchar))) OR ((item.i_category = 'Women'::bpchar) AND ((item.i_color = 'spring'::bpchar) OR (item.i_color = 'blush'::bpchar)) AND ((item.i_units = 'Lb'::bpchar) OR (item.i_units = 'Box'::bpchar)) AND ((item.i_size = 'small'::bpchar) OR (item.i_size = 'economy'::bpchar))) OR ((item.i_category = 'Women'::bpchar) AND ((item.i_color = 'cornsilk'::bpchar) OR (item.i_color = 'lavender'::bpchar)) AND ((item.i_units = 'N/A'::bpchar) OR (item.i_units = 'Ounce'::bpchar)) AND ((item.i_size = 'petite'::bpchar) OR (item.i_size = 'large'::bpchar))) OR ((item.i_category = 'Men'::bpchar) AND ((item.i_color = 'papaya'::bpchar) OR (item.i_color = 'linen'::bpchar)) AND ((item.i_units = 'Carton'::bpchar) OR (item.i_units = 'Oz'::bpchar)) AND ((item.i_size = 'extra large'::bpchar) OR (item.i_size = 'medium'::bpchar))) OR ((item.i_category = 'Men'::bpchar) AND ((item.i_color = 'red'::bpchar) OR (item.i_color = 'turquoise'::bpchar)) AND ((item.i_units = 'Pound'::bpchar) OR (item.i_units = 'Unknown'::bpchar)) AND ((item.i_size = 'small'::bpchar) OR (item.i_size = 'economy'::bpchar)))))", 
  "Alias": "item", 
  "filename": "plans/query41.json", 
  "Schema": "pg_temp_2", 
  "Parallel Aware": false, 
  "Parent Relationship": "Outer", 
  "Output": [
   "item.i_item_sk", 
   "item.i_item_id", 
   "item.i_rec_start_date", 
   "item.i_rec_end_date", 
   "item.i_item_desc", 
   "item.i_current_price", 
   "item.i_wholesale_cost", 
   "item.i_brand_id", 
   "item.i_brand", 
   "item.i_class_id", 
   "item.i_class", 
   "item.i_category_id", 
   "item.i_category", 
   "item.i_manufact_id", 
   "item.i_manufact", 
   "item.i_size", 
   "item.i_formulation", 
   "item.i_color", 
   "item.i_units", 
   "item.i_container", 
   "item.i_manager_id", 
   "item.i_product_name"
  ], 
  "Plan Width": 0, 
  "Total Cost": 16.1
 }, 
 {
  "Partial Mode": "Simple", 
  "Startup Cost": 16.1, 
  "plan_id": 876, 
  "Plans": [
   877
  ], 
  "Plan Rows": 1, 
  "Strategy": "Plain", 
  "filename": "plans/query41.json", 
  "Parallel Aware": false, 
  "Parent Relationship": "SubPlan", 
  "Output": [
   "count(*)"
  ], 
  "Plan Width": 8, 
  "Subplan Name": "SubPlan 1", 
  "Node Type": "Aggregate", 
  "Total Cost": 16.11
 }, 
 {
  "Relation Name": "item", 
  "Startup Cost": 0.0, 
  "plan_id": 875, 
  "Plans": [
   876
  ], 
  "Plan Rows": 1, 
  "Node Type": "Seq Scan", 
  "Filter": "((i1.i_manufact_id >= 946) AND (i1.i_manufact_id <= 986) AND ((SubPlan 1) > 0))", 
  "Alias": "i1", 
  "filename": "plans/query41.json", 
  "Schema": "pg_temp_2", 
  "Parallel Aware": false, 
  "Parent Relationship": "Outer", 
  "Output": [
   "i1.i_product_name"
  ], 
  "Plan Width": 204, 
  "Total Cost": 655.2
 }, 
 {
  "Startup Cost": 655.21, 
  "plan_id": 874, 
  "Plans": [
   875
  ], 
  "Sort Key": [
   "i1.i_product_name"
  ], 
  "Plan Rows": 1, 
  "Node Type": "Sort", 
  "filename": "plans/query41.json", 
  "Parallel Aware": false, 
  "Parent Relationship": "Outer", 
  "Output": [
   "i1.i_product_name"
  ], 
  "Plan Width": 204, 
  "Total Cost": 655.22
 }, 
 {
  "Startup Cost": 655.21, 
  "plan_id": 873, 
  "Plans": [
   874
  ], 
  "Plan Rows": 1, 
  "Node Type": "Unique", 
  "filename": "plans/query41.json", 
  "Parallel Aware": false, 
  "Parent Relationship": "Outer", 
  "Output": [
   "i1.i_product_name"
  ], 
  "Plan Width": 204, 
  "Total Cost": 655.22
 }, 
 {
  "Startup Cost": 655.21, 
  "plan_id": 872, 
  "Plans": [
   873
  ], 
  "Plan Rows": 1, 
  "Node Type": "Limit", 
  "filename": "plans/query41.json", 
  "Parallel Aware": false, 
  "Output": [
   "i1.i_product_name"
  ], 
  "Plan Width": 204, 
  "Total Cost": 655.22
 }, 
 {
  "Startup Cost": 0.0, 
  "plan_id": 886, 
  "Node Type": "Bitmap Index Scan", 
  "Index Cond": "(store_sales.ss_item_sk = item.i_item_sk)", 
  "Plan Rows": 2, 
  "filename": "plans/query42.json", 
  "Parallel Aware": false, 
  "Parent Relationship": "Outer", 
  "Index Name": "store_sales_pkey", 
  "Plan Width": 0, 
  "Total Cost": 4.16
 }, 
 {
  "Relation Name": "item", 
  "Startup Cost": 0.0, 
  "plan_id": 884, 
  "Node Type": "Seq Scan", 
  "Plan Rows": 1, 
  "Filter": "(item.i_manager_id = 1)", 
  "Alias": "item", 
  "filename": "plans/query42.json", 
  "Schema": "pg_temp_2", 
  "Parallel Aware": false, 
  "Parent Relationship": "Outer", 
  "Output": [
   "item.i_item_sk", 
   "item.i_item_id", 
   "item.i_rec_start_date", 
   "item.i_rec_end_date", 
   "item.i_item_desc", 
   "item.i_current_price", 
   "item.i_wholesale_cost", 
   "item.i_brand_id", 
   "item.i_brand", 
   "item.i_class_id", 
   "item.i_class", 
   "item.i_category_id", 
   "item.i_category", 
   "item.i_manufact_id", 
   "item.i_manufact", 
   "item.i_size", 
   "item.i_formulation", 
   "item.i_color", 
   "item.i_units", 
   "item.i_container", 
   "item.i_manager_id", 
   "item.i_product_name"
  ], 
  "Plan Width": 212, 
  "Total Cost": 10.5
 }, 
 {
  "Startup Cost": 4.16, 
  "plan_id": 885, 
  "Plans": [
   886
  ], 
  "Parent Relationship": "Inner", 
  "Node Type": "Bitmap Heap Scan", 
  "Plan Rows": 2, 
  "Relation Name": "store_sales", 
  "Alias": "store_sales", 
  "filename": "plans/query42.json", 
  "Schema": "pg_temp_2", 
  "Parallel Aware": false, 
  "Recheck Cond": "(store_sales.ss_item_sk = item.i_item_sk)", 
  "Output": [
   "store_sales.ss_sold_date_sk", 
   "store_sales.ss_sold_time_sk", 
   "store_sales.ss_item_sk", 
   "store_sales.ss_customer_sk", 
   "store_sales.ss_cdemo_sk", 
   "store_sales.ss_hdemo_sk", 
   "store_sales.ss_addr_sk", 
   "store_sales.ss_store_sk", 
   "store_sales.ss_promo_sk", 
   "store_sales.ss_ticket_number", 
   "store_sales.ss_quantity", 
   "store_sales.ss_wholesale_cost", 
   "store_sales.ss_list_price", 
   "store_sales.ss_sales_price", 
   "store_sales.ss_ext_discount_amt", 
   "store_sales.ss_ext_sales_price", 
   "store_sales.ss_ext_wholesale_cost", 
   "store_sales.ss_ext_list_price", 
   "store_sales.ss_ext_tax", 
   "store_sales.ss_coupon_amt", 
   "store_sales.ss_net_paid", 
   "store_sales.ss_net_paid_inc_tax", 
   "store_sales.ss_net_profit"
  ], 
  "Plan Width": 22, 
  "Total Cost": 9.5
 }, 
 {
  "Startup Cost": 4.16, 
  "plan_id": 883, 
  "Plans": [
   884, 
   885
  ], 
  "Plan Rows": 2, 
  "Node Type": "Nested Loop", 
  "Join Type": "Inner", 
  "filename": "plans/query42.json", 
  "Parallel Aware": false, 
  "Parent Relationship": "Outer", 
  "Output": [
   "store_sales.ss_ext_sales_price", 
   "store_sales.ss_sold_date_sk", 
   "item.i_category_id", 
   "item.i_category"
  ], 
  "Plan Width": 226, 
  "Total Cost": 20.02
 }, 
 {
  "Filter": "((dt.d_moy = 11) AND (dt.d_year = 1998))", 
  "Startup Cost": 0.15, 
  "filename": "plans/query42.json", 
  "plan_id": 887, 
  "Scan Direction": "Forward", 
  "Index Cond": "(dt.d_date_sk = store_sales.ss_sold_date_sk)", 
  "Node Type": "Index Scan", 
  "Relation Name": "date_dim", 
  "Alias": "dt", 
  "Plan Rows": 1, 
  "Schema": "pg_temp_2", 
  "Parallel Aware": false, 
  "Parent Relationship": "Inner", 
  "Output": [
   "dt.d_date_sk", 
   "dt.d_date_id", 
   "dt.d_date", 
   "dt.d_month_seq", 
   "dt.d_week_seq", 
   "dt.d_quarter_seq", 
   "dt.d_year", 
   "dt.d_dow", 
   "dt.d_moy", 
   "dt.d_dom", 
   "dt.d_qoy", 
   "dt.d_fy_year", 
   "dt.d_fy_quarter_seq", 
   "dt.d_fy_week_seq", 
   "dt.d_day_name", 
   "dt.d_quarter_name", 
   "dt.d_holiday", 
   "dt.d_weekend", 
   "dt.d_following_holiday", 
   "dt.d_first_dom", 
   "dt.d_last_dom", 
   "dt.d_same_day_ly", 
   "dt.d_same_day_lq", 
   "dt.d_current_day", 
   "dt.d_current_week", 
   "dt.d_current_month", 
   "dt.d_current_quarter", 
   "dt.d_current_year"
  ], 
  "Index Name": "date_dim_pkey", 
  "Plan Width": 8, 
  "Total Cost": 0.3
 }, 
 {
  "Startup Cost": 4.31, 
  "plan_id": 882, 
  "Plans": [
   883, 
   887
  ], 
  "Plan Rows": 1, 
  "Node Type": "Nested Loop", 
  "Join Type": "Inner", 
  "filename": "plans/query42.json", 
  "Parallel Aware": false, 
  "Parent Relationship": "Outer", 
  "Output": [
   "dt.d_year", 
   "item.i_category_id", 
   "item.i_category", 
   "store_sales.ss_ext_sales_price"
  ], 
  "Plan Width": 226, 
  "Total Cost": 20.64
 }, 
 {
  "Startup Cost": 20.65, 
  "plan_id": 881, 
  "Plans": [
   882
  ], 
  "Sort Key": [
   "item.i_category_id", 
   "item.i_category"
  ], 
  "Plan Rows": 1, 
  "Node Type": "Sort", 
  "filename": "plans/query42.json", 
  "Parallel Aware": false, 
  "Parent Relationship": "Outer", 
  "Output": [
   "dt.d_year", 
   "item.i_category_id", 
   "item.i_category", 
   "store_sales.ss_ext_sales_price"
  ], 
  "Plan Width": 226, 
  "Total Cost": 20.66
 }, 
 {
  "Partial Mode": "Simple", 
  "Startup Cost": 20.65, 
  "Plan Width": 244, 
  "plan_id": 880, 
  "Plans": [
   881
  ], 
  "filename": "plans/query42.json", 
  "Node Type": "Aggregate", 
  "Strategy": "Sorted", 
  "Plan Rows": 1, 
  "Parallel Aware": false, 
  "Output": [
   "dt.d_year", 
   "item.i_category_id", 
   "item.i_category", 
   "sum(store_sales.ss_ext_sales_price)"
  ], 
  "Group Key": [
   "dt.d_year", 
   "item.i_category_id", 
   "item.i_category"
  ], 
  "Parent Relationship": "Outer", 
  "Total Cost": 20.68
 }, 
 {
  "Startup Cost": 20.69, 
  "plan_id": 879, 
  "Plans": [
   880
  ], 
  "Sort Key": [
   "(sum(store_sales.ss_ext_sales_price)) DESC", 
   "item.i_category_id", 
   "item.i_category"
  ], 
  "Plan Rows": 1, 
  "Node Type": "Sort", 
  "filename": "plans/query42.json", 
  "Parallel Aware": false, 
  "Parent Relationship": "Outer", 
  "Output": [
   "dt.d_year", 
   "item.i_category_id", 
   "item.i_category", 
   "(sum(store_sales.ss_ext_sales_price))"
  ], 
  "Plan Width": 244, 
  "Total Cost": 20.7
 }, 
 {
  "Startup Cost": 20.69, 
  "plan_id": 878, 
  "Plans": [
   879
  ], 
  "Plan Rows": 1, 
  "Node Type": "Limit", 
  "filename": "plans/query42.json", 
  "Parallel Aware": false, 
  "Output": [
   "dt.d_year", 
   "item.i_category_id", 
   "item.i_category", 
   "(sum(store_sales.ss_ext_sales_price))"
  ], 
  "Plan Width": 244, 
  "Total Cost": 20.7
 }, 
 {
  "Relation Name": "store", 
  "Startup Cost": 0.0, 
  "plan_id": 896, 
  "Node Type": "Seq Scan", 
  "Plan Rows": 1, 
  "Filter": "(store.s_gmt_offset = '-5'::numeric)", 
  "Alias": "store", 
  "filename": "plans/query43.json", 
  "Schema": "pg_temp_2", 
  "Parallel Aware": false, 
  "Parent Relationship": "Outer", 
  "Output": [
   "store.s_store_name", 
   "store.s_store_id", 
   "store.s_store_sk"
  ], 
  "Plan Width": 190, 
  "Total Cost": 10.5
 }, 
 {
  "Startup Cost": 0.0, 
  "plan_id": 894, 
  "Node Type": "Seq Scan", 
  "Plan Rows": 340, 
  "Relation Name": "store_sales", 
  "Alias": "store_sales", 
  "filename": "plans/query43.json", 
  "Schema": "pg_temp_2", 
  "Parallel Aware": false, 
  "Parent Relationship": "Outer", 
  "Output": [
   "store_sales.ss_sold_date_sk", 
   "store_sales.ss_sold_time_sk", 
   "store_sales.ss_item_sk", 
   "store_sales.ss_customer_sk", 
   "store_sales.ss_cdemo_sk", 
   "store_sales.ss_hdemo_sk", 
   "store_sales.ss_addr_sk", 
   "store_sales.ss_store_sk", 
   "store_sales.ss_promo_sk", 
   "store_sales.ss_ticket_number", 
   "store_sales.ss_quantity", 
   "store_sales.ss_wholesale_cost", 
   "store_sales.ss_list_price", 
   "store_sales.ss_sales_price", 
   "store_sales.ss_ext_discount_amt", 
   "store_sales.ss_ext_sales_price", 
   "store_sales.ss_ext_wholesale_cost", 
   "store_sales.ss_ext_list_price", 
   "store_sales.ss_ext_tax", 
   "store_sales.ss_coupon_amt", 
   "store_sales.ss_net_paid", 
   "store_sales.ss_net_paid_inc_tax", 
   "store_sales.ss_net_profit"
  ], 
  "Plan Width": 22, 
  "Total Cost": 13.4
 }, 
 {
  "Startup Cost": 10.5, 
  "plan_id": 895, 
  "Plans": [
   896
  ], 
  "Plan Rows": 1, 
  "Node Type": "Hash", 
  "filename": "plans/query43.json", 
  "Parallel Aware": false, 
  "Parent Relationship": "Inner", 
  "Output": [
   "store.s_store_name", 
   "store.s_store_id", 
   "store.s_store_sk"
  ], 
  "Plan Width": 190, 
  "Total Cost": 10.5
 }, 
 {
  "Startup Cost": 10.51, 
  "Plan Width": 204, 
  "plan_id": 893, 
  "Plans": [
   894, 
   895
  ], 
  "Plan Rows": 2, 
  "Node Type": "Hash Join", 
  "Join Type": "Inner", 
  "filename": "plans/query43.json", 
  "Parallel Aware": false, 
  "Output": [
   "store_sales.ss_sales_price", 
   "store_sales.ss_sold_date_sk", 
   "store.s_store_name", 
   "store.s_store_id"
  ], 
  "Hash Cond": "(store_sales.ss_store_sk = store.s_store_sk)", 
  "Parent Relationship": "Outer", 
  "Total Cost": 25.21
 }, 
 {
  "Filter": "(date_dim.d_year = 1998)", 
  "Startup Cost": 0.15, 
  "filename": "plans/query43.json", 
  "plan_id": 897, 
  "Scan Direction": "Forward", 
  "Index Cond": "(date_dim.d_date_sk = store_sales.ss_sold_date_sk)", 
  "Node Type": "Index Scan", 
  "Relation Name": "date_dim", 
  "Alias": "date_dim", 
  "Plan Rows": 1, 
  "Schema": "pg_temp_2", 
  "Parallel Aware": false, 
  "Parent Relationship": "Inner", 
  "Output": [
   "date_dim.d_date_sk", 
   "date_dim.d_date_id", 
   "date_dim.d_date", 
   "date_dim.d_month_seq", 
   "date_dim.d_week_seq", 
   "date_dim.d_quarter_seq", 
   "date_dim.d_year", 
   "date_dim.d_dow", 
   "date_dim.d_moy", 
   "date_dim.d_dom", 
   "date_dim.d_qoy", 
   "date_dim.d_fy_year", 
   "date_dim.d_fy_quarter_seq", 
   "date_dim.d_fy_week_seq", 
   "date_dim.d_day_name", 
   "date_dim.d_quarter_name", 
   "date_dim.d_holiday", 
   "date_dim.d_weekend", 
   "date_dim.d_following_holiday", 
   "date_dim.d_first_dom", 
   "date_dim.d_last_dom", 
   "date_dim.d_same_day_ly", 
   "date_dim.d_same_day_lq", 
   "date_dim.d_current_day", 
   "date_dim.d_current_week", 
   "date_dim.d_current_month", 
   "date_dim.d_current_quarter", 
   "date_dim.d_current_year"
  ], 
  "Index Name": "date_dim_pkey", 
  "Plan Width": 44, 
  "Total Cost": 0.3
 }, 
 {
  "Startup Cost": 10.66, 
  "plan_id": 892, 
  "Plans": [
   893, 
   897
  ], 
  "Plan Rows": 1, 
  "Node Type": "Nested Loop", 
  "Join Type": "Inner", 
  "filename": "plans/query43.json", 
  "Parallel Aware": false, 
  "Parent Relationship": "Outer", 
  "Output": [
   "store.s_store_name", 
   "store.s_store_id", 
   "date_dim.d_day_name", 
   "store_sales.ss_sales_price"
  ], 
  "Plan Width": 240, 
  "Total Cost": 25.82
 }, 
 {
  "Startup Cost": 25.83, 
  "plan_id": 891, 
  "Plans": [
   892
  ], 
  "Sort Key": [
   "store.s_store_name", 
   "store.s_store_id"
  ], 
  "Plan Rows": 1, 
  "Node Type": "Sort", 
  "filename": "plans/query43.json", 
  "Parallel Aware": false, 
  "Parent Relationship": "Outer", 
  "Output": [
   "store.s_store_name", 
   "store.s_store_id", 
   "date_dim.d_day_name", 
   "store_sales.ss_sales_price"
  ], 
  "Plan Width": 240, 
  "Total Cost": 25.84
 }, 
 {
  "Partial Mode": "Simple", 
  "Startup Cost": 25.83, 
  "Plan Width": 410, 
  "plan_id": 890, 
  "Plans": [
   891
  ], 
  "filename": "plans/query43.json", 
  "Node Type": "Aggregate", 
  "Strategy": "Sorted", 
  "Plan Rows": 1, 
  "Parallel Aware": false, 
  "Output": [
   "store.s_store_name", 
   "store.s_store_id", 
   "sum(CASE WHEN (date_dim.d_day_name = 'Sunday'::bpchar) THEN store_sales.ss_sales_price ELSE NULL::numeric END)", 
   "sum(CASE WHEN (date_dim.d_day_name = 'Monday'::bpchar) THEN store_sales.ss_sales_price ELSE NULL::numeric END)", 
   "sum(CASE WHEN (date_dim.d_day_name = 'Tuesday'::bpchar) THEN store_sales.ss_sales_price ELSE NULL::numeric END)", 
   "sum(CASE WHEN (date_dim.d_day_name = 'Wednesday'::bpchar) THEN store_sales.ss_sales_price ELSE NULL::numeric END)", 
   "sum(CASE WHEN (date_dim.d_day_name = 'Thursday'::bpchar) THEN store_sales.ss_sales_price ELSE NULL::numeric END)", 
   "sum(CASE WHEN (date_dim.d_day_name = 'Friday'::bpchar) THEN store_sales.ss_sales_price ELSE NULL::numeric END)", 
   "sum(CASE WHEN (date_dim.d_day_name = 'Saturday'::bpchar) THEN store_sales.ss_sales_price ELSE NULL::numeric END)"
  ], 
  "Group Key": [
   "store.s_store_name", 
   "store.s_store_id"
  ], 
  "Parent Relationship": "Outer", 
  "Total Cost": 25.9
 }, 
 {
  "Startup Cost": 25.91, 
  "plan_id": 889, 
  "Plans": [
   890
  ], 
  "Sort Key": [
   "store.s_store_name", 
   "store.s_store_id", 
   "(sum(CASE WHEN (date_dim.d_day_name = 'Sunday'::bpchar) THEN store_sales.ss_sales_price ELSE NULL::numeric END))", 
   "(sum(CASE WHEN (date_dim.d_day_name = 'Monday'::bpchar) THEN store_sales.ss_sales_price ELSE NULL::numeric END))", 
   "(sum(CASE WHEN (date_dim.d_day_name = 'Tuesday'::bpchar) THEN store_sales.ss_sales_price ELSE NULL::numeric END))", 
   "(sum(CASE WHEN (date_dim.d_day_name = 'Wednesday'::bpchar) THEN store_sales.ss_sales_price ELSE NULL::numeric END))", 
   "(sum(CASE WHEN (date_dim.d_day_name = 'Thursday'::bpchar) THEN store_sales.ss_sales_price ELSE NULL::numeric END))", 
   "(sum(CASE WHEN (date_dim.d_day_name = 'Friday'::bpchar) THEN store_sales.ss_sales_price ELSE NULL::numeric END))", 
   "(sum(CASE WHEN (date_dim.d_day_name = 'Saturday'::bpchar) THEN store_sales.ss_sales_price ELSE NULL::numeric END))"
  ], 
  "Plan Rows": 1, 
  "Node Type": "Sort", 
  "filename": "plans/query43.json", 
  "Parallel Aware": false, 
  "Parent Relationship": "Outer", 
  "Output": [
   "store.s_store_name", 
   "store.s_store_id", 
   "(sum(CASE WHEN (date_dim.d_day_name = 'Sunday'::bpchar) THEN store_sales.ss_sales_price ELSE NULL::numeric END))", 
   "(sum(CASE WHEN (date_dim.d_day_name = 'Monday'::bpchar) THEN store_sales.ss_sales_price ELSE NULL::numeric END))", 
   "(sum(CASE WHEN (date_dim.d_day_name = 'Tuesday'::bpchar) THEN store_sales.ss_sales_price ELSE NULL::numeric END))", 
   "(sum(CASE WHEN (date_dim.d_day_name = 'Wednesday'::bpchar) THEN store_sales.ss_sales_price ELSE NULL::numeric END))", 
   "(sum(CASE WHEN (date_dim.d_day_name = 'Thursday'::bpchar) THEN store_sales.ss_sales_price ELSE NULL::numeric END))", 
   "(sum(CASE WHEN (date_dim.d_day_name = 'Friday'::bpchar) THEN store_sales.ss_sales_price ELSE NULL::numeric END))", 
   "(sum(CASE WHEN (date_dim.d_day_name = 'Saturday'::bpchar) THEN store_sales.ss_sales_price ELSE NULL::numeric END))"
  ], 
  "Plan Width": 410, 
  "Total Cost": 25.92
 }, 
 {
  "Startup Cost": 25.91, 
  "plan_id": 888, 
  "Plans": [
   889
  ], 
  "Plan Rows": 1, 
  "Node Type": "Limit", 
  "filename": "plans/query43.json", 
  "Parallel Aware": false, 
  "Output": [
   "store.s_store_name", 
   "store.s_store_id", 
   "(sum(CASE WHEN (date_dim.d_day_name = 'Sunday'::bpchar) THEN store_sales.ss_sales_price ELSE NULL::numeric END))", 
   "(sum(CASE WHEN (date_dim.d_day_name = 'Monday'::bpchar) THEN store_sales.ss_sales_price ELSE NULL::numeric END))", 
   "(sum(CASE WHEN (date_dim.d_day_name = 'Tuesday'::bpchar) THEN store_sales.ss_sales_price ELSE NULL::numeric END))", 
   "(sum(CASE WHEN (date_dim.d_day_name = 'Wednesday'::bpchar) THEN store_sales.ss_sales_price ELSE NULL::numeric END))", 
   "(sum(CASE WHEN (date_dim.d_day_name = 'Thursday'::bpchar) THEN store_sales.ss_sales_price ELSE NULL::numeric END))", 
   "(sum(CASE WHEN (date_dim.d_day_name = 'Friday'::bpchar) THEN store_sales.ss_sales_price ELSE NULL::numeric END))", 
   "(sum(CASE WHEN (date_dim.d_day_name = 'Saturday'::bpchar) THEN store_sales.ss_sales_price ELSE NULL::numeric END))"
  ], 
  "Plan Width": 410, 
  "Total Cost": 25.92
 }, 
 {
  "Relation Name": "store_sales", 
  "Startup Cost": 0.0, 
  "plan_id": 909, 
  "Node Type": "Seq Scan", 
  "Plan Rows": 1, 
  "Filter": "((store_sales.ss_promo_sk IS NULL) AND (store_sales.ss_store_sk = 4))", 
  "Alias": "store_sales", 
  "filename": "plans/query44.json", 
  "Schema": "pg_temp_2", 
  "Parallel Aware": false, 
  "Parent Relationship": "Outer", 
  "Output": [
   "store_sales.ss_sold_date_sk", 
   "store_sales.ss_sold_time_sk", 
   "store_sales.ss_item_sk", 
   "store_sales.ss_customer_sk", 
   "store_sales.ss_cdemo_sk", 
   "store_sales.ss_hdemo_sk", 
   "store_sales.ss_addr_sk", 
   "store_sales.ss_store_sk", 
   "store_sales.ss_promo_sk", 
   "store_sales.ss_ticket_number", 
   "store_sales.ss_quantity", 
   "store_sales.ss_wholesale_cost", 
   "store_sales.ss_list_price", 
   "store_sales.ss_sales_price", 
   "store_sales.ss_ext_discount_amt", 
   "store_sales.ss_ext_sales_price", 
   "store_sales.ss_ext_wholesale_cost", 
   "store_sales.ss_ext_list_price", 
   "store_sales.ss_ext_tax", 
   "store_sales.ss_coupon_amt", 
   "store_sales.ss_net_paid", 
   "store_sales.ss_net_paid_inc_tax", 
   "store_sales.ss_net_profit"
  ], 
  "Plan Width": 18, 
  "Total Cost": 14.25
 }, 
 {
  "Relation Name": "store_sales", 
  "Startup Cost": 0.0, 
  "plan_id": 911, 
  "Node Type": "Seq Scan", 
  "Plan Rows": 2, 
  "Filter": "(ss1.ss_store_sk = 4)", 
  "Alias": "ss1", 
  "filename": "plans/query44.json", 
  "Schema": "pg_temp_2", 
  "Parallel Aware": false, 
  "Parent Relationship": "Outer", 
  "Output": [
   "ss1.ss_item_sk", 
   "ss1.ss_net_profit"
  ], 
  "Plan Width": 18, 
  "Total Cost": 14.25
 }, 
 {
  "Partial Mode": "Simple", 
  "Startup Cost": 0.0, 
  "Plan Width": 36, 
  "plan_id": 908, 
  "Plans": [
   909
  ], 
  "filename": "plans/query44.json", 
  "Node Type": "Aggregate", 
  "Strategy": "Sorted", 
  "Plan Rows": 1, 
  "Parallel Aware": false, 
  "Output": [
   "avg(store_sales.ss_net_profit)", 
   "store_sales.ss_store_sk"
  ], 
  "Group Key": [
   "store_sales.ss_store_sk"
  ], 
  "Parent Relationship": "InitPlan", 
  "Subplan Name": "InitPlan 1 (returns $0)", 
  "Total Cost": 14.27
 }, 
 {
  "Startup Cost": 14.26, 
  "plan_id": 910, 
  "Plans": [
   911
  ], 
  "Sort Key": [
   "ss1.ss_item_sk"
  ], 
  "Plan Rows": 2, 
  "Node Type": "Sort", 
  "filename": "plans/query44.json", 
  "Parallel Aware": false, 
  "Parent Relationship": "Outer", 
  "Output": [
   "ss1.ss_item_sk", 
   "ss1.ss_net_profit"
  ], 
  "Plan Width": 18, 
  "Total Cost": 14.27
 }, 
 {
  "Partial Mode": "Simple", 
  "Startup Cost": 28.53, 
  "Plan Width": 36, 
  "plan_id": 907, 
  "Plans": [
   908, 
   910
  ], 
  "filename": "plans/query44.json", 
  "Node Type": "Aggregate", 
  "Strategy": "Sorted", 
  "Filter": "(avg(ss1.ss_net_profit) > (0.9 * $0))", 
  "Plan Rows": 2, 
  "Parallel Aware": false, 
  "Output": [
   "ss1.ss_item_sk", 
   "avg(ss1.ss_net_profit)"
  ], 
  "Group Key": [
   "ss1.ss_item_sk"
  ], 
  "Parent Relationship": "Subquery", 
  "Total Cost": 28.58
 }, 
 {
  "Startup Cost": 28.53, 
  "plan_id": 906, 
  "Plans": [
   907
  ], 
  "Plan Rows": 2, 
  "Node Type": "Subquery Scan", 
  "Alias": "v1", 
  "filename": "plans/query44.json", 
  "Parallel Aware": false, 
  "Parent Relationship": "Outer", 
  "Output": [
   "v1.rank_col", 
   "v1.item_sk"
  ], 
  "Plan Width": 36, 
  "Total Cost": 28.6
 }, 
 {
  "Startup Cost": 28.61, 
  "plan_id": 905, 
  "Plans": [
   906
  ], 
  "Sort Key": [
   "v1.rank_col"
  ], 
  "Plan Rows": 2, 
  "Node Type": "Sort", 
  "filename": "plans/query44.json", 
  "Parallel Aware": false, 
  "Parent Relationship": "Outer", 
  "Output": [
   "v1.rank_col", 
   "v1.item_sk"
  ], 
  "Plan Width": 36, 
  "Total Cost": 28.61
 }, 
 {
  "Startup Cost": 28.61, 
  "plan_id": 904, 
  "Plans": [
   905
  ], 
  "Plan Rows": 2, 
  "Node Type": "WindowAgg", 
  "filename": "plans/query44.json", 
  "Parallel Aware": false, 
  "Parent Relationship": "Subquery", 
  "Output": [
   "v1.item_sk", 
   "rank() OVER (?)", 
   "v1.rank_col"
  ], 
  "Plan Width": 44, 
  "Total Cost": 28.64
 }, 
 {
  "Startup Cost": 28.61, 
  "plan_id": 903, 
  "Plans": [
   904
  ], 
  "Plan Rows": 1, 
  "Node Type": "Subquery Scan", 
  "Filter": "(v11.rnk < 11)", 
  "Alias": "v11", 
  "filename": "plans/query44.json", 
  "Parallel Aware": false, 
  "Parent Relationship": "Outer", 
  "Output": [
   "v11.rnk", 
   "v11.item_sk"
  ], 
  "Plan Width": 12, 
  "Total Cost": 28.67
 }, 
 {
  "Relation Name": "store_sales", 
  "Startup Cost": 0.0, 
  "plan_id": 919, 
  "Node Type": "Seq Scan", 
  "Plan Rows": 1, 
  "Filter": "((store_sales_1.ss_promo_sk IS NULL) AND (store_sales_1.ss_store_sk = 4))", 
  "Alias": "store_sales_1", 
  "filename": "plans/query44.json", 
  "Schema": "pg_temp_2", 
  "Parallel Aware": false, 
  "Parent Relationship": "Outer", 
  "Output": [
   "store_sales_1.ss_sold_date_sk", 
   "store_sales_1.ss_sold_time_sk", 
   "store_sales_1.ss_item_sk", 
   "store_sales_1.ss_customer_sk", 
   "store_sales_1.ss_cdemo_sk", 
   "store_sales_1.ss_hdemo_sk", 
   "store_sales_1.ss_addr_sk", 
   "store_sales_1.ss_store_sk", 
   "store_sales_1.ss_promo_sk", 
   "store_sales_1.ss_ticket_number", 
   "store_sales_1.ss_quantity", 
   "store_sales_1.ss_wholesale_cost", 
   "store_sales_1.ss_list_price", 
   "store_sales_1.ss_sales_price", 
   "store_sales_1.ss_ext_discount_amt", 
   "store_sales_1.ss_ext_sales_price", 
   "store_sales_1.ss_ext_wholesale_cost", 
   "store_sales_1.ss_ext_list_price", 
   "store_sales_1.ss_ext_tax", 
   "store_sales_1.ss_coupon_amt", 
   "store_sales_1.ss_net_paid", 
   "store_sales_1.ss_net_paid_inc_tax", 
   "store_sales_1.ss_net_profit"
  ], 
  "Plan Width": 18, 
  "Total Cost": 14.25
 }, 
 {
  "Relation Name": "store_sales", 
  "Startup Cost": 0.0, 
  "plan_id": 921, 
  "Node Type": "Seq Scan", 
  "Plan Rows": 2, 
  "Filter": "(ss1_1.ss_store_sk = 4)", 
  "Alias": "ss1_1", 
  "filename": "plans/query44.json", 
  "Schema": "pg_temp_2", 
  "Parallel Aware": false, 
  "Parent Relationship": "Outer", 
  "Output": [
   "ss1_1.ss_item_sk", 
   "ss1_1.ss_net_profit"
  ], 
  "Plan Width": 18, 
  "Total Cost": 14.25
 }, 
 {
  "Partial Mode": "Simple", 
  "Startup Cost": 0.0, 
  "Plan Width": 36, 
  "plan_id": 918, 
  "Plans": [
   919
  ], 
  "filename": "plans/query44.json", 
  "Node Type": "Aggregate", 
  "Strategy": "Sorted", 
  "Plan Rows": 1, 
  "Parallel Aware": false, 
  "Output": [
   "avg(store_sales_1.ss_net_profit)", 
   "store_sales_1.ss_store_sk"
  ], 
  "Group Key": [
   "store_sales_1.ss_store_sk"
  ], 
  "Parent Relationship": "InitPlan", 
  "Subplan Name": "InitPlan 2 (returns $1)", 
  "Total Cost": 14.27
 }, 
 {
  "Startup Cost": 14.26, 
  "plan_id": 920, 
  "Plans": [
   921
  ], 
  "Sort Key": [
   "ss1_1.ss_item_sk"
  ], 
  "Plan Rows": 2, 
  "Node Type": "Sort", 
  "filename": "plans/query44.json", 
  "Parallel Aware": false, 
  "Parent Relationship": "Outer", 
  "Output": [
   "ss1_1.ss_item_sk", 
   "ss1_1.ss_net_profit"
  ], 
  "Plan Width": 18, 
  "Total Cost": 14.27
 }, 
 {
  "Partial Mode": "Simple", 
  "Startup Cost": 28.53, 
  "Plan Width": 36, 
  "plan_id": 917, 
  "Plans": [
   918, 
   920
  ], 
  "filename": "plans/query44.json", 
  "Node Type": "Aggregate", 
  "Strategy": "Sorted", 
  "Filter": "(avg(ss1_1.ss_net_profit) > (0.9 * $1))", 
  "Plan Rows": 2, 
  "Parallel Aware": false, 
  "Output": [
   "ss1_1.ss_item_sk", 
   "avg(ss1_1.ss_net_profit)"
  ], 
  "Group Key": [
   "ss1_1.ss_item_sk"
  ], 
  "Parent Relationship": "Subquery", 
  "Total Cost": 28.58
 }, 
 {
  "Startup Cost": 28.53, 
  "plan_id": 916, 
  "Plans": [
   917
  ], 
  "Plan Rows": 2, 
  "Node Type": "Subquery Scan", 
  "Alias": "v2", 
  "filename": "plans/query44.json", 
  "Parallel Aware": false, 
  "Parent Relationship": "Outer", 
  "Output": [
   "v2.rank_col", 
   "v2.item_sk"
  ], 
  "Plan Width": 36, 
  "Total Cost": 28.6
 }, 
 {
  "Startup Cost": 28.61, 
  "plan_id": 915, 
  "Plans": [
   916
  ], 
  "Sort Key": [
   "v2.rank_col DESC"
  ], 
  "Plan Rows": 2, 
  "Node Type": "Sort", 
  "filename": "plans/query44.json", 
  "Parallel Aware": false, 
  "Parent Relationship": "Outer", 
  "Output": [
   "v2.rank_col", 
   "v2.item_sk"
  ], 
  "Plan Width": 36, 
  "Total Cost": 28.61
 }, 
 {
  "Startup Cost": 28.61, 
  "plan_id": 914, 
  "Plans": [
   915
  ], 
  "Plan Rows": 2, 
  "Node Type": "WindowAgg", 
  "filename": "plans/query44.json", 
  "Parallel Aware": false, 
  "Parent Relationship": "Subquery", 
  "Output": [
   "v2.item_sk", 
   "rank() OVER (?)", 
   "v2.rank_col"
  ], 
  "Plan Width": 44, 
  "Total Cost": 28.64
 }, 
 {
  "Startup Cost": 28.61, 
  "plan_id": 913, 
  "Plans": [
   914
  ], 
  "Plan Rows": 1, 
  "Node Type": "Subquery Scan", 
  "Filter": "(v21.rnk < 11)", 
  "Alias": "v21", 
  "filename": "plans/query44.json", 
  "Parallel Aware": false, 
  "Parent Relationship": "Outer", 
  "Output": [
   "v21.rnk", 
   "v21.item_sk"
  ], 
  "Plan Width": 12, 
  "Total Cost": 28.67
 }, 
 {
  "Startup Cost": 28.68, 
  "plan_id": 902, 
  "Plans": [
   903
  ], 
  "Sort Key": [
   "v11.rnk"
  ], 
  "Plan Rows": 1, 
  "Node Type": "Sort", 
  "filename": "plans/query44.json", 
  "Parallel Aware": false, 
  "Parent Relationship": "Outer", 
  "Output": [
   "v11.rnk", 
   "v11.item_sk"
  ], 
  "Plan Width": 12, 
  "Total Cost": 28.68
 }, 
 {
  "Startup Cost": 28.68, 
  "plan_id": 912, 
  "Plans": [
   913
  ], 
  "Sort Key": [
   "v21.rnk"
  ], 
  "Plan Rows": 1, 
  "Node Type": "Sort", 
  "filename": "plans/query44.json", 
  "Parallel Aware": false, 
  "Parent Relationship": "Inner", 
  "Output": [
   "v21.rnk", 
   "v21.item_sk"
  ], 
  "Plan Width": 12, 
  "Total Cost": 28.68
 }, 
 {
  "Startup Cost": 57.35, 
  "plan_id": 901, 
  "Plans": [
   902, 
   912
  ], 
  "Plan Rows": 1, 
  "Node Type": "Merge Join", 
  "Join Type": "Inner", 
  "filename": "plans/query44.json", 
  "Parallel Aware": false, 
  "Parent Relationship": "Outer", 
  "Output": [
   "v11.rnk", 
   "v11.item_sk", 
   "v21.item_sk"
  ], 
  "Plan Width": 16, 
  "Merge Cond": "(v11.rnk = v21.rnk)", 
  "Total Cost": 57.38
 }, 
 {
  "Startup Cost": 0.14, 
  "filename": "plans/query44.json", 
  "plan_id": 922, 
  "Scan Direction": "Forward", 
  "Index Cond": "(i1.i_item_sk = v11.item_sk)", 
  "Node Type": "Index Scan", 
  "Relation Name": "item", 
  "Alias": "i1", 
  "Plan Rows": 1, 
  "Schema": "pg_temp_2", 
  "Parallel Aware": false, 
  "Parent Relationship": "Inner", 
  "Output": [
   "i1.i_item_sk", 
   "i1.i_item_id", 
   "i1.i_rec_start_date", 
   "i1.i_rec_end_date", 
   "i1.i_item_desc", 
   "i1.i_current_price", 
   "i1.i_wholesale_cost", 
   "i1.i_brand_id", 
   "i1.i_brand", 
   "i1.i_class_id", 
   "i1.i_class", 
   "i1.i_category_id", 
   "i1.i_category", 
   "i1.i_manufact_id", 
   "i1.i_manufact", 
   "i1.i_size", 
   "i1.i_formulation", 
   "i1.i_color", 
   "i1.i_units", 
   "i1.i_container", 
   "i1.i_manager_id", 
   "i1.i_product_name"
  ], 
  "Index Name": "item_pkey", 
  "Plan Width": 208, 
  "Total Cost": 8.16
 }, 
 {
  "Startup Cost": 57.49, 
  "plan_id": 900, 
  "Plans": [
   901, 
   922
  ], 
  "Plan Rows": 1, 
  "Node Type": "Nested Loop", 
  "Join Type": "Inner", 
  "filename": "plans/query44.json", 
  "Parallel Aware": false, 
  "Parent Relationship": "Outer", 
  "Output": [
   "v11.rnk", 
   "v21.item_sk", 
   "i1.i_product_name"
  ], 
  "Plan Width": 216, 
  "Total Cost": 65.55
 }, 
 {
  "Startup Cost": 0.14, 
  "filename": "plans/query44.json", 
  "plan_id": 923, 
  "Scan Direction": "Forward", 
  "Index Cond": "(i2.i_item_sk = v21.item_sk)", 
  "Node Type": "Index Scan", 
  "Relation Name": "item", 
  "Alias": "i2", 
  "Plan Rows": 1, 
  "Schema": "pg_temp_2", 
  "Parallel Aware": false, 
  "Parent Relationship": "Inner", 
  "Output": [
   "i2.i_item_sk", 
   "i2.i_item_id", 
   "i2.i_rec_start_date", 
   "i2.i_rec_end_date", 
   "i2.i_item_desc", 
   "i2.i_current_price", 
   "i2.i_wholesale_cost", 
   "i2.i_brand_id", 
   "i2.i_brand", 
   "i2.i_class_id", 
   "i2.i_class", 
   "i2.i_category_id", 
   "i2.i_category", 
   "i2.i_manufact_id", 
   "i2.i_manufact", 
   "i2.i_size", 
   "i2.i_formulation", 
   "i2.i_color", 
   "i2.i_units", 
   "i2.i_container", 
   "i2.i_manager_id", 
   "i2.i_product_name"
  ], 
  "Index Name": "item_pkey", 
  "Plan Width": 208, 
  "Total Cost": 8.16
 }, 
 {
  "Startup Cost": 57.63, 
  "plan_id": 899, 
  "Plans": [
   900, 
   923
  ], 
  "Plan Rows": 1, 
  "Node Type": "Nested Loop", 
  "Join Type": "Inner", 
  "filename": "plans/query44.json", 
  "Parallel Aware": false, 
  "Parent Relationship": "Outer", 
  "Output": [
   "v11.rnk", 
   "i1.i_product_name", 
   "i2.i_product_name"
  ], 
  "Plan Width": 416, 
  "Total Cost": 73.72
 }, 
 {
  "Startup Cost": 57.63, 
  "plan_id": 898, 
  "Plans": [
   899
  ], 
  "Plan Rows": 1, 
  "Node Type": "Limit", 
  "filename": "plans/query44.json", 
  "Parallel Aware": false, 
  "Output": [
   "v11.rnk", 
   "i1.i_product_name", 
   "i2.i_product_name"
  ], 
  "Plan Width": 416, 
  "Total Cost": 73.72
 }, 
 {
  "Relation Name": "date_dim", 
  "Startup Cost": 0.0, 
  "plan_id": 933, 
  "Node Type": "Seq Scan", 
  "Plan Rows": 1, 
  "Filter": "((date_dim.d_qoy = 2) AND (date_dim.d_year = 2002))", 
  "Alias": "date_dim", 
  "filename": "plans/query45.json", 
  "Schema": "pg_temp_2", 
  "Parallel Aware": false, 
  "Parent Relationship": "Outer", 
  "Output": [
   "date_dim.d_date_sk"
  ], 
  "Plan Width": 4, 
  "Total Cost": 14.05
 }, 
 {
  "Startup Cost": 0.0, 
  "plan_id": 931, 
  "Node Type": "Seq Scan", 
  "Plan Rows": 260, 
  "Relation Name": "web_sales", 
  "Alias": "web_sales", 
  "filename": "plans/query45.json", 
  "Schema": "pg_temp_2", 
  "Parallel Aware": false, 
  "Parent Relationship": "Outer", 
  "Output": [
   "web_sales.ws_sold_date_sk", 
   "web_sales.ws_sold_time_sk", 
   "web_sales.ws_ship_date_sk", 
   "web_sales.ws_item_sk", 
   "web_sales.ws_bill_customer_sk", 
   "web_sales.ws_bill_cdemo_sk", 
   "web_sales.ws_bill_hdemo_sk", 
   "web_sales.ws_bill_addr_sk", 
   "web_sales.ws_ship_customer_sk", 
   "web_sales.ws_ship_cdemo_sk", 
   "web_sales.ws_ship_hdemo_sk", 
   "web_sales.ws_ship_addr_sk", 
   "web_sales.ws_web_page_sk", 
   "web_sales.ws_web_site_sk", 
   "web_sales.ws_ship_mode_sk", 
   "web_sales.ws_warehouse_sk", 
   "web_sales.ws_promo_sk", 
   "web_sales.ws_order_number", 
   "web_sales.ws_quantity", 
   "web_sales.ws_wholesale_cost", 
   "web_sales.ws_list_price", 
   "web_sales.ws_sales_price", 
   "web_sales.ws_ext_discount_amt", 
   "web_sales.ws_ext_sales_price", 
   "web_sales.ws_ext_wholesale_cost", 
   "web_sales.ws_ext_list_price", 
   "web_sales.ws_ext_tax", 
   "web_sales.ws_coupon_amt", 
   "web_sales.ws_ext_ship_cost", 
   "web_sales.ws_net_paid", 
   "web_sales.ws_net_paid_inc_tax", 
   "web_sales.ws_net_paid_inc_ship", 
   "web_sales.ws_net_paid_inc_ship_tax", 
   "web_sales.ws_net_profit"
  ], 
  "Plan Width": 26, 
  "Total Cost": 12.6
 }, 
 {
  "Startup Cost": 14.05, 
  "plan_id": 932, 
  "Plans": [
   933
  ], 
  "Plan Rows": 1, 
  "Node Type": "Hash", 
  "filename": "plans/query45.json", 
  "Parallel Aware": false, 
  "Parent Relationship": "Inner", 
  "Output": [
   "date_dim.d_date_sk"
  ], 
  "Plan Width": 4, 
  "Total Cost": 14.05
 }, 
 {
  "Startup Cost": 14.06, 
  "Plan Width": 22, 
  "plan_id": 930, 
  "Plans": [
   931, 
   932
  ], 
  "Plan Rows": 1, 
  "Node Type": "Hash Join", 
  "Join Type": "Inner", 
  "filename": "plans/query45.json", 
  "Parallel Aware": false, 
  "Output": [
   "web_sales.ws_sales_price", 
   "web_sales.ws_bill_customer_sk", 
   "web_sales.ws_item_sk"
  ], 
  "Hash Cond": "(web_sales.ws_sold_date_sk = date_dim.d_date_sk)", 
  "Parent Relationship": "Outer", 
  "Total Cost": 27.65
 }, 
 {
  "Startup Cost": 0.14, 
  "filename": "plans/query45.json", 
  "plan_id": 934, 
  "Scan Direction": "Forward", 
  "Index Cond": "(customer.c_customer_sk = web_sales.ws_bill_customer_sk)", 
  "Node Type": "Index Scan", 
  "Relation Name": "customer", 
  "Alias": "customer", 
  "Plan Rows": 1, 
  "Schema": "pg_temp_2", 
  "Parallel Aware": false, 
  "Parent Relationship": "Inner", 
  "Output": [
   "customer.c_customer_sk", 
   "customer.c_customer_id", 
   "customer.c_current_cdemo_sk", 
   "customer.c_current_hdemo_sk", 
   "customer.c_current_addr_sk", 
   "customer.c_first_shipto_date_sk", 
   "customer.c_first_sales_date_sk", 
   "customer.c_salutation", 
   "customer.c_first_name", 
   "customer.c_last_name", 
   "customer.c_preferred_cust_flag", 
   "customer.c_birth_day", 
   "customer.c_birth_month", 
   "customer.c_birth_year", 
   "customer.c_birth_country", 
   "customer.c_login", 
   "customer.c_email_address", 
   "customer.c_last_review_date"
  ], 
  "Index Name": "customer_pkey", 
  "Plan Width": 8, 
  "Total Cost": 0.33
 }, 
 {
  "Startup Cost": 14.21, 
  "plan_id": 929, 
  "Plans": [
   930, 
   934
  ], 
  "Plan Rows": 1, 
  "Node Type": "Nested Loop", 
  "Join Type": "Inner", 
  "filename": "plans/query45.json", 
  "Parallel Aware": false, 
  "Parent Relationship": "Outer", 
  "Output": [
   "web_sales.ws_sales_price", 
   "web_sales.ws_item_sk", 
   "customer.c_current_addr_sk"
  ], 
  "Plan Width": 22, 
  "Total Cost": 27.99
 }, 
 {
  "Startup Cost": 0.14, 
  "filename": "plans/query45.json", 
  "plan_id": 935, 
  "Scan Direction": "Forward", 
  "Index Cond": "(customer_address.ca_address_sk = customer.c_current_addr_sk)", 
  "Node Type": "Index Scan", 
  "Relation Name": "customer_address", 
  "Alias": "customer_address", 
  "Plan Rows": 1, 
  "Schema": "pg_temp_2", 
  "Parallel Aware": false, 
  "Parent Relationship": "Inner", 
  "Output": [
   "customer_address.ca_address_sk", 
   "customer_address.ca_address_id", 
   "customer_address.ca_street_number", 
   "customer_address.ca_street_name", 
   "customer_address.ca_street_type", 
   "customer_address.ca_suite_number", 
   "customer_address.ca_city", 
   "customer_address.ca_county", 
   "customer_address.ca_state", 
   "customer_address.ca_zip", 
   "customer_address.ca_country", 
   "customer_address.ca_gmt_offset", 
   "customer_address.ca_location_type"
  ], 
  "Index Name": "customer_address_pkey", 
  "Plan Width": 186, 
  "Total Cost": 0.6
 }, 
 {
  "Startup Cost": 14.35, 
  "plan_id": 928, 
  "Plans": [
   929, 
   935
  ], 
  "Plan Rows": 1, 
  "Node Type": "Nested Loop", 
  "Join Type": "Inner", 
  "filename": "plans/query45.json", 
  "Parallel Aware": false, 
  "Parent Relationship": "Outer", 
  "Output": [
   "web_sales.ws_sales_price", 
   "web_sales.ws_item_sk", 
   "customer_address.ca_zip", 
   "customer_address.ca_city"
  ], 
  "Plan Width": 200, 
  "Total Cost": 28.6
 }, 
 {
  "Startup Cost": 0.14, 
  "filename": "plans/query45.json", 
  "plan_id": 936, 
  "Scan Direction": "Forward", 
  "Index Cond": "(item.i_item_sk = web_sales.ws_item_sk)", 
  "Node Type": "Index Scan", 
  "Relation Name": "item", 
  "Alias": "item", 
  "Plan Rows": 1, 
  "Schema": "pg_temp_2", 
  "Parallel Aware": false, 
  "Parent Relationship": "Inner", 
  "Output": [
   "item.i_item_sk", 
   "item.i_item_id", 
   "item.i_rec_start_date", 
   "item.i_rec_end_date", 
   "item.i_item_desc", 
   "item.i_current_price", 
   "item.i_wholesale_cost", 
   "item.i_brand_id", 
   "item.i_brand", 
   "item.i_class_id", 
   "item.i_class", 
   "item.i_category_id", 
   "item.i_category", 
   "item.i_manufact_id", 
   "item.i_manufact", 
   "item.i_size", 
   "item.i_formulation", 
   "item.i_color", 
   "item.i_units", 
   "item.i_container", 
   "item.i_manager_id", 
   "item.i_product_name"
  ], 
  "Index Name": "item_pkey", 
  "Plan Width": 72, 
  "Total Cost": 0.33
 }, 
 {
  "Relation Name": "item", 
  "Startup Cost": 0.0, 
  "plan_id": 937, 
  "Node Type": "Seq Scan", 
  "Plan Rows": 10, 
  "Filter": "(item_1.i_item_sk = ANY ('{2,3,5,7,11,13,17,19,23,29}'::integer[]))", 
  "Alias": "item_1", 
  "filename": "plans/query45.json", 
  "Schema": "pg_temp_2", 
  "Parallel Aware": false, 
  "Parent Relationship": "SubPlan", 
  "Output": [
   "item_1.i_item_id"
  ], 
  "Plan Width": 68, 
  "Subplan Name": "SubPlan 1", 
  "Total Cost": 10.9
 }, 
 {
  "Startup Cost": 25.41, 
  "plan_id": 927, 
  "Plans": [
   928, 
   936, 
   937
  ], 
  "Plan Rows": 1, 
  "Node Type": "Nested Loop", 
  "Join Type": "Inner", 
  "filename": "plans/query45.json", 
  "Parallel Aware": false, 
  "Parent Relationship": "Outer", 
  "Output": [
   "customer_address.ca_zip", 
   "customer_address.ca_city", 
   "web_sales.ws_sales_price"
  ], 
  "Plan Width": 196, 
  "Join Filter": "((substr((customer_address.ca_zip)::text, 1, 5) = ANY ('{85669,86197,88274,83405,86475,85392,85460,80348,81792}'::text[])) OR (hashed SubPlan 1))", 
  "Total Cost": 39.88
 }, 
 {
  "Startup Cost": 39.89, 
  "plan_id": 926, 
  "Plans": [
   927
  ], 
  "Sort Key": [
   "customer_address.ca_zip", 
   "customer_address.ca_city"
  ], 
  "Plan Rows": 1, 
  "Node Type": "Sort", 
  "filename": "plans/query45.json", 
  "Parallel Aware": false, 
  "Parent Relationship": "Outer", 
  "Output": [
   "customer_address.ca_zip", 
   "customer_address.ca_city", 
   "web_sales.ws_sales_price"
  ], 
  "Plan Width": 196, 
  "Total Cost": 39.89
 }, 
 {
  "Partial Mode": "Simple", 
  "Startup Cost": 39.89, 
  "Plan Width": 214, 
  "plan_id": 925, 
  "Plans": [
   926
  ], 
  "filename": "plans/query45.json", 
  "Node Type": "Aggregate", 
  "Strategy": "Sorted", 
  "Plan Rows": 1, 
  "Parallel Aware": false, 
  "Output": [
   "customer_address.ca_zip", 
   "customer_address.ca_city", 
   "sum(web_sales.ws_sales_price)"
  ], 
  "Group Key": [
   "customer_address.ca_zip", 
   "customer_address.ca_city"
  ], 
  "Parent Relationship": "Outer", 
  "Total Cost": 39.91
 }, 
 {
  "Startup Cost": 39.89, 
  "plan_id": 924, 
  "Plans": [
   925
  ], 
  "Plan Rows": 1, 
  "Node Type": "Limit", 
  "filename": "plans/query45.json", 
  "Parallel Aware": false, 
  "Output": [
   "customer_address.ca_zip", 
   "customer_address.ca_city", 
   "(sum(web_sales.ws_sales_price))"
  ], 
  "Plan Width": 214, 
  "Total Cost": 39.91
 }, 
 {
  "Relation Name": "store", 
  "Startup Cost": 0.0, 
  "plan_id": 950, 
  "Node Type": "Seq Scan", 
  "Plan Rows": 5, 
  "Filter": "((store.s_city)::text = ANY ('{Fairview,Midway,Fairview,Fairview,Fairview}'::text[]))", 
  "Alias": "store", 
  "filename": "plans/query46.json", 
  "Schema": "pg_temp_2", 
  "Parallel Aware": false, 
  "Parent Relationship": "Outer", 
  "Output": [
   "store.s_store_sk"
  ], 
  "Plan Width": 4, 
  "Total Cost": 10.65
 }, 
 {
  "Startup Cost": 0.0, 
  "plan_id": 948, 
  "Node Type": "Seq Scan", 
  "Plan Rows": 340, 
  "Relation Name": "store_sales", 
  "Alias": "store_sales", 
  "filename": "plans/query46.json", 
  "Schema": "pg_temp_2", 
  "Parallel Aware": false, 
  "Parent Relationship": "Outer", 
  "Output": [
   "store_sales.ss_sold_date_sk", 
   "store_sales.ss_sold_time_sk", 
   "store_sales.ss_item_sk", 
   "store_sales.ss_customer_sk", 
   "store_sales.ss_cdemo_sk", 
   "store_sales.ss_hdemo_sk", 
   "store_sales.ss_addr_sk", 
   "store_sales.ss_store_sk", 
   "store_sales.ss_promo_sk", 
   "store_sales.ss_ticket_number", 
   "store_sales.ss_quantity", 
   "store_sales.ss_wholesale_cost", 
   "store_sales.ss_list_price", 
   "store_sales.ss_sales_price", 
   "store_sales.ss_ext_discount_amt", 
   "store_sales.ss_ext_sales_price", 
   "store_sales.ss_ext_wholesale_cost", 
   "store_sales.ss_ext_list_price", 
   "store_sales.ss_ext_tax", 
   "store_sales.ss_coupon_amt", 
   "store_sales.ss_net_paid", 
   "store_sales.ss_net_paid_inc_tax", 
   "store_sales.ss_net_profit"
  ], 
  "Plan Width": 52, 
  "Total Cost": 13.4
 }, 
 {
  "Startup Cost": 10.65, 
  "plan_id": 949, 
  "Plans": [
   950
  ], 
  "Plan Rows": 5, 
  "Node Type": "Hash", 
  "filename": "plans/query46.json", 
  "Parallel Aware": false, 
  "Parent Relationship": "Inner", 
  "Output": [
   "store.s_store_sk"
  ], 
  "Plan Width": 4, 
  "Total Cost": 10.65
 }, 
 {
  "Startup Cost": 10.71, 
  "Plan Width": 48, 
  "plan_id": 947, 
  "Plans": [
   948, 
   949
  ], 
  "Plan Rows": 8, 
  "Node Type": "Hash Join", 
  "Join Type": "Inner", 
  "filename": "plans/query46.json", 
  "Parallel Aware": false, 
  "Output": [
   "store_sales.ss_ticket_number", 
   "store_sales.ss_customer_sk", 
   "store_sales.ss_coupon_amt", 
   "store_sales.ss_net_profit", 
   "store_sales.ss_addr_sk", 
   "store_sales.ss_sold_date_sk", 
   "store_sales.ss_hdemo_sk"
  ], 
  "Hash Cond": "(store_sales.ss_store_sk = store.s_store_sk)", 
  "Parent Relationship": "Outer", 
  "Total Cost": 25.47
 }, 
 {
  "Filter": "((date_dim.d_dow = ANY ('{6,0}'::integer[])) AND (date_dim.d_year = ANY ('{2000,2001,2002}'::integer[])))", 
  "Startup Cost": 0.15, 
  "filename": "plans/query46.json", 
  "plan_id": 951, 
  "Scan Direction": "Forward", 
  "Index Cond": "(date_dim.d_date_sk = store_sales.ss_sold_date_sk)", 
  "Node Type": "Index Scan", 
  "Relation Name": "date_dim", 
  "Alias": "date_dim", 
  "Plan Rows": 1, 
  "Schema": "pg_temp_2", 
  "Parallel Aware": false, 
  "Parent Relationship": "Inner", 
  "Output": [
   "date_dim.d_date_sk", 
   "date_dim.d_date_id", 
   "date_dim.d_date", 
   "date_dim.d_month_seq", 
   "date_dim.d_week_seq", 
   "date_dim.d_quarter_seq", 
   "date_dim.d_year", 
   "date_dim.d_dow", 
   "date_dim.d_moy", 
   "date_dim.d_dom", 
   "date_dim.d_qoy", 
   "date_dim.d_fy_year", 
   "date_dim.d_fy_quarter_seq", 
   "date_dim.d_fy_week_seq", 
   "date_dim.d_day_name", 
   "date_dim.d_quarter_name", 
   "date_dim.d_holiday", 
   "date_dim.d_weekend", 
   "date_dim.d_following_holiday", 
   "date_dim.d_first_dom", 
   "date_dim.d_last_dom", 
   "date_dim.d_same_day_ly", 
   "date_dim.d_same_day_lq", 
   "date_dim.d_current_day", 
   "date_dim.d_current_week", 
   "date_dim.d_current_month", 
   "date_dim.d_current_quarter", 
   "date_dim.d_current_year"
  ], 
  "Index Name": "date_dim_pkey", 
  "Plan Width": 4, 
  "Total Cost": 0.3
 }, 
 {
  "Startup Cost": 10.86, 
  "plan_id": 946, 
  "Plans": [
   947, 
   951
  ], 
  "Plan Rows": 1, 
  "Node Type": "Nested Loop", 
  "Join Type": "Inner", 
  "filename": "plans/query46.json", 
  "Parallel Aware": false, 
  "Parent Relationship": "Outer", 
  "Output": [
   "store_sales.ss_ticket_number", 
   "store_sales.ss_customer_sk", 
   "store_sales.ss_coupon_amt", 
   "store_sales.ss_net_profit", 
   "store_sales.ss_addr_sk", 
   "store_sales.ss_hdemo_sk"
  ], 
  "Plan Width": 44, 
  "Total Cost": 27.95
 }, 
 {
  "Filter": "((household_demographics.hd_dep_count = 1) OR (household_demographics.hd_vehicle_count = '-1'::integer))", 
  "Startup Cost": 0.15, 
  "filename": "plans/query46.json", 
  "plan_id": 952, 
  "Scan Direction": "Forward", 
  "Index Cond": "(household_demographics.hd_demo_sk = store_sales.ss_hdemo_sk)", 
  "Node Type": "Index Scan", 
  "Relation Name": "household_demographics", 
  "Alias": "household_demographics", 
  "Plan Rows": 1, 
  "Schema": "pg_temp_2", 
  "Parallel Aware": false, 
  "Parent Relationship": "Inner", 
  "Output": [
   "household_demographics.hd_demo_sk", 
   "household_demographics.hd_income_band_sk", 
   "household_demographics.hd_buy_potential", 
   "household_demographics.hd_dep_count", 
   "household_demographics.hd_vehicle_count"
  ], 
  "Index Name": "household_demographics_pkey", 
  "Plan Width": 4, 
  "Total Cost": 0.3
 }, 
 {
  "Startup Cost": 11.01, 
  "plan_id": 945, 
  "Plans": [
   946, 
   952
  ], 
  "Plan Rows": 1, 
  "Node Type": "Nested Loop", 
  "Join Type": "Inner", 
  "filename": "plans/query46.json", 
  "Parallel Aware": false, 
  "Parent Relationship": "Outer", 
  "Output": [
   "store_sales.ss_ticket_number", 
   "store_sales.ss_customer_sk", 
   "store_sales.ss_coupon_amt", 
   "store_sales.ss_net_profit", 
   "store_sales.ss_addr_sk"
  ], 
  "Plan Width": 40, 
  "Total Cost": 28.26
 }, 
 {
  "Startup Cost": 0.14, 
  "filename": "plans/query46.json", 
  "plan_id": 953, 
  "Scan Direction": "Forward", 
  "Index Cond": "(customer_address.ca_address_sk = store_sales.ss_addr_sk)", 
  "Node Type": "Index Scan", 
  "Relation Name": "customer_address", 
  "Alias": "customer_address", 
  "Plan Rows": 1, 
  "Schema": "pg_temp_2", 
  "Parallel Aware": false, 
  "Parent Relationship": "Inner", 
  "Output": [
   "customer_address.ca_address_sk", 
   "customer_address.ca_address_id", 
   "customer_address.ca_street_number", 
   "customer_address.ca_street_name", 
   "customer_address.ca_street_type", 
   "customer_address.ca_suite_number", 
   "customer_address.ca_city", 
   "customer_address.ca_county", 
   "customer_address.ca_state", 
   "customer_address.ca_zip", 
   "customer_address.ca_country", 
   "customer_address.ca_gmt_offset", 
   "customer_address.ca_location_type"
  ], 
  "Index Name": "customer_address_pkey", 
  "Plan Width": 142, 
  "Total Cost": 0.29
 }, 
 {
  "Startup Cost": 11.15, 
  "plan_id": 944, 
  "Plans": [
   945, 
   953
  ], 
  "Plan Rows": 1, 
  "Node Type": "Nested Loop", 
  "Join Type": "Inner", 
  "filename": "plans/query46.json", 
  "Parallel Aware": false, 
  "Parent Relationship": "Outer", 
  "Output": [
   "store_sales.ss_ticket_number", 
   "store_sales.ss_customer_sk", 
   "customer_address.ca_city", 
   "store_sales.ss_addr_sk", 
   "store_sales.ss_coupon_amt", 
   "store_sales.ss_net_profit"
  ], 
  "Plan Width": 178, 
  "Total Cost": 28.56
 }, 
 {
  "Startup Cost": 28.57, 
  "plan_id": 943, 
  "Plans": [
   944
  ], 
  "Sort Key": [
   "store_sales.ss_ticket_number", 
   "store_sales.ss_customer_sk", 
   "store_sales.ss_addr_sk", 
   "customer_address.ca_city"
  ], 
  "Plan Rows": 1, 
  "Node Type": "Sort", 
  "filename": "plans/query46.json", 
  "Parallel Aware": false, 
  "Parent Relationship": "Outer", 
  "Output": [
   "store_sales.ss_ticket_number", 
   "store_sales.ss_customer_sk", 
   "customer_address.ca_city", 
   "store_sales.ss_addr_sk", 
   "store_sales.ss_coupon_amt", 
   "store_sales.ss_net_profit"
  ], 
  "Plan Width": 178, 
  "Total Cost": 28.58
 }, 
 {
  "Partial Mode": "Simple", 
  "Startup Cost": 28.57, 
  "Plan Width": 214, 
  "plan_id": 942, 
  "Plans": [
   943
  ], 
  "filename": "plans/query46.json", 
  "Node Type": "Aggregate", 
  "Strategy": "Sorted", 
  "Plan Rows": 1, 
  "Parallel Aware": false, 
  "Output": [
   "store_sales.ss_ticket_number", 
   "store_sales.ss_customer_sk", 
   "customer_address.ca_city", 
   "sum(store_sales.ss_coupon_amt)", 
   "sum(store_sales.ss_net_profit)", 
   "store_sales.ss_addr_sk"
  ], 
  "Group Key": [
   "store_sales.ss_ticket_number", 
   "store_sales.ss_customer_sk", 
   "store_sales.ss_addr_sk", 
   "customer_address.ca_city"
  ], 
  "Parent Relationship": "Outer", 
  "Total Cost": 28.61
 }, 
 {
  "Startup Cost": 0.14, 
  "filename": "plans/query46.json", 
  "plan_id": 954, 
  "Scan Direction": "Forward", 
  "Index Cond": "(customer.c_customer_sk = store_sales.ss_customer_sk)", 
  "Node Type": "Index Scan", 
  "Relation Name": "customer", 
  "Alias": "customer", 
  "Plan Rows": 1, 
  "Schema": "pg_temp_2", 
  "Parallel Aware": false, 
  "Parent Relationship": "Inner", 
  "Output": [
   "customer.c_customer_sk", 
   "customer.c_customer_id", 
   "customer.c_current_cdemo_sk", 
   "customer.c_current_hdemo_sk", 
   "customer.c_current_addr_sk", 
   "customer.c_first_shipto_date_sk", 
   "customer.c_first_sales_date_sk", 
   "customer.c_salutation", 
   "customer.c_first_name", 
   "customer.c_last_name", 
   "customer.c_preferred_cust_flag", 
   "customer.c_birth_day", 
   "customer.c_birth_month", 
   "customer.c_birth_year", 
   "customer.c_birth_country", 
   "customer.c_login", 
   "customer.c_email_address", 
   "customer.c_last_review_date"
  ], 
  "Index Name": "customer_pkey", 
  "Plan Width": 216, 
  "Total Cost": 8.16
 }, 
 {
  "Startup Cost": 28.72, 
  "plan_id": 941, 
  "Plans": [
   942, 
   954
  ], 
  "Plan Rows": 1, 
  "Node Type": "Nested Loop", 
  "Join Type": "Inner", 
  "filename": "plans/query46.json", 
  "Parallel Aware": false, 
  "Parent Relationship": "Outer", 
  "Output": [
   "customer_address.ca_city", 
   "store_sales.ss_ticket_number", 
   "(sum(store_sales.ss_coupon_amt))", 
   "(sum(store_sales.ss_net_profit))", 
   "customer.c_last_name", 
   "customer.c_first_name", 
   "customer.c_current_addr_sk"
  ], 
  "Plan Width": 418, 
  "Total Cost": 36.79
 }, 
 {
  "Startup Cost": 0.14, 
  "filename": "plans/query46.json", 
  "plan_id": 955, 
  "Scan Direction": "Forward", 
  "Index Cond": "(current_addr.ca_address_sk = customer.c_current_addr_sk)", 
  "Node Type": "Index Scan", 
  "Relation Name": "customer_address", 
  "Alias": "current_addr", 
  "Plan Rows": 1, 
  "Schema": "pg_temp_2", 
  "Parallel Aware": false, 
  "Parent Relationship": "Inner", 
  "Output": [
   "current_addr.ca_address_sk", 
   "current_addr.ca_address_id", 
   "current_addr.ca_street_number", 
   "current_addr.ca_street_name", 
   "current_addr.ca_street_type", 
   "current_addr.ca_suite_number", 
   "current_addr.ca_city", 
   "current_addr.ca_county", 
   "current_addr.ca_state", 
   "current_addr.ca_zip", 
   "current_addr.ca_country", 
   "current_addr.ca_gmt_offset", 
   "current_addr.ca_location_type"
  ], 
  "Index Name": "customer_address_pkey", 
  "Plan Width": 142, 
  "Total Cost": 0.6
 }, 
 {
  "Startup Cost": 28.86, 
  "plan_id": 940, 
  "Plans": [
   941, 
   955
  ], 
  "Plan Rows": 1, 
  "Node Type": "Nested Loop", 
  "Join Type": "Inner", 
  "filename": "plans/query46.json", 
  "Parallel Aware": false, 
  "Parent Relationship": "Outer", 
  "Output": [
   "customer.c_last_name", 
   "customer.c_first_name", 
   "current_addr.ca_city", 
   "customer_address.ca_city", 
   "store_sales.ss_ticket_number", 
   "(sum(store_sales.ss_coupon_amt))", 
   "(sum(store_sales.ss_net_profit))"
  ], 
  "Plan Width": 552, 
  "Join Filter": "((current_addr.ca_city)::text <> (customer_address.ca_city)::text)", 
  "Total Cost": 37.4
 }, 
 {
  "Startup Cost": 37.41, 
  "plan_id": 939, 
  "Plans": [
   940
  ], 
  "Sort Key": [
   "customer.c_last_name", 
   "customer.c_first_name", 
   "current_addr.ca_city", 
   "customer_address.ca_city", 
   "store_sales.ss_ticket_number"
  ], 
  "Plan Rows": 1, 
  "Node Type": "Sort", 
  "filename": "plans/query46.json", 
  "Parallel Aware": false, 
  "Parent Relationship": "Outer", 
  "Output": [
   "customer.c_last_name", 
   "customer.c_first_name", 
   "current_addr.ca_city", 
   "customer_address.ca_city", 
   "store_sales.ss_ticket_number", 
   "(sum(store_sales.ss_coupon_amt))", 
   "(sum(store_sales.ss_net_profit))"
  ], 
  "Plan Width": 552, 
  "Total Cost": 37.42
 }, 
 {
  "Startup Cost": 37.41, 
  "plan_id": 938, 
  "Plans": [
   939
  ], 
  "Plan Rows": 1, 
  "Node Type": "Limit", 
  "filename": "plans/query46.json", 
  "Parallel Aware": false, 
  "Output": [
   "customer.c_last_name", 
   "customer.c_first_name", 
   "current_addr.ca_city", 
   "customer_address.ca_city", 
   "store_sales.ss_ticket_number", 
   "(sum(store_sales.ss_coupon_amt))", 
   "(sum(store_sales.ss_net_profit))"
  ], 
  "Plan Width": 552, 
  "Total Cost": 37.42
 }, 
 {
  "Relation Name": "date_dim", 
  "Startup Cost": 0.0, 
  "plan_id": 966, 
  "Node Type": "Seq Scan", 
  "Plan Rows": 1, 
  "Filter": "((date_dim.d_year = 1999) OR ((date_dim.d_year = 1998) AND (date_dim.d_moy = 12)) OR ((date_dim.d_year = 2000) AND (date_dim.d_moy = 1)))", 
  "Alias": "date_dim", 
  "filename": "plans/query47.json", 
  "Schema": "pg_temp_2", 
  "Parallel Aware": false, 
  "Parent Relationship": "Outer", 
  "Output": [
   "date_dim.d_year", 
   "date_dim.d_moy", 
   "date_dim.d_date_sk"
  ], 
  "Plan Width": 12, 
  "Total Cost": 16.07
 }, 
 {
  "Startup Cost": 0.0, 
  "plan_id": 964, 
  "Node Type": "Seq Scan", 
  "Plan Rows": 340, 
  "Relation Name": "store_sales", 
  "Alias": "store_sales", 
  "filename": "plans/query47.json", 
  "Schema": "pg_temp_2", 
  "Parallel Aware": false, 
  "Parent Relationship": "Outer", 
  "Output": [
   "store_sales.ss_sold_date_sk", 
   "store_sales.ss_sold_time_sk", 
   "store_sales.ss_item_sk", 
   "store_sales.ss_customer_sk", 
   "store_sales.ss_cdemo_sk", 
   "store_sales.ss_hdemo_sk", 
   "store_sales.ss_addr_sk", 
   "store_sales.ss_store_sk", 
   "store_sales.ss_promo_sk", 
   "store_sales.ss_ticket_number", 
   "store_sales.ss_quantity", 
   "store_sales.ss_wholesale_cost", 
   "store_sales.ss_list_price", 
   "store_sales.ss_sales_price", 
   "store_sales.ss_ext_discount_amt", 
   "store_sales.ss_ext_sales_price", 
   "store_sales.ss_ext_wholesale_cost", 
   "store_sales.ss_ext_list_price", 
   "store_sales.ss_ext_tax", 
   "store_sales.ss_coupon_amt", 
   "store_sales.ss_net_paid", 
   "store_sales.ss_net_paid_inc_tax", 
   "store_sales.ss_net_profit"
  ], 
  "Plan Width": 26, 
  "Total Cost": 13.4
 }, 
 {
  "Startup Cost": 16.07, 
  "plan_id": 965, 
  "Plans": [
   966
  ], 
  "Plan Rows": 1, 
  "Node Type": "Hash", 
  "filename": "plans/query47.json", 
  "Parallel Aware": false, 
  "Parent Relationship": "Inner", 
  "Output": [
   "date_dim.d_year", 
   "date_dim.d_moy", 
   "date_dim.d_date_sk"
  ], 
  "Plan Width": 12, 
  "Total Cost": 16.07
 }, 
 {
  "Startup Cost": 16.09, 
  "Plan Width": 30, 
  "plan_id": 963, 
  "Plans": [
   964, 
   965
  ], 
  "Plan Rows": 1, 
  "Node Type": "Hash Join", 
  "Join Type": "Inner", 
  "filename": "plans/query47.json", 
  "Parallel Aware": false, 
  "Output": [
   "store_sales.ss_sales_price", 
   "store_sales.ss_item_sk", 
   "store_sales.ss_store_sk", 
   "date_dim.d_year", 
   "date_dim.d_moy"
  ], 
  "Hash Cond": "(store_sales.ss_sold_date_sk = date_dim.d_date_sk)", 
  "Parent Relationship": "Outer", 
  "Total Cost": 30.77
 }, 
 {
  "Startup Cost": 0.14, 
  "filename": "plans/query47.json", 
  "plan_id": 967, 
  "Scan Direction": "Forward", 
  "Index Cond": "(item.i_item_sk = store_sales.ss_item_sk)", 
  "Node Type": "Index Scan", 
  "Relation Name": "item", 
  "Alias": "item", 
  "Plan Rows": 1, 
  "Schema": "pg_temp_2", 
  "Parallel Aware": false, 
  "Parent Relationship": "Inner", 
  "Output": [
   "item.i_item_sk", 
   "item.i_item_id", 
   "item.i_rec_start_date", 
   "item.i_rec_end_date", 
   "item.i_item_desc", 
   "item.i_current_price", 
   "item.i_wholesale_cost", 
   "item.i_brand_id", 
   "item.i_brand", 
   "item.i_class_id", 
   "item.i_class", 
   "item.i_category_id", 
   "item.i_category", 
   "item.i_manufact_id", 
   "item.i_manufact", 
   "item.i_size", 
   "item.i_formulation", 
   "item.i_color", 
   "item.i_units", 
   "item.i_container", 
   "item.i_manager_id", 
   "item.i_product_name"
  ], 
  "Index Name": "item_pkey", 
  "Plan Width": 412, 
  "Total Cost": 0.29
 }, 
 {
  "Startup Cost": 16.23, 
  "plan_id": 962, 
  "Plans": [
   963, 
   967
  ], 
  "Plan Rows": 1, 
  "Node Type": "Nested Loop", 
  "Join Type": "Inner", 
  "filename": "plans/query47.json", 
  "Parallel Aware": false, 
  "Parent Relationship": "Outer", 
  "Output": [
   "item.i_category", 
   "item.i_brand", 
   "store_sales.ss_sales_price", 
   "store_sales.ss_store_sk", 
   "date_dim.d_year", 
   "date_dim.d_moy"
  ], 
  "Plan Width": 434, 
  "Total Cost": 31.07
 }, 
 {
  "Startup Cost": 0.14, 
  "filename": "plans/query47.json", 
  "plan_id": 968, 
  "Scan Direction": "Forward", 
  "Index Cond": "(store.s_store_sk = store_sales.ss_store_sk)", 
  "Node Type": "Index Scan", 
  "Relation Name": "store", 
  "Alias": "store", 
  "Plan Rows": 1, 
  "Schema": "pg_temp_2", 
  "Parallel Aware": false, 
  "Parent Relationship": "Inner", 
  "Output": [
   "store.s_store_sk", 
   "store.s_store_id", 
   "store.s_rec_start_date", 
   "store.s_rec_end_date", 
   "store.s_closed_date_sk", 
   "store.s_store_name", 
   "store.s_number_employees", 
   "store.s_floor_space", 
   "store.s_hours", 
   "store.s_manager", 
   "store.s_market_id", 
   "store.s_geography_class", 
   "store.s_market_desc", 
   "store.s_market_manager", 
   "store.s_division_id", 
   "store.s_division_name", 
   "store.s_company_id", 
   "store.s_company_name", 
   "store.s_street_number", 
   "store.s_street_name", 
   "store.s_street_type", 
   "store.s_suite_number", 
   "store.s_city", 
   "store.s_county", 
   "store.s_state", 
   "store.s_zip", 
   "store.s_country", 
   "store.s_gmt_offset", 
   "store.s_tax_precentage"
  ], 
  "Index Name": "store_pkey", 
  "Plan Width": 240, 
  "Total Cost": 0.29
 }, 
 {
  "Startup Cost": 16.37, 
  "plan_id": 961, 
  "Plans": [
   962, 
   968
  ], 
  "Plan Rows": 1, 
  "Node Type": "Nested Loop", 
  "Join Type": "Inner", 
  "filename": "plans/query47.json", 
  "Parallel Aware": false, 
  "Parent Relationship": "Outer", 
  "Output": [
   "item.i_category", 
   "item.i_brand", 
   "store.s_store_name", 
   "store.s_company_name", 
   "date_dim.d_year", 
   "date_dim.d_moy", 
   "store_sales.ss_sales_price"
  ], 
  "Plan Width": 666, 
  "Total Cost": 31.37
 }, 
 {
  "Startup Cost": 31.38, 
  "plan_id": 960, 
  "Plans": [
   961
  ], 
  "Sort Key": [
   "item.i_category", 
   "item.i_brand", 
   "store.s_store_name", 
   "store.s_company_name", 
   "date_dim.d_year", 
   "date_dim.d_moy"
  ], 
  "Plan Rows": 1, 
  "Node Type": "Sort", 
  "filename": "plans/query47.json", 
  "Parallel Aware": false, 
  "Parent Relationship": "Outer", 
  "Output": [
   "item.i_category", 
   "item.i_brand", 
   "store.s_store_name", 
   "store.s_company_name", 
   "date_dim.d_year", 
   "date_dim.d_moy", 
   "store_sales.ss_sales_price"
  ], 
  "Plan Width": 666, 
  "Total Cost": 31.38
 }, 
 {
  "Partial Mode": "Simple", 
  "Startup Cost": 31.38, 
  "Plan Width": 684, 
  "plan_id": 959, 
  "Plans": [
   960
  ], 
  "filename": "plans/query47.json", 
  "Node Type": "Aggregate", 
  "Strategy": "Sorted", 
  "Plan Rows": 1, 
  "Parallel Aware": false, 
  "Output": [
   "item.i_category", 
   "item.i_brand", 
   "store.s_store_name", 
   "store.s_company_name", 
   "date_dim.d_year", 
   "date_dim.d_moy", 
   "sum(store_sales.ss_sales_price)"
  ], 
  "Group Key": [
   "item.i_category", 
   "item.i_brand", 
   "store.s_store_name", 
   "store.s_company_name", 
   "date_dim.d_year", 
   "date_dim.d_moy"
  ], 
  "Parent Relationship": "Outer", 
  "Total Cost": 31.42
 }, 
 {
  "Startup Cost": 31.38, 
  "plan_id": 958, 
  "Plans": [
   959
  ], 
  "Plan Rows": 1, 
  "Node Type": "WindowAgg", 
  "filename": "plans/query47.json", 
  "Parallel Aware": false, 
  "Parent Relationship": "Outer", 
  "Output": [
   "item.i_category", 
   "item.i_brand", 
   "store.s_store_name", 
   "store.s_company_name", 
   "date_dim.d_year", 
   "date_dim.d_moy", 
   "(sum(store_sales.ss_sales_price))", 
   "avg((sum(store_sales.ss_sales_price))) OVER (?)"
  ], 
  "Plan Width": 716, 
  "Total Cost": 31.44
 }, 
 {
  "Startup Cost": 0.0, 
  "plan_id": 971, 
  "CTE Name": "v1", 
  "Node Type": "CTE Scan", 
  "Plan Rows": 1, 
  "Alias": "v1", 
  "filename": "plans/query47.json", 
  "Parallel Aware": false, 
  "Parent Relationship": "Outer", 
  "Output": [
   "v1.i_category", 
   "v1.i_brand", 
   "v1.s_store_name", 
   "v1.s_company_name", 
   "v1.d_year", 
   "v1.d_moy", 
   "v1.sum_sales", 
   "v1.avg_monthly_sales", 
   "v1.rn"
  ], 
  "Plan Width": 724, 
  "Total Cost": 0.02
 }, 
 {
  "Startup Cost": 0.0, 
  "plan_id": 972, 
  "CTE Name": "v1", 
  "Node Type": "CTE Scan", 
  "Plan Rows": 1, 
  "Alias": "v1_lag", 
  "filename": "plans/query47.json", 
  "Parallel Aware": false, 
  "Parent Relationship": "Inner", 
  "Output": [
   "v1_lag.i_category", 
   "v1_lag.i_brand", 
   "v1_lag.s_store_name", 
   "v1_lag.s_company_name", 
   "v1_lag.d_year", 
   "v1_lag.d_moy", 
   "v1_lag.sum_sales", 
   "v1_lag.avg_monthly_sales", 
   "v1_lag.rn"
  ], 
  "Plan Width": 684, 
  "Total Cost": 0.02
 }, 
 {
  "Startup Cost": 0.0, 
  "plan_id": 970, 
  "Plans": [
   971, 
   972
  ], 
  "Plan Rows": 1, 
  "Node Type": "Nested Loop", 
  "Join Type": "Inner", 
  "filename": "plans/query47.json", 
  "Parallel Aware": false, 
  "Parent Relationship": "Outer", 
  "Output": [
   "v1.i_brand", 
   "v1.d_year", 
   "v1.d_moy", 
   "v1.avg_monthly_sales", 
   "v1.sum_sales", 
   "v1.i_category", 
   "v1.s_store_name", 
   "v1.s_company_name", 
   "v1.rn", 
   "v1_lag.sum_sales", 
   "v1_lag.i_category", 
   "v1_lag.i_brand", 
   "v1_lag.s_store_name", 
   "v1_lag.s_company_name", 
   "v1_lag.rn"
  ], 
  "Plan Width": 1408, 
  "Join Filter": "((v1.i_category = v1_lag.i_category) AND (v1.i_brand = v1_lag.i_brand) AND ((v1.s_store_name)::text = (v1_lag.s_store_name)::text) AND ((v1.s_company_name)::text = (v1_lag.s_company_name)::text) AND (v1.rn = (v1_lag.rn + 1)))", 
  "Total Cost": 0.07
 }, 
 {
  "Startup Cost": 0.0, 
  "plan_id": 973, 
  "CTE Name": "v1", 
  "Node Type": "CTE Scan", 
  "Plan Rows": 1, 
  "Alias": "v1_lead", 
  "filename": "plans/query47.json", 
  "Parallel Aware": false, 
  "Parent Relationship": "Inner", 
  "Output": [
   "v1_lead.i_category", 
   "v1_lead.i_brand", 
   "v1_lead.s_store_name", 
   "v1_lead.s_company_name", 
   "v1_lead.d_year", 
   "v1_lead.d_moy", 
   "v1_lead.sum_sales", 
   "v1_lead.avg_monthly_sales", 
   "v1_lead.rn"
  ], 
  "Plan Width": 684, 
  "Total Cost": 0.02
 }, 
 {
  "Startup Cost": 0.0, 
  "plan_id": 975, 
  "CTE Name": "v2", 
  "Node Type": "CTE Scan", 
  "Plan Rows": 1, 
  "Filter": "((v2.avg_monthly_sales > '0'::numeric) AND (v2.d_year = 1999) AND (CASE WHEN (v2.avg_monthly_sales > '0'::numeric) THEN (abs((v2.sum_sales - v2.avg_monthly_sales)) / v2.avg_monthly_sales) ELSE NULL::numeric END > 0.1))", 
  "Alias": "v2", 
  "filename": "plans/query47.json", 
  "Parallel Aware": false, 
  "Parent Relationship": "Outer", 
  "Output": [
   "v2.i_brand", 
   "v2.d_year", 
   "v2.d_moy", 
   "v2.avg_monthly_sales", 
   "v2.sum_sales", 
   "v2.psum", 
   "v2.nsum", 
   "(v2.sum_sales - v2.avg_monthly_sales)"
  ], 
  "Plan Width": 372, 
  "Total Cost": 0.04
 }, 
 {
  "Startup Cost": 31.38, 
  "plan_id": 957, 
  "Plans": [
   958
  ], 
  "Plan Rows": 1, 
  "Node Type": "WindowAgg", 
  "filename": "plans/query47.json", 
  "Parallel Aware": false, 
  "Parent Relationship": "InitPlan", 
  "Output": [
   "item.i_category", 
   "item.i_brand", 
   "store.s_store_name", 
   "store.s_company_name", 
   "date_dim.d_year", 
   "date_dim.d_moy", 
   "(sum(store_sales.ss_sales_price))", 
   "(avg((sum(store_sales.ss_sales_price))) OVER (?))", 
   "rank() OVER (?)"
  ], 
  "Plan Width": 724, 
  "Subplan Name": "CTE v1", 
  "Total Cost": 31.47
 }, 
 {
  "Startup Cost": 0.0, 
  "plan_id": 969, 
  "Plans": [
   970, 
   973
  ], 
  "Plan Rows": 1, 
  "Node Type": "Nested Loop", 
  "Join Type": "Inner", 
  "filename": "plans/query47.json", 
  "Parallel Aware": false, 
  "Parent Relationship": "InitPlan", 
  "Output": [
   "v1.i_brand", 
   "v1.d_year", 
   "v1.d_moy", 
   "v1.avg_monthly_sales", 
   "v1.sum_sales", 
   "v1_lag.sum_sales", 
   "v1_lead.sum_sales"
  ], 
  "Plan Width": 340, 
  "Subplan Name": "CTE v2", 
  "Join Filter": "((v1.i_category = v1_lead.i_category) AND (v1.i_brand = v1_lead.i_brand) AND ((v1.s_store_name)::text = (v1_lead.s_store_name)::text) AND ((v1.s_company_name)::text = (v1_lead.s_company_name)::text) AND (v1.rn = (v1_lead.rn - 1)))", 
  "Total Cost": 0.11
 }, 
 {
  "Startup Cost": 0.05, 
  "plan_id": 974, 
  "Plans": [
   975
  ], 
  "Sort Key": [
   "((v2.sum_sales - v2.avg_monthly_sales))", 
   "v2.d_moy"
  ], 
  "Plan Rows": 1, 
  "Node Type": "Sort", 
  "filename": "plans/query47.json", 
  "Parallel Aware": false, 
  "Parent Relationship": "Outer", 
  "Output": [
   "v2.i_brand", 
   "v2.d_year", 
   "v2.d_moy", 
   "v2.avg_monthly_sales", 
   "v2.sum_sales", 
   "v2.psum", 
   "v2.nsum", 
   "((v2.sum_sales - v2.avg_monthly_sales))"
  ], 
  "Plan Width": 372, 
  "Total Cost": 0.06
 }, 
 {
  "Startup Cost": 31.63, 
  "plan_id": 956, 
  "Plans": [
   957, 
   969, 
   974
  ], 
  "Plan Rows": 1, 
  "Node Type": "Limit", 
  "filename": "plans/query47.json", 
  "Parallel Aware": false, 
  "Output": [
   "v2.i_brand", 
   "v2.d_year", 
   "v2.d_moy", 
   "v2.avg_monthly_sales", 
   "v2.sum_sales", 
   "v2.psum", 
   "v2.nsum", 
   "((v2.sum_sales - v2.avg_monthly_sales))"
  ], 
  "Plan Width": 372, 
  "Total Cost": 31.63
 }, 
 {
  "Relation Name": "store_sales", 
  "Startup Cost": 0.0, 
  "plan_id": 981, 
  "Node Type": "Seq Scan", 
  "Plan Rows": 1, 
  "Filter": "((((store_sales.ss_sales_price >= 100.00) AND (store_sales.ss_sales_price <= 150.00)) OR ((store_sales.ss_sales_price >= 50.00) AND (store_sales.ss_sales_price <= 100.00)) OR ((store_sales.ss_sales_price >= 150.00) AND (store_sales.ss_sales_price <= 200.00))) AND (((store_sales.ss_net_profit >= '0'::numeric) AND (store_sales.ss_net_profit <= '2000'::numeric)) OR ((store_sales.ss_net_profit >= '150'::numeric) AND (store_sales.ss_net_profit <= '3000'::numeric)) OR ((store_sales.ss_net_profit >= '50'::numeric) AND (store_sales.ss_net_profit <= '25000'::numeric))))", 
  "Alias": "store_sales", 
  "filename": "plans/query48.json", 
  "Schema": "pg_temp_2", 
  "Parallel Aware": false, 
  "Parent Relationship": "Outer", 
  "Output": [
   "store_sales.ss_sold_date_sk", 
   "store_sales.ss_sold_time_sk", 
   "store_sales.ss_item_sk", 
   "store_sales.ss_customer_sk", 
   "store_sales.ss_cdemo_sk", 
   "store_sales.ss_hdemo_sk", 
   "store_sales.ss_addr_sk", 
   "store_sales.ss_store_sk", 
   "store_sales.ss_promo_sk", 
   "store_sales.ss_ticket_number", 
   "store_sales.ss_quantity", 
   "store_sales.ss_wholesale_cost", 
   "store_sales.ss_list_price", 
   "store_sales.ss_sales_price", 
   "store_sales.ss_ext_discount_amt", 
   "store_sales.ss_ext_sales_price", 
   "store_sales.ss_ext_wholesale_cost", 
   "store_sales.ss_ext_list_price", 
   "store_sales.ss_ext_tax", 
   "store_sales.ss_coupon_amt", 
   "store_sales.ss_net_paid", 
   "store_sales.ss_net_paid_inc_tax", 
   "store_sales.ss_net_profit"
  ], 
  "Plan Width": 48, 
  "Total Cost": 23.6
 }, 
 {
  "Startup Cost": 0.14, 
  "filename": "plans/query48.json", 
  "plan_id": 982, 
  "Scan Direction": "Forward", 
  "Index Cond": "(store.s_store_sk = store_sales.ss_store_sk)", 
  "Node Type": "Index Only Scan", 
  "Relation Name": "store", 
  "Alias": "store", 
  "Plan Rows": 1, 
  "Schema": "pg_temp_2", 
  "Parallel Aware": false, 
  "Parent Relationship": "Inner", 
  "Output": [
   "store.s_store_sk"
  ], 
  "Index Name": "store_pkey", 
  "Plan Width": 4, 
  "Total Cost": 8.16
 }, 
 {
  "Startup Cost": 0.14, 
  "plan_id": 980, 
  "Plans": [
   981, 
   982
  ], 
  "Plan Rows": 1, 
  "Node Type": "Nested Loop", 
  "Join Type": "Inner", 
  "filename": "plans/query48.json", 
  "Parallel Aware": false, 
  "Parent Relationship": "Outer", 
  "Output": [
   "store_sales.ss_quantity", 
   "store_sales.ss_sold_date_sk", 
   "store_sales.ss_cdemo_sk", 
   "store_sales.ss_sales_price", 
   "store_sales.ss_addr_sk", 
   "store_sales.ss_net_profit"
  ], 
  "Plan Width": 44, 
  "Total Cost": 31.77
 }, 
 {
  "Filter": "((((customer_demographics.cd_marital_status = 'D'::bpchar) AND (customer_demographics.cd_education_status = 'Secondary'::bpchar)) OR ((customer_demographics.cd_marital_status = 'S'::bpchar) AND (customer_demographics.cd_education_status = 'Advanced Degree'::bpchar)) OR ((customer_demographics.cd_marital_status = 'W'::bpchar) AND (customer_demographics.cd_education_status = 'Unknown'::bpchar))) AND (((customer_demographics.cd_marital_status = 'D'::bpchar) AND (customer_demographics.cd_education_status = 'Secondary'::bpchar) AND (store_sales.ss_sales_price >= 100.00) AND (store_sales.ss_sales_price <= 150.00)) OR ((customer_demographics.cd_marital_status = 'S'::bpchar) AND (customer_demographics.cd_education_status = 'Advanced Degree'::bpchar) AND (store_sales.ss_sales_price >= 50.00) AND (store_sales.ss_sales_price <= 100.00)) OR ((customer_demographics.cd_marital_status = 'W'::bpchar) AND (customer_demographics.cd_education_status = 'Unknown'::bpchar) AND (store_sales.ss_sales_price >= 150.00) AND (store_sales.ss_sales_price <= 200.00))))", 
  "Startup Cost": 0.15, 
  "filename": "plans/query48.json", 
  "plan_id": 983, 
  "Scan Direction": "Forward", 
  "Index Cond": "(customer_demographics.cd_demo_sk = store_sales.ss_cdemo_sk)", 
  "Node Type": "Index Scan", 
  "Relation Name": "customer_demographics", 
  "Alias": "customer_demographics", 
  "Plan Rows": 1, 
  "Schema": "pg_temp_2", 
  "Parallel Aware": false, 
  "Parent Relationship": "Inner", 
  "Output": [
   "customer_demographics.cd_demo_sk", 
   "customer_demographics.cd_gender", 
   "customer_demographics.cd_marital_status", 
   "customer_demographics.cd_education_status", 
   "customer_demographics.cd_purchase_estimate", 
   "customer_demographics.cd_credit_rating", 
   "customer_demographics.cd_dep_count", 
   "customer_demographics.cd_dep_employed_count", 
   "customer_demographics.cd_dep_college_count"
  ], 
  "Index Name": "customer_demographics_pkey", 
  "Plan Width": 96, 
  "Total Cost": 8.21
 }, 
 {
  "Startup Cost": 0.29, 
  "plan_id": 979, 
  "Plans": [
   980, 
   983
  ], 
  "Plan Rows": 1, 
  "Node Type": "Nested Loop", 
  "Join Type": "Inner", 
  "filename": "plans/query48.json", 
  "Parallel Aware": false, 
  "Parent Relationship": "Outer", 
  "Output": [
   "store_sales.ss_quantity", 
   "store_sales.ss_sold_date_sk", 
   "store_sales.ss_addr_sk", 
   "store_sales.ss_net_profit"
  ], 
  "Plan Width": 26, 
  "Total Cost": 39.99
 }, 
 {
  "Filter": "(((customer_address.ca_country)::text = 'United States'::text) AND ((customer_address.ca_state = ANY ('{VA,WA,LA}'::bpchar[])) OR (customer_address.ca_state = ANY ('{ID,IL,MO}'::bpchar[])) OR (customer_address.ca_state = ANY ('{AK,TN,PA}'::bpchar[]))) AND (((customer_address.ca_state = ANY ('{VA,WA,LA}'::bpchar[])) AND (store_sales.ss_net_profit >= '0'::numeric) AND (store_sales.ss_net_profit <= '2000'::numeric)) OR ((customer_address.ca_state = ANY ('{ID,IL,MO}'::bpchar[])) AND (store_sales.ss_net_profit >= '150'::numeric) AND (store_sales.ss_net_profit <= '3000'::numeric)) OR ((customer_address.ca_state = ANY ('{AK,TN,PA}'::bpchar[])) AND (store_sales.ss_net_profit >= '50'::numeric) AND (store_sales.ss_net_profit <= '25000'::numeric))))", 
  "Startup Cost": 0.14, 
  "filename": "plans/query48.json", 
  "plan_id": 984, 
  "Scan Direction": "Forward", 
  "Index Cond": "(customer_address.ca_address_sk = store_sales.ss_addr_sk)", 
  "Node Type": "Index Scan", 
  "Relation Name": "customer_address", 
  "Alias": "customer_address", 
  "Plan Rows": 1, 
  "Schema": "pg_temp_2", 
  "Parallel Aware": false, 
  "Parent Relationship": "Inner", 
  "Output": [
   "customer_address.ca_address_sk", 
   "customer_address.ca_address_id", 
   "customer_address.ca_street_number", 
   "customer_address.ca_street_name", 
   "customer_address.ca_street_type", 
   "customer_address.ca_suite_number", 
   "customer_address.ca_city", 
   "customer_address.ca_county", 
   "customer_address.ca_state", 
   "customer_address.ca_zip", 
   "customer_address.ca_country", 
   "customer_address.ca_gmt_offset", 
   "customer_address.ca_location_type"
  ], 
  "Index Name": "customer_address_pkey", 
  "Plan Width": 16, 
  "Total Cost": 8.2
 }, 
 {
  "Startup Cost": 0.43, 
  "plan_id": 978, 
  "Plans": [
   979, 
   984
  ], 
  "Plan Rows": 1, 
  "Node Type": "Nested Loop", 
  "Join Type": "Inner", 
  "filename": "plans/query48.json", 
  "Parallel Aware": false, 
  "Parent Relationship": "Outer", 
  "Output": [
   "store_sales.ss_quantity", 
   "store_sales.ss_sold_date_sk"
  ], 
  "Plan Width": 8, 
  "Total Cost": 48.2
 }, 
 {
  "Filter": "(date_dim.d_year = 1998)", 
  "Startup Cost": 0.15, 
  "filename": "plans/query48.json", 
  "plan_id": 985, 
  "Scan Direction": "Forward", 
  "Index Cond": "(date_dim.d_date_sk = store_sales.ss_sold_date_sk)", 
  "Node Type": "Index Scan", 
  "Relation Name": "date_dim", 
  "Alias": "date_dim", 
  "Plan Rows": 1, 
  "Schema": "pg_temp_2", 
  "Parallel Aware": false, 
  "Parent Relationship": "Inner", 
  "Output": [
   "date_dim.d_date_sk", 
   "date_dim.d_date_id", 
   "date_dim.d_date", 
   "date_dim.d_month_seq", 
   "date_dim.d_week_seq", 
   "date_dim.d_quarter_seq", 
   "date_dim.d_year", 
   "date_dim.d_dow", 
   "date_dim.d_moy", 
   "date_dim.d_dom", 
   "date_dim.d_qoy", 
   "date_dim.d_fy_year", 
   "date_dim.d_fy_quarter_seq", 
   "date_dim.d_fy_week_seq", 
   "date_dim.d_day_name", 
   "date_dim.d_quarter_name", 
   "date_dim.d_holiday", 
   "date_dim.d_weekend", 
   "date_dim.d_following_holiday", 
   "date_dim.d_first_dom", 
   "date_dim.d_last_dom", 
   "date_dim.d_same_day_ly", 
   "date_dim.d_same_day_lq", 
   "date_dim.d_current_day", 
   "date_dim.d_current_week", 
   "date_dim.d_current_month", 
   "date_dim.d_current_quarter", 
   "date_dim.d_current_year"
  ], 
  "Index Name": "date_dim_pkey", 
  "Plan Width": 4, 
  "Total Cost": 8.17
 }, 
 {
  "Startup Cost": 0.58, 
  "plan_id": 977, 
  "Plans": [
   978, 
   985
  ], 
  "Plan Rows": 1, 
  "Node Type": "Nested Loop", 
  "Join Type": "Inner", 
  "filename": "plans/query48.json", 
  "Parallel Aware": false, 
  "Parent Relationship": "Outer", 
  "Output": [
   "store_sales.ss_quantity"
  ], 
  "Plan Width": 4, 
  "Total Cost": 56.37
 }, 
 {
  "Partial Mode": "Simple", 
  "Startup Cost": 56.38, 
  "plan_id": 976, 
  "Plans": [
   977
  ], 
  "Plan Rows": 1, 
  "Strategy": "Plain", 
  "filename": "plans/query48.json", 
  "Parallel Aware": false, 
  "Output": [
   "sum(store_sales.ss_quantity)"
  ], 
  "Plan Width": 8, 
  "Node Type": "Aggregate", 
  "Total Cost": 56.39
 }, 
 {
  "Relation Name": "date_dim", 
  "Startup Cost": 0.0, 
  "plan_id": 1000, 
  "Node Type": "Seq Scan", 
  "Plan Rows": 1, 
  "Filter": "((date_dim.d_year = 2002) AND (date_dim.d_moy = 12))", 
  "Alias": "date_dim", 
  "filename": "plans/query49.json", 
  "Schema": "pg_temp_2", 
  "Parallel Aware": false, 
  "Parent Relationship": "Outer", 
  "Output": [
   "date_dim.d_date_sk", 
   "date_dim.d_date_id", 
   "date_dim.d_date", 
   "date_dim.d_month_seq", 
   "date_dim.d_week_seq", 
   "date_dim.d_quarter_seq", 
   "date_dim.d_year", 
   "date_dim.d_dow", 
   "date_dim.d_moy", 
   "date_dim.d_dom", 
   "date_dim.d_qoy", 
   "date_dim.d_fy_year", 
   "date_dim.d_fy_quarter_seq", 
   "date_dim.d_fy_week_seq", 
   "date_dim.d_day_name", 
   "date_dim.d_quarter_name", 
   "date_dim.d_holiday", 
   "date_dim.d_weekend", 
   "date_dim.d_following_holiday", 
   "date_dim.d_first_dom", 
   "date_dim.d_last_dom", 
   "date_dim.d_same_day_ly", 
   "date_dim.d_same_day_lq", 
   "date_dim.d_current_day", 
   "date_dim.d_current_week", 
   "date_dim.d_current_month", 
   "date_dim.d_current_quarter", 
   "date_dim.d_current_year"
  ], 
  "Plan Width": 4, 
  "Total Cost": 14.05
 }, 
 {
  "Relation Name": "web_sales", 
  "Startup Cost": 0.0, 
  "plan_id": 1001, 
  "Node Type": "Seq Scan", 
  "Plan Rows": 10, 
  "Filter": "((ws.ws_net_profit > '1'::numeric) AND (ws.ws_net_paid > '0'::numeric) AND (ws.ws_quantity > 0))", 
  "Alias": "ws", 
  "filename": "plans/query49.json", 
  "Schema": "pg_temp_2", 
  "Parallel Aware": false, 
  "Parent Relationship": "Inner", 
  "Output": [
   "ws.ws_sold_date_sk", 
   "ws.ws_sold_time_sk", 
   "ws.ws_ship_date_sk", 
   "ws.ws_item_sk", 
   "ws.ws_bill_customer_sk", 
   "ws.ws_bill_cdemo_sk", 
   "ws.ws_bill_hdemo_sk", 
   "ws.ws_bill_addr_sk", 
   "ws.ws_ship_customer_sk", 
   "ws.ws_ship_cdemo_sk", 
   "ws.ws_ship_hdemo_sk", 
   "ws.ws_ship_addr_sk", 
   "ws.ws_web_page_sk", 
   "ws.ws_web_site_sk", 
   "ws.ws_ship_mode_sk", 
   "ws.ws_warehouse_sk", 
   "ws.ws_promo_sk", 
   "ws.ws_order_number", 
   "ws.ws_quantity", 
   "ws.ws_wholesale_cost", 
   "ws.ws_list_price", 
   "ws.ws_sales_price", 
   "ws.ws_ext_discount_amt", 
   "ws.ws_ext_sales_price", 
   "ws.ws_ext_wholesale_cost", 
   "ws.ws_ext_list_price", 
   "ws.ws_ext_tax", 
   "ws.ws_coupon_amt", 
   "ws.ws_ext_ship_cost", 
   "ws.ws_net_paid", 
   "ws.ws_net_paid_inc_tax", 
   "ws.ws_net_paid_inc_ship", 
   "ws.ws_net_paid_inc_ship_tax", 
   "ws.ws_net_profit"
  ], 
  "Plan Width": 30, 
  "Total Cost": 14.55
 }, 
 {
  "Startup Cost": 0.0, 
  "plan_id": 999, 
  "Plans": [
   1000, 
   1001
  ], 
  "Plan Rows": 1, 
  "Node Type": "Nested Loop", 
  "Join Type": "Inner", 
  "filename": "plans/query49.json", 
  "Parallel Aware": false, 
  "Parent Relationship": "Outer", 
  "Output": [
   "ws.ws_item_sk", 
   "ws.ws_quantity", 
   "ws.ws_net_paid", 
   "ws.ws_order_number"
  ], 
  "Plan Width": 26, 
  "Join Filter": "(ws.ws_sold_date_sk = date_dim.d_date_sk)", 
  "Total Cost": 28.73
 }, 
 {
  "Filter": "(wr.wr_return_amt > '10000'::numeric)", 
  "Startup Cost": 0.15, 
  "filename": "plans/query49.json", 
  "plan_id": 1002, 
  "Scan Direction": "Forward", 
  "Index Cond": "((wr.wr_item_sk = ws.ws_item_sk) AND (wr.wr_order_number = ws.ws_order_number))", 
  "Node Type": "Index Scan", 
  "Relation Name": "web_returns", 
  "Alias": "wr", 
  "Plan Rows": 1, 
  "Schema": "pg_temp_2", 
  "Parallel Aware": false, 
  "Parent Relationship": "Inner", 
  "Output": [
   "wr.wr_returned_date_sk", 
   "wr.wr_returned_time_sk", 
   "wr.wr_item_sk", 
   "wr.wr_refunded_customer_sk", 
   "wr.wr_refunded_cdemo_sk", 
   "wr.wr_refunded_hdemo_sk", 
   "wr.wr_refunded_addr_sk", 
   "wr.wr_returning_customer_sk", 
   "wr.wr_returning_cdemo_sk", 
   "wr.wr_returning_hdemo_sk", 
   "wr.wr_returning_addr_sk", 
   "wr.wr_web_page_sk", 
   "wr.wr_reason_sk", 
   "wr.wr_order_number", 
   "wr.wr_return_quantity", 
   "wr.wr_return_amt", 
   "wr.wr_return_tax", 
   "wr.wr_return_amt_inc_tax", 
   "wr.wr_fee", 
   "wr.wr_return_ship_cost", 
   "wr.wr_refunded_cash", 
   "wr.wr_reversed_charge", 
   "wr.wr_account_credit", 
   "wr.wr_net_loss"
  ], 
  "Index Name": "web_returns_pkey", 
  "Plan Width": 26, 
  "Total Cost": 3.37
 }, 
 {
  "Startup Cost": 0.15, 
  "plan_id": 998, 
  "Plans": [
   999, 
   1002
  ], 
  "Plan Rows": 1, 
  "Node Type": "Nested Loop", 
  "Join Type": "Inner", 
  "filename": "plans/query49.json", 
  "Parallel Aware": false, 
  "Parent Relationship": "Outer", 
  "Output": [
   "ws.ws_item_sk", 
   "wr.wr_return_quantity", 
   "ws.ws_quantity", 
   "wr.wr_return_amt", 
   "ws.ws_net_paid"
  ], 
  "Plan Width": 40, 
  "Total Cost": 32.11
 }, 
 {
  "Startup Cost": 32.12, 
  "plan_id": 997, 
  "Plans": [
   998
  ], 
  "Sort Key": [
   "ws.ws_item_sk"
  ], 
  "Plan Rows": 1, 
  "Node Type": "Sort", 
  "filename": "plans/query49.json", 
  "Parallel Aware": false, 
  "Parent Relationship": "Outer", 
  "Output": [
   "ws.ws_item_sk", 
   "wr.wr_return_quantity", 
   "ws.ws_quantity", 
   "wr.wr_return_amt", 
   "ws.ws_net_paid"
  ], 
  "Plan Width": 40, 
  "Total Cost": 32.12
 }, 
 {
  "Partial Mode": "Simple", 
  "Startup Cost": 32.12, 
  "Plan Width": 68, 
  "plan_id": 996, 
  "Plans": [
   997
  ], 
  "filename": "plans/query49.json", 
  "Node Type": "Aggregate", 
  "Strategy": "Sorted", 
  "Plan Rows": 1, 
  "Parallel Aware": false, 
  "Output": [
   "ws.ws_item_sk", 
   "((sum(COALESCE(wr.wr_return_quantity, 0)))::numeric(15,4) / (sum(COALESCE(ws.ws_quantity, 0)))::numeric(15,4))", 
   "((sum(COALESCE(wr.wr_return_amt, '0'::numeric)))::numeric(15,4) / (sum(COALESCE(ws.ws_net_paid, '0'::numeric)))::numeric(15,4))"
  ], 
  "Group Key": [
   "ws.ws_item_sk"
  ], 
  "Parent Relationship": "Subquery", 
  "Total Cost": 32.17
 }, 
 {
  "Startup Cost": 32.12, 
  "plan_id": 995, 
  "Plans": [
   996
  ], 
  "Plan Rows": 1, 
  "Node Type": "Subquery Scan", 
  "Alias": "in_web", 
  "filename": "plans/query49.json", 
  "Parallel Aware": false, 
  "Parent Relationship": "Outer", 
  "Output": [
   "in_web.return_ratio", 
   "in_web.currency_ratio", 
   "in_web.item"
  ], 
  "Plan Width": 68, 
  "Total Cost": 32.18
 }, 
 {
  "Startup Cost": 32.19, 
  "plan_id": 994, 
  "Plans": [
   995
  ], 
  "Sort Key": [
   "in_web.return_ratio"
  ], 
  "Plan Rows": 1, 
  "Node Type": "Sort", 
  "filename": "plans/query49.json", 
  "Parallel Aware": false, 
  "Parent Relationship": "Outer", 
  "Output": [
   "in_web.return_ratio", 
   "in_web.currency_ratio", 
   "in_web.item"
  ], 
  "Plan Width": 68, 
  "Total Cost": 32.19
 }, 
 {
  "Startup Cost": 32.19, 
  "plan_id": 993, 
  "Plans": [
   994
  ], 
  "Plan Rows": 1, 
  "Node Type": "WindowAgg", 
  "filename": "plans/query49.json", 
  "Parallel Aware": false, 
  "Parent Relationship": "Outer", 
  "Output": [
   "in_web.return_ratio", 
   "in_web.currency_ratio", 
   "in_web.item", 
   "rank() OVER (?)"
  ], 
  "Plan Width": 76, 
  "Total Cost": 32.21
 }, 
 {
  "Startup Cost": 32.22, 
  "plan_id": 992, 
  "Plans": [
   993
  ], 
  "Sort Key": [
   "in_web.currency_ratio"
  ], 
  "Plan Rows": 1, 
  "Node Type": "Sort", 
  "filename": "plans/query49.json", 
  "Parallel Aware": false, 
  "Parent Relationship": "Outer", 
  "Output": [
   "in_web.return_ratio", 
   "in_web.currency_ratio", 
   "in_web.item", 
   "(rank() OVER (?))"
  ], 
  "Plan Width": 76, 
  "Total Cost": 32.22
 }, 
 {
  "Startup Cost": 32.22, 
  "plan_id": 991, 
  "Plans": [
   992
  ], 
  "Plan Rows": 1, 
  "Node Type": "WindowAgg", 
  "filename": "plans/query49.json", 
  "Parallel Aware": false, 
  "Parent Relationship": "Subquery", 
  "Output": [
   "in_web.item", 
   "in_web.return_ratio", 
   "in_web.currency_ratio", 
   "(rank() OVER (?))", 
   "rank() OVER (?)"
  ], 
  "Plan Width": 84, 
  "Total Cost": 32.24
 }, 
 {
  "Relation Name": "date_dim", 
  "Startup Cost": 0.0, 
  "plan_id": 1013, 
  "Node Type": "Seq Scan", 
  "Plan Rows": 1, 
  "Filter": "((date_dim_1.d_year = 2002) AND (date_dim_1.d_moy = 12))", 
  "Alias": "date_dim_1", 
  "filename": "plans/query49.json", 
  "Schema": "pg_temp_2", 
  "Parallel Aware": false, 
  "Parent Relationship": "Outer", 
  "Output": [
   "date_dim_1.d_date_sk", 
   "date_dim_1.d_date_id", 
   "date_dim_1.d_date", 
   "date_dim_1.d_month_seq", 
   "date_dim_1.d_week_seq", 
   "date_dim_1.d_quarter_seq", 
   "date_dim_1.d_year", 
   "date_dim_1.d_dow", 
   "date_dim_1.d_moy", 
   "date_dim_1.d_dom", 
   "date_dim_1.d_qoy", 
   "date_dim_1.d_fy_year", 
   "date_dim_1.d_fy_quarter_seq", 
   "date_dim_1.d_fy_week_seq", 
   "date_dim_1.d_day_name", 
   "date_dim_1.d_quarter_name", 
   "date_dim_1.d_holiday", 
   "date_dim_1.d_weekend", 
   "date_dim_1.d_following_holiday", 
   "date_dim_1.d_first_dom", 
   "date_dim_1.d_last_dom", 
   "date_dim_1.d_same_day_ly", 
   "date_dim_1.d_same_day_lq", 
   "date_dim_1.d_current_day", 
   "date_dim_1.d_current_week", 
   "date_dim_1.d_current_month", 
   "date_dim_1.d_current_quarter", 
   "date_dim_1.d_current_year"
  ], 
  "Plan Width": 4, 
  "Total Cost": 14.05
 }, 
 {
  "Relation Name": "catalog_sales", 
  "Startup Cost": 0.0, 
  "plan_id": 1014, 
  "Node Type": "Seq Scan", 
  "Plan Rows": 10, 
  "Filter": "((cs.cs_net_profit > '1'::numeric) AND (cs.cs_net_paid > '0'::numeric) AND (cs.cs_quantity > 0))", 
  "Alias": "cs", 
  "filename": "plans/query49.json", 
  "Schema": "pg_temp_2", 
  "Parallel Aware": false, 
  "Parent Relationship": "Inner", 
  "Output": [
   "cs.cs_sold_date_sk", 
   "cs.cs_sold_time_sk", 
   "cs.cs_ship_date_sk", 
   "cs.cs_bill_customer_sk", 
   "cs.cs_bill_cdemo_sk", 
   "cs.cs_bill_hdemo_sk", 
   "cs.cs_bill_addr_sk", 
   "cs.cs_ship_customer_sk", 
   "cs.cs_ship_cdemo_sk", 
   "cs.cs_ship_hdemo_sk", 
   "cs.cs_ship_addr_sk", 
   "cs.cs_call_center_sk", 
   "cs.cs_catalog_page_sk", 
   "cs.cs_ship_mode_sk", 
   "cs.cs_warehouse_sk", 
   "cs.cs_item_sk", 
   "cs.cs_promo_sk", 
   "cs.cs_order_number", 
   "cs.cs_quantity", 
   "cs.cs_wholesale_cost", 
   "cs.cs_list_price", 
   "cs.cs_sales_price", 
   "cs.cs_ext_discount_amt", 
   "cs.cs_ext_sales_price", 
   "cs.cs_ext_wholesale_cost", 
   "cs.cs_ext_list_price", 
   "cs.cs_ext_tax", 
   "cs.cs_coupon_amt", 
   "cs.cs_ext_ship_cost", 
   "cs.cs_net_paid", 
   "cs.cs_net_paid_inc_tax", 
   "cs.cs_net_paid_inc_ship", 
   "cs.cs_net_paid_inc_ship_tax", 
   "cs.cs_net_profit"
  ], 
  "Plan Width": 30, 
  "Total Cost": 14.55
 }, 
 {
  "Startup Cost": 0.0, 
  "plan_id": 1012, 
  "Plans": [
   1013, 
   1014
  ], 
  "Plan Rows": 1, 
  "Node Type": "Nested Loop", 
  "Join Type": "Inner", 
  "filename": "plans/query49.json", 
  "Parallel Aware": false, 
  "Parent Relationship": "Outer", 
  "Output": [
   "cs.cs_item_sk", 
   "cs.cs_quantity", 
   "cs.cs_net_paid", 
   "cs.cs_order_number"
  ], 
  "Plan Width": 26, 
  "Join Filter": "(cs.cs_sold_date_sk = date_dim_1.d_date_sk)", 
  "Total Cost": 28.73
 }, 
 {
  "Filter": "(cr.cr_return_amount > '10000'::numeric)", 
  "Startup Cost": 0.15, 
  "filename": "plans/query49.json", 
  "plan_id": 1015, 
  "Scan Direction": "Forward", 
  "Index Cond": "((cr.cr_item_sk = cs.cs_item_sk) AND (cr.cr_order_number = cs.cs_order_number))", 
  "Node Type": "Index Scan", 
  "Relation Name": "catalog_returns", 
  "Alias": "cr", 
  "Plan Rows": 1, 
  "Schema": "pg_temp_2", 
  "Parallel Aware": false, 
  "Parent Relationship": "Inner", 
  "Output": [
   "cr.cr_returned_date_sk", 
   "cr.cr_returned_time_sk", 
   "cr.cr_item_sk", 
   "cr.cr_refunded_customer_sk", 
   "cr.cr_refunded_cdemo_sk", 
   "cr.cr_refunded_hdemo_sk", 
   "cr.cr_refunded_addr_sk", 
   "cr.cr_returning_customer_sk", 
   "cr.cr_returning_cdemo_sk", 
   "cr.cr_returning_hdemo_sk", 
   "cr.cr_returning_addr_sk", 
   "cr.cr_call_center_sk", 
   "cr.cr_catalog_page_sk", 
   "cr.cr_ship_mode_sk", 
   "cr.cr_warehouse_sk", 
   "cr.cr_reason_sk", 
   "cr.cr_order_number", 
   "cr.cr_return_quantity", 
   "cr.cr_return_amount", 
   "cr.cr_return_tax", 
   "cr.cr_return_amt_inc_tax", 
   "cr.cr_fee", 
   "cr.cr_return_ship_cost", 
   "cr.cr_refunded_cash", 
   "cr.cr_reversed_charge", 
   "cr.cr_store_credit", 
   "cr.cr_net_loss"
  ], 
  "Index Name": "catalog_returns_pkey", 
  "Plan Width": 26, 
  "Total Cost": 3.37
 }, 
 {
  "Startup Cost": 0.15, 
  "plan_id": 1011, 
  "Plans": [
   1012, 
   1015
  ], 
  "Plan Rows": 1, 
  "Node Type": "Nested Loop", 
  "Join Type": "Inner", 
  "filename": "plans/query49.json", 
  "Parallel Aware": false, 
  "Parent Relationship": "Outer", 
  "Output": [
   "cs.cs_item_sk", 
   "cr.cr_return_quantity", 
   "cs.cs_quantity", 
   "cr.cr_return_amount", 
   "cs.cs_net_paid"
  ], 
  "Plan Width": 40, 
  "Total Cost": 32.11
 }, 
 {
  "Startup Cost": 32.12, 
  "plan_id": 1010, 
  "Plans": [
   1011
  ], 
  "Sort Key": [
   "cs.cs_item_sk"
  ], 
  "Plan Rows": 1, 
  "Node Type": "Sort", 
  "filename": "plans/query49.json", 
  "Parallel Aware": false, 
  "Parent Relationship": "Outer", 
  "Output": [
   "cs.cs_item_sk", 
   "cr.cr_return_quantity", 
   "cs.cs_quantity", 
   "cr.cr_return_amount", 
   "cs.cs_net_paid"
  ], 
  "Plan Width": 40, 
  "Total Cost": 32.12
 }, 
 {
  "Partial Mode": "Simple", 
  "Startup Cost": 32.12, 
  "Plan Width": 68, 
  "plan_id": 1009, 
  "Plans": [
   1010
  ], 
  "filename": "plans/query49.json", 
  "Node Type": "Aggregate", 
  "Strategy": "Sorted", 
  "Plan Rows": 1, 
  "Parallel Aware": false, 
  "Output": [
   "cs.cs_item_sk", 
   "((sum(COALESCE(cr.cr_return_quantity, 0)))::numeric(15,4) / (sum(COALESCE(cs.cs_quantity, 0)))::numeric(15,4))", 
   "((sum(COALESCE(cr.cr_return_amount, '0'::numeric)))::numeric(15,4) / (sum(COALESCE(cs.cs_net_paid, '0'::numeric)))::numeric(15,4))"
  ], 
  "Group Key": [
   "cs.cs_item_sk"
  ], 
  "Parent Relationship": "Subquery", 
  "Total Cost": 32.17
 }, 
 {
  "Startup Cost": 32.12, 
  "plan_id": 1008, 
  "Plans": [
   1009
  ], 
  "Plan Rows": 1, 
  "Node Type": "Subquery Scan", 
  "Alias": "in_cat", 
  "filename": "plans/query49.json", 
  "Parallel Aware": false, 
  "Parent Relationship": "Outer", 
  "Output": [
   "in_cat.return_ratio", 
   "in_cat.currency_ratio", 
   "in_cat.item"
  ], 
  "Plan Width": 68, 
  "Total Cost": 32.18
 }, 
 {
  "Startup Cost": 32.19, 
  "plan_id": 1007, 
  "Plans": [
   1008
  ], 
  "Sort Key": [
   "in_cat.return_ratio"
  ], 
  "Plan Rows": 1, 
  "Node Type": "Sort", 
  "filename": "plans/query49.json", 
  "Parallel Aware": false, 
  "Parent Relationship": "Outer", 
  "Output": [
   "in_cat.return_ratio", 
   "in_cat.currency_ratio", 
   "in_cat.item"
  ], 
  "Plan Width": 68, 
  "Total Cost": 32.19
 }, 
 {
  "Startup Cost": 32.19, 
  "plan_id": 1006, 
  "Plans": [
   1007
  ], 
  "Plan Rows": 1, 
  "Node Type": "WindowAgg", 
  "filename": "plans/query49.json", 
  "Parallel Aware": false, 
  "Parent Relationship": "Outer", 
  "Output": [
   "in_cat.return_ratio", 
   "in_cat.currency_ratio", 
   "in_cat.item", 
   "rank() OVER (?)"
  ], 
  "Plan Width": 76, 
  "Total Cost": 32.21
 }, 
 {
  "Startup Cost": 32.22, 
  "plan_id": 1005, 
  "Plans": [
   1006
  ], 
  "Sort Key": [
   "in_cat.currency_ratio"
  ], 
  "Plan Rows": 1, 
  "Node Type": "Sort", 
  "filename": "plans/query49.json", 
  "Parallel Aware": false, 
  "Parent Relationship": "Outer", 
  "Output": [
   "in_cat.return_ratio", 
   "in_cat.currency_ratio", 
   "in_cat.item", 
   "(rank() OVER (?))"
  ], 
  "Plan Width": 76, 
  "Total Cost": 32.22
 }, 
 {
  "Startup Cost": 32.22, 
  "plan_id": 1004, 
  "Plans": [
   1005
  ], 
  "Plan Rows": 1, 
  "Node Type": "WindowAgg", 
  "filename": "plans/query49.json", 
  "Parallel Aware": false, 
  "Parent Relationship": "Subquery", 
  "Output": [
   "in_cat.item", 
   "in_cat.return_ratio", 
   "in_cat.currency_ratio", 
   "(rank() OVER (?))", 
   "rank() OVER (?)"
  ], 
  "Plan Width": 84, 
  "Total Cost": 32.24
 }, 
 {
  "Relation Name": "date_dim", 
  "Startup Cost": 0.0, 
  "plan_id": 1026, 
  "Node Type": "Seq Scan", 
  "Plan Rows": 1, 
  "Filter": "((date_dim_2.d_year = 2002) AND (date_dim_2.d_moy = 12))", 
  "Alias": "date_dim_2", 
  "filename": "plans/query49.json", 
  "Schema": "pg_temp_2", 
  "Parallel Aware": false, 
  "Parent Relationship": "Outer", 
  "Output": [
   "date_dim_2.d_date_sk", 
   "date_dim_2.d_date_id", 
   "date_dim_2.d_date", 
   "date_dim_2.d_month_seq", 
   "date_dim_2.d_week_seq", 
   "date_dim_2.d_quarter_seq", 
   "date_dim_2.d_year", 
   "date_dim_2.d_dow", 
   "date_dim_2.d_moy", 
   "date_dim_2.d_dom", 
   "date_dim_2.d_qoy", 
   "date_dim_2.d_fy_year", 
   "date_dim_2.d_fy_quarter_seq", 
   "date_dim_2.d_fy_week_seq", 
   "date_dim_2.d_day_name", 
   "date_dim_2.d_quarter_name", 
   "date_dim_2.d_holiday", 
   "date_dim_2.d_weekend", 
   "date_dim_2.d_following_holiday", 
   "date_dim_2.d_first_dom", 
   "date_dim_2.d_last_dom", 
   "date_dim_2.d_same_day_ly", 
   "date_dim_2.d_same_day_lq", 
   "date_dim_2.d_current_day", 
   "date_dim_2.d_current_week", 
   "date_dim_2.d_current_month", 
   "date_dim_2.d_current_quarter", 
   "date_dim_2.d_current_year"
  ], 
  "Plan Width": 4, 
  "Total Cost": 14.05
 }, 
 {
  "Relation Name": "store_sales", 
  "Startup Cost": 0.0, 
  "plan_id": 1027, 
  "Node Type": "Seq Scan", 
  "Plan Rows": 13, 
  "Filter": "((sts.ss_net_profit > '1'::numeric) AND (sts.ss_net_paid > '0'::numeric) AND (sts.ss_quantity > 0))", 
  "Alias": "sts", 
  "filename": "plans/query49.json", 
  "Schema": "pg_temp_2", 
  "Parallel Aware": false, 
  "Parent Relationship": "Inner", 
  "Output": [
   "sts.ss_sold_date_sk", 
   "sts.ss_sold_time_sk", 
   "sts.ss_item_sk", 
   "sts.ss_customer_sk", 
   "sts.ss_cdemo_sk", 
   "sts.ss_hdemo_sk", 
   "sts.ss_addr_sk", 
   "sts.ss_store_sk", 
   "sts.ss_promo_sk", 
   "sts.ss_ticket_number", 
   "sts.ss_quantity", 
   "sts.ss_wholesale_cost", 
   "sts.ss_list_price", 
   "sts.ss_sales_price", 
   "sts.ss_ext_discount_amt", 
   "sts.ss_ext_sales_price", 
   "sts.ss_ext_wholesale_cost", 
   "sts.ss_ext_list_price", 
   "sts.ss_ext_tax", 
   "sts.ss_coupon_amt", 
   "sts.ss_net_paid", 
   "sts.ss_net_paid_inc_tax", 
   "sts.ss_net_profit"
  ], 
  "Plan Width": 30, 
  "Total Cost": 15.95
 }, 
 {
  "Startup Cost": 0.0, 
  "plan_id": 1025, 
  "Plans": [
   1026, 
   1027
  ], 
  "Plan Rows": 1, 
  "Node Type": "Nested Loop", 
  "Join Type": "Inner", 
  "filename": "plans/query49.json", 
  "Parallel Aware": false, 
  "Parent Relationship": "Outer", 
  "Output": [
   "sts.ss_item_sk", 
   "sts.ss_quantity", 
   "sts.ss_net_paid", 
   "sts.ss_ticket_number"
  ], 
  "Plan Width": 26, 
  "Join Filter": "(sts.ss_sold_date_sk = date_dim_2.d_date_sk)", 
  "Total Cost": 30.16
 }, 
 {
  "Filter": "(sr.sr_return_amt > '10000'::numeric)", 
  "Startup Cost": 0.15, 
  "filename": "plans/query49.json", 
  "plan_id": 1028, 
  "Scan Direction": "Forward", 
  "Index Cond": "((sr.sr_item_sk = sts.ss_item_sk) AND (sr.sr_ticket_number = sts.ss_ticket_number))", 
  "Node Type": "Index Scan", 
  "Relation Name": "store_returns", 
  "Alias": "sr", 
  "Plan Rows": 1, 
  "Schema": "pg_temp_2", 
  "Parallel Aware": false, 
  "Parent Relationship": "Inner", 
  "Output": [
   "sr.sr_returned_date_sk", 
   "sr.sr_return_time_sk", 
   "sr.sr_item_sk", 
   "sr.sr_customer_sk", 
   "sr.sr_cdemo_sk", 
   "sr.sr_hdemo_sk", 
   "sr.sr_addr_sk", 
   "sr.sr_store_sk", 
   "sr.sr_reason_sk", 
   "sr.sr_ticket_number", 
   "sr.sr_return_quantity", 
   "sr.sr_return_amt", 
   "sr.sr_return_tax", 
   "sr.sr_return_amt_inc_tax", 
   "sr.sr_fee", 
   "sr.sr_return_ship_cost", 
   "sr.sr_refunded_cash", 
   "sr.sr_reversed_charge", 
   "sr.sr_store_credit", 
   "sr.sr_net_loss"
  ], 
  "Index Name": "store_returns_pkey", 
  "Plan Width": 26, 
  "Total Cost": 2.94
 }, 
 {
  "Startup Cost": 0.15, 
  "plan_id": 1024, 
  "Plans": [
   1025, 
   1028
  ], 
  "Plan Rows": 1, 
  "Node Type": "Nested Loop", 
  "Join Type": "Inner", 
  "filename": "plans/query49.json", 
  "Parallel Aware": false, 
  "Parent Relationship": "Outer", 
  "Output": [
   "sts.ss_item_sk", 
   "sr.sr_return_quantity", 
   "sts.ss_quantity", 
   "sr.sr_return_amt", 
   "sts.ss_net_paid"
  ], 
  "Plan Width": 40, 
  "Total Cost": 33.11
 }, 
 {
  "Startup Cost": 33.12, 
  "plan_id": 1023, 
  "Plans": [
   1024
  ], 
  "Sort Key": [
   "sts.ss_item_sk"
  ], 
  "Plan Rows": 1, 
  "Node Type": "Sort", 
  "filename": "plans/query49.json", 
  "Parallel Aware": false, 
  "Parent Relationship": "Outer", 
  "Output": [
   "sts.ss_item_sk", 
   "sr.sr_return_quantity", 
   "sts.ss_quantity", 
   "sr.sr_return_amt", 
   "sts.ss_net_paid"
  ], 
  "Plan Width": 40, 
  "Total Cost": 33.13
 }, 
 {
  "Partial Mode": "Simple", 
  "Startup Cost": 33.12, 
  "Plan Width": 68, 
  "plan_id": 1022, 
  "Plans": [
   1023
  ], 
  "filename": "plans/query49.json", 
  "Node Type": "Aggregate", 
  "Strategy": "Sorted", 
  "Plan Rows": 1, 
  "Parallel Aware": false, 
  "Output": [
   "sts.ss_item_sk", 
   "((sum(COALESCE(sr.sr_return_quantity, 0)))::numeric(15,4) / (sum(COALESCE(sts.ss_quantity, 0)))::numeric(15,4))", 
   "((sum(COALESCE(sr.sr_return_amt, '0'::numeric)))::numeric(15,4) / (sum(COALESCE(sts.ss_net_paid, '0'::numeric)))::numeric(15,4))"
  ], 
  "Group Key": [
   "sts.ss_item_sk"
  ], 
  "Parent Relationship": "Subquery", 
  "Total Cost": 33.17
 }, 
 {
  "Startup Cost": 33.12, 
  "plan_id": 1021, 
  "Plans": [
   1022
  ], 
  "Plan Rows": 1, 
  "Node Type": "Subquery Scan", 
  "Alias": "in_store", 
  "filename": "plans/query49.json", 
  "Parallel Aware": false, 
  "Parent Relationship": "Outer", 
  "Output": [
   "in_store.return_ratio", 
   "in_store.currency_ratio", 
   "in_store.item"
  ], 
  "Plan Width": 68, 
  "Total Cost": 33.18
 }, 
 {
  "Startup Cost": 33.19, 
  "plan_id": 1020, 
  "Plans": [
   1021
  ], 
  "Sort Key": [
   "in_store.return_ratio"
  ], 
  "Plan Rows": 1, 
  "Node Type": "Sort", 
  "filename": "plans/query49.json", 
  "Parallel Aware": false, 
  "Parent Relationship": "Outer", 
  "Output": [
   "in_store.return_ratio", 
   "in_store.currency_ratio", 
   "in_store.item"
  ], 
  "Plan Width": 68, 
  "Total Cost": 33.2
 }, 
 {
  "Startup Cost": 33.19, 
  "plan_id": 1019, 
  "Plans": [
   1020
  ], 
  "Plan Rows": 1, 
  "Node Type": "WindowAgg", 
  "filename": "plans/query49.json", 
  "Parallel Aware": false, 
  "Parent Relationship": "Outer", 
  "Output": [
   "in_store.return_ratio", 
   "in_store.currency_ratio", 
   "in_store.item", 
   "rank() OVER (?)"
  ], 
  "Plan Width": 76, 
  "Total Cost": 33.21
 }, 
 {
  "Startup Cost": 33.22, 
  "plan_id": 1018, 
  "Plans": [
   1019
  ], 
  "Sort Key": [
   "in_store.currency_ratio"
  ], 
  "Plan Rows": 1, 
  "Node Type": "Sort", 
  "filename": "plans/query49.json", 
  "Parallel Aware": false, 
  "Parent Relationship": "Outer", 
  "Output": [
   "in_store.return_ratio", 
   "in_store.currency_ratio", 
   "in_store.item", 
   "(rank() OVER (?))"
  ], 
  "Plan Width": 76, 
  "Total Cost": 33.23
 }, 
 {
  "Startup Cost": 33.22, 
  "plan_id": 1017, 
  "Plans": [
   1018
  ], 
  "Plan Rows": 1, 
  "Node Type": "WindowAgg", 
  "filename": "plans/query49.json", 
  "Parallel Aware": false, 
  "Parent Relationship": "Subquery", 
  "Output": [
   "in_store.item", 
   "in_store.return_ratio", 
   "in_store.currency_ratio", 
   "(rank() OVER (?))", 
   "rank() OVER (?)"
  ], 
  "Plan Width": 84, 
  "Total Cost": 33.24
 }, 
 {
  "Startup Cost": 32.22, 
  "plan_id": 990, 
  "Plans": [
   991
  ], 
  "Plan Rows": 1, 
  "Node Type": "Subquery Scan", 
  "Filter": "((web.return_rank <= 10) OR (web.currency_rank <= 10))", 
  "Alias": "web", 
  "filename": "plans/query49.json", 
  "Parallel Aware": false, 
  "Parent Relationship": "Member", 
  "Output": [
   "'web'::text", 
   "web.item", 
   "web.return_ratio", 
   "web.return_rank", 
   "web.currency_rank"
  ], 
  "Plan Width": 84, 
  "Total Cost": 32.25
 }, 
 {
  "Startup Cost": 32.22, 
  "plan_id": 1003, 
  "Plans": [
   1004
  ], 
  "Plan Rows": 1, 
  "Node Type": "Subquery Scan", 
  "Filter": "((catalog.return_rank <= 10) OR (catalog.currency_rank <= 10))", 
  "Alias": "catalog", 
  "filename": "plans/query49.json", 
  "Parallel Aware": false, 
  "Parent Relationship": "Member", 
  "Output": [
   "'catalog'::text", 
   "catalog.item", 
   "catalog.return_ratio", 
   "catalog.return_rank", 
   "catalog.currency_rank"
  ], 
  "Plan Width": 84, 
  "Total Cost": 32.25
 }, 
 {
  "Startup Cost": 33.22, 
  "plan_id": 1016, 
  "Plans": [
   1017
  ], 
  "Plan Rows": 1, 
  "Node Type": "Subquery Scan", 
  "Filter": "((store.return_rank <= 10) OR (store.currency_rank <= 10))", 
  "Alias": "store", 
  "filename": "plans/query49.json", 
  "Parallel Aware": false, 
  "Parent Relationship": "Member", 
  "Output": [
   "'store'::text", 
   "store.item", 
   "store.return_ratio", 
   "store.return_rank", 
   "store.currency_rank"
  ], 
  "Plan Width": 84, 
  "Total Cost": 33.26
 }, 
 {
  "Startup Cost": 32.22, 
  "plan_id": 989, 
  "Plans": [
   990, 
   1003, 
   1016
  ], 
  "Plan Rows": 3, 
  "Node Type": "Append", 
  "filename": "plans/query49.json", 
  "Parallel Aware": false, 
  "Parent Relationship": "Outer", 
  "Plan Width": 84, 
  "Total Cost": 97.79
 }, 
 {
  "Partial Mode": "Simple", 
  "Startup Cost": 97.83, 
  "Plan Width": 84, 
  "plan_id": 988, 
  "Plans": [
   989
  ], 
  "filename": "plans/query49.json", 
  "Node Type": "Aggregate", 
  "Strategy": "Hashed", 
  "Plan Rows": 3, 
  "Parallel Aware": false, 
  "Output": [
   "('web'::text)", 
   "web.item", 
   "web.return_ratio", 
   "web.return_rank", 
   "web.currency_rank"
  ], 
  "Group Key": [
   "('web'::text)", 
   "web.item", 
   "web.return_ratio", 
   "web.return_rank", 
   "web.currency_rank"
  ], 
  "Parent Relationship": "Outer", 
  "Total Cost": 97.86
 }, 
 {
  "Startup Cost": 97.89, 
  "plan_id": 987, 
  "Plans": [
   988
  ], 
  "Sort Key": [
   "('web'::text)", 
   "web.return_rank", 
   "web.currency_rank"
  ], 
  "Plan Rows": 3, 
  "Node Type": "Sort", 
  "filename": "plans/query49.json", 
  "Parallel Aware": false, 
  "Parent Relationship": "Outer", 
  "Output": [
   "('web'::text)", 
   "web.item", 
   "web.return_ratio", 
   "web.return_rank", 
   "web.currency_rank"
  ], 
  "Plan Width": 84, 
  "Total Cost": 97.89
 }, 
 {
  "Startup Cost": 97.89, 
  "plan_id": 986, 
  "Plans": [
   987
  ], 
  "Plan Rows": 3, 
  "Node Type": "Limit", 
  "filename": "plans/query49.json", 
  "Parallel Aware": false, 
  "Output": [
   "('web'::text)", 
   "web.item", 
   "web.return_ratio", 
   "web.return_rank", 
   "web.currency_rank"
  ], 
  "Plan Width": 84, 
  "Total Cost": 97.89
 }, 
 {
  "Startup Cost": 0.0, 
  "plan_id": 1035, 
  "Node Type": "Seq Scan", 
  "Plan Rows": 340, 
  "Relation Name": "store_sales", 
  "Alias": "store_sales", 
  "filename": "plans/query5.json", 
  "Schema": "pg_temp_2", 
  "Parallel Aware": false, 
  "Parent Relationship": "Member", 
  "Output": [
   "store_sales.ss_ext_sales_price", 
   "store_sales.ss_net_profit", 
   "0.00::numeric(7,2)", 
   "0.00::numeric(7,2)", 
   "store_sales.ss_sold_date_sk", 
   "store_sales.ss_store_sk"
  ], 
  "Plan Width": 64, 
  "Total Cost": 13.4
 }, 
 {
  "Startup Cost": 0.0, 
  "plan_id": 1036, 
  "Node Type": "Seq Scan", 
  "Plan Rows": 410, 
  "Relation Name": "store_returns", 
  "Alias": "store_returns", 
  "filename": "plans/query5.json", 
  "Schema": "pg_temp_2", 
  "Parallel Aware": false, 
  "Parent Relationship": "Member", 
  "Output": [
   "0.00::numeric(7,2)", 
   "0.00::numeric(7,2)", 
   "store_returns.sr_return_amt", 
   "store_returns.sr_net_loss", 
   "store_returns.sr_returned_date_sk", 
   "store_returns.sr_store_sk"
  ], 
  "Plan Width": 64, 
  "Total Cost": 14.1
 }, 
 {
  "Relation Name": "date_dim", 
  "Startup Cost": 0.0, 
  "plan_id": 1038, 
  "Node Type": "Seq Scan", 
  "Plan Rows": 1, 
  "Filter": "((date_dim.d_date >= '1998-08-15'::date) AND (date_dim.d_date <= '1998-08-29 00:00:00'::timestamp without time zone))", 
  "Alias": "date_dim", 
  "filename": "plans/query5.json", 
  "Schema": "pg_temp_2", 
  "Parallel Aware": false, 
  "Parent Relationship": "Outer", 
  "Output": [
   "date_dim.d_date_sk"
  ], 
  "Plan Width": 4, 
  "Total Cost": 14.05
 }, 
 {
  "Startup Cost": 0.0, 
  "plan_id": 1034, 
  "Plans": [
   1035, 
   1036
  ], 
  "Plan Rows": 750, 
  "Node Type": "Append", 
  "filename": "plans/query5.json", 
  "Parallel Aware": false, 
  "Parent Relationship": "Outer", 
  "Plan Width": 64, 
  "Total Cost": 27.5
 }, 
 {
  "Startup Cost": 14.05, 
  "plan_id": 1037, 
  "Plans": [
   1038
  ], 
  "Plan Rows": 1, 
  "Node Type": "Hash", 
  "filename": "plans/query5.json", 
  "Parallel Aware": false, 
  "Parent Relationship": "Inner", 
  "Output": [
   "date_dim.d_date_sk"
  ], 
  "Plan Width": 4, 
  "Total Cost": 14.05
 }, 
 {
  "Startup Cost": 14.06, 
  "Plan Width": 60, 
  "plan_id": 1033, 
  "Plans": [
   1034, 
   1037
  ], 
  "Plan Rows": 3, 
  "Node Type": "Hash Join", 
  "Join Type": "Inner", 
  "filename": "plans/query5.json", 
  "Parallel Aware": false, 
  "Output": [
   "store_sales.ss_ext_sales_price", 
   "store_sales.ss_net_profit", 
   "(0.00::numeric(7,2))", 
   "(0.00::numeric(7,2))", 
   "store_sales.ss_store_sk"
  ], 
  "Hash Cond": "(store_sales.ss_sold_date_sk = date_dim.d_date_sk)", 
  "Parent Relationship": "Outer", 
  "Total Cost": 44.41
 }, 
 {
  "Startup Cost": 0.14, 
  "filename": "plans/query5.json", 
  "plan_id": 1039, 
  "Scan Direction": "Forward", 
  "Index Cond": "(store.s_store_sk = store_sales.ss_store_sk)", 
  "Node Type": "Index Scan", 
  "Relation Name": "store", 
  "Alias": "store", 
  "Plan Rows": 1, 
  "Schema": "pg_temp_2", 
  "Parallel Aware": false, 
  "Parent Relationship": "Inner", 
  "Output": [
   "store.s_store_sk", 
   "store.s_store_id", 
   "store.s_rec_start_date", 
   "store.s_rec_end_date", 
   "store.s_closed_date_sk", 
   "store.s_store_name", 
   "store.s_number_employees", 
   "store.s_floor_space", 
   "store.s_hours", 
   "store.s_manager", 
   "store.s_market_id", 
   "store.s_geography_class", 
   "store.s_market_desc", 
   "store.s_market_manager", 
   "store.s_division_id", 
   "store.s_division_name", 
   "store.s_company_id", 
   "store.s_company_name", 
   "store.s_street_number", 
   "store.s_street_name", 
   "store.s_street_type", 
   "store.s_suite_number", 
   "store.s_city", 
   "store.s_county", 
   "store.s_state", 
   "store.s_zip", 
   "store.s_country", 
   "store.s_gmt_offset", 
   "store.s_tax_precentage"
  ], 
  "Index Name": "store_pkey", 
  "Plan Width": 72, 
  "Total Cost": 0.22
 }, 
 {
  "Startup Cost": 14.2, 
  "plan_id": 1032, 
  "Plans": [
   1033, 
   1039
  ], 
  "Plan Rows": 1, 
  "Node Type": "Nested Loop", 
  "Join Type": "Inner", 
  "filename": "plans/query5.json", 
  "Parallel Aware": false, 
  "Parent Relationship": "Outer", 
  "Output": [
   "store.s_store_id", 
   "store_sales.ss_ext_sales_price", 
   "store_sales.ss_net_profit", 
   "(0.00::numeric(7,2))", 
   "(0.00::numeric(7,2))"
  ], 
  "Plan Width": 124, 
  "Total Cost": 45.08
 }, 
 {
  "Startup Cost": 45.09, 
  "plan_id": 1031, 
  "Plans": [
   1032
  ], 
  "Sort Key": [
   "store.s_store_id"
  ], 
  "Plan Rows": 1, 
  "Node Type": "Sort", 
  "filename": "plans/query5.json", 
  "Parallel Aware": false, 
  "Parent Relationship": "Outer", 
  "Output": [
   "store.s_store_id", 
   "store_sales.ss_ext_sales_price", 
   "store_sales.ss_net_profit", 
   "(0.00::numeric(7,2))", 
   "(0.00::numeric(7,2))"
  ], 
  "Plan Width": 124, 
  "Total Cost": 45.1
 }, 
 {
  "Startup Cost": 0.0, 
  "plan_id": 1045, 
  "Node Type": "Seq Scan", 
  "Plan Rows": 260, 
  "Relation Name": "catalog_sales", 
  "Alias": "catalog_sales", 
  "filename": "plans/query5.json", 
  "Schema": "pg_temp_2", 
  "Parallel Aware": false, 
  "Parent Relationship": "Member", 
  "Output": [
   "catalog_sales.cs_ext_sales_price", 
   "catalog_sales.cs_net_profit", 
   "0.00::numeric(7,2)", 
   "0.00::numeric(7,2)", 
   "catalog_sales.cs_sold_date_sk", 
   "catalog_sales.cs_catalog_page_sk"
  ], 
  "Plan Width": 64, 
  "Total Cost": 12.6
 }, 
 {
  "Startup Cost": 0.0, 
  "plan_id": 1046, 
  "Node Type": "Seq Scan", 
  "Plan Rows": 360, 
  "Relation Name": "catalog_returns", 
  "Alias": "catalog_returns", 
  "filename": "plans/query5.json", 
  "Schema": "pg_temp_2", 
  "Parallel Aware": false, 
  "Parent Relationship": "Member", 
  "Output": [
   "0.00::numeric(7,2)", 
   "0.00::numeric(7,2)", 
   "catalog_returns.cr_return_amount", 
   "catalog_returns.cr_net_loss", 
   "catalog_returns.cr_returned_date_sk", 
   "catalog_returns.cr_catalog_page_sk"
  ], 
  "Plan Width": 64, 
  "Total Cost": 13.6
 }, 
 {
  "Relation Name": "date_dim", 
  "Startup Cost": 0.0, 
  "plan_id": 1048, 
  "Node Type": "Seq Scan", 
  "Plan Rows": 1, 
  "Filter": "((date_dim_1.d_date >= '1998-08-15'::date) AND (date_dim_1.d_date <= '1998-08-29 00:00:00'::timestamp without time zone))", 
  "Alias": "date_dim_1", 
  "filename": "plans/query5.json", 
  "Schema": "pg_temp_2", 
  "Parallel Aware": false, 
  "Parent Relationship": "Outer", 
  "Output": [
   "date_dim_1.d_date_sk"
  ], 
  "Plan Width": 4, 
  "Total Cost": 14.05
 }, 
 {
  "Startup Cost": 0.0, 
  "plan_id": 1044, 
  "Plans": [
   1045, 
   1046
  ], 
  "Plan Rows": 620, 
  "Node Type": "Append", 
  "filename": "plans/query5.json", 
  "Parallel Aware": false, 
  "Parent Relationship": "Outer", 
  "Plan Width": 64, 
  "Total Cost": 26.2
 }, 
 {
  "Startup Cost": 14.05, 
  "plan_id": 1047, 
  "Plans": [
   1048
  ], 
  "Plan Rows": 1, 
  "Node Type": "Hash", 
  "filename": "plans/query5.json", 
  "Parallel Aware": false, 
  "Parent Relationship": "Inner", 
  "Output": [
   "date_dim_1.d_date_sk"
  ], 
  "Plan Width": 4, 
  "Total Cost": 14.05
 }, 
 {
  "Startup Cost": 14.06, 
  "Plan Width": 60, 
  "plan_id": 1043, 
  "Plans": [
   1044, 
   1047
  ], 
  "Plan Rows": 2, 
  "Node Type": "Hash Join", 
  "Join Type": "Inner", 
  "filename": "plans/query5.json", 
  "Parallel Aware": false, 
  "Output": [
   "catalog_sales.cs_ext_sales_price", 
   "catalog_sales.cs_net_profit", 
   "(0.00::numeric(7,2))", 
   "(0.00::numeric(7,2))", 
   "catalog_sales.cs_catalog_page_sk"
  ], 
  "Hash Cond": "(catalog_sales.cs_sold_date_sk = date_dim_1.d_date_sk)", 
  "Parent Relationship": "Outer", 
  "Total Cost": 42.61
 }, 
 {
  "Startup Cost": 0.14, 
  "filename": "plans/query5.json", 
  "plan_id": 1049, 
  "Scan Direction": "Forward", 
  "Index Cond": "(catalog_page.cp_catalog_page_sk = catalog_sales.cs_catalog_page_sk)", 
  "Node Type": "Index Scan", 
  "Relation Name": "catalog_page", 
  "Alias": "catalog_page", 
  "Plan Rows": 1, 
  "Schema": "pg_temp_2", 
  "Parallel Aware": false, 
  "Parent Relationship": "Inner", 
  "Output": [
   "catalog_page.cp_catalog_page_sk", 
   "catalog_page.cp_catalog_page_id", 
   "catalog_page.cp_start_date_sk", 
   "catalog_page.cp_end_date_sk", 
   "catalog_page.cp_department", 
   "catalog_page.cp_catalog_number", 
   "catalog_page.cp_catalog_page_number", 
   "catalog_page.cp_description", 
   "catalog_page.cp_type"
  ], 
  "Index Name": "catalog_page_pkey", 
  "Plan Width": 72, 
  "Total Cost": 0.23
 }, 
 {
  "Startup Cost": 14.21, 
  "plan_id": 1042, 
  "Plans": [
   1043, 
   1049
  ], 
  "Plan Rows": 1, 
  "Node Type": "Nested Loop", 
  "Join Type": "Inner", 
  "filename": "plans/query5.json", 
  "Parallel Aware": false, 
  "Parent Relationship": "Outer", 
  "Output": [
   "catalog_page.cp_catalog_page_id", 
   "catalog_sales.cs_ext_sales_price", 
   "catalog_sales.cs_net_profit", 
   "(0.00::numeric(7,2))", 
   "(0.00::numeric(7,2))"
  ], 
  "Plan Width": 124, 
  "Total Cost": 43.09
 }, 
 {
  "Startup Cost": 43.1, 
  "plan_id": 1041, 
  "Plans": [
   1042
  ], 
  "Sort Key": [
   "catalog_page.cp_catalog_page_id"
  ], 
  "Plan Rows": 1, 
  "Node Type": "Sort", 
  "filename": "plans/query5.json", 
  "Parallel Aware": false, 
  "Parent Relationship": "Outer", 
  "Output": [
   "catalog_page.cp_catalog_page_id", 
   "catalog_sales.cs_ext_sales_price", 
   "catalog_sales.cs_net_profit", 
   "(0.00::numeric(7,2))", 
   "(0.00::numeric(7,2))"
  ], 
  "Plan Width": 124, 
  "Total Cost": 43.1
 }, 
 {
  "Startup Cost": 0.0, 
  "plan_id": 1060, 
  "Node Type": "Seq Scan", 
  "Plan Rows": 260, 
  "Relation Name": "web_sales", 
  "Alias": "web_sales_1", 
  "filename": "plans/query5.json", 
  "Schema": "pg_temp_2", 
  "Parallel Aware": false, 
  "Parent Relationship": "Outer", 
  "Output": [
   "web_sales_1.ws_web_site_sk", 
   "web_sales_1.ws_item_sk", 
   "web_sales_1.ws_order_number"
  ], 
  "Plan Width": 12, 
  "Total Cost": 12.6
 }, 
 {
  "Startup Cost": 0.0, 
  "plan_id": 1058, 
  "Node Type": "Seq Scan", 
  "Plan Rows": 380, 
  "Relation Name": "web_returns", 
  "Alias": "web_returns", 
  "filename": "plans/query5.json", 
  "Schema": "pg_temp_2", 
  "Parallel Aware": false, 
  "Parent Relationship": "Outer", 
  "Output": [
   "web_returns.wr_returned_date_sk", 
   "web_returns.wr_returned_time_sk", 
   "web_returns.wr_item_sk", 
   "web_returns.wr_refunded_customer_sk", 
   "web_returns.wr_refunded_cdemo_sk", 
   "web_returns.wr_refunded_hdemo_sk", 
   "web_returns.wr_refunded_addr_sk", 
   "web_returns.wr_returning_customer_sk", 
   "web_returns.wr_returning_cdemo_sk", 
   "web_returns.wr_returning_hdemo_sk", 
   "web_returns.wr_returning_addr_sk", 
   "web_returns.wr_web_page_sk", 
   "web_returns.wr_reason_sk", 
   "web_returns.wr_order_number", 
   "web_returns.wr_return_quantity", 
   "web_returns.wr_return_amt", 
   "web_returns.wr_return_tax", 
   "web_returns.wr_return_amt_inc_tax", 
   "web_returns.wr_fee", 
   "web_returns.wr_return_ship_cost", 
   "web_returns.wr_refunded_cash", 
   "web_returns.wr_reversed_charge", 
   "web_returns.wr_account_credit", 
   "web_returns.wr_net_loss"
  ], 
  "Plan Width": 40, 
  "Total Cost": 13.8
 }, 
 {
  "Startup Cost": 12.6, 
  "plan_id": 1059, 
  "Plans": [
   1060
  ], 
  "Plan Rows": 260, 
  "Node Type": "Hash", 
  "filename": "plans/query5.json", 
  "Parallel Aware": false, 
  "Parent Relationship": "Inner", 
  "Output": [
   "web_sales_1.ws_web_site_sk", 
   "web_sales_1.ws_item_sk", 
   "web_sales_1.ws_order_number"
  ], 
  "Plan Width": 12, 
  "Total Cost": 12.6
 }, 
 {
  "Startup Cost": 16.5, 
  "Plan Width": 64, 
  "plan_id": 1057, 
  "Plans": [
   1058, 
   1059
  ], 
  "Plan Rows": 380, 
  "Node Type": "Hash Join", 
  "Join Type": "Left", 
  "filename": "plans/query5.json", 
  "Parallel Aware": false, 
  "Output": [
   "web_sales_1.ws_web_site_sk", 
   "web_returns.wr_returned_date_sk", 
   "0.00::numeric(7,2)", 
   "0.00::numeric(7,2)", 
   "web_returns.wr_return_amt", 
   "web_returns.wr_net_loss"
  ], 
  "Hash Cond": "((web_returns.wr_item_sk = web_sales_1.ws_item_sk) AND (web_returns.wr_order_number = web_sales_1.ws_order_number))", 
  "Parent Relationship": "Subquery", 
  "Total Cost": 56.92
 }, 
 {
  "Startup Cost": 0.0, 
  "plan_id": 1055, 
  "Node Type": "Seq Scan", 
  "Plan Rows": 260, 
  "Relation Name": "web_sales", 
  "Alias": "web_sales", 
  "filename": "plans/query5.json", 
  "Schema": "pg_temp_2", 
  "Parallel Aware": false, 
  "Parent Relationship": "Member", 
  "Output": [
   "web_sales.ws_ext_sales_price", 
   "web_sales.ws_net_profit", 
   "0.00::numeric(7,2)", 
   "0.00::numeric(7,2)", 
   "web_sales.ws_sold_date_sk", 
   "web_sales.ws_web_site_sk"
  ], 
  "Plan Width": 64, 
  "Total Cost": 12.6
 }, 
 {
  "Startup Cost": 16.5, 
  "plan_id": 1056, 
  "Plans": [
   1057
  ], 
  "Plan Rows": 380, 
  "Node Type": "Subquery Scan", 
  "Alias": "*SELECT* 2", 
  "filename": "plans/query5.json", 
  "Parallel Aware": false, 
  "Parent Relationship": "Member", 
  "Output": [
   "\"*SELECT* 2\".sales_price", 
   "\"*SELECT* 2\".profit", 
   "\"*SELECT* 2\".return_amt", 
   "\"*SELECT* 2\".net_loss", 
   "\"*SELECT* 2\".date_sk", 
   "\"*SELECT* 2\".wsr_web_site_sk"
  ], 
  "Plan Width": 64, 
  "Total Cost": 60.72
 }, 
 {
  "Relation Name": "date_dim", 
  "Startup Cost": 0.0, 
  "plan_id": 1062, 
  "Node Type": "Seq Scan", 
  "Plan Rows": 1, 
  "Filter": "((date_dim_2.d_date >= '1998-08-15'::date) AND (date_dim_2.d_date <= '1998-08-29 00:00:00'::timestamp without time zone))", 
  "Alias": "date_dim_2", 
  "filename": "plans/query5.json", 
  "Schema": "pg_temp_2", 
  "Parallel Aware": false, 
  "Parent Relationship": "Outer", 
  "Output": [
   "date_dim_2.d_date_sk"
  ], 
  "Plan Width": 4, 
  "Total Cost": 14.05
 }, 
 {
  "Startup Cost": 0.0, 
  "plan_id": 1054, 
  "Plans": [
   1055, 
   1056
  ], 
  "Plan Rows": 640, 
  "Node Type": "Append", 
  "filename": "plans/query5.json", 
  "Parallel Aware": false, 
  "Parent Relationship": "Outer", 
  "Plan Width": 64, 
  "Total Cost": 73.32
 }, 
 {
  "Startup Cost": 14.05, 
  "plan_id": 1061, 
  "Plans": [
   1062
  ], 
  "Plan Rows": 1, 
  "Node Type": "Hash", 
  "filename": "plans/query5.json", 
  "Parallel Aware": false, 
  "Parent Relationship": "Inner", 
  "Output": [
   "date_dim_2.d_date_sk"
  ], 
  "Plan Width": 4, 
  "Total Cost": 14.05
 }, 
 {
  "Startup Cost": 14.06, 
  "Plan Width": 60, 
  "plan_id": 1053, 
  "Plans": [
   1054, 
   1061
  ], 
  "Plan Rows": 2, 
  "Node Type": "Hash Join", 
  "Join Type": "Inner", 
  "filename": "plans/query5.json", 
  "Parallel Aware": false, 
  "Output": [
   "web_sales.ws_ext_sales_price", 
   "web_sales.ws_net_profit", 
   "(0.00::numeric(7,2))", 
   "(0.00::numeric(7,2))", 
   "web_sales.ws_web_site_sk"
  ], 
  "Hash Cond": "(web_sales.ws_sold_date_sk = date_dim_2.d_date_sk)", 
  "Parent Relationship": "Outer", 
  "Total Cost": 89.8
 }, 
 {
  "Startup Cost": 0.14, 
  "filename": "plans/query5.json", 
  "plan_id": 1063, 
  "Scan Direction": "Forward", 
  "Index Cond": "(web_site.web_site_sk = web_sales.ws_web_site_sk)", 
  "Node Type": "Index Scan", 
  "Relation Name": "web_site", 
  "Alias": "web_site", 
  "Plan Rows": 1, 
  "Schema": "pg_temp_2", 
  "Parallel Aware": false, 
  "Parent Relationship": "Inner", 
  "Output": [
   "web_site.web_site_sk", 
   "web_site.web_site_id", 
   "web_site.web_rec_start_date", 
   "web_site.web_rec_end_date", 
   "web_site.web_name", 
   "web_site.web_open_date_sk", 
   "web_site.web_close_date_sk", 
   "web_site.web_class", 
   "web_site.web_manager", 
   "web_site.web_mkt_id", 
   "web_site.web_mkt_class", 
   "web_site.web_mkt_desc", 
   "web_site.web_market_manager", 
   "web_site.web_company_id", 
   "web_site.web_company_name", 
   "web_site.web_street_number", 
   "web_site.web_street_name", 
   "web_site.web_street_type", 
   "web_site.web_suite_number", 
   "web_site.web_city", 
   "web_site.web_county", 
   "web_site.web_state", 
   "web_site.web_zip", 
   "web_site.web_country", 
   "web_site.web_gmt_offset", 
   "web_site.web_tax_percentage"
  ], 
  "Index Name": "web_site_pkey", 
  "Plan Width": 72, 
  "Total Cost": 0.23
 }, 
 {
  "Startup Cost": 14.2, 
  "plan_id": 1052, 
  "Plans": [
   1053, 
   1063
  ], 
  "Plan Rows": 1, 
  "Node Type": "Nested Loop", 
  "Join Type": "Inner", 
  "filename": "plans/query5.json", 
  "Parallel Aware": false, 
  "Parent Relationship": "Outer", 
  "Output": [
   "web_site.web_site_id", 
   "web_sales.ws_ext_sales_price", 
   "web_sales.ws_net_profit", 
   "(0.00::numeric(7,2))", 
   "(0.00::numeric(7,2))"
  ], 
  "Plan Width": 124, 
  "Total Cost": 90.28
 }, 
 {
  "Startup Cost": 90.29, 
  "plan_id": 1051, 
  "Plans": [
   1052
  ], 
  "Sort Key": [
   "web_site.web_site_id"
  ], 
  "Plan Rows": 1, 
  "Node Type": "Sort", 
  "filename": "plans/query5.json", 
  "Parallel Aware": false, 
  "Parent Relationship": "Outer", 
  "Output": [
   "web_site.web_site_id", 
   "web_sales.ws_ext_sales_price", 
   "web_sales.ws_net_profit", 
   "(0.00::numeric(7,2))", 
   "(0.00::numeric(7,2))"
  ], 
  "Plan Width": 124, 
  "Total Cost": 90.29
 }, 
 {
  "Startup Cost": 0.0, 
  "plan_id": 1067, 
  "CTE Name": "ssr", 
  "Node Type": "CTE Scan", 
  "Plan Rows": 1, 
  "Alias": "ssr", 
  "filename": "plans/query5.json", 
  "Parallel Aware": false, 
  "Parent Relationship": "Member", 
  "Output": [
   "'store channel'::text", 
   "('store'::text || (ssr.s_store_id)::text)", 
   "ssr.sales", 
   "ssr.returns", 
   "(ssr.profit - ssr.profit_loss)"
  ], 
  "Plan Width": 160, 
  "Total Cost": 0.03
 }, 
 {
  "Startup Cost": 0.0, 
  "plan_id": 1068, 
  "CTE Name": "csr", 
  "Node Type": "CTE Scan", 
  "Plan Rows": 1, 
  "Alias": "csr", 
  "filename": "plans/query5.json", 
  "Parallel Aware": false, 
  "Parent Relationship": "Member", 
  "Output": [
   "'catalog channel'::text", 
   "('catalog_page'::text || (csr.cp_catalog_page_id)::text)", 
   "csr.sales", 
   "csr.returns", 
   "(csr.profit - csr.profit_loss)"
  ], 
  "Plan Width": 160, 
  "Total Cost": 0.03
 }, 
 {
  "Startup Cost": 0.0, 
  "plan_id": 1069, 
  "CTE Name": "wsr", 
  "Node Type": "CTE Scan", 
  "Plan Rows": 1, 
  "Alias": "wsr", 
  "filename": "plans/query5.json", 
  "Parallel Aware": false, 
  "Parent Relationship": "Member", 
  "Output": [
   "'web channel'::text", 
   "('web_site'::text || (wsr.web_site_id)::text)", 
   "wsr.sales", 
   "wsr.returns", 
   "(wsr.profit - wsr.profit_loss)"
  ], 
  "Plan Width": 160, 
  "Total Cost": 0.03
 }, 
 {
  "Startup Cost": 0.0, 
  "plan_id": 1066, 
  "Plans": [
   1067, 
   1068, 
   1069
  ], 
  "Plan Rows": 3, 
  "Node Type": "Append", 
  "filename": "plans/query5.json", 
  "Parallel Aware": false, 
  "Parent Relationship": "Outer", 
  "Plan Width": 160, 
  "Total Cost": 0.08
 }, 
 {
  "Startup Cost": 0.11, 
  "plan_id": 1065, 
  "Plans": [
   1066
  ], 
  "Sort Key": [
   "('store channel'::text)", 
   "(('store'::text || (ssr.s_store_id)::text))"
  ], 
  "Plan Rows": 3, 
  "Node Type": "Sort", 
  "filename": "plans/query5.json", 
  "Parallel Aware": false, 
  "Parent Relationship": "Outer", 
  "Output": [
   "('store channel'::text)", 
   "(('store'::text || (ssr.s_store_id)::text))", 
   "ssr.sales", 
   "ssr.returns", 
   "((ssr.profit - ssr.profit_loss))"
  ], 
  "Plan Width": 160, 
  "Total Cost": 0.11
 }, 
 {
  "Partial Mode": "Simple", 
  "Startup Cost": 45.09, 
  "Plan Width": 196, 
  "plan_id": 1030, 
  "Plans": [
   1031
  ], 
  "filename": "plans/query5.json", 
  "Node Type": "Aggregate", 
  "Strategy": "Sorted", 
  "Plan Rows": 1, 
  "Parallel Aware": false, 
  "Output": [
   "store.s_store_id", 
   "sum(store_sales.ss_ext_sales_price)", 
   "sum(store_sales.ss_net_profit)", 
   "sum((0.00::numeric(7,2)))", 
   "sum((0.00::numeric(7,2)))"
  ], 
  "Group Key": [
   "store.s_store_id"
  ], 
  "Parent Relationship": "InitPlan", 
  "Subplan Name": "CTE ssr", 
  "Total Cost": 45.13
 }, 
 {
  "Partial Mode": "Simple", 
  "Startup Cost": 43.1, 
  "Plan Width": 196, 
  "plan_id": 1040, 
  "Plans": [
   1041
  ], 
  "filename": "plans/query5.json", 
  "Node Type": "Aggregate", 
  "Strategy": "Sorted", 
  "Plan Rows": 1, 
  "Parallel Aware": false, 
  "Output": [
   "catalog_page.cp_catalog_page_id", 
   "sum(catalog_sales.cs_ext_sales_price)", 
   "sum(catalog_sales.cs_net_profit)", 
   "sum((0.00::numeric(7,2)))", 
   "sum((0.00::numeric(7,2)))"
  ], 
  "Group Key": [
   "catalog_page.cp_catalog_page_id"
  ], 
  "Parent Relationship": "InitPlan", 
  "Subplan Name": "CTE csr", 
  "Total Cost": 43.14
 }, 
 {
  "Partial Mode": "Simple", 
  "Startup Cost": 90.29, 
  "Plan Width": 196, 
  "plan_id": 1050, 
  "Plans": [
   1051
  ], 
  "filename": "plans/query5.json", 
  "Node Type": "Aggregate", 
  "Strategy": "Sorted", 
  "Plan Rows": 1, 
  "Parallel Aware": false, 
  "Output": [
   "web_site.web_site_id", 
   "sum(web_sales.ws_ext_sales_price)", 
   "sum(web_sales.ws_net_profit)", 
   "sum((0.00::numeric(7,2)))", 
   "sum((0.00::numeric(7,2)))"
  ], 
  "Group Key": [
   "web_site.web_site_id"
  ], 
  "Parent Relationship": "InitPlan", 
  "Subplan Name": "CTE wsr", 
  "Total Cost": 90.32
 }, 
 {
  "Partial Mode": "Simple", 
  "Startup Cost": 0.11, 
  "filename": "plans/query5.json", 
  "plan_id": 1064, 
  "Plans": [
   1065
  ], 
  "Grouping Sets": [
   {
    "Group Keys": [
     [
      "('store channel'::text)", 
      "(('store'::text || (ssr.s_store_id)::text))"
     ], 
     [
      "('store channel'::text)"
     ], 
     []
    ]
   }
  ], 
  "Node Type": "Aggregate", 
  "Strategy": "Sorted", 
  "Plan Rows": 7, 
  "Parallel Aware": false, 
  "Parent Relationship": "Outer", 
  "Output": [
   "('store channel'::text)", 
   "(('store'::text || (ssr.s_store_id)::text))", 
   "sum(ssr.sales)", 
   "sum(ssr.returns)", 
   "sum(((ssr.profit - ssr.profit_loss)))"
  ], 
  "Plan Width": 160, 
  "Total Cost": 0.27
 }, 
 {
  "Startup Cost": 178.7, 
  "plan_id": 1029, 
  "Plans": [
   1030, 
   1040, 
   1050, 
   1064
  ], 
  "Plan Rows": 7, 
  "Node Type": "Limit", 
  "filename": "plans/query5.json", 
  "Parallel Aware": false, 
  "Output": [
   "('store channel'::text)", 
   "(('store'::text || (ssr.s_store_id)::text))", 
   "(sum(ssr.sales))", 
   "(sum(ssr.returns))", 
   "(sum(((ssr.profit - ssr.profit_loss))))"
  ], 
  "Plan Width": 160, 
  "Total Cost": 178.86
 }, 
 {
  "Relation Name": "date_dim", 
  "Startup Cost": 0.0, 
  "plan_id": 1079, 
  "Node Type": "Seq Scan", 
  "Plan Rows": 1, 
  "Filter": "((d2.d_year = 2002) AND (d2.d_moy = 8))", 
  "Alias": "d2", 
  "filename": "plans/query50.json", 
  "Schema": "pg_temp_2", 
  "Parallel Aware": false, 
  "Parent Relationship": "Outer", 
  "Output": [
   "d2.d_date_sk"
  ], 
  "Plan Width": 4, 
  "Total Cost": 14.05
 }, 
 {
  "Startup Cost": 0.0, 
  "plan_id": 1077, 
  "Node Type": "Seq Scan", 
  "Plan Rows": 410, 
  "Relation Name": "store_returns", 
  "Alias": "store_returns", 
  "filename": "plans/query50.json", 
  "Schema": "pg_temp_2", 
  "Parallel Aware": false, 
  "Parent Relationship": "Outer", 
  "Output": [
   "store_returns.sr_returned_date_sk", 
   "store_returns.sr_return_time_sk", 
   "store_returns.sr_item_sk", 
   "store_returns.sr_customer_sk", 
   "store_returns.sr_cdemo_sk", 
   "store_returns.sr_hdemo_sk", 
   "store_returns.sr_addr_sk", 
   "store_returns.sr_store_sk", 
   "store_returns.sr_reason_sk", 
   "store_returns.sr_ticket_number", 
   "store_returns.sr_return_quantity", 
   "store_returns.sr_return_amt", 
   "store_returns.sr_return_tax", 
   "store_returns.sr_return_amt_inc_tax", 
   "store_returns.sr_fee", 
   "store_returns.sr_return_ship_cost", 
   "store_returns.sr_refunded_cash", 
   "store_returns.sr_reversed_charge", 
   "store_returns.sr_store_credit", 
   "store_returns.sr_net_loss"
  ], 
  "Plan Width": 16, 
  "Total Cost": 14.1
 }, 
 {
  "Startup Cost": 14.05, 
  "plan_id": 1078, 
  "Plans": [
   1079
  ], 
  "Plan Rows": 1, 
  "Node Type": "Hash", 
  "filename": "plans/query50.json", 
  "Parallel Aware": false, 
  "Parent Relationship": "Inner", 
  "Output": [
   "d2.d_date_sk"
  ], 
  "Plan Width": 4, 
  "Total Cost": 14.05
 }, 
 {
  "Startup Cost": 14.06, 
  "Plan Width": 16, 
  "plan_id": 1076, 
  "Plans": [
   1077, 
   1078
  ], 
  "Plan Rows": 2, 
  "Node Type": "Hash Join", 
  "Join Type": "Inner", 
  "filename": "plans/query50.json", 
  "Parallel Aware": false, 
  "Output": [
   "store_returns.sr_returned_date_sk", 
   "store_returns.sr_ticket_number", 
   "store_returns.sr_item_sk", 
   "store_returns.sr_customer_sk"
  ], 
  "Hash Cond": "(store_returns.sr_returned_date_sk = d2.d_date_sk)", 
  "Parent Relationship": "Outer", 
  "Total Cost": 29.72
 }, 
 {
  "Filter": "(store_returns.sr_customer_sk = store_sales.ss_customer_sk)", 
  "Startup Cost": 0.15, 
  "filename": "plans/query50.json", 
  "plan_id": 1080, 
  "Scan Direction": "Forward", 
  "Index Cond": "((store_sales.ss_item_sk = store_returns.sr_item_sk) AND (store_sales.ss_ticket_number = store_returns.sr_ticket_number))", 
  "Node Type": "Index Scan", 
  "Relation Name": "store_sales", 
  "Alias": "store_sales", 
  "Plan Rows": 1, 
  "Schema": "pg_temp_2", 
  "Parallel Aware": false, 
  "Parent Relationship": "Inner", 
  "Output": [
   "store_sales.ss_sold_date_sk", 
   "store_sales.ss_sold_time_sk", 
   "store_sales.ss_item_sk", 
   "store_sales.ss_customer_sk", 
   "store_sales.ss_cdemo_sk", 
   "store_sales.ss_hdemo_sk", 
   "store_sales.ss_addr_sk", 
   "store_sales.ss_store_sk", 
   "store_sales.ss_promo_sk", 
   "store_sales.ss_ticket_number", 
   "store_sales.ss_quantity", 
   "store_sales.ss_wholesale_cost", 
   "store_sales.ss_list_price", 
   "store_sales.ss_sales_price", 
   "store_sales.ss_ext_discount_amt", 
   "store_sales.ss_ext_sales_price", 
   "store_sales.ss_ext_wholesale_cost", 
   "store_sales.ss_ext_list_price", 
   "store_sales.ss_ext_tax", 
   "store_sales.ss_coupon_amt", 
   "store_sales.ss_net_paid", 
   "store_sales.ss_net_paid_inc_tax", 
   "store_sales.ss_net_profit"
  ], 
  "Index Name": "store_sales_pkey", 
  "Plan Width": 20, 
  "Total Cost": 0.28
 }, 
 {
  "Startup Cost": 14.21, 
  "plan_id": 1075, 
  "Plans": [
   1076, 
   1080
  ], 
  "Plan Rows": 1, 
  "Node Type": "Nested Loop", 
  "Join Type": "Inner", 
  "filename": "plans/query50.json", 
  "Parallel Aware": false, 
  "Parent Relationship": "Outer", 
  "Output": [
   "store_sales.ss_sold_date_sk", 
   "store_sales.ss_store_sk", 
   "store_returns.sr_returned_date_sk"
  ], 
  "Plan Width": 12, 
  "Total Cost": 30.29
 }, 
 {
  "Startup Cost": 0.14, 
  "filename": "plans/query50.json", 
  "plan_id": 1081, 
  "Scan Direction": "Forward", 
  "Index Cond": "(store.s_store_sk = store_sales.ss_store_sk)", 
  "Node Type": "Index Scan", 
  "Relation Name": "store", 
  "Alias": "store", 
  "Plan Rows": 1, 
  "Schema": "pg_temp_2", 
  "Parallel Aware": false, 
  "Parent Relationship": "Inner", 
  "Output": [
   "store.s_store_sk", 
   "store.s_store_id", 
   "store.s_rec_start_date", 
   "store.s_rec_end_date", 
   "store.s_closed_date_sk", 
   "store.s_store_name", 
   "store.s_number_employees", 
   "store.s_floor_space", 
   "store.s_hours", 
   "store.s_manager", 
   "store.s_market_id", 
   "store.s_geography_class", 
   "store.s_market_desc", 
   "store.s_market_manager", 
   "store.s_division_id", 
   "store.s_division_name", 
   "store.s_company_id", 
   "store.s_company_name", 
   "store.s_street_number", 
   "store.s_street_name", 
   "store.s_street_type", 
   "store.s_suite_number", 
   "store.s_city", 
   "store.s_county", 
   "store.s_state", 
   "store.s_zip", 
   "store.s_country", 
   "store.s_gmt_offset", 
   "store.s_tax_precentage"
  ], 
  "Index Name": "store_pkey", 
  "Plan Width": 682, 
  "Total Cost": 0.29
 }, 
 {
  "Startup Cost": 14.35, 
  "plan_id": 1074, 
  "Plans": [
   1075, 
   1081
  ], 
  "Plan Rows": 1, 
  "Node Type": "Nested Loop", 
  "Join Type": "Inner", 
  "filename": "plans/query50.json", 
  "Parallel Aware": false, 
  "Parent Relationship": "Outer", 
  "Output": [
   "store_sales.ss_sold_date_sk", 
   "store_returns.sr_returned_date_sk", 
   "store.s_store_name", 
   "store.s_company_id", 
   "store.s_street_number", 
   "store.s_street_name", 
   "store.s_street_type", 
   "store.s_suite_number", 
   "store.s_city", 
   "store.s_county", 
   "store.s_state", 
   "store.s_zip"
  ], 
  "Plan Width": 686, 
  "Total Cost": 30.59
 }, 
 {
  "Startup Cost": 0.15, 
  "filename": "plans/query50.json", 
  "plan_id": 1082, 
  "Scan Direction": "Forward", 
  "Index Cond": "(d1.d_date_sk = store_sales.ss_sold_date_sk)", 
  "Node Type": "Index Only Scan", 
  "Relation Name": "date_dim", 
  "Alias": "d1", 
  "Plan Rows": 1, 
  "Schema": "pg_temp_2", 
  "Parallel Aware": false, 
  "Parent Relationship": "Inner", 
  "Output": [
   "d1.d_date_sk"
  ], 
  "Index Name": "date_dim_pkey", 
  "Plan Width": 4, 
  "Total Cost": 0.29
 }, 
 {
  "Startup Cost": 14.5, 
  "plan_id": 1073, 
  "Plans": [
   1074, 
   1082
  ], 
  "Plan Rows": 1, 
  "Node Type": "Nested Loop", 
  "Join Type": "Inner", 
  "filename": "plans/query50.json", 
  "Parallel Aware": false, 
  "Parent Relationship": "Outer", 
  "Output": [
   "store.s_store_name", 
   "store.s_company_id", 
   "store.s_street_number", 
   "store.s_street_name", 
   "store.s_street_type", 
   "store.s_suite_number", 
   "store.s_city", 
   "store.s_county", 
   "store.s_state", 
   "store.s_zip", 
   "store_returns.sr_returned_date_sk", 
   "store_sales.ss_sold_date_sk"
  ], 
  "Plan Width": 686, 
  "Total Cost": 30.9
 }, 
 {
  "Startup Cost": 30.91, 
  "plan_id": 1072, 
  "Plans": [
   1073
  ], 
  "Sort Key": [
   "store.s_store_name", 
   "store.s_company_id", 
   "store.s_street_number", 
   "store.s_street_name", 
   "store.s_street_type", 
   "store.s_suite_number", 
   "store.s_city", 
   "store.s_county", 
   "store.s_state", 
   "store.s_zip"
  ], 
  "Plan Rows": 1, 
  "Node Type": "Sort", 
  "filename": "plans/query50.json", 
  "Parallel Aware": false, 
  "Parent Relationship": "Outer", 
  "Output": [
   "store.s_store_name", 
   "store.s_company_id", 
   "store.s_street_number", 
   "store.s_street_name", 
   "store.s_street_type", 
   "store.s_suite_number", 
   "store.s_city", 
   "store.s_county", 
   "store.s_state", 
   "store.s_zip", 
   "store_returns.sr_returned_date_sk", 
   "store_sales.ss_sold_date_sk"
  ], 
  "Plan Width": 686, 
  "Total Cost": 30.91
 }, 
 {
  "Partial Mode": "Simple", 
  "Startup Cost": 30.91, 
  "Plan Width": 718, 
  "plan_id": 1071, 
  "Plans": [
   1072
  ], 
  "filename": "plans/query50.json", 
  "Node Type": "Aggregate", 
  "Strategy": "Sorted", 
  "Plan Rows": 1, 
  "Parallel Aware": false, 
  "Output": [
   "store.s_store_name", 
   "store.s_company_id", 
   "store.s_street_number", 
   "store.s_street_name", 
   "store.s_street_type", 
   "store.s_suite_number", 
   "store.s_city", 
   "store.s_county", 
   "store.s_state", 
   "store.s_zip", 
   "sum(CASE WHEN ((store_returns.sr_returned_date_sk - store_sales.ss_sold_date_sk) <= 30) THEN 1 ELSE 0 END)", 
   "sum(CASE WHEN (((store_returns.sr_returned_date_sk - store_sales.ss_sold_date_sk) > 30) AND ((store_returns.sr_returned_date_sk - store_sales.ss_sold_date_sk) <= 60)) THEN 1 ELSE 0 END)", 
   "sum(CASE WHEN (((store_returns.sr_returned_date_sk - store_sales.ss_sold_date_sk) > 60) AND ((store_returns.sr_returned_date_sk - store_sales.ss_sold_date_sk) <= 90)) THEN 1 ELSE 0 END)", 
   "sum(CASE WHEN (((store_returns.sr_returned_date_sk - store_sales.ss_sold_date_sk) > 90) AND ((store_returns.sr_returned_date_sk - store_sales.ss_sold_date_sk) <= 120)) THEN 1 ELSE 0 END)", 
   "sum(CASE WHEN ((store_returns.sr_returned_date_sk - store_sales.ss_sold_date_sk) > 120) THEN 1 ELSE 0 END)"
  ], 
  "Group Key": [
   "store.s_store_name", 
   "store.s_company_id", 
   "store.s_street_number", 
   "store.s_street_name", 
   "store.s_street_type", 
   "store.s_suite_number", 
   "store.s_city", 
   "store.s_county", 
   "store.s_state", 
   "store.s_zip"
  ], 
  "Parent Relationship": "Outer", 
  "Total Cost": 31.0
 }, 
 {
  "Startup Cost": 30.91, 
  "plan_id": 1070, 
  "Plans": [
   1071
  ], 
  "Plan Rows": 1, 
  "Node Type": "Limit", 
  "filename": "plans/query50.json", 
  "Parallel Aware": false, 
  "Output": [
   "store.s_store_name", 
   "store.s_company_id", 
   "store.s_street_number", 
   "store.s_street_name", 
   "store.s_street_type", 
   "store.s_suite_number", 
   "store.s_city", 
   "store.s_county", 
   "store.s_state", 
   "store.s_zip", 
   "(sum(CASE WHEN ((store_returns.sr_returned_date_sk - store_sales.ss_sold_date_sk) <= 30) THEN 1 ELSE 0 END))", 
   "(sum(CASE WHEN (((store_returns.sr_returned_date_sk - store_sales.ss_sold_date_sk) > 30) AND ((store_returns.sr_returned_date_sk - store_sales.ss_sold_date_sk) <= 60)) THEN 1 ELSE 0 END))", 
   "(sum(CASE WHEN (((store_returns.sr_returned_date_sk - store_sales.ss_sold_date_sk) > 60) AND ((store_returns.sr_returned_date_sk - store_sales.ss_sold_date_sk) <= 90)) THEN 1 ELSE 0 END))", 
   "(sum(CASE WHEN (((store_returns.sr_returned_date_sk - store_sales.ss_sold_date_sk) > 90) AND ((store_returns.sr_returned_date_sk - store_sales.ss_sold_date_sk) <= 120)) THEN 1 ELSE 0 END))", 
   "(sum(CASE WHEN ((store_returns.sr_returned_date_sk - store_sales.ss_sold_date_sk) > 120) THEN 1 ELSE 0 END))"
  ], 
  "Plan Width": 718, 
  "Total Cost": 31.0
 }, 
 {
  "Relation Name": "date_dim", 
  "Startup Cost": 0.0, 
  "plan_id": 1090, 
  "Node Type": "Seq Scan", 
  "Plan Rows": 1, 
  "Filter": "((date_dim.d_month_seq >= 1176) AND (date_dim.d_month_seq <= 1187))", 
  "Alias": "date_dim", 
  "filename": "plans/query51.json", 
  "Schema": "pg_temp_2", 
  "Parallel Aware": false, 
  "Parent Relationship": "Outer", 
  "Output": [
   "date_dim.d_date", 
   "date_dim.d_date_sk"
  ], 
  "Plan Width": 8, 
  "Total Cost": 14.05
 }, 
 {
  "Relation Name": "web_sales", 
  "Startup Cost": 0.0, 
  "plan_id": 1088, 
  "Node Type": "Seq Scan", 
  "Plan Rows": 259, 
  "Filter": "(web_sales.ws_item_sk IS NOT NULL)", 
  "Alias": "web_sales", 
  "filename": "plans/query51.json", 
  "Schema": "pg_temp_2", 
  "Parallel Aware": false, 
  "Parent Relationship": "Outer", 
  "Output": [
   "web_sales.ws_sold_date_sk", 
   "web_sales.ws_sold_time_sk", 
   "web_sales.ws_ship_date_sk", 
   "web_sales.ws_item_sk", 
   "web_sales.ws_bill_customer_sk", 
   "web_sales.ws_bill_cdemo_sk", 
   "web_sales.ws_bill_hdemo_sk", 
   "web_sales.ws_bill_addr_sk", 
   "web_sales.ws_ship_customer_sk", 
   "web_sales.ws_ship_cdemo_sk", 
   "web_sales.ws_ship_hdemo_sk", 
   "web_sales.ws_ship_addr_sk", 
   "web_sales.ws_web_page_sk", 
   "web_sales.ws_web_site_sk", 
   "web_sales.ws_ship_mode_sk", 
   "web_sales.ws_warehouse_sk", 
   "web_sales.ws_promo_sk", 
   "web_sales.ws_order_number", 
   "web_sales.ws_quantity", 
   "web_sales.ws_wholesale_cost", 
   "web_sales.ws_list_price", 
   "web_sales.ws_sales_price", 
   "web_sales.ws_ext_discount_amt", 
   "web_sales.ws_ext_sales_price", 
   "web_sales.ws_ext_wholesale_cost", 
   "web_sales.ws_ext_list_price", 
   "web_sales.ws_ext_tax", 
   "web_sales.ws_coupon_amt", 
   "web_sales.ws_ext_ship_cost", 
   "web_sales.ws_net_paid", 
   "web_sales.ws_net_paid_inc_tax", 
   "web_sales.ws_net_paid_inc_ship", 
   "web_sales.ws_net_paid_inc_ship_tax", 
   "web_sales.ws_net_profit"
  ], 
  "Plan Width": 22, 
  "Total Cost": 12.6
 }, 
 {
  "Startup Cost": 14.05, 
  "plan_id": 1089, 
  "Plans": [
   1090
  ], 
  "Plan Rows": 1, 
  "Node Type": "Hash", 
  "filename": "plans/query51.json", 
  "Parallel Aware": false, 
  "Parent Relationship": "Inner", 
  "Output": [
   "date_dim.d_date", 
   "date_dim.d_date_sk"
  ], 
  "Plan Width": 8, 
  "Total Cost": 14.05
 }, 
 {
  "Startup Cost": 14.06, 
  "Plan Width": 22, 
  "plan_id": 1087, 
  "Plans": [
   1088, 
   1089
  ], 
  "Plan Rows": 1, 
  "Node Type": "Hash Join", 
  "Join Type": "Inner", 
  "filename": "plans/query51.json", 
  "Parallel Aware": false, 
  "Output": [
   "web_sales.ws_item_sk", 
   "date_dim.d_date", 
   "web_sales.ws_sales_price"
  ], 
  "Hash Cond": "(web_sales.ws_sold_date_sk = date_dim.d_date_sk)", 
  "Parent Relationship": "Outer", 
  "Total Cost": 27.64
 }, 
 {
  "Startup Cost": 27.65, 
  "plan_id": 1086, 
  "Plans": [
   1087
  ], 
  "Sort Key": [
   "web_sales.ws_item_sk", 
   "date_dim.d_date"
  ], 
  "Plan Rows": 1, 
  "Node Type": "Sort", 
  "filename": "plans/query51.json", 
  "Parallel Aware": false, 
  "Parent Relationship": "Outer", 
  "Output": [
   "web_sales.ws_item_sk", 
   "date_dim.d_date", 
   "web_sales.ws_sales_price"
  ], 
  "Plan Width": 22, 
  "Total Cost": 27.66
 }, 
 {
  "Partial Mode": "Simple", 
  "Startup Cost": 27.65, 
  "Plan Width": 40, 
  "plan_id": 1085, 
  "Plans": [
   1086
  ], 
  "filename": "plans/query51.json", 
  "Node Type": "Aggregate", 
  "Strategy": "Sorted", 
  "Plan Rows": 1, 
  "Parallel Aware": false, 
  "Output": [
   "web_sales.ws_item_sk", 
   "date_dim.d_date", 
   "sum(web_sales.ws_sales_price)"
  ], 
  "Group Key": [
   "web_sales.ws_item_sk", 
   "date_dim.d_date"
  ], 
  "Parent Relationship": "Outer", 
  "Total Cost": 27.68
 }, 
 {
  "Relation Name": "date_dim", 
  "Startup Cost": 0.0, 
  "plan_id": 1097, 
  "Node Type": "Seq Scan", 
  "Plan Rows": 1, 
  "Filter": "((date_dim_1.d_month_seq >= 1176) AND (date_dim_1.d_month_seq <= 1187))", 
  "Alias": "date_dim_1", 
  "filename": "plans/query51.json", 
  "Schema": "pg_temp_2", 
  "Parallel Aware": false, 
  "Parent Relationship": "Outer", 
  "Output": [
   "date_dim_1.d_date", 
   "date_dim_1.d_date_sk"
  ], 
  "Plan Width": 8, 
  "Total Cost": 14.05
 }, 
 {
  "Relation Name": "store_sales", 
  "Startup Cost": 0.0, 
  "plan_id": 1095, 
  "Node Type": "Seq Scan", 
  "Plan Rows": 338, 
  "Filter": "(store_sales.ss_item_sk IS NOT NULL)", 
  "Alias": "store_sales", 
  "filename": "plans/query51.json", 
  "Schema": "pg_temp_2", 
  "Parallel Aware": false, 
  "Parent Relationship": "Outer", 
  "Output": [
   "store_sales.ss_sold_date_sk", 
   "store_sales.ss_sold_time_sk", 
   "store_sales.ss_item_sk", 
   "store_sales.ss_customer_sk", 
   "store_sales.ss_cdemo_sk", 
   "store_sales.ss_hdemo_sk", 
   "store_sales.ss_addr_sk", 
   "store_sales.ss_store_sk", 
   "store_sales.ss_promo_sk", 
   "store_sales.ss_ticket_number", 
   "store_sales.ss_quantity", 
   "store_sales.ss_wholesale_cost", 
   "store_sales.ss_list_price", 
   "store_sales.ss_sales_price", 
   "store_sales.ss_ext_discount_amt", 
   "store_sales.ss_ext_sales_price", 
   "store_sales.ss_ext_wholesale_cost", 
   "store_sales.ss_ext_list_price", 
   "store_sales.ss_ext_tax", 
   "store_sales.ss_coupon_amt", 
   "store_sales.ss_net_paid", 
   "store_sales.ss_net_paid_inc_tax", 
   "store_sales.ss_net_profit"
  ], 
  "Plan Width": 22, 
  "Total Cost": 13.4
 }, 
 {
  "Startup Cost": 14.05, 
  "plan_id": 1096, 
  "Plans": [
   1097
  ], 
  "Plan Rows": 1, 
  "Node Type": "Hash", 
  "filename": "plans/query51.json", 
  "Parallel Aware": false, 
  "Parent Relationship": "Inner", 
  "Output": [
   "date_dim_1.d_date", 
   "date_dim_1.d_date_sk"
  ], 
  "Plan Width": 8, 
  "Total Cost": 14.05
 }, 
 {
  "Startup Cost": 14.06, 
  "Plan Width": 22, 
  "plan_id": 1094, 
  "Plans": [
   1095, 
   1096
  ], 
  "Plan Rows": 1, 
  "Node Type": "Hash Join", 
  "Join Type": "Inner", 
  "filename": "plans/query51.json", 
  "Parallel Aware": false, 
  "Output": [
   "store_sales.ss_item_sk", 
   "date_dim_1.d_date", 
   "store_sales.ss_sales_price"
  ], 
  "Hash Cond": "(store_sales.ss_sold_date_sk = date_dim_1.d_date_sk)", 
  "Parent Relationship": "Outer", 
  "Total Cost": 28.74
 }, 
 {
  "Startup Cost": 28.75, 
  "plan_id": 1093, 
  "Plans": [
   1094
  ], 
  "Sort Key": [
   "store_sales.ss_item_sk", 
   "date_dim_1.d_date"
  ], 
  "Plan Rows": 1, 
  "Node Type": "Sort", 
  "filename": "plans/query51.json", 
  "Parallel Aware": false, 
  "Parent Relationship": "Outer", 
  "Output": [
   "store_sales.ss_item_sk", 
   "date_dim_1.d_date", 
   "store_sales.ss_sales_price"
  ], 
  "Plan Width": 22, 
  "Total Cost": 28.76
 }, 
 {
  "Partial Mode": "Simple", 
  "Startup Cost": 28.75, 
  "Plan Width": 40, 
  "plan_id": 1092, 
  "Plans": [
   1093
  ], 
  "filename": "plans/query51.json", 
  "Node Type": "Aggregate", 
  "Strategy": "Sorted", 
  "Plan Rows": 1, 
  "Parallel Aware": false, 
  "Output": [
   "store_sales.ss_item_sk", 
   "date_dim_1.d_date", 
   "sum(store_sales.ss_sales_price)"
  ], 
  "Group Key": [
   "store_sales.ss_item_sk", 
   "date_dim_1.d_date"
  ], 
  "Parent Relationship": "Outer", 
  "Total Cost": 28.78
 }, 
 {
  "Startup Cost": 0.0, 
  "plan_id": 1104, 
  "CTE Name": "store_v1", 
  "Node Type": "CTE Scan", 
  "Plan Rows": 1, 
  "Alias": "store", 
  "filename": "plans/query51.json", 
  "Parallel Aware": false, 
  "Parent Relationship": "Outer", 
  "Output": [
   "store.item_sk", 
   "store.d_date", 
   "store.cume_sales"
  ], 
  "Plan Width": 40, 
  "Total Cost": 0.02
 }, 
 {
  "Startup Cost": 0.0, 
  "plan_id": 1102, 
  "CTE Name": "web_v1", 
  "Node Type": "CTE Scan", 
  "Plan Rows": 1, 
  "Alias": "web", 
  "filename": "plans/query51.json", 
  "Parallel Aware": false, 
  "Parent Relationship": "Outer", 
  "Output": [
   "web.item_sk", 
   "web.d_date", 
   "web.cume_sales"
  ], 
  "Plan Width": 40, 
  "Total Cost": 0.02
 }, 
 {
  "Startup Cost": 0.02, 
  "plan_id": 1103, 
  "Plans": [
   1104
  ], 
  "Plan Rows": 1, 
  "Node Type": "Hash", 
  "filename": "plans/query51.json", 
  "Parallel Aware": false, 
  "Parent Relationship": "Inner", 
  "Output": [
   "store.item_sk", 
   "store.d_date", 
   "store.cume_sales"
  ], 
  "Plan Width": 40, 
  "Total Cost": 0.02
 }, 
 {
  "Startup Cost": 0.04, 
  "Plan Width": 72, 
  "plan_id": 1101, 
  "Plans": [
   1102, 
   1103
  ], 
  "Plan Rows": 1, 
  "Node Type": "Hash Join", 
  "Join Type": "Full", 
  "filename": "plans/query51.json", 
  "Parallel Aware": false, 
  "Output": [
   "CASE WHEN (web.item_sk IS NOT NULL) THEN web.item_sk ELSE store.item_sk END", 
   "CASE WHEN (web.d_date IS NOT NULL) THEN web.d_date ELSE store.d_date END", 
   "web.cume_sales", 
   "store.cume_sales"
  ], 
  "Hash Cond": "((web.item_sk = store.item_sk) AND (web.d_date = store.d_date))", 
  "Parent Relationship": "Outer", 
  "Total Cost": 0.07
 }, 
 {
  "Startup Cost": 0.08, 
  "plan_id": 1100, 
  "Plans": [
   1101
  ], 
  "Sort Key": [
   "(CASE WHEN (web.item_sk IS NOT NULL) THEN web.item_sk ELSE store.item_sk END)", 
   "(CASE WHEN (web.d_date IS NOT NULL) THEN web.d_date ELSE store.d_date END)"
  ], 
  "Plan Rows": 1, 
  "Node Type": "Sort", 
  "filename": "plans/query51.json", 
  "Parallel Aware": false, 
  "Parent Relationship": "Outer", 
  "Output": [
   "(CASE WHEN (web.item_sk IS NOT NULL) THEN web.item_sk ELSE store.item_sk END)", 
   "(CASE WHEN (web.d_date IS NOT NULL) THEN web.d_date ELSE store.d_date END)", 
   "web.cume_sales", 
   "store.cume_sales"
  ], 
  "Plan Width": 72, 
  "Total Cost": 0.09
 }, 
 {
  "Startup Cost": 0.08, 
  "plan_id": 1099, 
  "Plans": [
   1100
  ], 
  "Plan Rows": 1, 
  "Node Type": "WindowAgg", 
  "filename": "plans/query51.json", 
  "Parallel Aware": false, 
  "Parent Relationship": "Subquery", 
  "Output": [
   "(CASE WHEN (web.item_sk IS NOT NULL) THEN web.item_sk ELSE store.item_sk END)", 
   "(CASE WHEN (web.d_date IS NOT NULL) THEN web.d_date ELSE store.d_date END)", 
   "web.cume_sales", 
   "store.cume_sales", 
   "max(web.cume_sales) OVER (?)", 
   "max(store.cume_sales) OVER (?)"
  ], 
  "Plan Width": 136, 
  "Total Cost": 0.11
 }, 
 {
  "Startup Cost": 27.65, 
  "plan_id": 1084, 
  "Plans": [
   1085
  ], 
  "Plan Rows": 1, 
  "Node Type": "WindowAgg", 
  "filename": "plans/query51.json", 
  "Parallel Aware": false, 
  "Parent Relationship": "InitPlan", 
  "Output": [
   "web_sales.ws_item_sk", 
   "date_dim.d_date", 
   "sum((sum(web_sales.ws_sales_price))) OVER (?)"
  ], 
  "Plan Width": 40, 
  "Subplan Name": "CTE web_v1", 
  "Total Cost": 27.7
 }, 
 {
  "Startup Cost": 28.75, 
  "plan_id": 1091, 
  "Plans": [
   1092
  ], 
  "Plan Rows": 1, 
  "Node Type": "WindowAgg", 
  "filename": "plans/query51.json", 
  "Parallel Aware": false, 
  "Parent Relationship": "InitPlan", 
  "Output": [
   "store_sales.ss_item_sk", 
   "date_dim_1.d_date", 
   "sum((sum(store_sales.ss_sales_price))) OVER (?)"
  ], 
  "Plan Width": 40, 
  "Subplan Name": "CTE store_v1", 
  "Total Cost": 28.79
 }, 
 {
  "Startup Cost": 0.08, 
  "plan_id": 1098, 
  "Plans": [
   1099
  ], 
  "Plan Rows": 1, 
  "Node Type": "Subquery Scan", 
  "Filter": "(y.web_cumulative > y.store_cumulative)", 
  "Alias": "y", 
  "filename": "plans/query51.json", 
  "Parallel Aware": false, 
  "Parent Relationship": "Outer", 
  "Output": [
   "y.item_sk", 
   "y.d_date", 
   "y.web_sales", 
   "y.store_sales", 
   "y.web_cumulative", 
   "y.store_cumulative"
  ], 
  "Plan Width": 136, 
  "Total Cost": 0.12
 }, 
 {
  "Startup Cost": 56.57, 
  "plan_id": 1083, 
  "Plans": [
   1084, 
   1091, 
   1098
  ], 
  "Plan Rows": 1, 
  "Node Type": "Limit", 
  "filename": "plans/query51.json", 
  "Parallel Aware": false, 
  "Output": [
   "y.item_sk", 
   "y.d_date", 
   "y.web_sales", 
   "y.store_sales", 
   "y.web_cumulative", 
   "y.store_cumulative"
  ], 
  "Plan Width": 136, 
  "Total Cost": 56.61
 }, 
 {
  "Startup Cost": 0.0, 
  "plan_id": 1113, 
  "Node Type": "Bitmap Index Scan", 
  "Index Cond": "(store_sales.ss_item_sk = item.i_item_sk)", 
  "Plan Rows": 2, 
  "filename": "plans/query52.json", 
  "Parallel Aware": false, 
  "Parent Relationship": "Outer", 
  "Index Name": "store_sales_pkey", 
  "Plan Width": 0, 
  "Total Cost": 4.16
 }, 
 {
  "Relation Name": "item", 
  "Startup Cost": 0.0, 
  "plan_id": 1111, 
  "Node Type": "Seq Scan", 
  "Plan Rows": 1, 
  "Filter": "(item.i_manager_id = 1)", 
  "Alias": "item", 
  "filename": "plans/query52.json", 
  "Schema": "pg_temp_2", 
  "Parallel Aware": false, 
  "Parent Relationship": "Outer", 
  "Output": [
   "item.i_item_sk", 
   "item.i_item_id", 
   "item.i_rec_start_date", 
   "item.i_rec_end_date", 
   "item.i_item_desc", 
   "item.i_current_price", 
   "item.i_wholesale_cost", 
   "item.i_brand_id", 
   "item.i_brand", 
   "item.i_class_id", 
   "item.i_class", 
   "item.i_category_id", 
   "item.i_category", 
   "item.i_manufact_id", 
   "item.i_manufact", 
   "item.i_size", 
   "item.i_formulation", 
   "item.i_color", 
   "item.i_units", 
   "item.i_container", 
   "item.i_manager_id", 
   "item.i_product_name"
  ], 
  "Plan Width": 212, 
  "Total Cost": 10.5
 }, 
 {
  "Startup Cost": 4.16, 
  "plan_id": 1112, 
  "Plans": [
   1113
  ], 
  "Parent Relationship": "Inner", 
  "Node Type": "Bitmap Heap Scan", 
  "Plan Rows": 2, 
  "Relation Name": "store_sales", 
  "Alias": "store_sales", 
  "filename": "plans/query52.json", 
  "Schema": "pg_temp_2", 
  "Parallel Aware": false, 
  "Recheck Cond": "(store_sales.ss_item_sk = item.i_item_sk)", 
  "Output": [
   "store_sales.ss_sold_date_sk", 
   "store_sales.ss_sold_time_sk", 
   "store_sales.ss_item_sk", 
   "store_sales.ss_customer_sk", 
   "store_sales.ss_cdemo_sk", 
   "store_sales.ss_hdemo_sk", 
   "store_sales.ss_addr_sk", 
   "store_sales.ss_store_sk", 
   "store_sales.ss_promo_sk", 
   "store_sales.ss_ticket_number", 
   "store_sales.ss_quantity", 
   "store_sales.ss_wholesale_cost", 
   "store_sales.ss_list_price", 
   "store_sales.ss_sales_price", 
   "store_sales.ss_ext_discount_amt", 
   "store_sales.ss_ext_sales_price", 
   "store_sales.ss_ext_wholesale_cost", 
   "store_sales.ss_ext_list_price", 
   "store_sales.ss_ext_tax", 
   "store_sales.ss_coupon_amt", 
   "store_sales.ss_net_paid", 
   "store_sales.ss_net_paid_inc_tax", 
   "store_sales.ss_net_profit"
  ], 
  "Plan Width": 22, 
  "Total Cost": 9.5
 }, 
 {
  "Startup Cost": 4.16, 
  "plan_id": 1110, 
  "Plans": [
   1111, 
   1112
  ], 
  "Plan Rows": 2, 
  "Node Type": "Nested Loop", 
  "Join Type": "Inner", 
  "filename": "plans/query52.json", 
  "Parallel Aware": false, 
  "Parent Relationship": "Outer", 
  "Output": [
   "store_sales.ss_ext_sales_price", 
   "store_sales.ss_sold_date_sk", 
   "item.i_brand_id", 
   "item.i_brand"
  ], 
  "Plan Width": 226, 
  "Total Cost": 20.02
 }, 
 {
  "Filter": "((dt.d_moy = 11) AND (dt.d_year = 1998))", 
  "Startup Cost": 0.15, 
  "filename": "plans/query52.json", 
  "plan_id": 1114, 
  "Scan Direction": "Forward", 
  "Index Cond": "(dt.d_date_sk = store_sales.ss_sold_date_sk)", 
  "Node Type": "Index Scan", 
  "Relation Name": "date_dim", 
  "Alias": "dt", 
  "Plan Rows": 1, 
  "Schema": "pg_temp_2", 
  "Parallel Aware": false, 
  "Parent Relationship": "Inner", 
  "Output": [
   "dt.d_date_sk", 
   "dt.d_date_id", 
   "dt.d_date", 
   "dt.d_month_seq", 
   "dt.d_week_seq", 
   "dt.d_quarter_seq", 
   "dt.d_year", 
   "dt.d_dow", 
   "dt.d_moy", 
   "dt.d_dom", 
   "dt.d_qoy", 
   "dt.d_fy_year", 
   "dt.d_fy_quarter_seq", 
   "dt.d_fy_week_seq", 
   "dt.d_day_name", 
   "dt.d_quarter_name", 
   "dt.d_holiday", 
   "dt.d_weekend", 
   "dt.d_following_holiday", 
   "dt.d_first_dom", 
   "dt.d_last_dom", 
   "dt.d_same_day_ly", 
   "dt.d_same_day_lq", 
   "dt.d_current_day", 
   "dt.d_current_week", 
   "dt.d_current_month", 
   "dt.d_current_quarter", 
   "dt.d_current_year"
  ], 
  "Index Name": "date_dim_pkey", 
  "Plan Width": 8, 
  "Total Cost": 0.3
 }, 
 {
  "Startup Cost": 4.31, 
  "plan_id": 1109, 
  "Plans": [
   1110, 
   1114
  ], 
  "Plan Rows": 1, 
  "Node Type": "Nested Loop", 
  "Join Type": "Inner", 
  "filename": "plans/query52.json", 
  "Parallel Aware": false, 
  "Parent Relationship": "Outer", 
  "Output": [
   "dt.d_year", 
   "item.i_brand_id", 
   "item.i_brand", 
   "store_sales.ss_ext_sales_price"
  ], 
  "Plan Width": 226, 
  "Total Cost": 20.64
 }, 
 {
  "Startup Cost": 20.65, 
  "plan_id": 1108, 
  "Plans": [
   1109
  ], 
  "Sort Key": [
   "item.i_brand", 
   "item.i_brand_id"
  ], 
  "Plan Rows": 1, 
  "Node Type": "Sort", 
  "filename": "plans/query52.json", 
  "Parallel Aware": false, 
  "Parent Relationship": "Outer", 
  "Output": [
   "dt.d_year", 
   "item.i_brand_id", 
   "item.i_brand", 
   "store_sales.ss_ext_sales_price"
  ], 
  "Plan Width": 226, 
  "Total Cost": 20.66
 }, 
 {
  "Partial Mode": "Simple", 
  "Startup Cost": 20.65, 
  "Plan Width": 244, 
  "plan_id": 1107, 
  "Plans": [
   1108
  ], 
  "filename": "plans/query52.json", 
  "Node Type": "Aggregate", 
  "Strategy": "Sorted", 
  "Plan Rows": 1, 
  "Parallel Aware": false, 
  "Output": [
   "dt.d_year", 
   "item.i_brand_id", 
   "item.i_brand", 
   "sum(store_sales.ss_ext_sales_price)"
  ], 
  "Group Key": [
   "dt.d_year", 
   "item.i_brand", 
   "item.i_brand_id"
  ], 
  "Parent Relationship": "Outer", 
  "Total Cost": 20.68
 }, 
 {
  "Startup Cost": 20.69, 
  "plan_id": 1106, 
  "Plans": [
   1107
  ], 
  "Sort Key": [
   "(sum(store_sales.ss_ext_sales_price)) DESC", 
   "item.i_brand_id"
  ], 
  "Plan Rows": 1, 
  "Node Type": "Sort", 
  "filename": "plans/query52.json", 
  "Parallel Aware": false, 
  "Parent Relationship": "Outer", 
  "Output": [
   "dt.d_year", 
   "item.i_brand_id", 
   "item.i_brand", 
   "(sum(store_sales.ss_ext_sales_price))"
  ], 
  "Plan Width": 244, 
  "Total Cost": 20.7
 }, 
 {
  "Startup Cost": 20.69, 
  "plan_id": 1105, 
  "Plans": [
   1106
  ], 
  "Plan Rows": 1, 
  "Node Type": "Limit", 
  "filename": "plans/query52.json", 
  "Parallel Aware": false, 
  "Output": [
   "dt.d_year", 
   "item.i_brand_id", 
   "item.i_brand", 
   "(sum(store_sales.ss_ext_sales_price))"
  ], 
  "Plan Width": 244, 
  "Total Cost": 20.7
 }, 
 {
  "Startup Cost": 0.0, 
  "plan_id": 1126, 
  "Node Type": "Bitmap Index Scan", 
  "Index Cond": "(store_sales.ss_item_sk = item.i_item_sk)", 
  "Plan Rows": 2, 
  "filename": "plans/query53.json", 
  "Parallel Aware": false, 
  "Parent Relationship": "Outer", 
  "Index Name": "store_sales_pkey", 
  "Plan Width": 0, 
  "Total Cost": 4.16
 }, 
 {
  "Relation Name": "item", 
  "Startup Cost": 0.0, 
  "plan_id": 1124, 
  "Node Type": "Seq Scan", 
  "Plan Rows": 1, 
  "Filter": "(((item.i_category = ANY ('{Books,Children,Electronics}'::bpchar[])) AND (item.i_class = ANY ('{personal,portable,reference,self-help}'::bpchar[])) AND (item.i_brand = ANY ('{\"scholaramalgamalg #14\",\"scholaramalgamalg #7\",\"exportiunivamalg #9\",\"scholaramalgamalg #9\"}'::bpchar[]))) OR ((item.i_category = ANY ('{Women,Music,Men}'::bpchar[])) AND (item.i_class = ANY ('{accessories,classical,fragrances,pants}'::bpchar[])) AND (item.i_brand = ANY ('{\"amalgimporto #1\",\"edu packscholar #1\",\"exportiimporto #1\",\"importoamalg #1\"}'::bpchar[]))))", 
  "Alias": "item", 
  "filename": "plans/query53.json", 
  "Schema": "pg_temp_2", 
  "Parallel Aware": false, 
  "Parent Relationship": "Outer", 
  "Output": [
   "item.i_item_sk", 
   "item.i_item_id", 
   "item.i_rec_start_date", 
   "item.i_rec_end_date", 
   "item.i_item_desc", 
   "item.i_current_price", 
   "item.i_wholesale_cost", 
   "item.i_brand_id", 
   "item.i_brand", 
   "item.i_class_id", 
   "item.i_class", 
   "item.i_category_id", 
   "item.i_category", 
   "item.i_manufact_id", 
   "item.i_manufact", 
   "item.i_size", 
   "item.i_formulation", 
   "item.i_color", 
   "item.i_units", 
   "item.i_container", 
   "item.i_manager_id", 
   "item.i_product_name"
  ], 
  "Plan Width": 8, 
  "Total Cost": 11.5
 }, 
 {
  "Startup Cost": 4.16, 
  "plan_id": 1125, 
  "Plans": [
   1126
  ], 
  "Parent Relationship": "Inner", 
  "Node Type": "Bitmap Heap Scan", 
  "Plan Rows": 2, 
  "Relation Name": "store_sales", 
  "Alias": "store_sales", 
  "filename": "plans/query53.json", 
  "Schema": "pg_temp_2", 
  "Parallel Aware": false, 
  "Recheck Cond": "(store_sales.ss_item_sk = item.i_item_sk)", 
  "Output": [
   "store_sales.ss_sold_date_sk", 
   "store_sales.ss_sold_time_sk", 
   "store_sales.ss_item_sk", 
   "store_sales.ss_customer_sk", 
   "store_sales.ss_cdemo_sk", 
   "store_sales.ss_hdemo_sk", 
   "store_sales.ss_addr_sk", 
   "store_sales.ss_store_sk", 
   "store_sales.ss_promo_sk", 
   "store_sales.ss_ticket_number", 
   "store_sales.ss_quantity", 
   "store_sales.ss_wholesale_cost", 
   "store_sales.ss_list_price", 
   "store_sales.ss_sales_price", 
   "store_sales.ss_ext_discount_amt", 
   "store_sales.ss_ext_sales_price", 
   "store_sales.ss_ext_wholesale_cost", 
   "store_sales.ss_ext_list_price", 
   "store_sales.ss_ext_tax", 
   "store_sales.ss_coupon_amt", 
   "store_sales.ss_net_paid", 
   "store_sales.ss_net_paid_inc_tax", 
   "store_sales.ss_net_profit"
  ], 
  "Plan Width": 26, 
  "Total Cost": 9.5
 }, 
 {
  "Startup Cost": 4.16, 
  "plan_id": 1123, 
  "Plans": [
   1124, 
   1125
  ], 
  "Plan Rows": 2, 
  "Node Type": "Nested Loop", 
  "Join Type": "Inner", 
  "filename": "plans/query53.json", 
  "Parallel Aware": false, 
  "Parent Relationship": "Outer", 
  "Output": [
   "item.i_manufact_id", 
   "store_sales.ss_sales_price", 
   "store_sales.ss_sold_date_sk", 
   "store_sales.ss_store_sk"
  ], 
  "Plan Width": 26, 
  "Total Cost": 21.02
 }, 
 {
  "Startup Cost": 0.14, 
  "filename": "plans/query53.json", 
  "plan_id": 1127, 
  "Scan Direction": "Forward", 
  "Index Cond": "(store.s_store_sk = store_sales.ss_store_sk)", 
  "Node Type": "Index Only Scan", 
  "Relation Name": "store", 
  "Alias": "store", 
  "Plan Rows": 1, 
  "Schema": "pg_temp_2", 
  "Parallel Aware": false, 
  "Parent Relationship": "Inner", 
  "Output": [
   "store.s_store_sk"
  ], 
  "Index Name": "store_pkey", 
  "Plan Width": 4, 
  "Total Cost": 0.29
 }, 
 {
  "Startup Cost": 4.3, 
  "plan_id": 1122, 
  "Plans": [
   1123, 
   1127
  ], 
  "Plan Rows": 1, 
  "Node Type": "Nested Loop", 
  "Join Type": "Inner", 
  "filename": "plans/query53.json", 
  "Parallel Aware": false, 
  "Parent Relationship": "Outer", 
  "Output": [
   "item.i_manufact_id", 
   "store_sales.ss_sales_price", 
   "store_sales.ss_sold_date_sk"
  ], 
  "Plan Width": 22, 
  "Total Cost": 21.62
 }, 
 {
  "Filter": "(date_dim.d_month_seq = ANY ('{1176,1177,1178,1179,1180,1181,1182,1183,1184,1185,1186,1187}'::integer[]))", 
  "Startup Cost": 0.15, 
  "filename": "plans/query53.json", 
  "plan_id": 1128, 
  "Scan Direction": "Forward", 
  "Index Cond": "(date_dim.d_date_sk = store_sales.ss_sold_date_sk)", 
  "Node Type": "Index Scan", 
  "Relation Name": "date_dim", 
  "Alias": "date_dim", 
  "Plan Rows": 1, 
  "Schema": "pg_temp_2", 
  "Parallel Aware": false, 
  "Parent Relationship": "Inner", 
  "Output": [
   "date_dim.d_date_sk", 
   "date_dim.d_date_id", 
   "date_dim.d_date", 
   "date_dim.d_month_seq", 
   "date_dim.d_week_seq", 
   "date_dim.d_quarter_seq", 
   "date_dim.d_year", 
   "date_dim.d_dow", 
   "date_dim.d_moy", 
   "date_dim.d_dom", 
   "date_dim.d_qoy", 
   "date_dim.d_fy_year", 
   "date_dim.d_fy_quarter_seq", 
   "date_dim.d_fy_week_seq", 
   "date_dim.d_day_name", 
   "date_dim.d_quarter_name", 
   "date_dim.d_holiday", 
   "date_dim.d_weekend", 
   "date_dim.d_following_holiday", 
   "date_dim.d_first_dom", 
   "date_dim.d_last_dom", 
   "date_dim.d_same_day_ly", 
   "date_dim.d_same_day_lq", 
   "date_dim.d_current_day", 
   "date_dim.d_current_week", 
   "date_dim.d_current_month", 
   "date_dim.d_current_quarter", 
   "date_dim.d_current_year"
  ], 
  "Index Name": "date_dim_pkey", 
  "Plan Width": 8, 
  "Total Cost": 0.31
 }, 
 {
  "Startup Cost": 4.45, 
  "plan_id": 1121, 
  "Plans": [
   1122, 
   1128
  ], 
  "Plan Rows": 1, 
  "Node Type": "Nested Loop", 
  "Join Type": "Inner", 
  "filename": "plans/query53.json", 
  "Parallel Aware": false, 
  "Parent Relationship": "Outer", 
  "Output": [
   "item.i_manufact_id", 
   "date_dim.d_qoy", 
   "store_sales.ss_sales_price"
  ], 
  "Plan Width": 22, 
  "Total Cost": 21.94
 }, 
 {
  "Startup Cost": 21.95, 
  "plan_id": 1120, 
  "Plans": [
   1121
  ], 
  "Sort Key": [
   "item.i_manufact_id", 
   "date_dim.d_qoy"
  ], 
  "Plan Rows": 1, 
  "Node Type": "Sort", 
  "filename": "plans/query53.json", 
  "Parallel Aware": false, 
  "Parent Relationship": "Outer", 
  "Output": [
   "item.i_manufact_id", 
   "date_dim.d_qoy", 
   "store_sales.ss_sales_price"
  ], 
  "Plan Width": 22, 
  "Total Cost": 21.95
 }, 
 {
  "Partial Mode": "Simple", 
  "Startup Cost": 21.95, 
  "Plan Width": 40, 
  "plan_id": 1119, 
  "Plans": [
   1120
  ], 
  "filename": "plans/query53.json", 
  "Node Type": "Aggregate", 
  "Strategy": "Sorted", 
  "Plan Rows": 1, 
  "Parallel Aware": false, 
  "Output": [
   "item.i_manufact_id", 
   "date_dim.d_qoy", 
   "sum(store_sales.ss_sales_price)"
  ], 
  "Group Key": [
   "item.i_manufact_id", 
   "date_dim.d_qoy"
  ], 
  "Parent Relationship": "Outer", 
  "Total Cost": 21.98
 }, 
 {
  "Startup Cost": 21.95, 
  "plan_id": 1118, 
  "Plans": [
   1119
  ], 
  "Plan Rows": 1, 
  "Node Type": "WindowAgg", 
  "filename": "plans/query53.json", 
  "Parallel Aware": false, 
  "Parent Relationship": "Subquery", 
  "Output": [
   "item.i_manufact_id", 
   "(sum(store_sales.ss_sales_price))", 
   "avg((sum(store_sales.ss_sales_price))) OVER (?)", 
   "date_dim.d_qoy"
  ], 
  "Plan Width": 72, 
  "Total Cost": 21.99
 }, 
 {
  "Startup Cost": 21.95, 
  "plan_id": 1117, 
  "Plans": [
   1118
  ], 
  "Plan Rows": 1, 
  "Node Type": "Subquery Scan", 
  "Filter": "(CASE WHEN (tmp1.avg_quarterly_sales > '0'::numeric) THEN (abs((tmp1.sum_sales - tmp1.avg_quarterly_sales)) / tmp1.avg_quarterly_sales) ELSE NULL::numeric END > 0.1)", 
  "Alias": "tmp1", 
  "filename": "plans/query53.json", 
  "Parallel Aware": false, 
  "Parent Relationship": "Outer", 
  "Output": [
   "tmp1.i_manufact_id", 
   "tmp1.sum_sales", 
   "tmp1.avg_quarterly_sales"
  ], 
  "Plan Width": 68, 
  "Total Cost": 22.02
 }, 
 {
  "Startup Cost": 22.03, 
  "plan_id": 1116, 
  "Plans": [
   1117
  ], 
  "Sort Key": [
   "tmp1.avg_quarterly_sales", 
   "tmp1.sum_sales", 
   "tmp1.i_manufact_id"
  ], 
  "Plan Rows": 1, 
  "Node Type": "Sort", 
  "filename": "plans/query53.json", 
  "Parallel Aware": false, 
  "Parent Relationship": "Outer", 
  "Output": [
   "tmp1.i_manufact_id", 
   "tmp1.sum_sales", 
   "tmp1.avg_quarterly_sales"
  ], 
  "Plan Width": 68, 
  "Total Cost": 22.03
 }, 
 {
  "Startup Cost": 22.03, 
  "plan_id": 1115, 
  "Plans": [
   1116
  ], 
  "Plan Rows": 1, 
  "Node Type": "Limit", 
  "filename": "plans/query53.json", 
  "Parallel Aware": false, 
  "Output": [
   "tmp1.i_manufact_id", 
   "tmp1.sum_sales", 
   "tmp1.avg_quarterly_sales"
  ], 
  "Plan Width": 68, 
  "Total Cost": 22.03
 }, 
 {
  "Startup Cost": 0.15, 
  "filename": "plans/query54.json", 
  "plan_id": 1137, 
  "Scan Direction": "Forward", 
  "Index Cond": "(catalog_sales.cs_item_sk = item.i_item_sk)", 
  "Node Type": "Index Scan", 
  "Relation Name": "catalog_sales", 
  "Alias": "catalog_sales", 
  "Plan Rows": 1, 
  "Schema": "pg_temp_2", 
  "Parallel Aware": false, 
  "Parent Relationship": "Member", 
  "Output": [
   "catalog_sales.cs_sold_date_sk", 
   "catalog_sales.cs_item_sk", 
   "catalog_sales.cs_bill_customer_sk"
  ], 
  "Index Name": "catalog_sales_pkey", 
  "Plan Width": 12, 
  "Total Cost": 8.17
 }, 
 {
  "Startup Cost": 0.15, 
  "filename": "plans/query54.json", 
  "plan_id": 1138, 
  "Scan Direction": "Forward", 
  "Index Cond": "(web_sales.ws_item_sk = item.i_item_sk)", 
  "Node Type": "Index Scan", 
  "Relation Name": "web_sales", 
  "Alias": "web_sales", 
  "Plan Rows": 1, 
  "Schema": "pg_temp_2", 
  "Parallel Aware": false, 
  "Parent Relationship": "Member", 
  "Output": [
   "web_sales.ws_sold_date_sk", 
   "web_sales.ws_item_sk", 
   "web_sales.ws_bill_customer_sk"
  ], 
  "Index Name": "web_sales_pkey", 
  "Plan Width": 12, 
  "Total Cost": 8.17
 }, 
 {
  "Relation Name": "item", 
  "Startup Cost": 0.0, 
  "plan_id": 1135, 
  "Node Type": "Seq Scan", 
  "Plan Rows": 1, 
  "Filter": "((item.i_category = 'Jewelry'::bpchar) AND (item.i_class = 'birdal'::bpchar))", 
  "Alias": "item", 
  "filename": "plans/query54.json", 
  "Schema": "pg_temp_2", 
  "Parallel Aware": false, 
  "Parent Relationship": "Outer", 
  "Output": [
   "item.i_item_sk", 
   "item.i_item_id", 
   "item.i_rec_start_date", 
   "item.i_rec_end_date", 
   "item.i_item_desc", 
   "item.i_current_price", 
   "item.i_wholesale_cost", 
   "item.i_brand_id", 
   "item.i_brand", 
   "item.i_class_id", 
   "item.i_class", 
   "item.i_category_id", 
   "item.i_category", 
   "item.i_manufact_id", 
   "item.i_manufact", 
   "item.i_size", 
   "item.i_formulation", 
   "item.i_color", 
   "item.i_units", 
   "item.i_container", 
   "item.i_manager_id", 
   "item.i_product_name"
  ], 
  "Plan Width": 4, 
  "Total Cost": 10.6
 }, 
 {
  "Startup Cost": 0.15, 
  "plan_id": 1136, 
  "Plans": [
   1137, 
   1138
  ], 
  "Plan Rows": 2, 
  "Node Type": "Append", 
  "filename": "plans/query54.json", 
  "Parallel Aware": false, 
  "Parent Relationship": "Inner", 
  "Plan Width": 12, 
  "Total Cost": 16.33
 }, 
 {
  "Startup Cost": 0.15, 
  "plan_id": 1134, 
  "Plans": [
   1135, 
   1136
  ], 
  "Plan Rows": 3, 
  "Node Type": "Nested Loop", 
  "Join Type": "Inner", 
  "filename": "plans/query54.json", 
  "Parallel Aware": false, 
  "Parent Relationship": "Outer", 
  "Output": [
   "catalog_sales.cs_sold_date_sk", 
   "catalog_sales.cs_bill_customer_sk"
  ], 
  "Plan Width": 8, 
  "Total Cost": 26.95
 }, 
 {
  "Filter": "((date_dim.d_moy = 6) AND (date_dim.d_year = 1999))", 
  "Startup Cost": 0.15, 
  "filename": "plans/query54.json", 
  "plan_id": 1139, 
  "Scan Direction": "Forward", 
  "Index Cond": "(date_dim.d_date_sk = catalog_sales.cs_sold_date_sk)", 
  "Node Type": "Index Scan", 
  "Relation Name": "date_dim", 
  "Alias": "date_dim", 
  "Plan Rows": 1, 
  "Schema": "pg_temp_2", 
  "Parallel Aware": false, 
  "Parent Relationship": "Inner", 
  "Output": [
   "date_dim.d_date_sk", 
   "date_dim.d_date_id", 
   "date_dim.d_date", 
   "date_dim.d_month_seq", 
   "date_dim.d_week_seq", 
   "date_dim.d_quarter_seq", 
   "date_dim.d_year", 
   "date_dim.d_dow", 
   "date_dim.d_moy", 
   "date_dim.d_dom", 
   "date_dim.d_qoy", 
   "date_dim.d_fy_year", 
   "date_dim.d_fy_quarter_seq", 
   "date_dim.d_fy_week_seq", 
   "date_dim.d_day_name", 
   "date_dim.d_quarter_name", 
   "date_dim.d_holiday", 
   "date_dim.d_weekend", 
   "date_dim.d_following_holiday", 
   "date_dim.d_first_dom", 
   "date_dim.d_last_dom", 
   "date_dim.d_same_day_ly", 
   "date_dim.d_same_day_lq", 
   "date_dim.d_current_day", 
   "date_dim.d_current_week", 
   "date_dim.d_current_month", 
   "date_dim.d_current_quarter", 
   "date_dim.d_current_year"
  ], 
  "Index Name": "date_dim_pkey", 
  "Plan Width": 4, 
  "Total Cost": 0.25
 }, 
 {
  "Startup Cost": 0.29, 
  "plan_id": 1133, 
  "Plans": [
   1134, 
   1139
  ], 
  "Plan Rows": 1, 
  "Node Type": "Nested Loop", 
  "Join Type": "Inner", 
  "filename": "plans/query54.json", 
  "Parallel Aware": false, 
  "Parent Relationship": "Outer", 
  "Output": [
   "catalog_sales.cs_bill_customer_sk"
  ], 
  "Plan Width": 4, 
  "Total Cost": 27.74
 }, 
 {
  "Startup Cost": 0.14, 
  "filename": "plans/query54.json", 
  "plan_id": 1140, 
  "Scan Direction": "Forward", 
  "Index Cond": "(customer.c_customer_sk = catalog_sales.cs_bill_customer_sk)", 
  "Node Type": "Index Scan", 
  "Relation Name": "customer", 
  "Alias": "customer", 
  "Plan Rows": 1, 
  "Schema": "pg_temp_2", 
  "Parallel Aware": false, 
  "Parent Relationship": "Inner", 
  "Output": [
   "customer.c_customer_sk", 
   "customer.c_customer_id", 
   "customer.c_current_cdemo_sk", 
   "customer.c_current_hdemo_sk", 
   "customer.c_current_addr_sk", 
   "customer.c_first_shipto_date_sk", 
   "customer.c_first_sales_date_sk", 
   "customer.c_salutation", 
   "customer.c_first_name", 
   "customer.c_last_name", 
   "customer.c_preferred_cust_flag", 
   "customer.c_birth_day", 
   "customer.c_birth_month", 
   "customer.c_birth_year", 
   "customer.c_birth_country", 
   "customer.c_login", 
   "customer.c_email_address", 
   "customer.c_last_review_date"
  ], 
  "Index Name": "customer_pkey", 
  "Plan Width": 8, 
  "Total Cost": 0.24
 }, 
 {
  "Startup Cost": 0.44, 
  "plan_id": 1132, 
  "Plans": [
   1133, 
   1140
  ], 
  "Plan Rows": 1, 
  "Node Type": "Nested Loop", 
  "Join Type": "Inner", 
  "filename": "plans/query54.json", 
  "Parallel Aware": false, 
  "Parent Relationship": "Outer", 
  "Output": [
   "customer.c_customer_sk", 
   "customer.c_current_addr_sk"
  ], 
  "Plan Width": 8, 
  "Total Cost": 28.0
 }, 
 {
  "Startup Cost": 28.01, 
  "plan_id": 1131, 
  "Plans": [
   1132
  ], 
  "Sort Key": [
   "customer.c_customer_sk", 
   "customer.c_current_addr_sk"
  ], 
  "Plan Rows": 1, 
  "Node Type": "Sort", 
  "filename": "plans/query54.json", 
  "Parallel Aware": false, 
  "Parent Relationship": "Outer", 
  "Output": [
   "customer.c_customer_sk", 
   "customer.c_current_addr_sk"
  ], 
  "Plan Width": 8, 
  "Total Cost": 28.01
 }, 
 {
  "Relation Name": "date_dim", 
  "Startup Cost": 0.0, 
  "plan_id": 1144, 
  "Node Type": "Seq Scan", 
  "Plan Rows": 1, 
  "Filter": "((date_dim_1.d_year = 1999) AND (date_dim_1.d_moy = 6))", 
  "Alias": "date_dim_1", 
  "filename": "plans/query54.json", 
  "Schema": "pg_temp_2", 
  "Parallel Aware": false, 
  "Parent Relationship": "Outer", 
  "Output": [
   "(date_dim_1.d_month_seq + 1)"
  ], 
  "Plan Width": 4, 
  "Total Cost": 14.05
 }, 
 {
  "Startup Cost": 14.06, 
  "plan_id": 1143, 
  "Plans": [
   1144
  ], 
  "Sort Key": [
   "((date_dim_1.d_month_seq + 1))"
  ], 
  "Plan Rows": 1, 
  "Node Type": "Sort", 
  "filename": "plans/query54.json", 
  "Parallel Aware": false, 
  "Parent Relationship": "Outer", 
  "Output": [
   "((date_dim_1.d_month_seq + 1))"
  ], 
  "Plan Width": 4, 
  "Total Cost": 14.07
 }, 
 {
  "Relation Name": "date_dim", 
  "Startup Cost": 0.0, 
  "plan_id": 1147, 
  "Node Type": "Seq Scan", 
  "Plan Rows": 1, 
  "Filter": "((date_dim_2.d_year = 1999) AND (date_dim_2.d_moy = 6))", 
  "Alias": "date_dim_2", 
  "filename": "plans/query54.json", 
  "Schema": "pg_temp_2", 
  "Parallel Aware": false, 
  "Parent Relationship": "Outer", 
  "Output": [
   "(date_dim_2.d_month_seq + 3)"
  ], 
  "Plan Width": 4, 
  "Total Cost": 14.05
 }, 
 {
  "Startup Cost": 14.06, 
  "plan_id": 1146, 
  "Plans": [
   1147
  ], 
  "Sort Key": [
   "((date_dim_2.d_month_seq + 3))"
  ], 
  "Plan Rows": 1, 
  "Node Type": "Sort", 
  "filename": "plans/query54.json", 
  "Parallel Aware": false, 
  "Parent Relationship": "Outer", 
  "Output": [
   "((date_dim_2.d_month_seq + 3))"
  ], 
  "Plan Width": 4, 
  "Total Cost": 14.07
 }, 
 {
  "Startup Cost": 0.0, 
  "plan_id": 1157, 
  "CTE Name": "my_customers", 
  "Node Type": "CTE Scan", 
  "Plan Rows": 1, 
  "Alias": "my_customers", 
  "filename": "plans/query54.json", 
  "Parallel Aware": false, 
  "Parent Relationship": "Outer", 
  "Output": [
   "my_customers.c_customer_sk", 
   "my_customers.c_current_addr_sk"
  ], 
  "Plan Width": 8, 
  "Total Cost": 0.02
 }, 
 {
  "Startup Cost": 0.14, 
  "filename": "plans/query54.json", 
  "plan_id": 1158, 
  "Scan Direction": "Forward", 
  "Index Cond": "(customer_address.ca_address_sk = my_customers.c_current_addr_sk)", 
  "Node Type": "Index Scan", 
  "Relation Name": "customer_address", 
  "Alias": "customer_address", 
  "Plan Rows": 1, 
  "Schema": "pg_temp_2", 
  "Parallel Aware": false, 
  "Parent Relationship": "Inner", 
  "Output": [
   "customer_address.ca_address_sk", 
   "customer_address.ca_address_id", 
   "customer_address.ca_street_number", 
   "customer_address.ca_street_name", 
   "customer_address.ca_street_type", 
   "customer_address.ca_suite_number", 
   "customer_address.ca_city", 
   "customer_address.ca_county", 
   "customer_address.ca_state", 
   "customer_address.ca_zip", 
   "customer_address.ca_country", 
   "customer_address.ca_gmt_offset", 
   "customer_address.ca_location_type"
  ], 
  "Index Name": "customer_address_pkey", 
  "Plan Width": 94, 
  "Total Cost": 8.16
 }, 
 {
  "Startup Cost": 0.14, 
  "plan_id": 1156, 
  "Plans": [
   1157, 
   1158
  ], 
  "Plan Rows": 1, 
  "Node Type": "Nested Loop", 
  "Join Type": "Inner", 
  "filename": "plans/query54.json", 
  "Parallel Aware": false, 
  "Parent Relationship": "Outer", 
  "Output": [
   "my_customers.c_customer_sk", 
   "customer_address.ca_county", 
   "customer_address.ca_state"
  ], 
  "Plan Width": 94, 
  "Total Cost": 8.19
 }, 
 {
  "Startup Cost": 0.0, 
  "plan_id": 1154, 
  "Node Type": "Seq Scan", 
  "Plan Rows": 40, 
  "Relation Name": "store", 
  "Alias": "store", 
  "filename": "plans/query54.json", 
  "Schema": "pg_temp_2", 
  "Parallel Aware": false, 
  "Parent Relationship": "Outer", 
  "Output": [
   "store.s_store_sk", 
   "store.s_store_id", 
   "store.s_rec_start_date", 
   "store.s_rec_end_date", 
   "store.s_closed_date_sk", 
   "store.s_store_name", 
   "store.s_number_employees", 
   "store.s_floor_space", 
   "store.s_hours", 
   "store.s_manager", 
   "store.s_market_id", 
   "store.s_geography_class", 
   "store.s_market_desc", 
   "store.s_market_manager", 
   "store.s_division_id", 
   "store.s_division_name", 
   "store.s_company_id", 
   "store.s_company_name", 
   "store.s_street_number", 
   "store.s_street_name", 
   "store.s_street_type", 
   "store.s_suite_number", 
   "store.s_city", 
   "store.s_county", 
   "store.s_state", 
   "store.s_zip", 
   "store.s_country", 
   "store.s_gmt_offset", 
   "store.s_tax_precentage"
  ], 
  "Plan Width": 90, 
  "Total Cost": 10.4
 }, 
 {
  "Startup Cost": 8.19, 
  "plan_id": 1155, 
  "Plans": [
   1156
  ], 
  "Plan Rows": 1, 
  "Node Type": "Hash", 
  "filename": "plans/query54.json", 
  "Parallel Aware": false, 
  "Parent Relationship": "Inner", 
  "Output": [
   "my_customers.c_customer_sk", 
   "customer_address.ca_county", 
   "customer_address.ca_state"
  ], 
  "Plan Width": 94, 
  "Total Cost": 8.19
 }, 
 {
  "Startup Cost": 8.21, 
  "Plan Width": 4, 
  "plan_id": 1153, 
  "Plans": [
   1154, 
   1155
  ], 
  "Plan Rows": 1, 
  "Node Type": "Hash Join", 
  "Join Type": "Inner", 
  "filename": "plans/query54.json", 
  "Parallel Aware": false, 
  "Output": [
   "my_customers.c_customer_sk"
  ], 
  "Hash Cond": "(((store.s_county)::text = (customer_address.ca_county)::text) AND (store.s_state = customer_address.ca_state))", 
  "Parent Relationship": "Outer", 
  "Total Cost": 18.91
 }, 
 {
  "Startup Cost": 0.0, 
  "plan_id": 1151, 
  "Node Type": "Seq Scan", 
  "Plan Rows": 340, 
  "Relation Name": "store_sales", 
  "Alias": "store_sales", 
  "filename": "plans/query54.json", 
  "Schema": "pg_temp_2", 
  "Parallel Aware": false, 
  "Parent Relationship": "Outer", 
  "Output": [
   "store_sales.ss_sold_date_sk", 
   "store_sales.ss_sold_time_sk", 
   "store_sales.ss_item_sk", 
   "store_sales.ss_customer_sk", 
   "store_sales.ss_cdemo_sk", 
   "store_sales.ss_hdemo_sk", 
   "store_sales.ss_addr_sk", 
   "store_sales.ss_store_sk", 
   "store_sales.ss_promo_sk", 
   "store_sales.ss_ticket_number", 
   "store_sales.ss_quantity", 
   "store_sales.ss_wholesale_cost", 
   "store_sales.ss_list_price", 
   "store_sales.ss_sales_price", 
   "store_sales.ss_ext_discount_amt", 
   "store_sales.ss_ext_sales_price", 
   "store_sales.ss_ext_wholesale_cost", 
   "store_sales.ss_ext_list_price", 
   "store_sales.ss_ext_tax", 
   "store_sales.ss_coupon_amt", 
   "store_sales.ss_net_paid", 
   "store_sales.ss_net_paid_inc_tax", 
   "store_sales.ss_net_profit"
  ], 
  "Plan Width": 22, 
  "Total Cost": 13.4
 }, 
 {
  "Startup Cost": 18.91, 
  "plan_id": 1152, 
  "Plans": [
   1153
  ], 
  "Plan Rows": 1, 
  "Node Type": "Hash", 
  "filename": "plans/query54.json", 
  "Parallel Aware": false, 
  "Parent Relationship": "Inner", 
  "Output": [
   "my_customers.c_customer_sk"
  ], 
  "Plan Width": 4, 
  "Total Cost": 18.91
 }, 
 {
  "Startup Cost": 18.93, 
  "Plan Width": 22, 
  "plan_id": 1150, 
  "Plans": [
   1151, 
   1152
  ], 
  "Plan Rows": 1, 
  "Node Type": "Hash Join", 
  "Join Type": "Inner", 
  "filename": "plans/query54.json", 
  "Parallel Aware": false, 
  "Output": [
   "my_customers.c_customer_sk", 
   "store_sales.ss_ext_sales_price", 
   "store_sales.ss_sold_date_sk"
  ], 
  "Hash Cond": "(store_sales.ss_customer_sk = my_customers.c_customer_sk)", 
  "Parent Relationship": "Outer", 
  "Total Cost": 33.62
 }, 
 {
  "Filter": "((date_dim_3.d_month_seq >= $4) AND (date_dim_3.d_month_seq <= $5))", 
  "Startup Cost": 0.15, 
  "filename": "plans/query54.json", 
  "plan_id": 1159, 
  "Scan Direction": "Forward", 
  "Index Cond": "(date_dim_3.d_date_sk = store_sales.ss_sold_date_sk)", 
  "Node Type": "Index Scan", 
  "Relation Name": "date_dim", 
  "Alias": "date_dim_3", 
  "Plan Rows": 1, 
  "Schema": "pg_temp_2", 
  "Parallel Aware": false, 
  "Parent Relationship": "Inner", 
  "Output": [
   "date_dim_3.d_date_sk", 
   "date_dim_3.d_date_id", 
   "date_dim_3.d_date", 
   "date_dim_3.d_month_seq", 
   "date_dim_3.d_week_seq", 
   "date_dim_3.d_quarter_seq", 
   "date_dim_3.d_year", 
   "date_dim_3.d_dow", 
   "date_dim_3.d_moy", 
   "date_dim_3.d_dom", 
   "date_dim_3.d_qoy", 
   "date_dim_3.d_fy_year", 
   "date_dim_3.d_fy_quarter_seq", 
   "date_dim_3.d_fy_week_seq", 
   "date_dim_3.d_day_name", 
   "date_dim_3.d_quarter_name", 
   "date_dim_3.d_holiday", 
   "date_dim_3.d_weekend", 
   "date_dim_3.d_following_holiday", 
   "date_dim_3.d_first_dom", 
   "date_dim_3.d_last_dom", 
   "date_dim_3.d_same_day_ly", 
   "date_dim_3.d_same_day_lq", 
   "date_dim_3.d_current_day", 
   "date_dim_3.d_current_week", 
   "date_dim_3.d_current_month", 
   "date_dim_3.d_current_quarter", 
   "date_dim_3.d_current_year"
  ], 
  "Index Name": "date_dim_pkey", 
  "Plan Width": 4, 
  "Total Cost": 0.3
 }, 
 {
  "Startup Cost": 19.07, 
  "plan_id": 1149, 
  "Plans": [
   1150, 
   1159
  ], 
  "Plan Rows": 1, 
  "Node Type": "Nested Loop", 
  "Join Type": "Inner", 
  "filename": "plans/query54.json", 
  "Parallel Aware": false, 
  "Parent Relationship": "Outer", 
  "Output": [
   "my_customers.c_customer_sk", 
   "store_sales.ss_ext_sales_price"
  ], 
  "Plan Width": 18, 
  "Total Cost": 33.93
 }, 
 {
  "Startup Cost": 14.06, 
  "plan_id": 1142, 
  "Plans": [
   1143
  ], 
  "Plan Rows": 1, 
  "Node Type": "Unique", 
  "filename": "plans/query54.json", 
  "Parallel Aware": false, 
  "Parent Relationship": "InitPlan", 
  "Output": [
   "((date_dim_1.d_month_seq + 1))"
  ], 
  "Plan Width": 4, 
  "Subplan Name": "InitPlan 2 (returns $4)", 
  "Total Cost": 14.07
 }, 
 {
  "Startup Cost": 14.06, 
  "plan_id": 1145, 
  "Plans": [
   1146
  ], 
  "Plan Rows": 1, 
  "Node Type": "Unique", 
  "filename": "plans/query54.json", 
  "Parallel Aware": false, 
  "Parent Relationship": "InitPlan", 
  "Output": [
   "((date_dim_2.d_month_seq + 3))"
  ], 
  "Plan Width": 4, 
  "Subplan Name": "InitPlan 3 (returns $5)", 
  "Total Cost": 14.07
 }, 
 {
  "Startup Cost": 33.94, 
  "plan_id": 1148, 
  "Plans": [
   1149
  ], 
  "Sort Key": [
   "my_customers.c_customer_sk"
  ], 
  "Plan Rows": 1, 
  "Node Type": "Sort", 
  "filename": "plans/query54.json", 
  "Parallel Aware": false, 
  "Parent Relationship": "Outer", 
  "Output": [
   "my_customers.c_customer_sk", 
   "store_sales.ss_ext_sales_price"
  ], 
  "Plan Width": 18, 
  "Total Cost": 33.95
 }, 
 {
  "Startup Cost": 0.0, 
  "plan_id": 1163, 
  "CTE Name": "segments", 
  "Node Type": "CTE Scan", 
  "Plan Rows": 1, 
  "Alias": "segments", 
  "filename": "plans/query54.json", 
  "Parallel Aware": false, 
  "Parent Relationship": "Outer", 
  "Output": [
   "segments.segment"
  ], 
  "Plan Width": 4, 
  "Total Cost": 0.02
 }, 
 {
  "Partial Mode": "Simple", 
  "Startup Cost": 0.02, 
  "Plan Width": 16, 
  "plan_id": 1162, 
  "Plans": [
   1163
  ], 
  "filename": "plans/query54.json", 
  "Node Type": "Aggregate", 
  "Strategy": "Hashed", 
  "Plan Rows": 1, 
  "Parallel Aware": false, 
  "Output": [
   "segments.segment", 
   "count(*)", 
   "(segments.segment * 50)"
  ], 
  "Group Key": [
   "segments.segment"
  ], 
  "Parent Relationship": "Outer", 
  "Total Cost": 0.04
 }, 
 {
  "Startup Cost": 28.01, 
  "plan_id": 1130, 
  "Plans": [
   1131
  ], 
  "Plan Rows": 1, 
  "Node Type": "Unique", 
  "filename": "plans/query54.json", 
  "Parallel Aware": false, 
  "Parent Relationship": "InitPlan", 
  "Output": [
   "customer.c_customer_sk", 
   "customer.c_current_addr_sk"
  ], 
  "Plan Width": 8, 
  "Subplan Name": "CTE my_customers", 
  "Total Cost": 28.02
 }, 
 {
  "Partial Mode": "Simple", 
  "Startup Cost": 62.08, 
  "Plan Width": 36, 
  "plan_id": 1141, 
  "Plans": [
   1142, 
   1145, 
   1148
  ], 
  "filename": "plans/query54.json", 
  "Node Type": "Aggregate", 
  "Strategy": "Sorted", 
  "Plan Rows": 1, 
  "Parallel Aware": false, 
  "Output": [
   "my_customers.c_customer_sk", 
   "sum(store_sales.ss_ext_sales_price)"
  ], 
  "Group Key": [
   "my_customers.c_customer_sk"
  ], 
  "Parent Relationship": "InitPlan", 
  "Subplan Name": "CTE my_revenue", 
  "Total Cost": 62.1
 }, 
 {
  "Startup Cost": 0.0, 
  "plan_id": 1160, 
  "CTE Name": "my_revenue", 
  "Node Type": "CTE Scan", 
  "Plan Rows": 1, 
  "Alias": "my_revenue", 
  "filename": "plans/query54.json", 
  "Parallel Aware": false, 
  "Parent Relationship": "InitPlan", 
  "Output": [
   "((my_revenue.revenue / '50'::numeric))::integer"
  ], 
  "Plan Width": 4, 
  "Subplan Name": "CTE segments", 
  "Total Cost": 0.03
 }, 
 {
  "Startup Cost": 0.05, 
  "plan_id": 1161, 
  "Plans": [
   1162
  ], 
  "Sort Key": [
   "segments.segment", 
   "(count(*))"
  ], 
  "Plan Rows": 1, 
  "Node Type": "Sort", 
  "filename": "plans/query54.json", 
  "Parallel Aware": false, 
  "Parent Relationship": "Outer", 
  "Output": [
   "segments.segment", 
   "(count(*))", 
   "((segments.segment * 50))"
  ], 
  "Plan Width": 16, 
  "Total Cost": 0.05
 }, 
 {
  "Startup Cost": 90.2, 
  "plan_id": 1129, 
  "Plans": [
   1130, 
   1141, 
   1160, 
   1161
  ], 
  "Plan Rows": 1, 
  "Node Type": "Limit", 
  "filename": "plans/query54.json", 
  "Parallel Aware": false, 
  "Output": [
   "segments.segment", 
   "(count(*))", 
   "((segments.segment * 50))"
  ], 
  "Plan Width": 16, 
  "Total Cost": 90.2
 }, 
 {
  "Startup Cost": 0.0, 
  "plan_id": 1172, 
  "Node Type": "Bitmap Index Scan", 
  "Index Cond": "(store_sales.ss_item_sk = item.i_item_sk)", 
  "Plan Rows": 2, 
  "filename": "plans/query55.json", 
  "Parallel Aware": false, 
  "Parent Relationship": "Outer", 
  "Index Name": "store_sales_pkey", 
  "Plan Width": 0, 
  "Total Cost": 4.16
 }, 
 {
  "Relation Name": "item", 
  "Startup Cost": 0.0, 
  "plan_id": 1170, 
  "Node Type": "Seq Scan", 
  "Plan Rows": 1, 
  "Filter": "(item.i_manager_id = 16)", 
  "Alias": "item", 
  "filename": "plans/query55.json", 
  "Schema": "pg_temp_2", 
  "Parallel Aware": false, 
  "Parent Relationship": "Outer", 
  "Output": [
   "item.i_item_sk", 
   "item.i_item_id", 
   "item.i_rec_start_date", 
   "item.i_rec_end_date", 
   "item.i_item_desc", 
   "item.i_current_price", 
   "item.i_wholesale_cost", 
   "item.i_brand_id", 
   "item.i_brand", 
   "item.i_class_id", 
   "item.i_class", 
   "item.i_category_id", 
   "item.i_category", 
   "item.i_manufact_id", 
   "item.i_manufact", 
   "item.i_size", 
   "item.i_formulation", 
   "item.i_color", 
   "item.i_units", 
   "item.i_container", 
   "item.i_manager_id", 
   "item.i_product_name"
  ], 
  "Plan Width": 212, 
  "Total Cost": 10.5
 }, 
 {
  "Startup Cost": 4.16, 
  "plan_id": 1171, 
  "Plans": [
   1172
  ], 
  "Parent Relationship": "Inner", 
  "Node Type": "Bitmap Heap Scan", 
  "Plan Rows": 2, 
  "Relation Name": "store_sales", 
  "Alias": "store_sales", 
  "filename": "plans/query55.json", 
  "Schema": "pg_temp_2", 
  "Parallel Aware": false, 
  "Recheck Cond": "(store_sales.ss_item_sk = item.i_item_sk)", 
  "Output": [
   "store_sales.ss_sold_date_sk", 
   "store_sales.ss_sold_time_sk", 
   "store_sales.ss_item_sk", 
   "store_sales.ss_customer_sk", 
   "store_sales.ss_cdemo_sk", 
   "store_sales.ss_hdemo_sk", 
   "store_sales.ss_addr_sk", 
   "store_sales.ss_store_sk", 
   "store_sales.ss_promo_sk", 
   "store_sales.ss_ticket_number", 
   "store_sales.ss_quantity", 
   "store_sales.ss_wholesale_cost", 
   "store_sales.ss_list_price", 
   "store_sales.ss_sales_price", 
   "store_sales.ss_ext_discount_amt", 
   "store_sales.ss_ext_sales_price", 
   "store_sales.ss_ext_wholesale_cost", 
   "store_sales.ss_ext_list_price", 
   "store_sales.ss_ext_tax", 
   "store_sales.ss_coupon_amt", 
   "store_sales.ss_net_paid", 
   "store_sales.ss_net_paid_inc_tax", 
   "store_sales.ss_net_profit"
  ], 
  "Plan Width": 22, 
  "Total Cost": 9.5
 }, 
 {
  "Startup Cost": 4.16, 
  "plan_id": 1169, 
  "Plans": [
   1170, 
   1171
  ], 
  "Plan Rows": 2, 
  "Node Type": "Nested Loop", 
  "Join Type": "Inner", 
  "filename": "plans/query55.json", 
  "Parallel Aware": false, 
  "Parent Relationship": "Outer", 
  "Output": [
   "store_sales.ss_ext_sales_price", 
   "store_sales.ss_sold_date_sk", 
   "item.i_brand_id", 
   "item.i_brand"
  ], 
  "Plan Width": 226, 
  "Total Cost": 20.02
 }, 
 {
  "Filter": "((date_dim.d_moy = 11) AND (date_dim.d_year = 1999))", 
  "Startup Cost": 0.15, 
  "filename": "plans/query55.json", 
  "plan_id": 1173, 
  "Scan Direction": "Forward", 
  "Index Cond": "(date_dim.d_date_sk = store_sales.ss_sold_date_sk)", 
  "Node Type": "Index Scan", 
  "Relation Name": "date_dim", 
  "Alias": "date_dim", 
  "Plan Rows": 1, 
  "Schema": "pg_temp_2", 
  "Parallel Aware": false, 
  "Parent Relationship": "Inner", 
  "Output": [
   "date_dim.d_date_sk", 
   "date_dim.d_date_id", 
   "date_dim.d_date", 
   "date_dim.d_month_seq", 
   "date_dim.d_week_seq", 
   "date_dim.d_quarter_seq", 
   "date_dim.d_year", 
   "date_dim.d_dow", 
   "date_dim.d_moy", 
   "date_dim.d_dom", 
   "date_dim.d_qoy", 
   "date_dim.d_fy_year", 
   "date_dim.d_fy_quarter_seq", 
   "date_dim.d_fy_week_seq", 
   "date_dim.d_day_name", 
   "date_dim.d_quarter_name", 
   "date_dim.d_holiday", 
   "date_dim.d_weekend", 
   "date_dim.d_following_holiday", 
   "date_dim.d_first_dom", 
   "date_dim.d_last_dom", 
   "date_dim.d_same_day_ly", 
   "date_dim.d_same_day_lq", 
   "date_dim.d_current_day", 
   "date_dim.d_current_week", 
   "date_dim.d_current_month", 
   "date_dim.d_current_quarter", 
   "date_dim.d_current_year"
  ], 
  "Index Name": "date_dim_pkey", 
  "Plan Width": 4, 
  "Total Cost": 0.3
 }, 
 {
  "Startup Cost": 4.31, 
  "plan_id": 1168, 
  "Plans": [
   1169, 
   1173
  ], 
  "Plan Rows": 1, 
  "Node Type": "Nested Loop", 
  "Join Type": "Inner", 
  "filename": "plans/query55.json", 
  "Parallel Aware": false, 
  "Parent Relationship": "Outer", 
  "Output": [
   "item.i_brand_id", 
   "item.i_brand", 
   "store_sales.ss_ext_sales_price"
  ], 
  "Plan Width": 222, 
  "Total Cost": 20.64
 }, 
 {
  "Startup Cost": 20.65, 
  "plan_id": 1167, 
  "Plans": [
   1168
  ], 
  "Sort Key": [
   "item.i_brand", 
   "item.i_brand_id"
  ], 
  "Plan Rows": 1, 
  "Node Type": "Sort", 
  "filename": "plans/query55.json", 
  "Parallel Aware": false, 
  "Parent Relationship": "Outer", 
  "Output": [
   "item.i_brand_id", 
   "item.i_brand", 
   "store_sales.ss_ext_sales_price"
  ], 
  "Plan Width": 222, 
  "Total Cost": 20.66
 }, 
 {
  "Partial Mode": "Simple", 
  "Startup Cost": 20.65, 
  "Plan Width": 240, 
  "plan_id": 1166, 
  "Plans": [
   1167
  ], 
  "filename": "plans/query55.json", 
  "Node Type": "Aggregate", 
  "Strategy": "Sorted", 
  "Plan Rows": 1, 
  "Parallel Aware": false, 
  "Output": [
   "item.i_brand_id", 
   "item.i_brand", 
   "sum(store_sales.ss_ext_sales_price)"
  ], 
  "Group Key": [
   "item.i_brand", 
   "item.i_brand_id"
  ], 
  "Parent Relationship": "Outer", 
  "Total Cost": 20.68
 }, 
 {
  "Startup Cost": 20.69, 
  "plan_id": 1165, 
  "Plans": [
   1166
  ], 
  "Sort Key": [
   "(sum(store_sales.ss_ext_sales_price)) DESC", 
   "item.i_brand_id"
  ], 
  "Plan Rows": 1, 
  "Node Type": "Sort", 
  "filename": "plans/query55.json", 
  "Parallel Aware": false, 
  "Parent Relationship": "Outer", 
  "Output": [
   "item.i_brand_id", 
   "item.i_brand", 
   "(sum(store_sales.ss_ext_sales_price))"
  ], 
  "Plan Width": 240, 
  "Total Cost": 20.69
 }, 
 {
  "Startup Cost": 20.69, 
  "plan_id": 1164, 
  "Plans": [
   1165
  ], 
  "Plan Rows": 1, 
  "Node Type": "Limit", 
  "filename": "plans/query55.json", 
  "Parallel Aware": false, 
  "Output": [
   "item.i_brand_id", 
   "item.i_brand", 
   "(sum(store_sales.ss_ext_sales_price))"
  ], 
  "Plan Width": 240, 
  "Total Cost": 20.69
 }, 
 {
  "Relation Name": "item", 
  "Startup Cost": 0.0, 
  "plan_id": 1183, 
  "Node Type": "Seq Scan", 
  "Plan Rows": 3, 
  "Filter": "(item_1.i_color = ANY ('{purple,antique,chiffon}'::bpchar[]))", 
  "Alias": "item_1", 
  "filename": "plans/query56.json", 
  "Schema": "pg_temp_2", 
  "Parallel Aware": false, 
  "Parent Relationship": "Outer", 
  "Output": [
   "item_1.i_item_id"
  ], 
  "Plan Width": 68, 
  "Total Cost": 10.55
 }, 
 {
  "Startup Cost": 0.0, 
  "plan_id": 1181, 
  "Node Type": "Seq Scan", 
  "Plan Rows": 40, 
  "Relation Name": "item", 
  "Alias": "item", 
  "filename": "plans/query56.json", 
  "Schema": "pg_temp_2", 
  "Parallel Aware": false, 
  "Parent Relationship": "Outer", 
  "Output": [
   "item.i_item_sk", 
   "item.i_item_id", 
   "item.i_rec_start_date", 
   "item.i_rec_end_date", 
   "item.i_item_desc", 
   "item.i_current_price", 
   "item.i_wholesale_cost", 
   "item.i_brand_id", 
   "item.i_brand", 
   "item.i_class_id", 
   "item.i_class", 
   "item.i_category_id", 
   "item.i_category", 
   "item.i_manufact_id", 
   "item.i_manufact", 
   "item.i_size", 
   "item.i_formulation", 
   "item.i_color", 
   "item.i_units", 
   "item.i_container", 
   "item.i_manager_id", 
   "item.i_product_name"
  ], 
  "Plan Width": 72, 
  "Total Cost": 10.4
 }, 
 {
  "Startup Cost": 10.55, 
  "plan_id": 1182, 
  "Plans": [
   1183
  ], 
  "Plan Rows": 3, 
  "Node Type": "Hash", 
  "filename": "plans/query56.json", 
  "Parallel Aware": false, 
  "Parent Relationship": "Inner", 
  "Output": [
   "item_1.i_item_id"
  ], 
  "Plan Width": 68, 
  "Total Cost": 10.55
 }, 
 {
  "Startup Cost": 10.59, 
  "Plan Width": 72, 
  "plan_id": 1180, 
  "Plans": [
   1181, 
   1182
  ], 
  "Plan Rows": 3, 
  "Node Type": "Hash Join", 
  "Join Type": "Semi", 
  "filename": "plans/query56.json", 
  "Parallel Aware": false, 
  "Output": [
   "item.i_item_id", 
   "item.i_item_sk"
  ], 
  "Hash Cond": "(item.i_item_id = item_1.i_item_id)", 
  "Parent Relationship": "Outer", 
  "Total Cost": 21.13
 }, 
 {
  "Startup Cost": 0.15, 
  "filename": "plans/query56.json", 
  "plan_id": 1184, 
  "Scan Direction": "Forward", 
  "Index Cond": "(store_sales.ss_item_sk = item.i_item_sk)", 
  "Node Type": "Index Scan", 
  "Relation Name": "store_sales", 
  "Alias": "store_sales", 
  "Plan Rows": 2, 
  "Schema": "pg_temp_2", 
  "Parallel Aware": false, 
  "Parent Relationship": "Inner", 
  "Output": [
   "store_sales.ss_sold_date_sk", 
   "store_sales.ss_sold_time_sk", 
   "store_sales.ss_item_sk", 
   "store_sales.ss_customer_sk", 
   "store_sales.ss_cdemo_sk", 
   "store_sales.ss_hdemo_sk", 
   "store_sales.ss_addr_sk", 
   "store_sales.ss_store_sk", 
   "store_sales.ss_promo_sk", 
   "store_sales.ss_ticket_number", 
   "store_sales.ss_quantity", 
   "store_sales.ss_wholesale_cost", 
   "store_sales.ss_list_price", 
   "store_sales.ss_sales_price", 
   "store_sales.ss_ext_discount_amt", 
   "store_sales.ss_ext_sales_price", 
   "store_sales.ss_ext_wholesale_cost", 
   "store_sales.ss_ext_list_price", 
   "store_sales.ss_ext_tax", 
   "store_sales.ss_coupon_amt", 
   "store_sales.ss_net_paid", 
   "store_sales.ss_net_paid_inc_tax", 
   "store_sales.ss_net_profit"
  ], 
  "Index Name": "store_sales_pkey", 
  "Plan Width": 26, 
  "Total Cost": 1.28
 }, 
 {
  "Startup Cost": 10.74, 
  "plan_id": 1179, 
  "Plans": [
   1180, 
   1184
  ], 
  "Plan Rows": 5, 
  "Node Type": "Nested Loop", 
  "Join Type": "Inner", 
  "filename": "plans/query56.json", 
  "Parallel Aware": false, 
  "Parent Relationship": "Outer", 
  "Output": [
   "store_sales.ss_ext_sales_price", 
   "store_sales.ss_sold_date_sk", 
   "store_sales.ss_addr_sk", 
   "item.i_item_id"
  ], 
  "Plan Width": 90, 
  "Total Cost": 25.03
 }, 
 {
  "Filter": "(customer_address.ca_gmt_offset = '-6'::numeric)", 
  "Startup Cost": 0.14, 
  "filename": "plans/query56.json", 
  "plan_id": 1185, 
  "Scan Direction": "Forward", 
  "Index Cond": "(customer_address.ca_address_sk = store_sales.ss_addr_sk)", 
  "Node Type": "Index Scan", 
  "Relation Name": "customer_address", 
  "Alias": "customer_address", 
  "Plan Rows": 1, 
  "Schema": "pg_temp_2", 
  "Parallel Aware": false, 
  "Parent Relationship": "Inner", 
  "Output": [
   "customer_address.ca_address_sk", 
   "customer_address.ca_address_id", 
   "customer_address.ca_street_number", 
   "customer_address.ca_street_name", 
   "customer_address.ca_street_type", 
   "customer_address.ca_suite_number", 
   "customer_address.ca_city", 
   "customer_address.ca_county", 
   "customer_address.ca_state", 
   "customer_address.ca_zip", 
   "customer_address.ca_country", 
   "customer_address.ca_gmt_offset", 
   "customer_address.ca_location_type"
  ], 
  "Index Name": "customer_address_pkey", 
  "Plan Width": 4, 
  "Total Cost": 0.29
 }, 
 {
  "Startup Cost": 10.88, 
  "plan_id": 1178, 
  "Plans": [
   1179, 
   1185
  ], 
  "Plan Rows": 1, 
  "Node Type": "Nested Loop", 
  "Join Type": "Inner", 
  "filename": "plans/query56.json", 
  "Parallel Aware": false, 
  "Parent Relationship": "Outer", 
  "Output": [
   "store_sales.ss_ext_sales_price", 
   "store_sales.ss_sold_date_sk", 
   "item.i_item_id"
  ], 
  "Plan Width": 86, 
  "Total Cost": 26.54
 }, 
 {
  "Filter": "((date_dim.d_year = 1999) AND (date_dim.d_moy = 1))", 
  "Startup Cost": 0.15, 
  "filename": "plans/query56.json", 
  "plan_id": 1186, 
  "Scan Direction": "Forward", 
  "Index Cond": "(date_dim.d_date_sk = store_sales.ss_sold_date_sk)", 
  "Node Type": "Index Scan", 
  "Relation Name": "date_dim", 
  "Alias": "date_dim", 
  "Plan Rows": 1, 
  "Schema": "pg_temp_2", 
  "Parallel Aware": false, 
  "Parent Relationship": "Inner", 
  "Output": [
   "date_dim.d_date_sk", 
   "date_dim.d_date_id", 
   "date_dim.d_date", 
   "date_dim.d_month_seq", 
   "date_dim.d_week_seq", 
   "date_dim.d_quarter_seq", 
   "date_dim.d_year", 
   "date_dim.d_dow", 
   "date_dim.d_moy", 
   "date_dim.d_dom", 
   "date_dim.d_qoy", 
   "date_dim.d_fy_year", 
   "date_dim.d_fy_quarter_seq", 
   "date_dim.d_fy_week_seq", 
   "date_dim.d_day_name", 
   "date_dim.d_quarter_name", 
   "date_dim.d_holiday", 
   "date_dim.d_weekend", 
   "date_dim.d_following_holiday", 
   "date_dim.d_first_dom", 
   "date_dim.d_last_dom", 
   "date_dim.d_same_day_ly", 
   "date_dim.d_same_day_lq", 
   "date_dim.d_current_day", 
   "date_dim.d_current_week", 
   "date_dim.d_current_month", 
   "date_dim.d_current_quarter", 
   "date_dim.d_current_year"
  ], 
  "Index Name": "date_dim_pkey", 
  "Plan Width": 4, 
  "Total Cost": 0.3
 }, 
 {
  "Startup Cost": 11.03, 
  "plan_id": 1177, 
  "Plans": [
   1178, 
   1186
  ], 
  "Plan Rows": 1, 
  "Node Type": "Nested Loop", 
  "Join Type": "Inner", 
  "filename": "plans/query56.json", 
  "Parallel Aware": false, 
  "Parent Relationship": "Outer", 
  "Output": [
   "item.i_item_id", 
   "store_sales.ss_ext_sales_price"
  ], 
  "Plan Width": 82, 
  "Total Cost": 26.85
 }, 
 {
  "Startup Cost": 26.86, 
  "plan_id": 1176, 
  "Plans": [
   1177
  ], 
  "Sort Key": [
   "item.i_item_id"
  ], 
  "Plan Rows": 1, 
  "Node Type": "Sort", 
  "filename": "plans/query56.json", 
  "Parallel Aware": false, 
  "Parent Relationship": "Outer", 
  "Output": [
   "item.i_item_id", 
   "store_sales.ss_ext_sales_price"
  ], 
  "Plan Width": 82, 
  "Total Cost": 26.87
 }, 
 {
  "Relation Name": "item", 
  "Startup Cost": 0.0, 
  "plan_id": 1195, 
  "Node Type": "Seq Scan", 
  "Plan Rows": 3, 
  "Filter": "(item_3.i_color = ANY ('{purple,antique,chiffon}'::bpchar[]))", 
  "Alias": "item_3", 
  "filename": "plans/query56.json", 
  "Schema": "pg_temp_2", 
  "Parallel Aware": false, 
  "Parent Relationship": "Outer", 
  "Output": [
   "item_3.i_item_id"
  ], 
  "Plan Width": 68, 
  "Total Cost": 10.55
 }, 
 {
  "Startup Cost": 0.0, 
  "plan_id": 1193, 
  "Node Type": "Seq Scan", 
  "Plan Rows": 40, 
  "Relation Name": "item", 
  "Alias": "item_2", 
  "filename": "plans/query56.json", 
  "Schema": "pg_temp_2", 
  "Parallel Aware": false, 
  "Parent Relationship": "Outer", 
  "Output": [
   "item_2.i_item_sk", 
   "item_2.i_item_id", 
   "item_2.i_rec_start_date", 
   "item_2.i_rec_end_date", 
   "item_2.i_item_desc", 
   "item_2.i_current_price", 
   "item_2.i_wholesale_cost", 
   "item_2.i_brand_id", 
   "item_2.i_brand", 
   "item_2.i_class_id", 
   "item_2.i_class", 
   "item_2.i_category_id", 
   "item_2.i_category", 
   "item_2.i_manufact_id", 
   "item_2.i_manufact", 
   "item_2.i_size", 
   "item_2.i_formulation", 
   "item_2.i_color", 
   "item_2.i_units", 
   "item_2.i_container", 
   "item_2.i_manager_id", 
   "item_2.i_product_name"
  ], 
  "Plan Width": 72, 
  "Total Cost": 10.4
 }, 
 {
  "Startup Cost": 10.55, 
  "plan_id": 1194, 
  "Plans": [
   1195
  ], 
  "Plan Rows": 3, 
  "Node Type": "Hash", 
  "filename": "plans/query56.json", 
  "Parallel Aware": false, 
  "Parent Relationship": "Inner", 
  "Output": [
   "item_3.i_item_id"
  ], 
  "Plan Width": 68, 
  "Total Cost": 10.55
 }, 
 {
  "Startup Cost": 10.59, 
  "Plan Width": 72, 
  "plan_id": 1192, 
  "Plans": [
   1193, 
   1194
  ], 
  "Plan Rows": 3, 
  "Node Type": "Hash Join", 
  "Join Type": "Semi", 
  "filename": "plans/query56.json", 
  "Parallel Aware": false, 
  "Output": [
   "item_2.i_item_id", 
   "item_2.i_item_sk"
  ], 
  "Hash Cond": "(item_2.i_item_id = item_3.i_item_id)", 
  "Parent Relationship": "Outer", 
  "Total Cost": 21.13
 }, 
 {
  "Startup Cost": 0.15, 
  "filename": "plans/query56.json", 
  "plan_id": 1196, 
  "Scan Direction": "Forward", 
  "Index Cond": "(catalog_sales.cs_item_sk = item_2.i_item_sk)", 
  "Node Type": "Index Scan", 
  "Relation Name": "catalog_sales", 
  "Alias": "catalog_sales", 
  "Plan Rows": 1, 
  "Schema": "pg_temp_2", 
  "Parallel Aware": false, 
  "Parent Relationship": "Inner", 
  "Output": [
   "catalog_sales.cs_sold_date_sk", 
   "catalog_sales.cs_sold_time_sk", 
   "catalog_sales.cs_ship_date_sk", 
   "catalog_sales.cs_bill_customer_sk", 
   "catalog_sales.cs_bill_cdemo_sk", 
   "catalog_sales.cs_bill_hdemo_sk", 
   "catalog_sales.cs_bill_addr_sk", 
   "catalog_sales.cs_ship_customer_sk", 
   "catalog_sales.cs_ship_cdemo_sk", 
   "catalog_sales.cs_ship_hdemo_sk", 
   "catalog_sales.cs_ship_addr_sk", 
   "catalog_sales.cs_call_center_sk", 
   "catalog_sales.cs_catalog_page_sk", 
   "catalog_sales.cs_ship_mode_sk", 
   "catalog_sales.cs_warehouse_sk", 
   "catalog_sales.cs_item_sk", 
   "catalog_sales.cs_promo_sk", 
   "catalog_sales.cs_order_number", 
   "catalog_sales.cs_quantity", 
   "catalog_sales.cs_wholesale_cost", 
   "catalog_sales.cs_list_price", 
   "catalog_sales.cs_sales_price", 
   "catalog_sales.cs_ext_discount_amt", 
   "catalog_sales.cs_ext_sales_price", 
   "catalog_sales.cs_ext_wholesale_cost", 
   "catalog_sales.cs_ext_list_price", 
   "catalog_sales.cs_ext_tax", 
   "catalog_sales.cs_coupon_amt", 
   "catalog_sales.cs_ext_ship_cost", 
   "catalog_sales.cs_net_paid", 
   "catalog_sales.cs_net_paid_inc_tax", 
   "catalog_sales.cs_net_paid_inc_ship", 
   "catalog_sales.cs_net_paid_inc_ship_tax", 
   "catalog_sales.cs_net_profit"
  ], 
  "Index Name": "catalog_sales_pkey", 
  "Plan Width": 26, 
  "Total Cost": 1.26
 }, 
 {
  "Startup Cost": 10.74, 
  "plan_id": 1191, 
  "Plans": [
   1192, 
   1196
  ], 
  "Plan Rows": 4, 
  "Node Type": "Nested Loop", 
  "Join Type": "Inner", 
  "filename": "plans/query56.json", 
  "Parallel Aware": false, 
  "Parent Relationship": "Outer", 
  "Output": [
   "catalog_sales.cs_ext_sales_price", 
   "catalog_sales.cs_sold_date_sk", 
   "catalog_sales.cs_bill_addr_sk", 
   "item_2.i_item_id"
  ], 
  "Plan Width": 90, 
  "Total Cost": 24.95
 }, 
 {
  "Filter": "(customer_address_1.ca_gmt_offset = '-6'::numeric)", 
  "Startup Cost": 0.14, 
  "filename": "plans/query56.json", 
  "plan_id": 1197, 
  "Scan Direction": "Forward", 
  "Index Cond": "(customer_address_1.ca_address_sk = catalog_sales.cs_bill_addr_sk)", 
  "Node Type": "Index Scan", 
  "Relation Name": "customer_address", 
  "Alias": "customer_address_1", 
  "Plan Rows": 1, 
  "Schema": "pg_temp_2", 
  "Parallel Aware": false, 
  "Parent Relationship": "Inner", 
  "Output": [
   "customer_address_1.ca_address_sk", 
   "customer_address_1.ca_address_id", 
   "customer_address_1.ca_street_number", 
   "customer_address_1.ca_street_name", 
   "customer_address_1.ca_street_type", 
   "customer_address_1.ca_suite_number", 
   "customer_address_1.ca_city", 
   "customer_address_1.ca_county", 
   "customer_address_1.ca_state", 
   "customer_address_1.ca_zip", 
   "customer_address_1.ca_country", 
   "customer_address_1.ca_gmt_offset", 
   "customer_address_1.ca_location_type"
  ], 
  "Index Name": "customer_address_pkey", 
  "Plan Width": 4, 
  "Total Cost": 0.33
 }, 
 {
  "Startup Cost": 10.88, 
  "plan_id": 1190, 
  "Plans": [
   1191, 
   1197
  ], 
  "Plan Rows": 1, 
  "Node Type": "Nested Loop", 
  "Join Type": "Inner", 
  "filename": "plans/query56.json", 
  "Parallel Aware": false, 
  "Parent Relationship": "Outer", 
  "Output": [
   "catalog_sales.cs_ext_sales_price", 
   "catalog_sales.cs_sold_date_sk", 
   "item_2.i_item_id"
  ], 
  "Plan Width": 86, 
  "Total Cost": 26.32
 }, 
 {
  "Filter": "((date_dim_1.d_year = 1999) AND (date_dim_1.d_moy = 1))", 
  "Startup Cost": 0.15, 
  "filename": "plans/query56.json", 
  "plan_id": 1198, 
  "Scan Direction": "Forward", 
  "Index Cond": "(date_dim_1.d_date_sk = catalog_sales.cs_sold_date_sk)", 
  "Node Type": "Index Scan", 
  "Relation Name": "date_dim", 
  "Alias": "date_dim_1", 
  "Plan Rows": 1, 
  "Schema": "pg_temp_2", 
  "Parallel Aware": false, 
  "Parent Relationship": "Inner", 
  "Output": [
   "date_dim_1.d_date_sk", 
   "date_dim_1.d_date_id", 
   "date_dim_1.d_date", 
   "date_dim_1.d_month_seq", 
   "date_dim_1.d_week_seq", 
   "date_dim_1.d_quarter_seq", 
   "date_dim_1.d_year", 
   "date_dim_1.d_dow", 
   "date_dim_1.d_moy", 
   "date_dim_1.d_dom", 
   "date_dim_1.d_qoy", 
   "date_dim_1.d_fy_year", 
   "date_dim_1.d_fy_quarter_seq", 
   "date_dim_1.d_fy_week_seq", 
   "date_dim_1.d_day_name", 
   "date_dim_1.d_quarter_name", 
   "date_dim_1.d_holiday", 
   "date_dim_1.d_weekend", 
   "date_dim_1.d_following_holiday", 
   "date_dim_1.d_first_dom", 
   "date_dim_1.d_last_dom", 
   "date_dim_1.d_same_day_ly", 
   "date_dim_1.d_same_day_lq", 
   "date_dim_1.d_current_day", 
   "date_dim_1.d_current_week", 
   "date_dim_1.d_current_month", 
   "date_dim_1.d_current_quarter", 
   "date_dim_1.d_current_year"
  ], 
  "Index Name": "date_dim_pkey", 
  "Plan Width": 4, 
  "Total Cost": 0.34
 }, 
 {
  "Startup Cost": 11.03, 
  "plan_id": 1189, 
  "Plans": [
   1190, 
   1198
  ], 
  "Plan Rows": 1, 
  "Node Type": "Nested Loop", 
  "Join Type": "Inner", 
  "filename": "plans/query56.json", 
  "Parallel Aware": false, 
  "Parent Relationship": "Outer", 
  "Output": [
   "item_2.i_item_id", 
   "catalog_sales.cs_ext_sales_price"
  ], 
  "Plan Width": 82, 
  "Total Cost": 26.67
 }, 
 {
  "Startup Cost": 26.68, 
  "plan_id": 1188, 
  "Plans": [
   1189
  ], 
  "Sort Key": [
   "item_2.i_item_id"
  ], 
  "Plan Rows": 1, 
  "Node Type": "Sort", 
  "filename": "plans/query56.json", 
  "Parallel Aware": false, 
  "Parent Relationship": "Outer", 
  "Output": [
   "item_2.i_item_id", 
   "catalog_sales.cs_ext_sales_price"
  ], 
  "Plan Width": 82, 
  "Total Cost": 26.68
 }, 
 {
  "Relation Name": "item", 
  "Startup Cost": 0.0, 
  "plan_id": 1207, 
  "Node Type": "Seq Scan", 
  "Plan Rows": 3, 
  "Filter": "(item_5.i_color = ANY ('{purple,antique,chiffon}'::bpchar[]))", 
  "Alias": "item_5", 
  "filename": "plans/query56.json", 
  "Schema": "pg_temp_2", 
  "Parallel Aware": false, 
  "Parent Relationship": "Outer", 
  "Output": [
   "item_5.i_item_id"
  ], 
  "Plan Width": 68, 
  "Total Cost": 10.55
 }, 
 {
  "Startup Cost": 0.0, 
  "plan_id": 1205, 
  "Node Type": "Seq Scan", 
  "Plan Rows": 40, 
  "Relation Name": "item", 
  "Alias": "item_4", 
  "filename": "plans/query56.json", 
  "Schema": "pg_temp_2", 
  "Parallel Aware": false, 
  "Parent Relationship": "Outer", 
  "Output": [
   "item_4.i_item_sk", 
   "item_4.i_item_id", 
   "item_4.i_rec_start_date", 
   "item_4.i_rec_end_date", 
   "item_4.i_item_desc", 
   "item_4.i_current_price", 
   "item_4.i_wholesale_cost", 
   "item_4.i_brand_id", 
   "item_4.i_brand", 
   "item_4.i_class_id", 
   "item_4.i_class", 
   "item_4.i_category_id", 
   "item_4.i_category", 
   "item_4.i_manufact_id", 
   "item_4.i_manufact", 
   "item_4.i_size", 
   "item_4.i_formulation", 
   "item_4.i_color", 
   "item_4.i_units", 
   "item_4.i_container", 
   "item_4.i_manager_id", 
   "item_4.i_product_name"
  ], 
  "Plan Width": 72, 
  "Total Cost": 10.4
 }, 
 {
  "Startup Cost": 10.55, 
  "plan_id": 1206, 
  "Plans": [
   1207
  ], 
  "Plan Rows": 3, 
  "Node Type": "Hash", 
  "filename": "plans/query56.json", 
  "Parallel Aware": false, 
  "Parent Relationship": "Inner", 
  "Output": [
   "item_5.i_item_id"
  ], 
  "Plan Width": 68, 
  "Total Cost": 10.55
 }, 
 {
  "Startup Cost": 10.59, 
  "Plan Width": 72, 
  "plan_id": 1204, 
  "Plans": [
   1205, 
   1206
  ], 
  "Plan Rows": 3, 
  "Node Type": "Hash Join", 
  "Join Type": "Semi", 
  "filename": "plans/query56.json", 
  "Parallel Aware": false, 
  "Output": [
   "item_4.i_item_id", 
   "item_4.i_item_sk"
  ], 
  "Hash Cond": "(item_4.i_item_id = item_5.i_item_id)", 
  "Parent Relationship": "Outer", 
  "Total Cost": 21.13
 }, 
 {
  "Startup Cost": 0.15, 
  "filename": "plans/query56.json", 
  "plan_id": 1208, 
  "Scan Direction": "Forward", 
  "Index Cond": "(web_sales.ws_item_sk = item_4.i_item_sk)", 
  "Node Type": "Index Scan", 
  "Relation Name": "web_sales", 
  "Alias": "web_sales", 
  "Plan Rows": 1, 
  "Schema": "pg_temp_2", 
  "Parallel Aware": false, 
  "Parent Relationship": "Inner", 
  "Output": [
   "web_sales.ws_sold_date_sk", 
   "web_sales.ws_sold_time_sk", 
   "web_sales.ws_ship_date_sk", 
   "web_sales.ws_item_sk", 
   "web_sales.ws_bill_customer_sk", 
   "web_sales.ws_bill_cdemo_sk", 
   "web_sales.ws_bill_hdemo_sk", 
   "web_sales.ws_bill_addr_sk", 
   "web_sales.ws_ship_customer_sk", 
   "web_sales.ws_ship_cdemo_sk", 
   "web_sales.ws_ship_hdemo_sk", 
   "web_sales.ws_ship_addr_sk", 
   "web_sales.ws_web_page_sk", 
   "web_sales.ws_web_site_sk", 
   "web_sales.ws_ship_mode_sk", 
   "web_sales.ws_warehouse_sk", 
   "web_sales.ws_promo_sk", 
   "web_sales.ws_order_number", 
   "web_sales.ws_quantity", 
   "web_sales.ws_wholesale_cost", 
   "web_sales.ws_list_price", 
   "web_sales.ws_sales_price", 
   "web_sales.ws_ext_discount_amt", 
   "web_sales.ws_ext_sales_price", 
   "web_sales.ws_ext_wholesale_cost", 
   "web_sales.ws_ext_list_price", 
   "web_sales.ws_ext_tax", 
   "web_sales.ws_coupon_amt", 
   "web_sales.ws_ext_ship_cost", 
   "web_sales.ws_net_paid", 
   "web_sales.ws_net_paid_inc_tax", 
   "web_sales.ws_net_paid_inc_ship", 
   "web_sales.ws_net_paid_inc_ship_tax", 
   "web_sales.ws_net_profit"
  ], 
  "Index Name": "web_sales_pkey", 
  "Plan Width": 26, 
  "Total Cost": 1.26
 }, 
 {
  "Startup Cost": 10.74, 
  "plan_id": 1203, 
  "Plans": [
   1204, 
   1208
  ], 
  "Plan Rows": 4, 
  "Node Type": "Nested Loop", 
  "Join Type": "Inner", 
  "filename": "plans/query56.json", 
  "Parallel Aware": false, 
  "Parent Relationship": "Outer", 
  "Output": [
   "web_sales.ws_ext_sales_price", 
   "web_sales.ws_sold_date_sk", 
   "web_sales.ws_bill_addr_sk", 
   "item_4.i_item_id"
  ], 
  "Plan Width": 90, 
  "Total Cost": 24.95
 }, 
 {
  "Filter": "(customer_address_2.ca_gmt_offset = '-6'::numeric)", 
  "Startup Cost": 0.14, 
  "filename": "plans/query56.json", 
  "plan_id": 1209, 
  "Scan Direction": "Forward", 
  "Index Cond": "(customer_address_2.ca_address_sk = web_sales.ws_bill_addr_sk)", 
  "Node Type": "Index Scan", 
  "Relation Name": "customer_address", 
  "Alias": "customer_address_2", 
  "Plan Rows": 1, 
  "Schema": "pg_temp_2", 
  "Parallel Aware": false, 
  "Parent Relationship": "Inner", 
  "Output": [
   "customer_address_2.ca_address_sk", 
   "customer_address_2.ca_address_id", 
   "customer_address_2.ca_street_number", 
   "customer_address_2.ca_street_name", 
   "customer_address_2.ca_street_type", 
   "customer_address_2.ca_suite_number", 
   "customer_address_2.ca_city", 
   "customer_address_2.ca_county", 
   "customer_address_2.ca_state", 
   "customer_address_2.ca_zip", 
   "customer_address_2.ca_country", 
   "customer_address_2.ca_gmt_offset", 
   "customer_address_2.ca_location_type"
  ], 
  "Index Name": "customer_address_pkey", 
  "Plan Width": 4, 
  "Total Cost": 0.33
 }, 
 {
  "Startup Cost": 10.88, 
  "plan_id": 1202, 
  "Plans": [
   1203, 
   1209
  ], 
  "Plan Rows": 1, 
  "Node Type": "Nested Loop", 
  "Join Type": "Inner", 
  "filename": "plans/query56.json", 
  "Parallel Aware": false, 
  "Parent Relationship": "Outer", 
  "Output": [
   "web_sales.ws_ext_sales_price", 
   "web_sales.ws_sold_date_sk", 
   "item_4.i_item_id"
  ], 
  "Plan Width": 86, 
  "Total Cost": 26.32
 }, 
 {
  "Filter": "((date_dim_2.d_year = 1999) AND (date_dim_2.d_moy = 1))", 
  "Startup Cost": 0.15, 
  "filename": "plans/query56.json", 
  "plan_id": 1210, 
  "Scan Direction": "Forward", 
  "Index Cond": "(date_dim_2.d_date_sk = web_sales.ws_sold_date_sk)", 
  "Node Type": "Index Scan", 
  "Relation Name": "date_dim", 
  "Alias": "date_dim_2", 
  "Plan Rows": 1, 
  "Schema": "pg_temp_2", 
  "Parallel Aware": false, 
  "Parent Relationship": "Inner", 
  "Output": [
   "date_dim_2.d_date_sk", 
   "date_dim_2.d_date_id", 
   "date_dim_2.d_date", 
   "date_dim_2.d_month_seq", 
   "date_dim_2.d_week_seq", 
   "date_dim_2.d_quarter_seq", 
   "date_dim_2.d_year", 
   "date_dim_2.d_dow", 
   "date_dim_2.d_moy", 
   "date_dim_2.d_dom", 
   "date_dim_2.d_qoy", 
   "date_dim_2.d_fy_year", 
   "date_dim_2.d_fy_quarter_seq", 
   "date_dim_2.d_fy_week_seq", 
   "date_dim_2.d_day_name", 
   "date_dim_2.d_quarter_name", 
   "date_dim_2.d_holiday", 
   "date_dim_2.d_weekend", 
   "date_dim_2.d_following_holiday", 
   "date_dim_2.d_first_dom", 
   "date_dim_2.d_last_dom", 
   "date_dim_2.d_same_day_ly", 
   "date_dim_2.d_same_day_lq", 
   "date_dim_2.d_current_day", 
   "date_dim_2.d_current_week", 
   "date_dim_2.d_current_month", 
   "date_dim_2.d_current_quarter", 
   "date_dim_2.d_current_year"
  ], 
  "Index Name": "date_dim_pkey", 
  "Plan Width": 4, 
  "Total Cost": 0.34
 }, 
 {
  "Startup Cost": 11.03, 
  "plan_id": 1201, 
  "Plans": [
   1202, 
   1210
  ], 
  "Plan Rows": 1, 
  "Node Type": "Nested Loop", 
  "Join Type": "Inner", 
  "filename": "plans/query56.json", 
  "Parallel Aware": false, 
  "Parent Relationship": "Outer", 
  "Output": [
   "item_4.i_item_id", 
   "web_sales.ws_ext_sales_price"
  ], 
  "Plan Width": 82, 
  "Total Cost": 26.67
 }, 
 {
  "Startup Cost": 26.68, 
  "plan_id": 1200, 
  "Plans": [
   1201
  ], 
  "Sort Key": [
   "item_4.i_item_id"
  ], 
  "Plan Rows": 1, 
  "Node Type": "Sort", 
  "filename": "plans/query56.json", 
  "Parallel Aware": false, 
  "Parent Relationship": "Outer", 
  "Output": [
   "item_4.i_item_id", 
   "web_sales.ws_ext_sales_price"
  ], 
  "Plan Width": 82, 
  "Total Cost": 26.68
 }, 
 {
  "Startup Cost": 0.0, 
  "plan_id": 1214, 
  "CTE Name": "ss", 
  "Node Type": "CTE Scan", 
  "Plan Rows": 1, 
  "Alias": "ss", 
  "filename": "plans/query56.json", 
  "Parallel Aware": false, 
  "Parent Relationship": "Member", 
  "Output": [
   "ss.i_item_id", 
   "ss.total_sales"
  ], 
  "Plan Width": 100, 
  "Total Cost": 0.02
 }, 
 {
  "Startup Cost": 0.0, 
  "plan_id": 1215, 
  "CTE Name": "cs", 
  "Node Type": "CTE Scan", 
  "Plan Rows": 1, 
  "Alias": "cs", 
  "filename": "plans/query56.json", 
  "Parallel Aware": false, 
  "Parent Relationship": "Member", 
  "Output": [
   "cs.i_item_id", 
   "cs.total_sales"
  ], 
  "Plan Width": 100, 
  "Total Cost": 0.02
 }, 
 {
  "Startup Cost": 0.0, 
  "plan_id": 1216, 
  "CTE Name": "ws", 
  "Node Type": "CTE Scan", 
  "Plan Rows": 1, 
  "Alias": "ws", 
  "filename": "plans/query56.json", 
  "Parallel Aware": false, 
  "Parent Relationship": "Member", 
  "Output": [
   "ws.i_item_id", 
   "ws.total_sales"
  ], 
  "Plan Width": 100, 
  "Total Cost": 0.02
 }, 
 {
  "Startup Cost": 0.0, 
  "plan_id": 1213, 
  "Plans": [
   1214, 
   1215, 
   1216
  ], 
  "Plan Rows": 3, 
  "Node Type": "Append", 
  "filename": "plans/query56.json", 
  "Parallel Aware": false, 
  "Parent Relationship": "Outer", 
  "Plan Width": 100, 
  "Total Cost": 0.06
 }, 
 {
  "Partial Mode": "Simple", 
  "Startup Cost": 0.08, 
  "Plan Width": 100, 
  "plan_id": 1212, 
  "Plans": [
   1213
  ], 
  "filename": "plans/query56.json", 
  "Node Type": "Aggregate", 
  "Strategy": "Hashed", 
  "Plan Rows": 3, 
  "Parallel Aware": false, 
  "Output": [
   "ss.i_item_id", 
   "sum(ss.total_sales)"
  ], 
  "Group Key": [
   "ss.i_item_id"
  ], 
  "Parent Relationship": "Outer", 
  "Total Cost": 0.11
 }, 
 {
  "Partial Mode": "Simple", 
  "Startup Cost": 26.86, 
  "Plan Width": 100, 
  "plan_id": 1175, 
  "Plans": [
   1176
  ], 
  "filename": "plans/query56.json", 
  "Node Type": "Aggregate", 
  "Strategy": "Sorted", 
  "Plan Rows": 1, 
  "Parallel Aware": false, 
  "Output": [
   "item.i_item_id", 
   "sum(store_sales.ss_ext_sales_price)"
  ], 
  "Group Key": [
   "item.i_item_id"
  ], 
  "Parent Relationship": "InitPlan", 
  "Subplan Name": "CTE ss", 
  "Total Cost": 26.88
 }, 
 {
  "Partial Mode": "Simple", 
  "Startup Cost": 26.68, 
  "Plan Width": 100, 
  "plan_id": 1187, 
  "Plans": [
   1188
  ], 
  "filename": "plans/query56.json", 
  "Node Type": "Aggregate", 
  "Strategy": "Sorted", 
  "Plan Rows": 1, 
  "Parallel Aware": false, 
  "Output": [
   "item_2.i_item_id", 
   "sum(catalog_sales.cs_ext_sales_price)"
  ], 
  "Group Key": [
   "item_2.i_item_id"
  ], 
  "Parent Relationship": "InitPlan", 
  "Subplan Name": "CTE cs", 
  "Total Cost": 26.7
 }, 
 {
  "Partial Mode": "Simple", 
  "Startup Cost": 26.68, 
  "Plan Width": 100, 
  "plan_id": 1199, 
  "Plans": [
   1200
  ], 
  "filename": "plans/query56.json", 
  "Node Type": "Aggregate", 
  "Strategy": "Sorted", 
  "Plan Rows": 1, 
  "Parallel Aware": false, 
  "Output": [
   "item_4.i_item_id", 
   "sum(web_sales.ws_ext_sales_price)"
  ], 
  "Group Key": [
   "item_4.i_item_id"
  ], 
  "Parent Relationship": "InitPlan", 
  "Subplan Name": "CTE ws", 
  "Total Cost": 26.7
 }, 
 {
  "Startup Cost": 0.14, 
  "plan_id": 1211, 
  "Plans": [
   1212
  ], 
  "Sort Key": [
   "(sum(ss.total_sales))"
  ], 
  "Plan Rows": 3, 
  "Node Type": "Sort", 
  "filename": "plans/query56.json", 
  "Parallel Aware": false, 
  "Parent Relationship": "Outer", 
  "Output": [
   "ss.i_item_id", 
   "(sum(ss.total_sales))"
  ], 
  "Plan Width": 100, 
  "Total Cost": 0.14
 }, 
 {
  "Startup Cost": 80.42, 
  "plan_id": 1174, 
  "Plans": [
   1175, 
   1187, 
   1199, 
   1211
  ], 
  "Plan Rows": 3, 
  "Node Type": "Limit", 
  "filename": "plans/query56.json", 
  "Parallel Aware": false, 
  "Output": [
   "ss.i_item_id", 
   "(sum(ss.total_sales))"
  ], 
  "Plan Width": 100, 
  "Total Cost": 80.43
 }, 
 {
  "Relation Name": "date_dim", 
  "Startup Cost": 0.0, 
  "plan_id": 1227, 
  "Node Type": "Seq Scan", 
  "Plan Rows": 1, 
  "Filter": "((date_dim.d_year = 1999) OR ((date_dim.d_year = 1998) AND (date_dim.d_moy = 12)) OR ((date_dim.d_year = 2000) AND (date_dim.d_moy = 1)))", 
  "Alias": "date_dim", 
  "filename": "plans/query57.json", 
  "Schema": "pg_temp_2", 
  "Parallel Aware": false, 
  "Parent Relationship": "Outer", 
  "Output": [
   "date_dim.d_year", 
   "date_dim.d_moy", 
   "date_dim.d_date_sk"
  ], 
  "Plan Width": 12, 
  "Total Cost": 16.07
 }, 
 {
  "Startup Cost": 0.0, 
  "plan_id": 1225, 
  "Node Type": "Seq Scan", 
  "Plan Rows": 260, 
  "Relation Name": "catalog_sales", 
  "Alias": "catalog_sales", 
  "filename": "plans/query57.json", 
  "Schema": "pg_temp_2", 
  "Parallel Aware": false, 
  "Parent Relationship": "Outer", 
  "Output": [
   "catalog_sales.cs_sold_date_sk", 
   "catalog_sales.cs_sold_time_sk", 
   "catalog_sales.cs_ship_date_sk", 
   "catalog_sales.cs_bill_customer_sk", 
   "catalog_sales.cs_bill_cdemo_sk", 
   "catalog_sales.cs_bill_hdemo_sk", 
   "catalog_sales.cs_bill_addr_sk", 
   "catalog_sales.cs_ship_customer_sk", 
   "catalog_sales.cs_ship_cdemo_sk", 
   "catalog_sales.cs_ship_hdemo_sk", 
   "catalog_sales.cs_ship_addr_sk", 
   "catalog_sales.cs_call_center_sk", 
   "catalog_sales.cs_catalog_page_sk", 
   "catalog_sales.cs_ship_mode_sk", 
   "catalog_sales.cs_warehouse_sk", 
   "catalog_sales.cs_item_sk", 
   "catalog_sales.cs_promo_sk", 
   "catalog_sales.cs_order_number", 
   "catalog_sales.cs_quantity", 
   "catalog_sales.cs_wholesale_cost", 
   "catalog_sales.cs_list_price", 
   "catalog_sales.cs_sales_price", 
   "catalog_sales.cs_ext_discount_amt", 
   "catalog_sales.cs_ext_sales_price", 
   "catalog_sales.cs_ext_wholesale_cost", 
   "catalog_sales.cs_ext_list_price", 
   "catalog_sales.cs_ext_tax", 
   "catalog_sales.cs_coupon_amt", 
   "catalog_sales.cs_ext_ship_cost", 
   "catalog_sales.cs_net_paid", 
   "catalog_sales.cs_net_paid_inc_tax", 
   "catalog_sales.cs_net_paid_inc_ship", 
   "catalog_sales.cs_net_paid_inc_ship_tax", 
   "catalog_sales.cs_net_profit"
  ], 
  "Plan Width": 26, 
  "Total Cost": 12.6
 }, 
 {
  "Startup Cost": 16.07, 
  "plan_id": 1226, 
  "Plans": [
   1227
  ], 
  "Plan Rows": 1, 
  "Node Type": "Hash", 
  "filename": "plans/query57.json", 
  "Parallel Aware": false, 
  "Parent Relationship": "Inner", 
  "Output": [
   "date_dim.d_year", 
   "date_dim.d_moy", 
   "date_dim.d_date_sk"
  ], 
  "Plan Width": 12, 
  "Total Cost": 16.07
 }, 
 {
  "Startup Cost": 16.09, 
  "Plan Width": 30, 
  "plan_id": 1224, 
  "Plans": [
   1225, 
   1226
  ], 
  "Plan Rows": 1, 
  "Node Type": "Hash Join", 
  "Join Type": "Inner", 
  "filename": "plans/query57.json", 
  "Parallel Aware": false, 
  "Output": [
   "catalog_sales.cs_sales_price", 
   "catalog_sales.cs_item_sk", 
   "catalog_sales.cs_call_center_sk", 
   "date_dim.d_year", 
   "date_dim.d_moy"
  ], 
  "Hash Cond": "(catalog_sales.cs_sold_date_sk = date_dim.d_date_sk)", 
  "Parent Relationship": "Outer", 
  "Total Cost": 29.67
 }, 
 {
  "Startup Cost": 0.14, 
  "filename": "plans/query57.json", 
  "plan_id": 1228, 
  "Scan Direction": "Forward", 
  "Index Cond": "(item.i_item_sk = catalog_sales.cs_item_sk)", 
  "Node Type": "Index Scan", 
  "Relation Name": "item", 
  "Alias": "item", 
  "Plan Rows": 1, 
  "Schema": "pg_temp_2", 
  "Parallel Aware": false, 
  "Parent Relationship": "Inner", 
  "Output": [
   "item.i_item_sk", 
   "item.i_item_id", 
   "item.i_rec_start_date", 
   "item.i_rec_end_date", 
   "item.i_item_desc", 
   "item.i_current_price", 
   "item.i_wholesale_cost", 
   "item.i_brand_id", 
   "item.i_brand", 
   "item.i_class_id", 
   "item.i_class", 
   "item.i_category_id", 
   "item.i_category", 
   "item.i_manufact_id", 
   "item.i_manufact", 
   "item.i_size", 
   "item.i_formulation", 
   "item.i_color", 
   "item.i_units", 
   "item.i_container", 
   "item.i_manager_id", 
   "item.i_product_name"
  ], 
  "Index Name": "item_pkey", 
  "Plan Width": 412, 
  "Total Cost": 0.33
 }, 
 {
  "Startup Cost": 16.23, 
  "plan_id": 1223, 
  "Plans": [
   1224, 
   1228
  ], 
  "Plan Rows": 1, 
  "Node Type": "Nested Loop", 
  "Join Type": "Inner", 
  "filename": "plans/query57.json", 
  "Parallel Aware": false, 
  "Parent Relationship": "Outer", 
  "Output": [
   "item.i_category", 
   "item.i_brand", 
   "catalog_sales.cs_sales_price", 
   "catalog_sales.cs_call_center_sk", 
   "date_dim.d_year", 
   "date_dim.d_moy"
  ], 
  "Plan Width": 434, 
  "Total Cost": 30.01
 }, 
 {
  "Startup Cost": 0.14, 
  "filename": "plans/query57.json", 
  "plan_id": 1229, 
  "Scan Direction": "Forward", 
  "Index Cond": "(call_center.cc_call_center_sk = catalog_sales.cs_call_center_sk)", 
  "Node Type": "Index Scan", 
  "Relation Name": "call_center", 
  "Alias": "call_center", 
  "Plan Rows": 1, 
  "Schema": "pg_temp_2", 
  "Parallel Aware": false, 
  "Parent Relationship": "Inner", 
  "Output": [
   "call_center.cc_call_center_sk", 
   "call_center.cc_call_center_id", 
   "call_center.cc_rec_start_date", 
   "call_center.cc_rec_end_date", 
   "call_center.cc_closed_date_sk", 
   "call_center.cc_open_date_sk", 
   "call_center.cc_name", 
   "call_center.cc_class", 
   "call_center.cc_employees", 
   "call_center.cc_sq_ft", 
   "call_center.cc_hours", 
   "call_center.cc_manager", 
   "call_center.cc_mkt_id", 
   "call_center.cc_mkt_class", 
   "call_center.cc_mkt_desc", 
   "call_center.cc_market_manager", 
   "call_center.cc_division", 
   "call_center.cc_division_name", 
   "call_center.cc_company", 
   "call_center.cc_company_name", 
   "call_center.cc_street_number", 
   "call_center.cc_street_name", 
   "call_center.cc_street_type", 
   "call_center.cc_suite_number", 
   "call_center.cc_city", 
   "call_center.cc_county", 
   "call_center.cc_state", 
   "call_center.cc_zip", 
   "call_center.cc_country", 
   "call_center.cc_gmt_offset", 
   "call_center.cc_tax_percentage"
  ], 
  "Index Name": "call_center_pkey", 
  "Plan Width": 122, 
  "Total Cost": 0.33
 }, 
 {
  "Startup Cost": 16.37, 
  "plan_id": 1222, 
  "Plans": [
   1223, 
   1229
  ], 
  "Plan Rows": 1, 
  "Node Type": "Nested Loop", 
  "Join Type": "Inner", 
  "filename": "plans/query57.json", 
  "Parallel Aware": false, 
  "Parent Relationship": "Outer", 
  "Output": [
   "item.i_category", 
   "item.i_brand", 
   "call_center.cc_name", 
   "date_dim.d_year", 
   "date_dim.d_moy", 
   "catalog_sales.cs_sales_price"
  ], 
  "Plan Width": 548, 
  "Total Cost": 30.35
 }, 
 {
  "Startup Cost": 30.36, 
  "plan_id": 1221, 
  "Plans": [
   1222
  ], 
  "Sort Key": [
   "item.i_category", 
   "item.i_brand", 
   "call_center.cc_name", 
   "date_dim.d_year", 
   "date_dim.d_moy"
  ], 
  "Plan Rows": 1, 
  "Node Type": "Sort", 
  "filename": "plans/query57.json", 
  "Parallel Aware": false, 
  "Parent Relationship": "Outer", 
  "Output": [
   "item.i_category", 
   "item.i_brand", 
   "call_center.cc_name", 
   "date_dim.d_year", 
   "date_dim.d_moy", 
   "catalog_sales.cs_sales_price"
  ], 
  "Plan Width": 548, 
  "Total Cost": 30.36
 }, 
 {
  "Partial Mode": "Simple", 
  "Startup Cost": 30.36, 
  "Plan Width": 566, 
  "plan_id": 1220, 
  "Plans": [
   1221
  ], 
  "filename": "plans/query57.json", 
  "Node Type": "Aggregate", 
  "Strategy": "Sorted", 
  "Plan Rows": 1, 
  "Parallel Aware": false, 
  "Output": [
   "item.i_category", 
   "item.i_brand", 
   "call_center.cc_name", 
   "date_dim.d_year", 
   "date_dim.d_moy", 
   "sum(catalog_sales.cs_sales_price)"
  ], 
  "Group Key": [
   "item.i_category", 
   "item.i_brand", 
   "call_center.cc_name", 
   "date_dim.d_year", 
   "date_dim.d_moy"
  ], 
  "Parent Relationship": "Outer", 
  "Total Cost": 30.39
 }, 
 {
  "Startup Cost": 30.36, 
  "plan_id": 1219, 
  "Plans": [
   1220
  ], 
  "Plan Rows": 1, 
  "Node Type": "WindowAgg", 
  "filename": "plans/query57.json", 
  "Parallel Aware": false, 
  "Parent Relationship": "Outer", 
  "Output": [
   "item.i_category", 
   "item.i_brand", 
   "call_center.cc_name", 
   "date_dim.d_year", 
   "date_dim.d_moy", 
   "(sum(catalog_sales.cs_sales_price))", 
   "avg((sum(catalog_sales.cs_sales_price))) OVER (?)"
  ], 
  "Plan Width": 598, 
  "Total Cost": 30.42
 }, 
 {
  "Startup Cost": 0.0, 
  "plan_id": 1232, 
  "CTE Name": "v1", 
  "Node Type": "CTE Scan", 
  "Plan Rows": 1, 
  "Alias": "v1", 
  "filename": "plans/query57.json", 
  "Parallel Aware": false, 
  "Parent Relationship": "Outer", 
  "Output": [
   "v1.i_category", 
   "v1.i_brand", 
   "v1.cc_name", 
   "v1.d_year", 
   "v1.d_moy", 
   "v1.sum_sales", 
   "v1.avg_monthly_sales", 
   "v1.rn"
  ], 
  "Plan Width": 606, 
  "Total Cost": 0.02
 }, 
 {
  "Startup Cost": 0.0, 
  "plan_id": 1233, 
  "CTE Name": "v1", 
  "Node Type": "CTE Scan", 
  "Plan Rows": 1, 
  "Alias": "v1_lag", 
  "filename": "plans/query57.json", 
  "Parallel Aware": false, 
  "Parent Relationship": "Inner", 
  "Output": [
   "v1_lag.i_category", 
   "v1_lag.i_brand", 
   "v1_lag.cc_name", 
   "v1_lag.d_year", 
   "v1_lag.d_moy", 
   "v1_lag.sum_sales", 
   "v1_lag.avg_monthly_sales", 
   "v1_lag.rn"
  ], 
  "Plan Width": 566, 
  "Total Cost": 0.02
 }, 
 {
  "Startup Cost": 0.0, 
  "plan_id": 1231, 
  "Plans": [
   1232, 
   1233
  ], 
  "Plan Rows": 1, 
  "Node Type": "Nested Loop", 
  "Join Type": "Inner", 
  "filename": "plans/query57.json", 
  "Parallel Aware": false, 
  "Parent Relationship": "Outer", 
  "Output": [
   "v1.i_category", 
   "v1.i_brand", 
   "v1.cc_name", 
   "v1.d_year", 
   "v1.d_moy", 
   "v1.avg_monthly_sales", 
   "v1.sum_sales", 
   "v1.rn", 
   "v1_lag.sum_sales", 
   "v1_lag.i_category", 
   "v1_lag.i_brand", 
   "v1_lag.cc_name", 
   "v1_lag.rn"
  ], 
  "Plan Width": 1172, 
  "Join Filter": "((v1.i_category = v1_lag.i_category) AND (v1.i_brand = v1_lag.i_brand) AND ((v1.cc_name)::text = (v1_lag.cc_name)::text) AND (v1.rn = (v1_lag.rn + 1)))", 
  "Total Cost": 0.06
 }, 
 {
  "Startup Cost": 0.0, 
  "plan_id": 1234, 
  "CTE Name": "v1", 
  "Node Type": "CTE Scan", 
  "Plan Rows": 1, 
  "Alias": "v1_lead", 
  "filename": "plans/query57.json", 
  "Parallel Aware": false, 
  "Parent Relationship": "Inner", 
  "Output": [
   "v1_lead.i_category", 
   "v1_lead.i_brand", 
   "v1_lead.cc_name", 
   "v1_lead.d_year", 
   "v1_lead.d_moy", 
   "v1_lead.sum_sales", 
   "v1_lead.avg_monthly_sales", 
   "v1_lead.rn"
  ], 
  "Plan Width": 566, 
  "Total Cost": 0.02
 }, 
 {
  "Startup Cost": 0.0, 
  "plan_id": 1236, 
  "CTE Name": "v2", 
  "Node Type": "CTE Scan", 
  "Plan Rows": 1, 
  "Filter": "((v2.avg_monthly_sales > '0'::numeric) AND (v2.d_year = 1999) AND (CASE WHEN (v2.avg_monthly_sales > '0'::numeric) THEN (abs((v2.sum_sales - v2.avg_monthly_sales)) / v2.avg_monthly_sales) ELSE NULL::numeric END > 0.1))", 
  "Alias": "v2", 
  "filename": "plans/query57.json", 
  "Parallel Aware": false, 
  "Parent Relationship": "Outer", 
  "Output": [
   "v2.i_category", 
   "v2.i_brand", 
   "v2.cc_name", 
   "v2.d_year", 
   "v2.d_moy", 
   "v2.avg_monthly_sales", 
   "v2.sum_sales", 
   "v2.psum", 
   "v2.nsum", 
   "(v2.sum_sales - v2.avg_monthly_sales)"
  ], 
  "Plan Width": 694, 
  "Total Cost": 0.04
 }, 
 {
  "Startup Cost": 30.36, 
  "plan_id": 1218, 
  "Plans": [
   1219
  ], 
  "Plan Rows": 1, 
  "Node Type": "WindowAgg", 
  "filename": "plans/query57.json", 
  "Parallel Aware": false, 
  "Parent Relationship": "InitPlan", 
  "Output": [
   "item.i_category", 
   "item.i_brand", 
   "call_center.cc_name", 
   "date_dim.d_year", 
   "date_dim.d_moy", 
   "(sum(catalog_sales.cs_sales_price))", 
   "(avg((sum(catalog_sales.cs_sales_price))) OVER (?))", 
   "rank() OVER (?)"
  ], 
  "Plan Width": 606, 
  "Subplan Name": "CTE v1", 
  "Total Cost": 30.44
 }, 
 {
  "Startup Cost": 0.0, 
  "plan_id": 1230, 
  "Plans": [
   1231, 
   1234
  ], 
  "Plan Rows": 1, 
  "Node Type": "Nested Loop", 
  "Join Type": "Inner", 
  "filename": "plans/query57.json", 
  "Parallel Aware": false, 
  "Parent Relationship": "InitPlan", 
  "Output": [
   "v1.i_category", 
   "v1.i_brand", 
   "v1.cc_name", 
   "v1.d_year", 
   "v1.d_moy", 
   "v1.avg_monthly_sales", 
   "v1.sum_sales", 
   "v1_lag.sum_sales", 
   "v1_lead.sum_sales"
  ], 
  "Plan Width": 662, 
  "Subplan Name": "CTE v2", 
  "Join Filter": "((v1.i_category = v1_lead.i_category) AND (v1.i_brand = v1_lead.i_brand) AND ((v1.cc_name)::text = (v1_lead.cc_name)::text) AND (v1.rn = (v1_lead.rn - 1)))", 
  "Total Cost": 0.11
 }, 
 {
  "Startup Cost": 0.05, 
  "plan_id": 1235, 
  "Plans": [
   1236
  ], 
  "Sort Key": [
   "((v2.sum_sales - v2.avg_monthly_sales))", 
   "v2.cc_name"
  ], 
  "Plan Rows": 1, 
  "Node Type": "Sort", 
  "filename": "plans/query57.json", 
  "Parallel Aware": false, 
  "Parent Relationship": "Outer", 
  "Output": [
   "v2.i_category", 
   "v2.i_brand", 
   "v2.cc_name", 
   "v2.d_year", 
   "v2.d_moy", 
   "v2.avg_monthly_sales", 
   "v2.sum_sales", 
   "v2.psum", 
   "v2.nsum", 
   "((v2.sum_sales - v2.avg_monthly_sales))"
  ], 
  "Plan Width": 694, 
  "Total Cost": 0.06
 }, 
 {
  "Startup Cost": 30.6, 
  "plan_id": 1217, 
  "Plans": [
   1218, 
   1230, 
   1235
  ], 
  "Plan Rows": 1, 
  "Node Type": "Limit", 
  "filename": "plans/query57.json", 
  "Parallel Aware": false, 
  "Output": [
   "v2.i_category", 
   "v2.i_brand", 
   "v2.cc_name", 
   "v2.d_year", 
   "v2.d_moy", 
   "v2.avg_monthly_sales", 
   "v2.sum_sales", 
   "v2.psum", 
   "v2.nsum", 
   "((v2.sum_sales - v2.avg_monthly_sales))"
  ], 
  "Plan Width": 694, 
  "Total Cost": 30.6
 }, 
 {
  "Startup Cost": 0.0, 
  "plan_id": 1244, 
  "Node Type": "Seq Scan", 
  "Plan Rows": 40, 
  "Relation Name": "item", 
  "Alias": "item", 
  "filename": "plans/query58.json", 
  "Schema": "pg_temp_2", 
  "Parallel Aware": false, 
  "Parent Relationship": "Outer", 
  "Output": [
   "item.i_item_id", 
   "item.i_item_sk"
  ], 
  "Plan Width": 72, 
  "Total Cost": 10.4
 }, 
 {
  "Startup Cost": 0.0, 
  "plan_id": 1242, 
  "Node Type": "Seq Scan", 
  "Plan Rows": 340, 
  "Relation Name": "store_sales", 
  "Alias": "store_sales", 
  "filename": "plans/query58.json", 
  "Schema": "pg_temp_2", 
  "Parallel Aware": false, 
  "Parent Relationship": "Outer", 
  "Output": [
   "store_sales.ss_sold_date_sk", 
   "store_sales.ss_sold_time_sk", 
   "store_sales.ss_item_sk", 
   "store_sales.ss_customer_sk", 
   "store_sales.ss_cdemo_sk", 
   "store_sales.ss_hdemo_sk", 
   "store_sales.ss_addr_sk", 
   "store_sales.ss_store_sk", 
   "store_sales.ss_promo_sk", 
   "store_sales.ss_ticket_number", 
   "store_sales.ss_quantity", 
   "store_sales.ss_wholesale_cost", 
   "store_sales.ss_list_price", 
   "store_sales.ss_sales_price", 
   "store_sales.ss_ext_discount_amt", 
   "store_sales.ss_ext_sales_price", 
   "store_sales.ss_ext_wholesale_cost", 
   "store_sales.ss_ext_list_price", 
   "store_sales.ss_ext_tax", 
   "store_sales.ss_coupon_amt", 
   "store_sales.ss_net_paid", 
   "store_sales.ss_net_paid_inc_tax", 
   "store_sales.ss_net_profit"
  ], 
  "Plan Width": 22, 
  "Total Cost": 13.4
 }, 
 {
  "Startup Cost": 10.4, 
  "plan_id": 1243, 
  "Plans": [
   1244
  ], 
  "Plan Rows": 40, 
  "Node Type": "Hash", 
  "filename": "plans/query58.json", 
  "Parallel Aware": false, 
  "Parent Relationship": "Inner", 
  "Output": [
   "item.i_item_id", 
   "item.i_item_sk"
  ], 
  "Plan Width": 72, 
  "Total Cost": 10.4
 }, 
 {
  "Relation Name": "date_dim", 
  "Startup Cost": 0.0, 
  "plan_id": 1250, 
  "Node Type": "Seq Scan", 
  "Plan Rows": 1, 
  "Filter": "(date_dim_2.d_week_seq = $0)", 
  "Alias": "date_dim_2", 
  "filename": "plans/query58.json", 
  "Schema": "pg_temp_2", 
  "Parallel Aware": false, 
  "Parent Relationship": "Outer", 
  "Output": [
   "date_dim_2.d_date"
  ], 
  "Plan Width": 4, 
  "Total Cost": 13.38
 }, 
 {
  "Partial Mode": "Simple", 
  "Startup Cost": 13.38, 
  "Plan Width": 4, 
  "plan_id": 1249, 
  "Plans": [
   1250
  ], 
  "filename": "plans/query58.json", 
  "Node Type": "Aggregate", 
  "Strategy": "Hashed", 
  "Plan Rows": 1, 
  "Parallel Aware": false, 
  "Output": [
   "date_dim_2.d_date"
  ], 
  "Group Key": [
   "date_dim_2.d_date"
  ], 
  "Parent Relationship": "Outer", 
  "Total Cost": 13.39
 }, 
 {
  "Startup Cost": 0.0, 
  "plan_id": 1247, 
  "Node Type": "Seq Scan", 
  "Plan Rows": 270, 
  "Relation Name": "date_dim", 
  "Alias": "date_dim_1", 
  "filename": "plans/query58.json", 
  "Schema": "pg_temp_2", 
  "Parallel Aware": false, 
  "Parent Relationship": "Outer", 
  "Output": [
   "date_dim_1.d_date_sk", 
   "date_dim_1.d_date_id", 
   "date_dim_1.d_date", 
   "date_dim_1.d_month_seq", 
   "date_dim_1.d_week_seq", 
   "date_dim_1.d_quarter_seq", 
   "date_dim_1.d_year", 
   "date_dim_1.d_dow", 
   "date_dim_1.d_moy", 
   "date_dim_1.d_dom", 
   "date_dim_1.d_qoy", 
   "date_dim_1.d_fy_year", 
   "date_dim_1.d_fy_quarter_seq", 
   "date_dim_1.d_fy_week_seq", 
   "date_dim_1.d_day_name", 
   "date_dim_1.d_quarter_name", 
   "date_dim_1.d_holiday", 
   "date_dim_1.d_weekend", 
   "date_dim_1.d_following_holiday", 
   "date_dim_1.d_first_dom", 
   "date_dim_1.d_last_dom", 
   "date_dim_1.d_same_day_ly", 
   "date_dim_1.d_same_day_lq", 
   "date_dim_1.d_current_day", 
   "date_dim_1.d_current_week", 
   "date_dim_1.d_current_month", 
   "date_dim_1.d_current_quarter", 
   "date_dim_1.d_current_year"
  ], 
  "Plan Width": 8, 
  "Total Cost": 12.7
 }, 
 {
  "Startup Cost": 13.39, 
  "plan_id": 1248, 
  "Plans": [
   1249
  ], 
  "Plan Rows": 1, 
  "Node Type": "Hash", 
  "filename": "plans/query58.json", 
  "Parallel Aware": false, 
  "Parent Relationship": "Inner", 
  "Output": [
   "date_dim_2.d_date"
  ], 
  "Plan Width": 4, 
  "Total Cost": 13.39
 }, 
 {
  "Startup Cost": 13.4, 
  "Plan Width": 4, 
  "plan_id": 1246, 
  "Plans": [
   1247, 
   1248
  ], 
  "Plan Rows": 135, 
  "Node Type": "Hash Join", 
  "Join Type": "Inner", 
  "filename": "plans/query58.json", 
  "Parallel Aware": false, 
  "Output": [
   "date_dim_1.d_date_sk"
  ], 
  "Hash Cond": "(date_dim_1.d_date = date_dim_2.d_date)", 
  "Parent Relationship": "Outer", 
  "Total Cost": 27.12
 }, 
 {
  "Startup Cost": 10.9, 
  "Plan Width": 86, 
  "plan_id": 1241, 
  "Plans": [
   1242, 
   1243
  ], 
  "Plan Rows": 68, 
  "Node Type": "Hash Join", 
  "Join Type": "Inner", 
  "filename": "plans/query58.json", 
  "Parallel Aware": false, 
  "Output": [
   "store_sales.ss_ext_sales_price", 
   "store_sales.ss_sold_date_sk", 
   "item.i_item_id"
  ], 
  "Hash Cond": "(store_sales.ss_item_sk = item.i_item_sk)", 
  "Parent Relationship": "Outer", 
  "Total Cost": 26.26
 }, 
 {
  "Startup Cost": 27.12, 
  "plan_id": 1245, 
  "Plans": [
   1246
  ], 
  "Plan Rows": 135, 
  "Node Type": "Hash", 
  "filename": "plans/query58.json", 
  "Parallel Aware": false, 
  "Parent Relationship": "Inner", 
  "Output": [
   "date_dim_1.d_date_sk"
  ], 
  "Plan Width": 4, 
  "Total Cost": 27.12
 }, 
 {
  "Relation Name": "date_dim", 
  "Startup Cost": 0.0, 
  "plan_id": 1239, 
  "Node Type": "Seq Scan", 
  "Plan Rows": 1, 
  "Filter": "(date_dim.d_date = '1998-01-03'::date)", 
  "Alias": "date_dim", 
  "filename": "plans/query58.json", 
  "Schema": "pg_temp_2", 
  "Parallel Aware": false, 
  "Parent Relationship": "InitPlan", 
  "Output": [
   "date_dim.d_week_seq"
  ], 
  "Plan Width": 4, 
  "Subplan Name": "InitPlan 1 (returns $0)", 
  "Total Cost": 13.38
 }, 
 {
  "Startup Cost": 39.71, 
  "Plan Width": 82, 
  "plan_id": 1240, 
  "Plans": [
   1241, 
   1245
  ], 
  "Plan Rows": 34, 
  "Node Type": "Hash Join", 
  "Join Type": "Inner", 
  "filename": "plans/query58.json", 
  "Parallel Aware": false, 
  "Output": [
   "item.i_item_id", 
   "store_sales.ss_ext_sales_price"
  ], 
  "Hash Cond": "(store_sales.ss_sold_date_sk = date_dim_1.d_date_sk)", 
  "Parent Relationship": "Outer", 
  "Total Cost": 55.66
 }, 
 {
  "Relation Name": "date_dim", 
  "Startup Cost": 0.0, 
  "plan_id": 1258, 
  "Node Type": "Seq Scan", 
  "Plan Rows": 1, 
  "Filter": "(date_dim_5.d_week_seq = $2)", 
  "Alias": "date_dim_5", 
  "filename": "plans/query58.json", 
  "Schema": "pg_temp_2", 
  "Parallel Aware": false, 
  "Parent Relationship": "Outer", 
  "Output": [
   "date_dim_5.d_date"
  ], 
  "Plan Width": 4, 
  "Total Cost": 13.38
 }, 
 {
  "Partial Mode": "Simple", 
  "Startup Cost": 13.38, 
  "Plan Width": 4, 
  "plan_id": 1257, 
  "Plans": [
   1258
  ], 
  "filename": "plans/query58.json", 
  "Node Type": "Aggregate", 
  "Strategy": "Hashed", 
  "Plan Rows": 1, 
  "Parallel Aware": false, 
  "Output": [
   "date_dim_5.d_date"
  ], 
  "Group Key": [
   "date_dim_5.d_date"
  ], 
  "Parent Relationship": "Outer", 
  "Total Cost": 13.39
 }, 
 {
  "Startup Cost": 0.0, 
  "plan_id": 1255, 
  "Node Type": "Seq Scan", 
  "Plan Rows": 270, 
  "Relation Name": "date_dim", 
  "Alias": "date_dim_4", 
  "filename": "plans/query58.json", 
  "Schema": "pg_temp_2", 
  "Parallel Aware": false, 
  "Parent Relationship": "Outer", 
  "Output": [
   "date_dim_4.d_date_sk", 
   "date_dim_4.d_date_id", 
   "date_dim_4.d_date", 
   "date_dim_4.d_month_seq", 
   "date_dim_4.d_week_seq", 
   "date_dim_4.d_quarter_seq", 
   "date_dim_4.d_year", 
   "date_dim_4.d_dow", 
   "date_dim_4.d_moy", 
   "date_dim_4.d_dom", 
   "date_dim_4.d_qoy", 
   "date_dim_4.d_fy_year", 
   "date_dim_4.d_fy_quarter_seq", 
   "date_dim_4.d_fy_week_seq", 
   "date_dim_4.d_day_name", 
   "date_dim_4.d_quarter_name", 
   "date_dim_4.d_holiday", 
   "date_dim_4.d_weekend", 
   "date_dim_4.d_following_holiday", 
   "date_dim_4.d_first_dom", 
   "date_dim_4.d_last_dom", 
   "date_dim_4.d_same_day_ly", 
   "date_dim_4.d_same_day_lq", 
   "date_dim_4.d_current_day", 
   "date_dim_4.d_current_week", 
   "date_dim_4.d_current_month", 
   "date_dim_4.d_current_quarter", 
   "date_dim_4.d_current_year"
  ], 
  "Plan Width": 8, 
  "Total Cost": 12.7
 }, 
 {
  "Startup Cost": 13.39, 
  "plan_id": 1256, 
  "Plans": [
   1257
  ], 
  "Plan Rows": 1, 
  "Node Type": "Hash", 
  "filename": "plans/query58.json", 
  "Parallel Aware": false, 
  "Parent Relationship": "Inner", 
  "Output": [
   "date_dim_5.d_date"
  ], 
  "Plan Width": 4, 
  "Total Cost": 13.39
 }, 
 {
  "Startup Cost": 0.0, 
  "plan_id": 1263, 
  "Node Type": "Seq Scan", 
  "Plan Rows": 40, 
  "Relation Name": "item", 
  "Alias": "item_1", 
  "filename": "plans/query58.json", 
  "Schema": "pg_temp_2", 
  "Parallel Aware": false, 
  "Parent Relationship": "Outer", 
  "Output": [
   "item_1.i_item_id", 
   "item_1.i_item_sk"
  ], 
  "Plan Width": 72, 
  "Total Cost": 10.4
 }, 
 {
  "Startup Cost": 0.0, 
  "plan_id": 1261, 
  "Node Type": "Seq Scan", 
  "Plan Rows": 260, 
  "Relation Name": "catalog_sales", 
  "Alias": "catalog_sales", 
  "filename": "plans/query58.json", 
  "Schema": "pg_temp_2", 
  "Parallel Aware": false, 
  "Parent Relationship": "Outer", 
  "Output": [
   "catalog_sales.cs_sold_date_sk", 
   "catalog_sales.cs_sold_time_sk", 
   "catalog_sales.cs_ship_date_sk", 
   "catalog_sales.cs_bill_customer_sk", 
   "catalog_sales.cs_bill_cdemo_sk", 
   "catalog_sales.cs_bill_hdemo_sk", 
   "catalog_sales.cs_bill_addr_sk", 
   "catalog_sales.cs_ship_customer_sk", 
   "catalog_sales.cs_ship_cdemo_sk", 
   "catalog_sales.cs_ship_hdemo_sk", 
   "catalog_sales.cs_ship_addr_sk", 
   "catalog_sales.cs_call_center_sk", 
   "catalog_sales.cs_catalog_page_sk", 
   "catalog_sales.cs_ship_mode_sk", 
   "catalog_sales.cs_warehouse_sk", 
   "catalog_sales.cs_item_sk", 
   "catalog_sales.cs_promo_sk", 
   "catalog_sales.cs_order_number", 
   "catalog_sales.cs_quantity", 
   "catalog_sales.cs_wholesale_cost", 
   "catalog_sales.cs_list_price", 
   "catalog_sales.cs_sales_price", 
   "catalog_sales.cs_ext_discount_amt", 
   "catalog_sales.cs_ext_sales_price", 
   "catalog_sales.cs_ext_wholesale_cost", 
   "catalog_sales.cs_ext_list_price", 
   "catalog_sales.cs_ext_tax", 
   "catalog_sales.cs_coupon_amt", 
   "catalog_sales.cs_ext_ship_cost", 
   "catalog_sales.cs_net_paid", 
   "catalog_sales.cs_net_paid_inc_tax", 
   "catalog_sales.cs_net_paid_inc_ship", 
   "catalog_sales.cs_net_paid_inc_ship_tax", 
   "catalog_sales.cs_net_profit"
  ], 
  "Plan Width": 22, 
  "Total Cost": 12.6
 }, 
 {
  "Startup Cost": 10.4, 
  "plan_id": 1262, 
  "Plans": [
   1263
  ], 
  "Plan Rows": 40, 
  "Node Type": "Hash", 
  "filename": "plans/query58.json", 
  "Parallel Aware": false, 
  "Parent Relationship": "Inner", 
  "Output": [
   "item_1.i_item_id", 
   "item_1.i_item_sk"
  ], 
  "Plan Width": 72, 
  "Total Cost": 10.4
 }, 
 {
  "Startup Cost": 10.9, 
  "Plan Width": 86, 
  "plan_id": 1260, 
  "Plans": [
   1261, 
   1262
  ], 
  "Plan Rows": 52, 
  "Node Type": "Hash Join", 
  "Join Type": "Inner", 
  "filename": "plans/query58.json", 
  "Parallel Aware": false, 
  "Output": [
   "catalog_sales.cs_ext_sales_price", 
   "catalog_sales.cs_sold_date_sk", 
   "item_1.i_item_id"
  ], 
  "Hash Cond": "(catalog_sales.cs_item_sk = item_1.i_item_sk)", 
  "Parent Relationship": "Outer", 
  "Total Cost": 24.99
 }, 
 {
  "Startup Cost": 13.4, 
  "Plan Width": 4, 
  "plan_id": 1254, 
  "Plans": [
   1255, 
   1256
  ], 
  "Plan Rows": 135, 
  "Node Type": "Hash Join", 
  "Join Type": "Inner", 
  "filename": "plans/query58.json", 
  "Parallel Aware": false, 
  "Output": [
   "date_dim_4.d_date_sk"
  ], 
  "Hash Cond": "(date_dim_4.d_date = date_dim_5.d_date)", 
  "Parent Relationship": "Outer", 
  "Total Cost": 27.12
 }, 
 {
  "Startup Cost": 24.99, 
  "plan_id": 1259, 
  "Plans": [
   1260
  ], 
  "Plan Rows": 52, 
  "Node Type": "Hash", 
  "filename": "plans/query58.json", 
  "Parallel Aware": false, 
  "Parent Relationship": "Inner", 
  "Output": [
   "catalog_sales.cs_ext_sales_price", 
   "catalog_sales.cs_sold_date_sk", 
   "item_1.i_item_id"
  ], 
  "Plan Width": 86, 
  "Total Cost": 24.99
 }, 
 {
  "Relation Name": "date_dim", 
  "Startup Cost": 0.0, 
  "plan_id": 1252, 
  "Node Type": "Seq Scan", 
  "Plan Rows": 1, 
  "Filter": "(date_dim_3.d_date = '1998-01-03'::date)", 
  "Alias": "date_dim_3", 
  "filename": "plans/query58.json", 
  "Schema": "pg_temp_2", 
  "Parallel Aware": false, 
  "Parent Relationship": "InitPlan", 
  "Output": [
   "date_dim_3.d_week_seq"
  ], 
  "Plan Width": 4, 
  "Subplan Name": "InitPlan 3 (returns $2)", 
  "Total Cost": 13.38
 }, 
 {
  "Startup Cost": 39.04, 
  "Plan Width": 82, 
  "plan_id": 1253, 
  "Plans": [
   1254, 
   1259
  ], 
  "Plan Rows": 26, 
  "Node Type": "Hash Join", 
  "Join Type": "Inner", 
  "filename": "plans/query58.json", 
  "Parallel Aware": false, 
  "Output": [
   "item_1.i_item_id", 
   "catalog_sales.cs_ext_sales_price"
  ], 
  "Hash Cond": "(date_dim_4.d_date_sk = catalog_sales.cs_sold_date_sk)", 
  "Parent Relationship": "Outer", 
  "Total Cost": 54.21
 }, 
 {
  "Relation Name": "date_dim", 
  "Startup Cost": 0.0, 
  "plan_id": 1271, 
  "Node Type": "Seq Scan", 
  "Plan Rows": 1, 
  "Filter": "(date_dim_8.d_week_seq = $4)", 
  "Alias": "date_dim_8", 
  "filename": "plans/query58.json", 
  "Schema": "pg_temp_2", 
  "Parallel Aware": false, 
  "Parent Relationship": "Outer", 
  "Output": [
   "date_dim_8.d_date"
  ], 
  "Plan Width": 4, 
  "Total Cost": 13.38
 }, 
 {
  "Partial Mode": "Simple", 
  "Startup Cost": 13.38, 
  "Plan Width": 4, 
  "plan_id": 1270, 
  "Plans": [
   1271
  ], 
  "filename": "plans/query58.json", 
  "Node Type": "Aggregate", 
  "Strategy": "Hashed", 
  "Plan Rows": 1, 
  "Parallel Aware": false, 
  "Output": [
   "date_dim_8.d_date"
  ], 
  "Group Key": [
   "date_dim_8.d_date"
  ], 
  "Parent Relationship": "Outer", 
  "Total Cost": 13.39
 }, 
 {
  "Startup Cost": 0.0, 
  "plan_id": 1268, 
  "Node Type": "Seq Scan", 
  "Plan Rows": 270, 
  "Relation Name": "date_dim", 
  "Alias": "date_dim_7", 
  "filename": "plans/query58.json", 
  "Schema": "pg_temp_2", 
  "Parallel Aware": false, 
  "Parent Relationship": "Outer", 
  "Output": [
   "date_dim_7.d_date_sk", 
   "date_dim_7.d_date_id", 
   "date_dim_7.d_date", 
   "date_dim_7.d_month_seq", 
   "date_dim_7.d_week_seq", 
   "date_dim_7.d_quarter_seq", 
   "date_dim_7.d_year", 
   "date_dim_7.d_dow", 
   "date_dim_7.d_moy", 
   "date_dim_7.d_dom", 
   "date_dim_7.d_qoy", 
   "date_dim_7.d_fy_year", 
   "date_dim_7.d_fy_quarter_seq", 
   "date_dim_7.d_fy_week_seq", 
   "date_dim_7.d_day_name", 
   "date_dim_7.d_quarter_name", 
   "date_dim_7.d_holiday", 
   "date_dim_7.d_weekend", 
   "date_dim_7.d_following_holiday", 
   "date_dim_7.d_first_dom", 
   "date_dim_7.d_last_dom", 
   "date_dim_7.d_same_day_ly", 
   "date_dim_7.d_same_day_lq", 
   "date_dim_7.d_current_day", 
   "date_dim_7.d_current_week", 
   "date_dim_7.d_current_month", 
   "date_dim_7.d_current_quarter", 
   "date_dim_7.d_current_year"
  ], 
  "Plan Width": 8, 
  "Total Cost": 12.7
 }, 
 {
  "Startup Cost": 13.39, 
  "plan_id": 1269, 
  "Plans": [
   1270
  ], 
  "Plan Rows": 1, 
  "Node Type": "Hash", 
  "filename": "plans/query58.json", 
  "Parallel Aware": false, 
  "Parent Relationship": "Inner", 
  "Output": [
   "date_dim_8.d_date"
  ], 
  "Plan Width": 4, 
  "Total Cost": 13.39
 }, 
 {
  "Startup Cost": 0.0, 
  "plan_id": 1276, 
  "Node Type": "Seq Scan", 
  "Plan Rows": 40, 
  "Relation Name": "item", 
  "Alias": "item_2", 
  "filename": "plans/query58.json", 
  "Schema": "pg_temp_2", 
  "Parallel Aware": false, 
  "Parent Relationship": "Outer", 
  "Output": [
   "item_2.i_item_id", 
   "item_2.i_item_sk"
  ], 
  "Plan Width": 72, 
  "Total Cost": 10.4
 }, 
 {
  "Startup Cost": 0.0, 
  "plan_id": 1274, 
  "Node Type": "Seq Scan", 
  "Plan Rows": 260, 
  "Relation Name": "web_sales", 
  "Alias": "web_sales", 
  "filename": "plans/query58.json", 
  "Schema": "pg_temp_2", 
  "Parallel Aware": false, 
  "Parent Relationship": "Outer", 
  "Output": [
   "web_sales.ws_sold_date_sk", 
   "web_sales.ws_sold_time_sk", 
   "web_sales.ws_ship_date_sk", 
   "web_sales.ws_item_sk", 
   "web_sales.ws_bill_customer_sk", 
   "web_sales.ws_bill_cdemo_sk", 
   "web_sales.ws_bill_hdemo_sk", 
   "web_sales.ws_bill_addr_sk", 
   "web_sales.ws_ship_customer_sk", 
   "web_sales.ws_ship_cdemo_sk", 
   "web_sales.ws_ship_hdemo_sk", 
   "web_sales.ws_ship_addr_sk", 
   "web_sales.ws_web_page_sk", 
   "web_sales.ws_web_site_sk", 
   "web_sales.ws_ship_mode_sk", 
   "web_sales.ws_warehouse_sk", 
   "web_sales.ws_promo_sk", 
   "web_sales.ws_order_number", 
   "web_sales.ws_quantity", 
   "web_sales.ws_wholesale_cost", 
   "web_sales.ws_list_price", 
   "web_sales.ws_sales_price", 
   "web_sales.ws_ext_discount_amt", 
   "web_sales.ws_ext_sales_price", 
   "web_sales.ws_ext_wholesale_cost", 
   "web_sales.ws_ext_list_price", 
   "web_sales.ws_ext_tax", 
   "web_sales.ws_coupon_amt", 
   "web_sales.ws_ext_ship_cost", 
   "web_sales.ws_net_paid", 
   "web_sales.ws_net_paid_inc_tax", 
   "web_sales.ws_net_paid_inc_ship", 
   "web_sales.ws_net_paid_inc_ship_tax", 
   "web_sales.ws_net_profit"
  ], 
  "Plan Width": 22, 
  "Total Cost": 12.6
 }, 
 {
  "Startup Cost": 10.4, 
  "plan_id": 1275, 
  "Plans": [
   1276
  ], 
  "Plan Rows": 40, 
  "Node Type": "Hash", 
  "filename": "plans/query58.json", 
  "Parallel Aware": false, 
  "Parent Relationship": "Inner", 
  "Output": [
   "item_2.i_item_id", 
   "item_2.i_item_sk"
  ], 
  "Plan Width": 72, 
  "Total Cost": 10.4
 }, 
 {
  "Startup Cost": 10.9, 
  "Plan Width": 86, 
  "plan_id": 1273, 
  "Plans": [
   1274, 
   1275
  ], 
  "Plan Rows": 52, 
  "Node Type": "Hash Join", 
  "Join Type": "Inner", 
  "filename": "plans/query58.json", 
  "Parallel Aware": false, 
  "Output": [
   "web_sales.ws_ext_sales_price", 
   "web_sales.ws_sold_date_sk", 
   "item_2.i_item_id"
  ], 
  "Hash Cond": "(web_sales.ws_item_sk = item_2.i_item_sk)", 
  "Parent Relationship": "Outer", 
  "Total Cost": 24.99
 }, 
 {
  "Startup Cost": 13.4, 
  "Plan Width": 4, 
  "plan_id": 1267, 
  "Plans": [
   1268, 
   1269
  ], 
  "Plan Rows": 135, 
  "Node Type": "Hash Join", 
  "Join Type": "Inner", 
  "filename": "plans/query58.json", 
  "Parallel Aware": false, 
  "Output": [
   "date_dim_7.d_date_sk"
  ], 
  "Hash Cond": "(date_dim_7.d_date = date_dim_8.d_date)", 
  "Parent Relationship": "Outer", 
  "Total Cost": 27.12
 }, 
 {
  "Startup Cost": 24.99, 
  "plan_id": 1272, 
  "Plans": [
   1273
  ], 
  "Plan Rows": 52, 
  "Node Type": "Hash", 
  "filename": "plans/query58.json", 
  "Parallel Aware": false, 
  "Parent Relationship": "Inner", 
  "Output": [
   "web_sales.ws_ext_sales_price", 
   "web_sales.ws_sold_date_sk", 
   "item_2.i_item_id"
  ], 
  "Plan Width": 86, 
  "Total Cost": 24.99
 }, 
 {
  "Relation Name": "date_dim", 
  "Startup Cost": 0.0, 
  "plan_id": 1265, 
  "Node Type": "Seq Scan", 
  "Plan Rows": 1, 
  "Filter": "(date_dim_6.d_date = '1998-01-03'::date)", 
  "Alias": "date_dim_6", 
  "filename": "plans/query58.json", 
  "Schema": "pg_temp_2", 
  "Parallel Aware": false, 
  "Parent Relationship": "InitPlan", 
  "Output": [
   "date_dim_6.d_week_seq"
  ], 
  "Plan Width": 4, 
  "Subplan Name": "InitPlan 5 (returns $4)", 
  "Total Cost": 13.38
 }, 
 {
  "Startup Cost": 39.04, 
  "Plan Width": 82, 
  "plan_id": 1266, 
  "Plans": [
   1267, 
   1272
  ], 
  "Plan Rows": 26, 
  "Node Type": "Hash Join", 
  "Join Type": "Inner", 
  "filename": "plans/query58.json", 
  "Parallel Aware": false, 
  "Output": [
   "item_2.i_item_id", 
   "web_sales.ws_ext_sales_price"
  ], 
  "Hash Cond": "(date_dim_7.d_date_sk = web_sales.ws_sold_date_sk)", 
  "Parent Relationship": "Outer", 
  "Total Cost": 54.21
 }, 
 {
  "Startup Cost": 0.0, 
  "plan_id": 1284, 
  "CTE Name": "ws_items", 
  "Node Type": "CTE Scan", 
  "Plan Rows": 26, 
  "Alias": "ws_items", 
  "filename": "plans/query58.json", 
  "Parallel Aware": false, 
  "Parent Relationship": "Outer", 
  "Output": [
   "ws_items.ws_item_rev", 
   "ws_items.item_id"
  ], 
  "Plan Width": 100, 
  "Total Cost": 0.52
 }, 
 {
  "Startup Cost": 0.0, 
  "plan_id": 1282, 
  "CTE Name": "cs_items", 
  "Node Type": "CTE Scan", 
  "Plan Rows": 26, 
  "Alias": "cs_items", 
  "filename": "plans/query58.json", 
  "Parallel Aware": false, 
  "Parent Relationship": "Outer", 
  "Output": [
   "cs_items.item_id", 
   "cs_items.cs_item_rev"
  ], 
  "Plan Width": 100, 
  "Total Cost": 0.52
 }, 
 {
  "Startup Cost": 0.52, 
  "plan_id": 1283, 
  "Plans": [
   1284
  ], 
  "Plan Rows": 26, 
  "Node Type": "Hash", 
  "filename": "plans/query58.json", 
  "Parallel Aware": false, 
  "Parent Relationship": "Inner", 
  "Output": [
   "ws_items.ws_item_rev", 
   "ws_items.item_id"
  ], 
  "Plan Width": 100, 
  "Total Cost": 0.52
 }, 
 {
  "Startup Cost": 0.84, 
  "Plan Width": 200, 
  "plan_id": 1281, 
  "Plans": [
   1282, 
   1283
  ], 
  "Plan Rows": 1, 
  "Node Type": "Hash Join", 
  "Join Type": "Inner", 
  "filename": "plans/query58.json", 
  "Parallel Aware": false, 
  "Output": [
   "cs_items.cs_item_rev", 
   "cs_items.item_id", 
   "ws_items.ws_item_rev", 
   "ws_items.item_id"
  ], 
  "Hash Cond": "(cs_items.item_id = ws_items.item_id)", 
  "Parent Relationship": "Outer", 
  "Join Filter": "((cs_items.cs_item_rev >= (0.9 * ws_items.ws_item_rev)) AND (cs_items.cs_item_rev <= (1.1 * ws_items.ws_item_rev)) AND (ws_items.ws_item_rev >= (0.9 * cs_items.cs_item_rev)) AND (ws_items.ws_item_rev <= (1.1 * cs_items.cs_item_rev)))", 
  "Total Cost": 2.24
 }, 
 {
  "Startup Cost": 0.0, 
  "plan_id": 1279, 
  "CTE Name": "ss_items", 
  "Node Type": "CTE Scan", 
  "Plan Rows": 34, 
  "Alias": "ss_items", 
  "filename": "plans/query58.json", 
  "Parallel Aware": false, 
  "Parent Relationship": "Outer", 
  "Output": [
   "ss_items.item_id", 
   "ss_items.ss_item_rev"
  ], 
  "Plan Width": 100, 
  "Total Cost": 0.68
 }, 
 {
  "Startup Cost": 2.24, 
  "plan_id": 1280, 
  "Plans": [
   1281
  ], 
  "Plan Rows": 1, 
  "Node Type": "Hash", 
  "filename": "plans/query58.json", 
  "Parallel Aware": false, 
  "Parent Relationship": "Inner", 
  "Output": [
   "cs_items.cs_item_rev", 
   "cs_items.item_id", 
   "ws_items.ws_item_rev", 
   "ws_items.item_id"
  ], 
  "Plan Width": 200, 
  "Total Cost": 2.24
 }, 
 {
  "Startup Cost": 2.25, 
  "Plan Width": 292, 
  "plan_id": 1278, 
  "Plans": [
   1279, 
   1280
  ], 
  "Plan Rows": 1, 
  "Node Type": "Hash Join", 
  "Join Type": "Inner", 
  "filename": "plans/query58.json", 
  "Parallel Aware": false, 
  "Output": [
   "ss_items.item_id", 
   "ss_items.ss_item_rev", 
   "((ss_items.ss_item_rev / (((ss_items.ss_item_rev + cs_items.cs_item_rev) + ws_items.ws_item_rev) / '3'::numeric)) * '100'::numeric)", 
   "cs_items.cs_item_rev", 
   "((cs_items.cs_item_rev / (((ss_items.ss_item_rev + cs_items.cs_item_rev) + ws_items.ws_item_rev) / '3'::numeric)) * '100'::numeric)", 
   "ws_items.ws_item_rev", 
   "((ws_items.ws_item_rev / (((ss_items.ss_item_rev + cs_items.cs_item_rev) + ws_items.ws_item_rev) / '3'::numeric)) * '100'::numeric)", 
   "(((ss_items.ss_item_rev + cs_items.cs_item_rev) + ws_items.ws_item_rev) / '3'::numeric)"
  ], 
  "Hash Cond": "(ss_items.item_id = cs_items.item_id)", 
  "Parent Relationship": "Outer", 
  "Join Filter": "((ss_items.ss_item_rev >= (0.9 * cs_items.cs_item_rev)) AND (ss_items.ss_item_rev <= (1.1 * cs_items.cs_item_rev)) AND (cs_items.cs_item_rev >= (0.9 * ss_items.ss_item_rev)) AND (cs_items.cs_item_rev <= (1.1 * ss_items.ss_item_rev)) AND (ss_items.ss_item_rev >= (0.9 * ws_items.ws_item_rev)) AND (ss_items.ss_item_rev <= (1.1 * ws_items.ws_item_rev)) AND (ws_items.ws_item_rev >= (0.9 * ss_items.ss_item_rev)) AND (ws_items.ws_item_rev <= (1.1 * ss_items.ss_item_rev)))", 
  "Total Cost": 3.16
 }, 
 {
  "Partial Mode": "Simple", 
  "Startup Cost": 69.21, 
  "Plan Width": 100, 
  "plan_id": 1238, 
  "Plans": [
   1239, 
   1240
  ], 
  "filename": "plans/query58.json", 
  "Node Type": "Aggregate", 
  "Strategy": "Hashed", 
  "Plan Rows": 34, 
  "Parallel Aware": false, 
  "Output": [
   "item.i_item_id", 
   "sum(store_sales.ss_ext_sales_price)"
  ], 
  "Group Key": [
   "item.i_item_id"
  ], 
  "Parent Relationship": "InitPlan", 
  "Subplan Name": "CTE ss_items", 
  "Total Cost": 69.63
 }, 
 {
  "Partial Mode": "Simple", 
  "Startup Cost": 67.71, 
  "Plan Width": 100, 
  "plan_id": 1251, 
  "Plans": [
   1252, 
   1253
  ], 
  "filename": "plans/query58.json", 
  "Node Type": "Aggregate", 
  "Strategy": "Hashed", 
  "Plan Rows": 26, 
  "Parallel Aware": false, 
  "Output": [
   "item_1.i_item_id", 
   "sum(catalog_sales.cs_ext_sales_price)"
  ], 
  "Group Key": [
   "item_1.i_item_id"
  ], 
  "Parent Relationship": "InitPlan", 
  "Subplan Name": "CTE cs_items", 
  "Total Cost": 68.04
 }, 
 {
  "Partial Mode": "Simple", 
  "Startup Cost": 67.71, 
  "Plan Width": 100, 
  "plan_id": 1264, 
  "Plans": [
   1265, 
   1266
  ], 
  "filename": "plans/query58.json", 
  "Node Type": "Aggregate", 
  "Strategy": "Hashed", 
  "Plan Rows": 26, 
  "Parallel Aware": false, 
  "Output": [
   "item_2.i_item_id", 
   "sum(web_sales.ws_ext_sales_price)"
  ], 
  "Group Key": [
   "item_2.i_item_id"
  ], 
  "Parent Relationship": "InitPlan", 
  "Subplan Name": "CTE ws_items", 
  "Total Cost": 68.04
 }, 
 {
  "Startup Cost": 3.17, 
  "plan_id": 1277, 
  "Plans": [
   1278
  ], 
  "Sort Key": [
   "ss_items.item_id", 
   "ss_items.ss_item_rev"
  ], 
  "Plan Rows": 1, 
  "Node Type": "Sort", 
  "filename": "plans/query58.json", 
  "Parallel Aware": false, 
  "Parent Relationship": "Outer", 
  "Output": [
   "ss_items.item_id", 
   "ss_items.ss_item_rev", 
   "(((ss_items.ss_item_rev / (((ss_items.ss_item_rev + cs_items.cs_item_rev) + ws_items.ws_item_rev) / '3'::numeric)) * '100'::numeric))", 
   "cs_items.cs_item_rev", 
   "(((cs_items.cs_item_rev / (((ss_items.ss_item_rev + cs_items.cs_item_rev) + ws_items.ws_item_rev) / '3'::numeric)) * '100'::numeric))", 
   "ws_items.ws_item_rev", 
   "(((ws_items.ws_item_rev / (((ss_items.ss_item_rev + cs_items.cs_item_rev) + ws_items.ws_item_rev) / '3'::numeric)) * '100'::numeric))", 
   "((((ss_items.ss_item_rev + cs_items.cs_item_rev) + ws_items.ws_item_rev) / '3'::numeric))"
  ], 
  "Plan Width": 292, 
  "Total Cost": 3.17
 }, 
 {
  "Startup Cost": 208.87, 
  "plan_id": 1237, 
  "Plans": [
   1238, 
   1251, 
   1264, 
   1277
  ], 
  "Plan Rows": 1, 
  "Node Type": "Limit", 
  "filename": "plans/query58.json", 
  "Parallel Aware": false, 
  "Output": [
   "ss_items.item_id", 
   "ss_items.ss_item_rev", 
   "(((ss_items.ss_item_rev / (((ss_items.ss_item_rev + cs_items.cs_item_rev) + ws_items.ws_item_rev) / '3'::numeric)) * '100'::numeric))", 
   "cs_items.cs_item_rev", 
   "(((cs_items.cs_item_rev / (((ss_items.ss_item_rev + cs_items.cs_item_rev) + ws_items.ws_item_rev) / '3'::numeric)) * '100'::numeric))", 
   "ws_items.ws_item_rev", 
   "(((ws_items.ws_item_rev / (((ss_items.ss_item_rev + cs_items.cs_item_rev) + ws_items.ws_item_rev) / '3'::numeric)) * '100'::numeric))", 
   "((((ss_items.ss_item_rev + cs_items.cs_item_rev) + ws_items.ws_item_rev) / '3'::numeric))"
  ], 
  "Plan Width": 292, 
  "Total Cost": 208.88
 }, 
 {
  "Startup Cost": 0.0, 
  "plan_id": 1290, 
  "Node Type": "Seq Scan", 
  "Plan Rows": 270, 
  "Relation Name": "date_dim", 
  "Alias": "date_dim", 
  "filename": "plans/query59.json", 
  "Schema": "pg_temp_2", 
  "Parallel Aware": false, 
  "Parent Relationship": "Outer", 
  "Output": [
   "date_dim.d_week_seq", 
   "date_dim.d_day_name", 
   "date_dim.d_date_sk"
  ], 
  "Plan Width": 48, 
  "Total Cost": 12.7
 }, 
 {
  "Startup Cost": 0.0, 
  "plan_id": 1288, 
  "Node Type": "Seq Scan", 
  "Plan Rows": 340, 
  "Relation Name": "store_sales", 
  "Alias": "store_sales", 
  "filename": "plans/query59.json", 
  "Schema": "pg_temp_2", 
  "Parallel Aware": false, 
  "Parent Relationship": "Outer", 
  "Output": [
   "store_sales.ss_sold_date_sk", 
   "store_sales.ss_sold_time_sk", 
   "store_sales.ss_item_sk", 
   "store_sales.ss_customer_sk", 
   "store_sales.ss_cdemo_sk", 
   "store_sales.ss_hdemo_sk", 
   "store_sales.ss_addr_sk", 
   "store_sales.ss_store_sk", 
   "store_sales.ss_promo_sk", 
   "store_sales.ss_ticket_number", 
   "store_sales.ss_quantity", 
   "store_sales.ss_wholesale_cost", 
   "store_sales.ss_list_price", 
   "store_sales.ss_sales_price", 
   "store_sales.ss_ext_discount_amt", 
   "store_sales.ss_ext_sales_price", 
   "store_sales.ss_ext_wholesale_cost", 
   "store_sales.ss_ext_list_price", 
   "store_sales.ss_ext_tax", 
   "store_sales.ss_coupon_amt", 
   "store_sales.ss_net_paid", 
   "store_sales.ss_net_paid_inc_tax", 
   "store_sales.ss_net_profit"
  ], 
  "Plan Width": 22, 
  "Total Cost": 13.4
 }, 
 {
  "Startup Cost": 12.7, 
  "plan_id": 1289, 
  "Plans": [
   1290
  ], 
  "Plan Rows": 270, 
  "Node Type": "Hash", 
  "filename": "plans/query59.json", 
  "Parallel Aware": false, 
  "Parent Relationship": "Inner", 
  "Output": [
   "date_dim.d_week_seq", 
   "date_dim.d_day_name", 
   "date_dim.d_date_sk"
  ], 
  "Plan Width": 48, 
  "Total Cost": 12.7
 }, 
 {
  "Startup Cost": 16.07, 
  "Plan Width": 62, 
  "plan_id": 1287, 
  "Plans": [
   1288, 
   1289
  ], 
  "Plan Rows": 340, 
  "Node Type": "Hash Join", 
  "Join Type": "Inner", 
  "filename": "plans/query59.json", 
  "Parallel Aware": false, 
  "Output": [
   "date_dim.d_week_seq", 
   "store_sales.ss_store_sk", 
   "date_dim.d_day_name", 
   "store_sales.ss_sales_price"
  ], 
  "Hash Cond": "(store_sales.ss_sold_date_sk = date_dim.d_date_sk)", 
  "Parent Relationship": "Outer", 
  "Total Cost": 34.15
 }, 
 {
  "Relation Name": "date_dim", 
  "Startup Cost": 0.0, 
  "plan_id": 1302, 
  "Node Type": "Seq Scan", 
  "Plan Rows": 1, 
  "Filter": "((d.d_month_seq >= 1207) AND (d.d_month_seq <= 1218))", 
  "Alias": "d", 
  "filename": "plans/query59.json", 
  "Schema": "pg_temp_2", 
  "Parallel Aware": false, 
  "Parent Relationship": "Outer", 
  "Output": [
   "d.d_week_seq"
  ], 
  "Plan Width": 4, 
  "Total Cost": 14.05
 }, 
 {
  "Startup Cost": 0.0, 
  "plan_id": 1300, 
  "CTE Name": "wss", 
  "Node Type": "CTE Scan", 
  "Plan Rows": 340, 
  "Alias": "wss", 
  "filename": "plans/query59.json", 
  "Parallel Aware": false, 
  "Parent Relationship": "Outer", 
  "Output": [
   "wss.d_week_seq", 
   "wss.ss_store_sk", 
   "wss.sun_sales", 
   "wss.mon_sales", 
   "wss.tue_sales", 
   "wss.wed_sales", 
   "wss.thu_sales", 
   "wss.fri_sales", 
   "wss.sat_sales"
  ], 
  "Plan Width": 232, 
  "Total Cost": 6.8
 }, 
 {
  "Startup Cost": 14.05, 
  "plan_id": 1301, 
  "Plans": [
   1302
  ], 
  "Plan Rows": 1, 
  "Node Type": "Hash", 
  "filename": "plans/query59.json", 
  "Parallel Aware": false, 
  "Parent Relationship": "Inner", 
  "Output": [
   "d.d_week_seq"
  ], 
  "Plan Width": 4, 
  "Total Cost": 14.05
 }, 
 {
  "Startup Cost": 14.06, 
  "Plan Width": 236, 
  "plan_id": 1299, 
  "Plans": [
   1300, 
   1301
  ], 
  "Plan Rows": 2, 
  "Node Type": "Hash Join", 
  "Join Type": "Inner", 
  "filename": "plans/query59.json", 
  "Parallel Aware": false, 
  "Output": [
   "wss.d_week_seq", 
   "wss.sun_sales", 
   "wss.mon_sales", 
   "wss.tue_sales", 
   "wss.wed_sales", 
   "wss.thu_sales", 
   "wss.fri_sales", 
   "wss.sat_sales", 
   "wss.ss_store_sk", 
   "d.d_week_seq"
  ], 
  "Hash Cond": "(wss.d_week_seq = d.d_week_seq)", 
  "Parent Relationship": "Outer", 
  "Total Cost": 22.16
 }, 
 {
  "Startup Cost": 0.0, 
  "plan_id": 1297, 
  "CTE Name": "wss", 
  "Node Type": "CTE Scan", 
  "Plan Rows": 340, 
  "Alias": "wss_1", 
  "filename": "plans/query59.json", 
  "Parallel Aware": false, 
  "Parent Relationship": "Outer", 
  "Output": [
   "wss_1.d_week_seq", 
   "wss_1.ss_store_sk", 
   "wss_1.sun_sales", 
   "wss_1.mon_sales", 
   "wss_1.tue_sales", 
   "wss_1.wed_sales", 
   "wss_1.thu_sales", 
   "wss_1.fri_sales", 
   "wss_1.sat_sales"
  ], 
  "Plan Width": 232, 
  "Total Cost": 6.8
 }, 
 {
  "Startup Cost": 22.16, 
  "plan_id": 1298, 
  "Plans": [
   1299
  ], 
  "Plan Rows": 2, 
  "Node Type": "Hash", 
  "filename": "plans/query59.json", 
  "Parallel Aware": false, 
  "Parent Relationship": "Inner", 
  "Output": [
   "wss.d_week_seq", 
   "wss.sun_sales", 
   "wss.mon_sales", 
   "wss.tue_sales", 
   "wss.wed_sales", 
   "wss.thu_sales", 
   "wss.fri_sales", 
   "wss.sat_sales", 
   "wss.ss_store_sk", 
   "d.d_week_seq"
  ], 
  "Plan Width": 236, 
  "Total Cost": 22.16
 }, 
 {
  "Relation Name": "date_dim", 
  "Startup Cost": 0.0, 
  "plan_id": 1295, 
  "Node Type": "Seq Scan", 
  "Plan Rows": 1, 
  "Filter": "((d_1.d_month_seq >= 1219) AND (d_1.d_month_seq <= 1230))", 
  "Alias": "d_1", 
  "filename": "plans/query59.json", 
  "Schema": "pg_temp_2", 
  "Parallel Aware": false, 
  "Parent Relationship": "Outer", 
  "Output": [
   "d_1.d_date_sk", 
   "d_1.d_date_id", 
   "d_1.d_date", 
   "d_1.d_month_seq", 
   "d_1.d_week_seq", 
   "d_1.d_quarter_seq", 
   "d_1.d_year", 
   "d_1.d_dow", 
   "d_1.d_moy", 
   "d_1.d_dom", 
   "d_1.d_qoy", 
   "d_1.d_fy_year", 
   "d_1.d_fy_quarter_seq", 
   "d_1.d_fy_week_seq", 
   "d_1.d_day_name", 
   "d_1.d_quarter_name", 
   "d_1.d_holiday", 
   "d_1.d_weekend", 
   "d_1.d_following_holiday", 
   "d_1.d_first_dom", 
   "d_1.d_last_dom", 
   "d_1.d_same_day_ly", 
   "d_1.d_same_day_lq", 
   "d_1.d_current_day", 
   "d_1.d_current_week", 
   "d_1.d_current_month", 
   "d_1.d_current_quarter", 
   "d_1.d_current_year"
  ], 
  "Plan Width": 4, 
  "Total Cost": 14.05
 }, 
 {
  "Startup Cost": 22.18, 
  "Plan Width": 464, 
  "plan_id": 1296, 
  "Plans": [
   1297, 
   1298
  ], 
  "Plan Rows": 3, 
  "Node Type": "Hash Join", 
  "Join Type": "Inner", 
  "filename": "plans/query59.json", 
  "Parallel Aware": false, 
  "Output": [
   "wss.d_week_seq", 
   "wss.sun_sales", 
   "wss.mon_sales", 
   "wss.tue_sales", 
   "wss.wed_sales", 
   "wss.thu_sales", 
   "wss.fri_sales", 
   "wss.sat_sales", 
   "wss.ss_store_sk", 
   "wss_1.sun_sales", 
   "wss_1.mon_sales", 
   "wss_1.tue_sales", 
   "wss_1.wed_sales", 
   "wss_1.thu_sales", 
   "wss_1.fri_sales", 
   "wss_1.sat_sales", 
   "wss_1.d_week_seq", 
   "wss_1.ss_store_sk"
  ], 
  "Hash Cond": "((wss_1.d_week_seq - 52) = d.d_week_seq)", 
  "Parent Relationship": "Inner", 
  "Total Cost": 30.71
 }, 
 {
  "Startup Cost": 22.18, 
  "plan_id": 1294, 
  "Plans": [
   1295, 
   1296
  ], 
  "Plan Rows": 1, 
  "Node Type": "Nested Loop", 
  "Join Type": "Inner", 
  "filename": "plans/query59.json", 
  "Parallel Aware": false, 
  "Parent Relationship": "Outer", 
  "Output": [
   "wss.d_week_seq", 
   "wss.sun_sales", 
   "wss.mon_sales", 
   "wss.tue_sales", 
   "wss.wed_sales", 
   "wss.thu_sales", 
   "wss.fri_sales", 
   "wss.sat_sales", 
   "wss.ss_store_sk", 
   "wss_1.sun_sales", 
   "wss_1.mon_sales", 
   "wss_1.tue_sales", 
   "wss_1.wed_sales", 
   "wss_1.thu_sales", 
   "wss_1.fri_sales", 
   "wss_1.sat_sales", 
   "wss_1.ss_store_sk"
  ], 
  "Plan Width": 460, 
  "Join Filter": "(wss_1.d_week_seq = d_1.d_week_seq)", 
  "Total Cost": 44.8
 }, 
 {
  "Startup Cost": 0.14, 
  "filename": "plans/query59.json", 
  "plan_id": 1303, 
  "Scan Direction": "Forward", 
  "Index Cond": "(store.s_store_sk = wss.ss_store_sk)", 
  "Node Type": "Index Scan", 
  "Relation Name": "store", 
  "Alias": "store", 
  "Plan Rows": 1, 
  "Schema": "pg_temp_2", 
  "Parallel Aware": false, 
  "Parent Relationship": "Inner", 
  "Output": [
   "store.s_store_sk", 
   "store.s_store_id", 
   "store.s_rec_start_date", 
   "store.s_rec_end_date", 
   "store.s_closed_date_sk", 
   "store.s_store_name", 
   "store.s_number_employees", 
   "store.s_floor_space", 
   "store.s_hours", 
   "store.s_manager", 
   "store.s_market_id", 
   "store.s_geography_class", 
   "store.s_market_desc", 
   "store.s_market_manager", 
   "store.s_division_id", 
   "store.s_division_name", 
   "store.s_company_id", 
   "store.s_company_name", 
   "store.s_street_number", 
   "store.s_street_name", 
   "store.s_street_type", 
   "store.s_suite_number", 
   "store.s_city", 
   "store.s_county", 
   "store.s_state", 
   "store.s_zip", 
   "store.s_country", 
   "store.s_gmt_offset", 
   "store.s_tax_precentage"
  ], 
  "Index Name": "store_pkey", 
  "Plan Width": 190, 
  "Total Cost": 0.29
 }, 
 {
  "Startup Cost": 22.32, 
  "plan_id": 1293, 
  "Plans": [
   1294, 
   1303
  ], 
  "Plan Rows": 1, 
  "Node Type": "Nested Loop", 
  "Join Type": "Inner", 
  "filename": "plans/query59.json", 
  "Parallel Aware": false, 
  "Parent Relationship": "Outer", 
  "Output": [
   "wss.d_week_seq", 
   "wss.sun_sales", 
   "wss.mon_sales", 
   "wss.tue_sales", 
   "wss.wed_sales", 
   "wss.thu_sales", 
   "wss.fri_sales", 
   "wss.sat_sales", 
   "store.s_store_name", 
   "store.s_store_id", 
   "wss_1.sun_sales", 
   "wss_1.mon_sales", 
   "wss_1.tue_sales", 
   "wss_1.wed_sales", 
   "wss_1.thu_sales", 
   "wss_1.fri_sales", 
   "wss_1.sat_sales", 
   "wss_1.ss_store_sk"
  ], 
  "Plan Width": 642, 
  "Total Cost": 45.1
 }, 
 {
  "Startup Cost": 0.14, 
  "filename": "plans/query59.json", 
  "plan_id": 1304, 
  "Scan Direction": "Forward", 
  "Index Cond": "(store_1.s_store_sk = wss_1.ss_store_sk)", 
  "Node Type": "Index Scan", 
  "Relation Name": "store", 
  "Alias": "store_1", 
  "Plan Rows": 1, 
  "Schema": "pg_temp_2", 
  "Parallel Aware": false, 
  "Parent Relationship": "Inner", 
  "Output": [
   "store_1.s_store_sk", 
   "store_1.s_store_id", 
   "store_1.s_rec_start_date", 
   "store_1.s_rec_end_date", 
   "store_1.s_closed_date_sk", 
   "store_1.s_store_name", 
   "store_1.s_number_employees", 
   "store_1.s_floor_space", 
   "store_1.s_hours", 
   "store_1.s_manager", 
   "store_1.s_market_id", 
   "store_1.s_geography_class", 
   "store_1.s_market_desc", 
   "store_1.s_market_manager", 
   "store_1.s_division_id", 
   "store_1.s_division_name", 
   "store_1.s_company_id", 
   "store_1.s_company_name", 
   "store_1.s_street_number", 
   "store_1.s_street_name", 
   "store_1.s_street_type", 
   "store_1.s_suite_number", 
   "store_1.s_city", 
   "store_1.s_county", 
   "store_1.s_state", 
   "store_1.s_zip", 
   "store_1.s_country", 
   "store_1.s_gmt_offset", 
   "store_1.s_tax_precentage"
  ], 
  "Index Name": "store_pkey", 
  "Plan Width": 72, 
  "Total Cost": 0.29
 }, 
 {
  "Startup Cost": 22.46, 
  "plan_id": 1292, 
  "Plans": [
   1293, 
   1304
  ], 
  "Plan Rows": 1, 
  "Node Type": "Nested Loop", 
  "Join Type": "Inner", 
  "filename": "plans/query59.json", 
  "Parallel Aware": false, 
  "Parent Relationship": "Outer", 
  "Output": [
   "store.s_store_name", 
   "store.s_store_id", 
   "wss.d_week_seq", 
   "(wss.sun_sales / wss_1.sun_sales)", 
   "(wss.mon_sales / wss_1.mon_sales)", 
   "(wss.tue_sales / wss_1.tue_sales)", 
   "(wss.wed_sales / wss_1.wed_sales)", 
   "(wss.thu_sales / wss_1.thu_sales)", 
   "(wss.fri_sales / wss_1.fri_sales)", 
   "(wss.sat_sales / wss_1.sat_sales)"
  ], 
  "Plan Width": 414, 
  "Join Filter": "(store.s_store_id = store_1.s_store_id)", 
  "Total Cost": 45.41
 }, 
 {
  "Partial Mode": "Simple", 
  "Startup Cost": 47.75, 
  "Plan Width": 232, 
  "plan_id": 1286, 
  "Plans": [
   1287
  ], 
  "filename": "plans/query59.json", 
  "Node Type": "Aggregate", 
  "Strategy": "Hashed", 
  "Plan Rows": 340, 
  "Parallel Aware": false, 
  "Output": [
   "date_dim.d_week_seq", 
   "store_sales.ss_store_sk", 
   "sum(CASE WHEN (date_dim.d_day_name = 'Sunday'::bpchar) THEN store_sales.ss_sales_price ELSE NULL::numeric END)", 
   "sum(CASE WHEN (date_dim.d_day_name = 'Monday'::bpchar) THEN store_sales.ss_sales_price ELSE NULL::numeric END)", 
   "sum(CASE WHEN (date_dim.d_day_name = 'Tuesday'::bpchar) THEN store_sales.ss_sales_price ELSE NULL::numeric END)", 
   "sum(CASE WHEN (date_dim.d_day_name = 'Wednesday'::bpchar) THEN store_sales.ss_sales_price ELSE NULL::numeric END)", 
   "sum(CASE WHEN (date_dim.d_day_name = 'Thursday'::bpchar) THEN store_sales.ss_sales_price ELSE NULL::numeric END)", 
   "sum(CASE WHEN (date_dim.d_day_name = 'Friday'::bpchar) THEN store_sales.ss_sales_price ELSE NULL::numeric END)", 
   "sum(CASE WHEN (date_dim.d_day_name = 'Saturday'::bpchar) THEN store_sales.ss_sales_price ELSE NULL::numeric END)"
  ], 
  "Group Key": [
   "date_dim.d_week_seq", 
   "store_sales.ss_store_sk"
  ], 
  "Parent Relationship": "InitPlan", 
  "Subplan Name": "CTE wss", 
  "Total Cost": 57.1
 }, 
 {
  "Startup Cost": 45.42, 
  "plan_id": 1291, 
  "Plans": [
   1292
  ], 
  "Sort Key": [
   "store.s_store_name", 
   "store.s_store_id", 
   "wss.d_week_seq"
  ], 
  "Plan Rows": 1, 
  "Node Type": "Sort", 
  "filename": "plans/query59.json", 
  "Parallel Aware": false, 
  "Parent Relationship": "Outer", 
  "Output": [
   "store.s_store_name", 
   "store.s_store_id", 
   "wss.d_week_seq", 
   "((wss.sun_sales / wss_1.sun_sales))", 
   "((wss.mon_sales / wss_1.mon_sales))", 
   "((wss.tue_sales / wss_1.tue_sales))", 
   "((wss.wed_sales / wss_1.wed_sales))", 
   "((wss.thu_sales / wss_1.thu_sales))", 
   "((wss.fri_sales / wss_1.fri_sales))", 
   "((wss.sat_sales / wss_1.sat_sales))"
  ], 
  "Plan Width": 414, 
  "Total Cost": 45.43
 }, 
 {
  "Startup Cost": 102.52, 
  "plan_id": 1285, 
  "Plans": [
   1286, 
   1291
  ], 
  "Plan Rows": 1, 
  "Node Type": "Limit", 
  "filename": "plans/query59.json", 
  "Parallel Aware": false, 
  "Output": [
   "store.s_store_name", 
   "store.s_store_id", 
   "wss.d_week_seq", 
   "((wss.sun_sales / wss_1.sun_sales))", 
   "((wss.mon_sales / wss_1.mon_sales))", 
   "((wss.tue_sales / wss_1.tue_sales))", 
   "((wss.wed_sales / wss_1.wed_sales))", 
   "((wss.thu_sales / wss_1.thu_sales))", 
   "((wss.fri_sales / wss_1.fri_sales))", 
   "((wss.sat_sales / wss_1.sat_sales))"
  ], 
  "Plan Width": 414, 
  "Total Cost": 102.53
 }, 
 {
  "Relation Name": "date_dim", 
  "Startup Cost": 0.0, 
  "plan_id": 1308, 
  "Node Type": "Seq Scan", 
  "Plan Rows": 1, 
  "Filter": "((date_dim.d_year = 2002) AND (date_dim.d_moy = 1))", 
  "Alias": "date_dim", 
  "filename": "plans/query6.json", 
  "Schema": "pg_temp_2", 
  "Parallel Aware": false, 
  "Parent Relationship": "Outer", 
  "Output": [
   "date_dim.d_month_seq"
  ], 
  "Plan Width": 4, 
  "Total Cost": 14.05
 }, 
 {
  "Startup Cost": 14.06, 
  "plan_id": 1307, 
  "Plans": [
   1308
  ], 
  "Sort Key": [
   "date_dim.d_month_seq"
  ], 
  "Plan Rows": 1, 
  "Node Type": "Sort", 
  "filename": "plans/query6.json", 
  "Parallel Aware": false, 
  "Parent Relationship": "Outer", 
  "Output": [
   "date_dim.d_month_seq"
  ], 
  "Plan Width": 4, 
  "Total Cost": 14.07
 }, 
 {
  "Relation Name": "date_dim", 
  "Startup Cost": 0.0, 
  "plan_id": 1318, 
  "Node Type": "Seq Scan", 
  "Plan Rows": 1, 
  "Filter": "(d.d_month_seq = $0)", 
  "Alias": "d", 
  "filename": "plans/query6.json", 
  "Schema": "pg_temp_2", 
  "Parallel Aware": false, 
  "Parent Relationship": "Outer", 
  "Output": [
   "d.d_date_sk"
  ], 
  "Plan Width": 4, 
  "Total Cost": 13.38
 }, 
 {
  "Startup Cost": 0.0, 
  "plan_id": 1316, 
  "Node Type": "Seq Scan", 
  "Plan Rows": 340, 
  "Relation Name": "store_sales", 
  "Alias": "s", 
  "filename": "plans/query6.json", 
  "Schema": "pg_temp_2", 
  "Parallel Aware": false, 
  "Parent Relationship": "Outer", 
  "Output": [
   "s.ss_sold_date_sk", 
   "s.ss_sold_time_sk", 
   "s.ss_item_sk", 
   "s.ss_customer_sk", 
   "s.ss_cdemo_sk", 
   "s.ss_hdemo_sk", 
   "s.ss_addr_sk", 
   "s.ss_store_sk", 
   "s.ss_promo_sk", 
   "s.ss_ticket_number", 
   "s.ss_quantity", 
   "s.ss_wholesale_cost", 
   "s.ss_list_price", 
   "s.ss_sales_price", 
   "s.ss_ext_discount_amt", 
   "s.ss_ext_sales_price", 
   "s.ss_ext_wholesale_cost", 
   "s.ss_ext_list_price", 
   "s.ss_ext_tax", 
   "s.ss_coupon_amt", 
   "s.ss_net_paid", 
   "s.ss_net_paid_inc_tax", 
   "s.ss_net_profit"
  ], 
  "Plan Width": 12, 
  "Total Cost": 13.4
 }, 
 {
  "Startup Cost": 13.38, 
  "plan_id": 1317, 
  "Plans": [
   1318
  ], 
  "Plan Rows": 1, 
  "Node Type": "Hash", 
  "filename": "plans/query6.json", 
  "Parallel Aware": false, 
  "Parent Relationship": "Inner", 
  "Output": [
   "d.d_date_sk"
  ], 
  "Plan Width": 4, 
  "Total Cost": 13.38
 }, 
 {
  "Startup Cost": 13.39, 
  "Plan Width": 8, 
  "plan_id": 1315, 
  "Plans": [
   1316, 
   1317
  ], 
  "Plan Rows": 1, 
  "Node Type": "Hash Join", 
  "Join Type": "Inner", 
  "filename": "plans/query6.json", 
  "Parallel Aware": false, 
  "Output": [
   "s.ss_customer_sk", 
   "s.ss_item_sk"
  ], 
  "Hash Cond": "(s.ss_sold_date_sk = d.d_date_sk)", 
  "Parent Relationship": "Outer", 
  "Total Cost": 28.07
 }, 
 {
  "Startup Cost": 0.14, 
  "filename": "plans/query6.json", 
  "plan_id": 1319, 
  "Scan Direction": "Forward", 
  "Index Cond": "(c.c_customer_sk = s.ss_customer_sk)", 
  "Node Type": "Index Scan", 
  "Relation Name": "customer", 
  "Alias": "c", 
  "Plan Rows": 1, 
  "Schema": "pg_temp_2", 
  "Parallel Aware": false, 
  "Parent Relationship": "Inner", 
  "Output": [
   "c.c_customer_sk", 
   "c.c_customer_id", 
   "c.c_current_cdemo_sk", 
   "c.c_current_hdemo_sk", 
   "c.c_current_addr_sk", 
   "c.c_first_shipto_date_sk", 
   "c.c_first_sales_date_sk", 
   "c.c_salutation", 
   "c.c_first_name", 
   "c.c_last_name", 
   "c.c_preferred_cust_flag", 
   "c.c_birth_day", 
   "c.c_birth_month", 
   "c.c_birth_year", 
   "c.c_birth_country", 
   "c.c_login", 
   "c.c_email_address", 
   "c.c_last_review_date"
  ], 
  "Index Name": "customer_pkey", 
  "Plan Width": 8, 
  "Total Cost": 0.29
 }, 
 {
  "Startup Cost": 13.53, 
  "plan_id": 1314, 
  "Plans": [
   1315, 
   1319
  ], 
  "Plan Rows": 1, 
  "Node Type": "Nested Loop", 
  "Join Type": "Inner", 
  "filename": "plans/query6.json", 
  "Parallel Aware": false, 
  "Parent Relationship": "Outer", 
  "Output": [
   "c.c_current_addr_sk", 
   "s.ss_item_sk"
  ], 
  "Plan Width": 8, 
  "Total Cost": 28.37
 }, 
 {
  "Startup Cost": 0.14, 
  "filename": "plans/query6.json", 
  "plan_id": 1320, 
  "Scan Direction": "Forward", 
  "Index Cond": "(a.ca_address_sk = c.c_current_addr_sk)", 
  "Node Type": "Index Scan", 
  "Relation Name": "customer_address", 
  "Alias": "a", 
  "Plan Rows": 1, 
  "Schema": "pg_temp_2", 
  "Parallel Aware": false, 
  "Parent Relationship": "Inner", 
  "Output": [
   "a.ca_address_sk", 
   "a.ca_address_id", 
   "a.ca_street_number", 
   "a.ca_street_name", 
   "a.ca_street_type", 
   "a.ca_suite_number", 
   "a.ca_city", 
   "a.ca_county", 
   "a.ca_state", 
   "a.ca_zip", 
   "a.ca_country", 
   "a.ca_gmt_offset", 
   "a.ca_location_type"
  ], 
  "Index Name": "customer_address_pkey", 
  "Plan Width": 16, 
  "Total Cost": 0.6
 }, 
 {
  "Relation Name": "item", 
  "Startup Cost": 0.0, 
  "plan_id": 1323, 
  "Node Type": "Seq Scan", 
  "Plan Rows": 1, 
  "Filter": "(j.i_category = i.i_category)", 
  "Alias": "j", 
  "filename": "plans/query6.json", 
  "Schema": "pg_temp_2", 
  "Parallel Aware": false, 
  "Parent Relationship": "Outer", 
  "Output": [
   "j.i_item_sk", 
   "j.i_item_id", 
   "j.i_rec_start_date", 
   "j.i_rec_end_date", 
   "j.i_item_desc", 
   "j.i_current_price", 
   "j.i_wholesale_cost", 
   "j.i_brand_id", 
   "j.i_brand", 
   "j.i_class_id", 
   "j.i_class", 
   "j.i_category_id", 
   "j.i_category", 
   "j.i_manufact_id", 
   "j.i_manufact", 
   "j.i_size", 
   "j.i_formulation", 
   "j.i_color", 
   "j.i_units", 
   "j.i_container", 
   "j.i_manager_id", 
   "j.i_product_name"
  ], 
  "Plan Width": 14, 
  "Total Cost": 10.5
 }, 
 {
  "Partial Mode": "Simple", 
  "Startup Cost": 10.5, 
  "plan_id": 1322, 
  "Plans": [
   1323
  ], 
  "Plan Rows": 1, 
  "Strategy": "Plain", 
  "filename": "plans/query6.json", 
  "Parallel Aware": false, 
  "Parent Relationship": "SubPlan", 
  "Output": [
   "avg(j.i_current_price)"
  ], 
  "Plan Width": 32, 
  "Subplan Name": "SubPlan 2", 
  "Node Type": "Aggregate", 
  "Total Cost": 10.51
 }, 
 {
  "Startup Cost": 13.67, 
  "plan_id": 1313, 
  "Plans": [
   1314, 
   1320
  ], 
  "Plan Rows": 1, 
  "Node Type": "Nested Loop", 
  "Join Type": "Inner", 
  "filename": "plans/query6.json", 
  "Parallel Aware": false, 
  "Parent Relationship": "Outer", 
  "Output": [
   "a.ca_state", 
   "s.ss_item_sk"
  ], 
  "Plan Width": 16, 
  "Total Cost": 28.98
 }, 
 {
  "Filter": "(i.i_current_price > (1.2 * (SubPlan 2)))", 
  "Startup Cost": 0.14, 
  "Scan Direction": "Forward", 
  "plan_id": 1321, 
  "Plans": [
   1322
  ], 
  "Node Type": "Index Scan", 
  "Index Cond": "(i.i_item_sk = s.ss_item_sk)", 
  "Plan Rows": 1, 
  "Relation Name": "item", 
  "Alias": "i", 
  "filename": "plans/query6.json", 
  "Schema": "pg_temp_2", 
  "Parallel Aware": false, 
  "Parent Relationship": "Inner", 
  "Output": [
   "i.i_item_sk", 
   "i.i_item_id", 
   "i.i_rec_start_date", 
   "i.i_rec_end_date", 
   "i.i_item_desc", 
   "i.i_current_price", 
   "i.i_wholesale_cost", 
   "i.i_brand_id", 
   "i.i_brand", 
   "i.i_class_id", 
   "i.i_class", 
   "i.i_category_id", 
   "i.i_category", 
   "i.i_manufact_id", 
   "i.i_manufact", 
   "i.i_size", 
   "i.i_formulation", 
   "i.i_color", 
   "i.i_units", 
   "i.i_container", 
   "i.i_manager_id", 
   "i.i_product_name"
  ], 
  "Index Name": "item_pkey", 
  "Plan Width": 4, 
  "Total Cost": 10.81
 }, 
 {
  "Startup Cost": 13.81, 
  "plan_id": 1312, 
  "Plans": [
   1313, 
   1321
  ], 
  "Plan Rows": 1, 
  "Node Type": "Nested Loop", 
  "Join Type": "Inner", 
  "filename": "plans/query6.json", 
  "Parallel Aware": false, 
  "Parent Relationship": "Outer", 
  "Output": [
   "a.ca_state"
  ], 
  "Plan Width": 12, 
  "Total Cost": 39.8
 }, 
 {
  "Startup Cost": 39.81, 
  "plan_id": 1311, 
  "Plans": [
   1312
  ], 
  "Sort Key": [
   "a.ca_state"
  ], 
  "Plan Rows": 1, 
  "Node Type": "Sort", 
  "filename": "plans/query6.json", 
  "Parallel Aware": false, 
  "Parent Relationship": "Outer", 
  "Output": [
   "a.ca_state"
  ], 
  "Plan Width": 12, 
  "Total Cost": 39.81
 }, 
 {
  "Partial Mode": "Simple", 
  "Startup Cost": 39.81, 
  "Plan Width": 20, 
  "plan_id": 1310, 
  "Plans": [
   1311
  ], 
  "filename": "plans/query6.json", 
  "Node Type": "Aggregate", 
  "Strategy": "Sorted", 
  "Filter": "(count(*) >= 10)", 
  "Plan Rows": 1, 
  "Parallel Aware": false, 
  "Output": [
   "a.ca_state", 
   "count(*)"
  ], 
  "Group Key": [
   "a.ca_state"
  ], 
  "Parent Relationship": "Outer", 
  "Total Cost": 39.83
 }, 
 {
  "Startup Cost": 14.06, 
  "plan_id": 1306, 
  "Plans": [
   1307
  ], 
  "Plan Rows": 1, 
  "Node Type": "Unique", 
  "filename": "plans/query6.json", 
  "Parallel Aware": false, 
  "Parent Relationship": "InitPlan", 
  "Output": [
   "date_dim.d_month_seq"
  ], 
  "Plan Width": 4, 
  "Subplan Name": "InitPlan 1 (returns $0)", 
  "Total Cost": 14.07
 }, 
 {
  "Startup Cost": 39.84, 
  "plan_id": 1309, 
  "Plans": [
   1310
  ], 
  "Sort Key": [
   "(count(*))"
  ], 
  "Plan Rows": 1, 
  "Node Type": "Sort", 
  "filename": "plans/query6.json", 
  "Parallel Aware": false, 
  "Parent Relationship": "Outer", 
  "Output": [
   "a.ca_state", 
   "(count(*))"
  ], 
  "Plan Width": 20, 
  "Total Cost": 39.85
 }, 
 {
  "Startup Cost": 53.91, 
  "plan_id": 1305, 
  "Plans": [
   1306, 
   1309
  ], 
  "Plan Rows": 1, 
  "Node Type": "Limit", 
  "filename": "plans/query6.json", 
  "Parallel Aware": false, 
  "Output": [
   "a.ca_state", 
   "(count(*))"
  ], 
  "Plan Width": 20, 
  "Total Cost": 53.91
 }, 
 {
  "Relation Name": "item", 
  "Startup Cost": 0.0, 
  "plan_id": 1333, 
  "Node Type": "Seq Scan", 
  "Plan Rows": 1, 
  "Filter": "(item_1.i_category = 'Children'::bpchar)", 
  "Alias": "item_1", 
  "filename": "plans/query60.json", 
  "Schema": "pg_temp_2", 
  "Parallel Aware": false, 
  "Parent Relationship": "Outer", 
  "Output": [
   "item_1.i_item_id"
  ], 
  "Plan Width": 68, 
  "Total Cost": 10.5
 }, 
 {
  "Startup Cost": 0.0, 
  "plan_id": 1331, 
  "Node Type": "Seq Scan", 
  "Plan Rows": 40, 
  "Relation Name": "item", 
  "Alias": "item", 
  "filename": "plans/query60.json", 
  "Schema": "pg_temp_2", 
  "Parallel Aware": false, 
  "Parent Relationship": "Outer", 
  "Output": [
   "item.i_item_sk", 
   "item.i_item_id", 
   "item.i_rec_start_date", 
   "item.i_rec_end_date", 
   "item.i_item_desc", 
   "item.i_current_price", 
   "item.i_wholesale_cost", 
   "item.i_brand_id", 
   "item.i_brand", 
   "item.i_class_id", 
   "item.i_class", 
   "item.i_category_id", 
   "item.i_category", 
   "item.i_manufact_id", 
   "item.i_manufact", 
   "item.i_size", 
   "item.i_formulation", 
   "item.i_color", 
   "item.i_units", 
   "item.i_container", 
   "item.i_manager_id", 
   "item.i_product_name"
  ], 
  "Plan Width": 72, 
  "Total Cost": 10.4
 }, 
 {
  "Startup Cost": 10.5, 
  "plan_id": 1332, 
  "Plans": [
   1333
  ], 
  "Plan Rows": 1, 
  "Node Type": "Hash", 
  "filename": "plans/query60.json", 
  "Parallel Aware": false, 
  "Parent Relationship": "Inner", 
  "Output": [
   "item_1.i_item_id"
  ], 
  "Plan Width": 68, 
  "Total Cost": 10.5
 }, 
 {
  "Startup Cost": 10.51, 
  "Plan Width": 72, 
  "plan_id": 1330, 
  "Plans": [
   1331, 
   1332
  ], 
  "Plan Rows": 1, 
  "Node Type": "Hash Join", 
  "Join Type": "Semi", 
  "filename": "plans/query60.json", 
  "Parallel Aware": false, 
  "Output": [
   "item.i_item_id", 
   "item.i_item_sk"
  ], 
  "Hash Cond": "(item.i_item_id = item_1.i_item_id)", 
  "Parent Relationship": "Outer", 
  "Total Cost": 21.03
 }, 
 {
  "Startup Cost": 0.15, 
  "filename": "plans/query60.json", 
  "plan_id": 1334, 
  "Scan Direction": "Forward", 
  "Index Cond": "(store_sales.ss_item_sk = item.i_item_sk)", 
  "Node Type": "Index Scan", 
  "Relation Name": "store_sales", 
  "Alias": "store_sales", 
  "Plan Rows": 2, 
  "Schema": "pg_temp_2", 
  "Parallel Aware": false, 
  "Parent Relationship": "Inner", 
  "Output": [
   "store_sales.ss_sold_date_sk", 
   "store_sales.ss_sold_time_sk", 
   "store_sales.ss_item_sk", 
   "store_sales.ss_customer_sk", 
   "store_sales.ss_cdemo_sk", 
   "store_sales.ss_hdemo_sk", 
   "store_sales.ss_addr_sk", 
   "store_sales.ss_store_sk", 
   "store_sales.ss_promo_sk", 
   "store_sales.ss_ticket_number", 
   "store_sales.ss_quantity", 
   "store_sales.ss_wholesale_cost", 
   "store_sales.ss_list_price", 
   "store_sales.ss_sales_price", 
   "store_sales.ss_ext_discount_amt", 
   "store_sales.ss_ext_sales_price", 
   "store_sales.ss_ext_wholesale_cost", 
   "store_sales.ss_ext_list_price", 
   "store_sales.ss_ext_tax", 
   "store_sales.ss_coupon_amt", 
   "store_sales.ss_net_paid", 
   "store_sales.ss_net_paid_inc_tax", 
   "store_sales.ss_net_profit"
  ], 
  "Index Name": "store_sales_pkey", 
  "Plan Width": 26, 
  "Total Cost": 1.28
 }, 
 {
  "Startup Cost": 10.66, 
  "plan_id": 1329, 
  "Plans": [
   1330, 
   1334
  ], 
  "Plan Rows": 2, 
  "Node Type": "Nested Loop", 
  "Join Type": "Inner", 
  "filename": "plans/query60.json", 
  "Parallel Aware": false, 
  "Parent Relationship": "Outer", 
  "Output": [
   "store_sales.ss_ext_sales_price", 
   "store_sales.ss_sold_date_sk", 
   "store_sales.ss_addr_sk", 
   "item.i_item_id"
  ], 
  "Plan Width": 90, 
  "Total Cost": 22.33
 }, 
 {
  "Filter": "(customer_address.ca_gmt_offset = '-5'::numeric)", 
  "Startup Cost": 0.14, 
  "filename": "plans/query60.json", 
  "plan_id": 1335, 
  "Scan Direction": "Forward", 
  "Index Cond": "(customer_address.ca_address_sk = store_sales.ss_addr_sk)", 
  "Node Type": "Index Scan", 
  "Relation Name": "customer_address", 
  "Alias": "customer_address", 
  "Plan Rows": 1, 
  "Schema": "pg_temp_2", 
  "Parallel Aware": false, 
  "Parent Relationship": "Inner", 
  "Output": [
   "customer_address.ca_address_sk", 
   "customer_address.ca_address_id", 
   "customer_address.ca_street_number", 
   "customer_address.ca_street_name", 
   "customer_address.ca_street_type", 
   "customer_address.ca_suite_number", 
   "customer_address.ca_city", 
   "customer_address.ca_county", 
   "customer_address.ca_state", 
   "customer_address.ca_zip", 
   "customer_address.ca_country", 
   "customer_address.ca_gmt_offset", 
   "customer_address.ca_location_type"
  ], 
  "Index Name": "customer_address_pkey", 
  "Plan Width": 4, 
  "Total Cost": 0.29
 }, 
 {
  "Startup Cost": 10.8, 
  "plan_id": 1328, 
  "Plans": [
   1329, 
   1335
  ], 
  "Plan Rows": 1, 
  "Node Type": "Nested Loop", 
  "Join Type": "Inner", 
  "filename": "plans/query60.json", 
  "Parallel Aware": false, 
  "Parent Relationship": "Outer", 
  "Output": [
   "store_sales.ss_ext_sales_price", 
   "store_sales.ss_sold_date_sk", 
   "item.i_item_id"
  ], 
  "Plan Width": 86, 
  "Total Cost": 22.93
 }, 
 {
  "Filter": "((date_dim.d_year = 1999) AND (date_dim.d_moy = 8))", 
  "Startup Cost": 0.15, 
  "filename": "plans/query60.json", 
  "plan_id": 1336, 
  "Scan Direction": "Forward", 
  "Index Cond": "(date_dim.d_date_sk = store_sales.ss_sold_date_sk)", 
  "Node Type": "Index Scan", 
  "Relation Name": "date_dim", 
  "Alias": "date_dim", 
  "Plan Rows": 1, 
  "Schema": "pg_temp_2", 
  "Parallel Aware": false, 
  "Parent Relationship": "Inner", 
  "Output": [
   "date_dim.d_date_sk", 
   "date_dim.d_date_id", 
   "date_dim.d_date", 
   "date_dim.d_month_seq", 
   "date_dim.d_week_seq", 
   "date_dim.d_quarter_seq", 
   "date_dim.d_year", 
   "date_dim.d_dow", 
   "date_dim.d_moy", 
   "date_dim.d_dom", 
   "date_dim.d_qoy", 
   "date_dim.d_fy_year", 
   "date_dim.d_fy_quarter_seq", 
   "date_dim.d_fy_week_seq", 
   "date_dim.d_day_name", 
   "date_dim.d_quarter_name", 
   "date_dim.d_holiday", 
   "date_dim.d_weekend", 
   "date_dim.d_following_holiday", 
   "date_dim.d_first_dom", 
   "date_dim.d_last_dom", 
   "date_dim.d_same_day_ly", 
   "date_dim.d_same_day_lq", 
   "date_dim.d_current_day", 
   "date_dim.d_current_week", 
   "date_dim.d_current_month", 
   "date_dim.d_current_quarter", 
   "date_dim.d_current_year"
  ], 
  "Index Name": "date_dim_pkey", 
  "Plan Width": 4, 
  "Total Cost": 0.3
 }, 
 {
  "Startup Cost": 10.95, 
  "plan_id": 1327, 
  "Plans": [
   1328, 
   1336
  ], 
  "Plan Rows": 1, 
  "Node Type": "Nested Loop", 
  "Join Type": "Inner", 
  "filename": "plans/query60.json", 
  "Parallel Aware": false, 
  "Parent Relationship": "Outer", 
  "Output": [
   "item.i_item_id", 
   "store_sales.ss_ext_sales_price"
  ], 
  "Plan Width": 82, 
  "Total Cost": 23.24
 }, 
 {
  "Startup Cost": 23.25, 
  "plan_id": 1326, 
  "Plans": [
   1327
  ], 
  "Sort Key": [
   "item.i_item_id"
  ], 
  "Plan Rows": 1, 
  "Node Type": "Sort", 
  "filename": "plans/query60.json", 
  "Parallel Aware": false, 
  "Parent Relationship": "Outer", 
  "Output": [
   "item.i_item_id", 
   "store_sales.ss_ext_sales_price"
  ], 
  "Plan Width": 82, 
  "Total Cost": 23.26
 }, 
 {
  "Relation Name": "item", 
  "Startup Cost": 0.0, 
  "plan_id": 1345, 
  "Node Type": "Seq Scan", 
  "Plan Rows": 1, 
  "Filter": "(item_3.i_category = 'Children'::bpchar)", 
  "Alias": "item_3", 
  "filename": "plans/query60.json", 
  "Schema": "pg_temp_2", 
  "Parallel Aware": false, 
  "Parent Relationship": "Outer", 
  "Output": [
   "item_3.i_item_id"
  ], 
  "Plan Width": 68, 
  "Total Cost": 10.5
 }, 
 {
  "Startup Cost": 0.0, 
  "plan_id": 1343, 
  "Node Type": "Seq Scan", 
  "Plan Rows": 40, 
  "Relation Name": "item", 
  "Alias": "item_2", 
  "filename": "plans/query60.json", 
  "Schema": "pg_temp_2", 
  "Parallel Aware": false, 
  "Parent Relationship": "Outer", 
  "Output": [
   "item_2.i_item_sk", 
   "item_2.i_item_id", 
   "item_2.i_rec_start_date", 
   "item_2.i_rec_end_date", 
   "item_2.i_item_desc", 
   "item_2.i_current_price", 
   "item_2.i_wholesale_cost", 
   "item_2.i_brand_id", 
   "item_2.i_brand", 
   "item_2.i_class_id", 
   "item_2.i_class", 
   "item_2.i_category_id", 
   "item_2.i_category", 
   "item_2.i_manufact_id", 
   "item_2.i_manufact", 
   "item_2.i_size", 
   "item_2.i_formulation", 
   "item_2.i_color", 
   "item_2.i_units", 
   "item_2.i_container", 
   "item_2.i_manager_id", 
   "item_2.i_product_name"
  ], 
  "Plan Width": 72, 
  "Total Cost": 10.4
 }, 
 {
  "Startup Cost": 10.5, 
  "plan_id": 1344, 
  "Plans": [
   1345
  ], 
  "Plan Rows": 1, 
  "Node Type": "Hash", 
  "filename": "plans/query60.json", 
  "Parallel Aware": false, 
  "Parent Relationship": "Inner", 
  "Output": [
   "item_3.i_item_id"
  ], 
  "Plan Width": 68, 
  "Total Cost": 10.5
 }, 
 {
  "Startup Cost": 10.51, 
  "Plan Width": 72, 
  "plan_id": 1342, 
  "Plans": [
   1343, 
   1344
  ], 
  "Plan Rows": 1, 
  "Node Type": "Hash Join", 
  "Join Type": "Semi", 
  "filename": "plans/query60.json", 
  "Parallel Aware": false, 
  "Output": [
   "item_2.i_item_id", 
   "item_2.i_item_sk"
  ], 
  "Hash Cond": "(item_2.i_item_id = item_3.i_item_id)", 
  "Parent Relationship": "Outer", 
  "Total Cost": 21.03
 }, 
 {
  "Startup Cost": 0.15, 
  "filename": "plans/query60.json", 
  "plan_id": 1346, 
  "Scan Direction": "Forward", 
  "Index Cond": "(catalog_sales.cs_item_sk = item_2.i_item_sk)", 
  "Node Type": "Index Scan", 
  "Relation Name": "catalog_sales", 
  "Alias": "catalog_sales", 
  "Plan Rows": 1, 
  "Schema": "pg_temp_2", 
  "Parallel Aware": false, 
  "Parent Relationship": "Inner", 
  "Output": [
   "catalog_sales.cs_sold_date_sk", 
   "catalog_sales.cs_sold_time_sk", 
   "catalog_sales.cs_ship_date_sk", 
   "catalog_sales.cs_bill_customer_sk", 
   "catalog_sales.cs_bill_cdemo_sk", 
   "catalog_sales.cs_bill_hdemo_sk", 
   "catalog_sales.cs_bill_addr_sk", 
   "catalog_sales.cs_ship_customer_sk", 
   "catalog_sales.cs_ship_cdemo_sk", 
   "catalog_sales.cs_ship_hdemo_sk", 
   "catalog_sales.cs_ship_addr_sk", 
   "catalog_sales.cs_call_center_sk", 
   "catalog_sales.cs_catalog_page_sk", 
   "catalog_sales.cs_ship_mode_sk", 
   "catalog_sales.cs_warehouse_sk", 
   "catalog_sales.cs_item_sk", 
   "catalog_sales.cs_promo_sk", 
   "catalog_sales.cs_order_number", 
   "catalog_sales.cs_quantity", 
   "catalog_sales.cs_wholesale_cost", 
   "catalog_sales.cs_list_price", 
   "catalog_sales.cs_sales_price", 
   "catalog_sales.cs_ext_discount_amt", 
   "catalog_sales.cs_ext_sales_price", 
   "catalog_sales.cs_ext_wholesale_cost", 
   "catalog_sales.cs_ext_list_price", 
   "catalog_sales.cs_ext_tax", 
   "catalog_sales.cs_coupon_amt", 
   "catalog_sales.cs_ext_ship_cost", 
   "catalog_sales.cs_net_paid", 
   "catalog_sales.cs_net_paid_inc_tax", 
   "catalog_sales.cs_net_paid_inc_ship", 
   "catalog_sales.cs_net_paid_inc_ship_tax", 
   "catalog_sales.cs_net_profit"
  ], 
  "Index Name": "catalog_sales_pkey", 
  "Plan Width": 26, 
  "Total Cost": 1.26
 }, 
 {
  "Startup Cost": 10.66, 
  "plan_id": 1341, 
  "Plans": [
   1342, 
   1346
  ], 
  "Plan Rows": 1, 
  "Node Type": "Nested Loop", 
  "Join Type": "Inner", 
  "filename": "plans/query60.json", 
  "Parallel Aware": false, 
  "Parent Relationship": "Outer", 
  "Output": [
   "catalog_sales.cs_ext_sales_price", 
   "catalog_sales.cs_sold_date_sk", 
   "catalog_sales.cs_bill_addr_sk", 
   "item_2.i_item_id"
  ], 
  "Plan Width": 90, 
  "Total Cost": 22.3
 }, 
 {
  "Filter": "((date_dim_1.d_year = 1999) AND (date_dim_1.d_moy = 8))", 
  "Startup Cost": 0.15, 
  "filename": "plans/query60.json", 
  "plan_id": 1347, 
  "Scan Direction": "Forward", 
  "Index Cond": "(date_dim_1.d_date_sk = catalog_sales.cs_sold_date_sk)", 
  "Node Type": "Index Scan", 
  "Relation Name": "date_dim", 
  "Alias": "date_dim_1", 
  "Plan Rows": 1, 
  "Schema": "pg_temp_2", 
  "Parallel Aware": false, 
  "Parent Relationship": "Inner", 
  "Output": [
   "date_dim_1.d_date_sk", 
   "date_dim_1.d_date_id", 
   "date_dim_1.d_date", 
   "date_dim_1.d_month_seq", 
   "date_dim_1.d_week_seq", 
   "date_dim_1.d_quarter_seq", 
   "date_dim_1.d_year", 
   "date_dim_1.d_dow", 
   "date_dim_1.d_moy", 
   "date_dim_1.d_dom", 
   "date_dim_1.d_qoy", 
   "date_dim_1.d_fy_year", 
   "date_dim_1.d_fy_quarter_seq", 
   "date_dim_1.d_fy_week_seq", 
   "date_dim_1.d_day_name", 
   "date_dim_1.d_quarter_name", 
   "date_dim_1.d_holiday", 
   "date_dim_1.d_weekend", 
   "date_dim_1.d_following_holiday", 
   "date_dim_1.d_first_dom", 
   "date_dim_1.d_last_dom", 
   "date_dim_1.d_same_day_ly", 
   "date_dim_1.d_same_day_lq", 
   "date_dim_1.d_current_day", 
   "date_dim_1.d_current_week", 
   "date_dim_1.d_current_month", 
   "date_dim_1.d_current_quarter", 
   "date_dim_1.d_current_year"
  ], 
  "Index Name": "date_dim_pkey", 
  "Plan Width": 4, 
  "Total Cost": 0.34
 }, 
 {
  "Startup Cost": 10.81, 
  "plan_id": 1340, 
  "Plans": [
   1341, 
   1347
  ], 
  "Plan Rows": 1, 
  "Node Type": "Nested Loop", 
  "Join Type": "Inner", 
  "filename": "plans/query60.json", 
  "Parallel Aware": false, 
  "Parent Relationship": "Outer", 
  "Output": [
   "catalog_sales.cs_ext_sales_price", 
   "catalog_sales.cs_bill_addr_sk", 
   "item_2.i_item_id"
  ], 
  "Plan Width": 86, 
  "Total Cost": 22.65
 }, 
 {
  "Filter": "(customer_address_1.ca_gmt_offset = '-5'::numeric)", 
  "Startup Cost": 0.14, 
  "filename": "plans/query60.json", 
  "plan_id": 1348, 
  "Scan Direction": "Forward", 
  "Index Cond": "(customer_address_1.ca_address_sk = catalog_sales.cs_bill_addr_sk)", 
  "Node Type": "Index Scan", 
  "Relation Name": "customer_address", 
  "Alias": "customer_address_1", 
  "Plan Rows": 1, 
  "Schema": "pg_temp_2", 
  "Parallel Aware": false, 
  "Parent Relationship": "Inner", 
  "Output": [
   "customer_address_1.ca_address_sk", 
   "customer_address_1.ca_address_id", 
   "customer_address_1.ca_street_number", 
   "customer_address_1.ca_street_name", 
   "customer_address_1.ca_street_type", 
   "customer_address_1.ca_suite_number", 
   "customer_address_1.ca_city", 
   "customer_address_1.ca_county", 
   "customer_address_1.ca_state", 
   "customer_address_1.ca_zip", 
   "customer_address_1.ca_country", 
   "customer_address_1.ca_gmt_offset", 
   "customer_address_1.ca_location_type"
  ], 
  "Index Name": "customer_address_pkey", 
  "Plan Width": 4, 
  "Total Cost": 0.33
 }, 
 {
  "Startup Cost": 10.95, 
  "plan_id": 1339, 
  "Plans": [
   1340, 
   1348
  ], 
  "Plan Rows": 1, 
  "Node Type": "Nested Loop", 
  "Join Type": "Inner", 
  "filename": "plans/query60.json", 
  "Parallel Aware": false, 
  "Parent Relationship": "Outer", 
  "Output": [
   "item_2.i_item_id", 
   "catalog_sales.cs_ext_sales_price"
  ], 
  "Plan Width": 82, 
  "Total Cost": 22.99
 }, 
 {
  "Startup Cost": 23.0, 
  "plan_id": 1338, 
  "Plans": [
   1339
  ], 
  "Sort Key": [
   "item_2.i_item_id"
  ], 
  "Plan Rows": 1, 
  "Node Type": "Sort", 
  "filename": "plans/query60.json", 
  "Parallel Aware": false, 
  "Parent Relationship": "Outer", 
  "Output": [
   "item_2.i_item_id", 
   "catalog_sales.cs_ext_sales_price"
  ], 
  "Plan Width": 82, 
  "Total Cost": 23.01
 }, 
 {
  "Relation Name": "item", 
  "Startup Cost": 0.0, 
  "plan_id": 1357, 
  "Node Type": "Seq Scan", 
  "Plan Rows": 1, 
  "Filter": "(item_5.i_category = 'Children'::bpchar)", 
  "Alias": "item_5", 
  "filename": "plans/query60.json", 
  "Schema": "pg_temp_2", 
  "Parallel Aware": false, 
  "Parent Relationship": "Outer", 
  "Output": [
   "item_5.i_item_id"
  ], 
  "Plan Width": 68, 
  "Total Cost": 10.5
 }, 
 {
  "Startup Cost": 0.0, 
  "plan_id": 1355, 
  "Node Type": "Seq Scan", 
  "Plan Rows": 40, 
  "Relation Name": "item", 
  "Alias": "item_4", 
  "filename": "plans/query60.json", 
  "Schema": "pg_temp_2", 
  "Parallel Aware": false, 
  "Parent Relationship": "Outer", 
  "Output": [
   "item_4.i_item_sk", 
   "item_4.i_item_id", 
   "item_4.i_rec_start_date", 
   "item_4.i_rec_end_date", 
   "item_4.i_item_desc", 
   "item_4.i_current_price", 
   "item_4.i_wholesale_cost", 
   "item_4.i_brand_id", 
   "item_4.i_brand", 
   "item_4.i_class_id", 
   "item_4.i_class", 
   "item_4.i_category_id", 
   "item_4.i_category", 
   "item_4.i_manufact_id", 
   "item_4.i_manufact", 
   "item_4.i_size", 
   "item_4.i_formulation", 
   "item_4.i_color", 
   "item_4.i_units", 
   "item_4.i_container", 
   "item_4.i_manager_id", 
   "item_4.i_product_name"
  ], 
  "Plan Width": 72, 
  "Total Cost": 10.4
 }, 
 {
  "Startup Cost": 10.5, 
  "plan_id": 1356, 
  "Plans": [
   1357
  ], 
  "Plan Rows": 1, 
  "Node Type": "Hash", 
  "filename": "plans/query60.json", 
  "Parallel Aware": false, 
  "Parent Relationship": "Inner", 
  "Output": [
   "item_5.i_item_id"
  ], 
  "Plan Width": 68, 
  "Total Cost": 10.5
 }, 
 {
  "Startup Cost": 10.51, 
  "Plan Width": 72, 
  "plan_id": 1354, 
  "Plans": [
   1355, 
   1356
  ], 
  "Plan Rows": 1, 
  "Node Type": "Hash Join", 
  "Join Type": "Semi", 
  "filename": "plans/query60.json", 
  "Parallel Aware": false, 
  "Output": [
   "item_4.i_item_id", 
   "item_4.i_item_sk"
  ], 
  "Hash Cond": "(item_4.i_item_id = item_5.i_item_id)", 
  "Parent Relationship": "Outer", 
  "Total Cost": 21.03
 }, 
 {
  "Startup Cost": 0.15, 
  "filename": "plans/query60.json", 
  "plan_id": 1358, 
  "Scan Direction": "Forward", 
  "Index Cond": "(web_sales.ws_item_sk = item_4.i_item_sk)", 
  "Node Type": "Index Scan", 
  "Relation Name": "web_sales", 
  "Alias": "web_sales", 
  "Plan Rows": 1, 
  "Schema": "pg_temp_2", 
  "Parallel Aware": false, 
  "Parent Relationship": "Inner", 
  "Output": [
   "web_sales.ws_sold_date_sk", 
   "web_sales.ws_sold_time_sk", 
   "web_sales.ws_ship_date_sk", 
   "web_sales.ws_item_sk", 
   "web_sales.ws_bill_customer_sk", 
   "web_sales.ws_bill_cdemo_sk", 
   "web_sales.ws_bill_hdemo_sk", 
   "web_sales.ws_bill_addr_sk", 
   "web_sales.ws_ship_customer_sk", 
   "web_sales.ws_ship_cdemo_sk", 
   "web_sales.ws_ship_hdemo_sk", 
   "web_sales.ws_ship_addr_sk", 
   "web_sales.ws_web_page_sk", 
   "web_sales.ws_web_site_sk", 
   "web_sales.ws_ship_mode_sk", 
   "web_sales.ws_warehouse_sk", 
   "web_sales.ws_promo_sk", 
   "web_sales.ws_order_number", 
   "web_sales.ws_quantity", 
   "web_sales.ws_wholesale_cost", 
   "web_sales.ws_list_price", 
   "web_sales.ws_sales_price", 
   "web_sales.ws_ext_discount_amt", 
   "web_sales.ws_ext_sales_price", 
   "web_sales.ws_ext_wholesale_cost", 
   "web_sales.ws_ext_list_price", 
   "web_sales.ws_ext_tax", 
   "web_sales.ws_coupon_amt", 
   "web_sales.ws_ext_ship_cost", 
   "web_sales.ws_net_paid", 
   "web_sales.ws_net_paid_inc_tax", 
   "web_sales.ws_net_paid_inc_ship", 
   "web_sales.ws_net_paid_inc_ship_tax", 
   "web_sales.ws_net_profit"
  ], 
  "Index Name": "web_sales_pkey", 
  "Plan Width": 26, 
  "Total Cost": 1.26
 }, 
 {
  "Startup Cost": 10.66, 
  "plan_id": 1353, 
  "Plans": [
   1354, 
   1358
  ], 
  "Plan Rows": 1, 
  "Node Type": "Nested Loop", 
  "Join Type": "Inner", 
  "filename": "plans/query60.json", 
  "Parallel Aware": false, 
  "Parent Relationship": "Outer", 
  "Output": [
   "web_sales.ws_ext_sales_price", 
   "web_sales.ws_sold_date_sk", 
   "web_sales.ws_bill_addr_sk", 
   "item_4.i_item_id"
  ], 
  "Plan Width": 90, 
  "Total Cost": 22.3
 }, 
 {
  "Filter": "((date_dim_2.d_year = 1999) AND (date_dim_2.d_moy = 8))", 
  "Startup Cost": 0.15, 
  "filename": "plans/query60.json", 
  "plan_id": 1359, 
  "Scan Direction": "Forward", 
  "Index Cond": "(date_dim_2.d_date_sk = web_sales.ws_sold_date_sk)", 
  "Node Type": "Index Scan", 
  "Relation Name": "date_dim", 
  "Alias": "date_dim_2", 
  "Plan Rows": 1, 
  "Schema": "pg_temp_2", 
  "Parallel Aware": false, 
  "Parent Relationship": "Inner", 
  "Output": [
   "date_dim_2.d_date_sk", 
   "date_dim_2.d_date_id", 
   "date_dim_2.d_date", 
   "date_dim_2.d_month_seq", 
   "date_dim_2.d_week_seq", 
   "date_dim_2.d_quarter_seq", 
   "date_dim_2.d_year", 
   "date_dim_2.d_dow", 
   "date_dim_2.d_moy", 
   "date_dim_2.d_dom", 
   "date_dim_2.d_qoy", 
   "date_dim_2.d_fy_year", 
   "date_dim_2.d_fy_quarter_seq", 
   "date_dim_2.d_fy_week_seq", 
   "date_dim_2.d_day_name", 
   "date_dim_2.d_quarter_name", 
   "date_dim_2.d_holiday", 
   "date_dim_2.d_weekend", 
   "date_dim_2.d_following_holiday", 
   "date_dim_2.d_first_dom", 
   "date_dim_2.d_last_dom", 
   "date_dim_2.d_same_day_ly", 
   "date_dim_2.d_same_day_lq", 
   "date_dim_2.d_current_day", 
   "date_dim_2.d_current_week", 
   "date_dim_2.d_current_month", 
   "date_dim_2.d_current_quarter", 
   "date_dim_2.d_current_year"
  ], 
  "Index Name": "date_dim_pkey", 
  "Plan Width": 4, 
  "Total Cost": 0.34
 }, 
 {
  "Startup Cost": 10.81, 
  "plan_id": 1352, 
  "Plans": [
   1353, 
   1359
  ], 
  "Plan Rows": 1, 
  "Node Type": "Nested Loop", 
  "Join Type": "Inner", 
  "filename": "plans/query60.json", 
  "Parallel Aware": false, 
  "Parent Relationship": "Outer", 
  "Output": [
   "web_sales.ws_ext_sales_price", 
   "web_sales.ws_bill_addr_sk", 
   "item_4.i_item_id"
  ], 
  "Plan Width": 86, 
  "Total Cost": 22.65
 }, 
 {
  "Filter": "(customer_address_2.ca_gmt_offset = '-5'::numeric)", 
  "Startup Cost": 0.14, 
  "filename": "plans/query60.json", 
  "plan_id": 1360, 
  "Scan Direction": "Forward", 
  "Index Cond": "(customer_address_2.ca_address_sk = web_sales.ws_bill_addr_sk)", 
  "Node Type": "Index Scan", 
  "Relation Name": "customer_address", 
  "Alias": "customer_address_2", 
  "Plan Rows": 1, 
  "Schema": "pg_temp_2", 
  "Parallel Aware": false, 
  "Parent Relationship": "Inner", 
  "Output": [
   "customer_address_2.ca_address_sk", 
   "customer_address_2.ca_address_id", 
   "customer_address_2.ca_street_number", 
   "customer_address_2.ca_street_name", 
   "customer_address_2.ca_street_type", 
   "customer_address_2.ca_suite_number", 
   "customer_address_2.ca_city", 
   "customer_address_2.ca_county", 
   "customer_address_2.ca_state", 
   "customer_address_2.ca_zip", 
   "customer_address_2.ca_country", 
   "customer_address_2.ca_gmt_offset", 
   "customer_address_2.ca_location_type"
  ], 
  "Index Name": "customer_address_pkey", 
  "Plan Width": 4, 
  "Total Cost": 0.33
 }, 
 {
  "Startup Cost": 10.95, 
  "plan_id": 1351, 
  "Plans": [
   1352, 
   1360
  ], 
  "Plan Rows": 1, 
  "Node Type": "Nested Loop", 
  "Join Type": "Inner", 
  "filename": "plans/query60.json", 
  "Parallel Aware": false, 
  "Parent Relationship": "Outer", 
  "Output": [
   "item_4.i_item_id", 
   "web_sales.ws_ext_sales_price"
  ], 
  "Plan Width": 82, 
  "Total Cost": 22.99
 }, 
 {
  "Startup Cost": 23.0, 
  "plan_id": 1350, 
  "Plans": [
   1351
  ], 
  "Sort Key": [
   "item_4.i_item_id"
  ], 
  "Plan Rows": 1, 
  "Node Type": "Sort", 
  "filename": "plans/query60.json", 
  "Parallel Aware": false, 
  "Parent Relationship": "Outer", 
  "Output": [
   "item_4.i_item_id", 
   "web_sales.ws_ext_sales_price"
  ], 
  "Plan Width": 82, 
  "Total Cost": 23.01
 }, 
 {
  "Startup Cost": 0.0, 
  "plan_id": 1364, 
  "CTE Name": "ss", 
  "Node Type": "CTE Scan", 
  "Plan Rows": 1, 
  "Alias": "ss", 
  "filename": "plans/query60.json", 
  "Parallel Aware": false, 
  "Parent Relationship": "Member", 
  "Output": [
   "ss.i_item_id", 
   "ss.total_sales"
  ], 
  "Plan Width": 100, 
  "Total Cost": 0.02
 }, 
 {
  "Startup Cost": 0.0, 
  "plan_id": 1365, 
  "CTE Name": "cs", 
  "Node Type": "CTE Scan", 
  "Plan Rows": 1, 
  "Alias": "cs", 
  "filename": "plans/query60.json", 
  "Parallel Aware": false, 
  "Parent Relationship": "Member", 
  "Output": [
   "cs.i_item_id", 
   "cs.total_sales"
  ], 
  "Plan Width": 100, 
  "Total Cost": 0.02
 }, 
 {
  "Startup Cost": 0.0, 
  "plan_id": 1366, 
  "CTE Name": "ws", 
  "Node Type": "CTE Scan", 
  "Plan Rows": 1, 
  "Alias": "ws", 
  "filename": "plans/query60.json", 
  "Parallel Aware": false, 
  "Parent Relationship": "Member", 
  "Output": [
   "ws.i_item_id", 
   "ws.total_sales"
  ], 
  "Plan Width": 100, 
  "Total Cost": 0.02
 }, 
 {
  "Startup Cost": 0.0, 
  "plan_id": 1363, 
  "Plans": [
   1364, 
   1365, 
   1366
  ], 
  "Plan Rows": 3, 
  "Node Type": "Append", 
  "filename": "plans/query60.json", 
  "Parallel Aware": false, 
  "Parent Relationship": "Outer", 
  "Plan Width": 100, 
  "Total Cost": 0.06
 }, 
 {
  "Partial Mode": "Simple", 
  "Startup Cost": 0.08, 
  "Plan Width": 100, 
  "plan_id": 1362, 
  "Plans": [
   1363
  ], 
  "filename": "plans/query60.json", 
  "Node Type": "Aggregate", 
  "Strategy": "Hashed", 
  "Plan Rows": 3, 
  "Parallel Aware": false, 
  "Output": [
   "ss.i_item_id", 
   "sum(ss.total_sales)"
  ], 
  "Group Key": [
   "ss.i_item_id"
  ], 
  "Parent Relationship": "Outer", 
  "Total Cost": 0.11
 }, 
 {
  "Partial Mode": "Simple", 
  "Startup Cost": 23.25, 
  "Plan Width": 100, 
  "plan_id": 1325, 
  "Plans": [
   1326
  ], 
  "filename": "plans/query60.json", 
  "Node Type": "Aggregate", 
  "Strategy": "Sorted", 
  "Plan Rows": 1, 
  "Parallel Aware": false, 
  "Output": [
   "item.i_item_id", 
   "sum(store_sales.ss_ext_sales_price)"
  ], 
  "Group Key": [
   "item.i_item_id"
  ], 
  "Parent Relationship": "InitPlan", 
  "Subplan Name": "CTE ss", 
  "Total Cost": 23.28
 }, 
 {
  "Partial Mode": "Simple", 
  "Startup Cost": 23.0, 
  "Plan Width": 100, 
  "plan_id": 1337, 
  "Plans": [
   1338
  ], 
  "filename": "plans/query60.json", 
  "Node Type": "Aggregate", 
  "Strategy": "Sorted", 
  "Plan Rows": 1, 
  "Parallel Aware": false, 
  "Output": [
   "item_2.i_item_id", 
   "sum(catalog_sales.cs_ext_sales_price)"
  ], 
  "Group Key": [
   "item_2.i_item_id"
  ], 
  "Parent Relationship": "InitPlan", 
  "Subplan Name": "CTE cs", 
  "Total Cost": 23.03
 }, 
 {
  "Partial Mode": "Simple", 
  "Startup Cost": 23.0, 
  "Plan Width": 100, 
  "plan_id": 1349, 
  "Plans": [
   1350
  ], 
  "filename": "plans/query60.json", 
  "Node Type": "Aggregate", 
  "Strategy": "Sorted", 
  "Plan Rows": 1, 
  "Parallel Aware": false, 
  "Output": [
   "item_4.i_item_id", 
   "sum(web_sales.ws_ext_sales_price)"
  ], 
  "Group Key": [
   "item_4.i_item_id"
  ], 
  "Parent Relationship": "InitPlan", 
  "Subplan Name": "CTE ws", 
  "Total Cost": 23.03
 }, 
 {
  "Startup Cost": 0.14, 
  "plan_id": 1361, 
  "Plans": [
   1362
  ], 
  "Sort Key": [
   "ss.i_item_id", 
   "(sum(ss.total_sales))"
  ], 
  "Plan Rows": 3, 
  "Node Type": "Sort", 
  "filename": "plans/query60.json", 
  "Parallel Aware": false, 
  "Parent Relationship": "Outer", 
  "Output": [
   "ss.i_item_id", 
   "(sum(ss.total_sales))"
  ], 
  "Plan Width": 100, 
  "Total Cost": 0.14
 }, 
 {
  "Startup Cost": 69.47, 
  "plan_id": 1324, 
  "Plans": [
   1325, 
   1337, 
   1349, 
   1361
  ], 
  "Plan Rows": 3, 
  "Node Type": "Limit", 
  "filename": "plans/query60.json", 
  "Parallel Aware": false, 
  "Output": [
   "ss.i_item_id", 
   "(sum(ss.total_sales))"
  ], 
  "Plan Width": 100, 
  "Total Cost": 69.47
 }, 
 {
  "Startup Cost": 0.0, 
  "plan_id": 1379, 
  "Node Type": "Bitmap Index Scan", 
  "Index Cond": "(store_sales.ss_item_sk = item.i_item_sk)", 
  "Plan Rows": 2, 
  "filename": "plans/query61.json", 
  "Parallel Aware": false, 
  "Parent Relationship": "Outer", 
  "Index Name": "store_sales_pkey", 
  "Plan Width": 0, 
  "Total Cost": 4.16
 }, 
 {
  "Relation Name": "item", 
  "Startup Cost": 0.0, 
  "plan_id": 1377, 
  "Node Type": "Seq Scan", 
  "Plan Rows": 1, 
  "Filter": "(item.i_category = 'Books'::bpchar)", 
  "Alias": "item", 
  "filename": "plans/query61.json", 
  "Schema": "pg_temp_2", 
  "Parallel Aware": false, 
  "Parent Relationship": "Outer", 
  "Output": [
   "item.i_item_sk", 
   "item.i_item_id", 
   "item.i_rec_start_date", 
   "item.i_rec_end_date", 
   "item.i_item_desc", 
   "item.i_current_price", 
   "item.i_wholesale_cost", 
   "item.i_brand_id", 
   "item.i_brand", 
   "item.i_class_id", 
   "item.i_class", 
   "item.i_category_id", 
   "item.i_category", 
   "item.i_manufact_id", 
   "item.i_manufact", 
   "item.i_size", 
   "item.i_formulation", 
   "item.i_color", 
   "item.i_units", 
   "item.i_container", 
   "item.i_manager_id", 
   "item.i_product_name"
  ], 
  "Plan Width": 4, 
  "Total Cost": 10.5
 }, 
 {
  "Startup Cost": 4.16, 
  "plan_id": 1378, 
  "Plans": [
   1379
  ], 
  "Parent Relationship": "Inner", 
  "Node Type": "Bitmap Heap Scan", 
  "Plan Rows": 2, 
  "Relation Name": "store_sales", 
  "Alias": "store_sales", 
  "filename": "plans/query61.json", 
  "Schema": "pg_temp_2", 
  "Parallel Aware": false, 
  "Recheck Cond": "(store_sales.ss_item_sk = item.i_item_sk)", 
  "Output": [
   "store_sales.ss_sold_date_sk", 
   "store_sales.ss_sold_time_sk", 
   "store_sales.ss_item_sk", 
   "store_sales.ss_customer_sk", 
   "store_sales.ss_cdemo_sk", 
   "store_sales.ss_hdemo_sk", 
   "store_sales.ss_addr_sk", 
   "store_sales.ss_store_sk", 
   "store_sales.ss_promo_sk", 
   "store_sales.ss_ticket_number", 
   "store_sales.ss_quantity", 
   "store_sales.ss_wholesale_cost", 
   "store_sales.ss_list_price", 
   "store_sales.ss_sales_price", 
   "store_sales.ss_ext_discount_amt", 
   "store_sales.ss_ext_sales_price", 
   "store_sales.ss_ext_wholesale_cost", 
   "store_sales.ss_ext_list_price", 
   "store_sales.ss_ext_tax", 
   "store_sales.ss_coupon_amt", 
   "store_sales.ss_net_paid", 
   "store_sales.ss_net_paid_inc_tax", 
   "store_sales.ss_net_profit"
  ], 
  "Plan Width": 34, 
  "Total Cost": 9.5
 }, 
 {
  "Startup Cost": 4.16, 
  "plan_id": 1376, 
  "Plans": [
   1377, 
   1378
  ], 
  "Plan Rows": 2, 
  "Node Type": "Nested Loop", 
  "Join Type": "Inner", 
  "filename": "plans/query61.json", 
  "Parallel Aware": false, 
  "Parent Relationship": "Outer", 
  "Output": [
   "store_sales.ss_ext_sales_price", 
   "store_sales.ss_sold_date_sk", 
   "store_sales.ss_store_sk", 
   "store_sales.ss_promo_sk", 
   "store_sales.ss_customer_sk"
  ], 
  "Plan Width": 30, 
  "Total Cost": 20.02
 }, 
 {
  "Filter": "(store.s_gmt_offset = '-6'::numeric)", 
  "Startup Cost": 0.14, 
  "filename": "plans/query61.json", 
  "plan_id": 1380, 
  "Scan Direction": "Forward", 
  "Index Cond": "(store.s_store_sk = store_sales.ss_store_sk)", 
  "Node Type": "Index Scan", 
  "Relation Name": "store", 
  "Alias": "store", 
  "Plan Rows": 1, 
  "Schema": "pg_temp_2", 
  "Parallel Aware": false, 
  "Parent Relationship": "Inner", 
  "Output": [
   "store.s_store_sk", 
   "store.s_store_id", 
   "store.s_rec_start_date", 
   "store.s_rec_end_date", 
   "store.s_closed_date_sk", 
   "store.s_store_name", 
   "store.s_number_employees", 
   "store.s_floor_space", 
   "store.s_hours", 
   "store.s_manager", 
   "store.s_market_id", 
   "store.s_geography_class", 
   "store.s_market_desc", 
   "store.s_market_manager", 
   "store.s_division_id", 
   "store.s_division_name", 
   "store.s_company_id", 
   "store.s_company_name", 
   "store.s_street_number", 
   "store.s_street_name", 
   "store.s_street_type", 
   "store.s_suite_number", 
   "store.s_city", 
   "store.s_county", 
   "store.s_state", 
   "store.s_zip", 
   "store.s_country", 
   "store.s_gmt_offset", 
   "store.s_tax_precentage"
  ], 
  "Index Name": "store_pkey", 
  "Plan Width": 4, 
  "Total Cost": 0.29
 }, 
 {
  "Startup Cost": 4.3, 
  "plan_id": 1375, 
  "Plans": [
   1376, 
   1380
  ], 
  "Plan Rows": 1, 
  "Node Type": "Nested Loop", 
  "Join Type": "Inner", 
  "filename": "plans/query61.json", 
  "Parallel Aware": false, 
  "Parent Relationship": "Outer", 
  "Output": [
   "store_sales.ss_ext_sales_price", 
   "store_sales.ss_sold_date_sk", 
   "store_sales.ss_promo_sk", 
   "store_sales.ss_customer_sk"
  ], 
  "Plan Width": 26, 
  "Total Cost": 20.62
 }, 
 {
  "Filter": "((promotion.p_channel_dmail = 'Y'::bpchar) OR (promotion.p_channel_email = 'Y'::bpchar) OR (promotion.p_channel_tv = 'Y'::bpchar))", 
  "Startup Cost": 0.14, 
  "filename": "plans/query61.json", 
  "plan_id": 1381, 
  "Scan Direction": "Forward", 
  "Index Cond": "(promotion.p_promo_sk = store_sales.ss_promo_sk)", 
  "Node Type": "Index Scan", 
  "Relation Name": "promotion", 
  "Alias": "promotion", 
  "Plan Rows": 1, 
  "Schema": "pg_temp_2", 
  "Parallel Aware": false, 
  "Parent Relationship": "Inner", 
  "Output": [
   "promotion.p_promo_sk", 
   "promotion.p_promo_id", 
   "promotion.p_start_date_sk", 
   "promotion.p_end_date_sk", 
   "promotion.p_item_sk", 
   "promotion.p_cost", 
   "promotion.p_response_target", 
   "promotion.p_promo_name", 
   "promotion.p_channel_dmail", 
   "promotion.p_channel_email", 
   "promotion.p_channel_catalog", 
   "promotion.p_channel_tv", 
   "promotion.p_channel_radio", 
   "promotion.p_channel_press", 
   "promotion.p_channel_event", 
   "promotion.p_channel_demo", 
   "promotion.p_channel_details", 
   "promotion.p_purpose", 
   "promotion.p_discount_active"
  ], 
  "Index Name": "promotion_pkey", 
  "Plan Width": 4, 
  "Total Cost": 0.3
 }, 
 {
  "Startup Cost": 4.45, 
  "plan_id": 1374, 
  "Plans": [
   1375, 
   1381
  ], 
  "Plan Rows": 1, 
  "Node Type": "Nested Loop", 
  "Join Type": "Inner", 
  "filename": "plans/query61.json", 
  "Parallel Aware": false, 
  "Parent Relationship": "Outer", 
  "Output": [
   "store_sales.ss_ext_sales_price", 
   "store_sales.ss_sold_date_sk", 
   "store_sales.ss_customer_sk"
  ], 
  "Plan Width": 22, 
  "Total Cost": 20.93
 }, 
 {
  "Filter": "((date_dim.d_year = 1999) AND (date_dim.d_moy = 11))", 
  "Startup Cost": 0.15, 
  "filename": "plans/query61.json", 
  "plan_id": 1382, 
  "Scan Direction": "Forward", 
  "Index Cond": "(date_dim.d_date_sk = store_sales.ss_sold_date_sk)", 
  "Node Type": "Index Scan", 
  "Relation Name": "date_dim", 
  "Alias": "date_dim", 
  "Plan Rows": 1, 
  "Schema": "pg_temp_2", 
  "Parallel Aware": false, 
  "Parent Relationship": "Inner", 
  "Output": [
   "date_dim.d_date_sk", 
   "date_dim.d_date_id", 
   "date_dim.d_date", 
   "date_dim.d_month_seq", 
   "date_dim.d_week_seq", 
   "date_dim.d_quarter_seq", 
   "date_dim.d_year", 
   "date_dim.d_dow", 
   "date_dim.d_moy", 
   "date_dim.d_dom", 
   "date_dim.d_qoy", 
   "date_dim.d_fy_year", 
   "date_dim.d_fy_quarter_seq", 
   "date_dim.d_fy_week_seq", 
   "date_dim.d_day_name", 
   "date_dim.d_quarter_name", 
   "date_dim.d_holiday", 
   "date_dim.d_weekend", 
   "date_dim.d_following_holiday", 
   "date_dim.d_first_dom", 
   "date_dim.d_last_dom", 
   "date_dim.d_same_day_ly", 
   "date_dim.d_same_day_lq", 
   "date_dim.d_current_day", 
   "date_dim.d_current_week", 
   "date_dim.d_current_month", 
   "date_dim.d_current_quarter", 
   "date_dim.d_current_year"
  ], 
  "Index Name": "date_dim_pkey", 
  "Plan Width": 4, 
  "Total Cost": 0.3
 }, 
 {
  "Startup Cost": 4.59, 
  "plan_id": 1373, 
  "Plans": [
   1374, 
   1382
  ], 
  "Plan Rows": 1, 
  "Node Type": "Nested Loop", 
  "Join Type": "Inner", 
  "filename": "plans/query61.json", 
  "Parallel Aware": false, 
  "Parent Relationship": "Outer", 
  "Output": [
   "store_sales.ss_ext_sales_price", 
   "store_sales.ss_customer_sk"
  ], 
  "Plan Width": 18, 
  "Total Cost": 21.24
 }, 
 {
  "Startup Cost": 0.14, 
  "filename": "plans/query61.json", 
  "plan_id": 1383, 
  "Scan Direction": "Forward", 
  "Index Cond": "(customer.c_customer_sk = store_sales.ss_customer_sk)", 
  "Node Type": "Index Scan", 
  "Relation Name": "customer", 
  "Alias": "customer", 
  "Plan Rows": 1, 
  "Schema": "pg_temp_2", 
  "Parallel Aware": false, 
  "Parent Relationship": "Inner", 
  "Output": [
   "customer.c_customer_sk", 
   "customer.c_customer_id", 
   "customer.c_current_cdemo_sk", 
   "customer.c_current_hdemo_sk", 
   "customer.c_current_addr_sk", 
   "customer.c_first_shipto_date_sk", 
   "customer.c_first_sales_date_sk", 
   "customer.c_salutation", 
   "customer.c_first_name", 
   "customer.c_last_name", 
   "customer.c_preferred_cust_flag", 
   "customer.c_birth_day", 
   "customer.c_birth_month", 
   "customer.c_birth_year", 
   "customer.c_birth_country", 
   "customer.c_login", 
   "customer.c_email_address", 
   "customer.c_last_review_date"
  ], 
  "Index Name": "customer_pkey", 
  "Plan Width": 8, 
  "Total Cost": 0.29
 }, 
 {
  "Startup Cost": 4.74, 
  "plan_id": 1372, 
  "Plans": [
   1373, 
   1383
  ], 
  "Plan Rows": 1, 
  "Node Type": "Nested Loop", 
  "Join Type": "Inner", 
  "filename": "plans/query61.json", 
  "Parallel Aware": false, 
  "Parent Relationship": "Outer", 
  "Output": [
   "store_sales.ss_ext_sales_price", 
   "customer.c_current_addr_sk"
  ], 
  "Plan Width": 18, 
  "Total Cost": 21.54
 }, 
 {
  "Filter": "(customer_address.ca_gmt_offset = '-6'::numeric)", 
  "Startup Cost": 0.14, 
  "filename": "plans/query61.json", 
  "plan_id": 1384, 
  "Scan Direction": "Forward", 
  "Index Cond": "(customer_address.ca_address_sk = customer.c_current_addr_sk)", 
  "Node Type": "Index Scan", 
  "Relation Name": "customer_address", 
  "Alias": "customer_address", 
  "Plan Rows": 1, 
  "Schema": "pg_temp_2", 
  "Parallel Aware": false, 
  "Parent Relationship": "Inner", 
  "Output": [
   "customer_address.ca_address_sk", 
   "customer_address.ca_address_id", 
   "customer_address.ca_street_number", 
   "customer_address.ca_street_name", 
   "customer_address.ca_street_type", 
   "customer_address.ca_suite_number", 
   "customer_address.ca_city", 
   "customer_address.ca_county", 
   "customer_address.ca_state", 
   "customer_address.ca_zip", 
   "customer_address.ca_country", 
   "customer_address.ca_gmt_offset", 
   "customer_address.ca_location_type"
  ], 
  "Index Name": "customer_address_pkey", 
  "Plan Width": 4, 
  "Total Cost": 0.6
 }, 
 {
  "Startup Cost": 4.88, 
  "plan_id": 1371, 
  "Plans": [
   1372, 
   1384
  ], 
  "Plan Rows": 1, 
  "Node Type": "Nested Loop", 
  "Join Type": "Inner", 
  "filename": "plans/query61.json", 
  "Parallel Aware": false, 
  "Parent Relationship": "Outer", 
  "Output": [
   "store_sales.ss_ext_sales_price"
  ], 
  "Plan Width": 14, 
  "Total Cost": 22.15
 }, 
 {
  "Startup Cost": 0.0, 
  "plan_id": 1393, 
  "Node Type": "Bitmap Index Scan", 
  "Index Cond": "(store_sales_1.ss_item_sk = item_1.i_item_sk)", 
  "Plan Rows": 2, 
  "filename": "plans/query61.json", 
  "Parallel Aware": false, 
  "Parent Relationship": "Outer", 
  "Index Name": "store_sales_pkey", 
  "Plan Width": 0, 
  "Total Cost": 4.16
 }, 
 {
  "Relation Name": "item", 
  "Startup Cost": 0.0, 
  "plan_id": 1391, 
  "Node Type": "Seq Scan", 
  "Plan Rows": 1, 
  "Filter": "(item_1.i_category = 'Books'::bpchar)", 
  "Alias": "item_1", 
  "filename": "plans/query61.json", 
  "Schema": "pg_temp_2", 
  "Parallel Aware": false, 
  "Parent Relationship": "Outer", 
  "Output": [
   "item_1.i_item_sk", 
   "item_1.i_item_id", 
   "item_1.i_rec_start_date", 
   "item_1.i_rec_end_date", 
   "item_1.i_item_desc", 
   "item_1.i_current_price", 
   "item_1.i_wholesale_cost", 
   "item_1.i_brand_id", 
   "item_1.i_brand", 
   "item_1.i_class_id", 
   "item_1.i_class", 
   "item_1.i_category_id", 
   "item_1.i_category", 
   "item_1.i_manufact_id", 
   "item_1.i_manufact", 
   "item_1.i_size", 
   "item_1.i_formulation", 
   "item_1.i_color", 
   "item_1.i_units", 
   "item_1.i_container", 
   "item_1.i_manager_id", 
   "item_1.i_product_name"
  ], 
  "Plan Width": 4, 
  "Total Cost": 10.5
 }, 
 {
  "Startup Cost": 4.16, 
  "plan_id": 1392, 
  "Plans": [
   1393
  ], 
  "Parent Relationship": "Inner", 
  "Node Type": "Bitmap Heap Scan", 
  "Plan Rows": 2, 
  "Relation Name": "store_sales", 
  "Alias": "store_sales_1", 
  "filename": "plans/query61.json", 
  "Schema": "pg_temp_2", 
  "Parallel Aware": false, 
  "Recheck Cond": "(store_sales_1.ss_item_sk = item_1.i_item_sk)", 
  "Output": [
   "store_sales_1.ss_sold_date_sk", 
   "store_sales_1.ss_sold_time_sk", 
   "store_sales_1.ss_item_sk", 
   "store_sales_1.ss_customer_sk", 
   "store_sales_1.ss_cdemo_sk", 
   "store_sales_1.ss_hdemo_sk", 
   "store_sales_1.ss_addr_sk", 
   "store_sales_1.ss_store_sk", 
   "store_sales_1.ss_promo_sk", 
   "store_sales_1.ss_ticket_number", 
   "store_sales_1.ss_quantity", 
   "store_sales_1.ss_wholesale_cost", 
   "store_sales_1.ss_list_price", 
   "store_sales_1.ss_sales_price", 
   "store_sales_1.ss_ext_discount_amt", 
   "store_sales_1.ss_ext_sales_price", 
   "store_sales_1.ss_ext_wholesale_cost", 
   "store_sales_1.ss_ext_list_price", 
   "store_sales_1.ss_ext_tax", 
   "store_sales_1.ss_coupon_amt", 
   "store_sales_1.ss_net_paid", 
   "store_sales_1.ss_net_paid_inc_tax", 
   "store_sales_1.ss_net_profit"
  ], 
  "Plan Width": 30, 
  "Total Cost": 9.5
 }, 
 {
  "Startup Cost": 4.16, 
  "plan_id": 1390, 
  "Plans": [
   1391, 
   1392
  ], 
  "Plan Rows": 2, 
  "Node Type": "Nested Loop", 
  "Join Type": "Inner", 
  "filename": "plans/query61.json", 
  "Parallel Aware": false, 
  "Parent Relationship": "Outer", 
  "Output": [
   "store_sales_1.ss_ext_sales_price", 
   "store_sales_1.ss_sold_date_sk", 
   "store_sales_1.ss_store_sk", 
   "store_sales_1.ss_customer_sk"
  ], 
  "Plan Width": 26, 
  "Total Cost": 20.02
 }, 
 {
  "Filter": "(store_1.s_gmt_offset = '-6'::numeric)", 
  "Startup Cost": 0.14, 
  "filename": "plans/query61.json", 
  "plan_id": 1394, 
  "Scan Direction": "Forward", 
  "Index Cond": "(store_1.s_store_sk = store_sales_1.ss_store_sk)", 
  "Node Type": "Index Scan", 
  "Relation Name": "store", 
  "Alias": "store_1", 
  "Plan Rows": 1, 
  "Schema": "pg_temp_2", 
  "Parallel Aware": false, 
  "Parent Relationship": "Inner", 
  "Output": [
   "store_1.s_store_sk", 
   "store_1.s_store_id", 
   "store_1.s_rec_start_date", 
   "store_1.s_rec_end_date", 
   "store_1.s_closed_date_sk", 
   "store_1.s_store_name", 
   "store_1.s_number_employees", 
   "store_1.s_floor_space", 
   "store_1.s_hours", 
   "store_1.s_manager", 
   "store_1.s_market_id", 
   "store_1.s_geography_class", 
   "store_1.s_market_desc", 
   "store_1.s_market_manager", 
   "store_1.s_division_id", 
   "store_1.s_division_name", 
   "store_1.s_company_id", 
   "store_1.s_company_name", 
   "store_1.s_street_number", 
   "store_1.s_street_name", 
   "store_1.s_street_type", 
   "store_1.s_suite_number", 
   "store_1.s_city", 
   "store_1.s_county", 
   "store_1.s_state", 
   "store_1.s_zip", 
   "store_1.s_country", 
   "store_1.s_gmt_offset", 
   "store_1.s_tax_precentage"
  ], 
  "Index Name": "store_pkey", 
  "Plan Width": 4, 
  "Total Cost": 0.29
 }, 
 {
  "Startup Cost": 4.3, 
  "plan_id": 1389, 
  "Plans": [
   1390, 
   1394
  ], 
  "Plan Rows": 1, 
  "Node Type": "Nested Loop", 
  "Join Type": "Inner", 
  "filename": "plans/query61.json", 
  "Parallel Aware": false, 
  "Parent Relationship": "Outer", 
  "Output": [
   "store_sales_1.ss_ext_sales_price", 
   "store_sales_1.ss_sold_date_sk", 
   "store_sales_1.ss_customer_sk"
  ], 
  "Plan Width": 22, 
  "Total Cost": 20.62
 }, 
 {
  "Filter": "((date_dim_1.d_year = 1999) AND (date_dim_1.d_moy = 11))", 
  "Startup Cost": 0.15, 
  "filename": "plans/query61.json", 
  "plan_id": 1395, 
  "Scan Direction": "Forward", 
  "Index Cond": "(date_dim_1.d_date_sk = store_sales_1.ss_sold_date_sk)", 
  "Node Type": "Index Scan", 
  "Relation Name": "date_dim", 
  "Alias": "date_dim_1", 
  "Plan Rows": 1, 
  "Schema": "pg_temp_2", 
  "Parallel Aware": false, 
  "Parent Relationship": "Inner", 
  "Output": [
   "date_dim_1.d_date_sk", 
   "date_dim_1.d_date_id", 
   "date_dim_1.d_date", 
   "date_dim_1.d_month_seq", 
   "date_dim_1.d_week_seq", 
   "date_dim_1.d_quarter_seq", 
   "date_dim_1.d_year", 
   "date_dim_1.d_dow", 
   "date_dim_1.d_moy", 
   "date_dim_1.d_dom", 
   "date_dim_1.d_qoy", 
   "date_dim_1.d_fy_year", 
   "date_dim_1.d_fy_quarter_seq", 
   "date_dim_1.d_fy_week_seq", 
   "date_dim_1.d_day_name", 
   "date_dim_1.d_quarter_name", 
   "date_dim_1.d_holiday", 
   "date_dim_1.d_weekend", 
   "date_dim_1.d_following_holiday", 
   "date_dim_1.d_first_dom", 
   "date_dim_1.d_last_dom", 
   "date_dim_1.d_same_day_ly", 
   "date_dim_1.d_same_day_lq", 
   "date_dim_1.d_current_day", 
   "date_dim_1.d_current_week", 
   "date_dim_1.d_current_month", 
   "date_dim_1.d_current_quarter", 
   "date_dim_1.d_current_year"
  ], 
  "Index Name": "date_dim_pkey", 
  "Plan Width": 4, 
  "Total Cost": 0.3
 }, 
 {
  "Startup Cost": 4.45, 
  "plan_id": 1388, 
  "Plans": [
   1389, 
   1395
  ], 
  "Plan Rows": 1, 
  "Node Type": "Nested Loop", 
  "Join Type": "Inner", 
  "filename": "plans/query61.json", 
  "Parallel Aware": false, 
  "Parent Relationship": "Outer", 
  "Output": [
   "store_sales_1.ss_ext_sales_price", 
   "store_sales_1.ss_customer_sk"
  ], 
  "Plan Width": 18, 
  "Total Cost": 20.93
 }, 
 {
  "Startup Cost": 0.14, 
  "filename": "plans/query61.json", 
  "plan_id": 1396, 
  "Scan Direction": "Forward", 
  "Index Cond": "(customer_1.c_customer_sk = store_sales_1.ss_customer_sk)", 
  "Node Type": "Index Scan", 
  "Relation Name": "customer", 
  "Alias": "customer_1", 
  "Plan Rows": 1, 
  "Schema": "pg_temp_2", 
  "Parallel Aware": false, 
  "Parent Relationship": "Inner", 
  "Output": [
   "customer_1.c_customer_sk", 
   "customer_1.c_customer_id", 
   "customer_1.c_current_cdemo_sk", 
   "customer_1.c_current_hdemo_sk", 
   "customer_1.c_current_addr_sk", 
   "customer_1.c_first_shipto_date_sk", 
   "customer_1.c_first_sales_date_sk", 
   "customer_1.c_salutation", 
   "customer_1.c_first_name", 
   "customer_1.c_last_name", 
   "customer_1.c_preferred_cust_flag", 
   "customer_1.c_birth_day", 
   "customer_1.c_birth_month", 
   "customer_1.c_birth_year", 
   "customer_1.c_birth_country", 
   "customer_1.c_login", 
   "customer_1.c_email_address", 
   "customer_1.c_last_review_date"
  ], 
  "Index Name": "customer_pkey", 
  "Plan Width": 8, 
  "Total Cost": 0.29
 }, 
 {
  "Startup Cost": 4.59, 
  "plan_id": 1387, 
  "Plans": [
   1388, 
   1396
  ], 
  "Plan Rows": 1, 
  "Node Type": "Nested Loop", 
  "Join Type": "Inner", 
  "filename": "plans/query61.json", 
  "Parallel Aware": false, 
  "Parent Relationship": "Outer", 
  "Output": [
   "store_sales_1.ss_ext_sales_price", 
   "customer_1.c_current_addr_sk"
  ], 
  "Plan Width": 18, 
  "Total Cost": 21.23
 }, 
 {
  "Filter": "(customer_address_1.ca_gmt_offset = '-6'::numeric)", 
  "Startup Cost": 0.14, 
  "filename": "plans/query61.json", 
  "plan_id": 1397, 
  "Scan Direction": "Forward", 
  "Index Cond": "(customer_address_1.ca_address_sk = customer_1.c_current_addr_sk)", 
  "Node Type": "Index Scan", 
  "Relation Name": "customer_address", 
  "Alias": "customer_address_1", 
  "Plan Rows": 1, 
  "Schema": "pg_temp_2", 
  "Parallel Aware": false, 
  "Parent Relationship": "Inner", 
  "Output": [
   "customer_address_1.ca_address_sk", 
   "customer_address_1.ca_address_id", 
   "customer_address_1.ca_street_number", 
   "customer_address_1.ca_street_name", 
   "customer_address_1.ca_street_type", 
   "customer_address_1.ca_suite_number", 
   "customer_address_1.ca_city", 
   "customer_address_1.ca_county", 
   "customer_address_1.ca_state", 
   "customer_address_1.ca_zip", 
   "customer_address_1.ca_country", 
   "customer_address_1.ca_gmt_offset", 
   "customer_address_1.ca_location_type"
  ], 
  "Index Name": "customer_address_pkey", 
  "Plan Width": 4, 
  "Total Cost": 0.6
 }, 
 {
  "Startup Cost": 4.74, 
  "plan_id": 1386, 
  "Plans": [
   1387, 
   1397
  ], 
  "Plan Rows": 1, 
  "Node Type": "Nested Loop", 
  "Join Type": "Inner", 
  "filename": "plans/query61.json", 
  "Parallel Aware": false, 
  "Parent Relationship": "Outer", 
  "Output": [
   "store_sales_1.ss_ext_sales_price"
  ], 
  "Plan Width": 14, 
  "Total Cost": 21.84
 }, 
 {
  "Partial Mode": "Simple", 
  "Startup Cost": 22.16, 
  "plan_id": 1370, 
  "Plans": [
   1371
  ], 
  "Plan Rows": 1, 
  "Strategy": "Plain", 
  "filename": "plans/query61.json", 
  "Parallel Aware": false, 
  "Parent Relationship": "Outer", 
  "Output": [
   "sum(store_sales.ss_ext_sales_price)"
  ], 
  "Plan Width": 32, 
  "Node Type": "Aggregate", 
  "Total Cost": 22.17
 }, 
 {
  "Partial Mode": "Simple", 
  "Startup Cost": 21.85, 
  "plan_id": 1385, 
  "Plans": [
   1386
  ], 
  "Plan Rows": 1, 
  "Strategy": "Plain", 
  "filename": "plans/query61.json", 
  "Parallel Aware": false, 
  "Parent Relationship": "Inner", 
  "Output": [
   "sum(store_sales_1.ss_ext_sales_price)"
  ], 
  "Plan Width": 32, 
  "Node Type": "Aggregate", 
  "Total Cost": 21.86
 }, 
 {
  "Startup Cost": 44.01, 
  "plan_id": 1369, 
  "Plans": [
   1370, 
   1385
  ], 
  "Plan Rows": 1, 
  "Node Type": "Nested Loop", 
  "Join Type": "Inner", 
  "filename": "plans/query61.json", 
  "Parallel Aware": false, 
  "Parent Relationship": "Outer", 
  "Output": [
   "(sum(store_sales.ss_ext_sales_price))", 
   "(sum(store_sales_1.ss_ext_sales_price))", 
   "((((sum(store_sales.ss_ext_sales_price)))::numeric(15,4) / ((sum(store_sales_1.ss_ext_sales_price)))::numeric(15,4)) * '100'::numeric)"
  ], 
  "Plan Width": 96, 
  "Total Cost": 44.07
 }, 
 {
  "Startup Cost": 44.08, 
  "plan_id": 1368, 
  "Plans": [
   1369
  ], 
  "Sort Key": [
   "(sum(store_sales.ss_ext_sales_price))", 
   "(sum(store_sales_1.ss_ext_sales_price))"
  ], 
  "Plan Rows": 1, 
  "Node Type": "Sort", 
  "filename": "plans/query61.json", 
  "Parallel Aware": false, 
  "Parent Relationship": "Outer", 
  "Output": [
   "(sum(store_sales.ss_ext_sales_price))", 
   "(sum(store_sales_1.ss_ext_sales_price))", 
   "(((((sum(store_sales.ss_ext_sales_price)))::numeric(15,4) / ((sum(store_sales_1.ss_ext_sales_price)))::numeric(15,4)) * '100'::numeric))"
  ], 
  "Plan Width": 96, 
  "Total Cost": 44.08
 }, 
 {
  "Startup Cost": 44.08, 
  "plan_id": 1367, 
  "Plans": [
   1368
  ], 
  "Plan Rows": 1, 
  "Node Type": "Limit", 
  "filename": "plans/query61.json", 
  "Parallel Aware": false, 
  "Output": [
   "(sum(store_sales.ss_ext_sales_price))", 
   "(sum(store_sales_1.ss_ext_sales_price))", 
   "(((((sum(store_sales.ss_ext_sales_price)))::numeric(15,4) / ((sum(store_sales_1.ss_ext_sales_price)))::numeric(15,4)) * '100'::numeric))"
  ], 
  "Plan Width": 96, 
  "Total Cost": 44.08
 }, 
 {
  "Relation Name": "date_dim", 
  "Startup Cost": 0.0, 
  "plan_id": 1407, 
  "Node Type": "Seq Scan", 
  "Plan Rows": 1, 
  "Filter": "((date_dim.d_month_seq >= 1176) AND (date_dim.d_month_seq <= 1187))", 
  "Alias": "date_dim", 
  "filename": "plans/query62.json", 
  "Schema": "pg_temp_2", 
  "Parallel Aware": false, 
  "Parent Relationship": "Outer", 
  "Output": [
   "date_dim.d_date_sk"
  ], 
  "Plan Width": 4, 
  "Total Cost": 14.05
 }, 
 {
  "Startup Cost": 0.0, 
  "plan_id": 1405, 
  "Node Type": "Seq Scan", 
  "Plan Rows": 260, 
  "Relation Name": "web_sales", 
  "Alias": "web_sales", 
  "filename": "plans/query62.json", 
  "Schema": "pg_temp_2", 
  "Parallel Aware": false, 
  "Parent Relationship": "Outer", 
  "Output": [
   "web_sales.ws_sold_date_sk", 
   "web_sales.ws_sold_time_sk", 
   "web_sales.ws_ship_date_sk", 
   "web_sales.ws_item_sk", 
   "web_sales.ws_bill_customer_sk", 
   "web_sales.ws_bill_cdemo_sk", 
   "web_sales.ws_bill_hdemo_sk", 
   "web_sales.ws_bill_addr_sk", 
   "web_sales.ws_ship_customer_sk", 
   "web_sales.ws_ship_cdemo_sk", 
   "web_sales.ws_ship_hdemo_sk", 
   "web_sales.ws_ship_addr_sk", 
   "web_sales.ws_web_page_sk", 
   "web_sales.ws_web_site_sk", 
   "web_sales.ws_ship_mode_sk", 
   "web_sales.ws_warehouse_sk", 
   "web_sales.ws_promo_sk", 
   "web_sales.ws_order_number", 
   "web_sales.ws_quantity", 
   "web_sales.ws_wholesale_cost", 
   "web_sales.ws_list_price", 
   "web_sales.ws_sales_price", 
   "web_sales.ws_ext_discount_amt", 
   "web_sales.ws_ext_sales_price", 
   "web_sales.ws_ext_wholesale_cost", 
   "web_sales.ws_ext_list_price", 
   "web_sales.ws_ext_tax", 
   "web_sales.ws_coupon_amt", 
   "web_sales.ws_ext_ship_cost", 
   "web_sales.ws_net_paid", 
   "web_sales.ws_net_paid_inc_tax", 
   "web_sales.ws_net_paid_inc_ship", 
   "web_sales.ws_net_paid_inc_ship_tax", 
   "web_sales.ws_net_profit"
  ], 
  "Plan Width": 20, 
  "Total Cost": 12.6
 }, 
 {
  "Startup Cost": 14.05, 
  "plan_id": 1406, 
  "Plans": [
   1407
  ], 
  "Plan Rows": 1, 
  "Node Type": "Hash", 
  "filename": "plans/query62.json", 
  "Parallel Aware": false, 
  "Parent Relationship": "Inner", 
  "Output": [
   "date_dim.d_date_sk"
  ], 
  "Plan Width": 4, 
  "Total Cost": 14.05
 }, 
 {
  "Startup Cost": 14.06, 
  "Plan Width": 20, 
  "plan_id": 1404, 
  "Plans": [
   1405, 
   1406
  ], 
  "Plan Rows": 1, 
  "Node Type": "Hash Join", 
  "Join Type": "Inner", 
  "filename": "plans/query62.json", 
  "Parallel Aware": false, 
  "Output": [
   "web_sales.ws_ship_date_sk", 
   "web_sales.ws_sold_date_sk", 
   "web_sales.ws_warehouse_sk", 
   "web_sales.ws_ship_mode_sk", 
   "web_sales.ws_web_site_sk"
  ], 
  "Hash Cond": "(web_sales.ws_ship_date_sk = date_dim.d_date_sk)", 
  "Parent Relationship": "Outer", 
  "Total Cost": 27.65
 }, 
 {
  "Startup Cost": 0.14, 
  "filename": "plans/query62.json", 
  "plan_id": 1408, 
  "Scan Direction": "Forward", 
  "Index Cond": "(warehouse.w_warehouse_sk = web_sales.ws_warehouse_sk)", 
  "Node Type": "Index Scan", 
  "Relation Name": "warehouse", 
  "Alias": "warehouse", 
  "Plan Rows": 1, 
  "Schema": "pg_temp_2", 
  "Parallel Aware": false, 
  "Parent Relationship": "Inner", 
  "Output": [
   "warehouse.w_warehouse_sk", 
   "warehouse.w_warehouse_id", 
   "warehouse.w_warehouse_name", 
   "warehouse.w_warehouse_sq_ft", 
   "warehouse.w_street_number", 
   "warehouse.w_street_name", 
   "warehouse.w_street_type", 
   "warehouse.w_suite_number", 
   "warehouse.w_city", 
   "warehouse.w_county", 
   "warehouse.w_state", 
   "warehouse.w_zip", 
   "warehouse.w_country", 
   "warehouse.w_gmt_offset"
  ], 
  "Index Name": "warehouse_pkey", 
  "Plan Width": 62, 
  "Total Cost": 0.33
 }, 
 {
  "Startup Cost": 14.21, 
  "plan_id": 1403, 
  "Plans": [
   1404, 
   1408
  ], 
  "Plan Rows": 1, 
  "Node Type": "Nested Loop", 
  "Join Type": "Inner", 
  "filename": "plans/query62.json", 
  "Parallel Aware": false, 
  "Parent Relationship": "Outer", 
  "Output": [
   "web_sales.ws_ship_date_sk", 
   "web_sales.ws_sold_date_sk", 
   "web_sales.ws_ship_mode_sk", 
   "web_sales.ws_web_site_sk", 
   "warehouse.w_warehouse_name"
  ], 
  "Plan Width": 74, 
  "Total Cost": 27.99
 }, 
 {
  "Startup Cost": 0.14, 
  "filename": "plans/query62.json", 
  "plan_id": 1409, 
  "Scan Direction": "Forward", 
  "Index Cond": "(ship_mode.sm_ship_mode_sk = web_sales.ws_ship_mode_sk)", 
  "Node Type": "Index Scan", 
  "Relation Name": "ship_mode", 
  "Alias": "ship_mode", 
  "Plan Rows": 1, 
  "Schema": "pg_temp_2", 
  "Parallel Aware": false, 
  "Parent Relationship": "Inner", 
  "Output": [
   "ship_mode.sm_ship_mode_sk", 
   "ship_mode.sm_ship_mode_id", 
   "ship_mode.sm_type", 
   "ship_mode.sm_code", 
   "ship_mode.sm_carrier", 
   "ship_mode.sm_contract"
  ], 
  "Index Name": "ship_mode_pkey", 
  "Plan Width": 128, 
  "Total Cost": 0.33
 }, 
 {
  "Startup Cost": 14.35, 
  "plan_id": 1402, 
  "Plans": [
   1403, 
   1409
  ], 
  "Plan Rows": 1, 
  "Node Type": "Nested Loop", 
  "Join Type": "Inner", 
  "filename": "plans/query62.json", 
  "Parallel Aware": false, 
  "Parent Relationship": "Outer", 
  "Output": [
   "web_sales.ws_ship_date_sk", 
   "web_sales.ws_sold_date_sk", 
   "web_sales.ws_web_site_sk", 
   "warehouse.w_warehouse_name", 
   "ship_mode.sm_type"
  ], 
  "Plan Width": 194, 
  "Total Cost": 28.33
 }, 
 {
  "Startup Cost": 0.14, 
  "filename": "plans/query62.json", 
  "plan_id": 1410, 
  "Scan Direction": "Forward", 
  "Index Cond": "(web_site.web_site_sk = web_sales.ws_web_site_sk)", 
  "Node Type": "Index Scan", 
  "Relation Name": "web_site", 
  "Alias": "web_site", 
  "Plan Rows": 1, 
  "Schema": "pg_temp_2", 
  "Parallel Aware": false, 
  "Parent Relationship": "Inner", 
  "Output": [
   "web_site.web_site_sk", 
   "web_site.web_site_id", 
   "web_site.web_rec_start_date", 
   "web_site.web_rec_end_date", 
   "web_site.web_name", 
   "web_site.web_open_date_sk", 
   "web_site.web_close_date_sk", 
   "web_site.web_class", 
   "web_site.web_manager", 
   "web_site.web_mkt_id", 
   "web_site.web_mkt_class", 
   "web_site.web_mkt_desc", 
   "web_site.web_market_manager", 
   "web_site.web_company_id", 
   "web_site.web_company_name", 
   "web_site.web_street_number", 
   "web_site.web_street_name", 
   "web_site.web_street_type", 
   "web_site.web_suite_number", 
   "web_site.web_city", 
   "web_site.web_county", 
   "web_site.web_state", 
   "web_site.web_zip", 
   "web_site.web_country", 
   "web_site.web_gmt_offset", 
   "web_site.web_tax_percentage"
  ], 
  "Index Name": "web_site_pkey", 
  "Plan Width": 122, 
  "Total Cost": 0.33
 }, 
 {
  "Startup Cost": 14.49, 
  "plan_id": 1401, 
  "Plans": [
   1402, 
   1410
  ], 
  "Plan Rows": 1, 
  "Node Type": "Nested Loop", 
  "Join Type": "Inner", 
  "filename": "plans/query62.json", 
  "Parallel Aware": false, 
  "Parent Relationship": "Outer", 
  "Output": [
   "substr((warehouse.w_warehouse_name)::text, 1, 20)", 
   "ship_mode.sm_type", 
   "web_site.web_name", 
   "web_sales.ws_ship_date_sk", 
   "web_sales.ws_sold_date_sk"
  ], 
  "Plan Width": 282, 
  "Total Cost": 28.67
 }, 
 {
  "Startup Cost": 28.68, 
  "plan_id": 1400, 
  "Plans": [
   1401
  ], 
  "Sort Key": [
   "(substr((warehouse.w_warehouse_name)::text, 1, 20))", 
   "ship_mode.sm_type", 
   "web_site.web_name"
  ], 
  "Plan Rows": 1, 
  "Node Type": "Sort", 
  "filename": "plans/query62.json", 
  "Parallel Aware": false, 
  "Parent Relationship": "Outer", 
  "Output": [
   "(substr((warehouse.w_warehouse_name)::text, 1, 20))", 
   "ship_mode.sm_type", 
   "web_site.web_name", 
   "web_sales.ws_ship_date_sk", 
   "web_sales.ws_sold_date_sk"
  ], 
  "Plan Width": 282, 
  "Total Cost": 28.68
 }, 
 {
  "Partial Mode": "Simple", 
  "Startup Cost": 28.68, 
  "Plan Width": 314, 
  "plan_id": 1399, 
  "Plans": [
   1400
  ], 
  "filename": "plans/query62.json", 
  "Node Type": "Aggregate", 
  "Strategy": "Sorted", 
  "Plan Rows": 1, 
  "Parallel Aware": false, 
  "Output": [
   "(substr((warehouse.w_warehouse_name)::text, 1, 20))", 
   "ship_mode.sm_type", 
   "web_site.web_name", 
   "sum(CASE WHEN ((web_sales.ws_ship_date_sk - web_sales.ws_sold_date_sk) <= 30) THEN 1 ELSE 0 END)", 
   "sum(CASE WHEN (((web_sales.ws_ship_date_sk - web_sales.ws_sold_date_sk) > 30) AND ((web_sales.ws_ship_date_sk - web_sales.ws_sold_date_sk) <= 60)) THEN 1 ELSE 0 END)", 
   "sum(CASE WHEN (((web_sales.ws_ship_date_sk - web_sales.ws_sold_date_sk) > 60) AND ((web_sales.ws_ship_date_sk - web_sales.ws_sold_date_sk) <= 90)) THEN 1 ELSE 0 END)", 
   "sum(CASE WHEN (((web_sales.ws_ship_date_sk - web_sales.ws_sold_date_sk) > 90) AND ((web_sales.ws_ship_date_sk - web_sales.ws_sold_date_sk) <= 120)) THEN 1 ELSE 0 END)", 
   "sum(CASE WHEN ((web_sales.ws_ship_date_sk - web_sales.ws_sold_date_sk) > 120) THEN 1 ELSE 0 END)"
  ], 
  "Group Key": [
   "(substr((warehouse.w_warehouse_name)::text, 1, 20))", 
   "ship_mode.sm_type", 
   "web_site.web_name"
  ], 
  "Parent Relationship": "Outer", 
  "Total Cost": 28.76
 }, 
 {
  "Startup Cost": 28.68, 
  "plan_id": 1398, 
  "Plans": [
   1399
  ], 
  "Plan Rows": 1, 
  "Node Type": "Limit", 
  "filename": "plans/query62.json", 
  "Parallel Aware": false, 
  "Output": [
   "(substr((warehouse.w_warehouse_name)::text, 1, 20))", 
   "ship_mode.sm_type", 
   "web_site.web_name", 
   "(sum(CASE WHEN ((web_sales.ws_ship_date_sk - web_sales.ws_sold_date_sk) <= 30) THEN 1 ELSE 0 END))", 
   "(sum(CASE WHEN (((web_sales.ws_ship_date_sk - web_sales.ws_sold_date_sk) > 30) AND ((web_sales.ws_ship_date_sk - web_sales.ws_sold_date_sk) <= 60)) THEN 1 ELSE 0 END))", 
   "(sum(CASE WHEN (((web_sales.ws_ship_date_sk - web_sales.ws_sold_date_sk) > 60) AND ((web_sales.ws_ship_date_sk - web_sales.ws_sold_date_sk) <= 90)) THEN 1 ELSE 0 END))", 
   "(sum(CASE WHEN (((web_sales.ws_ship_date_sk - web_sales.ws_sold_date_sk) > 90) AND ((web_sales.ws_ship_date_sk - web_sales.ws_sold_date_sk) <= 120)) THEN 1 ELSE 0 END))", 
   "(sum(CASE WHEN ((web_sales.ws_ship_date_sk - web_sales.ws_sold_date_sk) > 120) THEN 1 ELSE 0 END))"
  ], 
  "Plan Width": 314, 
  "Total Cost": 28.76
 }, 
 {
  "Startup Cost": 0.0, 
  "plan_id": 1422, 
  "Node Type": "Bitmap Index Scan", 
  "Index Cond": "(store_sales.ss_item_sk = item.i_item_sk)", 
  "Plan Rows": 2, 
  "filename": "plans/query63.json", 
  "Parallel Aware": false, 
  "Parent Relationship": "Outer", 
  "Index Name": "store_sales_pkey", 
  "Plan Width": 0, 
  "Total Cost": 4.16
 }, 
 {
  "Relation Name": "item", 
  "Startup Cost": 0.0, 
  "plan_id": 1420, 
  "Node Type": "Seq Scan", 
  "Plan Rows": 1, 
  "Filter": "(((item.i_category = ANY ('{Books,Children,Electronics}'::bpchar[])) AND (item.i_class = ANY ('{personal,portable,reference,self-help}'::bpchar[])) AND (item.i_brand = ANY ('{\"scholaramalgamalg #14\",\"scholaramalgamalg #7\",\"exportiunivamalg #9\",\"scholaramalgamalg #9\"}'::bpchar[]))) OR ((item.i_category = ANY ('{Women,Music,Men}'::bpchar[])) AND (item.i_class = ANY ('{accessories,classical,fragrances,pants}'::bpchar[])) AND (item.i_brand = ANY ('{\"amalgimporto #1\",\"edu packscholar #1\",\"exportiimporto #1\",\"importoamalg #1\"}'::bpchar[]))))", 
  "Alias": "item", 
  "filename": "plans/query63.json", 
  "Schema": "pg_temp_2", 
  "Parallel Aware": false, 
  "Parent Relationship": "Outer", 
  "Output": [
   "item.i_item_sk", 
   "item.i_item_id", 
   "item.i_rec_start_date", 
   "item.i_rec_end_date", 
   "item.i_item_desc", 
   "item.i_current_price", 
   "item.i_wholesale_cost", 
   "item.i_brand_id", 
   "item.i_brand", 
   "item.i_class_id", 
   "item.i_class", 
   "item.i_category_id", 
   "item.i_category", 
   "item.i_manufact_id", 
   "item.i_manufact", 
   "item.i_size", 
   "item.i_formulation", 
   "item.i_color", 
   "item.i_units", 
   "item.i_container", 
   "item.i_manager_id", 
   "item.i_product_name"
  ], 
  "Plan Width": 8, 
  "Total Cost": 11.5
 }, 
 {
  "Startup Cost": 4.16, 
  "plan_id": 1421, 
  "Plans": [
   1422
  ], 
  "Parent Relationship": "Inner", 
  "Node Type": "Bitmap Heap Scan", 
  "Plan Rows": 2, 
  "Relation Name": "store_sales", 
  "Alias": "store_sales", 
  "filename": "plans/query63.json", 
  "Schema": "pg_temp_2", 
  "Parallel Aware": false, 
  "Recheck Cond": "(store_sales.ss_item_sk = item.i_item_sk)", 
  "Output": [
   "store_sales.ss_sold_date_sk", 
   "store_sales.ss_sold_time_sk", 
   "store_sales.ss_item_sk", 
   "store_sales.ss_customer_sk", 
   "store_sales.ss_cdemo_sk", 
   "store_sales.ss_hdemo_sk", 
   "store_sales.ss_addr_sk", 
   "store_sales.ss_store_sk", 
   "store_sales.ss_promo_sk", 
   "store_sales.ss_ticket_number", 
   "store_sales.ss_quantity", 
   "store_sales.ss_wholesale_cost", 
   "store_sales.ss_list_price", 
   "store_sales.ss_sales_price", 
   "store_sales.ss_ext_discount_amt", 
   "store_sales.ss_ext_sales_price", 
   "store_sales.ss_ext_wholesale_cost", 
   "store_sales.ss_ext_list_price", 
   "store_sales.ss_ext_tax", 
   "store_sales.ss_coupon_amt", 
   "store_sales.ss_net_paid", 
   "store_sales.ss_net_paid_inc_tax", 
   "store_sales.ss_net_profit"
  ], 
  "Plan Width": 26, 
  "Total Cost": 9.5
 }, 
 {
  "Startup Cost": 4.16, 
  "plan_id": 1419, 
  "Plans": [
   1420, 
   1421
  ], 
  "Plan Rows": 2, 
  "Node Type": "Nested Loop", 
  "Join Type": "Inner", 
  "filename": "plans/query63.json", 
  "Parallel Aware": false, 
  "Parent Relationship": "Outer", 
  "Output": [
   "item.i_manager_id", 
   "store_sales.ss_sales_price", 
   "store_sales.ss_sold_date_sk", 
   "store_sales.ss_store_sk"
  ], 
  "Plan Width": 26, 
  "Total Cost": 21.02
 }, 
 {
  "Startup Cost": 0.14, 
  "filename": "plans/query63.json", 
  "plan_id": 1423, 
  "Scan Direction": "Forward", 
  "Index Cond": "(store.s_store_sk = store_sales.ss_store_sk)", 
  "Node Type": "Index Only Scan", 
  "Relation Name": "store", 
  "Alias": "store", 
  "Plan Rows": 1, 
  "Schema": "pg_temp_2", 
  "Parallel Aware": false, 
  "Parent Relationship": "Inner", 
  "Output": [
   "store.s_store_sk"
  ], 
  "Index Name": "store_pkey", 
  "Plan Width": 4, 
  "Total Cost": 0.29
 }, 
 {
  "Startup Cost": 4.3, 
  "plan_id": 1418, 
  "Plans": [
   1419, 
   1423
  ], 
  "Plan Rows": 1, 
  "Node Type": "Nested Loop", 
  "Join Type": "Inner", 
  "filename": "plans/query63.json", 
  "Parallel Aware": false, 
  "Parent Relationship": "Outer", 
  "Output": [
   "item.i_manager_id", 
   "store_sales.ss_sales_price", 
   "store_sales.ss_sold_date_sk"
  ], 
  "Plan Width": 22, 
  "Total Cost": 21.62
 }, 
 {
  "Filter": "(date_dim.d_month_seq = ANY ('{1176,1177,1178,1179,1180,1181,1182,1183,1184,1185,1186,1187}'::integer[]))", 
  "Startup Cost": 0.15, 
  "filename": "plans/query63.json", 
  "plan_id": 1424, 
  "Scan Direction": "Forward", 
  "Index Cond": "(date_dim.d_date_sk = store_sales.ss_sold_date_sk)", 
  "Node Type": "Index Scan", 
  "Relation Name": "date_dim", 
  "Alias": "date_dim", 
  "Plan Rows": 1, 
  "Schema": "pg_temp_2", 
  "Parallel Aware": false, 
  "Parent Relationship": "Inner", 
  "Output": [
   "date_dim.d_date_sk", 
   "date_dim.d_date_id", 
   "date_dim.d_date", 
   "date_dim.d_month_seq", 
   "date_dim.d_week_seq", 
   "date_dim.d_quarter_seq", 
   "date_dim.d_year", 
   "date_dim.d_dow", 
   "date_dim.d_moy", 
   "date_dim.d_dom", 
   "date_dim.d_qoy", 
   "date_dim.d_fy_year", 
   "date_dim.d_fy_quarter_seq", 
   "date_dim.d_fy_week_seq", 
   "date_dim.d_day_name", 
   "date_dim.d_quarter_name", 
   "date_dim.d_holiday", 
   "date_dim.d_weekend", 
   "date_dim.d_following_holiday", 
   "date_dim.d_first_dom", 
   "date_dim.d_last_dom", 
   "date_dim.d_same_day_ly", 
   "date_dim.d_same_day_lq", 
   "date_dim.d_current_day", 
   "date_dim.d_current_week", 
   "date_dim.d_current_month", 
   "date_dim.d_current_quarter", 
   "date_dim.d_current_year"
  ], 
  "Index Name": "date_dim_pkey", 
  "Plan Width": 8, 
  "Total Cost": 0.31
 }, 
 {
  "Startup Cost": 4.45, 
  "plan_id": 1417, 
  "Plans": [
   1418, 
   1424
  ], 
  "Plan Rows": 1, 
  "Node Type": "Nested Loop", 
  "Join Type": "Inner", 
  "filename": "plans/query63.json", 
  "Parallel Aware": false, 
  "Parent Relationship": "Outer", 
  "Output": [
   "item.i_manager_id", 
   "date_dim.d_moy", 
   "store_sales.ss_sales_price"
  ], 
  "Plan Width": 22, 
  "Total Cost": 21.94
 }, 
 {
  "Startup Cost": 21.95, 
  "plan_id": 1416, 
  "Plans": [
   1417
  ], 
  "Sort Key": [
   "item.i_manager_id", 
   "date_dim.d_moy"
  ], 
  "Plan Rows": 1, 
  "Node Type": "Sort", 
  "filename": "plans/query63.json", 
  "Parallel Aware": false, 
  "Parent Relationship": "Outer", 
  "Output": [
   "item.i_manager_id", 
   "date_dim.d_moy", 
   "store_sales.ss_sales_price"
  ], 
  "Plan Width": 22, 
  "Total Cost": 21.95
 }, 
 {
  "Partial Mode": "Simple", 
  "Startup Cost": 21.95, 
  "Plan Width": 40, 
  "plan_id": 1415, 
  "Plans": [
   1416
  ], 
  "filename": "plans/query63.json", 
  "Node Type": "Aggregate", 
  "Strategy": "Sorted", 
  "Plan Rows": 1, 
  "Parallel Aware": false, 
  "Output": [
   "item.i_manager_id", 
   "date_dim.d_moy", 
   "sum(store_sales.ss_sales_price)"
  ], 
  "Group Key": [
   "item.i_manager_id", 
   "date_dim.d_moy"
  ], 
  "Parent Relationship": "Outer", 
  "Total Cost": 21.98
 }, 
 {
  "Startup Cost": 21.95, 
  "plan_id": 1414, 
  "Plans": [
   1415
  ], 
  "Plan Rows": 1, 
  "Node Type": "WindowAgg", 
  "filename": "plans/query63.json", 
  "Parallel Aware": false, 
  "Parent Relationship": "Subquery", 
  "Output": [
   "item.i_manager_id", 
   "(sum(store_sales.ss_sales_price))", 
   "avg((sum(store_sales.ss_sales_price))) OVER (?)", 
   "date_dim.d_moy"
  ], 
  "Plan Width": 72, 
  "Total Cost": 21.99
 }, 
 {
  "Startup Cost": 21.95, 
  "plan_id": 1413, 
  "Plans": [
   1414
  ], 
  "Plan Rows": 1, 
  "Node Type": "Subquery Scan", 
  "Filter": "(CASE WHEN (tmp1.avg_monthly_sales > '0'::numeric) THEN (abs((tmp1.sum_sales - tmp1.avg_monthly_sales)) / tmp1.avg_monthly_sales) ELSE NULL::numeric END > 0.1)", 
  "Alias": "tmp1", 
  "filename": "plans/query63.json", 
  "Parallel Aware": false, 
  "Parent Relationship": "Outer", 
  "Output": [
   "tmp1.i_manager_id", 
   "tmp1.sum_sales", 
   "tmp1.avg_monthly_sales"
  ], 
  "Plan Width": 68, 
  "Total Cost": 22.02
 }, 
 {
  "Startup Cost": 22.03, 
  "plan_id": 1412, 
  "Plans": [
   1413
  ], 
  "Sort Key": [
   "tmp1.i_manager_id", 
   "tmp1.avg_monthly_sales", 
   "tmp1.sum_sales"
  ], 
  "Plan Rows": 1, 
  "Node Type": "Sort", 
  "filename": "plans/query63.json", 
  "Parallel Aware": false, 
  "Parent Relationship": "Outer", 
  "Output": [
   "tmp1.i_manager_id", 
   "tmp1.sum_sales", 
   "tmp1.avg_monthly_sales"
  ], 
  "Plan Width": 68, 
  "Total Cost": 22.03
 }, 
 {
  "Startup Cost": 22.03, 
  "plan_id": 1411, 
  "Plans": [
   1412
  ], 
  "Plan Rows": 1, 
  "Node Type": "Limit", 
  "filename": "plans/query63.json", 
  "Parallel Aware": false, 
  "Output": [
   "tmp1.i_manager_id", 
   "tmp1.sum_sales", 
   "tmp1.avg_monthly_sales"
  ], 
  "Plan Width": 68, 
  "Total Cost": 22.03
 }, 
 {
  "Startup Cost": 0.0, 
  "plan_id": 1431, 
  "Node Type": "Seq Scan", 
  "Plan Rows": 260, 
  "Relation Name": "catalog_sales", 
  "Alias": "catalog_sales", 
  "filename": "plans/query64.json", 
  "Schema": "pg_temp_2", 
  "Parallel Aware": false, 
  "Parent Relationship": "Outer", 
  "Output": [
   "catalog_sales.cs_item_sk", 
   "catalog_sales.cs_ext_list_price", 
   "catalog_sales.cs_order_number"
  ], 
  "Plan Width": 22, 
  "Total Cost": 12.6
 }, 
 {
  "Startup Cost": 0.0, 
  "plan_id": 1429, 
  "Node Type": "Seq Scan", 
  "Plan Rows": 360, 
  "Relation Name": "catalog_returns", 
  "Alias": "catalog_returns", 
  "filename": "plans/query64.json", 
  "Schema": "pg_temp_2", 
  "Parallel Aware": false, 
  "Parent Relationship": "Outer", 
  "Output": [
   "catalog_returns.cr_returned_date_sk", 
   "catalog_returns.cr_returned_time_sk", 
   "catalog_returns.cr_item_sk", 
   "catalog_returns.cr_refunded_customer_sk", 
   "catalog_returns.cr_refunded_cdemo_sk", 
   "catalog_returns.cr_refunded_hdemo_sk", 
   "catalog_returns.cr_refunded_addr_sk", 
   "catalog_returns.cr_returning_customer_sk", 
   "catalog_returns.cr_returning_cdemo_sk", 
   "catalog_returns.cr_returning_hdemo_sk", 
   "catalog_returns.cr_returning_addr_sk", 
   "catalog_returns.cr_call_center_sk", 
   "catalog_returns.cr_catalog_page_sk", 
   "catalog_returns.cr_ship_mode_sk", 
   "catalog_returns.cr_warehouse_sk", 
   "catalog_returns.cr_reason_sk", 
   "catalog_returns.cr_order_number", 
   "catalog_returns.cr_return_quantity", 
   "catalog_returns.cr_return_amount", 
   "catalog_returns.cr_return_tax", 
   "catalog_returns.cr_return_amt_inc_tax", 
   "catalog_returns.cr_fee", 
   "catalog_returns.cr_return_ship_cost", 
   "catalog_returns.cr_refunded_cash", 
   "catalog_returns.cr_reversed_charge", 
   "catalog_returns.cr_store_credit", 
   "catalog_returns.cr_net_loss"
  ], 
  "Plan Width": 50, 
  "Total Cost": 13.6
 }, 
 {
  "Startup Cost": 12.6, 
  "plan_id": 1430, 
  "Plans": [
   1431
  ], 
  "Plan Rows": 260, 
  "Node Type": "Hash", 
  "filename": "plans/query64.json", 
  "Parallel Aware": false, 
  "Parent Relationship": "Inner", 
  "Output": [
   "catalog_sales.cs_item_sk", 
   "catalog_sales.cs_ext_list_price", 
   "catalog_sales.cs_order_number"
  ], 
  "Plan Width": 22, 
  "Total Cost": 12.6
 }, 
 {
  "Startup Cost": 16.5, 
  "Plan Width": 60, 
  "plan_id": 1428, 
  "Plans": [
   1429, 
   1430
  ], 
  "Plan Rows": 2, 
  "Node Type": "Hash Join", 
  "Join Type": "Inner", 
  "filename": "plans/query64.json", 
  "Parallel Aware": false, 
  "Output": [
   "catalog_sales.cs_item_sk", 
   "catalog_sales.cs_ext_list_price", 
   "catalog_returns.cr_refunded_cash", 
   "catalog_returns.cr_reversed_charge", 
   "catalog_returns.cr_store_credit"
  ], 
  "Hash Cond": "((catalog_returns.cr_item_sk = catalog_sales.cs_item_sk) AND (catalog_returns.cr_order_number = catalog_sales.cs_order_number))", 
  "Parent Relationship": "Outer", 
  "Total Cost": 55.32
 }, 
 {
  "Startup Cost": 55.33, 
  "plan_id": 1427, 
  "Plans": [
   1428
  ], 
  "Sort Key": [
   "catalog_sales.cs_item_sk"
  ], 
  "Plan Rows": 2, 
  "Node Type": "Sort", 
  "filename": "plans/query64.json", 
  "Parallel Aware": false, 
  "Parent Relationship": "Outer", 
  "Output": [
   "catalog_sales.cs_item_sk", 
   "catalog_sales.cs_ext_list_price", 
   "catalog_returns.cr_refunded_cash", 
   "catalog_returns.cr_reversed_charge", 
   "catalog_returns.cr_store_credit"
  ], 
  "Plan Width": 60, 
  "Total Cost": 55.34
 }, 
 {
  "Startup Cost": 0.0, 
  "plan_id": 1453, 
  "CTE Name": "cs_ui", 
  "Node Type": "CTE Scan", 
  "Plan Rows": 2, 
  "Alias": "cs_ui", 
  "filename": "plans/query64.json", 
  "Parallel Aware": false, 
  "Parent Relationship": "Outer", 
  "Output": [
   "cs_ui.cs_item_sk"
  ], 
  "Plan Width": 4, 
  "Total Cost": 0.04
 }, 
 {
  "Startup Cost": 0.0, 
  "plan_id": 1451, 
  "Node Type": "Seq Scan", 
  "Plan Rows": 340, 
  "Relation Name": "store_sales", 
  "Alias": "store_sales", 
  "filename": "plans/query64.json", 
  "Schema": "pg_temp_2", 
  "Parallel Aware": false, 
  "Parent Relationship": "Outer", 
  "Output": [
   "store_sales.ss_sold_date_sk", 
   "store_sales.ss_sold_time_sk", 
   "store_sales.ss_item_sk", 
   "store_sales.ss_customer_sk", 
   "store_sales.ss_cdemo_sk", 
   "store_sales.ss_hdemo_sk", 
   "store_sales.ss_addr_sk", 
   "store_sales.ss_store_sk", 
   "store_sales.ss_promo_sk", 
   "store_sales.ss_ticket_number", 
   "store_sales.ss_quantity", 
   "store_sales.ss_wholesale_cost", 
   "store_sales.ss_list_price", 
   "store_sales.ss_sales_price", 
   "store_sales.ss_ext_discount_amt", 
   "store_sales.ss_ext_sales_price", 
   "store_sales.ss_ext_wholesale_cost", 
   "store_sales.ss_ext_list_price", 
   "store_sales.ss_ext_tax", 
   "store_sales.ss_coupon_amt", 
   "store_sales.ss_net_paid", 
   "store_sales.ss_net_paid_inc_tax", 
   "store_sales.ss_net_profit"
  ], 
  "Plan Width": 78, 
  "Total Cost": 13.4
 }, 
 {
  "Startup Cost": 0.04, 
  "plan_id": 1452, 
  "Plans": [
   1453
  ], 
  "Plan Rows": 2, 
  "Node Type": "Hash", 
  "filename": "plans/query64.json", 
  "Parallel Aware": false, 
  "Parent Relationship": "Inner", 
  "Output": [
   "cs_ui.cs_item_sk"
  ], 
  "Plan Width": 4, 
  "Total Cost": 0.04
 }, 
 {
  "Startup Cost": 0.07, 
  "Plan Width": 82, 
  "plan_id": 1450, 
  "Plans": [
   1451, 
   1452
  ], 
  "Plan Rows": 3, 
  "Node Type": "Hash Join", 
  "Join Type": "Inner", 
  "filename": "plans/query64.json", 
  "Parallel Aware": false, 
  "Output": [
   "cs_ui.cs_item_sk", 
   "store_sales.ss_wholesale_cost", 
   "store_sales.ss_list_price", 
   "store_sales.ss_coupon_amt", 
   "store_sales.ss_store_sk", 
   "store_sales.ss_sold_date_sk", 
   "store_sales.ss_customer_sk", 
   "store_sales.ss_cdemo_sk", 
   "store_sales.ss_hdemo_sk", 
   "store_sales.ss_addr_sk", 
   "store_sales.ss_item_sk", 
   "store_sales.ss_ticket_number", 
   "store_sales.ss_promo_sk"
  ], 
  "Hash Cond": "(store_sales.ss_item_sk = cs_ui.cs_item_sk)", 
  "Parent Relationship": "Outer", 
  "Total Cost": 14.77
 }, 
 {
  "Startup Cost": 0.14, 
  "filename": "plans/query64.json", 
  "plan_id": 1454, 
  "Scan Direction": "Forward", 
  "Index Cond": "(store.s_store_sk = store_sales.ss_store_sk)", 
  "Node Type": "Index Scan", 
  "Relation Name": "store", 
  "Alias": "store", 
  "Plan Rows": 1, 
  "Schema": "pg_temp_2", 
  "Parallel Aware": false, 
  "Parent Relationship": "Inner", 
  "Output": [
   "store.s_store_sk", 
   "store.s_store_id", 
   "store.s_rec_start_date", 
   "store.s_rec_end_date", 
   "store.s_closed_date_sk", 
   "store.s_store_name", 
   "store.s_number_employees", 
   "store.s_floor_space", 
   "store.s_hours", 
   "store.s_manager", 
   "store.s_market_id", 
   "store.s_geography_class", 
   "store.s_market_desc", 
   "store.s_market_manager", 
   "store.s_division_id", 
   "store.s_division_name", 
   "store.s_company_id", 
   "store.s_company_name", 
   "store.s_street_number", 
   "store.s_street_name", 
   "store.s_street_type", 
   "store.s_suite_number", 
   "store.s_city", 
   "store.s_county", 
   "store.s_state", 
   "store.s_zip", 
   "store.s_country", 
   "store.s_gmt_offset", 
   "store.s_tax_precentage"
  ], 
  "Index Name": "store_pkey", 
  "Plan Width": 166, 
  "Total Cost": 0.29
 }, 
 {
  "Startup Cost": 0.21, 
  "plan_id": 1449, 
  "Plans": [
   1450, 
   1454
  ], 
  "Plan Rows": 1, 
  "Node Type": "Nested Loop", 
  "Join Type": "Inner", 
  "filename": "plans/query64.json", 
  "Parallel Aware": false, 
  "Parent Relationship": "Outer", 
  "Output": [
   "store.s_store_name", 
   "store.s_zip", 
   "cs_ui.cs_item_sk", 
   "store_sales.ss_wholesale_cost", 
   "store_sales.ss_list_price", 
   "store_sales.ss_coupon_amt", 
   "store_sales.ss_sold_date_sk", 
   "store_sales.ss_customer_sk", 
   "store_sales.ss_cdemo_sk", 
   "store_sales.ss_hdemo_sk", 
   "store_sales.ss_addr_sk", 
   "store_sales.ss_item_sk", 
   "store_sales.ss_ticket_number", 
   "store_sales.ss_promo_sk"
  ], 
  "Plan Width": 240, 
  "Total Cost": 15.66
 }, 
 {
  "Startup Cost": 0.15, 
  "filename": "plans/query64.json", 
  "plan_id": 1455, 
  "Scan Direction": "Forward", 
  "Index Cond": "(cd1.cd_demo_sk = store_sales.ss_cdemo_sk)", 
  "Node Type": "Index Scan", 
  "Relation Name": "customer_demographics", 
  "Alias": "cd1", 
  "Plan Rows": 1, 
  "Schema": "pg_temp_2", 
  "Parallel Aware": false, 
  "Parent Relationship": "Inner", 
  "Output": [
   "cd1.cd_demo_sk", 
   "cd1.cd_gender", 
   "cd1.cd_marital_status", 
   "cd1.cd_education_status", 
   "cd1.cd_purchase_estimate", 
   "cd1.cd_credit_rating", 
   "cd1.cd_dep_count", 
   "cd1.cd_dep_employed_count", 
   "cd1.cd_dep_college_count"
  ], 
  "Index Name": "customer_demographics_pkey", 
  "Plan Width": 12, 
  "Total Cost": 0.29
 }, 
 {
  "Startup Cost": 0.35, 
  "plan_id": 1448, 
  "Plans": [
   1449, 
   1455
  ], 
  "Plan Rows": 1, 
  "Node Type": "Nested Loop", 
  "Join Type": "Inner", 
  "filename": "plans/query64.json", 
  "Parallel Aware": false, 
  "Parent Relationship": "Outer", 
  "Output": [
   "cd1.cd_marital_status", 
   "store.s_store_name", 
   "store.s_zip", 
   "cs_ui.cs_item_sk", 
   "store_sales.ss_wholesale_cost", 
   "store_sales.ss_list_price", 
   "store_sales.ss_coupon_amt", 
   "store_sales.ss_sold_date_sk", 
   "store_sales.ss_customer_sk", 
   "store_sales.ss_hdemo_sk", 
   "store_sales.ss_addr_sk", 
   "store_sales.ss_item_sk", 
   "store_sales.ss_ticket_number", 
   "store_sales.ss_promo_sk"
  ], 
  "Plan Width": 244, 
  "Total Cost": 15.97
 }, 
 {
  "Startup Cost": 0.14, 
  "filename": "plans/query64.json", 
  "plan_id": 1456, 
  "Scan Direction": "Forward", 
  "Index Cond": "(ad1.ca_address_sk = store_sales.ss_addr_sk)", 
  "Node Type": "Index Scan", 
  "Relation Name": "customer_address", 
  "Alias": "ad1", 
  "Plan Rows": 1, 
  "Schema": "pg_temp_2", 
  "Parallel Aware": false, 
  "Parent Relationship": "Inner", 
  "Output": [
   "ad1.ca_address_sk", 
   "ad1.ca_address_id", 
   "ad1.ca_street_number", 
   "ad1.ca_street_name", 
   "ad1.ca_street_type", 
   "ad1.ca_suite_number", 
   "ad1.ca_city", 
   "ad1.ca_county", 
   "ad1.ca_state", 
   "ad1.ca_zip", 
   "ad1.ca_country", 
   "ad1.ca_gmt_offset", 
   "ad1.ca_location_type"
  ], 
  "Index Name": "customer_address_pkey", 
  "Plan Width": 368, 
  "Total Cost": 0.29
 }, 
 {
  "Startup Cost": 0.5, 
  "plan_id": 1447, 
  "Plans": [
   1448, 
   1456
  ], 
  "Plan Rows": 1, 
  "Node Type": "Nested Loop", 
  "Join Type": "Inner", 
  "filename": "plans/query64.json", 
  "Parallel Aware": false, 
  "Parent Relationship": "Outer", 
  "Output": [
   "cd1.cd_marital_status", 
   "store.s_store_name", 
   "store.s_zip", 
   "cs_ui.cs_item_sk", 
   "store_sales.ss_wholesale_cost", 
   "store_sales.ss_list_price", 
   "store_sales.ss_coupon_amt", 
   "store_sales.ss_sold_date_sk", 
   "store_sales.ss_customer_sk", 
   "store_sales.ss_hdemo_sk", 
   "store_sales.ss_item_sk", 
   "store_sales.ss_ticket_number", 
   "store_sales.ss_promo_sk", 
   "ad1.ca_street_number", 
   "ad1.ca_street_name", 
   "ad1.ca_city", 
   "ad1.ca_zip"
  ], 
  "Plan Width": 604, 
  "Total Cost": 16.26
 }, 
 {
  "Startup Cost": 0.14, 
  "filename": "plans/query64.json", 
  "plan_id": 1457, 
  "Scan Direction": "Forward", 
  "Index Cond": "(customer.c_customer_sk = store_sales.ss_customer_sk)", 
  "Node Type": "Index Scan", 
  "Relation Name": "customer", 
  "Alias": "customer", 
  "Plan Rows": 1, 
  "Schema": "pg_temp_2", 
  "Parallel Aware": false, 
  "Parent Relationship": "Inner", 
  "Output": [
   "customer.c_customer_sk", 
   "customer.c_customer_id", 
   "customer.c_current_cdemo_sk", 
   "customer.c_current_hdemo_sk", 
   "customer.c_current_addr_sk", 
   "customer.c_first_shipto_date_sk", 
   "customer.c_first_sales_date_sk", 
   "customer.c_salutation", 
   "customer.c_first_name", 
   "customer.c_last_name", 
   "customer.c_preferred_cust_flag", 
   "customer.c_birth_day", 
   "customer.c_birth_month", 
   "customer.c_birth_year", 
   "customer.c_birth_country", 
   "customer.c_login", 
   "customer.c_email_address", 
   "customer.c_last_review_date"
  ], 
  "Index Name": "customer_pkey", 
  "Plan Width": 24, 
  "Total Cost": 0.29
 }, 
 {
  "Startup Cost": 0.64, 
  "plan_id": 1446, 
  "Plans": [
   1447, 
   1457
  ], 
  "Plan Rows": 1, 
  "Node Type": "Nested Loop", 
  "Join Type": "Inner", 
  "filename": "plans/query64.json", 
  "Parallel Aware": false, 
  "Parent Relationship": "Outer", 
  "Output": [
   "cd1.cd_marital_status", 
   "store.s_store_name", 
   "store.s_zip", 
   "cs_ui.cs_item_sk", 
   "store_sales.ss_wholesale_cost", 
   "store_sales.ss_list_price", 
   "store_sales.ss_coupon_amt", 
   "store_sales.ss_sold_date_sk", 
   "store_sales.ss_hdemo_sk", 
   "store_sales.ss_item_sk", 
   "store_sales.ss_ticket_number", 
   "store_sales.ss_promo_sk", 
   "ad1.ca_street_number", 
   "ad1.ca_street_name", 
   "ad1.ca_city", 
   "ad1.ca_zip", 
   "customer.c_current_cdemo_sk", 
   "customer.c_current_hdemo_sk", 
   "customer.c_current_addr_sk", 
   "customer.c_first_sales_date_sk", 
   "customer.c_first_shipto_date_sk"
  ], 
  "Plan Width": 620, 
  "Total Cost": 16.56
 }, 
 {
  "Startup Cost": 0.15, 
  "filename": "plans/query64.json", 
  "plan_id": 1458, 
  "Scan Direction": "Forward", 
  "Index Cond": "(d3.d_date_sk = customer.c_first_shipto_date_sk)", 
  "Node Type": "Index Scan", 
  "Relation Name": "date_dim", 
  "Alias": "d3", 
  "Plan Rows": 1, 
  "Schema": "pg_temp_2", 
  "Parallel Aware": false, 
  "Parent Relationship": "Inner", 
  "Output": [
   "d3.d_date_sk", 
   "d3.d_date_id", 
   "d3.d_date", 
   "d3.d_month_seq", 
   "d3.d_week_seq", 
   "d3.d_quarter_seq", 
   "d3.d_year", 
   "d3.d_dow", 
   "d3.d_moy", 
   "d3.d_dom", 
   "d3.d_qoy", 
   "d3.d_fy_year", 
   "d3.d_fy_quarter_seq", 
   "d3.d_fy_week_seq", 
   "d3.d_day_name", 
   "d3.d_quarter_name", 
   "d3.d_holiday", 
   "d3.d_weekend", 
   "d3.d_following_holiday", 
   "d3.d_first_dom", 
   "d3.d_last_dom", 
   "d3.d_same_day_ly", 
   "d3.d_same_day_lq", 
   "d3.d_current_day", 
   "d3.d_current_week", 
   "d3.d_current_month", 
   "d3.d_current_quarter", 
   "d3.d_current_year"
  ], 
  "Index Name": "date_dim_pkey", 
  "Plan Width": 8, 
  "Total Cost": 0.6
 }, 
 {
  "Startup Cost": 0.79, 
  "plan_id": 1445, 
  "Plans": [
   1446, 
   1458
  ], 
  "Plan Rows": 1, 
  "Node Type": "Nested Loop", 
  "Join Type": "Inner", 
  "filename": "plans/query64.json", 
  "Parallel Aware": false, 
  "Parent Relationship": "Outer", 
  "Output": [
   "d3.d_year", 
   "cd1.cd_marital_status", 
   "store.s_store_name", 
   "store.s_zip", 
   "cs_ui.cs_item_sk", 
   "store_sales.ss_wholesale_cost", 
   "store_sales.ss_list_price", 
   "store_sales.ss_coupon_amt", 
   "store_sales.ss_sold_date_sk", 
   "store_sales.ss_hdemo_sk", 
   "store_sales.ss_item_sk", 
   "store_sales.ss_ticket_number", 
   "store_sales.ss_promo_sk", 
   "ad1.ca_street_number", 
   "ad1.ca_street_name", 
   "ad1.ca_city", 
   "ad1.ca_zip", 
   "customer.c_current_cdemo_sk", 
   "customer.c_current_hdemo_sk", 
   "customer.c_current_addr_sk", 
   "customer.c_first_sales_date_sk"
  ], 
  "Plan Width": 620, 
  "Total Cost": 17.18
 }, 
 {
  "Startup Cost": 0.15, 
  "filename": "plans/query64.json", 
  "plan_id": 1459, 
  "Scan Direction": "Forward", 
  "Index Cond": "(d2.d_date_sk = customer.c_first_sales_date_sk)", 
  "Node Type": "Index Scan", 
  "Relation Name": "date_dim", 
  "Alias": "d2", 
  "Plan Rows": 1, 
  "Schema": "pg_temp_2", 
  "Parallel Aware": false, 
  "Parent Relationship": "Inner", 
  "Output": [
   "d2.d_date_sk", 
   "d2.d_date_id", 
   "d2.d_date", 
   "d2.d_month_seq", 
   "d2.d_week_seq", 
   "d2.d_quarter_seq", 
   "d2.d_year", 
   "d2.d_dow", 
   "d2.d_moy", 
   "d2.d_dom", 
   "d2.d_qoy", 
   "d2.d_fy_year", 
   "d2.d_fy_quarter_seq", 
   "d2.d_fy_week_seq", 
   "d2.d_day_name", 
   "d2.d_quarter_name", 
   "d2.d_holiday", 
   "d2.d_weekend", 
   "d2.d_following_holiday", 
   "d2.d_first_dom", 
   "d2.d_last_dom", 
   "d2.d_same_day_ly", 
   "d2.d_same_day_lq", 
   "d2.d_current_day", 
   "d2.d_current_week", 
   "d2.d_current_month", 
   "d2.d_current_quarter", 
   "d2.d_current_year"
  ], 
  "Index Name": "date_dim_pkey", 
  "Plan Width": 8, 
  "Total Cost": 0.6
 }, 
 {
  "Startup Cost": 0.93, 
  "plan_id": 1444, 
  "Plans": [
   1445, 
   1459
  ], 
  "Plan Rows": 1, 
  "Node Type": "Nested Loop", 
  "Join Type": "Inner", 
  "filename": "plans/query64.json", 
  "Parallel Aware": false, 
  "Parent Relationship": "Outer", 
  "Output": [
   "d2.d_year", 
   "d3.d_year", 
   "cd1.cd_marital_status", 
   "store.s_store_name", 
   "store.s_zip", 
   "cs_ui.cs_item_sk", 
   "store_sales.ss_wholesale_cost", 
   "store_sales.ss_list_price", 
   "store_sales.ss_coupon_amt", 
   "store_sales.ss_sold_date_sk", 
   "store_sales.ss_hdemo_sk", 
   "store_sales.ss_item_sk", 
   "store_sales.ss_ticket_number", 
   "store_sales.ss_promo_sk", 
   "ad1.ca_street_number", 
   "ad1.ca_street_name", 
   "ad1.ca_city", 
   "ad1.ca_zip", 
   "customer.c_current_cdemo_sk", 
   "customer.c_current_hdemo_sk", 
   "customer.c_current_addr_sk"
  ], 
  "Plan Width": 620, 
  "Total Cost": 17.79
 }, 
 {
  "Startup Cost": 0.15, 
  "filename": "plans/query64.json", 
  "plan_id": 1460, 
  "Scan Direction": "Forward", 
  "Index Cond": "(cd2.cd_demo_sk = customer.c_current_cdemo_sk)", 
  "Node Type": "Index Scan", 
  "Relation Name": "customer_demographics", 
  "Alias": "cd2", 
  "Plan Rows": 1, 
  "Schema": "pg_temp_2", 
  "Parallel Aware": false, 
  "Parent Relationship": "Inner", 
  "Output": [
   "cd2.cd_demo_sk", 
   "cd2.cd_gender", 
   "cd2.cd_marital_status", 
   "cd2.cd_education_status", 
   "cd2.cd_purchase_estimate", 
   "cd2.cd_credit_rating", 
   "cd2.cd_dep_count", 
   "cd2.cd_dep_employed_count", 
   "cd2.cd_dep_college_count"
  ], 
  "Index Name": "customer_demographics_pkey", 
  "Plan Width": 12, 
  "Total Cost": 0.6
 }, 
 {
  "Startup Cost": 1.08, 
  "plan_id": 1443, 
  "Plans": [
   1444, 
   1460
  ], 
  "Plan Rows": 1, 
  "Node Type": "Nested Loop", 
  "Join Type": "Inner", 
  "filename": "plans/query64.json", 
  "Parallel Aware": false, 
  "Parent Relationship": "Outer", 
  "Output": [
   "d2.d_year", 
   "d3.d_year", 
   "store.s_store_name", 
   "store.s_zip", 
   "cs_ui.cs_item_sk", 
   "store_sales.ss_wholesale_cost", 
   "store_sales.ss_list_price", 
   "store_sales.ss_coupon_amt", 
   "store_sales.ss_sold_date_sk", 
   "store_sales.ss_hdemo_sk", 
   "store_sales.ss_item_sk", 
   "store_sales.ss_ticket_number", 
   "store_sales.ss_promo_sk", 
   "ad1.ca_street_number", 
   "ad1.ca_street_name", 
   "ad1.ca_city", 
   "ad1.ca_zip", 
   "customer.c_current_hdemo_sk", 
   "customer.c_current_addr_sk"
  ], 
  "Plan Width": 608, 
  "Join Filter": "(cd1.cd_marital_status <> cd2.cd_marital_status)", 
  "Total Cost": 18.41
 }, 
 {
  "Startup Cost": 0.15, 
  "filename": "plans/query64.json", 
  "plan_id": 1461, 
  "Scan Direction": "Forward", 
  "Index Cond": "((store_returns.sr_item_sk = store_sales.ss_item_sk) AND (store_returns.sr_ticket_number = store_sales.ss_ticket_number))", 
  "Node Type": "Index Only Scan", 
  "Relation Name": "store_returns", 
  "Alias": "store_returns", 
  "Plan Rows": 1, 
  "Schema": "pg_temp_2", 
  "Parallel Aware": false, 
  "Parent Relationship": "Inner", 
  "Output": [
   "store_returns.sr_item_sk", 
   "store_returns.sr_ticket_number"
  ], 
  "Index Name": "store_returns_pkey", 
  "Plan Width": 8, 
  "Total Cost": 0.3
 }, 
 {
  "Startup Cost": 1.23, 
  "plan_id": 1442, 
  "Plans": [
   1443, 
   1461
  ], 
  "Plan Rows": 1, 
  "Node Type": "Nested Loop", 
  "Join Type": "Inner", 
  "filename": "plans/query64.json", 
  "Parallel Aware": false, 
  "Parent Relationship": "Outer", 
  "Output": [
   "d2.d_year", 
   "d3.d_year", 
   "store.s_store_name", 
   "store.s_zip", 
   "cs_ui.cs_item_sk", 
   "store_sales.ss_wholesale_cost", 
   "store_sales.ss_list_price", 
   "store_sales.ss_coupon_amt", 
   "store_sales.ss_sold_date_sk", 
   "store_sales.ss_hdemo_sk", 
   "store_sales.ss_item_sk", 
   "store_sales.ss_promo_sk", 
   "ad1.ca_street_number", 
   "ad1.ca_street_name", 
   "ad1.ca_city", 
   "ad1.ca_zip", 
   "customer.c_current_hdemo_sk", 
   "customer.c_current_addr_sk", 
   "store_returns.sr_item_sk"
  ], 
  "Plan Width": 608, 
  "Total Cost": 18.72
 }, 
 {
  "Startup Cost": 0.14, 
  "filename": "plans/query64.json", 
  "plan_id": 1462, 
  "Scan Direction": "Forward", 
  "Index Cond": "(ad2.ca_address_sk = customer.c_current_addr_sk)", 
  "Node Type": "Index Scan", 
  "Relation Name": "customer_address", 
  "Alias": "ad2", 
  "Plan Rows": 1, 
  "Schema": "pg_temp_2", 
  "Parallel Aware": false, 
  "Parent Relationship": "Inner", 
  "Output": [
   "ad2.ca_address_sk", 
   "ad2.ca_address_id", 
   "ad2.ca_street_number", 
   "ad2.ca_street_name", 
   "ad2.ca_street_type", 
   "ad2.ca_suite_number", 
   "ad2.ca_city", 
   "ad2.ca_county", 
   "ad2.ca_state", 
   "ad2.ca_zip", 
   "ad2.ca_country", 
   "ad2.ca_gmt_offset", 
   "ad2.ca_location_type"
  ], 
  "Index Name": "customer_address_pkey", 
  "Plan Width": 368, 
  "Total Cost": 0.6
 }, 
 {
  "Startup Cost": 1.37, 
  "plan_id": 1441, 
  "Plans": [
   1442, 
   1462
  ], 
  "Plan Rows": 1, 
  "Node Type": "Nested Loop", 
  "Join Type": "Inner", 
  "filename": "plans/query64.json", 
  "Parallel Aware": false, 
  "Parent Relationship": "Outer", 
  "Output": [
   "d2.d_year", 
   "d3.d_year", 
   "store.s_store_name", 
   "store.s_zip", 
   "cs_ui.cs_item_sk", 
   "store_sales.ss_wholesale_cost", 
   "store_sales.ss_list_price", 
   "store_sales.ss_coupon_amt", 
   "store_sales.ss_sold_date_sk", 
   "store_sales.ss_hdemo_sk", 
   "store_sales.ss_item_sk", 
   "store_sales.ss_promo_sk", 
   "ad1.ca_street_number", 
   "ad1.ca_street_name", 
   "ad1.ca_city", 
   "ad1.ca_zip", 
   "customer.c_current_hdemo_sk", 
   "store_returns.sr_item_sk", 
   "ad2.ca_street_number", 
   "ad2.ca_street_name", 
   "ad2.ca_city", 
   "ad2.ca_zip"
  ], 
  "Plan Width": 968, 
  "Total Cost": 19.33
 }, 
 {
  "Startup Cost": 0.14, 
  "filename": "plans/query64.json", 
  "plan_id": 1463, 
  "Scan Direction": "Forward", 
  "Index Cond": "(promotion.p_promo_sk = store_sales.ss_promo_sk)", 
  "Node Type": "Index Only Scan", 
  "Relation Name": "promotion", 
  "Alias": "promotion", 
  "Plan Rows": 1, 
  "Schema": "pg_temp_2", 
  "Parallel Aware": false, 
  "Parent Relationship": "Inner", 
  "Output": [
   "promotion.p_promo_sk"
  ], 
  "Index Name": "promotion_pkey", 
  "Plan Width": 4, 
  "Total Cost": 0.29
 }, 
 {
  "Startup Cost": 1.51, 
  "plan_id": 1440, 
  "Plans": [
   1441, 
   1463
  ], 
  "Plan Rows": 1, 
  "Node Type": "Nested Loop", 
  "Join Type": "Inner", 
  "filename": "plans/query64.json", 
  "Parallel Aware": false, 
  "Parent Relationship": "Outer", 
  "Output": [
   "d2.d_year", 
   "d3.d_year", 
   "store.s_store_name", 
   "store.s_zip", 
   "cs_ui.cs_item_sk", 
   "store_sales.ss_wholesale_cost", 
   "store_sales.ss_list_price", 
   "store_sales.ss_coupon_amt", 
   "store_sales.ss_sold_date_sk", 
   "store_sales.ss_hdemo_sk", 
   "store_sales.ss_item_sk", 
   "ad1.ca_street_number", 
   "ad1.ca_street_name", 
   "ad1.ca_city", 
   "ad1.ca_zip", 
   "customer.c_current_hdemo_sk", 
   "store_returns.sr_item_sk", 
   "ad2.ca_street_number", 
   "ad2.ca_street_name", 
   "ad2.ca_city", 
   "ad2.ca_zip"
  ], 
  "Plan Width": 964, 
  "Total Cost": 19.63
 }, 
 {
  "Startup Cost": 0.15, 
  "filename": "plans/query64.json", 
  "plan_id": 1464, 
  "Scan Direction": "Forward", 
  "Index Cond": "(hd1.hd_demo_sk = store_sales.ss_hdemo_sk)", 
  "Node Type": "Index Scan", 
  "Relation Name": "household_demographics", 
  "Alias": "hd1", 
  "Plan Rows": 1, 
  "Schema": "pg_temp_2", 
  "Parallel Aware": false, 
  "Parent Relationship": "Inner", 
  "Output": [
   "hd1.hd_demo_sk", 
   "hd1.hd_income_band_sk", 
   "hd1.hd_buy_potential", 
   "hd1.hd_dep_count", 
   "hd1.hd_vehicle_count"
  ], 
  "Index Name": "household_demographics_pkey", 
  "Plan Width": 8, 
  "Total Cost": 0.3
 }, 
 {
  "Startup Cost": 1.66, 
  "plan_id": 1439, 
  "Plans": [
   1440, 
   1464
  ], 
  "Plan Rows": 1, 
  "Node Type": "Nested Loop", 
  "Join Type": "Inner", 
  "filename": "plans/query64.json", 
  "Parallel Aware": false, 
  "Parent Relationship": "Outer", 
  "Output": [
   "d2.d_year", 
   "d3.d_year", 
   "store.s_store_name", 
   "store.s_zip", 
   "cs_ui.cs_item_sk", 
   "store_sales.ss_wholesale_cost", 
   "store_sales.ss_list_price", 
   "store_sales.ss_coupon_amt", 
   "store_sales.ss_sold_date_sk", 
   "store_sales.ss_item_sk", 
   "ad1.ca_street_number", 
   "ad1.ca_street_name", 
   "ad1.ca_city", 
   "ad1.ca_zip", 
   "customer.c_current_hdemo_sk", 
   "store_returns.sr_item_sk", 
   "ad2.ca_street_number", 
   "ad2.ca_street_name", 
   "ad2.ca_city", 
   "ad2.ca_zip", 
   "hd1.hd_income_band_sk"
  ], 
  "Plan Width": 964, 
  "Total Cost": 19.93
 }, 
 {
  "Startup Cost": 0.15, 
  "filename": "plans/query64.json", 
  "plan_id": 1465, 
  "Scan Direction": "Forward", 
  "Index Cond": "(ib1.ib_income_band_sk = hd1.hd_income_band_sk)", 
  "Node Type": "Index Only Scan", 
  "Relation Name": "income_band", 
  "Alias": "ib1", 
  "Plan Rows": 1, 
  "Schema": "pg_temp_2", 
  "Parallel Aware": false, 
  "Parent Relationship": "Inner", 
  "Output": [
   "ib1.ib_income_band_sk"
  ], 
  "Index Name": "income_band_pkey", 
  "Plan Width": 4, 
  "Total Cost": 0.23
 }, 
 {
  "Startup Cost": 1.82, 
  "plan_id": 1438, 
  "Plans": [
   1439, 
   1465
  ], 
  "Plan Rows": 1, 
  "Node Type": "Nested Loop", 
  "Join Type": "Inner", 
  "filename": "plans/query64.json", 
  "Parallel Aware": false, 
  "Parent Relationship": "Outer", 
  "Output": [
   "d2.d_year", 
   "d3.d_year", 
   "store.s_store_name", 
   "store.s_zip", 
   "cs_ui.cs_item_sk", 
   "store_sales.ss_wholesale_cost", 
   "store_sales.ss_list_price", 
   "store_sales.ss_coupon_amt", 
   "store_sales.ss_sold_date_sk", 
   "store_sales.ss_item_sk", 
   "ad1.ca_street_number", 
   "ad1.ca_street_name", 
   "ad1.ca_city", 
   "ad1.ca_zip", 
   "customer.c_current_hdemo_sk", 
   "store_returns.sr_item_sk", 
   "ad2.ca_street_number", 
   "ad2.ca_street_name", 
   "ad2.ca_city", 
   "ad2.ca_zip"
  ], 
  "Plan Width": 960, 
  "Total Cost": 20.17
 }, 
 {
  "Filter": "((item.i_current_price >= '6'::numeric) AND (item.i_current_price <= '16'::numeric) AND (item.i_current_price >= '7'::numeric) AND (item.i_current_price <= '21'::numeric) AND (item.i_color = ANY ('{khaki,firebrick,burnished,blanched,navy,orange}'::bpchar[])))", 
  "Startup Cost": 0.14, 
  "filename": "plans/query64.json", 
  "plan_id": 1466, 
  "Scan Direction": "Forward", 
  "Index Cond": "(item.i_item_sk = store_returns.sr_item_sk)", 
  "Node Type": "Index Scan", 
  "Relation Name": "item", 
  "Alias": "item", 
  "Plan Rows": 1, 
  "Schema": "pg_temp_2", 
  "Parallel Aware": false, 
  "Parent Relationship": "Inner", 
  "Output": [
   "item.i_item_sk", 
   "item.i_item_id", 
   "item.i_rec_start_date", 
   "item.i_rec_end_date", 
   "item.i_item_desc", 
   "item.i_current_price", 
   "item.i_wholesale_cost", 
   "item.i_brand_id", 
   "item.i_brand", 
   "item.i_class_id", 
   "item.i_class", 
   "item.i_category_id", 
   "item.i_category", 
   "item.i_manufact_id", 
   "item.i_manufact", 
   "item.i_size", 
   "item.i_formulation", 
   "item.i_color", 
   "item.i_units", 
   "item.i_container", 
   "item.i_manager_id", 
   "item.i_product_name"
  ], 
  "Index Name": "item_pkey", 
  "Plan Width": 208, 
  "Total Cost": 0.28
 }, 
 {
  "Startup Cost": 1.96, 
  "plan_id": 1437, 
  "Plans": [
   1438, 
   1466
  ], 
  "Plan Rows": 1, 
  "Node Type": "Nested Loop", 
  "Join Type": "Inner", 
  "filename": "plans/query64.json", 
  "Parallel Aware": false, 
  "Parent Relationship": "Outer", 
  "Output": [
   "d2.d_year", 
   "d3.d_year", 
   "store.s_store_name", 
   "store.s_zip", 
   "store_sales.ss_wholesale_cost", 
   "store_sales.ss_list_price", 
   "store_sales.ss_coupon_amt", 
   "store_sales.ss_sold_date_sk", 
   "ad1.ca_street_number", 
   "ad1.ca_street_name", 
   "ad1.ca_city", 
   "ad1.ca_zip", 
   "customer.c_current_hdemo_sk", 
   "ad2.ca_street_number", 
   "ad2.ca_street_name", 
   "ad2.ca_city", 
   "ad2.ca_zip", 
   "item.i_product_name", 
   "item.i_item_sk"
  ], 
  "Plan Width": 1156, 
  "Join Filter": "(store_sales.ss_item_sk = item.i_item_sk)", 
  "Total Cost": 20.47
 }, 
 {
  "Startup Cost": 0.15, 
  "filename": "plans/query64.json", 
  "plan_id": 1467, 
  "Scan Direction": "Forward", 
  "Index Cond": "(hd2.hd_demo_sk = customer.c_current_hdemo_sk)", 
  "Node Type": "Index Scan", 
  "Relation Name": "household_demographics", 
  "Alias": "hd2", 
  "Plan Rows": 1, 
  "Schema": "pg_temp_2", 
  "Parallel Aware": false, 
  "Parent Relationship": "Inner", 
  "Output": [
   "hd2.hd_demo_sk", 
   "hd2.hd_income_band_sk", 
   "hd2.hd_buy_potential", 
   "hd2.hd_dep_count", 
   "hd2.hd_vehicle_count"
  ], 
  "Index Name": "household_demographics_pkey", 
  "Plan Width": 8, 
  "Total Cost": 0.61
 }, 
 {
  "Startup Cost": 2.1, 
  "plan_id": 1436, 
  "Plans": [
   1437, 
   1467
  ], 
  "Plan Rows": 1, 
  "Node Type": "Nested Loop", 
  "Join Type": "Inner", 
  "filename": "plans/query64.json", 
  "Parallel Aware": false, 
  "Parent Relationship": "Outer", 
  "Output": [
   "d2.d_year", 
   "d3.d_year", 
   "store.s_store_name", 
   "store.s_zip", 
   "store_sales.ss_wholesale_cost", 
   "store_sales.ss_list_price", 
   "store_sales.ss_coupon_amt", 
   "store_sales.ss_sold_date_sk", 
   "ad1.ca_street_number", 
   "ad1.ca_street_name", 
   "ad1.ca_city", 
   "ad1.ca_zip", 
   "ad2.ca_street_number", 
   "ad2.ca_street_name", 
   "ad2.ca_city", 
   "ad2.ca_zip", 
   "item.i_product_name", 
   "item.i_item_sk", 
   "hd2.hd_income_band_sk"
  ], 
  "Plan Width": 1156, 
  "Total Cost": 21.09
 }, 
 {
  "Startup Cost": 0.15, 
  "filename": "plans/query64.json", 
  "plan_id": 1468, 
  "Scan Direction": "Forward", 
  "Index Cond": "(ib2.ib_income_band_sk = hd2.hd_income_band_sk)", 
  "Node Type": "Index Only Scan", 
  "Relation Name": "income_band", 
  "Alias": "ib2", 
  "Plan Rows": 1, 
  "Schema": "pg_temp_2", 
  "Parallel Aware": false, 
  "Parent Relationship": "Inner", 
  "Output": [
   "ib2.ib_income_band_sk"
  ], 
  "Index Name": "income_band_pkey", 
  "Plan Width": 4, 
  "Total Cost": 0.23
 }, 
 {
  "Startup Cost": 2.26, 
  "plan_id": 1435, 
  "Plans": [
   1436, 
   1468
  ], 
  "Plan Rows": 1, 
  "Node Type": "Nested Loop", 
  "Join Type": "Inner", 
  "filename": "plans/query64.json", 
  "Parallel Aware": false, 
  "Parent Relationship": "Outer", 
  "Output": [
   "d2.d_year", 
   "d3.d_year", 
   "store.s_store_name", 
   "store.s_zip", 
   "store_sales.ss_wholesale_cost", 
   "store_sales.ss_list_price", 
   "store_sales.ss_coupon_amt", 
   "store_sales.ss_sold_date_sk", 
   "ad1.ca_street_number", 
   "ad1.ca_street_name", 
   "ad1.ca_city", 
   "ad1.ca_zip", 
   "ad2.ca_street_number", 
   "ad2.ca_street_name", 
   "ad2.ca_city", 
   "ad2.ca_zip", 
   "item.i_product_name", 
   "item.i_item_sk"
  ], 
  "Plan Width": 1152, 
  "Total Cost": 21.32
 }, 
 {
  "Startup Cost": 0.15, 
  "filename": "plans/query64.json", 
  "plan_id": 1469, 
  "Scan Direction": "Forward", 
  "Index Cond": "(d1.d_date_sk = store_sales.ss_sold_date_sk)", 
  "Node Type": "Index Scan", 
  "Relation Name": "date_dim", 
  "Alias": "d1", 
  "Plan Rows": 1, 
  "Schema": "pg_temp_2", 
  "Parallel Aware": false, 
  "Parent Relationship": "Inner", 
  "Output": [
   "d1.d_date_sk", 
   "d1.d_date_id", 
   "d1.d_date", 
   "d1.d_month_seq", 
   "d1.d_week_seq", 
   "d1.d_quarter_seq", 
   "d1.d_year", 
   "d1.d_dow", 
   "d1.d_moy", 
   "d1.d_dom", 
   "d1.d_qoy", 
   "d1.d_fy_year", 
   "d1.d_fy_quarter_seq", 
   "d1.d_fy_week_seq", 
   "d1.d_day_name", 
   "d1.d_quarter_name", 
   "d1.d_holiday", 
   "d1.d_weekend", 
   "d1.d_following_holiday", 
   "d1.d_first_dom", 
   "d1.d_last_dom", 
   "d1.d_same_day_ly", 
   "d1.d_same_day_lq", 
   "d1.d_current_day", 
   "d1.d_current_week", 
   "d1.d_current_month", 
   "d1.d_current_quarter", 
   "d1.d_current_year"
  ], 
  "Index Name": "date_dim_pkey", 
  "Plan Width": 8, 
  "Total Cost": 0.29
 }, 
 {
  "Startup Cost": 2.4, 
  "plan_id": 1434, 
  "Plans": [
   1435, 
   1469
  ], 
  "Plan Rows": 1, 
  "Node Type": "Nested Loop", 
  "Join Type": "Inner", 
  "filename": "plans/query64.json", 
  "Parallel Aware": false, 
  "Parent Relationship": "Outer", 
  "Output": [
   "item.i_item_sk", 
   "store.s_store_name", 
   "store.s_zip", 
   "ad1.ca_street_number", 
   "ad1.ca_street_name", 
   "ad1.ca_city", 
   "ad1.ca_zip", 
   "ad2.ca_street_number", 
   "ad2.ca_street_name", 
   "ad2.ca_city", 
   "ad2.ca_zip", 
   "d1.d_year", 
   "d2.d_year", 
   "d3.d_year", 
   "item.i_product_name", 
   "store_sales.ss_wholesale_cost", 
   "store_sales.ss_list_price", 
   "store_sales.ss_coupon_amt"
  ], 
  "Plan Width": 1152, 
  "Total Cost": 21.63
 }, 
 {
  "Startup Cost": 21.64, 
  "plan_id": 1433, 
  "Plans": [
   1434
  ], 
  "Sort Key": [
   "item.i_item_sk", 
   "store.s_store_name", 
   "store.s_zip", 
   "ad1.ca_street_number", 
   "ad1.ca_street_name", 
   "ad1.ca_city", 
   "ad1.ca_zip", 
   "ad2.ca_street_number", 
   "ad2.ca_street_name", 
   "ad2.ca_city", 
   "ad2.ca_zip", 
   "d1.d_year", 
   "d2.d_year", 
   "d3.d_year"
  ], 
  "Plan Rows": 1, 
  "Node Type": "Sort", 
  "filename": "plans/query64.json", 
  "Parallel Aware": false, 
  "Parent Relationship": "Outer", 
  "Output": [
   "item.i_item_sk", 
   "store.s_store_name", 
   "store.s_zip", 
   "ad1.ca_street_number", 
   "ad1.ca_street_name", 
   "ad1.ca_city", 
   "ad1.ca_zip", 
   "ad2.ca_street_number", 
   "ad2.ca_street_name", 
   "ad2.ca_city", 
   "ad2.ca_zip", 
   "d1.d_year", 
   "d2.d_year", 
   "d3.d_year", 
   "item.i_product_name", 
   "store_sales.ss_wholesale_cost", 
   "store_sales.ss_list_price", 
   "store_sales.ss_coupon_amt"
  ], 
  "Plan Width": 1152, 
  "Total Cost": 21.64
 }, 
 {
  "Startup Cost": 0.0, 
  "plan_id": 1471, 
  "CTE Name": "cross_sales", 
  "Node Type": "CTE Scan", 
  "Plan Rows": 1, 
  "Filter": "(cs1.syear = 1999)", 
  "Alias": "cs1", 
  "filename": "plans/query64.json", 
  "Parallel Aware": false, 
  "Parent Relationship": "Outer", 
  "Output": [
   "cs1.product_name", 
   "cs1.item_sk", 
   "cs1.store_name", 
   "cs1.store_zip", 
   "cs1.b_street_number", 
   "cs1.b_street_name", 
   "cs1.b_city", 
   "cs1.b_zip", 
   "cs1.c_street_number", 
   "cs1.c_street_name", 
   "cs1.c_city", 
   "cs1.c_zip", 
   "cs1.syear", 
   "cs1.fsyear", 
   "cs1.s2year", 
   "cs1.cnt", 
   "cs1.s1", 
   "cs1.s2", 
   "cs1.s3"
  ], 
  "Plan Width": 1206, 
  "Total Cost": 0.02
 }, 
 {
  "Startup Cost": 0.0, 
  "plan_id": 1472, 
  "CTE Name": "cross_sales", 
  "Node Type": "CTE Scan", 
  "Plan Rows": 1, 
  "Filter": "(cs2.syear = 2000)", 
  "Alias": "cs2", 
  "filename": "plans/query64.json", 
  "Parallel Aware": false, 
  "Parent Relationship": "Inner", 
  "Output": [
   "cs2.product_name", 
   "cs2.item_sk", 
   "cs2.store_name", 
   "cs2.store_zip", 
   "cs2.b_street_number", 
   "cs2.b_street_name", 
   "cs2.b_city", 
   "cs2.b_zip", 
   "cs2.c_street_number", 
   "cs2.c_street_name", 
   "cs2.c_city", 
   "cs2.c_zip", 
   "cs2.syear", 
   "cs2.fsyear", 
   "cs2.s2year", 
   "cs2.cnt", 
   "cs2.s1", 
   "cs2.s2", 
   "cs2.s3"
  ], 
  "Plan Width": 274, 
  "Total Cost": 0.02
 }, 
 {
  "Partial Mode": "Simple", 
  "Startup Cost": 55.33, 
  "Plan Width": 68, 
  "plan_id": 1426, 
  "Plans": [
   1427
  ], 
  "filename": "plans/query64.json", 
  "Node Type": "Aggregate", 
  "Strategy": "Sorted", 
  "Filter": "(sum(catalog_sales.cs_ext_list_price) > ('2'::numeric * sum(((catalog_returns.cr_refunded_cash + catalog_returns.cr_reversed_charge) + catalog_returns.cr_store_credit))))", 
  "Plan Rows": 2, 
  "Parallel Aware": false, 
  "Output": [
   "catalog_sales.cs_item_sk", 
   "sum(catalog_sales.cs_ext_list_price)", 
   "sum(((catalog_returns.cr_refunded_cash + catalog_returns.cr_reversed_charge) + catalog_returns.cr_store_credit))"
  ], 
  "Group Key": [
   "catalog_sales.cs_item_sk"
  ], 
  "Parent Relationship": "InitPlan", 
  "Subplan Name": "CTE cs_ui", 
  "Total Cost": 55.42
 }, 
 {
  "Partial Mode": "Simple", 
  "Startup Cost": 21.64, 
  "Plan Width": 1214, 
  "plan_id": 1432, 
  "Plans": [
   1433
  ], 
  "filename": "plans/query64.json", 
  "Node Type": "Aggregate", 
  "Strategy": "Sorted", 
  "Plan Rows": 1, 
  "Parallel Aware": false, 
  "Output": [
   "item.i_product_name", 
   "item.i_item_sk", 
   "store.s_store_name", 
   "store.s_zip", 
   "ad1.ca_street_number", 
   "ad1.ca_street_name", 
   "ad1.ca_city", 
   "ad1.ca_zip", 
   "ad2.ca_street_number", 
   "ad2.ca_street_name", 
   "ad2.ca_city", 
   "ad2.ca_zip", 
   "d1.d_year", 
   "d2.d_year", 
   "d3.d_year", 
   "count(*)", 
   "sum(store_sales.ss_wholesale_cost)", 
   "sum(store_sales.ss_list_price)", 
   "sum(store_sales.ss_coupon_amt)"
  ], 
  "Group Key": [
   "item.i_item_sk", 
   "store.s_store_name", 
   "store.s_zip", 
   "ad1.ca_street_number", 
   "ad1.ca_street_name", 
   "ad1.ca_city", 
   "ad1.ca_zip", 
   "ad2.ca_street_number", 
   "ad2.ca_street_name", 
   "ad2.ca_city", 
   "ad2.ca_zip", 
   "d1.d_year", 
   "d2.d_year", 
   "d3.d_year"
  ], 
  "Parent Relationship": "InitPlan", 
  "Subplan Name": "CTE cross_sales", 
  "Total Cost": 21.71
 }, 
 {
  "Startup Cost": 0.0, 
  "plan_id": 1470, 
  "Plans": [
   1471, 
   1472
  ], 
  "Plan Rows": 1, 
  "Node Type": "Nested Loop", 
  "Join Type": "Inner", 
  "filename": "plans/query64.json", 
  "Parallel Aware": false, 
  "Parent Relationship": "Outer", 
  "Output": [
   "cs1.product_name", 
   "cs1.store_name", 
   "cs1.store_zip", 
   "cs1.b_street_number", 
   "cs1.b_street_name", 
   "cs1.b_city", 
   "cs1.b_zip", 
   "cs1.c_street_number", 
   "cs1.c_street_name", 
   "cs1.c_city", 
   "cs1.c_zip", 
   "cs1.syear", 
   "cs1.cnt", 
   "cs1.s1", 
   "cs1.s2", 
   "cs1.s3", 
   "cs2.s1", 
   "cs2.s2", 
   "cs2.s3", 
   "cs2.syear", 
   "cs2.cnt"
  ], 
  "Plan Width": 1310, 
  "Join Filter": "((cs2.cnt <= cs1.cnt) AND (cs1.item_sk = cs2.item_sk) AND ((cs1.store_name)::text = (cs2.store_name)::text) AND (cs1.store_zip = cs2.store_zip))", 
  "Total Cost": 0.07
 }, 
 {
  "Startup Cost": 77.2, 
  "plan_id": 1425, 
  "Plans": [
   1426, 
   1432, 
   1470
  ], 
  "Sort Key": [
   "cs1.product_name", 
   "cs1.store_name", 
   "cs2.cnt"
  ], 
  "Plan Rows": 1, 
  "Node Type": "Sort", 
  "filename": "plans/query64.json", 
  "Parallel Aware": false, 
  "Output": [
   "cs1.product_name", 
   "cs1.store_name", 
   "cs1.store_zip", 
   "cs1.b_street_number", 
   "cs1.b_street_name", 
   "cs1.b_city", 
   "cs1.b_zip", 
   "cs1.c_street_number", 
   "cs1.c_street_name", 
   "cs1.c_city", 
   "cs1.c_zip", 
   "cs1.syear", 
   "cs1.cnt", 
   "cs1.s1", 
   "cs1.s2", 
   "cs1.s3", 
   "cs2.s1", 
   "cs2.s2", 
   "cs2.s3", 
   "cs2.syear", 
   "cs2.cnt"
  ], 
  "Plan Width": 1310, 
  "Total Cost": 77.21
 }, 
 {
  "Relation Name": "date_dim", 
  "Startup Cost": 0.0, 
  "plan_id": 1484, 
  "Node Type": "Seq Scan", 
  "Plan Rows": 1, 
  "Filter": "((date_dim.d_month_seq >= 1176) AND (date_dim.d_month_seq <= 1187))", 
  "Alias": "date_dim", 
  "filename": "plans/query65.json", 
  "Schema": "pg_temp_2", 
  "Parallel Aware": false, 
  "Parent Relationship": "Outer", 
  "Output": [
   "date_dim.d_date_sk"
  ], 
  "Plan Width": 4, 
  "Total Cost": 14.05
 }, 
 {
  "Startup Cost": 0.0, 
  "plan_id": 1482, 
  "Node Type": "Seq Scan", 
  "Plan Rows": 340, 
  "Relation Name": "store_sales", 
  "Alias": "store_sales", 
  "filename": "plans/query65.json", 
  "Schema": "pg_temp_2", 
  "Parallel Aware": false, 
  "Parent Relationship": "Outer", 
  "Output": [
   "store_sales.ss_sold_date_sk", 
   "store_sales.ss_sold_time_sk", 
   "store_sales.ss_item_sk", 
   "store_sales.ss_customer_sk", 
   "store_sales.ss_cdemo_sk", 
   "store_sales.ss_hdemo_sk", 
   "store_sales.ss_addr_sk", 
   "store_sales.ss_store_sk", 
   "store_sales.ss_promo_sk", 
   "store_sales.ss_ticket_number", 
   "store_sales.ss_quantity", 
   "store_sales.ss_wholesale_cost", 
   "store_sales.ss_list_price", 
   "store_sales.ss_sales_price", 
   "store_sales.ss_ext_discount_amt", 
   "store_sales.ss_ext_sales_price", 
   "store_sales.ss_ext_wholesale_cost", 
   "store_sales.ss_ext_list_price", 
   "store_sales.ss_ext_tax", 
   "store_sales.ss_coupon_amt", 
   "store_sales.ss_net_paid", 
   "store_sales.ss_net_paid_inc_tax", 
   "store_sales.ss_net_profit"
  ], 
  "Plan Width": 26, 
  "Total Cost": 13.4
 }, 
 {
  "Startup Cost": 14.05, 
  "plan_id": 1483, 
  "Plans": [
   1484
  ], 
  "Plan Rows": 1, 
  "Node Type": "Hash", 
  "filename": "plans/query65.json", 
  "Parallel Aware": false, 
  "Parent Relationship": "Inner", 
  "Output": [
   "date_dim.d_date_sk"
  ], 
  "Plan Width": 4, 
  "Total Cost": 14.05
 }, 
 {
  "Startup Cost": 14.06, 
  "Plan Width": 22, 
  "plan_id": 1481, 
  "Plans": [
   1482, 
   1483
  ], 
  "Plan Rows": 1, 
  "Node Type": "Hash Join", 
  "Join Type": "Inner", 
  "filename": "plans/query65.json", 
  "Parallel Aware": false, 
  "Output": [
   "store_sales.ss_store_sk", 
   "store_sales.ss_item_sk", 
   "store_sales.ss_sales_price"
  ], 
  "Hash Cond": "(store_sales.ss_sold_date_sk = date_dim.d_date_sk)", 
  "Parent Relationship": "Outer", 
  "Total Cost": 28.75
 }, 
 {
  "Startup Cost": 28.76, 
  "plan_id": 1480, 
  "Plans": [
   1481
  ], 
  "Sort Key": [
   "store_sales.ss_store_sk", 
   "store_sales.ss_item_sk"
  ], 
  "Plan Rows": 1, 
  "Node Type": "Sort", 
  "filename": "plans/query65.json", 
  "Parallel Aware": false, 
  "Parent Relationship": "Outer", 
  "Output": [
   "store_sales.ss_store_sk", 
   "store_sales.ss_item_sk", 
   "store_sales.ss_sales_price"
  ], 
  "Plan Width": 22, 
  "Total Cost": 28.76
 }, 
 {
  "Partial Mode": "Simple", 
  "Startup Cost": 28.76, 
  "Plan Width": 40, 
  "plan_id": 1479, 
  "Plans": [
   1480
  ], 
  "filename": "plans/query65.json", 
  "Node Type": "Aggregate", 
  "Strategy": "Sorted", 
  "Plan Rows": 1, 
  "Parallel Aware": false, 
  "Output": [
   "store_sales.ss_store_sk", 
   "store_sales.ss_item_sk", 
   "sum(store_sales.ss_sales_price)"
  ], 
  "Group Key": [
   "store_sales.ss_store_sk", 
   "store_sales.ss_item_sk"
  ], 
  "Parent Relationship": "Outer", 
  "Total Cost": 28.78
 }, 
 {
  "Partial Mode": "Simple", 
  "Startup Cost": 28.76, 
  "Plan Width": 36, 
  "plan_id": 1478, 
  "Plans": [
   1479
  ], 
  "filename": "plans/query65.json", 
  "Node Type": "Aggregate", 
  "Strategy": "Sorted", 
  "Plan Rows": 1, 
  "Parallel Aware": false, 
  "Output": [
   "store_sales.ss_store_sk", 
   "avg((sum(store_sales.ss_sales_price)))"
  ], 
  "Group Key": [
   "store_sales.ss_store_sk"
  ], 
  "Parent Relationship": "Outer", 
  "Total Cost": 28.81
 }, 
 {
  "Startup Cost": 0.14, 
  "filename": "plans/query65.json", 
  "plan_id": 1485, 
  "Scan Direction": "Forward", 
  "Index Cond": "(store.s_store_sk = store_sales.ss_store_sk)", 
  "Node Type": "Index Scan", 
  "Relation Name": "store", 
  "Alias": "store", 
  "Plan Rows": 1, 
  "Schema": "pg_temp_2", 
  "Parallel Aware": false, 
  "Parent Relationship": "Inner", 
  "Output": [
   "store.s_store_sk", 
   "store.s_store_id", 
   "store.s_rec_start_date", 
   "store.s_rec_end_date", 
   "store.s_closed_date_sk", 
   "store.s_store_name", 
   "store.s_number_employees", 
   "store.s_floor_space", 
   "store.s_hours", 
   "store.s_manager", 
   "store.s_market_id", 
   "store.s_geography_class", 
   "store.s_market_desc", 
   "store.s_market_manager", 
   "store.s_division_id", 
   "store.s_division_name", 
   "store.s_company_id", 
   "store.s_company_name", 
   "store.s_street_number", 
   "store.s_street_name", 
   "store.s_street_type", 
   "store.s_suite_number", 
   "store.s_city", 
   "store.s_county", 
   "store.s_state", 
   "store.s_zip", 
   "store.s_country", 
   "store.s_gmt_offset", 
   "store.s_tax_precentage"
  ], 
  "Index Name": "store_pkey", 
  "Plan Width": 122, 
  "Total Cost": 8.16
 }, 
 {
  "Relation Name": "date_dim", 
  "Startup Cost": 0.0, 
  "plan_id": 1491, 
  "Node Type": "Seq Scan", 
  "Plan Rows": 1, 
  "Filter": "((date_dim_1.d_month_seq >= 1176) AND (date_dim_1.d_month_seq <= 1187))", 
  "Alias": "date_dim_1", 
  "filename": "plans/query65.json", 
  "Schema": "pg_temp_2", 
  "Parallel Aware": false, 
  "Parent Relationship": "Outer", 
  "Output": [
   "date_dim_1.d_date_sk"
  ], 
  "Plan Width": 4, 
  "Total Cost": 14.05
 }, 
 {
  "Startup Cost": 0.0, 
  "plan_id": 1489, 
  "Node Type": "Seq Scan", 
  "Plan Rows": 340, 
  "Relation Name": "store_sales", 
  "Alias": "store_sales_1", 
  "filename": "plans/query65.json", 
  "Schema": "pg_temp_2", 
  "Parallel Aware": false, 
  "Parent Relationship": "Outer", 
  "Output": [
   "store_sales_1.ss_sold_date_sk", 
   "store_sales_1.ss_sold_time_sk", 
   "store_sales_1.ss_item_sk", 
   "store_sales_1.ss_customer_sk", 
   "store_sales_1.ss_cdemo_sk", 
   "store_sales_1.ss_hdemo_sk", 
   "store_sales_1.ss_addr_sk", 
   "store_sales_1.ss_store_sk", 
   "store_sales_1.ss_promo_sk", 
   "store_sales_1.ss_ticket_number", 
   "store_sales_1.ss_quantity", 
   "store_sales_1.ss_wholesale_cost", 
   "store_sales_1.ss_list_price", 
   "store_sales_1.ss_sales_price", 
   "store_sales_1.ss_ext_discount_amt", 
   "store_sales_1.ss_ext_sales_price", 
   "store_sales_1.ss_ext_wholesale_cost", 
   "store_sales_1.ss_ext_list_price", 
   "store_sales_1.ss_ext_tax", 
   "store_sales_1.ss_coupon_amt", 
   "store_sales_1.ss_net_paid", 
   "store_sales_1.ss_net_paid_inc_tax", 
   "store_sales_1.ss_net_profit"
  ], 
  "Plan Width": 26, 
  "Total Cost": 13.4
 }, 
 {
  "Startup Cost": 14.05, 
  "plan_id": 1490, 
  "Plans": [
   1491
  ], 
  "Plan Rows": 1, 
  "Node Type": "Hash", 
  "filename": "plans/query65.json", 
  "Parallel Aware": false, 
  "Parent Relationship": "Inner", 
  "Output": [
   "date_dim_1.d_date_sk"
  ], 
  "Plan Width": 4, 
  "Total Cost": 14.05
 }, 
 {
  "Startup Cost": 14.06, 
  "Plan Width": 22, 
  "plan_id": 1488, 
  "Plans": [
   1489, 
   1490
  ], 
  "Plan Rows": 1, 
  "Node Type": "Hash Join", 
  "Join Type": "Inner", 
  "filename": "plans/query65.json", 
  "Parallel Aware": false, 
  "Output": [
   "store_sales_1.ss_store_sk", 
   "store_sales_1.ss_item_sk", 
   "store_sales_1.ss_sales_price"
  ], 
  "Hash Cond": "(store_sales_1.ss_sold_date_sk = date_dim_1.d_date_sk)", 
  "Parent Relationship": "Outer", 
  "Total Cost": 28.75
 }, 
 {
  "Startup Cost": 28.76, 
  "plan_id": 1487, 
  "Plans": [
   1488
  ], 
  "Sort Key": [
   "store_sales_1.ss_store_sk", 
   "store_sales_1.ss_item_sk"
  ], 
  "Plan Rows": 1, 
  "Node Type": "Sort", 
  "filename": "plans/query65.json", 
  "Parallel Aware": false, 
  "Parent Relationship": "Outer", 
  "Output": [
   "store_sales_1.ss_store_sk", 
   "store_sales_1.ss_item_sk", 
   "store_sales_1.ss_sales_price"
  ], 
  "Plan Width": 22, 
  "Total Cost": 28.76
 }, 
 {
  "Startup Cost": 28.9, 
  "plan_id": 1477, 
  "Plans": [
   1478, 
   1485
  ], 
  "Plan Rows": 1, 
  "Node Type": "Nested Loop", 
  "Join Type": "Inner", 
  "filename": "plans/query65.json", 
  "Parallel Aware": false, 
  "Parent Relationship": "Outer", 
  "Output": [
   "store.s_store_name", 
   "store.s_store_sk", 
   "store_sales.ss_store_sk", 
   "(avg((sum(store_sales.ss_sales_price))))"
  ], 
  "Plan Width": 158, 
  "Total Cost": 36.99
 }, 
 {
  "Partial Mode": "Simple", 
  "Startup Cost": 28.76, 
  "Plan Width": 40, 
  "plan_id": 1486, 
  "Plans": [
   1487
  ], 
  "filename": "plans/query65.json", 
  "Node Type": "Aggregate", 
  "Strategy": "Sorted", 
  "Plan Rows": 1, 
  "Parallel Aware": false, 
  "Output": [
   "store_sales_1.ss_store_sk", 
   "store_sales_1.ss_item_sk", 
   "sum(store_sales_1.ss_sales_price)"
  ], 
  "Group Key": [
   "store_sales_1.ss_store_sk", 
   "store_sales_1.ss_item_sk"
  ], 
  "Parent Relationship": "Inner", 
  "Total Cost": 28.78
 }, 
 {
  "Startup Cost": 57.66, 
  "plan_id": 1476, 
  "Plans": [
   1477, 
   1486
  ], 
  "Plan Rows": 1, 
  "Node Type": "Nested Loop", 
  "Join Type": "Inner", 
  "filename": "plans/query65.json", 
  "Parallel Aware": false, 
  "Parent Relationship": "Outer", 
  "Output": [
   "store.s_store_name", 
   "(sum(store_sales_1.ss_sales_price))", 
   "store_sales_1.ss_item_sk"
  ], 
  "Plan Width": 154, 
  "Join Filter": "((store_sales.ss_store_sk = store_sales_1.ss_store_sk) AND ((sum(store_sales_1.ss_sales_price)) <= (0.1 * (avg((sum(store_sales.ss_sales_price)))))))", 
  "Total Cost": 65.8
 }, 
 {
  "Startup Cost": 0.14, 
  "filename": "plans/query65.json", 
  "plan_id": 1492, 
  "Scan Direction": "Forward", 
  "Index Cond": "(item.i_item_sk = store_sales_1.ss_item_sk)", 
  "Node Type": "Index Scan", 
  "Relation Name": "item", 
  "Alias": "item", 
  "Plan Rows": 1, 
  "Schema": "pg_temp_2", 
  "Parallel Aware": false, 
  "Parent Relationship": "Inner", 
  "Output": [
   "item.i_item_sk", 
   "item.i_item_id", 
   "item.i_rec_start_date", 
   "item.i_rec_end_date", 
   "item.i_item_desc", 
   "item.i_current_price", 
   "item.i_wholesale_cost", 
   "item.i_brand_id", 
   "item.i_brand", 
   "item.i_class_id", 
   "item.i_class", 
   "item.i_category_id", 
   "item.i_category", 
   "item.i_manufact_id", 
   "item.i_manufact", 
   "item.i_size", 
   "item.i_formulation", 
   "item.i_color", 
   "item.i_units", 
   "item.i_container", 
   "item.i_manager_id", 
   "item.i_product_name"
  ], 
  "Index Name": "item_pkey", 
  "Plan Width": 654, 
  "Total Cost": 8.16
 }, 
 {
  "Startup Cost": 57.8, 
  "plan_id": 1475, 
  "Plans": [
   1476, 
   1492
  ], 
  "Plan Rows": 1, 
  "Node Type": "Nested Loop", 
  "Join Type": "Inner", 
  "filename": "plans/query65.json", 
  "Parallel Aware": false, 
  "Parent Relationship": "Outer", 
  "Output": [
   "store.s_store_name", 
   "item.i_item_desc", 
   "(sum(store_sales_1.ss_sales_price))", 
   "item.i_current_price", 
   "item.i_wholesale_cost", 
   "item.i_brand"
  ], 
  "Plan Width": 800, 
  "Total Cost": 73.97
 }, 
 {
  "Startup Cost": 73.98, 
  "plan_id": 1474, 
  "Plans": [
   1475
  ], 
  "Sort Key": [
   "store.s_store_name", 
   "item.i_item_desc"
  ], 
  "Plan Rows": 1, 
  "Node Type": "Sort", 
  "filename": "plans/query65.json", 
  "Parallel Aware": false, 
  "Parent Relationship": "Outer", 
  "Output": [
   "store.s_store_name", 
   "item.i_item_desc", 
   "(sum(store_sales_1.ss_sales_price))", 
   "item.i_current_price", 
   "item.i_wholesale_cost", 
   "item.i_brand"
  ], 
  "Plan Width": 800, 
  "Total Cost": 73.98
 }, 
 {
  "Startup Cost": 73.98, 
  "plan_id": 1473, 
  "Plans": [
   1474
  ], 
  "Plan Rows": 1, 
  "Node Type": "Limit", 
  "filename": "plans/query65.json", 
  "Parallel Aware": false, 
  "Output": [
   "store.s_store_name", 
   "item.i_item_desc", 
   "(sum(store_sales_1.ss_sales_price))", 
   "item.i_current_price", 
   "item.i_wholesale_cost", 
   "item.i_brand"
  ], 
  "Plan Width": 800, 
  "Total Cost": 73.98
 }, 
 {
  "Relation Name": "ship_mode", 
  "Startup Cost": 0.0, 
  "plan_id": 1505, 
  "Node Type": "Seq Scan", 
  "Plan Rows": 2, 
  "Filter": "(ship_mode.sm_carrier = ANY ('{BOXBUNDLES,ZOUROS}'::bpchar[]))", 
  "Alias": "ship_mode", 
  "filename": "plans/query66.json", 
  "Schema": "pg_temp_2", 
  "Parallel Aware": false, 
  "Parent Relationship": "Outer", 
  "Output": [
   "ship_mode.sm_ship_mode_sk"
  ], 
  "Plan Width": 4, 
  "Total Cost": 12.25
 }, 
 {
  "Startup Cost": 0.0, 
  "plan_id": 1503, 
  "Node Type": "Seq Scan", 
  "Plan Rows": 260, 
  "Relation Name": "web_sales", 
  "Alias": "web_sales", 
  "filename": "plans/query66.json", 
  "Schema": "pg_temp_2", 
  "Parallel Aware": false, 
  "Parent Relationship": "Outer", 
  "Output": [
   "web_sales.ws_sold_date_sk", 
   "web_sales.ws_sold_time_sk", 
   "web_sales.ws_ship_date_sk", 
   "web_sales.ws_item_sk", 
   "web_sales.ws_bill_customer_sk", 
   "web_sales.ws_bill_cdemo_sk", 
   "web_sales.ws_bill_hdemo_sk", 
   "web_sales.ws_bill_addr_sk", 
   "web_sales.ws_ship_customer_sk", 
   "web_sales.ws_ship_cdemo_sk", 
   "web_sales.ws_ship_hdemo_sk", 
   "web_sales.ws_ship_addr_sk", 
   "web_sales.ws_web_page_sk", 
   "web_sales.ws_web_site_sk", 
   "web_sales.ws_ship_mode_sk", 
   "web_sales.ws_warehouse_sk", 
   "web_sales.ws_promo_sk", 
   "web_sales.ws_order_number", 
   "web_sales.ws_quantity", 
   "web_sales.ws_wholesale_cost", 
   "web_sales.ws_list_price", 
   "web_sales.ws_sales_price", 
   "web_sales.ws_ext_discount_amt", 
   "web_sales.ws_ext_sales_price", 
   "web_sales.ws_ext_wholesale_cost", 
   "web_sales.ws_ext_list_price", 
   "web_sales.ws_ext_tax", 
   "web_sales.ws_coupon_amt", 
   "web_sales.ws_ext_ship_cost", 
   "web_sales.ws_net_paid", 
   "web_sales.ws_net_paid_inc_tax", 
   "web_sales.ws_net_paid_inc_ship", 
   "web_sales.ws_net_paid_inc_ship_tax", 
   "web_sales.ws_net_profit"
  ], 
  "Plan Width": 48, 
  "Total Cost": 12.6
 }, 
 {
  "Startup Cost": 12.25, 
  "plan_id": 1504, 
  "Plans": [
   1505
  ], 
  "Plan Rows": 2, 
  "Node Type": "Hash", 
  "filename": "plans/query66.json", 
  "Parallel Aware": false, 
  "Parent Relationship": "Inner", 
  "Output": [
   "ship_mode.sm_ship_mode_sk"
  ], 
  "Plan Width": 4, 
  "Total Cost": 12.25
 }, 
 {
  "Startup Cost": 12.28, 
  "Plan Width": 44, 
  "plan_id": 1502, 
  "Plans": [
   1503, 
   1504
  ], 
  "Plan Rows": 3, 
  "Node Type": "Hash Join", 
  "Join Type": "Inner", 
  "filename": "plans/query66.json", 
  "Parallel Aware": false, 
  "Output": [
   "web_sales.ws_sales_price", 
   "web_sales.ws_quantity", 
   "web_sales.ws_net_paid_inc_tax", 
   "web_sales.ws_warehouse_sk", 
   "web_sales.ws_sold_date_sk", 
   "web_sales.ws_sold_time_sk"
  ], 
  "Hash Cond": "(web_sales.ws_ship_mode_sk = ship_mode.sm_ship_mode_sk)", 
  "Parent Relationship": "Outer", 
  "Total Cost": 25.88
 }, 
 {
  "Startup Cost": 0.14, 
  "filename": "plans/query66.json", 
  "plan_id": 1506, 
  "Scan Direction": "Forward", 
  "Index Cond": "(warehouse.w_warehouse_sk = web_sales.ws_warehouse_sk)", 
  "Node Type": "Index Scan", 
  "Relation Name": "warehouse", 
  "Alias": "warehouse", 
  "Plan Rows": 1, 
  "Schema": "pg_temp_2", 
  "Parallel Aware": false, 
  "Parent Relationship": "Inner", 
  "Output": [
   "warehouse.w_warehouse_sk", 
   "warehouse.w_warehouse_id", 
   "warehouse.w_warehouse_name", 
   "warehouse.w_warehouse_sq_ft", 
   "warehouse.w_street_number", 
   "warehouse.w_street_name", 
   "warehouse.w_street_type", 
   "warehouse.w_suite_number", 
   "warehouse.w_city", 
   "warehouse.w_county", 
   "warehouse.w_state", 
   "warehouse.w_zip", 
   "warehouse.w_country", 
   "warehouse.w_gmt_offset"
  ], 
  "Index Name": "warehouse_pkey", 
  "Plan Width": 352, 
  "Total Cost": 0.33
 }, 
 {
  "Startup Cost": 12.42, 
  "plan_id": 1501, 
  "Plans": [
   1502, 
   1506
  ], 
  "Plan Rows": 1, 
  "Node Type": "Nested Loop", 
  "Join Type": "Inner", 
  "filename": "plans/query66.json", 
  "Parallel Aware": false, 
  "Parent Relationship": "Outer", 
  "Output": [
   "web_sales.ws_sales_price", 
   "web_sales.ws_quantity", 
   "web_sales.ws_net_paid_inc_tax", 
   "web_sales.ws_sold_date_sk", 
   "web_sales.ws_sold_time_sk", 
   "warehouse.w_warehouse_name", 
   "warehouse.w_warehouse_sq_ft", 
   "warehouse.w_city", 
   "warehouse.w_county", 
   "warehouse.w_state", 
   "warehouse.w_country"
  ], 
  "Plan Width": 388, 
  "Total Cost": 26.9
 }, 
 {
  "Filter": "(date_dim.d_year = 2000)", 
  "Startup Cost": 0.15, 
  "filename": "plans/query66.json", 
  "plan_id": 1507, 
  "Scan Direction": "Forward", 
  "Index Cond": "(date_dim.d_date_sk = web_sales.ws_sold_date_sk)", 
  "Node Type": "Index Scan", 
  "Relation Name": "date_dim", 
  "Alias": "date_dim", 
  "Plan Rows": 1, 
  "Schema": "pg_temp_2", 
  "Parallel Aware": false, 
  "Parent Relationship": "Inner", 
  "Output": [
   "date_dim.d_date_sk", 
   "date_dim.d_date_id", 
   "date_dim.d_date", 
   "date_dim.d_month_seq", 
   "date_dim.d_week_seq", 
   "date_dim.d_quarter_seq", 
   "date_dim.d_year", 
   "date_dim.d_dow", 
   "date_dim.d_moy", 
   "date_dim.d_dom", 
   "date_dim.d_qoy", 
   "date_dim.d_fy_year", 
   "date_dim.d_fy_quarter_seq", 
   "date_dim.d_fy_week_seq", 
   "date_dim.d_day_name", 
   "date_dim.d_quarter_name", 
   "date_dim.d_holiday", 
   "date_dim.d_weekend", 
   "date_dim.d_following_holiday", 
   "date_dim.d_first_dom", 
   "date_dim.d_last_dom", 
   "date_dim.d_same_day_ly", 
   "date_dim.d_same_day_lq", 
   "date_dim.d_current_day", 
   "date_dim.d_current_week", 
   "date_dim.d_current_month", 
   "date_dim.d_current_quarter", 
   "date_dim.d_current_year"
  ], 
  "Index Name": "date_dim_pkey", 
  "Plan Width": 12, 
  "Total Cost": 0.34
 }, 
 {
  "Startup Cost": 12.57, 
  "plan_id": 1500, 
  "Plans": [
   1501, 
   1507
  ], 
  "Plan Rows": 1, 
  "Node Type": "Nested Loop", 
  "Join Type": "Inner", 
  "filename": "plans/query66.json", 
  "Parallel Aware": false, 
  "Parent Relationship": "Outer", 
  "Output": [
   "web_sales.ws_sales_price", 
   "web_sales.ws_quantity", 
   "web_sales.ws_net_paid_inc_tax", 
   "web_sales.ws_sold_time_sk", 
   "warehouse.w_warehouse_name", 
   "warehouse.w_warehouse_sq_ft", 
   "warehouse.w_city", 
   "warehouse.w_county", 
   "warehouse.w_state", 
   "warehouse.w_country", 
   "date_dim.d_year", 
   "date_dim.d_moy"
  ], 
  "Plan Width": 392, 
  "Total Cost": 27.24
 }, 
 {
  "Filter": "((time_dim.t_time >= 30938) AND (time_dim.t_time <= 59738))", 
  "Startup Cost": 0.14, 
  "filename": "plans/query66.json", 
  "plan_id": 1508, 
  "Scan Direction": "Forward", 
  "Index Cond": "(time_dim.t_time_sk = web_sales.ws_sold_time_sk)", 
  "Node Type": "Index Scan", 
  "Relation Name": "time_dim", 
  "Alias": "time_dim", 
  "Plan Rows": 1, 
  "Schema": "pg_temp_2", 
  "Parallel Aware": false, 
  "Parent Relationship": "Inner", 
  "Output": [
   "time_dim.t_time_sk", 
   "time_dim.t_time_id", 
   "time_dim.t_time", 
   "time_dim.t_hour", 
   "time_dim.t_minute", 
   "time_dim.t_second", 
   "time_dim.t_am_pm", 
   "time_dim.t_shift", 
   "time_dim.t_sub_shift", 
   "time_dim.t_meal_time"
  ], 
  "Index Name": "time_dim_pkey", 
  "Plan Width": 4, 
  "Total Cost": 0.34
 }, 
 {
  "Startup Cost": 12.71, 
  "plan_id": 1499, 
  "Plans": [
   1500, 
   1508
  ], 
  "Plan Rows": 1, 
  "Node Type": "Nested Loop", 
  "Join Type": "Inner", 
  "filename": "plans/query66.json", 
  "Parallel Aware": false, 
  "Parent Relationship": "Outer", 
  "Output": [
   "warehouse.w_warehouse_name", 
   "warehouse.w_warehouse_sq_ft", 
   "warehouse.w_city", 
   "warehouse.w_county", 
   "warehouse.w_state", 
   "warehouse.w_country", 
   "date_dim.d_year", 
   "date_dim.d_moy", 
   "web_sales.ws_sales_price", 
   "web_sales.ws_quantity", 
   "web_sales.ws_net_paid_inc_tax"
  ], 
  "Plan Width": 388, 
  "Total Cost": 27.59
 }, 
 {
  "Startup Cost": 27.6, 
  "plan_id": 1498, 
  "Plans": [
   1499
  ], 
  "Sort Key": [
   "warehouse.w_warehouse_name", 
   "warehouse.w_warehouse_sq_ft", 
   "warehouse.w_city", 
   "warehouse.w_county", 
   "warehouse.w_state", 
   "warehouse.w_country"
  ], 
  "Plan Rows": 1, 
  "Node Type": "Sort", 
  "filename": "plans/query66.json", 
  "Parallel Aware": false, 
  "Parent Relationship": "Outer", 
  "Output": [
   "warehouse.w_warehouse_name", 
   "warehouse.w_warehouse_sq_ft", 
   "warehouse.w_city", 
   "warehouse.w_county", 
   "warehouse.w_state", 
   "warehouse.w_country", 
   "date_dim.d_year", 
   "date_dim.d_moy", 
   "web_sales.ws_sales_price", 
   "web_sales.ws_quantity", 
   "web_sales.ws_net_paid_inc_tax"
  ], 
  "Plan Width": 388, 
  "Total Cost": 27.61
 }, 
 {
  "Relation Name": "ship_mode", 
  "Startup Cost": 0.0, 
  "plan_id": 1517, 
  "Node Type": "Seq Scan", 
  "Plan Rows": 2, 
  "Filter": "(ship_mode_1.sm_carrier = ANY ('{BOXBUNDLES,ZOUROS}'::bpchar[]))", 
  "Alias": "ship_mode_1", 
  "filename": "plans/query66.json", 
  "Schema": "pg_temp_2", 
  "Parallel Aware": false, 
  "Parent Relationship": "Outer", 
  "Output": [
   "ship_mode_1.sm_ship_mode_sk"
  ], 
  "Plan Width": 4, 
  "Total Cost": 12.25
 }, 
 {
  "Startup Cost": 0.0, 
  "plan_id": 1515, 
  "Node Type": "Seq Scan", 
  "Plan Rows": 260, 
  "Relation Name": "catalog_sales", 
  "Alias": "catalog_sales", 
  "filename": "plans/query66.json", 
  "Schema": "pg_temp_2", 
  "Parallel Aware": false, 
  "Parent Relationship": "Outer", 
  "Output": [
   "catalog_sales.cs_sold_date_sk", 
   "catalog_sales.cs_sold_time_sk", 
   "catalog_sales.cs_ship_date_sk", 
   "catalog_sales.cs_bill_customer_sk", 
   "catalog_sales.cs_bill_cdemo_sk", 
   "catalog_sales.cs_bill_hdemo_sk", 
   "catalog_sales.cs_bill_addr_sk", 
   "catalog_sales.cs_ship_customer_sk", 
   "catalog_sales.cs_ship_cdemo_sk", 
   "catalog_sales.cs_ship_hdemo_sk", 
   "catalog_sales.cs_ship_addr_sk", 
   "catalog_sales.cs_call_center_sk", 
   "catalog_sales.cs_catalog_page_sk", 
   "catalog_sales.cs_ship_mode_sk", 
   "catalog_sales.cs_warehouse_sk", 
   "catalog_sales.cs_item_sk", 
   "catalog_sales.cs_promo_sk", 
   "catalog_sales.cs_order_number", 
   "catalog_sales.cs_quantity", 
   "catalog_sales.cs_wholesale_cost", 
   "catalog_sales.cs_list_price", 
   "catalog_sales.cs_sales_price", 
   "catalog_sales.cs_ext_discount_amt", 
   "catalog_sales.cs_ext_sales_price", 
   "catalog_sales.cs_ext_wholesale_cost", 
   "catalog_sales.cs_ext_list_price", 
   "catalog_sales.cs_ext_tax", 
   "catalog_sales.cs_coupon_amt", 
   "catalog_sales.cs_ext_ship_cost", 
   "catalog_sales.cs_net_paid", 
   "catalog_sales.cs_net_paid_inc_tax", 
   "catalog_sales.cs_net_paid_inc_ship", 
   "catalog_sales.cs_net_paid_inc_ship_tax", 
   "catalog_sales.cs_net_profit"
  ], 
  "Plan Width": 48, 
  "Total Cost": 12.6
 }, 
 {
  "Startup Cost": 12.25, 
  "plan_id": 1516, 
  "Plans": [
   1517
  ], 
  "Plan Rows": 2, 
  "Node Type": "Hash", 
  "filename": "plans/query66.json", 
  "Parallel Aware": false, 
  "Parent Relationship": "Inner", 
  "Output": [
   "ship_mode_1.sm_ship_mode_sk"
  ], 
  "Plan Width": 4, 
  "Total Cost": 12.25
 }, 
 {
  "Startup Cost": 12.28, 
  "Plan Width": 44, 
  "plan_id": 1514, 
  "Plans": [
   1515, 
   1516
  ], 
  "Plan Rows": 3, 
  "Node Type": "Hash Join", 
  "Join Type": "Inner", 
  "filename": "plans/query66.json", 
  "Parallel Aware": false, 
  "Output": [
   "catalog_sales.cs_sales_price", 
   "catalog_sales.cs_quantity", 
   "catalog_sales.cs_net_paid_inc_tax", 
   "catalog_sales.cs_warehouse_sk", 
   "catalog_sales.cs_sold_date_sk", 
   "catalog_sales.cs_sold_time_sk"
  ], 
  "Hash Cond": "(catalog_sales.cs_ship_mode_sk = ship_mode_1.sm_ship_mode_sk)", 
  "Parent Relationship": "Outer", 
  "Total Cost": 25.88
 }, 
 {
  "Startup Cost": 0.14, 
  "filename": "plans/query66.json", 
  "plan_id": 1518, 
  "Scan Direction": "Forward", 
  "Index Cond": "(warehouse_1.w_warehouse_sk = catalog_sales.cs_warehouse_sk)", 
  "Node Type": "Index Scan", 
  "Relation Name": "warehouse", 
  "Alias": "warehouse_1", 
  "Plan Rows": 1, 
  "Schema": "pg_temp_2", 
  "Parallel Aware": false, 
  "Parent Relationship": "Inner", 
  "Output": [
   "warehouse_1.w_warehouse_sk", 
   "warehouse_1.w_warehouse_id", 
   "warehouse_1.w_warehouse_name", 
   "warehouse_1.w_warehouse_sq_ft", 
   "warehouse_1.w_street_number", 
   "warehouse_1.w_street_name", 
   "warehouse_1.w_street_type", 
   "warehouse_1.w_suite_number", 
   "warehouse_1.w_city", 
   "warehouse_1.w_county", 
   "warehouse_1.w_state", 
   "warehouse_1.w_zip", 
   "warehouse_1.w_country", 
   "warehouse_1.w_gmt_offset"
  ], 
  "Index Name": "warehouse_pkey", 
  "Plan Width": 352, 
  "Total Cost": 0.33
 }, 
 {
  "Startup Cost": 12.42, 
  "plan_id": 1513, 
  "Plans": [
   1514, 
   1518
  ], 
  "Plan Rows": 1, 
  "Node Type": "Nested Loop", 
  "Join Type": "Inner", 
  "filename": "plans/query66.json", 
  "Parallel Aware": false, 
  "Parent Relationship": "Outer", 
  "Output": [
   "catalog_sales.cs_sales_price", 
   "catalog_sales.cs_quantity", 
   "catalog_sales.cs_net_paid_inc_tax", 
   "catalog_sales.cs_sold_date_sk", 
   "catalog_sales.cs_sold_time_sk", 
   "warehouse_1.w_warehouse_name", 
   "warehouse_1.w_warehouse_sq_ft", 
   "warehouse_1.w_city", 
   "warehouse_1.w_county", 
   "warehouse_1.w_state", 
   "warehouse_1.w_country"
  ], 
  "Plan Width": 388, 
  "Total Cost": 26.9
 }, 
 {
  "Filter": "(date_dim_1.d_year = 2000)", 
  "Startup Cost": 0.15, 
  "filename": "plans/query66.json", 
  "plan_id": 1519, 
  "Scan Direction": "Forward", 
  "Index Cond": "(date_dim_1.d_date_sk = catalog_sales.cs_sold_date_sk)", 
  "Node Type": "Index Scan", 
  "Relation Name": "date_dim", 
  "Alias": "date_dim_1", 
  "Plan Rows": 1, 
  "Schema": "pg_temp_2", 
  "Parallel Aware": false, 
  "Parent Relationship": "Inner", 
  "Output": [
   "date_dim_1.d_date_sk", 
   "date_dim_1.d_date_id", 
   "date_dim_1.d_date", 
   "date_dim_1.d_month_seq", 
   "date_dim_1.d_week_seq", 
   "date_dim_1.d_quarter_seq", 
   "date_dim_1.d_year", 
   "date_dim_1.d_dow", 
   "date_dim_1.d_moy", 
   "date_dim_1.d_dom", 
   "date_dim_1.d_qoy", 
   "date_dim_1.d_fy_year", 
   "date_dim_1.d_fy_quarter_seq", 
   "date_dim_1.d_fy_week_seq", 
   "date_dim_1.d_day_name", 
   "date_dim_1.d_quarter_name", 
   "date_dim_1.d_holiday", 
   "date_dim_1.d_weekend", 
   "date_dim_1.d_following_holiday", 
   "date_dim_1.d_first_dom", 
   "date_dim_1.d_last_dom", 
   "date_dim_1.d_same_day_ly", 
   "date_dim_1.d_same_day_lq", 
   "date_dim_1.d_current_day", 
   "date_dim_1.d_current_week", 
   "date_dim_1.d_current_month", 
   "date_dim_1.d_current_quarter", 
   "date_dim_1.d_current_year"
  ], 
  "Index Name": "date_dim_pkey", 
  "Plan Width": 12, 
  "Total Cost": 0.34
 }, 
 {
  "Startup Cost": 12.57, 
  "plan_id": 1512, 
  "Plans": [
   1513, 
   1519
  ], 
  "Plan Rows": 1, 
  "Node Type": "Nested Loop", 
  "Join Type": "Inner", 
  "filename": "plans/query66.json", 
  "Parallel Aware": false, 
  "Parent Relationship": "Outer", 
  "Output": [
   "catalog_sales.cs_sales_price", 
   "catalog_sales.cs_quantity", 
   "catalog_sales.cs_net_paid_inc_tax", 
   "catalog_sales.cs_sold_time_sk", 
   "warehouse_1.w_warehouse_name", 
   "warehouse_1.w_warehouse_sq_ft", 
   "warehouse_1.w_city", 
   "warehouse_1.w_county", 
   "warehouse_1.w_state", 
   "warehouse_1.w_country", 
   "date_dim_1.d_year", 
   "date_dim_1.d_moy"
  ], 
  "Plan Width": 392, 
  "Total Cost": 27.24
 }, 
 {
  "Filter": "((time_dim_1.t_time >= 30938) AND (time_dim_1.t_time <= 59738))", 
  "Startup Cost": 0.14, 
  "filename": "plans/query66.json", 
  "plan_id": 1520, 
  "Scan Direction": "Forward", 
  "Index Cond": "(time_dim_1.t_time_sk = catalog_sales.cs_sold_time_sk)", 
  "Node Type": "Index Scan", 
  "Relation Name": "time_dim", 
  "Alias": "time_dim_1", 
  "Plan Rows": 1, 
  "Schema": "pg_temp_2", 
  "Parallel Aware": false, 
  "Parent Relationship": "Inner", 
  "Output": [
   "time_dim_1.t_time_sk", 
   "time_dim_1.t_time_id", 
   "time_dim_1.t_time", 
   "time_dim_1.t_hour", 
   "time_dim_1.t_minute", 
   "time_dim_1.t_second", 
   "time_dim_1.t_am_pm", 
   "time_dim_1.t_shift", 
   "time_dim_1.t_sub_shift", 
   "time_dim_1.t_meal_time"
  ], 
  "Index Name": "time_dim_pkey", 
  "Plan Width": 4, 
  "Total Cost": 0.34
 }, 
 {
  "Startup Cost": 12.71, 
  "plan_id": 1511, 
  "Plans": [
   1512, 
   1520
  ], 
  "Plan Rows": 1, 
  "Node Type": "Nested Loop", 
  "Join Type": "Inner", 
  "filename": "plans/query66.json", 
  "Parallel Aware": false, 
  "Parent Relationship": "Outer", 
  "Output": [
   "warehouse_1.w_warehouse_name", 
   "warehouse_1.w_warehouse_sq_ft", 
   "warehouse_1.w_city", 
   "warehouse_1.w_county", 
   "warehouse_1.w_state", 
   "warehouse_1.w_country", 
   "date_dim_1.d_year", 
   "date_dim_1.d_moy", 
   "catalog_sales.cs_sales_price", 
   "catalog_sales.cs_quantity", 
   "catalog_sales.cs_net_paid_inc_tax"
  ], 
  "Plan Width": 388, 
  "Total Cost": 27.59
 }, 
 {
  "Startup Cost": 27.6, 
  "plan_id": 1510, 
  "Plans": [
   1511
  ], 
  "Sort Key": [
   "warehouse_1.w_warehouse_name", 
   "warehouse_1.w_warehouse_sq_ft", 
   "warehouse_1.w_city", 
   "warehouse_1.w_county", 
   "warehouse_1.w_state", 
   "warehouse_1.w_country"
  ], 
  "Plan Rows": 1, 
  "Node Type": "Sort", 
  "filename": "plans/query66.json", 
  "Parallel Aware": false, 
  "Parent Relationship": "Outer", 
  "Output": [
   "warehouse_1.w_warehouse_name", 
   "warehouse_1.w_warehouse_sq_ft", 
   "warehouse_1.w_city", 
   "warehouse_1.w_county", 
   "warehouse_1.w_state", 
   "warehouse_1.w_country", 
   "date_dim_1.d_year", 
   "date_dim_1.d_moy", 
   "catalog_sales.cs_sales_price", 
   "catalog_sales.cs_quantity", 
   "catalog_sales.cs_net_paid_inc_tax"
  ], 
  "Plan Width": 388, 
  "Total Cost": 27.61
 }, 
 {
  "Partial Mode": "Simple", 
  "Startup Cost": 27.6, 
  "Plan Width": 1152, 
  "plan_id": 1497, 
  "Plans": [
   1498
  ], 
  "filename": "plans/query66.json", 
  "Node Type": "Aggregate", 
  "Strategy": "Sorted", 
  "Plan Rows": 1, 
  "Parallel Aware": false, 
  "Output": [
   "warehouse.w_warehouse_name", 
   "warehouse.w_warehouse_sq_ft", 
   "warehouse.w_city", 
   "warehouse.w_county", 
   "warehouse.w_state", 
   "warehouse.w_country", 
   "'BOXBUNDLES,ZOUROS'::text", 
   "date_dim.d_year", 
   "sum(CASE WHEN (date_dim.d_moy = 1) THEN (web_sales.ws_sales_price * (web_sales.ws_quantity)::numeric) ELSE '0'::numeric END)", 
   "sum(CASE WHEN (date_dim.d_moy = 2) THEN (web_sales.ws_sales_price * (web_sales.ws_quantity)::numeric) ELSE '0'::numeric END)", 
   "sum(CASE WHEN (date_dim.d_moy = 3) THEN (web_sales.ws_sales_price * (web_sales.ws_quantity)::numeric) ELSE '0'::numeric END)", 
   "sum(CASE WHEN (date_dim.d_moy = 4) THEN (web_sales.ws_sales_price * (web_sales.ws_quantity)::numeric) ELSE '0'::numeric END)", 
   "sum(CASE WHEN (date_dim.d_moy = 5) THEN (web_sales.ws_sales_price * (web_sales.ws_quantity)::numeric) ELSE '0'::numeric END)", 
   "sum(CASE WHEN (date_dim.d_moy = 6) THEN (web_sales.ws_sales_price * (web_sales.ws_quantity)::numeric) ELSE '0'::numeric END)", 
   "sum(CASE WHEN (date_dim.d_moy = 7) THEN (web_sales.ws_sales_price * (web_sales.ws_quantity)::numeric) ELSE '0'::numeric END)", 
   "sum(CASE WHEN (date_dim.d_moy = 8) THEN (web_sales.ws_sales_price * (web_sales.ws_quantity)::numeric) ELSE '0'::numeric END)", 
   "sum(CASE WHEN (date_dim.d_moy = 9) THEN (web_sales.ws_sales_price * (web_sales.ws_quantity)::numeric) ELSE '0'::numeric END)", 
   "sum(CASE WHEN (date_dim.d_moy = 10) THEN (web_sales.ws_sales_price * (web_sales.ws_quantity)::numeric) ELSE '0'::numeric END)", 
   "sum(CASE WHEN (date_dim.d_moy = 11) THEN (web_sales.ws_sales_price * (web_sales.ws_quantity)::numeric) ELSE '0'::numeric END)", 
   "sum(CASE WHEN (date_dim.d_moy = 12) THEN (web_sales.ws_sales_price * (web_sales.ws_quantity)::numeric) ELSE '0'::numeric END)", 
   "sum(CASE WHEN (date_dim.d_moy = 1) THEN (web_sales.ws_net_paid_inc_tax * (web_sales.ws_quantity)::numeric) ELSE '0'::numeric END)", 
   "sum(CASE WHEN (date_dim.d_moy = 2) THEN (web_sales.ws_net_paid_inc_tax * (web_sales.ws_quantity)::numeric) ELSE '0'::numeric END)", 
   "sum(CASE WHEN (date_dim.d_moy = 3) THEN (web_sales.ws_net_paid_inc_tax * (web_sales.ws_quantity)::numeric) ELSE '0'::numeric END)", 
   "sum(CASE WHEN (date_dim.d_moy = 4) THEN (web_sales.ws_net_paid_inc_tax * (web_sales.ws_quantity)::numeric) ELSE '0'::numeric END)", 
   "sum(CASE WHEN (date_dim.d_moy = 5) THEN (web_sales.ws_net_paid_inc_tax * (web_sales.ws_quantity)::numeric) ELSE '0'::numeric END)", 
   "sum(CASE WHEN (date_dim.d_moy = 6) THEN (web_sales.ws_net_paid_inc_tax * (web_sales.ws_quantity)::numeric) ELSE '0'::numeric END)", 
   "sum(CASE WHEN (date_dim.d_moy = 7) THEN (web_sales.ws_net_paid_inc_tax * (web_sales.ws_quantity)::numeric) ELSE '0'::numeric END)", 
   "sum(CASE WHEN (date_dim.d_moy = 8) THEN (web_sales.ws_net_paid_inc_tax * (web_sales.ws_quantity)::numeric) ELSE '0'::numeric END)", 
   "sum(CASE WHEN (date_dim.d_moy = 9) THEN (web_sales.ws_net_paid_inc_tax * (web_sales.ws_quantity)::numeric) ELSE '0'::numeric END)", 
   "sum(CASE WHEN (date_dim.d_moy = 10) THEN (web_sales.ws_net_paid_inc_tax * (web_sales.ws_quantity)::numeric) ELSE '0'::numeric END)", 
   "sum(CASE WHEN (date_dim.d_moy = 11) THEN (web_sales.ws_net_paid_inc_tax * (web_sales.ws_quantity)::numeric) ELSE '0'::numeric END)", 
   "sum(CASE WHEN (date_dim.d_moy = 12) THEN (web_sales.ws_net_paid_inc_tax * (web_sales.ws_quantity)::numeric) ELSE '0'::numeric END)"
  ], 
  "Group Key": [
   "warehouse.w_warehouse_name", 
   "warehouse.w_warehouse_sq_ft", 
   "warehouse.w_city", 
   "warehouse.w_county", 
   "warehouse.w_state", 
   "warehouse.w_country", 
   "date_dim.d_year"
  ], 
  "Parent Relationship": "Member", 
  "Total Cost": 27.93
 }, 
 {
  "Partial Mode": "Simple", 
  "Startup Cost": 27.6, 
  "Plan Width": 1152, 
  "plan_id": 1509, 
  "Plans": [
   1510
  ], 
  "filename": "plans/query66.json", 
  "Node Type": "Aggregate", 
  "Strategy": "Sorted", 
  "Plan Rows": 1, 
  "Parallel Aware": false, 
  "Output": [
   "warehouse_1.w_warehouse_name", 
   "warehouse_1.w_warehouse_sq_ft", 
   "warehouse_1.w_city", 
   "warehouse_1.w_county", 
   "warehouse_1.w_state", 
   "warehouse_1.w_country", 
   "'BOXBUNDLES,ZOUROS'::text", 
   "date_dim_1.d_year", 
   "sum(CASE WHEN (date_dim_1.d_moy = 1) THEN (catalog_sales.cs_sales_price * (catalog_sales.cs_quantity)::numeric) ELSE '0'::numeric END)", 
   "sum(CASE WHEN (date_dim_1.d_moy = 2) THEN (catalog_sales.cs_sales_price * (catalog_sales.cs_quantity)::numeric) ELSE '0'::numeric END)", 
   "sum(CASE WHEN (date_dim_1.d_moy = 3) THEN (catalog_sales.cs_sales_price * (catalog_sales.cs_quantity)::numeric) ELSE '0'::numeric END)", 
   "sum(CASE WHEN (date_dim_1.d_moy = 4) THEN (catalog_sales.cs_sales_price * (catalog_sales.cs_quantity)::numeric) ELSE '0'::numeric END)", 
   "sum(CASE WHEN (date_dim_1.d_moy = 5) THEN (catalog_sales.cs_sales_price * (catalog_sales.cs_quantity)::numeric) ELSE '0'::numeric END)", 
   "sum(CASE WHEN (date_dim_1.d_moy = 6) THEN (catalog_sales.cs_sales_price * (catalog_sales.cs_quantity)::numeric) ELSE '0'::numeric END)", 
   "sum(CASE WHEN (date_dim_1.d_moy = 7) THEN (catalog_sales.cs_sales_price * (catalog_sales.cs_quantity)::numeric) ELSE '0'::numeric END)", 
   "sum(CASE WHEN (date_dim_1.d_moy = 8) THEN (catalog_sales.cs_sales_price * (catalog_sales.cs_quantity)::numeric) ELSE '0'::numeric END)", 
   "sum(CASE WHEN (date_dim_1.d_moy = 9) THEN (catalog_sales.cs_sales_price * (catalog_sales.cs_quantity)::numeric) ELSE '0'::numeric END)", 
   "sum(CASE WHEN (date_dim_1.d_moy = 10) THEN (catalog_sales.cs_sales_price * (catalog_sales.cs_quantity)::numeric) ELSE '0'::numeric END)", 
   "sum(CASE WHEN (date_dim_1.d_moy = 11) THEN (catalog_sales.cs_sales_price * (catalog_sales.cs_quantity)::numeric) ELSE '0'::numeric END)", 
   "sum(CASE WHEN (date_dim_1.d_moy = 12) THEN (catalog_sales.cs_sales_price * (catalog_sales.cs_quantity)::numeric) ELSE '0'::numeric END)", 
   "sum(CASE WHEN (date_dim_1.d_moy = 1) THEN (catalog_sales.cs_net_paid_inc_tax * (catalog_sales.cs_quantity)::numeric) ELSE '0'::numeric END)", 
   "sum(CASE WHEN (date_dim_1.d_moy = 2) THEN (catalog_sales.cs_net_paid_inc_tax * (catalog_sales.cs_quantity)::numeric) ELSE '0'::numeric END)", 
   "sum(CASE WHEN (date_dim_1.d_moy = 3) THEN (catalog_sales.cs_net_paid_inc_tax * (catalog_sales.cs_quantity)::numeric) ELSE '0'::numeric END)", 
   "sum(CASE WHEN (date_dim_1.d_moy = 4) THEN (catalog_sales.cs_net_paid_inc_tax * (catalog_sales.cs_quantity)::numeric) ELSE '0'::numeric END)", 
   "sum(CASE WHEN (date_dim_1.d_moy = 5) THEN (catalog_sales.cs_net_paid_inc_tax * (catalog_sales.cs_quantity)::numeric) ELSE '0'::numeric END)", 
   "sum(CASE WHEN (date_dim_1.d_moy = 6) THEN (catalog_sales.cs_net_paid_inc_tax * (catalog_sales.cs_quantity)::numeric) ELSE '0'::numeric END)", 
   "sum(CASE WHEN (date_dim_1.d_moy = 7) THEN (catalog_sales.cs_net_paid_inc_tax * (catalog_sales.cs_quantity)::numeric) ELSE '0'::numeric END)", 
   "sum(CASE WHEN (date_dim_1.d_moy = 8) THEN (catalog_sales.cs_net_paid_inc_tax * (catalog_sales.cs_quantity)::numeric) ELSE '0'::numeric END)", 
   "sum(CASE WHEN (date_dim_1.d_moy = 9) THEN (catalog_sales.cs_net_paid_inc_tax * (catalog_sales.cs_quantity)::numeric) ELSE '0'::numeric END)", 
   "sum(CASE WHEN (date_dim_1.d_moy = 10) THEN (catalog_sales.cs_net_paid_inc_tax * (catalog_sales.cs_quantity)::numeric) ELSE '0'::numeric END)", 
   "sum(CASE WHEN (date_dim_1.d_moy = 11) THEN (catalog_sales.cs_net_paid_inc_tax * (catalog_sales.cs_quantity)::numeric) ELSE '0'::numeric END)", 
   "sum(CASE WHEN (date_dim_1.d_moy = 12) THEN (catalog_sales.cs_net_paid_inc_tax * (catalog_sales.cs_quantity)::numeric) ELSE '0'::numeric END)"
  ], 
  "Group Key": [
   "warehouse_1.w_warehouse_name", 
   "warehouse_1.w_warehouse_sq_ft", 
   "warehouse_1.w_city", 
   "warehouse_1.w_county", 
   "warehouse_1.w_state", 
   "warehouse_1.w_country", 
   "date_dim_1.d_year"
  ], 
  "Parent Relationship": "Member", 
  "Total Cost": 27.93
 }, 
 {
  "Startup Cost": 27.6, 
  "plan_id": 1496, 
  "Plans": [
   1497, 
   1509
  ], 
  "Plan Rows": 2, 
  "Node Type": "Append", 
  "filename": "plans/query66.json", 
  "Parallel Aware": false, 
  "Parent Relationship": "Outer", 
  "Plan Width": 1152, 
  "Total Cost": 55.89
 }, 
 {
  "Startup Cost": 55.9, 
  "plan_id": 1495, 
  "Plans": [
   1496
  ], 
  "Sort Key": [
   "warehouse.w_warehouse_name", 
   "warehouse.w_warehouse_sq_ft", 
   "warehouse.w_city", 
   "warehouse.w_county", 
   "warehouse.w_state", 
   "warehouse.w_country", 
   "('BOXBUNDLES,ZOUROS'::text)", 
   "date_dim.d_year"
  ], 
  "Plan Rows": 2, 
  "Node Type": "Sort", 
  "filename": "plans/query66.json", 
  "Parallel Aware": false, 
  "Parent Relationship": "Outer", 
  "Output": [
   "warehouse.w_warehouse_name", 
   "warehouse.w_warehouse_sq_ft", 
   "warehouse.w_city", 
   "warehouse.w_county", 
   "warehouse.w_state", 
   "warehouse.w_country", 
   "('BOXBUNDLES,ZOUROS'::text)", 
   "date_dim.d_year", 
   "(sum(CASE WHEN (date_dim.d_moy = 1) THEN (web_sales.ws_sales_price * (web_sales.ws_quantity)::numeric) ELSE '0'::numeric END))", 
   "(sum(CASE WHEN (date_dim.d_moy = 2) THEN (web_sales.ws_sales_price * (web_sales.ws_quantity)::numeric) ELSE '0'::numeric END))", 
   "(sum(CASE WHEN (date_dim.d_moy = 3) THEN (web_sales.ws_sales_price * (web_sales.ws_quantity)::numeric) ELSE '0'::numeric END))", 
   "(sum(CASE WHEN (date_dim.d_moy = 4) THEN (web_sales.ws_sales_price * (web_sales.ws_quantity)::numeric) ELSE '0'::numeric END))", 
   "(sum(CASE WHEN (date_dim.d_moy = 5) THEN (web_sales.ws_sales_price * (web_sales.ws_quantity)::numeric) ELSE '0'::numeric END))", 
   "(sum(CASE WHEN (date_dim.d_moy = 6) THEN (web_sales.ws_sales_price * (web_sales.ws_quantity)::numeric) ELSE '0'::numeric END))", 
   "(sum(CASE WHEN (date_dim.d_moy = 7) THEN (web_sales.ws_sales_price * (web_sales.ws_quantity)::numeric) ELSE '0'::numeric END))", 
   "(sum(CASE WHEN (date_dim.d_moy = 8) THEN (web_sales.ws_sales_price * (web_sales.ws_quantity)::numeric) ELSE '0'::numeric END))", 
   "(sum(CASE WHEN (date_dim.d_moy = 9) THEN (web_sales.ws_sales_price * (web_sales.ws_quantity)::numeric) ELSE '0'::numeric END))", 
   "(sum(CASE WHEN (date_dim.d_moy = 10) THEN (web_sales.ws_sales_price * (web_sales.ws_quantity)::numeric) ELSE '0'::numeric END))", 
   "(sum(CASE WHEN (date_dim.d_moy = 11) THEN (web_sales.ws_sales_price * (web_sales.ws_quantity)::numeric) ELSE '0'::numeric END))", 
   "(sum(CASE WHEN (date_dim.d_moy = 12) THEN (web_sales.ws_sales_price * (web_sales.ws_quantity)::numeric) ELSE '0'::numeric END))", 
   "(sum(CASE WHEN (date_dim.d_moy = 1) THEN (web_sales.ws_net_paid_inc_tax * (web_sales.ws_quantity)::numeric) ELSE '0'::numeric END))", 
   "(sum(CASE WHEN (date_dim.d_moy = 2) THEN (web_sales.ws_net_paid_inc_tax * (web_sales.ws_quantity)::numeric) ELSE '0'::numeric END))", 
   "(sum(CASE WHEN (date_dim.d_moy = 3) THEN (web_sales.ws_net_paid_inc_tax * (web_sales.ws_quantity)::numeric) ELSE '0'::numeric END))", 
   "(sum(CASE WHEN (date_dim.d_moy = 4) THEN (web_sales.ws_net_paid_inc_tax * (web_sales.ws_quantity)::numeric) ELSE '0'::numeric END))", 
   "(sum(CASE WHEN (date_dim.d_moy = 5) THEN (web_sales.ws_net_paid_inc_tax * (web_sales.ws_quantity)::numeric) ELSE '0'::numeric END))", 
   "(sum(CASE WHEN (date_dim.d_moy = 6) THEN (web_sales.ws_net_paid_inc_tax * (web_sales.ws_quantity)::numeric) ELSE '0'::numeric END))", 
   "(sum(CASE WHEN (date_dim.d_moy = 7) THEN (web_sales.ws_net_paid_inc_tax * (web_sales.ws_quantity)::numeric) ELSE '0'::numeric END))", 
   "(sum(CASE WHEN (date_dim.d_moy = 8) THEN (web_sales.ws_net_paid_inc_tax * (web_sales.ws_quantity)::numeric) ELSE '0'::numeric END))", 
   "(sum(CASE WHEN (date_dim.d_moy = 9) THEN (web_sales.ws_net_paid_inc_tax * (web_sales.ws_quantity)::numeric) ELSE '0'::numeric END))", 
   "(sum(CASE WHEN (date_dim.d_moy = 10) THEN (web_sales.ws_net_paid_inc_tax * (web_sales.ws_quantity)::numeric) ELSE '0'::numeric END))", 
   "(sum(CASE WHEN (date_dim.d_moy = 11) THEN (web_sales.ws_net_paid_inc_tax * (web_sales.ws_quantity)::numeric) ELSE '0'::numeric END))", 
   "(sum(CASE WHEN (date_dim.d_moy = 12) THEN (web_sales.ws_net_paid_inc_tax * (web_sales.ws_quantity)::numeric) ELSE '0'::numeric END))"
  ], 
  "Plan Width": 1152, 
  "Total Cost": 55.9
 }, 
 {
  "Partial Mode": "Simple", 
  "Startup Cost": 55.9, 
  "Plan Width": 1536, 
  "plan_id": 1494, 
  "Plans": [
   1495
  ], 
  "filename": "plans/query66.json", 
  "Node Type": "Aggregate", 
  "Strategy": "Sorted", 
  "Plan Rows": 2, 
  "Parallel Aware": false, 
  "Output": [
   "warehouse.w_warehouse_name", 
   "warehouse.w_warehouse_sq_ft", 
   "warehouse.w_city", 
   "warehouse.w_county", 
   "warehouse.w_state", 
   "warehouse.w_country", 
   "('BOXBUNDLES,ZOUROS'::text)", 
   "date_dim.d_year", 
   "sum((sum(CASE WHEN (date_dim.d_moy = 1) THEN (web_sales.ws_sales_price * (web_sales.ws_quantity)::numeric) ELSE '0'::numeric END)))", 
   "sum((sum(CASE WHEN (date_dim.d_moy = 2) THEN (web_sales.ws_sales_price * (web_sales.ws_quantity)::numeric) ELSE '0'::numeric END)))", 
   "sum((sum(CASE WHEN (date_dim.d_moy = 3) THEN (web_sales.ws_sales_price * (web_sales.ws_quantity)::numeric) ELSE '0'::numeric END)))", 
   "sum((sum(CASE WHEN (date_dim.d_moy = 4) THEN (web_sales.ws_sales_price * (web_sales.ws_quantity)::numeric) ELSE '0'::numeric END)))", 
   "sum((sum(CASE WHEN (date_dim.d_moy = 5) THEN (web_sales.ws_sales_price * (web_sales.ws_quantity)::numeric) ELSE '0'::numeric END)))", 
   "sum((sum(CASE WHEN (date_dim.d_moy = 6) THEN (web_sales.ws_sales_price * (web_sales.ws_quantity)::numeric) ELSE '0'::numeric END)))", 
   "sum((sum(CASE WHEN (date_dim.d_moy = 7) THEN (web_sales.ws_sales_price * (web_sales.ws_quantity)::numeric) ELSE '0'::numeric END)))", 
   "sum((sum(CASE WHEN (date_dim.d_moy = 8) THEN (web_sales.ws_sales_price * (web_sales.ws_quantity)::numeric) ELSE '0'::numeric END)))", 
   "sum((sum(CASE WHEN (date_dim.d_moy = 9) THEN (web_sales.ws_sales_price * (web_sales.ws_quantity)::numeric) ELSE '0'::numeric END)))", 
   "sum((sum(CASE WHEN (date_dim.d_moy = 10) THEN (web_sales.ws_sales_price * (web_sales.ws_quantity)::numeric) ELSE '0'::numeric END)))", 
   "sum((sum(CASE WHEN (date_dim.d_moy = 11) THEN (web_sales.ws_sales_price * (web_sales.ws_quantity)::numeric) ELSE '0'::numeric END)))", 
   "sum((sum(CASE WHEN (date_dim.d_moy = 12) THEN (web_sales.ws_sales_price * (web_sales.ws_quantity)::numeric) ELSE '0'::numeric END)))", 
   "sum(((sum(CASE WHEN (date_dim.d_moy = 1) THEN (web_sales.ws_sales_price * (web_sales.ws_quantity)::numeric) ELSE '0'::numeric END)) / (warehouse.w_warehouse_sq_ft)::numeric))", 
   "sum(((sum(CASE WHEN (date_dim.d_moy = 2) THEN (web_sales.ws_sales_price * (web_sales.ws_quantity)::numeric) ELSE '0'::numeric END)) / (warehouse.w_warehouse_sq_ft)::numeric))", 
   "sum(((sum(CASE WHEN (date_dim.d_moy = 3) THEN (web_sales.ws_sales_price * (web_sales.ws_quantity)::numeric) ELSE '0'::numeric END)) / (warehouse.w_warehouse_sq_ft)::numeric))", 
   "sum(((sum(CASE WHEN (date_dim.d_moy = 4) THEN (web_sales.ws_sales_price * (web_sales.ws_quantity)::numeric) ELSE '0'::numeric END)) / (warehouse.w_warehouse_sq_ft)::numeric))", 
   "sum(((sum(CASE WHEN (date_dim.d_moy = 5) THEN (web_sales.ws_sales_price * (web_sales.ws_quantity)::numeric) ELSE '0'::numeric END)) / (warehouse.w_warehouse_sq_ft)::numeric))", 
   "sum(((sum(CASE WHEN (date_dim.d_moy = 6) THEN (web_sales.ws_sales_price * (web_sales.ws_quantity)::numeric) ELSE '0'::numeric END)) / (warehouse.w_warehouse_sq_ft)::numeric))", 
   "sum(((sum(CASE WHEN (date_dim.d_moy = 7) THEN (web_sales.ws_sales_price * (web_sales.ws_quantity)::numeric) ELSE '0'::numeric END)) / (warehouse.w_warehouse_sq_ft)::numeric))", 
   "sum(((sum(CASE WHEN (date_dim.d_moy = 8) THEN (web_sales.ws_sales_price * (web_sales.ws_quantity)::numeric) ELSE '0'::numeric END)) / (warehouse.w_warehouse_sq_ft)::numeric))", 
   "sum(((sum(CASE WHEN (date_dim.d_moy = 9) THEN (web_sales.ws_sales_price * (web_sales.ws_quantity)::numeric) ELSE '0'::numeric END)) / (warehouse.w_warehouse_sq_ft)::numeric))", 
   "sum(((sum(CASE WHEN (date_dim.d_moy = 10) THEN (web_sales.ws_sales_price * (web_sales.ws_quantity)::numeric) ELSE '0'::numeric END)) / (warehouse.w_warehouse_sq_ft)::numeric))", 
   "sum(((sum(CASE WHEN (date_dim.d_moy = 11) THEN (web_sales.ws_sales_price * (web_sales.ws_quantity)::numeric) ELSE '0'::numeric END)) / (warehouse.w_warehouse_sq_ft)::numeric))", 
   "sum(((sum(CASE WHEN (date_dim.d_moy = 12) THEN (web_sales.ws_sales_price * (web_sales.ws_quantity)::numeric) ELSE '0'::numeric END)) / (warehouse.w_warehouse_sq_ft)::numeric))", 
   "sum((sum(CASE WHEN (date_dim.d_moy = 1) THEN (web_sales.ws_net_paid_inc_tax * (web_sales.ws_quantity)::numeric) ELSE '0'::numeric END)))", 
   "sum((sum(CASE WHEN (date_dim.d_moy = 2) THEN (web_sales.ws_net_paid_inc_tax * (web_sales.ws_quantity)::numeric) ELSE '0'::numeric END)))", 
   "sum((sum(CASE WHEN (date_dim.d_moy = 3) THEN (web_sales.ws_net_paid_inc_tax * (web_sales.ws_quantity)::numeric) ELSE '0'::numeric END)))", 
   "sum((sum(CASE WHEN (date_dim.d_moy = 4) THEN (web_sales.ws_net_paid_inc_tax * (web_sales.ws_quantity)::numeric) ELSE '0'::numeric END)))", 
   "sum((sum(CASE WHEN (date_dim.d_moy = 5) THEN (web_sales.ws_net_paid_inc_tax * (web_sales.ws_quantity)::numeric) ELSE '0'::numeric END)))", 
   "sum((sum(CASE WHEN (date_dim.d_moy = 6) THEN (web_sales.ws_net_paid_inc_tax * (web_sales.ws_quantity)::numeric) ELSE '0'::numeric END)))", 
   "sum((sum(CASE WHEN (date_dim.d_moy = 7) THEN (web_sales.ws_net_paid_inc_tax * (web_sales.ws_quantity)::numeric) ELSE '0'::numeric END)))", 
   "sum((sum(CASE WHEN (date_dim.d_moy = 8) THEN (web_sales.ws_net_paid_inc_tax * (web_sales.ws_quantity)::numeric) ELSE '0'::numeric END)))", 
   "sum((sum(CASE WHEN (date_dim.d_moy = 9) THEN (web_sales.ws_net_paid_inc_tax * (web_sales.ws_quantity)::numeric) ELSE '0'::numeric END)))", 
   "sum((sum(CASE WHEN (date_dim.d_moy = 10) THEN (web_sales.ws_net_paid_inc_tax * (web_sales.ws_quantity)::numeric) ELSE '0'::numeric END)))", 
   "sum((sum(CASE WHEN (date_dim.d_moy = 11) THEN (web_sales.ws_net_paid_inc_tax * (web_sales.ws_quantity)::numeric) ELSE '0'::numeric END)))", 
   "sum((sum(CASE WHEN (date_dim.d_moy = 12) THEN (web_sales.ws_net_paid_inc_tax * (web_sales.ws_quantity)::numeric) ELSE '0'::numeric END)))"
  ], 
  "Group Key": [
   "warehouse.w_warehouse_name", 
   "warehouse.w_warehouse_sq_ft", 
   "warehouse.w_city", 
   "warehouse.w_county", 
   "warehouse.w_state", 
   "warehouse.w_country", 
   "('BOXBUNDLES,ZOUROS'::text)", 
   "date_dim.d_year"
  ], 
  "Parent Relationship": "Outer", 
  "Total Cost": 56.44
 }, 
 {
  "Startup Cost": 55.9, 
  "plan_id": 1493, 
  "Plans": [
   1494
  ], 
  "Plan Rows": 2, 
  "Node Type": "Limit", 
  "filename": "plans/query66.json", 
  "Parallel Aware": false, 
  "Output": [
   "warehouse.w_warehouse_name", 
   "warehouse.w_warehouse_sq_ft", 
   "warehouse.w_city", 
   "warehouse.w_county", 
   "warehouse.w_state", 
   "warehouse.w_country", 
   "('BOXBUNDLES,ZOUROS'::text)", 
   "date_dim.d_year", 
   "(sum((sum(CASE WHEN (date_dim.d_moy = 1) THEN (web_sales.ws_sales_price * (web_sales.ws_quantity)::numeric) ELSE '0'::numeric END))))", 
   "(sum((sum(CASE WHEN (date_dim.d_moy = 2) THEN (web_sales.ws_sales_price * (web_sales.ws_quantity)::numeric) ELSE '0'::numeric END))))", 
   "(sum((sum(CASE WHEN (date_dim.d_moy = 3) THEN (web_sales.ws_sales_price * (web_sales.ws_quantity)::numeric) ELSE '0'::numeric END))))", 
   "(sum((sum(CASE WHEN (date_dim.d_moy = 4) THEN (web_sales.ws_sales_price * (web_sales.ws_quantity)::numeric) ELSE '0'::numeric END))))", 
   "(sum((sum(CASE WHEN (date_dim.d_moy = 5) THEN (web_sales.ws_sales_price * (web_sales.ws_quantity)::numeric) ELSE '0'::numeric END))))", 
   "(sum((sum(CASE WHEN (date_dim.d_moy = 6) THEN (web_sales.ws_sales_price * (web_sales.ws_quantity)::numeric) ELSE '0'::numeric END))))", 
   "(sum((sum(CASE WHEN (date_dim.d_moy = 7) THEN (web_sales.ws_sales_price * (web_sales.ws_quantity)::numeric) ELSE '0'::numeric END))))", 
   "(sum((sum(CASE WHEN (date_dim.d_moy = 8) THEN (web_sales.ws_sales_price * (web_sales.ws_quantity)::numeric) ELSE '0'::numeric END))))", 
   "(sum((sum(CASE WHEN (date_dim.d_moy = 9) THEN (web_sales.ws_sales_price * (web_sales.ws_quantity)::numeric) ELSE '0'::numeric END))))", 
   "(sum((sum(CASE WHEN (date_dim.d_moy = 10) THEN (web_sales.ws_sales_price * (web_sales.ws_quantity)::numeric) ELSE '0'::numeric END))))", 
   "(sum((sum(CASE WHEN (date_dim.d_moy = 11) THEN (web_sales.ws_sales_price * (web_sales.ws_quantity)::numeric) ELSE '0'::numeric END))))", 
   "(sum((sum(CASE WHEN (date_dim.d_moy = 12) THEN (web_sales.ws_sales_price * (web_sales.ws_quantity)::numeric) ELSE '0'::numeric END))))", 
   "(sum(((sum(CASE WHEN (date_dim.d_moy = 1) THEN (web_sales.ws_sales_price * (web_sales.ws_quantity)::numeric) ELSE '0'::numeric END)) / (warehouse.w_warehouse_sq_ft)::numeric)))", 
   "(sum(((sum(CASE WHEN (date_dim.d_moy = 2) THEN (web_sales.ws_sales_price * (web_sales.ws_quantity)::numeric) ELSE '0'::numeric END)) / (warehouse.w_warehouse_sq_ft)::numeric)))", 
   "(sum(((sum(CASE WHEN (date_dim.d_moy = 3) THEN (web_sales.ws_sales_price * (web_sales.ws_quantity)::numeric) ELSE '0'::numeric END)) / (warehouse.w_warehouse_sq_ft)::numeric)))", 
   "(sum(((sum(CASE WHEN (date_dim.d_moy = 4) THEN (web_sales.ws_sales_price * (web_sales.ws_quantity)::numeric) ELSE '0'::numeric END)) / (warehouse.w_warehouse_sq_ft)::numeric)))", 
   "(sum(((sum(CASE WHEN (date_dim.d_moy = 5) THEN (web_sales.ws_sales_price * (web_sales.ws_quantity)::numeric) ELSE '0'::numeric END)) / (warehouse.w_warehouse_sq_ft)::numeric)))", 
   "(sum(((sum(CASE WHEN (date_dim.d_moy = 6) THEN (web_sales.ws_sales_price * (web_sales.ws_quantity)::numeric) ELSE '0'::numeric END)) / (warehouse.w_warehouse_sq_ft)::numeric)))", 
   "(sum(((sum(CASE WHEN (date_dim.d_moy = 7) THEN (web_sales.ws_sales_price * (web_sales.ws_quantity)::numeric) ELSE '0'::numeric END)) / (warehouse.w_warehouse_sq_ft)::numeric)))", 
   "(sum(((sum(CASE WHEN (date_dim.d_moy = 8) THEN (web_sales.ws_sales_price * (web_sales.ws_quantity)::numeric) ELSE '0'::numeric END)) / (warehouse.w_warehouse_sq_ft)::numeric)))", 
   "(sum(((sum(CASE WHEN (date_dim.d_moy = 9) THEN (web_sales.ws_sales_price * (web_sales.ws_quantity)::numeric) ELSE '0'::numeric END)) / (warehouse.w_warehouse_sq_ft)::numeric)))", 
   "(sum(((sum(CASE WHEN (date_dim.d_moy = 10) THEN (web_sales.ws_sales_price * (web_sales.ws_quantity)::numeric) ELSE '0'::numeric END)) / (warehouse.w_warehouse_sq_ft)::numeric)))", 
   "(sum(((sum(CASE WHEN (date_dim.d_moy = 11) THEN (web_sales.ws_sales_price * (web_sales.ws_quantity)::numeric) ELSE '0'::numeric END)) / (warehouse.w_warehouse_sq_ft)::numeric)))", 
   "(sum(((sum(CASE WHEN (date_dim.d_moy = 12) THEN (web_sales.ws_sales_price * (web_sales.ws_quantity)::numeric) ELSE '0'::numeric END)) / (warehouse.w_warehouse_sq_ft)::numeric)))", 
   "(sum((sum(CASE WHEN (date_dim.d_moy = 1) THEN (web_sales.ws_net_paid_inc_tax * (web_sales.ws_quantity)::numeric) ELSE '0'::numeric END))))", 
   "(sum((sum(CASE WHEN (date_dim.d_moy = 2) THEN (web_sales.ws_net_paid_inc_tax * (web_sales.ws_quantity)::numeric) ELSE '0'::numeric END))))", 
   "(sum((sum(CASE WHEN (date_dim.d_moy = 3) THEN (web_sales.ws_net_paid_inc_tax * (web_sales.ws_quantity)::numeric) ELSE '0'::numeric END))))", 
   "(sum((sum(CASE WHEN (date_dim.d_moy = 4) THEN (web_sales.ws_net_paid_inc_tax * (web_sales.ws_quantity)::numeric) ELSE '0'::numeric END))))", 
   "(sum((sum(CASE WHEN (date_dim.d_moy = 5) THEN (web_sales.ws_net_paid_inc_tax * (web_sales.ws_quantity)::numeric) ELSE '0'::numeric END))))", 
   "(sum((sum(CASE WHEN (date_dim.d_moy = 6) THEN (web_sales.ws_net_paid_inc_tax * (web_sales.ws_quantity)::numeric) ELSE '0'::numeric END))))", 
   "(sum((sum(CASE WHEN (date_dim.d_moy = 7) THEN (web_sales.ws_net_paid_inc_tax * (web_sales.ws_quantity)::numeric) ELSE '0'::numeric END))))", 
   "(sum((sum(CASE WHEN (date_dim.d_moy = 8) THEN (web_sales.ws_net_paid_inc_tax * (web_sales.ws_quantity)::numeric) ELSE '0'::numeric END))))", 
   "(sum((sum(CASE WHEN (date_dim.d_moy = 9) THEN (web_sales.ws_net_paid_inc_tax * (web_sales.ws_quantity)::numeric) ELSE '0'::numeric END))))", 
   "(sum((sum(CASE WHEN (date_dim.d_moy = 10) THEN (web_sales.ws_net_paid_inc_tax * (web_sales.ws_quantity)::numeric) ELSE '0'::numeric END))))", 
   "(sum((sum(CASE WHEN (date_dim.d_moy = 11) THEN (web_sales.ws_net_paid_inc_tax * (web_sales.ws_quantity)::numeric) ELSE '0'::numeric END))))", 
   "(sum((sum(CASE WHEN (date_dim.d_moy = 12) THEN (web_sales.ws_net_paid_inc_tax * (web_sales.ws_quantity)::numeric) ELSE '0'::numeric END))))"
  ], 
  "Plan Width": 1536, 
  "Total Cost": 56.44
 }, 
 {
  "Relation Name": "date_dim", 
  "Startup Cost": 0.0, 
  "plan_id": 1534, 
  "Node Type": "Seq Scan", 
  "Plan Rows": 1, 
  "Filter": "((date_dim.d_month_seq >= 1176) AND (date_dim.d_month_seq <= 1187))", 
  "Alias": "date_dim", 
  "filename": "plans/query67.json", 
  "Schema": "pg_temp_2", 
  "Parallel Aware": false, 
  "Parent Relationship": "Outer", 
  "Output": [
   "date_dim.d_year", 
   "date_dim.d_qoy", 
   "date_dim.d_moy", 
   "date_dim.d_date_sk"
  ], 
  "Plan Width": 16, 
  "Total Cost": 14.05
 }, 
 {
  "Startup Cost": 0.0, 
  "plan_id": 1532, 
  "Node Type": "Seq Scan", 
  "Plan Rows": 340, 
  "Relation Name": "store_sales", 
  "Alias": "store_sales", 
  "filename": "plans/query67.json", 
  "Schema": "pg_temp_2", 
  "Parallel Aware": false, 
  "Parent Relationship": "Outer", 
  "Output": [
   "store_sales.ss_sold_date_sk", 
   "store_sales.ss_sold_time_sk", 
   "store_sales.ss_item_sk", 
   "store_sales.ss_customer_sk", 
   "store_sales.ss_cdemo_sk", 
   "store_sales.ss_hdemo_sk", 
   "store_sales.ss_addr_sk", 
   "store_sales.ss_store_sk", 
   "store_sales.ss_promo_sk", 
   "store_sales.ss_ticket_number", 
   "store_sales.ss_quantity", 
   "store_sales.ss_wholesale_cost", 
   "store_sales.ss_list_price", 
   "store_sales.ss_sales_price", 
   "store_sales.ss_ext_discount_amt", 
   "store_sales.ss_ext_sales_price", 
   "store_sales.ss_ext_wholesale_cost", 
   "store_sales.ss_ext_list_price", 
   "store_sales.ss_ext_tax", 
   "store_sales.ss_coupon_amt", 
   "store_sales.ss_net_paid", 
   "store_sales.ss_net_paid_inc_tax", 
   "store_sales.ss_net_profit"
  ], 
  "Plan Width": 30, 
  "Total Cost": 13.4
 }, 
 {
  "Startup Cost": 14.05, 
  "plan_id": 1533, 
  "Plans": [
   1534
  ], 
  "Plan Rows": 1, 
  "Node Type": "Hash", 
  "filename": "plans/query67.json", 
  "Parallel Aware": false, 
  "Parent Relationship": "Inner", 
  "Output": [
   "date_dim.d_year", 
   "date_dim.d_qoy", 
   "date_dim.d_moy", 
   "date_dim.d_date_sk"
  ], 
  "Plan Width": 16, 
  "Total Cost": 14.05
 }, 
 {
  "Startup Cost": 14.06, 
  "Plan Width": 38, 
  "plan_id": 1531, 
  "Plans": [
   1532, 
   1533
  ], 
  "Plan Rows": 1, 
  "Node Type": "Hash Join", 
  "Join Type": "Inner", 
  "filename": "plans/query67.json", 
  "Parallel Aware": false, 
  "Output": [
   "store_sales.ss_sales_price", 
   "store_sales.ss_quantity", 
   "store_sales.ss_item_sk", 
   "store_sales.ss_store_sk", 
   "date_dim.d_year", 
   "date_dim.d_qoy", 
   "date_dim.d_moy"
  ], 
  "Hash Cond": "(store_sales.ss_sold_date_sk = date_dim.d_date_sk)", 
  "Parent Relationship": "Outer", 
  "Total Cost": 28.75
 }, 
 {
  "Startup Cost": 0.14, 
  "filename": "plans/query67.json", 
  "plan_id": 1535, 
  "Scan Direction": "Forward", 
  "Index Cond": "(store.s_store_sk = store_sales.ss_store_sk)", 
  "Node Type": "Index Scan", 
  "Relation Name": "store", 
  "Alias": "store", 
  "Plan Rows": 1, 
  "Schema": "pg_temp_2", 
  "Parallel Aware": false, 
  "Parent Relationship": "Inner", 
  "Output": [
   "store.s_store_sk", 
   "store.s_store_id", 
   "store.s_rec_start_date", 
   "store.s_rec_end_date", 
   "store.s_closed_date_sk", 
   "store.s_store_name", 
   "store.s_number_employees", 
   "store.s_floor_space", 
   "store.s_hours", 
   "store.s_manager", 
   "store.s_market_id", 
   "store.s_geography_class", 
   "store.s_market_desc", 
   "store.s_market_manager", 
   "store.s_division_id", 
   "store.s_division_name", 
   "store.s_company_id", 
   "store.s_company_name", 
   "store.s_street_number", 
   "store.s_street_name", 
   "store.s_street_type", 
   "store.s_suite_number", 
   "store.s_city", 
   "store.s_county", 
   "store.s_state", 
   "store.s_zip", 
   "store.s_country", 
   "store.s_gmt_offset", 
   "store.s_tax_precentage"
  ], 
  "Index Name": "store_pkey", 
  "Plan Width": 72, 
  "Total Cost": 0.29
 }, 
 {
  "Startup Cost": 14.2, 
  "plan_id": 1530, 
  "Plans": [
   1531, 
   1535
  ], 
  "Plan Rows": 1, 
  "Node Type": "Nested Loop", 
  "Join Type": "Inner", 
  "filename": "plans/query67.json", 
  "Parallel Aware": false, 
  "Parent Relationship": "Outer", 
  "Output": [
   "store_sales.ss_sales_price", 
   "store_sales.ss_quantity", 
   "store_sales.ss_item_sk", 
   "date_dim.d_year", 
   "date_dim.d_qoy", 
   "date_dim.d_moy", 
   "store.s_store_id"
  ], 
  "Plan Width": 102, 
  "Total Cost": 29.04
 }, 
 {
  "Startup Cost": 0.14, 
  "filename": "plans/query67.json", 
  "plan_id": 1536, 
  "Scan Direction": "Forward", 
  "Index Cond": "(item.i_item_sk = store_sales.ss_item_sk)", 
  "Node Type": "Index Scan", 
  "Relation Name": "item", 
  "Alias": "item", 
  "Plan Rows": 1, 
  "Schema": "pg_temp_2", 
  "Parallel Aware": false, 
  "Parent Relationship": "Inner", 
  "Output": [
   "item.i_item_sk", 
   "item.i_item_id", 
   "item.i_rec_start_date", 
   "item.i_rec_end_date", 
   "item.i_item_desc", 
   "item.i_current_price", 
   "item.i_wholesale_cost", 
   "item.i_brand_id", 
   "item.i_brand", 
   "item.i_class_id", 
   "item.i_class", 
   "item.i_category_id", 
   "item.i_category", 
   "item.i_manufact_id", 
   "item.i_manufact", 
   "item.i_size", 
   "item.i_formulation", 
   "item.i_color", 
   "item.i_units", 
   "item.i_container", 
   "item.i_manager_id", 
   "item.i_product_name"
  ], 
  "Index Name": "item_pkey", 
  "Plan Width": 820, 
  "Total Cost": 0.29
 }, 
 {
  "Startup Cost": 14.34, 
  "plan_id": 1529, 
  "Plans": [
   1530, 
   1536
  ], 
  "Plan Rows": 1, 
  "Node Type": "Nested Loop", 
  "Join Type": "Inner", 
  "filename": "plans/query67.json", 
  "Parallel Aware": false, 
  "Parent Relationship": "Outer", 
  "Output": [
   "item.i_category", 
   "item.i_class", 
   "item.i_brand", 
   "item.i_product_name", 
   "date_dim.d_year", 
   "date_dim.d_qoy", 
   "date_dim.d_moy", 
   "store.s_store_id", 
   "store_sales.ss_sales_price", 
   "store_sales.ss_quantity"
  ], 
  "Plan Width": 914, 
  "Total Cost": 29.34
 }, 
 {
  "Startup Cost": 29.35, 
  "plan_id": 1528, 
  "Plans": [
   1529
  ], 
  "Sort Key": [
   "item.i_category", 
   "item.i_class", 
   "item.i_brand", 
   "item.i_product_name", 
   "date_dim.d_year", 
   "date_dim.d_qoy", 
   "date_dim.d_moy", 
   "store.s_store_id"
  ], 
  "Plan Rows": 1, 
  "Node Type": "Sort", 
  "filename": "plans/query67.json", 
  "Parallel Aware": false, 
  "Parent Relationship": "Outer", 
  "Output": [
   "item.i_category", 
   "item.i_class", 
   "item.i_brand", 
   "item.i_product_name", 
   "date_dim.d_year", 
   "date_dim.d_qoy", 
   "date_dim.d_moy", 
   "store.s_store_id", 
   "store_sales.ss_sales_price", 
   "store_sales.ss_quantity"
  ], 
  "Plan Width": 914, 
  "Total Cost": 29.36
 }, 
 {
  "Partial Mode": "Simple", 
  "Startup Cost": 29.35, 
  "filename": "plans/query67.json", 
  "plan_id": 1527, 
  "Plans": [
   1528
  ], 
  "Grouping Sets": [
   {
    "Group Keys": [
     [
      "item.i_category", 
      "item.i_class", 
      "item.i_brand", 
      "item.i_product_name", 
      "date_dim.d_year", 
      "date_dim.d_qoy", 
      "date_dim.d_moy", 
      "store.s_store_id"
     ], 
     [
      "item.i_category", 
      "item.i_class", 
      "item.i_brand", 
      "item.i_product_name", 
      "date_dim.d_year", 
      "date_dim.d_qoy", 
      "date_dim.d_moy"
     ], 
     [
      "item.i_category", 
      "item.i_class", 
      "item.i_brand", 
      "item.i_product_name", 
      "date_dim.d_year", 
      "date_dim.d_qoy"
     ], 
     [
      "item.i_category", 
      "item.i_class", 
      "item.i_brand", 
      "item.i_product_name", 
      "date_dim.d_year"
     ], 
     [
      "item.i_category", 
      "item.i_class", 
      "item.i_brand", 
      "item.i_product_name"
     ], 
     [
      "item.i_category", 
      "item.i_class", 
      "item.i_brand"
     ], 
     [
      "item.i_category", 
      "item.i_class"
     ], 
     [
      "item.i_category"
     ], 
     []
    ]
   }
  ], 
  "Node Type": "Aggregate", 
  "Strategy": "Sorted", 
  "Plan Rows": 9, 
  "Parallel Aware": false, 
  "Parent Relationship": "Subquery", 
  "Output": [
   "item.i_category", 
   "item.i_class", 
   "item.i_brand", 
   "item.i_product_name", 
   "date_dim.d_year", 
   "date_dim.d_qoy", 
   "date_dim.d_moy", 
   "store.s_store_id", 
   "sum(COALESCE((store_sales.ss_sales_price * (store_sales.ss_quantity)::numeric), '0'::numeric))"
  ], 
  "Plan Width": 928, 
  "Total Cost": 29.5
 }, 
 {
  "Startup Cost": 29.35, 
  "plan_id": 1526, 
  "Plans": [
   1527
  ], 
  "Plan Rows": 9, 
  "Node Type": "Subquery Scan", 
  "Alias": "dw1", 
  "filename": "plans/query67.json", 
  "Parallel Aware": false, 
  "Parent Relationship": "Outer", 
  "Output": [
   "dw1.i_category", 
   "dw1.sumsales", 
   "dw1.i_class", 
   "dw1.i_brand", 
   "dw1.i_product_name", 
   "dw1.d_year", 
   "dw1.d_qoy", 
   "dw1.d_moy", 
   "dw1.s_store_id"
  ], 
  "Plan Width": 928, 
  "Total Cost": 29.59
 }, 
 {
  "Startup Cost": 29.73, 
  "plan_id": 1525, 
  "Plans": [
   1526
  ], 
  "Sort Key": [
   "dw1.i_category", 
   "dw1.sumsales DESC"
  ], 
  "Plan Rows": 9, 
  "Node Type": "Sort", 
  "filename": "plans/query67.json", 
  "Parallel Aware": false, 
  "Parent Relationship": "Outer", 
  "Output": [
   "dw1.i_category", 
   "dw1.sumsales", 
   "dw1.i_class", 
   "dw1.i_brand", 
   "dw1.i_product_name", 
   "dw1.d_year", 
   "dw1.d_qoy", 
   "dw1.d_moy", 
   "dw1.s_store_id"
  ], 
  "Plan Width": 928, 
  "Total Cost": 29.75
 }, 
 {
  "Startup Cost": 29.73, 
  "plan_id": 1524, 
  "Plans": [
   1525
  ], 
  "Plan Rows": 9, 
  "Node Type": "WindowAgg", 
  "filename": "plans/query67.json", 
  "Parallel Aware": false, 
  "Parent Relationship": "Subquery", 
  "Output": [
   "dw1.i_category", 
   "dw1.i_class", 
   "dw1.i_brand", 
   "dw1.i_product_name", 
   "dw1.d_year", 
   "dw1.d_qoy", 
   "dw1.d_moy", 
   "dw1.s_store_id", 
   "dw1.sumsales", 
   "rank() OVER (?)"
  ], 
  "Plan Width": 936, 
  "Total Cost": 29.91
 }, 
 {
  "Startup Cost": 29.73, 
  "plan_id": 1523, 
  "Plans": [
   1524
  ], 
  "Plan Rows": 3, 
  "Node Type": "Subquery Scan", 
  "Filter": "(dw2.rk <= 100)", 
  "Alias": "dw2", 
  "filename": "plans/query67.json", 
  "Parallel Aware": false, 
  "Parent Relationship": "Outer", 
  "Output": [
   "dw2.i_category", 
   "dw2.i_class", 
   "dw2.i_brand", 
   "dw2.i_product_name", 
   "dw2.d_year", 
   "dw2.d_qoy", 
   "dw2.d_moy", 
   "dw2.s_store_id", 
   "dw2.sumsales", 
   "dw2.rk"
  ], 
  "Plan Width": 936, 
  "Total Cost": 30.02
 }, 
 {
  "Startup Cost": 30.05, 
  "plan_id": 1522, 
  "Plans": [
   1523
  ], 
  "Sort Key": [
   "dw2.i_category", 
   "dw2.i_class", 
   "dw2.i_brand", 
   "dw2.i_product_name", 
   "dw2.d_year", 
   "dw2.d_qoy", 
   "dw2.d_moy", 
   "dw2.s_store_id", 
   "dw2.sumsales", 
   "dw2.rk"
  ], 
  "Plan Rows": 3, 
  "Node Type": "Sort", 
  "filename": "plans/query67.json", 
  "Parallel Aware": false, 
  "Parent Relationship": "Outer", 
  "Output": [
   "dw2.i_category", 
   "dw2.i_class", 
   "dw2.i_brand", 
   "dw2.i_product_name", 
   "dw2.d_year", 
   "dw2.d_qoy", 
   "dw2.d_moy", 
   "dw2.s_store_id", 
   "dw2.sumsales", 
   "dw2.rk"
  ], 
  "Plan Width": 936, 
  "Total Cost": 30.05
 }, 
 {
  "Startup Cost": 30.05, 
  "plan_id": 1521, 
  "Plans": [
   1522
  ], 
  "Plan Rows": 3, 
  "Node Type": "Limit", 
  "filename": "plans/query67.json", 
  "Parallel Aware": false, 
  "Output": [
   "dw2.i_category", 
   "dw2.i_class", 
   "dw2.i_brand", 
   "dw2.i_product_name", 
   "dw2.d_year", 
   "dw2.d_qoy", 
   "dw2.d_moy", 
   "dw2.s_store_id", 
   "dw2.sumsales", 
   "dw2.rk"
  ], 
  "Plan Width": 936, 
  "Total Cost": 30.05
 }, 
 {
  "Relation Name": "store", 
  "Startup Cost": 0.0, 
  "plan_id": 1549, 
  "Node Type": "Seq Scan", 
  "Plan Rows": 2, 
  "Filter": "((store.s_city)::text = ANY ('{Fairview,Midway}'::text[]))", 
  "Alias": "store", 
  "filename": "plans/query68.json", 
  "Schema": "pg_temp_2", 
  "Parallel Aware": false, 
  "Parent Relationship": "Outer", 
  "Output": [
   "store.s_store_sk"
  ], 
  "Plan Width": 4, 
  "Total Cost": 10.5
 }, 
 {
  "Startup Cost": 0.0, 
  "plan_id": 1547, 
  "Node Type": "Seq Scan", 
  "Plan Rows": 340, 
  "Relation Name": "store_sales", 
  "Alias": "store_sales", 
  "filename": "plans/query68.json", 
  "Schema": "pg_temp_2", 
  "Parallel Aware": false, 
  "Parent Relationship": "Outer", 
  "Output": [
   "store_sales.ss_sold_date_sk", 
   "store_sales.ss_sold_time_sk", 
   "store_sales.ss_item_sk", 
   "store_sales.ss_customer_sk", 
   "store_sales.ss_cdemo_sk", 
   "store_sales.ss_hdemo_sk", 
   "store_sales.ss_addr_sk", 
   "store_sales.ss_store_sk", 
   "store_sales.ss_promo_sk", 
   "store_sales.ss_ticket_number", 
   "store_sales.ss_quantity", 
   "store_sales.ss_wholesale_cost", 
   "store_sales.ss_list_price", 
   "store_sales.ss_sales_price", 
   "store_sales.ss_ext_discount_amt", 
   "store_sales.ss_ext_sales_price", 
   "store_sales.ss_ext_wholesale_cost", 
   "store_sales.ss_ext_list_price", 
   "store_sales.ss_ext_tax", 
   "store_sales.ss_coupon_amt", 
   "store_sales.ss_net_paid", 
   "store_sales.ss_net_paid_inc_tax", 
   "store_sales.ss_net_profit"
  ], 
  "Plan Width": 66, 
  "Total Cost": 13.4
 }, 
 {
  "Startup Cost": 10.5, 
  "plan_id": 1548, 
  "Plans": [
   1549
  ], 
  "Plan Rows": 2, 
  "Node Type": "Hash", 
  "filename": "plans/query68.json", 
  "Parallel Aware": false, 
  "Parent Relationship": "Inner", 
  "Output": [
   "store.s_store_sk"
  ], 
  "Plan Width": 4, 
  "Total Cost": 10.5
 }, 
 {
  "Startup Cost": 10.53, 
  "Plan Width": 62, 
  "plan_id": 1546, 
  "Plans": [
   1547, 
   1548
  ], 
  "Plan Rows": 3, 
  "Node Type": "Hash Join", 
  "Join Type": "Inner", 
  "filename": "plans/query68.json", 
  "Parallel Aware": false, 
  "Output": [
   "store_sales.ss_ticket_number", 
   "store_sales.ss_customer_sk", 
   "store_sales.ss_ext_sales_price", 
   "store_sales.ss_ext_list_price", 
   "store_sales.ss_ext_tax", 
   "store_sales.ss_addr_sk", 
   "store_sales.ss_sold_date_sk", 
   "store_sales.ss_hdemo_sk"
  ], 
  "Hash Cond": "(store_sales.ss_store_sk = store.s_store_sk)", 
  "Parent Relationship": "Outer", 
  "Total Cost": 25.23
 }, 
 {
  "Filter": "((household_demographics.hd_dep_count = 1) OR (household_demographics.hd_vehicle_count = '-1'::integer))", 
  "Startup Cost": 0.15, 
  "filename": "plans/query68.json", 
  "plan_id": 1550, 
  "Scan Direction": "Forward", 
  "Index Cond": "(household_demographics.hd_demo_sk = store_sales.ss_hdemo_sk)", 
  "Node Type": "Index Scan", 
  "Relation Name": "household_demographics", 
  "Alias": "household_demographics", 
  "Plan Rows": 1, 
  "Schema": "pg_temp_2", 
  "Parallel Aware": false, 
  "Parent Relationship": "Inner", 
  "Output": [
   "household_demographics.hd_demo_sk", 
   "household_demographics.hd_income_band_sk", 
   "household_demographics.hd_buy_potential", 
   "household_demographics.hd_dep_count", 
   "household_demographics.hd_vehicle_count"
  ], 
  "Index Name": "household_demographics_pkey", 
  "Plan Width": 4, 
  "Total Cost": 0.3
 }, 
 {
  "Startup Cost": 10.68, 
  "plan_id": 1545, 
  "Plans": [
   1546, 
   1550
  ], 
  "Plan Rows": 1, 
  "Node Type": "Nested Loop", 
  "Join Type": "Inner", 
  "filename": "plans/query68.json", 
  "Parallel Aware": false, 
  "Parent Relationship": "Outer", 
  "Output": [
   "store_sales.ss_ticket_number", 
   "store_sales.ss_customer_sk", 
   "store_sales.ss_ext_sales_price", 
   "store_sales.ss_ext_list_price", 
   "store_sales.ss_ext_tax", 
   "store_sales.ss_addr_sk", 
   "store_sales.ss_sold_date_sk"
  ], 
  "Plan Width": 58, 
  "Total Cost": 26.17
 }, 
 {
  "Filter": "((date_dim.d_dom >= 1) AND (date_dim.d_dom <= 2) AND (date_dim.d_year = ANY ('{2000,2001,2002}'::integer[])))", 
  "Startup Cost": 0.15, 
  "filename": "plans/query68.json", 
  "plan_id": 1551, 
  "Scan Direction": "Forward", 
  "Index Cond": "(date_dim.d_date_sk = store_sales.ss_sold_date_sk)", 
  "Node Type": "Index Scan", 
  "Relation Name": "date_dim", 
  "Alias": "date_dim", 
  "Plan Rows": 1, 
  "Schema": "pg_temp_2", 
  "Parallel Aware": false, 
  "Parent Relationship": "Inner", 
  "Output": [
   "date_dim.d_date_sk", 
   "date_dim.d_date_id", 
   "date_dim.d_date", 
   "date_dim.d_month_seq", 
   "date_dim.d_week_seq", 
   "date_dim.d_quarter_seq", 
   "date_dim.d_year", 
   "date_dim.d_dow", 
   "date_dim.d_moy", 
   "date_dim.d_dom", 
   "date_dim.d_qoy", 
   "date_dim.d_fy_year", 
   "date_dim.d_fy_quarter_seq", 
   "date_dim.d_fy_week_seq", 
   "date_dim.d_day_name", 
   "date_dim.d_quarter_name", 
   "date_dim.d_holiday", 
   "date_dim.d_weekend", 
   "date_dim.d_following_holiday", 
   "date_dim.d_first_dom", 
   "date_dim.d_last_dom", 
   "date_dim.d_same_day_ly", 
   "date_dim.d_same_day_lq", 
   "date_dim.d_current_day", 
   "date_dim.d_current_week", 
   "date_dim.d_current_month", 
   "date_dim.d_current_quarter", 
   "date_dim.d_current_year"
  ], 
  "Index Name": "date_dim_pkey", 
  "Plan Width": 4, 
  "Total Cost": 0.3
 }, 
 {
  "Startup Cost": 10.82, 
  "plan_id": 1544, 
  "Plans": [
   1545, 
   1551
  ], 
  "Plan Rows": 1, 
  "Node Type": "Nested Loop", 
  "Join Type": "Inner", 
  "filename": "plans/query68.json", 
  "Parallel Aware": false, 
  "Parent Relationship": "Outer", 
  "Output": [
   "store_sales.ss_ticket_number", 
   "store_sales.ss_customer_sk", 
   "store_sales.ss_ext_sales_price", 
   "store_sales.ss_ext_list_price", 
   "store_sales.ss_ext_tax", 
   "store_sales.ss_addr_sk"
  ], 
  "Plan Width": 54, 
  "Total Cost": 26.48
 }, 
 {
  "Startup Cost": 0.14, 
  "filename": "plans/query68.json", 
  "plan_id": 1552, 
  "Scan Direction": "Forward", 
  "Index Cond": "(customer_address.ca_address_sk = store_sales.ss_addr_sk)", 
  "Node Type": "Index Scan", 
  "Relation Name": "customer_address", 
  "Alias": "customer_address", 
  "Plan Rows": 1, 
  "Schema": "pg_temp_2", 
  "Parallel Aware": false, 
  "Parent Relationship": "Inner", 
  "Output": [
   "customer_address.ca_address_sk", 
   "customer_address.ca_address_id", 
   "customer_address.ca_street_number", 
   "customer_address.ca_street_name", 
   "customer_address.ca_street_type", 
   "customer_address.ca_suite_number", 
   "customer_address.ca_city", 
   "customer_address.ca_county", 
   "customer_address.ca_state", 
   "customer_address.ca_zip", 
   "customer_address.ca_country", 
   "customer_address.ca_gmt_offset", 
   "customer_address.ca_location_type"
  ], 
  "Index Name": "customer_address_pkey", 
  "Plan Width": 142, 
  "Total Cost": 0.29
 }, 
 {
  "Startup Cost": 10.97, 
  "plan_id": 1543, 
  "Plans": [
   1544, 
   1552
  ], 
  "Plan Rows": 1, 
  "Node Type": "Nested Loop", 
  "Join Type": "Inner", 
  "filename": "plans/query68.json", 
  "Parallel Aware": false, 
  "Parent Relationship": "Outer", 
  "Output": [
   "store_sales.ss_ticket_number", 
   "store_sales.ss_customer_sk", 
   "customer_address.ca_city", 
   "store_sales.ss_addr_sk", 
   "store_sales.ss_ext_sales_price", 
   "store_sales.ss_ext_list_price", 
   "store_sales.ss_ext_tax"
  ], 
  "Plan Width": 192, 
  "Total Cost": 26.78
 }, 
 {
  "Startup Cost": 26.79, 
  "plan_id": 1542, 
  "Plans": [
   1543
  ], 
  "Sort Key": [
   "store_sales.ss_ticket_number", 
   "store_sales.ss_customer_sk", 
   "store_sales.ss_addr_sk", 
   "customer_address.ca_city"
  ], 
  "Plan Rows": 1, 
  "Node Type": "Sort", 
  "filename": "plans/query68.json", 
  "Parallel Aware": false, 
  "Parent Relationship": "Outer", 
  "Output": [
   "store_sales.ss_ticket_number", 
   "store_sales.ss_customer_sk", 
   "customer_address.ca_city", 
   "store_sales.ss_addr_sk", 
   "store_sales.ss_ext_sales_price", 
   "store_sales.ss_ext_list_price", 
   "store_sales.ss_ext_tax"
  ], 
  "Plan Width": 192, 
  "Total Cost": 26.79
 }, 
 {
  "Partial Mode": "Simple", 
  "Startup Cost": 26.79, 
  "Plan Width": 246, 
  "plan_id": 1541, 
  "Plans": [
   1542
  ], 
  "filename": "plans/query68.json", 
  "Node Type": "Aggregate", 
  "Strategy": "Sorted", 
  "Plan Rows": 1, 
  "Parallel Aware": false, 
  "Output": [
   "store_sales.ss_ticket_number", 
   "store_sales.ss_customer_sk", 
   "customer_address.ca_city", 
   "sum(store_sales.ss_ext_sales_price)", 
   "sum(store_sales.ss_ext_list_price)", 
   "sum(store_sales.ss_ext_tax)", 
   "store_sales.ss_addr_sk"
  ], 
  "Group Key": [
   "store_sales.ss_ticket_number", 
   "store_sales.ss_customer_sk", 
   "store_sales.ss_addr_sk", 
   "customer_address.ca_city"
  ], 
  "Parent Relationship": "Outer", 
  "Total Cost": 26.83
 }, 
 {
  "Startup Cost": 0.14, 
  "filename": "plans/query68.json", 
  "plan_id": 1553, 
  "Scan Direction": "Forward", 
  "Index Cond": "(customer.c_customer_sk = store_sales.ss_customer_sk)", 
  "Node Type": "Index Scan", 
  "Relation Name": "customer", 
  "Alias": "customer", 
  "Plan Rows": 1, 
  "Schema": "pg_temp_2", 
  "Parallel Aware": false, 
  "Parent Relationship": "Inner", 
  "Output": [
   "customer.c_customer_sk", 
   "customer.c_customer_id", 
   "customer.c_current_cdemo_sk", 
   "customer.c_current_hdemo_sk", 
   "customer.c_current_addr_sk", 
   "customer.c_first_shipto_date_sk", 
   "customer.c_first_sales_date_sk", 
   "customer.c_salutation", 
   "customer.c_first_name", 
   "customer.c_last_name", 
   "customer.c_preferred_cust_flag", 
   "customer.c_birth_day", 
   "customer.c_birth_month", 
   "customer.c_birth_year", 
   "customer.c_birth_country", 
   "customer.c_login", 
   "customer.c_email_address", 
   "customer.c_last_review_date"
  ], 
  "Index Name": "customer_pkey", 
  "Plan Width": 216, 
  "Total Cost": 8.16
 }, 
 {
  "Startup Cost": 26.93, 
  "plan_id": 1540, 
  "Plans": [
   1541, 
   1553
  ], 
  "Plan Rows": 1, 
  "Node Type": "Nested Loop", 
  "Join Type": "Inner", 
  "filename": "plans/query68.json", 
  "Parallel Aware": false, 
  "Parent Relationship": "Outer", 
  "Output": [
   "customer_address.ca_city", 
   "store_sales.ss_ticket_number", 
   "(sum(store_sales.ss_ext_sales_price))", 
   "(sum(store_sales.ss_ext_tax))", 
   "(sum(store_sales.ss_ext_list_price))", 
   "customer.c_last_name", 
   "customer.c_first_name", 
   "customer.c_current_addr_sk"
  ], 
  "Plan Width": 450, 
  "Total Cost": 35.01
 }, 
 {
  "Startup Cost": 0.14, 
  "filename": "plans/query68.json", 
  "plan_id": 1554, 
  "Scan Direction": "Forward", 
  "Index Cond": "(current_addr.ca_address_sk = customer.c_current_addr_sk)", 
  "Node Type": "Index Scan", 
  "Relation Name": "customer_address", 
  "Alias": "current_addr", 
  "Plan Rows": 1, 
  "Schema": "pg_temp_2", 
  "Parallel Aware": false, 
  "Parent Relationship": "Inner", 
  "Output": [
   "current_addr.ca_address_sk", 
   "current_addr.ca_address_id", 
   "current_addr.ca_street_number", 
   "current_addr.ca_street_name", 
   "current_addr.ca_street_type", 
   "current_addr.ca_suite_number", 
   "current_addr.ca_city", 
   "current_addr.ca_county", 
   "current_addr.ca_state", 
   "current_addr.ca_zip", 
   "current_addr.ca_country", 
   "current_addr.ca_gmt_offset", 
   "current_addr.ca_location_type"
  ], 
  "Index Name": "customer_address_pkey", 
  "Plan Width": 142, 
  "Total Cost": 0.6
 }, 
 {
  "Startup Cost": 27.07, 
  "plan_id": 1539, 
  "Plans": [
   1540, 
   1554
  ], 
  "Plan Rows": 1, 
  "Node Type": "Nested Loop", 
  "Join Type": "Inner", 
  "filename": "plans/query68.json", 
  "Parallel Aware": false, 
  "Parent Relationship": "Outer", 
  "Output": [
   "customer.c_last_name", 
   "customer.c_first_name", 
   "current_addr.ca_city", 
   "customer_address.ca_city", 
   "store_sales.ss_ticket_number", 
   "(sum(store_sales.ss_ext_sales_price))", 
   "(sum(store_sales.ss_ext_tax))", 
   "(sum(store_sales.ss_ext_list_price))"
  ], 
  "Plan Width": 584, 
  "Join Filter": "((current_addr.ca_city)::text <> (customer_address.ca_city)::text)", 
  "Total Cost": 35.62
 }, 
 {
  "Startup Cost": 35.63, 
  "plan_id": 1538, 
  "Plans": [
   1539
  ], 
  "Sort Key": [
   "customer.c_last_name", 
   "store_sales.ss_ticket_number"
  ], 
  "Plan Rows": 1, 
  "Node Type": "Sort", 
  "filename": "plans/query68.json", 
  "Parallel Aware": false, 
  "Parent Relationship": "Outer", 
  "Output": [
   "customer.c_last_name", 
   "customer.c_first_name", 
   "current_addr.ca_city", 
   "customer_address.ca_city", 
   "store_sales.ss_ticket_number", 
   "(sum(store_sales.ss_ext_sales_price))", 
   "(sum(store_sales.ss_ext_tax))", 
   "(sum(store_sales.ss_ext_list_price))"
  ], 
  "Plan Width": 584, 
  "Total Cost": 35.64
 }, 
 {
  "Startup Cost": 35.63, 
  "plan_id": 1537, 
  "Plans": [
   1538
  ], 
  "Plan Rows": 1, 
  "Node Type": "Limit", 
  "filename": "plans/query68.json", 
  "Parallel Aware": false, 
  "Output": [
   "customer.c_last_name", 
   "customer.c_first_name", 
   "current_addr.ca_city", 
   "customer_address.ca_city", 
   "store_sales.ss_ticket_number", 
   "(sum(store_sales.ss_ext_sales_price))", 
   "(sum(store_sales.ss_ext_tax))", 
   "(sum(store_sales.ss_ext_list_price))"
  ], 
  "Plan Width": 584, 
  "Total Cost": 35.64
 }, 
 {
  "Relation Name": "date_dim", 
  "Startup Cost": 0.0, 
  "plan_id": 1569, 
  "Node Type": "Seq Scan", 
  "Plan Rows": 1, 
  "Filter": "((date_dim.d_moy >= 1) AND (date_dim.d_moy <= 3) AND (date_dim.d_year = 1999))", 
  "Alias": "date_dim", 
  "filename": "plans/query69.json", 
  "Schema": "pg_temp_2", 
  "Parallel Aware": false, 
  "Parent Relationship": "Outer", 
  "Output": [
   "date_dim.d_date_sk"
  ], 
  "Plan Width": 4, 
  "Total Cost": 14.73
 }, 
 {
  "Startup Cost": 0.0, 
  "plan_id": 1567, 
  "Node Type": "Seq Scan", 
  "Plan Rows": 340, 
  "Relation Name": "store_sales", 
  "Alias": "store_sales", 
  "filename": "plans/query69.json", 
  "Schema": "pg_temp_2", 
  "Parallel Aware": false, 
  "Parent Relationship": "Outer", 
  "Output": [
   "store_sales.ss_sold_date_sk", 
   "store_sales.ss_sold_time_sk", 
   "store_sales.ss_item_sk", 
   "store_sales.ss_customer_sk", 
   "store_sales.ss_cdemo_sk", 
   "store_sales.ss_hdemo_sk", 
   "store_sales.ss_addr_sk", 
   "store_sales.ss_store_sk", 
   "store_sales.ss_promo_sk", 
   "store_sales.ss_ticket_number", 
   "store_sales.ss_quantity", 
   "store_sales.ss_wholesale_cost", 
   "store_sales.ss_list_price", 
   "store_sales.ss_sales_price", 
   "store_sales.ss_ext_discount_amt", 
   "store_sales.ss_ext_sales_price", 
   "store_sales.ss_ext_wholesale_cost", 
   "store_sales.ss_ext_list_price", 
   "store_sales.ss_ext_tax", 
   "store_sales.ss_coupon_amt", 
   "store_sales.ss_net_paid", 
   "store_sales.ss_net_paid_inc_tax", 
   "store_sales.ss_net_profit"
  ], 
  "Plan Width": 8, 
  "Total Cost": 13.4
 }, 
 {
  "Startup Cost": 14.73, 
  "plan_id": 1568, 
  "Plans": [
   1569
  ], 
  "Plan Rows": 1, 
  "Node Type": "Hash", 
  "filename": "plans/query69.json", 
  "Parallel Aware": false, 
  "Parent Relationship": "Inner", 
  "Output": [
   "date_dim.d_date_sk"
  ], 
  "Plan Width": 4, 
  "Total Cost": 14.73
 }, 
 {
  "Startup Cost": 14.74, 
  "Plan Width": 4, 
  "plan_id": 1566, 
  "Plans": [
   1567, 
   1568
  ], 
  "Plan Rows": 1, 
  "Node Type": "Hash Join", 
  "Join Type": "Inner", 
  "filename": "plans/query69.json", 
  "Parallel Aware": false, 
  "Output": [
   "store_sales.ss_customer_sk"
  ], 
  "Hash Cond": "(store_sales.ss_sold_date_sk = date_dim.d_date_sk)", 
  "Parent Relationship": "Outer", 
  "Total Cost": 29.42
 }, 
 {
  "Partial Mode": "Simple", 
  "Startup Cost": 29.43, 
  "Plan Width": 4, 
  "plan_id": 1565, 
  "Plans": [
   1566
  ], 
  "filename": "plans/query69.json", 
  "Node Type": "Aggregate", 
  "Strategy": "Hashed", 
  "Plan Rows": 1, 
  "Parallel Aware": false, 
  "Output": [
   "store_sales.ss_customer_sk"
  ], 
  "Group Key": [
   "store_sales.ss_customer_sk"
  ], 
  "Parent Relationship": "Outer", 
  "Total Cost": 29.44
 }, 
 {
  "Startup Cost": 0.14, 
  "filename": "plans/query69.json", 
  "plan_id": 1570, 
  "Scan Direction": "Forward", 
  "Index Cond": "(c.c_customer_sk = store_sales.ss_customer_sk)", 
  "Node Type": "Index Scan", 
  "Relation Name": "customer", 
  "Alias": "c", 
  "Plan Rows": 1, 
  "Schema": "pg_temp_2", 
  "Parallel Aware": false, 
  "Parent Relationship": "Inner", 
  "Output": [
   "c.c_customer_sk", 
   "c.c_customer_id", 
   "c.c_current_cdemo_sk", 
   "c.c_current_hdemo_sk", 
   "c.c_current_addr_sk", 
   "c.c_first_shipto_date_sk", 
   "c.c_first_sales_date_sk", 
   "c.c_salutation", 
   "c.c_first_name", 
   "c.c_last_name", 
   "c.c_preferred_cust_flag", 
   "c.c_birth_day", 
   "c.c_birth_month", 
   "c.c_birth_year", 
   "c.c_birth_country", 
   "c.c_login", 
   "c.c_email_address", 
   "c.c_last_review_date"
  ], 
  "Index Name": "customer_pkey", 
  "Plan Width": 12, 
  "Total Cost": 0.38
 }, 
 {
  "Startup Cost": 29.57, 
  "plan_id": 1564, 
  "Plans": [
   1565, 
   1570
  ], 
  "Plan Rows": 50, 
  "Node Type": "Nested Loop", 
  "Join Type": "Inner", 
  "filename": "plans/query69.json", 
  "Parallel Aware": false, 
  "Parent Relationship": "Outer", 
  "Output": [
   "c.c_current_addr_sk", 
   "c.c_current_cdemo_sk", 
   "c.c_customer_sk"
  ], 
  "Plan Width": 12, 
  "Total Cost": 29.82
 }, 
 {
  "Relation Name": "customer_address", 
  "Startup Cost": 0.0, 
  "plan_id": 1562, 
  "Node Type": "Seq Scan", 
  "Plan Rows": 3, 
  "Filter": "(ca.ca_state = ANY ('{TN,MN,TX}'::bpchar[]))", 
  "Alias": "ca", 
  "filename": "plans/query69.json", 
  "Schema": "pg_temp_2", 
  "Parallel Aware": false, 
  "Parent Relationship": "Outer", 
  "Output": [
   "ca.ca_address_sk", 
   "ca.ca_address_id", 
   "ca.ca_street_number", 
   "ca.ca_street_name", 
   "ca.ca_street_type", 
   "ca.ca_suite_number", 
   "ca.ca_city", 
   "ca.ca_county", 
   "ca.ca_state", 
   "ca.ca_zip", 
   "ca.ca_country", 
   "ca.ca_gmt_offset", 
   "ca.ca_location_type"
  ], 
  "Plan Width": 4, 
  "Total Cost": 11.38
 }, 
 {
  "Startup Cost": 29.82, 
  "plan_id": 1563, 
  "Plans": [
   1564
  ], 
  "Plan Rows": 50, 
  "Node Type": "Hash", 
  "filename": "plans/query69.json", 
  "Parallel Aware": false, 
  "Parent Relationship": "Inner", 
  "Output": [
   "c.c_current_addr_sk", 
   "c.c_current_cdemo_sk", 
   "c.c_customer_sk"
  ], 
  "Plan Width": 12, 
  "Total Cost": 29.82
 }, 
 {
  "Relation Name": "date_dim", 
  "Startup Cost": 0.0, 
  "plan_id": 1575, 
  "Node Type": "Seq Scan", 
  "Plan Rows": 1, 
  "Filter": "((date_dim_1.d_moy >= 1) AND (date_dim_1.d_moy <= 3) AND (date_dim_1.d_year = 1999))", 
  "Alias": "date_dim_1", 
  "filename": "plans/query69.json", 
  "Schema": "pg_temp_2", 
  "Parallel Aware": false, 
  "Parent Relationship": "Outer", 
  "Output": [
   "date_dim_1.d_date_sk"
  ], 
  "Plan Width": 4, 
  "Total Cost": 14.73
 }, 
 {
  "Startup Cost": 0.0, 
  "plan_id": 1573, 
  "Node Type": "Seq Scan", 
  "Plan Rows": 260, 
  "Relation Name": "web_sales", 
  "Alias": "web_sales", 
  "filename": "plans/query69.json", 
  "Schema": "pg_temp_2", 
  "Parallel Aware": false, 
  "Parent Relationship": "Outer", 
  "Output": [
   "web_sales.ws_sold_date_sk", 
   "web_sales.ws_sold_time_sk", 
   "web_sales.ws_ship_date_sk", 
   "web_sales.ws_item_sk", 
   "web_sales.ws_bill_customer_sk", 
   "web_sales.ws_bill_cdemo_sk", 
   "web_sales.ws_bill_hdemo_sk", 
   "web_sales.ws_bill_addr_sk", 
   "web_sales.ws_ship_customer_sk", 
   "web_sales.ws_ship_cdemo_sk", 
   "web_sales.ws_ship_hdemo_sk", 
   "web_sales.ws_ship_addr_sk", 
   "web_sales.ws_web_page_sk", 
   "web_sales.ws_web_site_sk", 
   "web_sales.ws_ship_mode_sk", 
   "web_sales.ws_warehouse_sk", 
   "web_sales.ws_promo_sk", 
   "web_sales.ws_order_number", 
   "web_sales.ws_quantity", 
   "web_sales.ws_wholesale_cost", 
   "web_sales.ws_list_price", 
   "web_sales.ws_sales_price", 
   "web_sales.ws_ext_discount_amt", 
   "web_sales.ws_ext_sales_price", 
   "web_sales.ws_ext_wholesale_cost", 
   "web_sales.ws_ext_list_price", 
   "web_sales.ws_ext_tax", 
   "web_sales.ws_coupon_amt", 
   "web_sales.ws_ext_ship_cost", 
   "web_sales.ws_net_paid", 
   "web_sales.ws_net_paid_inc_tax", 
   "web_sales.ws_net_paid_inc_ship", 
   "web_sales.ws_net_paid_inc_ship_tax", 
   "web_sales.ws_net_profit"
  ], 
  "Plan Width": 8, 
  "Total Cost": 12.6
 }, 
 {
  "Startup Cost": 14.73, 
  "plan_id": 1574, 
  "Plans": [
   1575
  ], 
  "Plan Rows": 1, 
  "Node Type": "Hash", 
  "filename": "plans/query69.json", 
  "Parallel Aware": false, 
  "Parent Relationship": "Inner", 
  "Output": [
   "date_dim_1.d_date_sk"
  ], 
  "Plan Width": 4, 
  "Total Cost": 14.73
 }, 
 {
  "Startup Cost": 14.74, 
  "Plan Width": 4, 
  "plan_id": 1572, 
  "Plans": [
   1573, 
   1574
  ], 
  "Plan Rows": 1, 
  "Node Type": "Hash Join", 
  "Join Type": "Inner", 
  "filename": "plans/query69.json", 
  "Parallel Aware": false, 
  "Output": [
   "web_sales.ws_bill_customer_sk"
  ], 
  "Hash Cond": "(web_sales.ws_sold_date_sk = date_dim_1.d_date_sk)", 
  "Parent Relationship": "Outer", 
  "Total Cost": 28.32
 }, 
 {
  "Startup Cost": 30.45, 
  "Plan Width": 8, 
  "plan_id": 1561, 
  "Plans": [
   1562, 
   1563
  ], 
  "Plan Rows": 2, 
  "Node Type": "Hash Join", 
  "Join Type": "Inner", 
  "filename": "plans/query69.json", 
  "Parallel Aware": false, 
  "Output": [
   "c.c_current_cdemo_sk", 
   "c.c_customer_sk"
  ], 
  "Hash Cond": "(ca.ca_address_sk = c.c_current_addr_sk)", 
  "Parent Relationship": "Outer", 
  "Total Cost": 41.86
 }, 
 {
  "Startup Cost": 14.74, 
  "plan_id": 1571, 
  "Plans": [
   1572
  ], 
  "Plan Rows": 1, 
  "Node Type": "Materialize", 
  "filename": "plans/query69.json", 
  "Parallel Aware": false, 
  "Parent Relationship": "Inner", 
  "Output": [
   "web_sales.ws_bill_customer_sk"
  ], 
  "Plan Width": 4, 
  "Total Cost": 28.33
 }, 
 {
  "Startup Cost": 45.19, 
  "plan_id": 1560, 
  "Plans": [
   1561, 
   1571
  ], 
  "Plan Rows": 1, 
  "Node Type": "Nested Loop", 
  "Join Type": "Anti", 
  "filename": "plans/query69.json", 
  "Parallel Aware": false, 
  "Parent Relationship": "Outer", 
  "Output": [
   "c.c_current_cdemo_sk", 
   "c.c_customer_sk"
  ], 
  "Plan Width": 8, 
  "Join Filter": "(c.c_customer_sk = web_sales.ws_bill_customer_sk)", 
  "Total Cost": 70.21
 }, 
 {
  "Startup Cost": 0.15, 
  "filename": "plans/query69.json", 
  "plan_id": 1576, 
  "Scan Direction": "Forward", 
  "Index Cond": "(customer_demographics.cd_demo_sk = c.c_current_cdemo_sk)", 
  "Node Type": "Index Scan", 
  "Relation Name": "customer_demographics", 
  "Alias": "customer_demographics", 
  "Plan Rows": 1, 
  "Schema": "pg_temp_2", 
  "Parallel Aware": false, 
  "Parent Relationship": "Inner", 
  "Output": [
   "customer_demographics.cd_demo_sk", 
   "customer_demographics.cd_gender", 
   "customer_demographics.cd_marital_status", 
   "customer_demographics.cd_education_status", 
   "customer_demographics.cd_purchase_estimate", 
   "customer_demographics.cd_credit_rating", 
   "customer_demographics.cd_dep_count", 
   "customer_demographics.cd_dep_employed_count", 
   "customer_demographics.cd_dep_college_count"
  ], 
  "Index Name": "customer_demographics_pkey", 
  "Plan Width": 152, 
  "Total Cost": 0.6
 }, 
 {
  "Relation Name": "date_dim", 
  "Startup Cost": 0.0, 
  "plan_id": 1581, 
  "Node Type": "Seq Scan", 
  "Plan Rows": 1, 
  "Filter": "((date_dim_2.d_moy >= 1) AND (date_dim_2.d_moy <= 3) AND (date_dim_2.d_year = 1999))", 
  "Alias": "date_dim_2", 
  "filename": "plans/query69.json", 
  "Schema": "pg_temp_2", 
  "Parallel Aware": false, 
  "Parent Relationship": "Outer", 
  "Output": [
   "date_dim_2.d_date_sk"
  ], 
  "Plan Width": 4, 
  "Total Cost": 14.73
 }, 
 {
  "Startup Cost": 0.0, 
  "plan_id": 1579, 
  "Node Type": "Seq Scan", 
  "Plan Rows": 260, 
  "Relation Name": "catalog_sales", 
  "Alias": "catalog_sales", 
  "filename": "plans/query69.json", 
  "Schema": "pg_temp_2", 
  "Parallel Aware": false, 
  "Parent Relationship": "Outer", 
  "Output": [
   "catalog_sales.cs_sold_date_sk", 
   "catalog_sales.cs_sold_time_sk", 
   "catalog_sales.cs_ship_date_sk", 
   "catalog_sales.cs_bill_customer_sk", 
   "catalog_sales.cs_bill_cdemo_sk", 
   "catalog_sales.cs_bill_hdemo_sk", 
   "catalog_sales.cs_bill_addr_sk", 
   "catalog_sales.cs_ship_customer_sk", 
   "catalog_sales.cs_ship_cdemo_sk", 
   "catalog_sales.cs_ship_hdemo_sk", 
   "catalog_sales.cs_ship_addr_sk", 
   "catalog_sales.cs_call_center_sk", 
   "catalog_sales.cs_catalog_page_sk", 
   "catalog_sales.cs_ship_mode_sk", 
   "catalog_sales.cs_warehouse_sk", 
   "catalog_sales.cs_item_sk", 
   "catalog_sales.cs_promo_sk", 
   "catalog_sales.cs_order_number", 
   "catalog_sales.cs_quantity", 
   "catalog_sales.cs_wholesale_cost", 
   "catalog_sales.cs_list_price", 
   "catalog_sales.cs_sales_price", 
   "catalog_sales.cs_ext_discount_amt", 
   "catalog_sales.cs_ext_sales_price", 
   "catalog_sales.cs_ext_wholesale_cost", 
   "catalog_sales.cs_ext_list_price", 
   "catalog_sales.cs_ext_tax", 
   "catalog_sales.cs_coupon_amt", 
   "catalog_sales.cs_ext_ship_cost", 
   "catalog_sales.cs_net_paid", 
   "catalog_sales.cs_net_paid_inc_tax", 
   "catalog_sales.cs_net_paid_inc_ship", 
   "catalog_sales.cs_net_paid_inc_ship_tax", 
   "catalog_sales.cs_net_profit"
  ], 
  "Plan Width": 8, 
  "Total Cost": 12.6
 }, 
 {
  "Startup Cost": 14.73, 
  "plan_id": 1580, 
  "Plans": [
   1581
  ], 
  "Plan Rows": 1, 
  "Node Type": "Hash", 
  "filename": "plans/query69.json", 
  "Parallel Aware": false, 
  "Parent Relationship": "Inner", 
  "Output": [
   "date_dim_2.d_date_sk"
  ], 
  "Plan Width": 4, 
  "Total Cost": 14.73
 }, 
 {
  "Startup Cost": 14.74, 
  "Plan Width": 4, 
  "plan_id": 1578, 
  "Plans": [
   1579, 
   1580
  ], 
  "Plan Rows": 1, 
  "Node Type": "Hash Join", 
  "Join Type": "Inner", 
  "filename": "plans/query69.json", 
  "Parallel Aware": false, 
  "Output": [
   "catalog_sales.cs_ship_customer_sk"
  ], 
  "Hash Cond": "(catalog_sales.cs_sold_date_sk = date_dim_2.d_date_sk)", 
  "Parent Relationship": "Outer", 
  "Total Cost": 28.32
 }, 
 {
  "Startup Cost": 45.34, 
  "plan_id": 1559, 
  "Plans": [
   1560, 
   1576
  ], 
  "Plan Rows": 1, 
  "Node Type": "Nested Loop", 
  "Join Type": "Inner", 
  "filename": "plans/query69.json", 
  "Parallel Aware": false, 
  "Parent Relationship": "Outer", 
  "Output": [
   "c.c_customer_sk", 
   "customer_demographics.cd_gender", 
   "customer_demographics.cd_marital_status", 
   "customer_demographics.cd_education_status", 
   "customer_demographics.cd_purchase_estimate", 
   "customer_demographics.cd_credit_rating"
  ], 
  "Plan Width": 152, 
  "Total Cost": 70.83
 }, 
 {
  "Startup Cost": 14.74, 
  "plan_id": 1577, 
  "Plans": [
   1578
  ], 
  "Plan Rows": 1, 
  "Node Type": "Materialize", 
  "filename": "plans/query69.json", 
  "Parallel Aware": false, 
  "Parent Relationship": "Inner", 
  "Output": [
   "catalog_sales.cs_ship_customer_sk"
  ], 
  "Plan Width": 4, 
  "Total Cost": 28.33
 }, 
 {
  "Startup Cost": 60.07, 
  "plan_id": 1558, 
  "Plans": [
   1559, 
   1577
  ], 
  "Plan Rows": 1, 
  "Node Type": "Nested Loop", 
  "Join Type": "Anti", 
  "filename": "plans/query69.json", 
  "Parallel Aware": false, 
  "Parent Relationship": "Outer", 
  "Output": [
   "customer_demographics.cd_gender", 
   "customer_demographics.cd_marital_status", 
   "customer_demographics.cd_education_status", 
   "customer_demographics.cd_purchase_estimate", 
   "customer_demographics.cd_credit_rating"
  ], 
  "Plan Width": 148, 
  "Join Filter": "(c.c_customer_sk = catalog_sales.cs_ship_customer_sk)", 
  "Total Cost": 99.17
 }, 
 {
  "Startup Cost": 99.18, 
  "plan_id": 1557, 
  "Plans": [
   1558
  ], 
  "Sort Key": [
   "customer_demographics.cd_gender", 
   "customer_demographics.cd_marital_status", 
   "customer_demographics.cd_education_status", 
   "customer_demographics.cd_purchase_estimate", 
   "customer_demographics.cd_credit_rating"
  ], 
  "Plan Rows": 1, 
  "Node Type": "Sort", 
  "filename": "plans/query69.json", 
  "Parallel Aware": false, 
  "Parent Relationship": "Outer", 
  "Output": [
   "customer_demographics.cd_gender", 
   "customer_demographics.cd_marital_status", 
   "customer_demographics.cd_education_status", 
   "customer_demographics.cd_purchase_estimate", 
   "customer_demographics.cd_credit_rating"
  ], 
  "Plan Width": 148, 
  "Total Cost": 99.18
 }, 
 {
  "Partial Mode": "Simple", 
  "Startup Cost": 99.18, 
  "Plan Width": 172, 
  "plan_id": 1556, 
  "Plans": [
   1557
  ], 
  "filename": "plans/query69.json", 
  "Node Type": "Aggregate", 
  "Strategy": "Sorted", 
  "Plan Rows": 1, 
  "Parallel Aware": false, 
  "Output": [
   "customer_demographics.cd_gender", 
   "customer_demographics.cd_marital_status", 
   "customer_demographics.cd_education_status", 
   "count(*)", 
   "customer_demographics.cd_purchase_estimate", 
   "count(*)", 
   "customer_demographics.cd_credit_rating", 
   "count(*)"
  ], 
  "Group Key": [
   "customer_demographics.cd_gender", 
   "customer_demographics.cd_marital_status", 
   "customer_demographics.cd_education_status", 
   "customer_demographics.cd_purchase_estimate", 
   "customer_demographics.cd_credit_rating"
  ], 
  "Parent Relationship": "Outer", 
  "Total Cost": 99.21
 }, 
 {
  "Startup Cost": 99.18, 
  "plan_id": 1555, 
  "Plans": [
   1556
  ], 
  "Plan Rows": 1, 
  "Node Type": "Limit", 
  "filename": "plans/query69.json", 
  "Parallel Aware": false, 
  "Output": [
   "customer_demographics.cd_gender", 
   "customer_demographics.cd_marital_status", 
   "customer_demographics.cd_education_status", 
   "(count(*))", 
   "customer_demographics.cd_purchase_estimate", 
   "(count(*))", 
   "customer_demographics.cd_credit_rating", 
   "(count(*))"
  ], 
  "Plan Width": 172, 
  "Total Cost": 99.21
 }, 
 {
  "Relation Name": "promotion", 
  "Startup Cost": 0.0, 
  "plan_id": 1591, 
  "Node Type": "Seq Scan", 
  "Plan Rows": 2, 
  "Filter": "((promotion.p_channel_email = 'N'::bpchar) OR (promotion.p_channel_event = 'N'::bpchar))", 
  "Alias": "promotion", 
  "filename": "plans/query7.json", 
  "Schema": "pg_temp_2", 
  "Parallel Aware": false, 
  "Parent Relationship": "Outer", 
  "Output": [
   "promotion.p_promo_sk"
  ], 
  "Plan Width": 4, 
  "Total Cost": 11.65
 }, 
 {
  "Startup Cost": 0.0, 
  "plan_id": 1589, 
  "Node Type": "Seq Scan", 
  "Plan Rows": 340, 
  "Relation Name": "store_sales", 
  "Alias": "store_sales", 
  "filename": "plans/query7.json", 
  "Schema": "pg_temp_2", 
  "Parallel Aware": false, 
  "Parent Relationship": "Outer", 
  "Output": [
   "store_sales.ss_sold_date_sk", 
   "store_sales.ss_sold_time_sk", 
   "store_sales.ss_item_sk", 
   "store_sales.ss_customer_sk", 
   "store_sales.ss_cdemo_sk", 
   "store_sales.ss_hdemo_sk", 
   "store_sales.ss_addr_sk", 
   "store_sales.ss_store_sk", 
   "store_sales.ss_promo_sk", 
   "store_sales.ss_ticket_number", 
   "store_sales.ss_quantity", 
   "store_sales.ss_wholesale_cost", 
   "store_sales.ss_list_price", 
   "store_sales.ss_sales_price", 
   "store_sales.ss_ext_discount_amt", 
   "store_sales.ss_ext_sales_price", 
   "store_sales.ss_ext_wholesale_cost", 
   "store_sales.ss_ext_list_price", 
   "store_sales.ss_ext_tax", 
   "store_sales.ss_coupon_amt", 
   "store_sales.ss_net_paid", 
   "store_sales.ss_net_paid_inc_tax", 
   "store_sales.ss_net_profit"
  ], 
  "Plan Width": 62, 
  "Total Cost": 13.4
 }, 
 {
  "Startup Cost": 11.65, 
  "plan_id": 1590, 
  "Plans": [
   1591
  ], 
  "Plan Rows": 2, 
  "Node Type": "Hash", 
  "filename": "plans/query7.json", 
  "Parallel Aware": false, 
  "Parent Relationship": "Inner", 
  "Output": [
   "promotion.p_promo_sk"
  ], 
  "Plan Width": 4, 
  "Total Cost": 11.65
 }, 
 {
  "Startup Cost": 11.68, 
  "Plan Width": 58, 
  "plan_id": 1588, 
  "Plans": [
   1589, 
   1590
  ], 
  "Plan Rows": 3, 
  "Node Type": "Hash Join", 
  "Join Type": "Inner", 
  "filename": "plans/query7.json", 
  "Parallel Aware": false, 
  "Output": [
   "store_sales.ss_quantity", 
   "store_sales.ss_list_price", 
   "store_sales.ss_coupon_amt", 
   "store_sales.ss_sales_price", 
   "store_sales.ss_sold_date_sk", 
   "store_sales.ss_item_sk", 
   "store_sales.ss_cdemo_sk"
  ], 
  "Hash Cond": "(store_sales.ss_promo_sk = promotion.p_promo_sk)", 
  "Parent Relationship": "Outer", 
  "Total Cost": 26.38
 }, 
 {
  "Startup Cost": 0.14, 
  "filename": "plans/query7.json", 
  "plan_id": 1592, 
  "Scan Direction": "Forward", 
  "Index Cond": "(item.i_item_sk = store_sales.ss_item_sk)", 
  "Node Type": "Index Scan", 
  "Relation Name": "item", 
  "Alias": "item", 
  "Plan Rows": 1, 
  "Schema": "pg_temp_2", 
  "Parallel Aware": false, 
  "Parent Relationship": "Inner", 
  "Output": [
   "item.i_item_sk", 
   "item.i_item_id", 
   "item.i_rec_start_date", 
   "item.i_rec_end_date", 
   "item.i_item_desc", 
   "item.i_current_price", 
   "item.i_wholesale_cost", 
   "item.i_brand_id", 
   "item.i_brand", 
   "item.i_class_id", 
   "item.i_class", 
   "item.i_category_id", 
   "item.i_category", 
   "item.i_manufact_id", 
   "item.i_manufact", 
   "item.i_size", 
   "item.i_formulation", 
   "item.i_color", 
   "item.i_units", 
   "item.i_container", 
   "item.i_manager_id", 
   "item.i_product_name"
  ], 
  "Index Name": "item_pkey", 
  "Plan Width": 72, 
  "Total Cost": 0.29
 }, 
 {
  "Startup Cost": 11.82, 
  "plan_id": 1587, 
  "Plans": [
   1588, 
   1592
  ], 
  "Plan Rows": 1, 
  "Node Type": "Nested Loop", 
  "Join Type": "Inner", 
  "filename": "plans/query7.json", 
  "Parallel Aware": false, 
  "Parent Relationship": "Outer", 
  "Output": [
   "store_sales.ss_quantity", 
   "store_sales.ss_list_price", 
   "store_sales.ss_coupon_amt", 
   "store_sales.ss_sales_price", 
   "store_sales.ss_sold_date_sk", 
   "store_sales.ss_cdemo_sk", 
   "item.i_item_id"
  ], 
  "Plan Width": 122, 
  "Total Cost": 27.27
 }, 
 {
  "Filter": "((customer_demographics.cd_gender = 'F'::bpchar) AND (customer_demographics.cd_marital_status = 'S'::bpchar) AND (customer_demographics.cd_education_status = 'Secondary'::bpchar))", 
  "Startup Cost": 0.15, 
  "filename": "plans/query7.json", 
  "plan_id": 1593, 
  "Scan Direction": "Forward", 
  "Index Cond": "(customer_demographics.cd_demo_sk = store_sales.ss_cdemo_sk)", 
  "Node Type": "Index Scan", 
  "Relation Name": "customer_demographics", 
  "Alias": "customer_demographics", 
  "Plan Rows": 1, 
  "Schema": "pg_temp_2", 
  "Parallel Aware": false, 
  "Parent Relationship": "Inner", 
  "Output": [
   "customer_demographics.cd_demo_sk", 
   "customer_demographics.cd_gender", 
   "customer_demographics.cd_marital_status", 
   "customer_demographics.cd_education_status", 
   "customer_demographics.cd_purchase_estimate", 
   "customer_demographics.cd_credit_rating", 
   "customer_demographics.cd_dep_count", 
   "customer_demographics.cd_dep_employed_count", 
   "customer_demographics.cd_dep_college_count"
  ], 
  "Index Name": "customer_demographics_pkey", 
  "Plan Width": 4, 
  "Total Cost": 0.3
 }, 
 {
  "Startup Cost": 11.96, 
  "plan_id": 1586, 
  "Plans": [
   1587, 
   1593
  ], 
  "Plan Rows": 1, 
  "Node Type": "Nested Loop", 
  "Join Type": "Inner", 
  "filename": "plans/query7.json", 
  "Parallel Aware": false, 
  "Parent Relationship": "Outer", 
  "Output": [
   "store_sales.ss_quantity", 
   "store_sales.ss_list_price", 
   "store_sales.ss_coupon_amt", 
   "store_sales.ss_sales_price", 
   "store_sales.ss_sold_date_sk", 
   "item.i_item_id"
  ], 
  "Plan Width": 118, 
  "Total Cost": 27.58
 }, 
 {
  "Filter": "(date_dim.d_year = 1998)", 
  "Startup Cost": 0.15, 
  "filename": "plans/query7.json", 
  "plan_id": 1594, 
  "Scan Direction": "Forward", 
  "Index Cond": "(date_dim.d_date_sk = store_sales.ss_sold_date_sk)", 
  "Node Type": "Index Scan", 
  "Relation Name": "date_dim", 
  "Alias": "date_dim", 
  "Plan Rows": 1, 
  "Schema": "pg_temp_2", 
  "Parallel Aware": false, 
  "Parent Relationship": "Inner", 
  "Output": [
   "date_dim.d_date_sk", 
   "date_dim.d_date_id", 
   "date_dim.d_date", 
   "date_dim.d_month_seq", 
   "date_dim.d_week_seq", 
   "date_dim.d_quarter_seq", 
   "date_dim.d_year", 
   "date_dim.d_dow", 
   "date_dim.d_moy", 
   "date_dim.d_dom", 
   "date_dim.d_qoy", 
   "date_dim.d_fy_year", 
   "date_dim.d_fy_quarter_seq", 
   "date_dim.d_fy_week_seq", 
   "date_dim.d_day_name", 
   "date_dim.d_quarter_name", 
   "date_dim.d_holiday", 
   "date_dim.d_weekend", 
   "date_dim.d_following_holiday", 
   "date_dim.d_first_dom", 
   "date_dim.d_last_dom", 
   "date_dim.d_same_day_ly", 
   "date_dim.d_same_day_lq", 
   "date_dim.d_current_day", 
   "date_dim.d_current_week", 
   "date_dim.d_current_month", 
   "date_dim.d_current_quarter", 
   "date_dim.d_current_year"
  ], 
  "Index Name": "date_dim_pkey", 
  "Plan Width": 4, 
  "Total Cost": 0.3
 }, 
 {
  "Startup Cost": 12.11, 
  "plan_id": 1585, 
  "Plans": [
   1586, 
   1594
  ], 
  "Plan Rows": 1, 
  "Node Type": "Nested Loop", 
  "Join Type": "Inner", 
  "filename": "plans/query7.json", 
  "Parallel Aware": false, 
  "Parent Relationship": "Outer", 
  "Output": [
   "item.i_item_id", 
   "store_sales.ss_quantity", 
   "store_sales.ss_list_price", 
   "store_sales.ss_coupon_amt", 
   "store_sales.ss_sales_price"
  ], 
  "Plan Width": 114, 
  "Total Cost": 27.89
 }, 
 {
  "Startup Cost": 27.9, 
  "plan_id": 1584, 
  "Plans": [
   1585
  ], 
  "Sort Key": [
   "item.i_item_id"
  ], 
  "Plan Rows": 1, 
  "Node Type": "Sort", 
  "filename": "plans/query7.json", 
  "Parallel Aware": false, 
  "Parent Relationship": "Outer", 
  "Output": [
   "item.i_item_id", 
   "store_sales.ss_quantity", 
   "store_sales.ss_list_price", 
   "store_sales.ss_coupon_amt", 
   "store_sales.ss_sales_price"
  ], 
  "Plan Width": 114, 
  "Total Cost": 27.9
 }, 
 {
  "Partial Mode": "Simple", 
  "Startup Cost": 27.9, 
  "Plan Width": 196, 
  "plan_id": 1583, 
  "Plans": [
   1584
  ], 
  "filename": "plans/query7.json", 
  "Node Type": "Aggregate", 
  "Strategy": "Sorted", 
  "Plan Rows": 1, 
  "Parallel Aware": false, 
  "Output": [
   "item.i_item_id", 
   "avg(store_sales.ss_quantity)", 
   "avg(store_sales.ss_list_price)", 
   "avg(store_sales.ss_coupon_amt)", 
   "avg(store_sales.ss_sales_price)"
  ], 
  "Group Key": [
   "item.i_item_id"
  ], 
  "Parent Relationship": "Outer", 
  "Total Cost": 27.94
 }, 
 {
  "Startup Cost": 27.9, 
  "plan_id": 1582, 
  "Plans": [
   1583
  ], 
  "Plan Rows": 1, 
  "Node Type": "Limit", 
  "filename": "plans/query7.json", 
  "Parallel Aware": false, 
  "Output": [
   "item.i_item_id", 
   "(avg(store_sales.ss_quantity))", 
   "(avg(store_sales.ss_list_price))", 
   "(avg(store_sales.ss_coupon_amt))", 
   "(avg(store_sales.ss_sales_price))"
  ], 
  "Plan Width": 196, 
  "Total Cost": 27.94
 }, 
 {
  "Relation Name": "date_dim", 
  "Startup Cost": 0.0, 
  "plan_id": 1617, 
  "Node Type": "Seq Scan", 
  "Plan Rows": 1, 
  "Filter": "((date_dim.d_month_seq >= 1176) AND (date_dim.d_month_seq <= 1187))", 
  "Alias": "date_dim", 
  "filename": "plans/query70.json", 
  "Schema": "pg_temp_2", 
  "Parallel Aware": false, 
  "Parent Relationship": "Outer", 
  "Output": [
   "date_dim.d_date_sk"
  ], 
  "Plan Width": 4, 
  "Total Cost": 14.05
 }, 
 {
  "Startup Cost": 0.0, 
  "plan_id": 1615, 
  "Node Type": "Seq Scan", 
  "Plan Rows": 340, 
  "Relation Name": "store_sales", 
  "Alias": "store_sales_1", 
  "filename": "plans/query70.json", 
  "Schema": "pg_temp_2", 
  "Parallel Aware": false, 
  "Parent Relationship": "Outer", 
  "Output": [
   "store_sales_1.ss_sold_date_sk", 
   "store_sales_1.ss_sold_time_sk", 
   "store_sales_1.ss_item_sk", 
   "store_sales_1.ss_customer_sk", 
   "store_sales_1.ss_cdemo_sk", 
   "store_sales_1.ss_hdemo_sk", 
   "store_sales_1.ss_addr_sk", 
   "store_sales_1.ss_store_sk", 
   "store_sales_1.ss_promo_sk", 
   "store_sales_1.ss_ticket_number", 
   "store_sales_1.ss_quantity", 
   "store_sales_1.ss_wholesale_cost", 
   "store_sales_1.ss_list_price", 
   "store_sales_1.ss_sales_price", 
   "store_sales_1.ss_ext_discount_amt", 
   "store_sales_1.ss_ext_sales_price", 
   "store_sales_1.ss_ext_wholesale_cost", 
   "store_sales_1.ss_ext_list_price", 
   "store_sales_1.ss_ext_tax", 
   "store_sales_1.ss_coupon_amt", 
   "store_sales_1.ss_net_paid", 
   "store_sales_1.ss_net_paid_inc_tax", 
   "store_sales_1.ss_net_profit"
  ], 
  "Plan Width": 22, 
  "Total Cost": 13.4
 }, 
 {
  "Startup Cost": 14.05, 
  "plan_id": 1616, 
  "Plans": [
   1617
  ], 
  "Plan Rows": 1, 
  "Node Type": "Hash", 
  "filename": "plans/query70.json", 
  "Parallel Aware": false, 
  "Parent Relationship": "Inner", 
  "Output": [
   "date_dim.d_date_sk"
  ], 
  "Plan Width": 4, 
  "Total Cost": 14.05
 }, 
 {
  "Startup Cost": 14.06, 
  "Plan Width": 18, 
  "plan_id": 1614, 
  "Plans": [
   1615, 
   1616
  ], 
  "Plan Rows": 1, 
  "Node Type": "Hash Join", 
  "Join Type": "Inner", 
  "filename": "plans/query70.json", 
  "Parallel Aware": false, 
  "Output": [
   "store_sales_1.ss_net_profit", 
   "store_sales_1.ss_store_sk"
  ], 
  "Hash Cond": "(store_sales_1.ss_sold_date_sk = date_dim.d_date_sk)", 
  "Parent Relationship": "Outer", 
  "Total Cost": 28.75
 }, 
 {
  "Startup Cost": 0.14, 
  "filename": "plans/query70.json", 
  "plan_id": 1618, 
  "Scan Direction": "Forward", 
  "Index Cond": "(store_1.s_store_sk = store_sales_1.ss_store_sk)", 
  "Node Type": "Index Scan", 
  "Relation Name": "store", 
  "Alias": "store_1", 
  "Plan Rows": 1, 
  "Schema": "pg_temp_2", 
  "Parallel Aware": false, 
  "Parent Relationship": "Inner", 
  "Output": [
   "store_1.s_store_sk", 
   "store_1.s_store_id", 
   "store_1.s_rec_start_date", 
   "store_1.s_rec_end_date", 
   "store_1.s_closed_date_sk", 
   "store_1.s_store_name", 
   "store_1.s_number_employees", 
   "store_1.s_floor_space", 
   "store_1.s_hours", 
   "store_1.s_manager", 
   "store_1.s_market_id", 
   "store_1.s_geography_class", 
   "store_1.s_market_desc", 
   "store_1.s_market_manager", 
   "store_1.s_division_id", 
   "store_1.s_division_name", 
   "store_1.s_company_id", 
   "store_1.s_company_name", 
   "store_1.s_street_number", 
   "store_1.s_street_name", 
   "store_1.s_street_type", 
   "store_1.s_suite_number", 
   "store_1.s_city", 
   "store_1.s_county", 
   "store_1.s_state", 
   "store_1.s_zip", 
   "store_1.s_country", 
   "store_1.s_gmt_offset", 
   "store_1.s_tax_precentage"
  ], 
  "Index Name": "store_pkey", 
  "Plan Width": 16, 
  "Total Cost": 0.29
 }, 
 {
  "Startup Cost": 14.2, 
  "plan_id": 1613, 
  "Plans": [
   1614, 
   1618
  ], 
  "Plan Rows": 1, 
  "Node Type": "Nested Loop", 
  "Join Type": "Inner", 
  "filename": "plans/query70.json", 
  "Parallel Aware": false, 
  "Parent Relationship": "Outer", 
  "Output": [
   "store_1.s_state", 
   "store_sales_1.ss_net_profit"
  ], 
  "Plan Width": 26, 
  "Total Cost": 29.04
 }, 
 {
  "Startup Cost": 29.05, 
  "plan_id": 1612, 
  "Plans": [
   1613
  ], 
  "Sort Key": [
   "store_1.s_state"
  ], 
  "Plan Rows": 1, 
  "Node Type": "Sort", 
  "filename": "plans/query70.json", 
  "Parallel Aware": false, 
  "Parent Relationship": "Outer", 
  "Output": [
   "store_1.s_state", 
   "store_sales_1.ss_net_profit"
  ], 
  "Plan Width": 26, 
  "Total Cost": 29.06
 }, 
 {
  "Partial Mode": "Simple", 
  "Startup Cost": 29.05, 
  "Plan Width": 44, 
  "plan_id": 1611, 
  "Plans": [
   1612
  ], 
  "filename": "plans/query70.json", 
  "Node Type": "Aggregate", 
  "Strategy": "Sorted", 
  "Plan Rows": 1, 
  "Parallel Aware": false, 
  "Output": [
   "store_1.s_state", 
   "sum(store_sales_1.ss_net_profit)"
  ], 
  "Group Key": [
   "store_1.s_state"
  ], 
  "Parent Relationship": "Outer", 
  "Total Cost": 29.08
 }, 
 {
  "Startup Cost": 29.09, 
  "plan_id": 1610, 
  "Plans": [
   1611
  ], 
  "Sort Key": [
   "store_1.s_state", 
   "(sum(store_sales_1.ss_net_profit)) DESC"
  ], 
  "Plan Rows": 1, 
  "Node Type": "Sort", 
  "filename": "plans/query70.json", 
  "Parallel Aware": false, 
  "Parent Relationship": "Outer", 
  "Output": [
   "store_1.s_state", 
   "(sum(store_sales_1.ss_net_profit))"
  ], 
  "Plan Width": 44, 
  "Total Cost": 29.09
 }, 
 {
  "Startup Cost": 29.09, 
  "plan_id": 1609, 
  "Plans": [
   1610
  ], 
  "Plan Rows": 1, 
  "Node Type": "WindowAgg", 
  "filename": "plans/query70.json", 
  "Parallel Aware": false, 
  "Parent Relationship": "Subquery", 
  "Output": [
   "store_1.s_state", 
   "rank() OVER (?)", 
   "(sum(store_sales_1.ss_net_profit))"
  ], 
  "Plan Width": 52, 
  "Total Cost": 29.11
 }, 
 {
  "Startup Cost": 29.09, 
  "plan_id": 1608, 
  "Plans": [
   1609
  ], 
  "Plan Rows": 1, 
  "Node Type": "Subquery Scan", 
  "Filter": "(tmp1.ranking <= 5)", 
  "Alias": "tmp1", 
  "filename": "plans/query70.json", 
  "Parallel Aware": false, 
  "Parent Relationship": "Outer", 
  "Output": [
   "tmp1.s_state"
  ], 
  "Plan Width": 12, 
  "Total Cost": 29.12
 }, 
 {
  "Startup Cost": 0.0, 
  "plan_id": 1606, 
  "Node Type": "Seq Scan", 
  "Plan Rows": 40, 
  "Relation Name": "store", 
  "Alias": "store", 
  "filename": "plans/query70.json", 
  "Schema": "pg_temp_2", 
  "Parallel Aware": false, 
  "Parent Relationship": "Outer", 
  "Output": [
   "store.s_store_sk", 
   "store.s_store_id", 
   "store.s_rec_start_date", 
   "store.s_rec_end_date", 
   "store.s_closed_date_sk", 
   "store.s_store_name", 
   "store.s_number_employees", 
   "store.s_floor_space", 
   "store.s_hours", 
   "store.s_manager", 
   "store.s_market_id", 
   "store.s_geography_class", 
   "store.s_market_desc", 
   "store.s_market_manager", 
   "store.s_division_id", 
   "store.s_division_name", 
   "store.s_company_id", 
   "store.s_company_name", 
   "store.s_street_number", 
   "store.s_street_name", 
   "store.s_street_type", 
   "store.s_suite_number", 
   "store.s_city", 
   "store.s_county", 
   "store.s_state", 
   "store.s_zip", 
   "store.s_country", 
   "store.s_gmt_offset", 
   "store.s_tax_precentage"
  ], 
  "Plan Width": 94, 
  "Total Cost": 10.4
 }, 
 {
  "Startup Cost": 29.12, 
  "plan_id": 1607, 
  "Plans": [
   1608
  ], 
  "Plan Rows": 1, 
  "Node Type": "Hash", 
  "filename": "plans/query70.json", 
  "Parallel Aware": false, 
  "Parent Relationship": "Inner", 
  "Output": [
   "tmp1.s_state"
  ], 
  "Plan Width": 12, 
  "Total Cost": 29.12
 }, 
 {
  "Startup Cost": 29.13, 
  "Plan Width": 94, 
  "plan_id": 1605, 
  "Plans": [
   1606, 
   1607
  ], 
  "Plan Rows": 1, 
  "Node Type": "Hash Join", 
  "Join Type": "Semi", 
  "filename": "plans/query70.json", 
  "Parallel Aware": false, 
  "Output": [
   "store.s_state", 
   "store.s_county", 
   "store.s_store_sk"
  ], 
  "Hash Cond": "(store.s_state = tmp1.s_state)", 
  "Parent Relationship": "Outer", 
  "Total Cost": 39.65
 }, 
 {
  "Startup Cost": 0.0, 
  "plan_id": 1603, 
  "Node Type": "Seq Scan", 
  "Plan Rows": 340, 
  "Relation Name": "store_sales", 
  "Alias": "store_sales", 
  "filename": "plans/query70.json", 
  "Schema": "pg_temp_2", 
  "Parallel Aware": false, 
  "Parent Relationship": "Outer", 
  "Output": [
   "store_sales.ss_sold_date_sk", 
   "store_sales.ss_sold_time_sk", 
   "store_sales.ss_item_sk", 
   "store_sales.ss_customer_sk", 
   "store_sales.ss_cdemo_sk", 
   "store_sales.ss_hdemo_sk", 
   "store_sales.ss_addr_sk", 
   "store_sales.ss_store_sk", 
   "store_sales.ss_promo_sk", 
   "store_sales.ss_ticket_number", 
   "store_sales.ss_quantity", 
   "store_sales.ss_wholesale_cost", 
   "store_sales.ss_list_price", 
   "store_sales.ss_sales_price", 
   "store_sales.ss_ext_discount_amt", 
   "store_sales.ss_ext_sales_price", 
   "store_sales.ss_ext_wholesale_cost", 
   "store_sales.ss_ext_list_price", 
   "store_sales.ss_ext_tax", 
   "store_sales.ss_coupon_amt", 
   "store_sales.ss_net_paid", 
   "store_sales.ss_net_paid_inc_tax", 
   "store_sales.ss_net_profit"
  ], 
  "Plan Width": 22, 
  "Total Cost": 13.4
 }, 
 {
  "Startup Cost": 39.65, 
  "plan_id": 1604, 
  "Plans": [
   1605
  ], 
  "Plan Rows": 1, 
  "Node Type": "Hash", 
  "filename": "plans/query70.json", 
  "Parallel Aware": false, 
  "Parent Relationship": "Inner", 
  "Output": [
   "store.s_state", 
   "store.s_county", 
   "store.s_store_sk"
  ], 
  "Plan Width": 94, 
  "Total Cost": 39.65
 }, 
 {
  "Startup Cost": 39.66, 
  "Plan Width": 108, 
  "plan_id": 1602, 
  "Plans": [
   1603, 
   1604
  ], 
  "Plan Rows": 2, 
  "Node Type": "Hash Join", 
  "Join Type": "Inner", 
  "filename": "plans/query70.json", 
  "Parallel Aware": false, 
  "Output": [
   "store_sales.ss_net_profit", 
   "store_sales.ss_sold_date_sk", 
   "store.s_state", 
   "store.s_county"
  ], 
  "Hash Cond": "(store_sales.ss_store_sk = store.s_store_sk)", 
  "Parent Relationship": "Outer", 
  "Total Cost": 54.36
 }, 
 {
  "Filter": "((d1.d_month_seq >= 1176) AND (d1.d_month_seq <= 1187))", 
  "Startup Cost": 0.15, 
  "filename": "plans/query70.json", 
  "plan_id": 1619, 
  "Scan Direction": "Forward", 
  "Index Cond": "(d1.d_date_sk = store_sales.ss_sold_date_sk)", 
  "Node Type": "Index Scan", 
  "Relation Name": "date_dim", 
  "Alias": "d1", 
  "Plan Rows": 1, 
  "Schema": "pg_temp_2", 
  "Parallel Aware": false, 
  "Parent Relationship": "Inner", 
  "Output": [
   "d1.d_date_sk", 
   "d1.d_date_id", 
   "d1.d_date", 
   "d1.d_month_seq", 
   "d1.d_week_seq", 
   "d1.d_quarter_seq", 
   "d1.d_year", 
   "d1.d_dow", 
   "d1.d_moy", 
   "d1.d_dom", 
   "d1.d_qoy", 
   "d1.d_fy_year", 
   "d1.d_fy_quarter_seq", 
   "d1.d_fy_week_seq", 
   "d1.d_day_name", 
   "d1.d_quarter_name", 
   "d1.d_holiday", 
   "d1.d_weekend", 
   "d1.d_following_holiday", 
   "d1.d_first_dom", 
   "d1.d_last_dom", 
   "d1.d_same_day_ly", 
   "d1.d_same_day_lq", 
   "d1.d_current_day", 
   "d1.d_current_week", 
   "d1.d_current_month", 
   "d1.d_current_quarter", 
   "d1.d_current_year"
  ], 
  "Index Name": "date_dim_pkey", 
  "Plan Width": 4, 
  "Total Cost": 0.3
 }, 
 {
  "Startup Cost": 39.81, 
  "plan_id": 1601, 
  "Plans": [
   1602, 
   1619
  ], 
  "Plan Rows": 1, 
  "Node Type": "Nested Loop", 
  "Join Type": "Inner", 
  "filename": "plans/query70.json", 
  "Parallel Aware": false, 
  "Parent Relationship": "Outer", 
  "Output": [
   "store.s_state", 
   "store.s_county", 
   "store_sales.ss_net_profit"
  ], 
  "Plan Width": 104, 
  "Total Cost": 54.98
 }, 
 {
  "Startup Cost": 54.99, 
  "plan_id": 1600, 
  "Plans": [
   1601
  ], 
  "Sort Key": [
   "store.s_state", 
   "store.s_county"
  ], 
  "Plan Rows": 1, 
  "Node Type": "Sort", 
  "filename": "plans/query70.json", 
  "Parallel Aware": false, 
  "Parent Relationship": "Outer", 
  "Output": [
   "store.s_state", 
   "store.s_county", 
   "store_sales.ss_net_profit"
  ], 
  "Plan Width": 104, 
  "Total Cost": 54.99
 }, 
 {
  "Partial Mode": "Simple", 
  "Startup Cost": 54.99, 
  "filename": "plans/query70.json", 
  "plan_id": 1599, 
  "Plans": [
   1600
  ], 
  "Grouping Sets": [
   {
    "Group Keys": [
     [
      "store.s_state", 
      "store.s_county"
     ], 
     [
      "store.s_state"
     ], 
     []
    ]
   }
  ], 
  "Node Type": "Aggregate", 
  "Strategy": "Sorted", 
  "Plan Rows": 3, 
  "Parallel Aware": false, 
  "Parent Relationship": "Outer", 
  "Output": [
   "sum(store_sales.ss_net_profit)", 
   "store.s_state", 
   "store.s_county", 
   "(GROUPING(store.s_state) + GROUPING(store.s_county))", 
   "CASE WHEN (GROUPING(store.s_county) = 0) THEN store.s_state ELSE NULL::bpchar END", 
   "GROUPING(store.s_state)", 
   "GROUPING(store.s_county)"
  ], 
  "Plan Width": 166, 
  "Total Cost": 55.05
 }, 
 {
  "Startup Cost": 55.08, 
  "plan_id": 1598, 
  "Plans": [
   1599
  ], 
  "Sort Key": [
   "((GROUPING(store.s_state) + GROUPING(store.s_county)))", 
   "(CASE WHEN (GROUPING(store.s_county) = 0) THEN store.s_state ELSE NULL::bpchar END)", 
   "(sum(store_sales.ss_net_profit)) DESC"
  ], 
  "Plan Rows": 3, 
  "Node Type": "Sort", 
  "filename": "plans/query70.json", 
  "Parallel Aware": false, 
  "Parent Relationship": "Outer", 
  "Output": [
   "(sum(store_sales.ss_net_profit))", 
   "store.s_state", 
   "store.s_county", 
   "((GROUPING(store.s_state) + GROUPING(store.s_county)))", 
   "(CASE WHEN (GROUPING(store.s_county) = 0) THEN store.s_state ELSE NULL::bpchar END)", 
   "(GROUPING(store.s_state))", 
   "(GROUPING(store.s_county))"
  ], 
  "Plan Width": 166, 
  "Total Cost": 55.08
 }, 
 {
  "Startup Cost": 55.08, 
  "plan_id": 1597, 
  "Plans": [
   1598
  ], 
  "Plan Rows": 3, 
  "Node Type": "WindowAgg", 
  "filename": "plans/query70.json", 
  "Parallel Aware": false, 
  "Parent Relationship": "Outer", 
  "Output": [
   "(sum(store_sales.ss_net_profit))", 
   "store.s_state", 
   "store.s_county", 
   "((GROUPING(store.s_state) + GROUPING(store.s_county)))", 
   "rank() OVER (?)", 
   "CASE WHEN (((GROUPING(store.s_state) + GROUPING(store.s_county))) = 0) THEN store.s_state ELSE NULL::bpchar END", 
   "(CASE WHEN (GROUPING(store.s_county) = 0) THEN store.s_state ELSE NULL::bpchar END)"
  ], 
  "Plan Width": 198, 
  "Total Cost": 55.17
 }, 
 {
  "Startup Cost": 55.2, 
  "plan_id": 1596, 
  "Plans": [
   1597
  ], 
  "Sort Key": [
   "((GROUPING(store.s_state) + GROUPING(store.s_county))) DESC", 
   "(CASE WHEN (((GROUPING(store.s_state) + GROUPING(store.s_county))) = 0) THEN store.s_state ELSE NULL::bpchar END)", 
   "(rank() OVER (?))"
  ], 
  "Plan Rows": 3, 
  "Node Type": "Sort", 
  "filename": "plans/query70.json", 
  "Parallel Aware": false, 
  "Parent Relationship": "Outer", 
  "Output": [
   "(sum(store_sales.ss_net_profit))", 
   "store.s_state", 
   "store.s_county", 
   "((GROUPING(store.s_state) + GROUPING(store.s_county)))", 
   "(rank() OVER (?))", 
   "(CASE WHEN (((GROUPING(store.s_state) + GROUPING(store.s_county))) = 0) THEN store.s_state ELSE NULL::bpchar END)", 
   "(CASE WHEN (GROUPING(store.s_county) = 0) THEN store.s_state ELSE NULL::bpchar END)"
  ], 
  "Plan Width": 198, 
  "Total Cost": 55.2
 }, 
 {
  "Startup Cost": 55.2, 
  "plan_id": 1595, 
  "Plans": [
   1596
  ], 
  "Plan Rows": 3, 
  "Node Type": "Limit", 
  "filename": "plans/query70.json", 
  "Parallel Aware": false, 
  "Output": [
   "(sum(store_sales.ss_net_profit))", 
   "store.s_state", 
   "store.s_county", 
   "((GROUPING(store.s_state) + GROUPING(store.s_county)))", 
   "(rank() OVER (?))", 
   "(CASE WHEN (((GROUPING(store.s_state) + GROUPING(store.s_county))) = 0) THEN store.s_state ELSE NULL::bpchar END)", 
   "(CASE WHEN (GROUPING(store.s_county) = 0) THEN store.s_state ELSE NULL::bpchar END)"
  ], 
  "Plan Width": 198, 
  "Total Cost": 55.2
 }, 
 {
  "Relation Name": "date_dim", 
  "Startup Cost": 0.0, 
  "plan_id": 1631, 
  "Node Type": "Seq Scan", 
  "Plan Rows": 1, 
  "Filter": "((date_dim.d_moy = 12) AND (date_dim.d_year = 2002))", 
  "Alias": "date_dim", 
  "filename": "plans/query71.json", 
  "Schema": "pg_temp_2", 
  "Parallel Aware": false, 
  "Parent Relationship": "Outer", 
  "Output": [
   "date_dim.d_date_sk"
  ], 
  "Plan Width": 4, 
  "Total Cost": 14.05
 }, 
 {
  "Startup Cost": 0.0, 
  "plan_id": 1629, 
  "Node Type": "Seq Scan", 
  "Plan Rows": 260, 
  "Relation Name": "web_sales", 
  "Alias": "web_sales", 
  "filename": "plans/query71.json", 
  "Schema": "pg_temp_2", 
  "Parallel Aware": false, 
  "Parent Relationship": "Outer", 
  "Output": [
   "web_sales.ws_sold_date_sk", 
   "web_sales.ws_sold_time_sk", 
   "web_sales.ws_ship_date_sk", 
   "web_sales.ws_item_sk", 
   "web_sales.ws_bill_customer_sk", 
   "web_sales.ws_bill_cdemo_sk", 
   "web_sales.ws_bill_hdemo_sk", 
   "web_sales.ws_bill_addr_sk", 
   "web_sales.ws_ship_customer_sk", 
   "web_sales.ws_ship_cdemo_sk", 
   "web_sales.ws_ship_hdemo_sk", 
   "web_sales.ws_ship_addr_sk", 
   "web_sales.ws_web_page_sk", 
   "web_sales.ws_web_site_sk", 
   "web_sales.ws_ship_mode_sk", 
   "web_sales.ws_warehouse_sk", 
   "web_sales.ws_promo_sk", 
   "web_sales.ws_order_number", 
   "web_sales.ws_quantity", 
   "web_sales.ws_wholesale_cost", 
   "web_sales.ws_list_price", 
   "web_sales.ws_sales_price", 
   "web_sales.ws_ext_discount_amt", 
   "web_sales.ws_ext_sales_price", 
   "web_sales.ws_ext_wholesale_cost", 
   "web_sales.ws_ext_list_price", 
   "web_sales.ws_ext_tax", 
   "web_sales.ws_coupon_amt", 
   "web_sales.ws_ext_ship_cost", 
   "web_sales.ws_net_paid", 
   "web_sales.ws_net_paid_inc_tax", 
   "web_sales.ws_net_paid_inc_ship", 
   "web_sales.ws_net_paid_inc_ship_tax", 
   "web_sales.ws_net_profit"
  ], 
  "Plan Width": 26, 
  "Total Cost": 12.6
 }, 
 {
  "Startup Cost": 14.05, 
  "plan_id": 1630, 
  "Plans": [
   1631
  ], 
  "Plan Rows": 1, 
  "Node Type": "Hash", 
  "filename": "plans/query71.json", 
  "Parallel Aware": false, 
  "Parent Relationship": "Inner", 
  "Output": [
   "date_dim.d_date_sk"
  ], 
  "Plan Width": 4, 
  "Total Cost": 14.05
 }, 
 {
  "Startup Cost": 14.06, 
  "Plan Width": 26, 
  "plan_id": 1628, 
  "Plans": [
   1629, 
   1630
  ], 
  "Plan Rows": 1, 
  "Node Type": "Hash Join", 
  "Join Type": "Inner", 
  "filename": "plans/query71.json", 
  "Parallel Aware": false, 
  "Output": [
   "web_sales.ws_ext_sales_price", 
   "NULL::integer", 
   "web_sales.ws_item_sk", 
   "web_sales.ws_sold_time_sk"
  ], 
  "Hash Cond": "(web_sales.ws_sold_date_sk = date_dim.d_date_sk)", 
  "Parent Relationship": "Subquery", 
  "Total Cost": 27.65
 }, 
 {
  "Relation Name": "date_dim", 
  "Startup Cost": 0.0, 
  "plan_id": 1636, 
  "Node Type": "Seq Scan", 
  "Plan Rows": 1, 
  "Filter": "((date_dim_1.d_moy = 12) AND (date_dim_1.d_year = 2002))", 
  "Alias": "date_dim_1", 
  "filename": "plans/query71.json", 
  "Schema": "pg_temp_2", 
  "Parallel Aware": false, 
  "Parent Relationship": "Outer", 
  "Output": [
   "date_dim_1.d_date_sk"
  ], 
  "Plan Width": 4, 
  "Total Cost": 14.05
 }, 
 {
  "Startup Cost": 0.0, 
  "plan_id": 1634, 
  "Node Type": "Seq Scan", 
  "Plan Rows": 260, 
  "Relation Name": "catalog_sales", 
  "Alias": "catalog_sales", 
  "filename": "plans/query71.json", 
  "Schema": "pg_temp_2", 
  "Parallel Aware": false, 
  "Parent Relationship": "Outer", 
  "Output": [
   "catalog_sales.cs_sold_date_sk", 
   "catalog_sales.cs_sold_time_sk", 
   "catalog_sales.cs_ship_date_sk", 
   "catalog_sales.cs_bill_customer_sk", 
   "catalog_sales.cs_bill_cdemo_sk", 
   "catalog_sales.cs_bill_hdemo_sk", 
   "catalog_sales.cs_bill_addr_sk", 
   "catalog_sales.cs_ship_customer_sk", 
   "catalog_sales.cs_ship_cdemo_sk", 
   "catalog_sales.cs_ship_hdemo_sk", 
   "catalog_sales.cs_ship_addr_sk", 
   "catalog_sales.cs_call_center_sk", 
   "catalog_sales.cs_catalog_page_sk", 
   "catalog_sales.cs_ship_mode_sk", 
   "catalog_sales.cs_warehouse_sk", 
   "catalog_sales.cs_item_sk", 
   "catalog_sales.cs_promo_sk", 
   "catalog_sales.cs_order_number", 
   "catalog_sales.cs_quantity", 
   "catalog_sales.cs_wholesale_cost", 
   "catalog_sales.cs_list_price", 
   "catalog_sales.cs_sales_price", 
   "catalog_sales.cs_ext_discount_amt", 
   "catalog_sales.cs_ext_sales_price", 
   "catalog_sales.cs_ext_wholesale_cost", 
   "catalog_sales.cs_ext_list_price", 
   "catalog_sales.cs_ext_tax", 
   "catalog_sales.cs_coupon_amt", 
   "catalog_sales.cs_ext_ship_cost", 
   "catalog_sales.cs_net_paid", 
   "catalog_sales.cs_net_paid_inc_tax", 
   "catalog_sales.cs_net_paid_inc_ship", 
   "catalog_sales.cs_net_paid_inc_ship_tax", 
   "catalog_sales.cs_net_profit"
  ], 
  "Plan Width": 26, 
  "Total Cost": 12.6
 }, 
 {
  "Startup Cost": 14.05, 
  "plan_id": 1635, 
  "Plans": [
   1636
  ], 
  "Plan Rows": 1, 
  "Node Type": "Hash", 
  "filename": "plans/query71.json", 
  "Parallel Aware": false, 
  "Parent Relationship": "Inner", 
  "Output": [
   "date_dim_1.d_date_sk"
  ], 
  "Plan Width": 4, 
  "Total Cost": 14.05
 }, 
 {
  "Startup Cost": 14.06, 
  "Plan Width": 26, 
  "plan_id": 1633, 
  "Plans": [
   1634, 
   1635
  ], 
  "Plan Rows": 1, 
  "Node Type": "Hash Join", 
  "Join Type": "Inner", 
  "filename": "plans/query71.json", 
  "Parallel Aware": false, 
  "Output": [
   "catalog_sales.cs_ext_sales_price", 
   "NULL::integer", 
   "catalog_sales.cs_item_sk", 
   "catalog_sales.cs_sold_time_sk"
  ], 
  "Hash Cond": "(catalog_sales.cs_sold_date_sk = date_dim_1.d_date_sk)", 
  "Parent Relationship": "Subquery", 
  "Total Cost": 27.65
 }, 
 {
  "Relation Name": "date_dim", 
  "Startup Cost": 0.0, 
  "plan_id": 1641, 
  "Node Type": "Seq Scan", 
  "Plan Rows": 1, 
  "Filter": "((date_dim_2.d_moy = 12) AND (date_dim_2.d_year = 2002))", 
  "Alias": "date_dim_2", 
  "filename": "plans/query71.json", 
  "Schema": "pg_temp_2", 
  "Parallel Aware": false, 
  "Parent Relationship": "Outer", 
  "Output": [
   "date_dim_2.d_date_sk"
  ], 
  "Plan Width": 4, 
  "Total Cost": 14.05
 }, 
 {
  "Startup Cost": 0.0, 
  "plan_id": 1639, 
  "Node Type": "Seq Scan", 
  "Plan Rows": 340, 
  "Relation Name": "store_sales", 
  "Alias": "store_sales", 
  "filename": "plans/query71.json", 
  "Schema": "pg_temp_2", 
  "Parallel Aware": false, 
  "Parent Relationship": "Outer", 
  "Output": [
   "store_sales.ss_sold_date_sk", 
   "store_sales.ss_sold_time_sk", 
   "store_sales.ss_item_sk", 
   "store_sales.ss_customer_sk", 
   "store_sales.ss_cdemo_sk", 
   "store_sales.ss_hdemo_sk", 
   "store_sales.ss_addr_sk", 
   "store_sales.ss_store_sk", 
   "store_sales.ss_promo_sk", 
   "store_sales.ss_ticket_number", 
   "store_sales.ss_quantity", 
   "store_sales.ss_wholesale_cost", 
   "store_sales.ss_list_price", 
   "store_sales.ss_sales_price", 
   "store_sales.ss_ext_discount_amt", 
   "store_sales.ss_ext_sales_price", 
   "store_sales.ss_ext_wholesale_cost", 
   "store_sales.ss_ext_list_price", 
   "store_sales.ss_ext_tax", 
   "store_sales.ss_coupon_amt", 
   "store_sales.ss_net_paid", 
   "store_sales.ss_net_paid_inc_tax", 
   "store_sales.ss_net_profit"
  ], 
  "Plan Width": 26, 
  "Total Cost": 13.4
 }, 
 {
  "Startup Cost": 14.05, 
  "plan_id": 1640, 
  "Plans": [
   1641
  ], 
  "Plan Rows": 1, 
  "Node Type": "Hash", 
  "filename": "plans/query71.json", 
  "Parallel Aware": false, 
  "Parent Relationship": "Inner", 
  "Output": [
   "date_dim_2.d_date_sk"
  ], 
  "Plan Width": 4, 
  "Total Cost": 14.05
 }, 
 {
  "Startup Cost": 14.06, 
  "Plan Width": 26, 
  "plan_id": 1638, 
  "Plans": [
   1639, 
   1640
  ], 
  "Plan Rows": 1, 
  "Node Type": "Hash Join", 
  "Join Type": "Inner", 
  "filename": "plans/query71.json", 
  "Parallel Aware": false, 
  "Output": [
   "store_sales.ss_ext_sales_price", 
   "NULL::integer", 
   "store_sales.ss_item_sk", 
   "store_sales.ss_sold_time_sk"
  ], 
  "Hash Cond": "(store_sales.ss_sold_date_sk = date_dim_2.d_date_sk)", 
  "Parent Relationship": "Subquery", 
  "Total Cost": 28.75
 }, 
 {
  "Startup Cost": 14.06, 
  "plan_id": 1627, 
  "Plans": [
   1628
  ], 
  "Plan Rows": 1, 
  "Node Type": "Subquery Scan", 
  "Alias": "*SELECT* 1", 
  "filename": "plans/query71.json", 
  "Parallel Aware": false, 
  "Parent Relationship": "Member", 
  "Output": [
   "\"*SELECT* 1\".ext_price", 
   "\"*SELECT* 1\".sold_item_sk", 
   "\"*SELECT* 1\".time_sk"
  ], 
  "Plan Width": 22, 
  "Total Cost": 27.66
 }, 
 {
  "Startup Cost": 14.06, 
  "plan_id": 1632, 
  "Plans": [
   1633
  ], 
  "Plan Rows": 1, 
  "Node Type": "Subquery Scan", 
  "Alias": "*SELECT* 2", 
  "filename": "plans/query71.json", 
  "Parallel Aware": false, 
  "Parent Relationship": "Member", 
  "Output": [
   "\"*SELECT* 2\".ext_price", 
   "\"*SELECT* 2\".sold_item_sk", 
   "\"*SELECT* 2\".time_sk"
  ], 
  "Plan Width": 22, 
  "Total Cost": 27.66
 }, 
 {
  "Startup Cost": 14.06, 
  "plan_id": 1637, 
  "Plans": [
   1638
  ], 
  "Plan Rows": 1, 
  "Node Type": "Subquery Scan", 
  "Alias": "*SELECT* 3", 
  "filename": "plans/query71.json", 
  "Parallel Aware": false, 
  "Parent Relationship": "Member", 
  "Output": [
   "\"*SELECT* 3\".ext_price", 
   "\"*SELECT* 3\".sold_item_sk", 
   "\"*SELECT* 3\".time_sk"
  ], 
  "Plan Width": 22, 
  "Total Cost": 28.76
 }, 
 {
  "Relation Name": "item", 
  "Startup Cost": 0.0, 
  "plan_id": 1625, 
  "Node Type": "Seq Scan", 
  "Plan Rows": 1, 
  "Filter": "(item.i_manager_id = 1)", 
  "Alias": "item", 
  "filename": "plans/query71.json", 
  "Schema": "pg_temp_2", 
  "Parallel Aware": false, 
  "Parent Relationship": "Outer", 
  "Output": [
   "item.i_item_sk", 
   "item.i_item_id", 
   "item.i_rec_start_date", 
   "item.i_rec_end_date", 
   "item.i_item_desc", 
   "item.i_current_price", 
   "item.i_wholesale_cost", 
   "item.i_brand_id", 
   "item.i_brand", 
   "item.i_class_id", 
   "item.i_class", 
   "item.i_category_id", 
   "item.i_category", 
   "item.i_manufact_id", 
   "item.i_manufact", 
   "item.i_size", 
   "item.i_formulation", 
   "item.i_color", 
   "item.i_units", 
   "item.i_container", 
   "item.i_manager_id", 
   "item.i_product_name"
  ], 
  "Plan Width": 212, 
  "Total Cost": 10.5
 }, 
 {
  "Startup Cost": 14.06, 
  "plan_id": 1626, 
  "Plans": [
   1627, 
   1632, 
   1637
  ], 
  "Plan Rows": 3, 
  "Node Type": "Append", 
  "filename": "plans/query71.json", 
  "Parallel Aware": false, 
  "Parent Relationship": "Inner", 
  "Plan Width": 22, 
  "Total Cost": 84.07
 }, 
 {
  "Startup Cost": 14.06, 
  "plan_id": 1624, 
  "Plans": [
   1625, 
   1626
  ], 
  "Plan Rows": 1, 
  "Node Type": "Nested Loop", 
  "Join Type": "Inner", 
  "filename": "plans/query71.json", 
  "Parallel Aware": false, 
  "Parent Relationship": "Outer", 
  "Output": [
   "item.i_brand_id", 
   "item.i_brand", 
   "\"*SELECT* 1\".ext_price", 
   "\"*SELECT* 1\".time_sk"
  ], 
  "Plan Width": 226, 
  "Join Filter": "(item.i_item_sk = \"*SELECT* 1\".sold_item_sk)", 
  "Total Cost": 94.61
 }, 
 {
  "Filter": "((time_dim.t_meal_time = 'breakfast'::bpchar) OR (time_dim.t_meal_time = 'dinner'::bpchar))", 
  "Startup Cost": 0.14, 
  "filename": "plans/query71.json", 
  "plan_id": 1642, 
  "Scan Direction": "Forward", 
  "Index Cond": "(time_dim.t_time_sk = \"*SELECT* 1\".time_sk)", 
  "Node Type": "Index Scan", 
  "Relation Name": "time_dim", 
  "Alias": "time_dim", 
  "Plan Rows": 1, 
  "Schema": "pg_temp_2", 
  "Parallel Aware": false, 
  "Parent Relationship": "Inner", 
  "Output": [
   "time_dim.t_time_sk", 
   "time_dim.t_time_id", 
   "time_dim.t_time", 
   "time_dim.t_hour", 
   "time_dim.t_minute", 
   "time_dim.t_second", 
   "time_dim.t_am_pm", 
   "time_dim.t_shift", 
   "time_dim.t_sub_shift", 
   "time_dim.t_meal_time"
  ], 
  "Index Name": "time_dim_pkey", 
  "Plan Width": 12, 
  "Total Cost": 5.5
 }, 
 {
  "Startup Cost": 14.21, 
  "plan_id": 1623, 
  "Plans": [
   1624, 
   1642
  ], 
  "Plan Rows": 1, 
  "Node Type": "Nested Loop", 
  "Join Type": "Inner", 
  "filename": "plans/query71.json", 
  "Parallel Aware": false, 
  "Parent Relationship": "Outer", 
  "Output": [
   "item.i_brand_id", 
   "item.i_brand", 
   "time_dim.t_hour", 
   "time_dim.t_minute", 
   "\"*SELECT* 1\".ext_price"
  ], 
  "Plan Width": 230, 
  "Total Cost": 100.12
 }, 
 {
  "Startup Cost": 100.13, 
  "plan_id": 1622, 
  "Plans": [
   1623
  ], 
  "Sort Key": [
   "item.i_brand", 
   "item.i_brand_id", 
   "time_dim.t_hour", 
   "time_dim.t_minute"
  ], 
  "Plan Rows": 1, 
  "Node Type": "Sort", 
  "filename": "plans/query71.json", 
  "Parallel Aware": false, 
  "Parent Relationship": "Outer", 
  "Output": [
   "item.i_brand_id", 
   "item.i_brand", 
   "time_dim.t_hour", 
   "time_dim.t_minute", 
   "\"*SELECT* 1\".ext_price"
  ], 
  "Plan Width": 230, 
  "Total Cost": 100.14
 }, 
 {
  "Partial Mode": "Simple", 
  "Startup Cost": 100.13, 
  "Plan Width": 248, 
  "plan_id": 1621, 
  "Plans": [
   1622
  ], 
  "filename": "plans/query71.json", 
  "Node Type": "Aggregate", 
  "Strategy": "Sorted", 
  "Plan Rows": 1, 
  "Parallel Aware": false, 
  "Output": [
   "item.i_brand_id", 
   "item.i_brand", 
   "time_dim.t_hour", 
   "time_dim.t_minute", 
   "sum(\"*SELECT* 1\".ext_price)"
  ], 
  "Group Key": [
   "item.i_brand", 
   "item.i_brand_id", 
   "time_dim.t_hour", 
   "time_dim.t_minute"
  ], 
  "Parent Relationship": "Outer", 
  "Total Cost": 100.16
 }, 
 {
  "Startup Cost": 100.17, 
  "plan_id": 1620, 
  "Plans": [
   1621
  ], 
  "Sort Key": [
   "(sum(\"*SELECT* 1\".ext_price)) DESC", 
   "item.i_brand_id"
  ], 
  "Plan Rows": 1, 
  "Node Type": "Sort", 
  "filename": "plans/query71.json", 
  "Parallel Aware": false, 
  "Output": [
   "item.i_brand_id", 
   "item.i_brand", 
   "time_dim.t_hour", 
   "time_dim.t_minute", 
   "(sum(\"*SELECT* 1\".ext_price))"
  ], 
  "Plan Width": 248, 
  "Total Cost": 100.18
 }, 
 {
  "Relation Name": "date_dim", 
  "Startup Cost": 0.0, 
  "plan_id": 1658, 
  "Node Type": "Seq Scan", 
  "Plan Rows": 1, 
  "Filter": "(d1.d_year = 1999)", 
  "Alias": "d1", 
  "filename": "plans/query72.json", 
  "Schema": "pg_temp_2", 
  "Parallel Aware": false, 
  "Parent Relationship": "Outer", 
  "Output": [
   "d1.d_week_seq", 
   "d1.d_date_sk", 
   "d1.d_date"
  ], 
  "Plan Width": 12, 
  "Total Cost": 13.38
 }, 
 {
  "Startup Cost": 0.0, 
  "plan_id": 1656, 
  "Node Type": "Seq Scan", 
  "Plan Rows": 270, 
  "Relation Name": "date_dim", 
  "Alias": "d2", 
  "filename": "plans/query72.json", 
  "Schema": "pg_temp_2", 
  "Parallel Aware": false, 
  "Parent Relationship": "Outer", 
  "Output": [
   "d2.d_date_sk", 
   "d2.d_date_id", 
   "d2.d_date", 
   "d2.d_month_seq", 
   "d2.d_week_seq", 
   "d2.d_quarter_seq", 
   "d2.d_year", 
   "d2.d_dow", 
   "d2.d_moy", 
   "d2.d_dom", 
   "d2.d_qoy", 
   "d2.d_fy_year", 
   "d2.d_fy_quarter_seq", 
   "d2.d_fy_week_seq", 
   "d2.d_day_name", 
   "d2.d_quarter_name", 
   "d2.d_holiday", 
   "d2.d_weekend", 
   "d2.d_following_holiday", 
   "d2.d_first_dom", 
   "d2.d_last_dom", 
   "d2.d_same_day_ly", 
   "d2.d_same_day_lq", 
   "d2.d_current_day", 
   "d2.d_current_week", 
   "d2.d_current_month", 
   "d2.d_current_quarter", 
   "d2.d_current_year"
  ], 
  "Plan Width": 8, 
  "Total Cost": 12.7
 }, 
 {
  "Startup Cost": 13.38, 
  "plan_id": 1657, 
  "Plans": [
   1658
  ], 
  "Plan Rows": 1, 
  "Node Type": "Hash", 
  "filename": "plans/query72.json", 
  "Parallel Aware": false, 
  "Parent Relationship": "Inner", 
  "Output": [
   "d1.d_week_seq", 
   "d1.d_date_sk", 
   "d1.d_date"
  ], 
  "Plan Width": 12, 
  "Total Cost": 13.38
 }, 
 {
  "Startup Cost": 13.39, 
  "Plan Width": 16, 
  "plan_id": 1655, 
  "Plans": [
   1656, 
   1657
  ], 
  "Plan Rows": 1, 
  "Node Type": "Hash Join", 
  "Join Type": "Inner", 
  "filename": "plans/query72.json", 
  "Parallel Aware": false, 
  "Output": [
   "d1.d_week_seq", 
   "d1.d_date_sk", 
   "d1.d_date", 
   "d2.d_date_sk"
  ], 
  "Hash Cond": "(d2.d_week_seq = d1.d_week_seq)", 
  "Parent Relationship": "Outer", 
  "Total Cost": 27.11
 }, 
 {
  "Startup Cost": 0.15, 
  "filename": "plans/query72.json", 
  "plan_id": 1659, 
  "Scan Direction": "Forward", 
  "Index Cond": "(inventory.inv_date_sk = d2.d_date_sk)", 
  "Node Type": "Index Scan", 
  "Relation Name": "inventory", 
  "Alias": "inventory", 
  "Plan Rows": 9, 
  "Schema": "pg_temp_2", 
  "Parallel Aware": false, 
  "Parent Relationship": "Inner", 
  "Output": [
   "inventory.inv_date_sk", 
   "inventory.inv_item_sk", 
   "inventory.inv_warehouse_sk", 
   "inventory.inv_quantity_on_hand"
  ], 
  "Index Name": "inventory_pkey", 
  "Plan Width": 16, 
  "Total Cost": 0.47
 }, 
 {
  "Startup Cost": 13.54, 
  "plan_id": 1654, 
  "Plans": [
   1655, 
   1659
  ], 
  "Plan Rows": 9, 
  "Node Type": "Nested Loop", 
  "Join Type": "Inner", 
  "filename": "plans/query72.json", 
  "Parallel Aware": false, 
  "Parent Relationship": "Outer", 
  "Output": [
   "inventory.inv_item_sk", 
   "inventory.inv_warehouse_sk", 
   "inventory.inv_quantity_on_hand", 
   "d1.d_week_seq", 
   "d1.d_date_sk", 
   "d1.d_date"
  ], 
  "Plan Width": 24, 
  "Total Cost": 27.67
 }, 
 {
  "Filter": "(inventory.inv_quantity_on_hand < catalog_sales.cs_quantity)", 
  "Startup Cost": 0.15, 
  "filename": "plans/query72.json", 
  "plan_id": 1660, 
  "Scan Direction": "Forward", 
  "Index Cond": "(catalog_sales.cs_item_sk = inventory.inv_item_sk)", 
  "Node Type": "Index Scan", 
  "Relation Name": "catalog_sales", 
  "Alias": "catalog_sales", 
  "Plan Rows": 1, 
  "Schema": "pg_temp_2", 
  "Parallel Aware": false, 
  "Parent Relationship": "Inner", 
  "Output": [
   "catalog_sales.cs_sold_date_sk", 
   "catalog_sales.cs_sold_time_sk", 
   "catalog_sales.cs_ship_date_sk", 
   "catalog_sales.cs_bill_customer_sk", 
   "catalog_sales.cs_bill_cdemo_sk", 
   "catalog_sales.cs_bill_hdemo_sk", 
   "catalog_sales.cs_bill_addr_sk", 
   "catalog_sales.cs_ship_customer_sk", 
   "catalog_sales.cs_ship_cdemo_sk", 
   "catalog_sales.cs_ship_hdemo_sk", 
   "catalog_sales.cs_ship_addr_sk", 
   "catalog_sales.cs_call_center_sk", 
   "catalog_sales.cs_catalog_page_sk", 
   "catalog_sales.cs_ship_mode_sk", 
   "catalog_sales.cs_warehouse_sk", 
   "catalog_sales.cs_item_sk", 
   "catalog_sales.cs_promo_sk", 
   "catalog_sales.cs_order_number", 
   "catalog_sales.cs_quantity", 
   "catalog_sales.cs_wholesale_cost", 
   "catalog_sales.cs_list_price", 
   "catalog_sales.cs_sales_price", 
   "catalog_sales.cs_ext_discount_amt", 
   "catalog_sales.cs_ext_sales_price", 
   "catalog_sales.cs_ext_wholesale_cost", 
   "catalog_sales.cs_ext_list_price", 
   "catalog_sales.cs_ext_tax", 
   "catalog_sales.cs_coupon_amt", 
   "catalog_sales.cs_ext_ship_cost", 
   "catalog_sales.cs_net_paid", 
   "catalog_sales.cs_net_paid_inc_tax", 
   "catalog_sales.cs_net_paid_inc_ship", 
   "catalog_sales.cs_net_paid_inc_ship_tax", 
   "catalog_sales.cs_net_profit"
  ], 
  "Index Name": "catalog_sales_pkey", 
  "Plan Width": 32, 
  "Total Cost": 0.19
 }, 
 {
  "Startup Cost": 13.69, 
  "plan_id": 1653, 
  "Plans": [
   1654, 
   1660
  ], 
  "Plan Rows": 1, 
  "Node Type": "Nested Loop", 
  "Join Type": "Inner", 
  "filename": "plans/query72.json", 
  "Parallel Aware": false, 
  "Parent Relationship": "Outer", 
  "Output": [
   "catalog_sales.cs_item_sk", 
   "catalog_sales.cs_bill_cdemo_sk", 
   "catalog_sales.cs_bill_hdemo_sk", 
   "catalog_sales.cs_ship_date_sk", 
   "catalog_sales.cs_promo_sk", 
   "inventory.inv_item_sk", 
   "inventory.inv_warehouse_sk", 
   "d1.d_week_seq", 
   "d1.d_date"
  ], 
  "Plan Width": 36, 
  "Join Filter": "(d1.d_date_sk = catalog_sales.cs_sold_date_sk)", 
  "Total Cost": 29.51
 }, 
 {
  "Startup Cost": 0.14, 
  "filename": "plans/query72.json", 
  "plan_id": 1661, 
  "Scan Direction": "Forward", 
  "Index Cond": "(warehouse.w_warehouse_sk = inventory.inv_warehouse_sk)", 
  "Node Type": "Index Scan", 
  "Relation Name": "warehouse", 
  "Alias": "warehouse", 
  "Plan Rows": 1, 
  "Schema": "pg_temp_2", 
  "Parallel Aware": false, 
  "Parent Relationship": "Inner", 
  "Output": [
   "warehouse.w_warehouse_sk", 
   "warehouse.w_warehouse_id", 
   "warehouse.w_warehouse_name", 
   "warehouse.w_warehouse_sq_ft", 
   "warehouse.w_street_number", 
   "warehouse.w_street_name", 
   "warehouse.w_street_type", 
   "warehouse.w_suite_number", 
   "warehouse.w_city", 
   "warehouse.w_county", 
   "warehouse.w_state", 
   "warehouse.w_zip", 
   "warehouse.w_country", 
   "warehouse.w_gmt_offset"
  ], 
  "Index Name": "warehouse_pkey", 
  "Plan Width": 62, 
  "Total Cost": 0.18
 }, 
 {
  "Startup Cost": 13.83, 
  "plan_id": 1652, 
  "Plans": [
   1653, 
   1661
  ], 
  "Plan Rows": 1, 
  "Node Type": "Nested Loop", 
  "Join Type": "Inner", 
  "filename": "plans/query72.json", 
  "Parallel Aware": false, 
  "Parent Relationship": "Outer", 
  "Output": [
   "catalog_sales.cs_item_sk", 
   "catalog_sales.cs_bill_cdemo_sk", 
   "catalog_sales.cs_bill_hdemo_sk", 
   "catalog_sales.cs_ship_date_sk", 
   "catalog_sales.cs_promo_sk", 
   "inventory.inv_item_sk", 
   "warehouse.w_warehouse_name", 
   "d1.d_week_seq", 
   "d1.d_date"
  ], 
  "Plan Width": 90, 
  "Total Cost": 29.7
 }, 
 {
  "Startup Cost": 0.14, 
  "filename": "plans/query72.json", 
  "plan_id": 1662, 
  "Scan Direction": "Forward", 
  "Index Cond": "(item.i_item_sk = inventory.inv_item_sk)", 
  "Node Type": "Index Scan", 
  "Relation Name": "item", 
  "Alias": "item", 
  "Plan Rows": 1, 
  "Schema": "pg_temp_2", 
  "Parallel Aware": false, 
  "Parent Relationship": "Inner", 
  "Output": [
   "item.i_item_sk", 
   "item.i_item_id", 
   "item.i_rec_start_date", 
   "item.i_rec_end_date", 
   "item.i_item_desc", 
   "item.i_current_price", 
   "item.i_wholesale_cost", 
   "item.i_brand_id", 
   "item.i_brand", 
   "item.i_class_id", 
   "item.i_class", 
   "item.i_category_id", 
   "item.i_category", 
   "item.i_manufact_id", 
   "item.i_manufact", 
   "item.i_size", 
   "item.i_formulation", 
   "item.i_color", 
   "item.i_units", 
   "item.i_container", 
   "item.i_manager_id", 
   "item.i_product_name"
  ], 
  "Index Name": "item_pkey", 
  "Plan Width": 422, 
  "Total Cost": 0.18
 }, 
 {
  "Startup Cost": 13.97, 
  "plan_id": 1651, 
  "Plans": [
   1652, 
   1662
  ], 
  "Plan Rows": 1, 
  "Node Type": "Nested Loop", 
  "Join Type": "Inner", 
  "filename": "plans/query72.json", 
  "Parallel Aware": false, 
  "Parent Relationship": "Outer", 
  "Output": [
   "catalog_sales.cs_bill_cdemo_sk", 
   "catalog_sales.cs_bill_hdemo_sk", 
   "catalog_sales.cs_ship_date_sk", 
   "catalog_sales.cs_promo_sk", 
   "warehouse.w_warehouse_name", 
   "item.i_item_desc", 
   "d1.d_week_seq", 
   "d1.d_date"
  ], 
  "Plan Width": 500, 
  "Join Filter": "(catalog_sales.cs_item_sk = item.i_item_sk)", 
  "Total Cost": 29.89
 }, 
 {
  "Filter": "(customer_demographics.cd_marital_status = 'M'::bpchar)", 
  "Startup Cost": 0.15, 
  "filename": "plans/query72.json", 
  "plan_id": 1663, 
  "Scan Direction": "Forward", 
  "Index Cond": "(customer_demographics.cd_demo_sk = catalog_sales.cs_bill_cdemo_sk)", 
  "Node Type": "Index Scan", 
  "Relation Name": "customer_demographics", 
  "Alias": "customer_demographics", 
  "Plan Rows": 1, 
  "Schema": "pg_temp_2", 
  "Parallel Aware": false, 
  "Parent Relationship": "Inner", 
  "Output": [
   "customer_demographics.cd_demo_sk", 
   "customer_demographics.cd_gender", 
   "customer_demographics.cd_marital_status", 
   "customer_demographics.cd_education_status", 
   "customer_demographics.cd_purchase_estimate", 
   "customer_demographics.cd_credit_rating", 
   "customer_demographics.cd_dep_count", 
   "customer_demographics.cd_dep_employed_count", 
   "customer_demographics.cd_dep_college_count"
  ], 
  "Index Name": "customer_demographics_pkey", 
  "Plan Width": 4, 
  "Total Cost": 0.34
 }, 
 {
  "Startup Cost": 14.12, 
  "plan_id": 1650, 
  "Plans": [
   1651, 
   1663
  ], 
  "Plan Rows": 1, 
  "Node Type": "Nested Loop", 
  "Join Type": "Inner", 
  "filename": "plans/query72.json", 
  "Parallel Aware": false, 
  "Parent Relationship": "Outer", 
  "Output": [
   "catalog_sales.cs_bill_hdemo_sk", 
   "catalog_sales.cs_ship_date_sk", 
   "catalog_sales.cs_promo_sk", 
   "warehouse.w_warehouse_name", 
   "item.i_item_desc", 
   "d1.d_week_seq", 
   "d1.d_date"
  ], 
  "Plan Width": 496, 
  "Total Cost": 30.24
 }, 
 {
  "Filter": "(household_demographics.hd_buy_potential = '1001-5000'::bpchar)", 
  "Startup Cost": 0.15, 
  "filename": "plans/query72.json", 
  "plan_id": 1664, 
  "Scan Direction": "Forward", 
  "Index Cond": "(household_demographics.hd_demo_sk = catalog_sales.cs_bill_hdemo_sk)", 
  "Node Type": "Index Scan", 
  "Relation Name": "household_demographics", 
  "Alias": "household_demographics", 
  "Plan Rows": 1, 
  "Schema": "pg_temp_2", 
  "Parallel Aware": false, 
  "Parent Relationship": "Inner", 
  "Output": [
   "household_demographics.hd_demo_sk", 
   "household_demographics.hd_income_band_sk", 
   "household_demographics.hd_buy_potential", 
   "household_demographics.hd_dep_count", 
   "household_demographics.hd_vehicle_count"
  ], 
  "Index Name": "household_demographics_pkey", 
  "Plan Width": 4, 
  "Total Cost": 0.34
 }, 
 {
  "Startup Cost": 14.27, 
  "plan_id": 1649, 
  "Plans": [
   1650, 
   1664
  ], 
  "Plan Rows": 1, 
  "Node Type": "Nested Loop", 
  "Join Type": "Inner", 
  "filename": "plans/query72.json", 
  "Parallel Aware": false, 
  "Parent Relationship": "Outer", 
  "Output": [
   "catalog_sales.cs_ship_date_sk", 
   "catalog_sales.cs_promo_sk", 
   "warehouse.w_warehouse_name", 
   "item.i_item_desc", 
   "d1.d_week_seq", 
   "d1.d_date"
  ], 
  "Plan Width": 492, 
  "Total Cost": 30.59
 }, 
 {
  "Startup Cost": 0.15, 
  "filename": "plans/query72.json", 
  "plan_id": 1665, 
  "Scan Direction": "Forward", 
  "Index Cond": "(d3.d_date_sk = catalog_sales.cs_ship_date_sk)", 
  "Node Type": "Index Scan", 
  "Relation Name": "date_dim", 
  "Alias": "d3", 
  "Plan Rows": 1, 
  "Schema": "pg_temp_2", 
  "Parallel Aware": false, 
  "Parent Relationship": "Inner", 
  "Output": [
   "d3.d_date_sk", 
   "d3.d_date_id", 
   "d3.d_date", 
   "d3.d_month_seq", 
   "d3.d_week_seq", 
   "d3.d_quarter_seq", 
   "d3.d_year", 
   "d3.d_dow", 
   "d3.d_moy", 
   "d3.d_dom", 
   "d3.d_qoy", 
   "d3.d_fy_year", 
   "d3.d_fy_quarter_seq", 
   "d3.d_fy_week_seq", 
   "d3.d_day_name", 
   "d3.d_quarter_name", 
   "d3.d_holiday", 
   "d3.d_weekend", 
   "d3.d_following_holiday", 
   "d3.d_first_dom", 
   "d3.d_last_dom", 
   "d3.d_same_day_ly", 
   "d3.d_same_day_lq", 
   "d3.d_current_day", 
   "d3.d_current_week", 
   "d3.d_current_month", 
   "d3.d_current_quarter", 
   "d3.d_current_year"
  ], 
  "Index Name": "date_dim_pkey", 
  "Plan Width": 8, 
  "Total Cost": 0.33
 }, 
 {
  "Startup Cost": 14.42, 
  "plan_id": 1648, 
  "Plans": [
   1649, 
   1665
  ], 
  "Plan Rows": 1, 
  "Node Type": "Nested Loop", 
  "Join Type": "Inner", 
  "filename": "plans/query72.json", 
  "Parallel Aware": false, 
  "Parent Relationship": "Outer", 
  "Output": [
   "catalog_sales.cs_promo_sk", 
   "warehouse.w_warehouse_name", 
   "item.i_item_desc", 
   "d1.d_week_seq"
  ], 
  "Plan Width": 484, 
  "Join Filter": "(d3.d_date > (d1.d_date + 5))", 
  "Total Cost": 30.94
 }, 
 {
  "Startup Cost": 0.14, 
  "filename": "plans/query72.json", 
  "plan_id": 1666, 
  "Scan Direction": "Forward", 
  "Index Cond": "(promotion.p_promo_sk = catalog_sales.cs_promo_sk)", 
  "Node Type": "Index Only Scan", 
  "Relation Name": "promotion", 
  "Alias": "promotion", 
  "Plan Rows": 1, 
  "Schema": "pg_temp_2", 
  "Parallel Aware": false, 
  "Parent Relationship": "Inner", 
  "Output": [
   "promotion.p_promo_sk"
  ], 
  "Index Name": "promotion_pkey", 
  "Plan Width": 4, 
  "Total Cost": 0.33
 }, 
 {
  "Startup Cost": 14.56, 
  "plan_id": 1647, 
  "Plans": [
   1648, 
   1666
  ], 
  "Plan Rows": 1, 
  "Node Type": "Nested Loop", 
  "Join Type": "Left", 
  "filename": "plans/query72.json", 
  "Parallel Aware": false, 
  "Parent Relationship": "Outer", 
  "Output": [
   "item.i_item_desc", 
   "warehouse.w_warehouse_name", 
   "d1.d_week_seq", 
   "promotion.p_promo_sk"
  ], 
  "Plan Width": 484, 
  "Total Cost": 31.28
 }, 
 {
  "Startup Cost": 31.29, 
  "plan_id": 1646, 
  "Plans": [
   1647
  ], 
  "Sort Key": [
   "item.i_item_desc", 
   "warehouse.w_warehouse_name", 
   "d1.d_week_seq"
  ], 
  "Plan Rows": 1, 
  "Node Type": "Sort", 
  "filename": "plans/query72.json", 
  "Parallel Aware": false, 
  "Parent Relationship": "Outer", 
  "Output": [
   "item.i_item_desc", 
   "warehouse.w_warehouse_name", 
   "d1.d_week_seq", 
   "promotion.p_promo_sk"
  ], 
  "Plan Width": 484, 
  "Total Cost": 31.29
 }, 
 {
  "Partial Mode": "Simple", 
  "Startup Cost": 31.29, 
  "Plan Width": 504, 
  "plan_id": 1645, 
  "Plans": [
   1646
  ], 
  "filename": "plans/query72.json", 
  "Node Type": "Aggregate", 
  "Strategy": "Sorted", 
  "Plan Rows": 1, 
  "Parallel Aware": false, 
  "Output": [
   "item.i_item_desc", 
   "warehouse.w_warehouse_name", 
   "d1.d_week_seq", 
   "sum(CASE WHEN (promotion.p_promo_sk IS NULL) THEN 1 ELSE 0 END)", 
   "sum(CASE WHEN (promotion.p_promo_sk IS NOT NULL) THEN 1 ELSE 0 END)", 
   "count(*)"
  ], 
  "Group Key": [
   "item.i_item_desc", 
   "warehouse.w_warehouse_name", 
   "d1.d_week_seq"
  ], 
  "Parent Relationship": "Outer", 
  "Total Cost": 31.32
 }, 
 {
  "Startup Cost": 31.33, 
  "plan_id": 1644, 
  "Plans": [
   1645
  ], 
  "Sort Key": [
   "(count(*)) DESC", 
   "item.i_item_desc", 
   "warehouse.w_warehouse_name", 
   "d1.d_week_seq"
  ], 
  "Plan Rows": 1, 
  "Node Type": "Sort", 
  "filename": "plans/query72.json", 
  "Parallel Aware": false, 
  "Parent Relationship": "Outer", 
  "Output": [
   "item.i_item_desc", 
   "warehouse.w_warehouse_name", 
   "d1.d_week_seq", 
   "(sum(CASE WHEN (promotion.p_promo_sk IS NULL) THEN 1 ELSE 0 END))", 
   "(sum(CASE WHEN (promotion.p_promo_sk IS NOT NULL) THEN 1 ELSE 0 END))", 
   "(count(*))"
  ], 
  "Plan Width": 504, 
  "Total Cost": 31.33
 }, 
 {
  "Startup Cost": 31.33, 
  "plan_id": 1643, 
  "Plans": [
   1644
  ], 
  "Plan Rows": 1, 
  "Node Type": "Limit", 
  "filename": "plans/query72.json", 
  "Parallel Aware": false, 
  "Output": [
   "item.i_item_desc", 
   "warehouse.w_warehouse_name", 
   "d1.d_week_seq", 
   "(sum(CASE WHEN (promotion.p_promo_sk IS NULL) THEN 1 ELSE 0 END))", 
   "(sum(CASE WHEN (promotion.p_promo_sk IS NOT NULL) THEN 1 ELSE 0 END))", 
   "(count(*))"
  ], 
  "Plan Width": 504, 
  "Total Cost": 31.33
 }, 
 {
  "Relation Name": "store", 
  "Startup Cost": 0.0, 
  "plan_id": 1676, 
  "Node Type": "Seq Scan", 
  "Plan Rows": 4, 
  "Filter": "((store.s_county)::text = ANY ('{\"Williamson County\",\"Williamson County\",\"Williamson County\",\"Williamson County\"}'::text[]))", 
  "Alias": "store", 
  "filename": "plans/query73.json", 
  "Schema": "pg_temp_2", 
  "Parallel Aware": false, 
  "Parent Relationship": "Outer", 
  "Output": [
   "store.s_store_sk"
  ], 
  "Plan Width": 4, 
  "Total Cost": 10.6
 }, 
 {
  "Startup Cost": 0.0, 
  "plan_id": 1674, 
  "Node Type": "Seq Scan", 
  "Plan Rows": 340, 
  "Relation Name": "store_sales", 
  "Alias": "store_sales", 
  "filename": "plans/query73.json", 
  "Schema": "pg_temp_2", 
  "Parallel Aware": false, 
  "Parent Relationship": "Outer", 
  "Output": [
   "store_sales.ss_sold_date_sk", 
   "store_sales.ss_sold_time_sk", 
   "store_sales.ss_item_sk", 
   "store_sales.ss_customer_sk", 
   "store_sales.ss_cdemo_sk", 
   "store_sales.ss_hdemo_sk", 
   "store_sales.ss_addr_sk", 
   "store_sales.ss_store_sk", 
   "store_sales.ss_promo_sk", 
   "store_sales.ss_ticket_number", 
   "store_sales.ss_quantity", 
   "store_sales.ss_wholesale_cost", 
   "store_sales.ss_list_price", 
   "store_sales.ss_sales_price", 
   "store_sales.ss_ext_discount_amt", 
   "store_sales.ss_ext_sales_price", 
   "store_sales.ss_ext_wholesale_cost", 
   "store_sales.ss_ext_list_price", 
   "store_sales.ss_ext_tax", 
   "store_sales.ss_coupon_amt", 
   "store_sales.ss_net_paid", 
   "store_sales.ss_net_paid_inc_tax", 
   "store_sales.ss_net_profit"
  ], 
  "Plan Width": 20, 
  "Total Cost": 13.4
 }, 
 {
  "Startup Cost": 10.6, 
  "plan_id": 1675, 
  "Plans": [
   1676
  ], 
  "Plan Rows": 4, 
  "Node Type": "Hash", 
  "filename": "plans/query73.json", 
  "Parallel Aware": false, 
  "Parent Relationship": "Inner", 
  "Output": [
   "store.s_store_sk"
  ], 
  "Plan Width": 4, 
  "Total Cost": 10.6
 }, 
 {
  "Startup Cost": 10.65, 
  "Plan Width": 16, 
  "plan_id": 1673, 
  "Plans": [
   1674, 
   1675
  ], 
  "Plan Rows": 7, 
  "Node Type": "Hash Join", 
  "Join Type": "Inner", 
  "filename": "plans/query73.json", 
  "Parallel Aware": false, 
  "Output": [
   "store_sales.ss_ticket_number", 
   "store_sales.ss_customer_sk", 
   "store_sales.ss_sold_date_sk", 
   "store_sales.ss_hdemo_sk"
  ], 
  "Hash Cond": "(store_sales.ss_store_sk = store.s_store_sk)", 
  "Parent Relationship": "Outer", 
  "Total Cost": 25.4
 }, 
 {
  "Filter": "((date_dim.d_dom >= 1) AND (date_dim.d_dom <= 2) AND (date_dim.d_year = ANY ('{1998,1999,2000}'::integer[])))", 
  "Startup Cost": 0.15, 
  "filename": "plans/query73.json", 
  "plan_id": 1677, 
  "Scan Direction": "Forward", 
  "Index Cond": "(date_dim.d_date_sk = store_sales.ss_sold_date_sk)", 
  "Node Type": "Index Scan", 
  "Relation Name": "date_dim", 
  "Alias": "date_dim", 
  "Plan Rows": 1, 
  "Schema": "pg_temp_2", 
  "Parallel Aware": false, 
  "Parent Relationship": "Inner", 
  "Output": [
   "date_dim.d_date_sk", 
   "date_dim.d_date_id", 
   "date_dim.d_date", 
   "date_dim.d_month_seq", 
   "date_dim.d_week_seq", 
   "date_dim.d_quarter_seq", 
   "date_dim.d_year", 
   "date_dim.d_dow", 
   "date_dim.d_moy", 
   "date_dim.d_dom", 
   "date_dim.d_qoy", 
   "date_dim.d_fy_year", 
   "date_dim.d_fy_quarter_seq", 
   "date_dim.d_fy_week_seq", 
   "date_dim.d_day_name", 
   "date_dim.d_quarter_name", 
   "date_dim.d_holiday", 
   "date_dim.d_weekend", 
   "date_dim.d_following_holiday", 
   "date_dim.d_first_dom", 
   "date_dim.d_last_dom", 
   "date_dim.d_same_day_ly", 
   "date_dim.d_same_day_lq", 
   "date_dim.d_current_day", 
   "date_dim.d_current_week", 
   "date_dim.d_current_month", 
   "date_dim.d_current_quarter", 
   "date_dim.d_current_year"
  ], 
  "Index Name": "date_dim_pkey", 
  "Plan Width": 4, 
  "Total Cost": 0.3
 }, 
 {
  "Startup Cost": 10.8, 
  "plan_id": 1672, 
  "Plans": [
   1673, 
   1677
  ], 
  "Plan Rows": 1, 
  "Node Type": "Nested Loop", 
  "Join Type": "Inner", 
  "filename": "plans/query73.json", 
  "Parallel Aware": false, 
  "Parent Relationship": "Outer", 
  "Output": [
   "store_sales.ss_ticket_number", 
   "store_sales.ss_customer_sk", 
   "store_sales.ss_hdemo_sk"
  ], 
  "Plan Width": 12, 
  "Total Cost": 27.59
 }, 
 {
  "Filter": "((household_demographics.hd_vehicle_count > 0) AND ((household_demographics.hd_buy_potential = '501-1000'::bpchar) OR (household_demographics.hd_buy_potential = '0-500'::bpchar)) AND (CASE WHEN (household_demographics.hd_vehicle_count > 0) THEN (household_demographics.hd_dep_count / household_demographics.hd_vehicle_count) ELSE NULL::integer END > 1))", 
  "Startup Cost": 0.15, 
  "filename": "plans/query73.json", 
  "plan_id": 1678, 
  "Scan Direction": "Forward", 
  "Index Cond": "(household_demographics.hd_demo_sk = store_sales.ss_hdemo_sk)", 
  "Node Type": "Index Scan", 
  "Relation Name": "household_demographics", 
  "Alias": "household_demographics", 
  "Plan Rows": 1, 
  "Schema": "pg_temp_2", 
  "Parallel Aware": false, 
  "Parent Relationship": "Inner", 
  "Output": [
   "household_demographics.hd_demo_sk", 
   "household_demographics.hd_income_band_sk", 
   "household_demographics.hd_buy_potential", 
   "household_demographics.hd_dep_count", 
   "household_demographics.hd_vehicle_count"
  ], 
  "Index Name": "household_demographics_pkey", 
  "Plan Width": 4, 
  "Total Cost": 0.31
 }, 
 {
  "Startup Cost": 10.95, 
  "plan_id": 1671, 
  "Plans": [
   1672, 
   1678
  ], 
  "Plan Rows": 1, 
  "Node Type": "Nested Loop", 
  "Join Type": "Inner", 
  "filename": "plans/query73.json", 
  "Parallel Aware": false, 
  "Parent Relationship": "Outer", 
  "Output": [
   "store_sales.ss_ticket_number", 
   "store_sales.ss_customer_sk"
  ], 
  "Plan Width": 8, 
  "Total Cost": 27.91
 }, 
 {
  "Startup Cost": 27.92, 
  "plan_id": 1670, 
  "Plans": [
   1671
  ], 
  "Sort Key": [
   "store_sales.ss_ticket_number", 
   "store_sales.ss_customer_sk"
  ], 
  "Plan Rows": 1, 
  "Node Type": "Sort", 
  "filename": "plans/query73.json", 
  "Parallel Aware": false, 
  "Parent Relationship": "Outer", 
  "Output": [
   "store_sales.ss_ticket_number", 
   "store_sales.ss_customer_sk"
  ], 
  "Plan Width": 8, 
  "Total Cost": 27.92
 }, 
 {
  "Partial Mode": "Simple", 
  "Startup Cost": 27.92, 
  "Plan Width": 16, 
  "plan_id": 1669, 
  "Plans": [
   1670
  ], 
  "filename": "plans/query73.json", 
  "Node Type": "Aggregate", 
  "Strategy": "Sorted", 
  "Filter": "((count(*) >= 1) AND (count(*) <= 5))", 
  "Plan Rows": 1, 
  "Parallel Aware": false, 
  "Output": [
   "store_sales.ss_ticket_number", 
   "store_sales.ss_customer_sk", 
   "count(*)"
  ], 
  "Group Key": [
   "store_sales.ss_ticket_number", 
   "store_sales.ss_customer_sk"
  ], 
  "Parent Relationship": "Outer", 
  "Total Cost": 27.95
 }, 
 {
  "Startup Cost": 0.14, 
  "filename": "plans/query73.json", 
  "plan_id": 1679, 
  "Scan Direction": "Forward", 
  "Index Cond": "(customer.c_customer_sk = store_sales.ss_customer_sk)", 
  "Node Type": "Index Scan", 
  "Relation Name": "customer", 
  "Alias": "customer", 
  "Plan Rows": 1, 
  "Schema": "pg_temp_2", 
  "Parallel Aware": false, 
  "Parent Relationship": "Inner", 
  "Output": [
   "customer.c_customer_sk", 
   "customer.c_customer_id", 
   "customer.c_current_cdemo_sk", 
   "customer.c_current_hdemo_sk", 
   "customer.c_current_addr_sk", 
   "customer.c_first_shipto_date_sk", 
   "customer.c_first_sales_date_sk", 
   "customer.c_salutation", 
   "customer.c_first_name", 
   "customer.c_last_name", 
   "customer.c_preferred_cust_flag", 
   "customer.c_birth_day", 
   "customer.c_birth_month", 
   "customer.c_birth_year", 
   "customer.c_birth_country", 
   "customer.c_login", 
   "customer.c_email_address", 
   "customer.c_last_review_date"
  ], 
  "Index Name": "customer_pkey", 
  "Plan Width": 264, 
  "Total Cost": 8.16
 }, 
 {
  "Startup Cost": 28.06, 
  "plan_id": 1668, 
  "Plans": [
   1669, 
   1679
  ], 
  "Plan Rows": 1, 
  "Node Type": "Nested Loop", 
  "Join Type": "Inner", 
  "filename": "plans/query73.json", 
  "Parallel Aware": false, 
  "Parent Relationship": "Outer", 
  "Output": [
   "customer.c_last_name", 
   "customer.c_first_name", 
   "customer.c_salutation", 
   "customer.c_preferred_cust_flag", 
   "store_sales.ss_ticket_number", 
   "(count(*))"
  ], 
  "Plan Width": 272, 
  "Total Cost": 36.13
 }, 
 {
  "Startup Cost": 36.14, 
  "plan_id": 1667, 
  "Plans": [
   1668
  ], 
  "Sort Key": [
   "(count(*)) DESC", 
   "customer.c_last_name"
  ], 
  "Plan Rows": 1, 
  "Node Type": "Sort", 
  "filename": "plans/query73.json", 
  "Parallel Aware": false, 
  "Output": [
   "customer.c_last_name", 
   "customer.c_first_name", 
   "customer.c_salutation", 
   "customer.c_preferred_cust_flag", 
   "store_sales.ss_ticket_number", 
   "(count(*))"
  ], 
  "Plan Width": 272, 
  "Total Cost": 36.14
 }, 
 {
  "Relation Name": "date_dim", 
  "Startup Cost": 0.0, 
  "plan_id": 1688, 
  "Node Type": "Seq Scan", 
  "Plan Rows": 3, 
  "Filter": "(date_dim.d_year = ANY ('{2001,2002}'::integer[]))", 
  "Alias": "date_dim", 
  "filename": "plans/query74.json", 
  "Schema": "pg_temp_2", 
  "Parallel Aware": false, 
  "Parent Relationship": "Outer", 
  "Output": [
   "date_dim.d_year", 
   "date_dim.d_date_sk"
  ], 
  "Plan Width": 8, 
  "Total Cost": 13.38
 }, 
 {
  "Startup Cost": 0.0, 
  "plan_id": 1686, 
  "Node Type": "Seq Scan", 
  "Plan Rows": 340, 
  "Relation Name": "store_sales", 
  "Alias": "store_sales", 
  "filename": "plans/query74.json", 
  "Schema": "pg_temp_2", 
  "Parallel Aware": false, 
  "Parent Relationship": "Outer", 
  "Output": [
   "store_sales.ss_sold_date_sk", 
   "store_sales.ss_sold_time_sk", 
   "store_sales.ss_item_sk", 
   "store_sales.ss_customer_sk", 
   "store_sales.ss_cdemo_sk", 
   "store_sales.ss_hdemo_sk", 
   "store_sales.ss_addr_sk", 
   "store_sales.ss_store_sk", 
   "store_sales.ss_promo_sk", 
   "store_sales.ss_ticket_number", 
   "store_sales.ss_quantity", 
   "store_sales.ss_wholesale_cost", 
   "store_sales.ss_list_price", 
   "store_sales.ss_sales_price", 
   "store_sales.ss_ext_discount_amt", 
   "store_sales.ss_ext_sales_price", 
   "store_sales.ss_ext_wholesale_cost", 
   "store_sales.ss_ext_list_price", 
   "store_sales.ss_ext_tax", 
   "store_sales.ss_coupon_amt", 
   "store_sales.ss_net_paid", 
   "store_sales.ss_net_paid_inc_tax", 
   "store_sales.ss_net_profit"
  ], 
  "Plan Width": 22, 
  "Total Cost": 13.4
 }, 
 {
  "Startup Cost": 13.38, 
  "plan_id": 1687, 
  "Plans": [
   1688
  ], 
  "Plan Rows": 3, 
  "Node Type": "Hash", 
  "filename": "plans/query74.json", 
  "Parallel Aware": false, 
  "Parent Relationship": "Inner", 
  "Output": [
   "date_dim.d_year", 
   "date_dim.d_date_sk"
  ], 
  "Plan Width": 8, 
  "Total Cost": 13.38
 }, 
 {
  "Startup Cost": 13.41, 
  "Plan Width": 22, 
  "plan_id": 1685, 
  "Plans": [
   1686, 
   1687
  ], 
  "Plan Rows": 4, 
  "Node Type": "Hash Join", 
  "Join Type": "Inner", 
  "filename": "plans/query74.json", 
  "Parallel Aware": false, 
  "Output": [
   "store_sales.ss_net_paid", 
   "store_sales.ss_customer_sk", 
   "date_dim.d_year"
  ], 
  "Hash Cond": "(store_sales.ss_sold_date_sk = date_dim.d_date_sk)", 
  "Parent Relationship": "Outer", 
  "Total Cost": 28.13
 }, 
 {
  "Startup Cost": 0.14, 
  "filename": "plans/query74.json", 
  "plan_id": 1689, 
  "Scan Direction": "Forward", 
  "Index Cond": "(customer.c_customer_sk = store_sales.ss_customer_sk)", 
  "Node Type": "Index Scan", 
  "Relation Name": "customer", 
  "Alias": "customer", 
  "Plan Rows": 1, 
  "Schema": "pg_temp_2", 
  "Parallel Aware": false, 
  "Parent Relationship": "Inner", 
  "Output": [
   "customer.c_customer_sk", 
   "customer.c_customer_id", 
   "customer.c_current_cdemo_sk", 
   "customer.c_current_hdemo_sk", 
   "customer.c_current_addr_sk", 
   "customer.c_first_shipto_date_sk", 
   "customer.c_first_sales_date_sk", 
   "customer.c_salutation", 
   "customer.c_first_name", 
   "customer.c_last_name", 
   "customer.c_preferred_cust_flag", 
   "customer.c_birth_day", 
   "customer.c_birth_month", 
   "customer.c_birth_year", 
   "customer.c_birth_country", 
   "customer.c_login", 
   "customer.c_email_address", 
   "customer.c_last_review_date"
  ], 
  "Index Name": "customer_pkey", 
  "Plan Width": 280, 
  "Total Cost": 0.29
 }, 
 {
  "Startup Cost": 13.55, 
  "plan_id": 1684, 
  "Plans": [
   1685, 
   1689
  ], 
  "Plan Rows": 2, 
  "Node Type": "Nested Loop", 
  "Join Type": "Inner", 
  "filename": "plans/query74.json", 
  "Parallel Aware": false, 
  "Parent Relationship": "Outer", 
  "Output": [
   "customer.c_customer_id", 
   "customer.c_first_name", 
   "customer.c_last_name", 
   "date_dim.d_year", 
   "store_sales.ss_net_paid"
  ], 
  "Plan Width": 294, 
  "Total Cost": 29.33
 }, 
 {
  "Startup Cost": 29.34, 
  "plan_id": 1683, 
  "Plans": [
   1684
  ], 
  "Sort Key": [
   "customer.c_customer_id", 
   "customer.c_first_name", 
   "customer.c_last_name", 
   "date_dim.d_year"
  ], 
  "Plan Rows": 2, 
  "Node Type": "Sort", 
  "filename": "plans/query74.json", 
  "Parallel Aware": false, 
  "Parent Relationship": "Outer", 
  "Output": [
   "customer.c_customer_id", 
   "customer.c_first_name", 
   "customer.c_last_name", 
   "date_dim.d_year", 
   "store_sales.ss_net_paid"
  ], 
  "Plan Width": 294, 
  "Total Cost": 29.34
 }, 
 {
  "Relation Name": "date_dim", 
  "Startup Cost": 0.0, 
  "plan_id": 1696, 
  "Node Type": "Seq Scan", 
  "Plan Rows": 3, 
  "Filter": "(date_dim_1.d_year = ANY ('{2001,2002}'::integer[]))", 
  "Alias": "date_dim_1", 
  "filename": "plans/query74.json", 
  "Schema": "pg_temp_2", 
  "Parallel Aware": false, 
  "Parent Relationship": "Outer", 
  "Output": [
   "date_dim_1.d_year", 
   "date_dim_1.d_date_sk"
  ], 
  "Plan Width": 8, 
  "Total Cost": 13.38
 }, 
 {
  "Startup Cost": 0.0, 
  "plan_id": 1694, 
  "Node Type": "Seq Scan", 
  "Plan Rows": 260, 
  "Relation Name": "web_sales", 
  "Alias": "web_sales", 
  "filename": "plans/query74.json", 
  "Schema": "pg_temp_2", 
  "Parallel Aware": false, 
  "Parent Relationship": "Outer", 
  "Output": [
   "web_sales.ws_sold_date_sk", 
   "web_sales.ws_sold_time_sk", 
   "web_sales.ws_ship_date_sk", 
   "web_sales.ws_item_sk", 
   "web_sales.ws_bill_customer_sk", 
   "web_sales.ws_bill_cdemo_sk", 
   "web_sales.ws_bill_hdemo_sk", 
   "web_sales.ws_bill_addr_sk", 
   "web_sales.ws_ship_customer_sk", 
   "web_sales.ws_ship_cdemo_sk", 
   "web_sales.ws_ship_hdemo_sk", 
   "web_sales.ws_ship_addr_sk", 
   "web_sales.ws_web_page_sk", 
   "web_sales.ws_web_site_sk", 
   "web_sales.ws_ship_mode_sk", 
   "web_sales.ws_warehouse_sk", 
   "web_sales.ws_promo_sk", 
   "web_sales.ws_order_number", 
   "web_sales.ws_quantity", 
   "web_sales.ws_wholesale_cost", 
   "web_sales.ws_list_price", 
   "web_sales.ws_sales_price", 
   "web_sales.ws_ext_discount_amt", 
   "web_sales.ws_ext_sales_price", 
   "web_sales.ws_ext_wholesale_cost", 
   "web_sales.ws_ext_list_price", 
   "web_sales.ws_ext_tax", 
   "web_sales.ws_coupon_amt", 
   "web_sales.ws_ext_ship_cost", 
   "web_sales.ws_net_paid", 
   "web_sales.ws_net_paid_inc_tax", 
   "web_sales.ws_net_paid_inc_ship", 
   "web_sales.ws_net_paid_inc_ship_tax", 
   "web_sales.ws_net_profit"
  ], 
  "Plan Width": 22, 
  "Total Cost": 12.6
 }, 
 {
  "Startup Cost": 13.38, 
  "plan_id": 1695, 
  "Plans": [
   1696
  ], 
  "Plan Rows": 3, 
  "Node Type": "Hash", 
  "filename": "plans/query74.json", 
  "Parallel Aware": false, 
  "Parent Relationship": "Inner", 
  "Output": [
   "date_dim_1.d_year", 
   "date_dim_1.d_date_sk"
  ], 
  "Plan Width": 8, 
  "Total Cost": 13.38
 }, 
 {
  "Startup Cost": 13.41, 
  "Plan Width": 22, 
  "plan_id": 1693, 
  "Plans": [
   1694, 
   1695
  ], 
  "Plan Rows": 3, 
  "Node Type": "Hash Join", 
  "Join Type": "Inner", 
  "filename": "plans/query74.json", 
  "Parallel Aware": false, 
  "Output": [
   "web_sales.ws_net_paid", 
   "web_sales.ws_bill_customer_sk", 
   "date_dim_1.d_year"
  ], 
  "Hash Cond": "(web_sales.ws_sold_date_sk = date_dim_1.d_date_sk)", 
  "Parent Relationship": "Outer", 
  "Total Cost": 27.02
 }, 
 {
  "Startup Cost": 0.14, 
  "filename": "plans/query74.json", 
  "plan_id": 1697, 
  "Scan Direction": "Forward", 
  "Index Cond": "(customer_1.c_customer_sk = web_sales.ws_bill_customer_sk)", 
  "Node Type": "Index Scan", 
  "Relation Name": "customer", 
  "Alias": "customer_1", 
  "Plan Rows": 1, 
  "Schema": "pg_temp_2", 
  "Parallel Aware": false, 
  "Parent Relationship": "Inner", 
  "Output": [
   "customer_1.c_customer_sk", 
   "customer_1.c_customer_id", 
   "customer_1.c_current_cdemo_sk", 
   "customer_1.c_current_hdemo_sk", 
   "customer_1.c_current_addr_sk", 
   "customer_1.c_first_shipto_date_sk", 
   "customer_1.c_first_sales_date_sk", 
   "customer_1.c_salutation", 
   "customer_1.c_first_name", 
   "customer_1.c_last_name", 
   "customer_1.c_preferred_cust_flag", 
   "customer_1.c_birth_day", 
   "customer_1.c_birth_month", 
   "customer_1.c_birth_year", 
   "customer_1.c_birth_country", 
   "customer_1.c_login", 
   "customer_1.c_email_address", 
   "customer_1.c_last_review_date"
  ], 
  "Index Name": "customer_pkey", 
  "Plan Width": 280, 
  "Total Cost": 0.33
 }, 
 {
  "Startup Cost": 13.55, 
  "plan_id": 1692, 
  "Plans": [
   1693, 
   1697
  ], 
  "Plan Rows": 1, 
  "Node Type": "Nested Loop", 
  "Join Type": "Inner", 
  "filename": "plans/query74.json", 
  "Parallel Aware": false, 
  "Parent Relationship": "Outer", 
  "Output": [
   "customer_1.c_customer_id", 
   "customer_1.c_first_name", 
   "customer_1.c_last_name", 
   "date_dim_1.d_year", 
   "web_sales.ws_net_paid"
  ], 
  "Plan Width": 294, 
  "Total Cost": 28.04
 }, 
 {
  "Startup Cost": 28.05, 
  "plan_id": 1691, 
  "Plans": [
   1692
  ], 
  "Sort Key": [
   "customer_1.c_customer_id", 
   "customer_1.c_first_name", 
   "customer_1.c_last_name", 
   "date_dim_1.d_year"
  ], 
  "Plan Rows": 1, 
  "Node Type": "Sort", 
  "filename": "plans/query74.json", 
  "Parallel Aware": false, 
  "Parent Relationship": "Outer", 
  "Output": [
   "customer_1.c_customer_id", 
   "customer_1.c_first_name", 
   "customer_1.c_last_name", 
   "date_dim_1.d_year", 
   "web_sales.ws_net_paid"
  ], 
  "Plan Width": 294, 
  "Total Cost": 28.05
 }, 
 {
  "Partial Mode": "Simple", 
  "Startup Cost": 29.34, 
  "Plan Width": 344, 
  "plan_id": 1682, 
  "Plans": [
   1683
  ], 
  "filename": "plans/query74.json", 
  "Node Type": "Aggregate", 
  "Strategy": "Sorted", 
  "Plan Rows": 2, 
  "Parallel Aware": false, 
  "Output": [
   "customer.c_customer_id", 
   "customer.c_first_name", 
   "customer.c_last_name", 
   "date_dim.d_year", 
   "max(store_sales.ss_net_paid)", 
   "'s'::text"
  ], 
  "Group Key": [
   "customer.c_customer_id", 
   "customer.c_first_name", 
   "customer.c_last_name", 
   "date_dim.d_year"
  ], 
  "Parent Relationship": "Member", 
  "Total Cost": 29.39
 }, 
 {
  "Partial Mode": "Simple", 
  "Startup Cost": 28.05, 
  "Plan Width": 344, 
  "plan_id": 1690, 
  "Plans": [
   1691
  ], 
  "filename": "plans/query74.json", 
  "Node Type": "Aggregate", 
  "Strategy": "Sorted", 
  "Plan Rows": 1, 
  "Parallel Aware": false, 
  "Output": [
   "customer_1.c_customer_id", 
   "customer_1.c_first_name", 
   "customer_1.c_last_name", 
   "date_dim_1.d_year", 
   "max(web_sales.ws_net_paid)", 
   "'w'::text"
  ], 
  "Group Key": [
   "customer_1.c_customer_id", 
   "customer_1.c_first_name", 
   "customer_1.c_last_name", 
   "date_dim_1.d_year"
  ], 
  "Parent Relationship": "Member", 
  "Total Cost": 28.07
 }, 
 {
  "Startup Cost": 0.0, 
  "plan_id": 1702, 
  "CTE Name": "year_total", 
  "Node Type": "CTE Scan", 
  "Plan Rows": 1, 
  "Filter": "((t_s_firstyear.year_total > '0'::numeric) AND (t_s_firstyear.sale_type = 's'::text) AND (t_s_firstyear.year = 2001))", 
  "Alias": "t_s_firstyear", 
  "filename": "plans/query74.json", 
  "Parallel Aware": false, 
  "Parent Relationship": "Outer", 
  "Output": [
   "t_s_firstyear.customer_id", 
   "t_s_firstyear.customer_first_name", 
   "t_s_firstyear.customer_last_name", 
   "t_s_firstyear.year", 
   "t_s_firstyear.year_total", 
   "t_s_firstyear.sale_type"
  ], 
  "Plan Width": 100, 
  "Total Cost": 0.08
 }, 
 {
  "Startup Cost": 0.0, 
  "plan_id": 1703, 
  "CTE Name": "year_total", 
  "Node Type": "CTE Scan", 
  "Plan Rows": 1, 
  "Filter": "((t_s_secyear.sale_type = 's'::text) AND (t_s_secyear.year = 2002))", 
  "Alias": "t_s_secyear", 
  "filename": "plans/query74.json", 
  "Parallel Aware": false, 
  "Parent Relationship": "Inner", 
  "Output": [
   "t_s_secyear.customer_id", 
   "t_s_secyear.customer_first_name", 
   "t_s_secyear.customer_last_name", 
   "t_s_secyear.year", 
   "t_s_secyear.year_total", 
   "t_s_secyear.sale_type"
  ], 
  "Plan Width": 308, 
  "Total Cost": 0.08
 }, 
 {
  "Startup Cost": 0.0, 
  "plan_id": 1701, 
  "Plans": [
   1702, 
   1703
  ], 
  "Plan Rows": 1, 
  "Node Type": "Nested Loop", 
  "Join Type": "Inner", 
  "filename": "plans/query74.json", 
  "Parallel Aware": false, 
  "Parent Relationship": "Outer", 
  "Output": [
   "t_s_firstyear.customer_id", 
   "t_s_firstyear.year_total", 
   "t_s_secyear.customer_id", 
   "t_s_secyear.customer_first_name", 
   "t_s_secyear.customer_last_name", 
   "t_s_secyear.year_total"
  ], 
  "Plan Width": 408, 
  "Join Filter": "(t_s_firstyear.customer_id = t_s_secyear.customer_id)", 
  "Total Cost": 0.17
 }, 
 {
  "Startup Cost": 0.0, 
  "plan_id": 1704, 
  "CTE Name": "year_total", 
  "Node Type": "CTE Scan", 
  "Plan Rows": 1, 
  "Filter": "((t_w_firstyear.year_total > '0'::numeric) AND (t_w_firstyear.sale_type = 'w'::text) AND (t_w_firstyear.year = 2001))", 
  "Alias": "t_w_firstyear", 
  "filename": "plans/query74.json", 
  "Parallel Aware": false, 
  "Parent Relationship": "Inner", 
  "Output": [
   "t_w_firstyear.customer_id", 
   "t_w_firstyear.customer_first_name", 
   "t_w_firstyear.customer_last_name", 
   "t_w_firstyear.year", 
   "t_w_firstyear.year_total", 
   "t_w_firstyear.sale_type"
  ], 
  "Plan Width": 100, 
  "Total Cost": 0.08
 }, 
 {
  "Startup Cost": 0.0, 
  "plan_id": 1700, 
  "Plans": [
   1701, 
   1704
  ], 
  "Plan Rows": 1, 
  "Node Type": "Nested Loop", 
  "Join Type": "Inner", 
  "filename": "plans/query74.json", 
  "Parallel Aware": false, 
  "Parent Relationship": "Outer", 
  "Output": [
   "t_s_firstyear.customer_id", 
   "t_s_firstyear.year_total", 
   "t_s_secyear.customer_id", 
   "t_s_secyear.customer_first_name", 
   "t_s_secyear.customer_last_name", 
   "t_s_secyear.year_total", 
   "t_w_firstyear.customer_id", 
   "t_w_firstyear.year_total"
  ], 
  "Plan Width": 508, 
  "Join Filter": "(t_s_secyear.customer_id = t_w_firstyear.customer_id)", 
  "Total Cost": 0.27
 }, 
 {
  "Startup Cost": 0.0, 
  "plan_id": 1705, 
  "CTE Name": "year_total", 
  "Node Type": "CTE Scan", 
  "Plan Rows": 1, 
  "Filter": "((t_w_secyear.sale_type = 'w'::text) AND (t_w_secyear.year = 2002))", 
  "Alias": "t_w_secyear", 
  "filename": "plans/query74.json", 
  "Parallel Aware": false, 
  "Parent Relationship": "Inner", 
  "Output": [
   "t_w_secyear.customer_id", 
   "t_w_secyear.customer_first_name", 
   "t_w_secyear.customer_last_name", 
   "t_w_secyear.year", 
   "t_w_secyear.year_total", 
   "t_w_secyear.sale_type"
  ], 
  "Plan Width": 100, 
  "Total Cost": 0.08
 }, 
 {
  "Startup Cost": 0.0, 
  "plan_id": 1699, 
  "Plans": [
   1700, 
   1705
  ], 
  "Plan Rows": 1, 
  "Node Type": "Nested Loop", 
  "Join Type": "Inner", 
  "filename": "plans/query74.json", 
  "Parallel Aware": false, 
  "Parent Relationship": "Outer", 
  "Output": [
   "t_s_secyear.customer_id", 
   "t_s_secyear.customer_first_name", 
   "t_s_secyear.customer_last_name"
  ], 
  "Plan Width": 276, 
  "Join Filter": "((t_s_secyear.customer_id = t_w_secyear.customer_id) AND (CASE WHEN (t_w_firstyear.year_total > '0'::numeric) THEN (t_w_secyear.year_total / t_w_firstyear.year_total) ELSE NULL::numeric END > CASE WHEN (t_s_firstyear.year_total > '0'::numeric) THEN (t_s_secyear.year_total / t_s_firstyear.year_total) ELSE NULL::numeric END))", 
  "Total Cost": 0.37
 }, 
 {
  "Startup Cost": 29.34, 
  "plan_id": 1681, 
  "Plans": [
   1682, 
   1690
  ], 
  "Plan Rows": 3, 
  "Node Type": "Append", 
  "filename": "plans/query74.json", 
  "Parallel Aware": false, 
  "Parent Relationship": "InitPlan", 
  "Plan Width": 344, 
  "Subplan Name": "CTE year_total", 
  "Total Cost": 57.49
 }, 
 {
  "Startup Cost": 0.38, 
  "plan_id": 1698, 
  "Plans": [
   1699
  ], 
  "Sort Key": [
   "t_s_secyear.customer_id", 
   "t_s_secyear.customer_first_name", 
   "t_s_secyear.customer_last_name"
  ], 
  "Plan Rows": 1, 
  "Node Type": "Sort", 
  "filename": "plans/query74.json", 
  "Parallel Aware": false, 
  "Parent Relationship": "Outer", 
  "Output": [
   "t_s_secyear.customer_id", 
   "t_s_secyear.customer_first_name", 
   "t_s_secyear.customer_last_name"
  ], 
  "Plan Width": 276, 
  "Total Cost": 0.38
 }, 
 {
  "Startup Cost": 57.86, 
  "plan_id": 1680, 
  "Plans": [
   1681, 
   1698
  ], 
  "Plan Rows": 1, 
  "Node Type": "Limit", 
  "filename": "plans/query74.json", 
  "Parallel Aware": false, 
  "Output": [
   "t_s_secyear.customer_id", 
   "t_s_secyear.customer_first_name", 
   "t_s_secyear.customer_last_name"
  ], 
  "Plan Width": 276, 
  "Total Cost": 57.87
 }, 
 {
  "Relation Name": "item", 
  "Startup Cost": 0.0, 
  "plan_id": 1714, 
  "Node Type": "Seq Scan", 
  "Plan Rows": 1, 
  "Filter": "(item.i_category = 'Music'::bpchar)", 
  "Alias": "item", 
  "filename": "plans/query75.json", 
  "Schema": "pg_temp_2", 
  "Parallel Aware": false, 
  "Parent Relationship": "Outer", 
  "Output": [
   "item.i_item_sk", 
   "item.i_item_id", 
   "item.i_rec_start_date", 
   "item.i_rec_end_date", 
   "item.i_item_desc", 
   "item.i_current_price", 
   "item.i_wholesale_cost", 
   "item.i_brand_id", 
   "item.i_brand", 
   "item.i_class_id", 
   "item.i_class", 
   "item.i_category_id", 
   "item.i_category", 
   "item.i_manufact_id", 
   "item.i_manufact", 
   "item.i_size", 
   "item.i_formulation", 
   "item.i_color", 
   "item.i_units", 
   "item.i_container", 
   "item.i_manager_id", 
   "item.i_product_name"
  ], 
  "Plan Width": 20, 
  "Total Cost": 10.5
 }, 
 {
  "Startup Cost": 0.15, 
  "filename": "plans/query75.json", 
  "plan_id": 1715, 
  "Scan Direction": "Forward", 
  "Index Cond": "(catalog_sales.cs_item_sk = item.i_item_sk)", 
  "Node Type": "Index Scan", 
  "Relation Name": "catalog_sales", 
  "Alias": "catalog_sales", 
  "Plan Rows": 1, 
  "Schema": "pg_temp_2", 
  "Parallel Aware": false, 
  "Parent Relationship": "Inner", 
  "Output": [
   "catalog_sales.cs_sold_date_sk", 
   "catalog_sales.cs_sold_time_sk", 
   "catalog_sales.cs_ship_date_sk", 
   "catalog_sales.cs_bill_customer_sk", 
   "catalog_sales.cs_bill_cdemo_sk", 
   "catalog_sales.cs_bill_hdemo_sk", 
   "catalog_sales.cs_bill_addr_sk", 
   "catalog_sales.cs_ship_customer_sk", 
   "catalog_sales.cs_ship_cdemo_sk", 
   "catalog_sales.cs_ship_hdemo_sk", 
   "catalog_sales.cs_ship_addr_sk", 
   "catalog_sales.cs_call_center_sk", 
   "catalog_sales.cs_catalog_page_sk", 
   "catalog_sales.cs_ship_mode_sk", 
   "catalog_sales.cs_warehouse_sk", 
   "catalog_sales.cs_item_sk", 
   "catalog_sales.cs_promo_sk", 
   "catalog_sales.cs_order_number", 
   "catalog_sales.cs_quantity", 
   "catalog_sales.cs_wholesale_cost", 
   "catalog_sales.cs_list_price", 
   "catalog_sales.cs_sales_price", 
   "catalog_sales.cs_ext_discount_amt", 
   "catalog_sales.cs_ext_sales_price", 
   "catalog_sales.cs_ext_wholesale_cost", 
   "catalog_sales.cs_ext_list_price", 
   "catalog_sales.cs_ext_tax", 
   "catalog_sales.cs_coupon_amt", 
   "catalog_sales.cs_ext_ship_cost", 
   "catalog_sales.cs_net_paid", 
   "catalog_sales.cs_net_paid_inc_tax", 
   "catalog_sales.cs_net_paid_inc_ship", 
   "catalog_sales.cs_net_paid_inc_ship_tax", 
   "catalog_sales.cs_net_profit"
  ], 
  "Index Name": "catalog_sales_pkey", 
  "Plan Width": 30, 
  "Total Cost": 8.17
 }, 
 {
  "Startup Cost": 0.15, 
  "plan_id": 1713, 
  "Plans": [
   1714, 
   1715
  ], 
  "Plan Rows": 1, 
  "Node Type": "Nested Loop", 
  "Join Type": "Inner", 
  "filename": "plans/query75.json", 
  "Parallel Aware": false, 
  "Parent Relationship": "Outer", 
  "Output": [
   "catalog_sales.cs_quantity", 
   "catalog_sales.cs_ext_sales_price", 
   "catalog_sales.cs_item_sk", 
   "catalog_sales.cs_sold_date_sk", 
   "catalog_sales.cs_order_number", 
   "item.i_brand_id", 
   "item.i_class_id", 
   "item.i_category_id", 
   "item.i_manufact_id"
  ], 
  "Plan Width": 46, 
  "Total Cost": 18.68
 }, 
 {
  "Startup Cost": 0.15, 
  "filename": "plans/query75.json", 
  "plan_id": 1716, 
  "Scan Direction": "Forward", 
  "Index Cond": "(date_dim.d_date_sk = catalog_sales.cs_sold_date_sk)", 
  "Node Type": "Index Scan", 
  "Relation Name": "date_dim", 
  "Alias": "date_dim", 
  "Plan Rows": 1, 
  "Schema": "pg_temp_2", 
  "Parallel Aware": false, 
  "Parent Relationship": "Inner", 
  "Output": [
   "date_dim.d_date_sk", 
   "date_dim.d_date_id", 
   "date_dim.d_date", 
   "date_dim.d_month_seq", 
   "date_dim.d_week_seq", 
   "date_dim.d_quarter_seq", 
   "date_dim.d_year", 
   "date_dim.d_dow", 
   "date_dim.d_moy", 
   "date_dim.d_dom", 
   "date_dim.d_qoy", 
   "date_dim.d_fy_year", 
   "date_dim.d_fy_quarter_seq", 
   "date_dim.d_fy_week_seq", 
   "date_dim.d_day_name", 
   "date_dim.d_quarter_name", 
   "date_dim.d_holiday", 
   "date_dim.d_weekend", 
   "date_dim.d_following_holiday", 
   "date_dim.d_first_dom", 
   "date_dim.d_last_dom", 
   "date_dim.d_same_day_ly", 
   "date_dim.d_same_day_lq", 
   "date_dim.d_current_day", 
   "date_dim.d_current_week", 
   "date_dim.d_current_month", 
   "date_dim.d_current_quarter", 
   "date_dim.d_current_year"
  ], 
  "Index Name": "date_dim_pkey", 
  "Plan Width": 8, 
  "Total Cost": 0.33
 }, 
 {
  "Startup Cost": 0.29, 
  "plan_id": 1712, 
  "Plans": [
   1713, 
   1716
  ], 
  "Plan Rows": 1, 
  "Node Type": "Nested Loop", 
  "Join Type": "Inner", 
  "filename": "plans/query75.json", 
  "Parallel Aware": false, 
  "Parent Relationship": "Outer", 
  "Output": [
   "catalog_sales.cs_quantity", 
   "catalog_sales.cs_ext_sales_price", 
   "catalog_sales.cs_item_sk", 
   "catalog_sales.cs_order_number", 
   "item.i_brand_id", 
   "item.i_class_id", 
   "item.i_category_id", 
   "item.i_manufact_id", 
   "date_dim.d_year"
  ], 
  "Plan Width": 46, 
  "Total Cost": 19.02
 }, 
 {
  "Startup Cost": 0.15, 
  "filename": "plans/query75.json", 
  "plan_id": 1717, 
  "Scan Direction": "Forward", 
  "Index Cond": "((catalog_sales.cs_item_sk = catalog_returns.cr_item_sk) AND (catalog_sales.cs_order_number = catalog_returns.cr_order_number))", 
  "Node Type": "Index Scan", 
  "Relation Name": "catalog_returns", 
  "Alias": "catalog_returns", 
  "Plan Rows": 1, 
  "Schema": "pg_temp_2", 
  "Parallel Aware": false, 
  "Parent Relationship": "Inner", 
  "Output": [
   "catalog_returns.cr_returned_date_sk", 
   "catalog_returns.cr_returned_time_sk", 
   "catalog_returns.cr_item_sk", 
   "catalog_returns.cr_refunded_customer_sk", 
   "catalog_returns.cr_refunded_cdemo_sk", 
   "catalog_returns.cr_refunded_hdemo_sk", 
   "catalog_returns.cr_refunded_addr_sk", 
   "catalog_returns.cr_returning_customer_sk", 
   "catalog_returns.cr_returning_cdemo_sk", 
   "catalog_returns.cr_returning_hdemo_sk", 
   "catalog_returns.cr_returning_addr_sk", 
   "catalog_returns.cr_call_center_sk", 
   "catalog_returns.cr_catalog_page_sk", 
   "catalog_returns.cr_ship_mode_sk", 
   "catalog_returns.cr_warehouse_sk", 
   "catalog_returns.cr_reason_sk", 
   "catalog_returns.cr_order_number", 
   "catalog_returns.cr_return_quantity", 
   "catalog_returns.cr_return_amount", 
   "catalog_returns.cr_return_tax", 
   "catalog_returns.cr_return_amt_inc_tax", 
   "catalog_returns.cr_fee", 
   "catalog_returns.cr_return_ship_cost", 
   "catalog_returns.cr_refunded_cash", 
   "catalog_returns.cr_reversed_charge", 
   "catalog_returns.cr_store_credit", 
   "catalog_returns.cr_net_loss"
  ], 
  "Index Name": "catalog_returns_pkey", 
  "Plan Width": 26, 
  "Total Cost": 0.34
 }, 
 {
  "Startup Cost": 0.0, 
  "plan_id": 1723, 
  "Node Type": "Bitmap Index Scan", 
  "Index Cond": "(store_sales.ss_item_sk = item_1.i_item_sk)", 
  "Plan Rows": 2, 
  "filename": "plans/query75.json", 
  "Parallel Aware": false, 
  "Parent Relationship": "Outer", 
  "Index Name": "store_sales_pkey", 
  "Plan Width": 0, 
  "Total Cost": 4.16
 }, 
 {
  "Relation Name": "item", 
  "Startup Cost": 0.0, 
  "plan_id": 1721, 
  "Node Type": "Seq Scan", 
  "Plan Rows": 1, 
  "Filter": "(item_1.i_category = 'Music'::bpchar)", 
  "Alias": "item_1", 
  "filename": "plans/query75.json", 
  "Schema": "pg_temp_2", 
  "Parallel Aware": false, 
  "Parent Relationship": "Outer", 
  "Output": [
   "item_1.i_item_sk", 
   "item_1.i_item_id", 
   "item_1.i_rec_start_date", 
   "item_1.i_rec_end_date", 
   "item_1.i_item_desc", 
   "item_1.i_current_price", 
   "item_1.i_wholesale_cost", 
   "item_1.i_brand_id", 
   "item_1.i_brand", 
   "item_1.i_class_id", 
   "item_1.i_class", 
   "item_1.i_category_id", 
   "item_1.i_category", 
   "item_1.i_manufact_id", 
   "item_1.i_manufact", 
   "item_1.i_size", 
   "item_1.i_formulation", 
   "item_1.i_color", 
   "item_1.i_units", 
   "item_1.i_container", 
   "item_1.i_manager_id", 
   "item_1.i_product_name"
  ], 
  "Plan Width": 20, 
  "Total Cost": 10.5
 }, 
 {
  "Startup Cost": 4.16, 
  "plan_id": 1722, 
  "Plans": [
   1723
  ], 
  "Parent Relationship": "Inner", 
  "Node Type": "Bitmap Heap Scan", 
  "Plan Rows": 2, 
  "Relation Name": "store_sales", 
  "Alias": "store_sales", 
  "filename": "plans/query75.json", 
  "Schema": "pg_temp_2", 
  "Parallel Aware": false, 
  "Recheck Cond": "(store_sales.ss_item_sk = item_1.i_item_sk)", 
  "Output": [
   "store_sales.ss_sold_date_sk", 
   "store_sales.ss_sold_time_sk", 
   "store_sales.ss_item_sk", 
   "store_sales.ss_customer_sk", 
   "store_sales.ss_cdemo_sk", 
   "store_sales.ss_hdemo_sk", 
   "store_sales.ss_addr_sk", 
   "store_sales.ss_store_sk", 
   "store_sales.ss_promo_sk", 
   "store_sales.ss_ticket_number", 
   "store_sales.ss_quantity", 
   "store_sales.ss_wholesale_cost", 
   "store_sales.ss_list_price", 
   "store_sales.ss_sales_price", 
   "store_sales.ss_ext_discount_amt", 
   "store_sales.ss_ext_sales_price", 
   "store_sales.ss_ext_wholesale_cost", 
   "store_sales.ss_ext_list_price", 
   "store_sales.ss_ext_tax", 
   "store_sales.ss_coupon_amt", 
   "store_sales.ss_net_paid", 
   "store_sales.ss_net_paid_inc_tax", 
   "store_sales.ss_net_profit"
  ], 
  "Plan Width": 30, 
  "Total Cost": 9.5
 }, 
 {
  "Startup Cost": 4.16, 
  "plan_id": 1720, 
  "Plans": [
   1721, 
   1722
  ], 
  "Plan Rows": 2, 
  "Node Type": "Nested Loop", 
  "Join Type": "Inner", 
  "filename": "plans/query75.json", 
  "Parallel Aware": false, 
  "Parent Relationship": "Outer", 
  "Output": [
   "store_sales.ss_quantity", 
   "store_sales.ss_ext_sales_price", 
   "store_sales.ss_item_sk", 
   "store_sales.ss_sold_date_sk", 
   "store_sales.ss_ticket_number", 
   "item_1.i_brand_id", 
   "item_1.i_class_id", 
   "item_1.i_category_id", 
   "item_1.i_manufact_id"
  ], 
  "Plan Width": 46, 
  "Total Cost": 20.02
 }, 
 {
  "Startup Cost": 0.15, 
  "filename": "plans/query75.json", 
  "plan_id": 1724, 
  "Scan Direction": "Forward", 
  "Index Cond": "(date_dim_1.d_date_sk = store_sales.ss_sold_date_sk)", 
  "Node Type": "Index Scan", 
  "Relation Name": "date_dim", 
  "Alias": "date_dim_1", 
  "Plan Rows": 1, 
  "Schema": "pg_temp_2", 
  "Parallel Aware": false, 
  "Parent Relationship": "Inner", 
  "Output": [
   "date_dim_1.d_date_sk", 
   "date_dim_1.d_date_id", 
   "date_dim_1.d_date", 
   "date_dim_1.d_month_seq", 
   "date_dim_1.d_week_seq", 
   "date_dim_1.d_quarter_seq", 
   "date_dim_1.d_year", 
   "date_dim_1.d_dow", 
   "date_dim_1.d_moy", 
   "date_dim_1.d_dom", 
   "date_dim_1.d_qoy", 
   "date_dim_1.d_fy_year", 
   "date_dim_1.d_fy_quarter_seq", 
   "date_dim_1.d_fy_week_seq", 
   "date_dim_1.d_day_name", 
   "date_dim_1.d_quarter_name", 
   "date_dim_1.d_holiday", 
   "date_dim_1.d_weekend", 
   "date_dim_1.d_following_holiday", 
   "date_dim_1.d_first_dom", 
   "date_dim_1.d_last_dom", 
   "date_dim_1.d_same_day_ly", 
   "date_dim_1.d_same_day_lq", 
   "date_dim_1.d_current_day", 
   "date_dim_1.d_current_week", 
   "date_dim_1.d_current_month", 
   "date_dim_1.d_current_quarter", 
   "date_dim_1.d_current_year"
  ], 
  "Index Name": "date_dim_pkey", 
  "Plan Width": 8, 
  "Total Cost": 0.29
 }, 
 {
  "Startup Cost": 4.31, 
  "plan_id": 1719, 
  "Plans": [
   1720, 
   1724
  ], 
  "Plan Rows": 2, 
  "Node Type": "Nested Loop", 
  "Join Type": "Inner", 
  "filename": "plans/query75.json", 
  "Parallel Aware": false, 
  "Parent Relationship": "Outer", 
  "Output": [
   "store_sales.ss_quantity", 
   "store_sales.ss_ext_sales_price", 
   "store_sales.ss_item_sk", 
   "store_sales.ss_ticket_number", 
   "item_1.i_brand_id", 
   "item_1.i_class_id", 
   "item_1.i_category_id", 
   "item_1.i_manufact_id", 
   "date_dim_1.d_year"
  ], 
  "Plan Width": 46, 
  "Total Cost": 20.63
 }, 
 {
  "Startup Cost": 0.15, 
  "filename": "plans/query75.json", 
  "plan_id": 1725, 
  "Scan Direction": "Forward", 
  "Index Cond": "((store_sales.ss_item_sk = store_returns.sr_item_sk) AND (store_sales.ss_ticket_number = store_returns.sr_ticket_number))", 
  "Node Type": "Index Scan", 
  "Relation Name": "store_returns", 
  "Alias": "store_returns", 
  "Plan Rows": 1, 
  "Schema": "pg_temp_2", 
  "Parallel Aware": false, 
  "Parent Relationship": "Inner", 
  "Output": [
   "store_returns.sr_returned_date_sk", 
   "store_returns.sr_return_time_sk", 
   "store_returns.sr_item_sk", 
   "store_returns.sr_customer_sk", 
   "store_returns.sr_cdemo_sk", 
   "store_returns.sr_hdemo_sk", 
   "store_returns.sr_addr_sk", 
   "store_returns.sr_store_sk", 
   "store_returns.sr_reason_sk", 
   "store_returns.sr_ticket_number", 
   "store_returns.sr_return_quantity", 
   "store_returns.sr_return_amt", 
   "store_returns.sr_return_tax", 
   "store_returns.sr_return_amt_inc_tax", 
   "store_returns.sr_fee", 
   "store_returns.sr_return_ship_cost", 
   "store_returns.sr_refunded_cash", 
   "store_returns.sr_reversed_charge", 
   "store_returns.sr_store_credit", 
   "store_returns.sr_net_loss"
  ], 
  "Index Name": "store_returns_pkey", 
  "Plan Width": 26, 
  "Total Cost": 0.3
 }, 
 {
  "Relation Name": "item", 
  "Startup Cost": 0.0, 
  "plan_id": 1729, 
  "Node Type": "Seq Scan", 
  "Plan Rows": 1, 
  "Filter": "(item_2.i_category = 'Music'::bpchar)", 
  "Alias": "item_2", 
  "filename": "plans/query75.json", 
  "Schema": "pg_temp_2", 
  "Parallel Aware": false, 
  "Parent Relationship": "Outer", 
  "Output": [
   "item_2.i_item_sk", 
   "item_2.i_item_id", 
   "item_2.i_rec_start_date", 
   "item_2.i_rec_end_date", 
   "item_2.i_item_desc", 
   "item_2.i_current_price", 
   "item_2.i_wholesale_cost", 
   "item_2.i_brand_id", 
   "item_2.i_brand", 
   "item_2.i_class_id", 
   "item_2.i_class", 
   "item_2.i_category_id", 
   "item_2.i_category", 
   "item_2.i_manufact_id", 
   "item_2.i_manufact", 
   "item_2.i_size", 
   "item_2.i_formulation", 
   "item_2.i_color", 
   "item_2.i_units", 
   "item_2.i_container", 
   "item_2.i_manager_id", 
   "item_2.i_product_name"
  ], 
  "Plan Width": 20, 
  "Total Cost": 10.5
 }, 
 {
  "Startup Cost": 0.15, 
  "filename": "plans/query75.json", 
  "plan_id": 1730, 
  "Scan Direction": "Forward", 
  "Index Cond": "(web_sales.ws_item_sk = item_2.i_item_sk)", 
  "Node Type": "Index Scan", 
  "Relation Name": "web_sales", 
  "Alias": "web_sales", 
  "Plan Rows": 1, 
  "Schema": "pg_temp_2", 
  "Parallel Aware": false, 
  "Parent Relationship": "Inner", 
  "Output": [
   "web_sales.ws_sold_date_sk", 
   "web_sales.ws_sold_time_sk", 
   "web_sales.ws_ship_date_sk", 
   "web_sales.ws_item_sk", 
   "web_sales.ws_bill_customer_sk", 
   "web_sales.ws_bill_cdemo_sk", 
   "web_sales.ws_bill_hdemo_sk", 
   "web_sales.ws_bill_addr_sk", 
   "web_sales.ws_ship_customer_sk", 
   "web_sales.ws_ship_cdemo_sk", 
   "web_sales.ws_ship_hdemo_sk", 
   "web_sales.ws_ship_addr_sk", 
   "web_sales.ws_web_page_sk", 
   "web_sales.ws_web_site_sk", 
   "web_sales.ws_ship_mode_sk", 
   "web_sales.ws_warehouse_sk", 
   "web_sales.ws_promo_sk", 
   "web_sales.ws_order_number", 
   "web_sales.ws_quantity", 
   "web_sales.ws_wholesale_cost", 
   "web_sales.ws_list_price", 
   "web_sales.ws_sales_price", 
   "web_sales.ws_ext_discount_amt", 
   "web_sales.ws_ext_sales_price", 
   "web_sales.ws_ext_wholesale_cost", 
   "web_sales.ws_ext_list_price", 
   "web_sales.ws_ext_tax", 
   "web_sales.ws_coupon_amt", 
   "web_sales.ws_ext_ship_cost", 
   "web_sales.ws_net_paid", 
   "web_sales.ws_net_paid_inc_tax", 
   "web_sales.ws_net_paid_inc_ship", 
   "web_sales.ws_net_paid_inc_ship_tax", 
   "web_sales.ws_net_profit"
  ], 
  "Index Name": "web_sales_pkey", 
  "Plan Width": 30, 
  "Total Cost": 8.17
 }, 
 {
  "Startup Cost": 0.15, 
  "plan_id": 1728, 
  "Plans": [
   1729, 
   1730
  ], 
  "Plan Rows": 1, 
  "Node Type": "Nested Loop", 
  "Join Type": "Inner", 
  "filename": "plans/query75.json", 
  "Parallel Aware": false, 
  "Parent Relationship": "Outer", 
  "Output": [
   "web_sales.ws_quantity", 
   "web_sales.ws_ext_sales_price", 
   "web_sales.ws_item_sk", 
   "web_sales.ws_sold_date_sk", 
   "web_sales.ws_order_number", 
   "item_2.i_brand_id", 
   "item_2.i_class_id", 
   "item_2.i_category_id", 
   "item_2.i_manufact_id"
  ], 
  "Plan Width": 46, 
  "Total Cost": 18.68
 }, 
 {
  "Startup Cost": 0.15, 
  "filename": "plans/query75.json", 
  "plan_id": 1731, 
  "Scan Direction": "Forward", 
  "Index Cond": "(date_dim_2.d_date_sk = web_sales.ws_sold_date_sk)", 
  "Node Type": "Index Scan", 
  "Relation Name": "date_dim", 
  "Alias": "date_dim_2", 
  "Plan Rows": 1, 
  "Schema": "pg_temp_2", 
  "Parallel Aware": false, 
  "Parent Relationship": "Inner", 
  "Output": [
   "date_dim_2.d_date_sk", 
   "date_dim_2.d_date_id", 
   "date_dim_2.d_date", 
   "date_dim_2.d_month_seq", 
   "date_dim_2.d_week_seq", 
   "date_dim_2.d_quarter_seq", 
   "date_dim_2.d_year", 
   "date_dim_2.d_dow", 
   "date_dim_2.d_moy", 
   "date_dim_2.d_dom", 
   "date_dim_2.d_qoy", 
   "date_dim_2.d_fy_year", 
   "date_dim_2.d_fy_quarter_seq", 
   "date_dim_2.d_fy_week_seq", 
   "date_dim_2.d_day_name", 
   "date_dim_2.d_quarter_name", 
   "date_dim_2.d_holiday", 
   "date_dim_2.d_weekend", 
   "date_dim_2.d_following_holiday", 
   "date_dim_2.d_first_dom", 
   "date_dim_2.d_last_dom", 
   "date_dim_2.d_same_day_ly", 
   "date_dim_2.d_same_day_lq", 
   "date_dim_2.d_current_day", 
   "date_dim_2.d_current_week", 
   "date_dim_2.d_current_month", 
   "date_dim_2.d_current_quarter", 
   "date_dim_2.d_current_year"
  ], 
  "Index Name": "date_dim_pkey", 
  "Plan Width": 8, 
  "Total Cost": 0.33
 }, 
 {
  "Startup Cost": 0.29, 
  "plan_id": 1727, 
  "Plans": [
   1728, 
   1731
  ], 
  "Plan Rows": 1, 
  "Node Type": "Nested Loop", 
  "Join Type": "Inner", 
  "filename": "plans/query75.json", 
  "Parallel Aware": false, 
  "Parent Relationship": "Outer", 
  "Output": [
   "web_sales.ws_quantity", 
   "web_sales.ws_ext_sales_price", 
   "web_sales.ws_item_sk", 
   "web_sales.ws_order_number", 
   "item_2.i_brand_id", 
   "item_2.i_class_id", 
   "item_2.i_category_id", 
   "item_2.i_manufact_id", 
   "date_dim_2.d_year"
  ], 
  "Plan Width": 46, 
  "Total Cost": 19.02
 }, 
 {
  "Startup Cost": 0.15, 
  "filename": "plans/query75.json", 
  "plan_id": 1732, 
  "Scan Direction": "Forward", 
  "Index Cond": "((web_sales.ws_item_sk = web_returns.wr_item_sk) AND (web_sales.ws_order_number = web_returns.wr_order_number))", 
  "Node Type": "Index Scan", 
  "Relation Name": "web_returns", 
  "Alias": "web_returns", 
  "Plan Rows": 1, 
  "Schema": "pg_temp_2", 
  "Parallel Aware": false, 
  "Parent Relationship": "Inner", 
  "Output": [
   "web_returns.wr_returned_date_sk", 
   "web_returns.wr_returned_time_sk", 
   "web_returns.wr_item_sk", 
   "web_returns.wr_refunded_customer_sk", 
   "web_returns.wr_refunded_cdemo_sk", 
   "web_returns.wr_refunded_hdemo_sk", 
   "web_returns.wr_refunded_addr_sk", 
   "web_returns.wr_returning_customer_sk", 
   "web_returns.wr_returning_cdemo_sk", 
   "web_returns.wr_returning_hdemo_sk", 
   "web_returns.wr_returning_addr_sk", 
   "web_returns.wr_web_page_sk", 
   "web_returns.wr_reason_sk", 
   "web_returns.wr_order_number", 
   "web_returns.wr_return_quantity", 
   "web_returns.wr_return_amt", 
   "web_returns.wr_return_tax", 
   "web_returns.wr_return_amt_inc_tax", 
   "web_returns.wr_fee", 
   "web_returns.wr_return_ship_cost", 
   "web_returns.wr_refunded_cash", 
   "web_returns.wr_reversed_charge", 
   "web_returns.wr_account_credit", 
   "web_returns.wr_net_loss"
  ], 
  "Index Name": "web_returns_pkey", 
  "Plan Width": 26, 
  "Total Cost": 0.34
 }, 
 {
  "Startup Cost": 0.44, 
  "plan_id": 1711, 
  "Plans": [
   1712, 
   1717
  ], 
  "Plan Rows": 1, 
  "Node Type": "Nested Loop", 
  "Join Type": "Left", 
  "filename": "plans/query75.json", 
  "Parallel Aware": false, 
  "Parent Relationship": "Member", 
  "Output": [
   "date_dim.d_year", 
   "item.i_brand_id", 
   "item.i_class_id", 
   "item.i_category_id", 
   "item.i_manufact_id", 
   "(catalog_sales.cs_quantity - COALESCE(catalog_returns.cr_return_quantity, 0))", 
   "(catalog_sales.cs_ext_sales_price - COALESCE(catalog_returns.cr_return_amount, 0.0))"
  ], 
  "Plan Width": 56, 
  "Total Cost": 19.37
 }, 
 {
  "Startup Cost": 4.46, 
  "plan_id": 1718, 
  "Plans": [
   1719, 
   1725
  ], 
  "Plan Rows": 2, 
  "Node Type": "Nested Loop", 
  "Join Type": "Left", 
  "filename": "plans/query75.json", 
  "Parallel Aware": false, 
  "Parent Relationship": "Member", 
  "Output": [
   "date_dim_1.d_year", 
   "item_1.i_brand_id", 
   "item_1.i_class_id", 
   "item_1.i_category_id", 
   "item_1.i_manufact_id", 
   "(store_sales.ss_quantity - COALESCE(store_returns.sr_return_quantity, 0))", 
   "(store_sales.ss_ext_sales_price - COALESCE(store_returns.sr_return_amt, 0.0))"
  ], 
  "Plan Width": 56, 
  "Total Cost": 21.26
 }, 
 {
  "Startup Cost": 0.44, 
  "plan_id": 1726, 
  "Plans": [
   1727, 
   1732
  ], 
  "Plan Rows": 1, 
  "Node Type": "Nested Loop", 
  "Join Type": "Left", 
  "filename": "plans/query75.json", 
  "Parallel Aware": false, 
  "Parent Relationship": "Member", 
  "Output": [
   "date_dim_2.d_year", 
   "item_2.i_brand_id", 
   "item_2.i_class_id", 
   "item_2.i_category_id", 
   "item_2.i_manufact_id", 
   "(web_sales.ws_quantity - COALESCE(web_returns.wr_return_quantity, 0))", 
   "(web_sales.ws_ext_sales_price - COALESCE(web_returns.wr_return_amt, 0.0))"
  ], 
  "Plan Width": 56, 
  "Total Cost": 19.37
 }, 
 {
  "Startup Cost": 0.44, 
  "plan_id": 1710, 
  "Plans": [
   1711, 
   1718, 
   1726
  ], 
  "Plan Rows": 4, 
  "Node Type": "Append", 
  "filename": "plans/query75.json", 
  "Parallel Aware": false, 
  "Parent Relationship": "Outer", 
  "Plan Width": 56, 
  "Total Cost": 60.04
 }, 
 {
  "Partial Mode": "Simple", 
  "Startup Cost": 60.11, 
  "Plan Width": 56, 
  "plan_id": 1709, 
  "Plans": [
   1710
  ], 
  "filename": "plans/query75.json", 
  "Node Type": "Aggregate", 
  "Strategy": "Hashed", 
  "Plan Rows": 4, 
  "Parallel Aware": false, 
  "Output": [
   "date_dim.d_year", 
   "item.i_brand_id", 
   "item.i_class_id", 
   "item.i_category_id", 
   "item.i_manufact_id", 
   "((catalog_sales.cs_quantity - COALESCE(catalog_returns.cr_return_quantity, 0)))", 
   "((catalog_sales.cs_ext_sales_price - COALESCE(catalog_returns.cr_return_amount, 0.0)))"
  ], 
  "Group Key": [
   "date_dim.d_year", 
   "item.i_brand_id", 
   "item.i_class_id", 
   "item.i_category_id", 
   "item.i_manufact_id", 
   "((catalog_sales.cs_quantity - COALESCE(catalog_returns.cr_return_quantity, 0)))", 
   "((catalog_sales.cs_ext_sales_price - COALESCE(catalog_returns.cr_return_amount, 0.0)))"
  ], 
  "Parent Relationship": "Outer", 
  "Total Cost": 60.15
 }, 
 {
  "Startup Cost": 60.23, 
  "plan_id": 1708, 
  "Plans": [
   1709
  ], 
  "Sort Key": [
   "date_dim.d_year", 
   "item.i_brand_id", 
   "item.i_class_id", 
   "item.i_category_id", 
   "item.i_manufact_id"
  ], 
  "Plan Rows": 4, 
  "Node Type": "Sort", 
  "filename": "plans/query75.json", 
  "Parallel Aware": false, 
  "Parent Relationship": "Outer", 
  "Output": [
   "date_dim.d_year", 
   "item.i_brand_id", 
   "item.i_class_id", 
   "item.i_category_id", 
   "item.i_manufact_id", 
   "((catalog_sales.cs_quantity - COALESCE(catalog_returns.cr_return_quantity, 0)))", 
   "((catalog_sales.cs_ext_sales_price - COALESCE(catalog_returns.cr_return_amount, 0.0)))"
  ], 
  "Plan Width": 56, 
  "Total Cost": 60.24
 }, 
 {
  "Startup Cost": 0.0, 
  "plan_id": 1735, 
  "CTE Name": "all_sales", 
  "Node Type": "CTE Scan", 
  "Plan Rows": 1, 
  "Filter": "(curr_yr.d_year = 2002)", 
  "Alias": "curr_yr", 
  "filename": "plans/query75.json", 
  "Parallel Aware": false, 
  "Parent Relationship": "Outer", 
  "Output": [
   "curr_yr.d_year", 
   "curr_yr.i_brand_id", 
   "curr_yr.i_class_id", 
   "curr_yr.i_category_id", 
   "curr_yr.i_manufact_id", 
   "curr_yr.sales_cnt", 
   "curr_yr.sales_amt"
  ], 
  "Plan Width": 60, 
  "Total Cost": 0.09
 }, 
 {
  "Startup Cost": 0.0, 
  "plan_id": 1736, 
  "CTE Name": "all_sales", 
  "Node Type": "CTE Scan", 
  "Plan Rows": 1, 
  "Filter": "(prev_yr.d_year = 2001)", 
  "Alias": "prev_yr", 
  "filename": "plans/query75.json", 
  "Parallel Aware": false, 
  "Parent Relationship": "Inner", 
  "Output": [
   "prev_yr.d_year", 
   "prev_yr.i_brand_id", 
   "prev_yr.i_class_id", 
   "prev_yr.i_category_id", 
   "prev_yr.i_manufact_id", 
   "prev_yr.sales_cnt", 
   "prev_yr.sales_amt"
  ], 
  "Plan Width": 60, 
  "Total Cost": 0.09
 }, 
 {
  "Startup Cost": 0.0, 
  "plan_id": 1734, 
  "Plans": [
   1735, 
   1736
  ], 
  "Plan Rows": 1, 
  "Node Type": "Nested Loop", 
  "Join Type": "Inner", 
  "filename": "plans/query75.json", 
  "Parallel Aware": false, 
  "Parent Relationship": "Outer", 
  "Output": [
   "prev_yr.d_year", 
   "curr_yr.d_year", 
   "curr_yr.i_brand_id", 
   "curr_yr.i_class_id", 
   "curr_yr.i_category_id", 
   "curr_yr.i_manufact_id", 
   "prev_yr.sales_cnt", 
   "curr_yr.sales_cnt", 
   "(curr_yr.sales_cnt - prev_yr.sales_cnt)", 
   "(curr_yr.sales_amt - prev_yr.sales_amt)"
  ], 
  "Plan Width": 80, 
  "Join Filter": "((curr_yr.i_brand_id = prev_yr.i_brand_id) AND (curr_yr.i_class_id = prev_yr.i_class_id) AND (curr_yr.i_category_id = prev_yr.i_category_id) AND (curr_yr.i_manufact_id = prev_yr.i_manufact_id) AND (((curr_yr.sales_cnt)::numeric(17,2) / (prev_yr.sales_cnt)::numeric(17,2)) < 0.9))", 
  "Total Cost": 0.22
 }, 
 {
  "Partial Mode": "Simple", 
  "Startup Cost": 60.23, 
  "Plan Width": 60, 
  "plan_id": 1707, 
  "Plans": [
   1708
  ], 
  "filename": "plans/query75.json", 
  "Node Type": "Aggregate", 
  "Strategy": "Sorted", 
  "Plan Rows": 4, 
  "Parallel Aware": false, 
  "Output": [
   "date_dim.d_year", 
   "item.i_brand_id", 
   "item.i_class_id", 
   "item.i_category_id", 
   "item.i_manufact_id", 
   "sum(((catalog_sales.cs_quantity - COALESCE(catalog_returns.cr_return_quantity, 0))))", 
   "sum(((catalog_sales.cs_ext_sales_price - COALESCE(catalog_returns.cr_return_amount, 0.0))))"
  ], 
  "Group Key": [
   "date_dim.d_year", 
   "item.i_brand_id", 
   "item.i_class_id", 
   "item.i_category_id", 
   "item.i_manufact_id"
  ], 
  "Parent Relationship": "InitPlan", 
  "Subplan Name": "CTE all_sales", 
  "Total Cost": 60.36
 }, 
 {
  "Startup Cost": 0.23, 
  "plan_id": 1733, 
  "Plans": [
   1734
  ], 
  "Sort Key": [
   "((curr_yr.sales_cnt - prev_yr.sales_cnt))"
  ], 
  "Plan Rows": 1, 
  "Node Type": "Sort", 
  "filename": "plans/query75.json", 
  "Parallel Aware": false, 
  "Parent Relationship": "Outer", 
  "Output": [
   "prev_yr.d_year", 
   "curr_yr.d_year", 
   "curr_yr.i_brand_id", 
   "curr_yr.i_class_id", 
   "curr_yr.i_category_id", 
   "curr_yr.i_manufact_id", 
   "prev_yr.sales_cnt", 
   "curr_yr.sales_cnt", 
   "((curr_yr.sales_cnt - prev_yr.sales_cnt))", 
   "((curr_yr.sales_amt - prev_yr.sales_amt))"
  ], 
  "Plan Width": 80, 
  "Total Cost": 0.24
 }, 
 {
  "Startup Cost": 60.59, 
  "plan_id": 1706, 
  "Plans": [
   1707, 
   1733
  ], 
  "Plan Rows": 1, 
  "Node Type": "Limit", 
  "filename": "plans/query75.json", 
  "Parallel Aware": false, 
  "Output": [
   "prev_yr.d_year", 
   "curr_yr.d_year", 
   "curr_yr.i_brand_id", 
   "curr_yr.i_class_id", 
   "curr_yr.i_category_id", 
   "curr_yr.i_manufact_id", 
   "prev_yr.sales_cnt", 
   "curr_yr.sales_cnt", 
   "((curr_yr.sales_cnt - prev_yr.sales_cnt))", 
   "((curr_yr.sales_amt - prev_yr.sales_amt))"
  ], 
  "Plan Width": 80, 
  "Total Cost": 60.59
 }, 
 {
  "Relation Name": "store_sales", 
  "Startup Cost": 0.0, 
  "plan_id": 1745, 
  "Node Type": "Seq Scan", 
  "Plan Rows": 2, 
  "Filter": "(store_sales.ss_customer_sk IS NULL)", 
  "Alias": "store_sales", 
  "filename": "plans/query76.json", 
  "Schema": "pg_temp_2", 
  "Parallel Aware": false, 
  "Parent Relationship": "Outer", 
  "Output": [
   "store_sales.ss_ext_sales_price", 
   "store_sales.ss_sold_date_sk", 
   "store_sales.ss_item_sk"
  ], 
  "Plan Width": 22, 
  "Total Cost": 13.4
 }, 
 {
  "Startup Cost": 0.0, 
  "plan_id": 1743, 
  "Node Type": "Seq Scan", 
  "Plan Rows": 40, 
  "Relation Name": "item", 
  "Alias": "item", 
  "filename": "plans/query76.json", 
  "Schema": "pg_temp_2", 
  "Parallel Aware": false, 
  "Parent Relationship": "Outer", 
  "Output": [
   "item.i_item_sk", 
   "item.i_item_id", 
   "item.i_rec_start_date", 
   "item.i_rec_end_date", 
   "item.i_item_desc", 
   "item.i_current_price", 
   "item.i_wholesale_cost", 
   "item.i_brand_id", 
   "item.i_brand", 
   "item.i_class_id", 
   "item.i_class", 
   "item.i_category_id", 
   "item.i_category", 
   "item.i_manufact_id", 
   "item.i_manufact", 
   "item.i_size", 
   "item.i_formulation", 
   "item.i_color", 
   "item.i_units", 
   "item.i_container", 
   "item.i_manager_id", 
   "item.i_product_name"
  ], 
  "Plan Width": 208, 
  "Total Cost": 10.4
 }, 
 {
  "Startup Cost": 13.4, 
  "plan_id": 1744, 
  "Plans": [
   1745
  ], 
  "Plan Rows": 2, 
  "Node Type": "Hash", 
  "filename": "plans/query76.json", 
  "Parallel Aware": false, 
  "Parent Relationship": "Inner", 
  "Output": [
   "store_sales.ss_ext_sales_price", 
   "store_sales.ss_sold_date_sk", 
   "store_sales.ss_item_sk"
  ], 
  "Plan Width": 22, 
  "Total Cost": 13.4
 }, 
 {
  "Startup Cost": 13.43, 
  "Plan Width": 222, 
  "plan_id": 1742, 
  "Plans": [
   1743, 
   1744
  ], 
  "Plan Rows": 1, 
  "Node Type": "Hash Join", 
  "Join Type": "Inner", 
  "filename": "plans/query76.json", 
  "Parallel Aware": false, 
  "Output": [
   "store_sales.ss_ext_sales_price", 
   "store_sales.ss_sold_date_sk", 
   "item.i_category"
  ], 
  "Hash Cond": "(item.i_item_sk = store_sales.ss_item_sk)", 
  "Parent Relationship": "Outer", 
  "Total Cost": 23.98
 }, 
 {
  "Startup Cost": 0.15, 
  "filename": "plans/query76.json", 
  "plan_id": 1746, 
  "Scan Direction": "Forward", 
  "Index Cond": "(date_dim.d_date_sk = store_sales.ss_sold_date_sk)", 
  "Node Type": "Index Scan", 
  "Relation Name": "date_dim", 
  "Alias": "date_dim", 
  "Plan Rows": 1, 
  "Schema": "pg_temp_2", 
  "Parallel Aware": false, 
  "Parent Relationship": "Inner", 
  "Output": [
   "date_dim.d_date_sk", 
   "date_dim.d_date_id", 
   "date_dim.d_date", 
   "date_dim.d_month_seq", 
   "date_dim.d_week_seq", 
   "date_dim.d_quarter_seq", 
   "date_dim.d_year", 
   "date_dim.d_dow", 
   "date_dim.d_moy", 
   "date_dim.d_dom", 
   "date_dim.d_qoy", 
   "date_dim.d_fy_year", 
   "date_dim.d_fy_quarter_seq", 
   "date_dim.d_fy_week_seq", 
   "date_dim.d_day_name", 
   "date_dim.d_quarter_name", 
   "date_dim.d_holiday", 
   "date_dim.d_weekend", 
   "date_dim.d_following_holiday", 
   "date_dim.d_first_dom", 
   "date_dim.d_last_dom", 
   "date_dim.d_same_day_ly", 
   "date_dim.d_same_day_lq", 
   "date_dim.d_current_day", 
   "date_dim.d_current_week", 
   "date_dim.d_current_month", 
   "date_dim.d_current_quarter", 
   "date_dim.d_current_year"
  ], 
  "Index Name": "date_dim_pkey", 
  "Plan Width": 12, 
  "Total Cost": 6.17
 }, 
 {
  "Relation Name": "web_sales", 
  "Startup Cost": 0.0, 
  "plan_id": 1749, 
  "Node Type": "Seq Scan", 
  "Plan Rows": 1, 
  "Filter": "(web_sales.ws_ship_customer_sk IS NULL)", 
  "Alias": "web_sales", 
  "filename": "plans/query76.json", 
  "Schema": "pg_temp_2", 
  "Parallel Aware": false, 
  "Parent Relationship": "Outer", 
  "Output": [
   "web_sales.ws_sold_date_sk", 
   "web_sales.ws_sold_time_sk", 
   "web_sales.ws_ship_date_sk", 
   "web_sales.ws_item_sk", 
   "web_sales.ws_bill_customer_sk", 
   "web_sales.ws_bill_cdemo_sk", 
   "web_sales.ws_bill_hdemo_sk", 
   "web_sales.ws_bill_addr_sk", 
   "web_sales.ws_ship_customer_sk", 
   "web_sales.ws_ship_cdemo_sk", 
   "web_sales.ws_ship_hdemo_sk", 
   "web_sales.ws_ship_addr_sk", 
   "web_sales.ws_web_page_sk", 
   "web_sales.ws_web_site_sk", 
   "web_sales.ws_ship_mode_sk", 
   "web_sales.ws_warehouse_sk", 
   "web_sales.ws_promo_sk", 
   "web_sales.ws_order_number", 
   "web_sales.ws_quantity", 
   "web_sales.ws_wholesale_cost", 
   "web_sales.ws_list_price", 
   "web_sales.ws_sales_price", 
   "web_sales.ws_ext_discount_amt", 
   "web_sales.ws_ext_sales_price", 
   "web_sales.ws_ext_wholesale_cost", 
   "web_sales.ws_ext_list_price", 
   "web_sales.ws_ext_tax", 
   "web_sales.ws_coupon_amt", 
   "web_sales.ws_ext_ship_cost", 
   "web_sales.ws_net_paid", 
   "web_sales.ws_net_paid_inc_tax", 
   "web_sales.ws_net_paid_inc_ship", 
   "web_sales.ws_net_paid_inc_ship_tax", 
   "web_sales.ws_net_profit"
  ], 
  "Plan Width": 22, 
  "Total Cost": 12.6
 }, 
 {
  "Startup Cost": 0.14, 
  "filename": "plans/query76.json", 
  "plan_id": 1750, 
  "Scan Direction": "Forward", 
  "Index Cond": "(item_1.i_item_sk = web_sales.ws_item_sk)", 
  "Node Type": "Index Scan", 
  "Relation Name": "item", 
  "Alias": "item_1", 
  "Plan Rows": 1, 
  "Schema": "pg_temp_2", 
  "Parallel Aware": false, 
  "Parent Relationship": "Inner", 
  "Output": [
   "item_1.i_item_sk", 
   "item_1.i_item_id", 
   "item_1.i_rec_start_date", 
   "item_1.i_rec_end_date", 
   "item_1.i_item_desc", 
   "item_1.i_current_price", 
   "item_1.i_wholesale_cost", 
   "item_1.i_brand_id", 
   "item_1.i_brand", 
   "item_1.i_class_id", 
   "item_1.i_class", 
   "item_1.i_category_id", 
   "item_1.i_category", 
   "item_1.i_manufact_id", 
   "item_1.i_manufact", 
   "item_1.i_size", 
   "item_1.i_formulation", 
   "item_1.i_color", 
   "item_1.i_units", 
   "item_1.i_container", 
   "item_1.i_manager_id", 
   "item_1.i_product_name"
  ], 
  "Index Name": "item_pkey", 
  "Plan Width": 208, 
  "Total Cost": 8.16
 }, 
 {
  "Startup Cost": 0.14, 
  "plan_id": 1748, 
  "Plans": [
   1749, 
   1750
  ], 
  "Plan Rows": 1, 
  "Node Type": "Nested Loop", 
  "Join Type": "Inner", 
  "filename": "plans/query76.json", 
  "Parallel Aware": false, 
  "Parent Relationship": "Outer", 
  "Output": [
   "web_sales.ws_ext_sales_price", 
   "web_sales.ws_sold_date_sk", 
   "item_1.i_category"
  ], 
  "Plan Width": 222, 
  "Total Cost": 20.77
 }, 
 {
  "Startup Cost": 0.15, 
  "filename": "plans/query76.json", 
  "plan_id": 1751, 
  "Scan Direction": "Forward", 
  "Index Cond": "(date_dim_1.d_date_sk = web_sales.ws_sold_date_sk)", 
  "Node Type": "Index Scan", 
  "Relation Name": "date_dim", 
  "Alias": "date_dim_1", 
  "Plan Rows": 1, 
  "Schema": "pg_temp_2", 
  "Parallel Aware": false, 
  "Parent Relationship": "Inner", 
  "Output": [
   "date_dim_1.d_date_sk", 
   "date_dim_1.d_date_id", 
   "date_dim_1.d_date", 
   "date_dim_1.d_month_seq", 
   "date_dim_1.d_week_seq", 
   "date_dim_1.d_quarter_seq", 
   "date_dim_1.d_year", 
   "date_dim_1.d_dow", 
   "date_dim_1.d_moy", 
   "date_dim_1.d_dom", 
   "date_dim_1.d_qoy", 
   "date_dim_1.d_fy_year", 
   "date_dim_1.d_fy_quarter_seq", 
   "date_dim_1.d_fy_week_seq", 
   "date_dim_1.d_day_name", 
   "date_dim_1.d_quarter_name", 
   "date_dim_1.d_holiday", 
   "date_dim_1.d_weekend", 
   "date_dim_1.d_following_holiday", 
   "date_dim_1.d_first_dom", 
   "date_dim_1.d_last_dom", 
   "date_dim_1.d_same_day_ly", 
   "date_dim_1.d_same_day_lq", 
   "date_dim_1.d_current_day", 
   "date_dim_1.d_current_week", 
   "date_dim_1.d_current_month", 
   "date_dim_1.d_current_quarter", 
   "date_dim_1.d_current_year"
  ], 
  "Index Name": "date_dim_pkey", 
  "Plan Width": 12, 
  "Total Cost": 8.17
 }, 
 {
  "Relation Name": "catalog_sales", 
  "Startup Cost": 0.0, 
  "plan_id": 1754, 
  "Node Type": "Seq Scan", 
  "Plan Rows": 1, 
  "Filter": "(catalog_sales.cs_ship_addr_sk IS NULL)", 
  "Alias": "catalog_sales", 
  "filename": "plans/query76.json", 
  "Schema": "pg_temp_2", 
  "Parallel Aware": false, 
  "Parent Relationship": "Outer", 
  "Output": [
   "catalog_sales.cs_sold_date_sk", 
   "catalog_sales.cs_sold_time_sk", 
   "catalog_sales.cs_ship_date_sk", 
   "catalog_sales.cs_bill_customer_sk", 
   "catalog_sales.cs_bill_cdemo_sk", 
   "catalog_sales.cs_bill_hdemo_sk", 
   "catalog_sales.cs_bill_addr_sk", 
   "catalog_sales.cs_ship_customer_sk", 
   "catalog_sales.cs_ship_cdemo_sk", 
   "catalog_sales.cs_ship_hdemo_sk", 
   "catalog_sales.cs_ship_addr_sk", 
   "catalog_sales.cs_call_center_sk", 
   "catalog_sales.cs_catalog_page_sk", 
   "catalog_sales.cs_ship_mode_sk", 
   "catalog_sales.cs_warehouse_sk", 
   "catalog_sales.cs_item_sk", 
   "catalog_sales.cs_promo_sk", 
   "catalog_sales.cs_order_number", 
   "catalog_sales.cs_quantity", 
   "catalog_sales.cs_wholesale_cost", 
   "catalog_sales.cs_list_price", 
   "catalog_sales.cs_sales_price", 
   "catalog_sales.cs_ext_discount_amt", 
   "catalog_sales.cs_ext_sales_price", 
   "catalog_sales.cs_ext_wholesale_cost", 
   "catalog_sales.cs_ext_list_price", 
   "catalog_sales.cs_ext_tax", 
   "catalog_sales.cs_coupon_amt", 
   "catalog_sales.cs_ext_ship_cost", 
   "catalog_sales.cs_net_paid", 
   "catalog_sales.cs_net_paid_inc_tax", 
   "catalog_sales.cs_net_paid_inc_ship", 
   "catalog_sales.cs_net_paid_inc_ship_tax", 
   "catalog_sales.cs_net_profit"
  ], 
  "Plan Width": 22, 
  "Total Cost": 12.6
 }, 
 {
  "Startup Cost": 0.14, 
  "filename": "plans/query76.json", 
  "plan_id": 1755, 
  "Scan Direction": "Forward", 
  "Index Cond": "(item_2.i_item_sk = catalog_sales.cs_item_sk)", 
  "Node Type": "Index Scan", 
  "Relation Name": "item", 
  "Alias": "item_2", 
  "Plan Rows": 1, 
  "Schema": "pg_temp_2", 
  "Parallel Aware": false, 
  "Parent Relationship": "Inner", 
  "Output": [
   "item_2.i_item_sk", 
   "item_2.i_item_id", 
   "item_2.i_rec_start_date", 
   "item_2.i_rec_end_date", 
   "item_2.i_item_desc", 
   "item_2.i_current_price", 
   "item_2.i_wholesale_cost", 
   "item_2.i_brand_id", 
   "item_2.i_brand", 
   "item_2.i_class_id", 
   "item_2.i_class", 
   "item_2.i_category_id", 
   "item_2.i_category", 
   "item_2.i_manufact_id", 
   "item_2.i_manufact", 
   "item_2.i_size", 
   "item_2.i_formulation", 
   "item_2.i_color", 
   "item_2.i_units", 
   "item_2.i_container", 
   "item_2.i_manager_id", 
   "item_2.i_product_name"
  ], 
  "Index Name": "item_pkey", 
  "Plan Width": 208, 
  "Total Cost": 8.16
 }, 
 {
  "Startup Cost": 0.14, 
  "plan_id": 1753, 
  "Plans": [
   1754, 
   1755
  ], 
  "Plan Rows": 1, 
  "Node Type": "Nested Loop", 
  "Join Type": "Inner", 
  "filename": "plans/query76.json", 
  "Parallel Aware": false, 
  "Parent Relationship": "Outer", 
  "Output": [
   "catalog_sales.cs_ext_sales_price", 
   "catalog_sales.cs_sold_date_sk", 
   "item_2.i_category"
  ], 
  "Plan Width": 222, 
  "Total Cost": 20.77
 }, 
 {
  "Startup Cost": 0.15, 
  "filename": "plans/query76.json", 
  "plan_id": 1756, 
  "Scan Direction": "Forward", 
  "Index Cond": "(date_dim_2.d_date_sk = catalog_sales.cs_sold_date_sk)", 
  "Node Type": "Index Scan", 
  "Relation Name": "date_dim", 
  "Alias": "date_dim_2", 
  "Plan Rows": 1, 
  "Schema": "pg_temp_2", 
  "Parallel Aware": false, 
  "Parent Relationship": "Inner", 
  "Output": [
   "date_dim_2.d_date_sk", 
   "date_dim_2.d_date_id", 
   "date_dim_2.d_date", 
   "date_dim_2.d_month_seq", 
   "date_dim_2.d_week_seq", 
   "date_dim_2.d_quarter_seq", 
   "date_dim_2.d_year", 
   "date_dim_2.d_dow", 
   "date_dim_2.d_moy", 
   "date_dim_2.d_dom", 
   "date_dim_2.d_qoy", 
   "date_dim_2.d_fy_year", 
   "date_dim_2.d_fy_quarter_seq", 
   "date_dim_2.d_fy_week_seq", 
   "date_dim_2.d_day_name", 
   "date_dim_2.d_quarter_name", 
   "date_dim_2.d_holiday", 
   "date_dim_2.d_weekend", 
   "date_dim_2.d_following_holiday", 
   "date_dim_2.d_first_dom", 
   "date_dim_2.d_last_dom", 
   "date_dim_2.d_same_day_ly", 
   "date_dim_2.d_same_day_lq", 
   "date_dim_2.d_current_day", 
   "date_dim_2.d_current_week", 
   "date_dim_2.d_current_month", 
   "date_dim_2.d_current_quarter", 
   "date_dim_2.d_current_year"
  ], 
  "Index Name": "date_dim_pkey", 
  "Plan Width": 12, 
  "Total Cost": 8.17
 }, 
 {
  "Startup Cost": 13.57, 
  "plan_id": 1741, 
  "Plans": [
   1742, 
   1746
  ], 
  "Plan Rows": 1, 
  "Node Type": "Nested Loop", 
  "Join Type": "Inner", 
  "filename": "plans/query76.json", 
  "Parallel Aware": false, 
  "Parent Relationship": "Member", 
  "Output": [
   "'store'::text", 
   "'ss_customer_sk'::text", 
   "date_dim.d_year", 
   "date_dim.d_qoy", 
   "item.i_category", 
   "store_sales.ss_ext_sales_price"
  ], 
  "Plan Width": 290, 
  "Total Cost": 30.16
 }, 
 {
  "Startup Cost": 0.29, 
  "plan_id": 1747, 
  "Plans": [
   1748, 
   1751
  ], 
  "Plan Rows": 1, 
  "Node Type": "Nested Loop", 
  "Join Type": "Inner", 
  "filename": "plans/query76.json", 
  "Parallel Aware": false, 
  "Parent Relationship": "Member", 
  "Output": [
   "'web'::text", 
   "'ws_ship_customer_sk'::text", 
   "date_dim_1.d_year", 
   "date_dim_1.d_qoy", 
   "item_1.i_category", 
   "web_sales.ws_ext_sales_price"
  ], 
  "Plan Width": 290, 
  "Total Cost": 28.94
 }, 
 {
  "Startup Cost": 0.29, 
  "plan_id": 1752, 
  "Plans": [
   1753, 
   1756
  ], 
  "Plan Rows": 1, 
  "Node Type": "Nested Loop", 
  "Join Type": "Inner", 
  "filename": "plans/query76.json", 
  "Parallel Aware": false, 
  "Parent Relationship": "Member", 
  "Output": [
   "'catalog'::text", 
   "'cs_ship_addr_sk'::text", 
   "date_dim_2.d_year", 
   "date_dim_2.d_qoy", 
   "item_2.i_category", 
   "catalog_sales.cs_ext_sales_price"
  ], 
  "Plan Width": 290, 
  "Total Cost": 28.94
 }, 
 {
  "Startup Cost": 13.57, 
  "plan_id": 1740, 
  "Plans": [
   1741, 
   1747, 
   1752
  ], 
  "Plan Rows": 3, 
  "Node Type": "Append", 
  "filename": "plans/query76.json", 
  "Parallel Aware": false, 
  "Parent Relationship": "Outer", 
  "Plan Width": 290, 
  "Total Cost": 88.08
 }, 
 {
  "Startup Cost": 88.1, 
  "plan_id": 1739, 
  "Plans": [
   1740
  ], 
  "Sort Key": [
   "('store'::text)", 
   "('ss_customer_sk'::text)", 
   "date_dim.d_year", 
   "date_dim.d_qoy", 
   "item.i_category"
  ], 
  "Plan Rows": 3, 
  "Node Type": "Sort", 
  "filename": "plans/query76.json", 
  "Parallel Aware": false, 
  "Parent Relationship": "Outer", 
  "Output": [
   "('store'::text)", 
   "('ss_customer_sk'::text)", 
   "date_dim.d_year", 
   "date_dim.d_qoy", 
   "item.i_category", 
   "store_sales.ss_ext_sales_price"
  ], 
  "Plan Width": 290, 
  "Total Cost": 88.11
 }, 
 {
  "Partial Mode": "Simple", 
  "Startup Cost": 88.1, 
  "Plan Width": 316, 
  "plan_id": 1738, 
  "Plans": [
   1739
  ], 
  "filename": "plans/query76.json", 
  "Node Type": "Aggregate", 
  "Strategy": "Sorted", 
  "Plan Rows": 3, 
  "Parallel Aware": false, 
  "Output": [
   "('store'::text)", 
   "('ss_customer_sk'::text)", 
   "date_dim.d_year", 
   "date_dim.d_qoy", 
   "item.i_category", 
   "count(*)", 
   "sum(store_sales.ss_ext_sales_price)"
  ], 
  "Group Key": [
   "('store'::text)", 
   "('ss_customer_sk'::text)", 
   "date_dim.d_year", 
   "date_dim.d_qoy", 
   "item.i_category"
  ], 
  "Parent Relationship": "Outer", 
  "Total Cost": 88.2
 }, 
 {
  "Startup Cost": 88.1, 
  "plan_id": 1737, 
  "Plans": [
   1738
  ], 
  "Plan Rows": 3, 
  "Node Type": "Limit", 
  "filename": "plans/query76.json", 
  "Parallel Aware": false, 
  "Output": [
   "('store'::text)", 
   "('ss_customer_sk'::text)", 
   "date_dim.d_year", 
   "date_dim.d_qoy", 
   "item.i_category", 
   "(count(*))", 
   "(sum(store_sales.ss_ext_sales_price))"
  ], 
  "Plan Width": 316, 
  "Total Cost": 88.2
 }, 
 {
  "Relation Name": "date_dim", 
  "Startup Cost": 0.0, 
  "plan_id": 1764, 
  "Node Type": "Seq Scan", 
  "Plan Rows": 1, 
  "Filter": "((date_dim.d_date >= '1998-08-15'::date) AND (date_dim.d_date <= '1998-09-14 00:00:00'::timestamp without time zone))", 
  "Alias": "date_dim", 
  "filename": "plans/query77.json", 
  "Schema": "pg_temp_2", 
  "Parallel Aware": false, 
  "Parent Relationship": "Outer", 
  "Output": [
   "date_dim.d_date_sk"
  ], 
  "Plan Width": 4, 
  "Total Cost": 14.05
 }, 
 {
  "Startup Cost": 0.0, 
  "plan_id": 1762, 
  "Node Type": "Seq Scan", 
  "Plan Rows": 340, 
  "Relation Name": "store_sales", 
  "Alias": "store_sales", 
  "filename": "plans/query77.json", 
  "Schema": "pg_temp_2", 
  "Parallel Aware": false, 
  "Parent Relationship": "Outer", 
  "Output": [
   "store_sales.ss_sold_date_sk", 
   "store_sales.ss_sold_time_sk", 
   "store_sales.ss_item_sk", 
   "store_sales.ss_customer_sk", 
   "store_sales.ss_cdemo_sk", 
   "store_sales.ss_hdemo_sk", 
   "store_sales.ss_addr_sk", 
   "store_sales.ss_store_sk", 
   "store_sales.ss_promo_sk", 
   "store_sales.ss_ticket_number", 
   "store_sales.ss_quantity", 
   "store_sales.ss_wholesale_cost", 
   "store_sales.ss_list_price", 
   "store_sales.ss_sales_price", 
   "store_sales.ss_ext_discount_amt", 
   "store_sales.ss_ext_sales_price", 
   "store_sales.ss_ext_wholesale_cost", 
   "store_sales.ss_ext_list_price", 
   "store_sales.ss_ext_tax", 
   "store_sales.ss_coupon_amt", 
   "store_sales.ss_net_paid", 
   "store_sales.ss_net_paid_inc_tax", 
   "store_sales.ss_net_profit"
  ], 
  "Plan Width": 36, 
  "Total Cost": 13.4
 }, 
 {
  "Startup Cost": 14.05, 
  "plan_id": 1763, 
  "Plans": [
   1764
  ], 
  "Plan Rows": 1, 
  "Node Type": "Hash", 
  "filename": "plans/query77.json", 
  "Parallel Aware": false, 
  "Parent Relationship": "Inner", 
  "Output": [
   "date_dim.d_date_sk"
  ], 
  "Plan Width": 4, 
  "Total Cost": 14.05
 }, 
 {
  "Startup Cost": 14.06, 
  "Plan Width": 32, 
  "plan_id": 1761, 
  "Plans": [
   1762, 
   1763
  ], 
  "Plan Rows": 1, 
  "Node Type": "Hash Join", 
  "Join Type": "Inner", 
  "filename": "plans/query77.json", 
  "Parallel Aware": false, 
  "Output": [
   "store_sales.ss_ext_sales_price", 
   "store_sales.ss_net_profit", 
   "store_sales.ss_store_sk"
  ], 
  "Hash Cond": "(store_sales.ss_sold_date_sk = date_dim.d_date_sk)", 
  "Parent Relationship": "Outer", 
  "Total Cost": 28.75
 }, 
 {
  "Startup Cost": 0.14, 
  "filename": "plans/query77.json", 
  "plan_id": 1765, 
  "Scan Direction": "Forward", 
  "Index Cond": "(store.s_store_sk = store_sales.ss_store_sk)", 
  "Node Type": "Index Only Scan", 
  "Relation Name": "store", 
  "Alias": "store", 
  "Plan Rows": 1, 
  "Schema": "pg_temp_2", 
  "Parallel Aware": false, 
  "Parent Relationship": "Inner", 
  "Output": [
   "store.s_store_sk"
  ], 
  "Index Name": "store_pkey", 
  "Plan Width": 4, 
  "Total Cost": 0.29
 }, 
 {
  "Startup Cost": 14.2, 
  "plan_id": 1760, 
  "Plans": [
   1761, 
   1765
  ], 
  "Plan Rows": 1, 
  "Node Type": "Nested Loop", 
  "Join Type": "Inner", 
  "filename": "plans/query77.json", 
  "Parallel Aware": false, 
  "Parent Relationship": "Outer", 
  "Output": [
   "store.s_store_sk", 
   "store_sales.ss_ext_sales_price", 
   "store_sales.ss_net_profit"
  ], 
  "Plan Width": 32, 
  "Total Cost": 29.04
 }, 
 {
  "Startup Cost": 29.05, 
  "plan_id": 1759, 
  "Plans": [
   1760
  ], 
  "Sort Key": [
   "store.s_store_sk"
  ], 
  "Plan Rows": 1, 
  "Node Type": "Sort", 
  "filename": "plans/query77.json", 
  "Parallel Aware": false, 
  "Parent Relationship": "Outer", 
  "Output": [
   "store.s_store_sk", 
   "store_sales.ss_ext_sales_price", 
   "store_sales.ss_net_profit"
  ], 
  "Plan Width": 32, 
  "Total Cost": 29.06
 }, 
 {
  "Relation Name": "date_dim", 
  "Startup Cost": 0.0, 
  "plan_id": 1772, 
  "Node Type": "Seq Scan", 
  "Plan Rows": 1, 
  "Filter": "((date_dim_1.d_date >= '1998-08-15'::date) AND (date_dim_1.d_date <= '1998-09-14 00:00:00'::timestamp without time zone))", 
  "Alias": "date_dim_1", 
  "filename": "plans/query77.json", 
  "Schema": "pg_temp_2", 
  "Parallel Aware": false, 
  "Parent Relationship": "Outer", 
  "Output": [
   "date_dim_1.d_date_sk"
  ], 
  "Plan Width": 4, 
  "Total Cost": 14.05
 }, 
 {
  "Startup Cost": 0.0, 
  "plan_id": 1770, 
  "Node Type": "Seq Scan", 
  "Plan Rows": 410, 
  "Relation Name": "store_returns", 
  "Alias": "store_returns", 
  "filename": "plans/query77.json", 
  "Schema": "pg_temp_2", 
  "Parallel Aware": false, 
  "Parent Relationship": "Outer", 
  "Output": [
   "store_returns.sr_returned_date_sk", 
   "store_returns.sr_return_time_sk", 
   "store_returns.sr_item_sk", 
   "store_returns.sr_customer_sk", 
   "store_returns.sr_cdemo_sk", 
   "store_returns.sr_hdemo_sk", 
   "store_returns.sr_addr_sk", 
   "store_returns.sr_store_sk", 
   "store_returns.sr_reason_sk", 
   "store_returns.sr_ticket_number", 
   "store_returns.sr_return_quantity", 
   "store_returns.sr_return_amt", 
   "store_returns.sr_return_tax", 
   "store_returns.sr_return_amt_inc_tax", 
   "store_returns.sr_fee", 
   "store_returns.sr_return_ship_cost", 
   "store_returns.sr_refunded_cash", 
   "store_returns.sr_reversed_charge", 
   "store_returns.sr_store_credit", 
   "store_returns.sr_net_loss"
  ], 
  "Plan Width": 36, 
  "Total Cost": 14.1
 }, 
 {
  "Startup Cost": 14.05, 
  "plan_id": 1771, 
  "Plans": [
   1772
  ], 
  "Plan Rows": 1, 
  "Node Type": "Hash", 
  "filename": "plans/query77.json", 
  "Parallel Aware": false, 
  "Parent Relationship": "Inner", 
  "Output": [
   "date_dim_1.d_date_sk"
  ], 
  "Plan Width": 4, 
  "Total Cost": 14.05
 }, 
 {
  "Startup Cost": 14.06, 
  "Plan Width": 32, 
  "plan_id": 1769, 
  "Plans": [
   1770, 
   1771
  ], 
  "Plan Rows": 2, 
  "Node Type": "Hash Join", 
  "Join Type": "Inner", 
  "filename": "plans/query77.json", 
  "Parallel Aware": false, 
  "Output": [
   "store_returns.sr_return_amt", 
   "store_returns.sr_net_loss", 
   "store_returns.sr_store_sk"
  ], 
  "Hash Cond": "(store_returns.sr_returned_date_sk = date_dim_1.d_date_sk)", 
  "Parent Relationship": "Outer", 
  "Total Cost": 29.72
 }, 
 {
  "Startup Cost": 0.14, 
  "filename": "plans/query77.json", 
  "plan_id": 1773, 
  "Scan Direction": "Forward", 
  "Index Cond": "(store_1.s_store_sk = store_returns.sr_store_sk)", 
  "Node Type": "Index Only Scan", 
  "Relation Name": "store", 
  "Alias": "store_1", 
  "Plan Rows": 1, 
  "Schema": "pg_temp_2", 
  "Parallel Aware": false, 
  "Parent Relationship": "Inner", 
  "Output": [
   "store_1.s_store_sk"
  ], 
  "Index Name": "store_pkey", 
  "Plan Width": 4, 
  "Total Cost": 0.26
 }, 
 {
  "Startup Cost": 14.2, 
  "plan_id": 1768, 
  "Plans": [
   1769, 
   1773
  ], 
  "Plan Rows": 1, 
  "Node Type": "Nested Loop", 
  "Join Type": "Inner", 
  "filename": "plans/query77.json", 
  "Parallel Aware": false, 
  "Parent Relationship": "Outer", 
  "Output": [
   "store_1.s_store_sk", 
   "store_returns.sr_return_amt", 
   "store_returns.sr_net_loss"
  ], 
  "Plan Width": 32, 
  "Total Cost": 30.27
 }, 
 {
  "Startup Cost": 30.28, 
  "plan_id": 1767, 
  "Plans": [
   1768
  ], 
  "Sort Key": [
   "store_1.s_store_sk"
  ], 
  "Plan Rows": 1, 
  "Node Type": "Sort", 
  "filename": "plans/query77.json", 
  "Parallel Aware": false, 
  "Parent Relationship": "Outer", 
  "Output": [
   "store_1.s_store_sk", 
   "store_returns.sr_return_amt", 
   "store_returns.sr_net_loss"
  ], 
  "Plan Width": 32, 
  "Total Cost": 30.28
 }, 
 {
  "Relation Name": "date_dim", 
  "Startup Cost": 0.0, 
  "plan_id": 1779, 
  "Node Type": "Seq Scan", 
  "Plan Rows": 1, 
  "Filter": "((date_dim_2.d_date >= '1998-08-15'::date) AND (date_dim_2.d_date <= '1998-09-14 00:00:00'::timestamp without time zone))", 
  "Alias": "date_dim_2", 
  "filename": "plans/query77.json", 
  "Schema": "pg_temp_2", 
  "Parallel Aware": false, 
  "Parent Relationship": "Outer", 
  "Output": [
   "date_dim_2.d_date_sk"
  ], 
  "Plan Width": 4, 
  "Total Cost": 14.05
 }, 
 {
  "Startup Cost": 0.0, 
  "plan_id": 1777, 
  "Node Type": "Seq Scan", 
  "Plan Rows": 260, 
  "Relation Name": "catalog_sales", 
  "Alias": "catalog_sales", 
  "filename": "plans/query77.json", 
  "Schema": "pg_temp_2", 
  "Parallel Aware": false, 
  "Parent Relationship": "Outer", 
  "Output": [
   "catalog_sales.cs_sold_date_sk", 
   "catalog_sales.cs_sold_time_sk", 
   "catalog_sales.cs_ship_date_sk", 
   "catalog_sales.cs_bill_customer_sk", 
   "catalog_sales.cs_bill_cdemo_sk", 
   "catalog_sales.cs_bill_hdemo_sk", 
   "catalog_sales.cs_bill_addr_sk", 
   "catalog_sales.cs_ship_customer_sk", 
   "catalog_sales.cs_ship_cdemo_sk", 
   "catalog_sales.cs_ship_hdemo_sk", 
   "catalog_sales.cs_ship_addr_sk", 
   "catalog_sales.cs_call_center_sk", 
   "catalog_sales.cs_catalog_page_sk", 
   "catalog_sales.cs_ship_mode_sk", 
   "catalog_sales.cs_warehouse_sk", 
   "catalog_sales.cs_item_sk", 
   "catalog_sales.cs_promo_sk", 
   "catalog_sales.cs_order_number", 
   "catalog_sales.cs_quantity", 
   "catalog_sales.cs_wholesale_cost", 
   "catalog_sales.cs_list_price", 
   "catalog_sales.cs_sales_price", 
   "catalog_sales.cs_ext_discount_amt", 
   "catalog_sales.cs_ext_sales_price", 
   "catalog_sales.cs_ext_wholesale_cost", 
   "catalog_sales.cs_ext_list_price", 
   "catalog_sales.cs_ext_tax", 
   "catalog_sales.cs_coupon_amt", 
   "catalog_sales.cs_ext_ship_cost", 
   "catalog_sales.cs_net_paid", 
   "catalog_sales.cs_net_paid_inc_tax", 
   "catalog_sales.cs_net_paid_inc_ship", 
   "catalog_sales.cs_net_paid_inc_ship_tax", 
   "catalog_sales.cs_net_profit"
  ], 
  "Plan Width": 36, 
  "Total Cost": 12.6
 }, 
 {
  "Startup Cost": 14.05, 
  "plan_id": 1778, 
  "Plans": [
   1779
  ], 
  "Plan Rows": 1, 
  "Node Type": "Hash", 
  "filename": "plans/query77.json", 
  "Parallel Aware": false, 
  "Parent Relationship": "Inner", 
  "Output": [
   "date_dim_2.d_date_sk"
  ], 
  "Plan Width": 4, 
  "Total Cost": 14.05
 }, 
 {
  "Startup Cost": 14.06, 
  "Plan Width": 32, 
  "plan_id": 1776, 
  "Plans": [
   1777, 
   1778
  ], 
  "Plan Rows": 1, 
  "Node Type": "Hash Join", 
  "Join Type": "Inner", 
  "filename": "plans/query77.json", 
  "Parallel Aware": false, 
  "Output": [
   "catalog_sales.cs_call_center_sk", 
   "catalog_sales.cs_ext_sales_price", 
   "catalog_sales.cs_net_profit"
  ], 
  "Hash Cond": "(catalog_sales.cs_sold_date_sk = date_dim_2.d_date_sk)", 
  "Parent Relationship": "Outer", 
  "Total Cost": 27.65
 }, 
 {
  "Startup Cost": 27.66, 
  "plan_id": 1775, 
  "Plans": [
   1776
  ], 
  "Sort Key": [
   "catalog_sales.cs_call_center_sk"
  ], 
  "Plan Rows": 1, 
  "Node Type": "Sort", 
  "filename": "plans/query77.json", 
  "Parallel Aware": false, 
  "Parent Relationship": "Outer", 
  "Output": [
   "catalog_sales.cs_call_center_sk", 
   "catalog_sales.cs_ext_sales_price", 
   "catalog_sales.cs_net_profit"
  ], 
  "Plan Width": 32, 
  "Total Cost": 27.66
 }, 
 {
  "Relation Name": "date_dim", 
  "Startup Cost": 0.0, 
  "plan_id": 1785, 
  "Node Type": "Seq Scan", 
  "Plan Rows": 1, 
  "Filter": "((date_dim_3.d_date >= '1998-08-15'::date) AND (date_dim_3.d_date <= '1998-09-14 00:00:00'::timestamp without time zone))", 
  "Alias": "date_dim_3", 
  "filename": "plans/query77.json", 
  "Schema": "pg_temp_2", 
  "Parallel Aware": false, 
  "Parent Relationship": "Outer", 
  "Output": [
   "date_dim_3.d_date_sk"
  ], 
  "Plan Width": 4, 
  "Total Cost": 14.05
 }, 
 {
  "Startup Cost": 0.0, 
  "plan_id": 1783, 
  "Node Type": "Seq Scan", 
  "Plan Rows": 360, 
  "Relation Name": "catalog_returns", 
  "Alias": "catalog_returns", 
  "filename": "plans/query77.json", 
  "Schema": "pg_temp_2", 
  "Parallel Aware": false, 
  "Parent Relationship": "Outer", 
  "Output": [
   "catalog_returns.cr_returned_date_sk", 
   "catalog_returns.cr_returned_time_sk", 
   "catalog_returns.cr_item_sk", 
   "catalog_returns.cr_refunded_customer_sk", 
   "catalog_returns.cr_refunded_cdemo_sk", 
   "catalog_returns.cr_refunded_hdemo_sk", 
   "catalog_returns.cr_refunded_addr_sk", 
   "catalog_returns.cr_returning_customer_sk", 
   "catalog_returns.cr_returning_cdemo_sk", 
   "catalog_returns.cr_returning_hdemo_sk", 
   "catalog_returns.cr_returning_addr_sk", 
   "catalog_returns.cr_call_center_sk", 
   "catalog_returns.cr_catalog_page_sk", 
   "catalog_returns.cr_ship_mode_sk", 
   "catalog_returns.cr_warehouse_sk", 
   "catalog_returns.cr_reason_sk", 
   "catalog_returns.cr_order_number", 
   "catalog_returns.cr_return_quantity", 
   "catalog_returns.cr_return_amount", 
   "catalog_returns.cr_return_tax", 
   "catalog_returns.cr_return_amt_inc_tax", 
   "catalog_returns.cr_fee", 
   "catalog_returns.cr_return_ship_cost", 
   "catalog_returns.cr_refunded_cash", 
   "catalog_returns.cr_reversed_charge", 
   "catalog_returns.cr_store_credit", 
   "catalog_returns.cr_net_loss"
  ], 
  "Plan Width": 36, 
  "Total Cost": 13.6
 }, 
 {
  "Startup Cost": 14.05, 
  "plan_id": 1784, 
  "Plans": [
   1785
  ], 
  "Plan Rows": 1, 
  "Node Type": "Hash", 
  "filename": "plans/query77.json", 
  "Parallel Aware": false, 
  "Parent Relationship": "Inner", 
  "Output": [
   "date_dim_3.d_date_sk"
  ], 
  "Plan Width": 4, 
  "Total Cost": 14.05
 }, 
 {
  "Startup Cost": 14.06, 
  "Plan Width": 32, 
  "plan_id": 1782, 
  "Plans": [
   1783, 
   1784
  ], 
  "Plan Rows": 1, 
  "Node Type": "Hash Join", 
  "Join Type": "Inner", 
  "filename": "plans/query77.json", 
  "Parallel Aware": false, 
  "Output": [
   "catalog_returns.cr_call_center_sk", 
   "catalog_returns.cr_return_amount", 
   "catalog_returns.cr_net_loss"
  ], 
  "Hash Cond": "(catalog_returns.cr_returned_date_sk = date_dim_3.d_date_sk)", 
  "Parent Relationship": "Outer", 
  "Total Cost": 29.02
 }, 
 {
  "Startup Cost": 29.03, 
  "plan_id": 1781, 
  "Plans": [
   1782
  ], 
  "Sort Key": [
   "catalog_returns.cr_call_center_sk"
  ], 
  "Plan Rows": 1, 
  "Node Type": "Sort", 
  "filename": "plans/query77.json", 
  "Parallel Aware": false, 
  "Parent Relationship": "Outer", 
  "Output": [
   "catalog_returns.cr_call_center_sk", 
   "catalog_returns.cr_return_amount", 
   "catalog_returns.cr_net_loss"
  ], 
  "Plan Width": 32, 
  "Total Cost": 29.04
 }, 
 {
  "Relation Name": "date_dim", 
  "Startup Cost": 0.0, 
  "plan_id": 1792, 
  "Node Type": "Seq Scan", 
  "Plan Rows": 1, 
  "Filter": "((date_dim_4.d_date >= '1998-08-15'::date) AND (date_dim_4.d_date <= '1998-09-14 00:00:00'::timestamp without time zone))", 
  "Alias": "date_dim_4", 
  "filename": "plans/query77.json", 
  "Schema": "pg_temp_2", 
  "Parallel Aware": false, 
  "Parent Relationship": "Outer", 
  "Output": [
   "date_dim_4.d_date_sk"
  ], 
  "Plan Width": 4, 
  "Total Cost": 14.05
 }, 
 {
  "Startup Cost": 0.0, 
  "plan_id": 1790, 
  "Node Type": "Seq Scan", 
  "Plan Rows": 260, 
  "Relation Name": "web_sales", 
  "Alias": "web_sales", 
  "filename": "plans/query77.json", 
  "Schema": "pg_temp_2", 
  "Parallel Aware": false, 
  "Parent Relationship": "Outer", 
  "Output": [
   "web_sales.ws_sold_date_sk", 
   "web_sales.ws_sold_time_sk", 
   "web_sales.ws_ship_date_sk", 
   "web_sales.ws_item_sk", 
   "web_sales.ws_bill_customer_sk", 
   "web_sales.ws_bill_cdemo_sk", 
   "web_sales.ws_bill_hdemo_sk", 
   "web_sales.ws_bill_addr_sk", 
   "web_sales.ws_ship_customer_sk", 
   "web_sales.ws_ship_cdemo_sk", 
   "web_sales.ws_ship_hdemo_sk", 
   "web_sales.ws_ship_addr_sk", 
   "web_sales.ws_web_page_sk", 
   "web_sales.ws_web_site_sk", 
   "web_sales.ws_ship_mode_sk", 
   "web_sales.ws_warehouse_sk", 
   "web_sales.ws_promo_sk", 
   "web_sales.ws_order_number", 
   "web_sales.ws_quantity", 
   "web_sales.ws_wholesale_cost", 
   "web_sales.ws_list_price", 
   "web_sales.ws_sales_price", 
   "web_sales.ws_ext_discount_amt", 
   "web_sales.ws_ext_sales_price", 
   "web_sales.ws_ext_wholesale_cost", 
   "web_sales.ws_ext_list_price", 
   "web_sales.ws_ext_tax", 
   "web_sales.ws_coupon_amt", 
   "web_sales.ws_ext_ship_cost", 
   "web_sales.ws_net_paid", 
   "web_sales.ws_net_paid_inc_tax", 
   "web_sales.ws_net_paid_inc_ship", 
   "web_sales.ws_net_paid_inc_ship_tax", 
   "web_sales.ws_net_profit"
  ], 
  "Plan Width": 36, 
  "Total Cost": 12.6
 }, 
 {
  "Startup Cost": 14.05, 
  "plan_id": 1791, 
  "Plans": [
   1792
  ], 
  "Plan Rows": 1, 
  "Node Type": "Hash", 
  "filename": "plans/query77.json", 
  "Parallel Aware": false, 
  "Parent Relationship": "Inner", 
  "Output": [
   "date_dim_4.d_date_sk"
  ], 
  "Plan Width": 4, 
  "Total Cost": 14.05
 }, 
 {
  "Startup Cost": 14.06, 
  "Plan Width": 32, 
  "plan_id": 1789, 
  "Plans": [
   1790, 
   1791
  ], 
  "Plan Rows": 1, 
  "Node Type": "Hash Join", 
  "Join Type": "Inner", 
  "filename": "plans/query77.json", 
  "Parallel Aware": false, 
  "Output": [
   "web_sales.ws_ext_sales_price", 
   "web_sales.ws_net_profit", 
   "web_sales.ws_web_page_sk"
  ], 
  "Hash Cond": "(web_sales.ws_sold_date_sk = date_dim_4.d_date_sk)", 
  "Parent Relationship": "Outer", 
  "Total Cost": 27.65
 }, 
 {
  "Startup Cost": 0.14, 
  "filename": "plans/query77.json", 
  "plan_id": 1793, 
  "Scan Direction": "Forward", 
  "Index Cond": "(web_page.wp_web_page_sk = web_sales.ws_web_page_sk)", 
  "Node Type": "Index Only Scan", 
  "Relation Name": "web_page", 
  "Alias": "web_page", 
  "Plan Rows": 1, 
  "Schema": "pg_temp_2", 
  "Parallel Aware": false, 
  "Parent Relationship": "Inner", 
  "Output": [
   "web_page.wp_web_page_sk"
  ], 
  "Index Name": "web_page_pkey", 
  "Plan Width": 4, 
  "Total Cost": 0.33
 }, 
 {
  "Startup Cost": 14.21, 
  "plan_id": 1788, 
  "Plans": [
   1789, 
   1793
  ], 
  "Plan Rows": 1, 
  "Node Type": "Nested Loop", 
  "Join Type": "Inner", 
  "filename": "plans/query77.json", 
  "Parallel Aware": false, 
  "Parent Relationship": "Outer", 
  "Output": [
   "web_page.wp_web_page_sk", 
   "web_sales.ws_ext_sales_price", 
   "web_sales.ws_net_profit"
  ], 
  "Plan Width": 32, 
  "Total Cost": 27.99
 }, 
 {
  "Startup Cost": 28.0, 
  "plan_id": 1787, 
  "Plans": [
   1788
  ], 
  "Sort Key": [
   "web_page.wp_web_page_sk"
  ], 
  "Plan Rows": 1, 
  "Node Type": "Sort", 
  "filename": "plans/query77.json", 
  "Parallel Aware": false, 
  "Parent Relationship": "Outer", 
  "Output": [
   "web_page.wp_web_page_sk", 
   "web_sales.ws_ext_sales_price", 
   "web_sales.ws_net_profit"
  ], 
  "Plan Width": 32, 
  "Total Cost": 28.0
 }, 
 {
  "Relation Name": "date_dim", 
  "Startup Cost": 0.0, 
  "plan_id": 1800, 
  "Node Type": "Seq Scan", 
  "Plan Rows": 1, 
  "Filter": "((date_dim_5.d_date >= '1998-08-15'::date) AND (date_dim_5.d_date <= '1998-09-14 00:00:00'::timestamp without time zone))", 
  "Alias": "date_dim_5", 
  "filename": "plans/query77.json", 
  "Schema": "pg_temp_2", 
  "Parallel Aware": false, 
  "Parent Relationship": "Outer", 
  "Output": [
   "date_dim_5.d_date_sk"
  ], 
  "Plan Width": 4, 
  "Total Cost": 14.05
 }, 
 {
  "Startup Cost": 0.0, 
  "plan_id": 1798, 
  "Node Type": "Seq Scan", 
  "Plan Rows": 380, 
  "Relation Name": "web_returns", 
  "Alias": "web_returns", 
  "filename": "plans/query77.json", 
  "Schema": "pg_temp_2", 
  "Parallel Aware": false, 
  "Parent Relationship": "Outer", 
  "Output": [
   "web_returns.wr_returned_date_sk", 
   "web_returns.wr_returned_time_sk", 
   "web_returns.wr_item_sk", 
   "web_returns.wr_refunded_customer_sk", 
   "web_returns.wr_refunded_cdemo_sk", 
   "web_returns.wr_refunded_hdemo_sk", 
   "web_returns.wr_refunded_addr_sk", 
   "web_returns.wr_returning_customer_sk", 
   "web_returns.wr_returning_cdemo_sk", 
   "web_returns.wr_returning_hdemo_sk", 
   "web_returns.wr_returning_addr_sk", 
   "web_returns.wr_web_page_sk", 
   "web_returns.wr_reason_sk", 
   "web_returns.wr_order_number", 
   "web_returns.wr_return_quantity", 
   "web_returns.wr_return_amt", 
   "web_returns.wr_return_tax", 
   "web_returns.wr_return_amt_inc_tax", 
   "web_returns.wr_fee", 
   "web_returns.wr_return_ship_cost", 
   "web_returns.wr_refunded_cash", 
   "web_returns.wr_reversed_charge", 
   "web_returns.wr_account_credit", 
   "web_returns.wr_net_loss"
  ], 
  "Plan Width": 36, 
  "Total Cost": 13.8
 }, 
 {
  "Startup Cost": 14.05, 
  "plan_id": 1799, 
  "Plans": [
   1800
  ], 
  "Plan Rows": 1, 
  "Node Type": "Hash", 
  "filename": "plans/query77.json", 
  "Parallel Aware": false, 
  "Parent Relationship": "Inner", 
  "Output": [
   "date_dim_5.d_date_sk"
  ], 
  "Plan Width": 4, 
  "Total Cost": 14.05
 }, 
 {
  "Startup Cost": 14.06, 
  "Plan Width": 32, 
  "plan_id": 1797, 
  "Plans": [
   1798, 
   1799
  ], 
  "Plan Rows": 1, 
  "Node Type": "Hash Join", 
  "Join Type": "Inner", 
  "filename": "plans/query77.json", 
  "Parallel Aware": false, 
  "Output": [
   "web_returns.wr_return_amt", 
   "web_returns.wr_net_loss", 
   "web_returns.wr_web_page_sk"
  ], 
  "Hash Cond": "(web_returns.wr_returned_date_sk = date_dim_5.d_date_sk)", 
  "Parent Relationship": "Outer", 
  "Total Cost": 29.3
 }, 
 {
  "Startup Cost": 0.14, 
  "filename": "plans/query77.json", 
  "plan_id": 1801, 
  "Scan Direction": "Forward", 
  "Index Cond": "(web_page_1.wp_web_page_sk = web_returns.wr_web_page_sk)", 
  "Node Type": "Index Only Scan", 
  "Relation Name": "web_page", 
  "Alias": "web_page_1", 
  "Plan Rows": 1, 
  "Schema": "pg_temp_2", 
  "Parallel Aware": false, 
  "Parent Relationship": "Inner", 
  "Output": [
   "web_page_1.wp_web_page_sk"
  ], 
  "Index Name": "web_page_pkey", 
  "Plan Width": 4, 
  "Total Cost": 0.28
 }, 
 {
  "Startup Cost": 14.21, 
  "plan_id": 1796, 
  "Plans": [
   1797, 
   1801
  ], 
  "Plan Rows": 1, 
  "Node Type": "Nested Loop", 
  "Join Type": "Inner", 
  "filename": "plans/query77.json", 
  "Parallel Aware": false, 
  "Parent Relationship": "Outer", 
  "Output": [
   "web_page_1.wp_web_page_sk", 
   "web_returns.wr_return_amt", 
   "web_returns.wr_net_loss"
  ], 
  "Plan Width": 32, 
  "Total Cost": 29.59
 }, 
 {
  "Startup Cost": 29.6, 
  "plan_id": 1795, 
  "Plans": [
   1796
  ], 
  "Sort Key": [
   "web_page_1.wp_web_page_sk"
  ], 
  "Plan Rows": 1, 
  "Node Type": "Sort", 
  "filename": "plans/query77.json", 
  "Parallel Aware": false, 
  "Parent Relationship": "Outer", 
  "Output": [
   "web_page_1.wp_web_page_sk", 
   "web_returns.wr_return_amt", 
   "web_returns.wr_net_loss"
  ], 
  "Plan Width": 32, 
  "Total Cost": 29.6
 }, 
 {
  "Startup Cost": 0.0, 
  "plan_id": 1806, 
  "CTE Name": "ss", 
  "Node Type": "CTE Scan", 
  "Plan Rows": 1, 
  "Alias": "ss", 
  "filename": "plans/query77.json", 
  "Parallel Aware": false, 
  "Parent Relationship": "Outer", 
  "Output": [
   "ss.s_store_sk", 
   "ss.sales", 
   "ss.profit"
  ], 
  "Plan Width": 68, 
  "Total Cost": 0.02
 }, 
 {
  "Startup Cost": 0.0, 
  "plan_id": 1807, 
  "CTE Name": "sr", 
  "Node Type": "CTE Scan", 
  "Plan Rows": 1, 
  "Alias": "sr", 
  "filename": "plans/query77.json", 
  "Parallel Aware": false, 
  "Parent Relationship": "Inner", 
  "Output": [
   "sr.s_store_sk", 
   "sr.returns", 
   "sr.profit_loss"
  ], 
  "Plan Width": 68, 
  "Total Cost": 0.02
 }, 
 {
  "Startup Cost": 0.0, 
  "plan_id": 1809, 
  "CTE Name": "cs", 
  "Node Type": "CTE Scan", 
  "Plan Rows": 1, 
  "Alias": "cs", 
  "filename": "plans/query77.json", 
  "Parallel Aware": false, 
  "Parent Relationship": "Outer", 
  "Output": [
   "cs.cs_call_center_sk", 
   "cs.sales", 
   "cs.profit"
  ], 
  "Plan Width": 68, 
  "Total Cost": 0.02
 }, 
 {
  "Startup Cost": 0.0, 
  "plan_id": 1810, 
  "CTE Name": "cr", 
  "Node Type": "CTE Scan", 
  "Plan Rows": 1, 
  "Alias": "cr", 
  "filename": "plans/query77.json", 
  "Parallel Aware": false, 
  "Parent Relationship": "Inner", 
  "Output": [
   "cr.cr_call_center_sk", 
   "cr.returns", 
   "cr.profit_loss"
  ], 
  "Plan Width": 64, 
  "Total Cost": 0.02
 }, 
 {
  "Startup Cost": 0.0, 
  "plan_id": 1812, 
  "CTE Name": "ws", 
  "Node Type": "CTE Scan", 
  "Plan Rows": 1, 
  "Alias": "ws", 
  "filename": "plans/query77.json", 
  "Parallel Aware": false, 
  "Parent Relationship": "Outer", 
  "Output": [
   "ws.wp_web_page_sk", 
   "ws.sales", 
   "ws.profit"
  ], 
  "Plan Width": 68, 
  "Total Cost": 0.02
 }, 
 {
  "Startup Cost": 0.0, 
  "plan_id": 1813, 
  "CTE Name": "wr", 
  "Node Type": "CTE Scan", 
  "Plan Rows": 1, 
  "Alias": "wr", 
  "filename": "plans/query77.json", 
  "Parallel Aware": false, 
  "Parent Relationship": "Inner", 
  "Output": [
   "wr.wp_web_page_sk", 
   "wr.returns", 
   "wr.profit_loss"
  ], 
  "Plan Width": 68, 
  "Total Cost": 0.02
 }, 
 {
  "Startup Cost": 0.0, 
  "plan_id": 1805, 
  "Plans": [
   1806, 
   1807
  ], 
  "Plan Rows": 1, 
  "Node Type": "Nested Loop", 
  "Join Type": "Left", 
  "filename": "plans/query77.json", 
  "Parallel Aware": false, 
  "Parent Relationship": "Member", 
  "Output": [
   "'store channel'::text", 
   "ss.s_store_sk", 
   "ss.sales", 
   "COALESCE(sr.returns, '0'::numeric)", 
   "(ss.profit - COALESCE(sr.profit_loss, '0'::numeric))"
  ], 
  "Plan Width": 132, 
  "Join Filter": "(ss.s_store_sk = sr.s_store_sk)", 
  "Total Cost": 0.06
 }, 
 {
  "Startup Cost": 0.0, 
  "plan_id": 1808, 
  "Plans": [
   1809, 
   1810
  ], 
  "Plan Rows": 1, 
  "Node Type": "Nested Loop", 
  "Join Type": "Inner", 
  "filename": "plans/query77.json", 
  "Parallel Aware": false, 
  "Parent Relationship": "Member", 
  "Output": [
   "'catalog channel'::text", 
   "cs.cs_call_center_sk", 
   "cs.sales", 
   "cr.returns", 
   "(cs.profit - cr.profit_loss)"
  ], 
  "Plan Width": 132, 
  "Total Cost": 0.05
 }, 
 {
  "Startup Cost": 0.0, 
  "plan_id": 1811, 
  "Plans": [
   1812, 
   1813
  ], 
  "Plan Rows": 1, 
  "Node Type": "Nested Loop", 
  "Join Type": "Left", 
  "filename": "plans/query77.json", 
  "Parallel Aware": false, 
  "Parent Relationship": "Member", 
  "Output": [
   "'web channel'::text", 
   "ws.wp_web_page_sk", 
   "ws.sales", 
   "COALESCE(wr.returns, '0'::numeric)", 
   "(ws.profit - COALESCE(wr.profit_loss, '0'::numeric))"
  ], 
  "Plan Width": 132, 
  "Join Filter": "(ws.wp_web_page_sk = wr.wp_web_page_sk)", 
  "Total Cost": 0.06
 }, 
 {
  "Startup Cost": 0.0, 
  "plan_id": 1804, 
  "Plans": [
   1805, 
   1808, 
   1811
  ], 
  "Plan Rows": 3, 
  "Node Type": "Append", 
  "filename": "plans/query77.json", 
  "Parallel Aware": false, 
  "Parent Relationship": "Outer", 
  "Plan Width": 132, 
  "Total Cost": 0.19
 }, 
 {
  "Startup Cost": 0.22, 
  "plan_id": 1803, 
  "Plans": [
   1804
  ], 
  "Sort Key": [
   "('store channel'::text)", 
   "ss.s_store_sk"
  ], 
  "Plan Rows": 3, 
  "Node Type": "Sort", 
  "filename": "plans/query77.json", 
  "Parallel Aware": false, 
  "Parent Relationship": "Outer", 
  "Output": [
   "('store channel'::text)", 
   "ss.s_store_sk", 
   "ss.sales", 
   "(COALESCE(sr.returns, '0'::numeric))", 
   "((ss.profit - COALESCE(sr.profit_loss, '0'::numeric)))"
  ], 
  "Plan Width": 132, 
  "Total Cost": 0.22
 }, 
 {
  "Partial Mode": "Simple", 
  "Startup Cost": 29.05, 
  "Plan Width": 68, 
  "plan_id": 1758, 
  "Plans": [
   1759
  ], 
  "filename": "plans/query77.json", 
  "Node Type": "Aggregate", 
  "Strategy": "Sorted", 
  "Plan Rows": 1, 
  "Parallel Aware": false, 
  "Output": [
   "store.s_store_sk", 
   "sum(store_sales.ss_ext_sales_price)", 
   "sum(store_sales.ss_net_profit)"
  ], 
  "Group Key": [
   "store.s_store_sk"
  ], 
  "Parent Relationship": "InitPlan", 
  "Subplan Name": "CTE ss", 
  "Total Cost": 29.08
 }, 
 {
  "Partial Mode": "Simple", 
  "Startup Cost": 30.28, 
  "Plan Width": 68, 
  "plan_id": 1766, 
  "Plans": [
   1767
  ], 
  "filename": "plans/query77.json", 
  "Node Type": "Aggregate", 
  "Strategy": "Sorted", 
  "Plan Rows": 1, 
  "Parallel Aware": false, 
  "Output": [
   "store_1.s_store_sk", 
   "sum(store_returns.sr_return_amt)", 
   "sum(store_returns.sr_net_loss)"
  ], 
  "Group Key": [
   "store_1.s_store_sk"
  ], 
  "Parent Relationship": "InitPlan", 
  "Subplan Name": "CTE sr", 
  "Total Cost": 30.31
 }, 
 {
  "Partial Mode": "Simple", 
  "Startup Cost": 27.66, 
  "Plan Width": 68, 
  "plan_id": 1774, 
  "Plans": [
   1775
  ], 
  "filename": "plans/query77.json", 
  "Node Type": "Aggregate", 
  "Strategy": "Sorted", 
  "Plan Rows": 1, 
  "Parallel Aware": false, 
  "Output": [
   "catalog_sales.cs_call_center_sk", 
   "sum(catalog_sales.cs_ext_sales_price)", 
   "sum(catalog_sales.cs_net_profit)"
  ], 
  "Group Key": [
   "catalog_sales.cs_call_center_sk"
  ], 
  "Parent Relationship": "InitPlan", 
  "Subplan Name": "CTE cs", 
  "Total Cost": 27.69
 }, 
 {
  "Partial Mode": "Simple", 
  "Startup Cost": 29.03, 
  "Plan Width": 68, 
  "plan_id": 1780, 
  "Plans": [
   1781
  ], 
  "filename": "plans/query77.json", 
  "Node Type": "Aggregate", 
  "Strategy": "Sorted", 
  "Plan Rows": 1, 
  "Parallel Aware": false, 
  "Output": [
   "catalog_returns.cr_call_center_sk", 
   "sum(catalog_returns.cr_return_amount)", 
   "sum(catalog_returns.cr_net_loss)"
  ], 
  "Group Key": [
   "catalog_returns.cr_call_center_sk"
  ], 
  "Parent Relationship": "InitPlan", 
  "Subplan Name": "CTE cr", 
  "Total Cost": 29.06
 }, 
 {
  "Partial Mode": "Simple", 
  "Startup Cost": 28.0, 
  "Plan Width": 68, 
  "plan_id": 1786, 
  "Plans": [
   1787
  ], 
  "filename": "plans/query77.json", 
  "Node Type": "Aggregate", 
  "Strategy": "Sorted", 
  "Plan Rows": 1, 
  "Parallel Aware": false, 
  "Output": [
   "web_page.wp_web_page_sk", 
   "sum(web_sales.ws_ext_sales_price)", 
   "sum(web_sales.ws_net_profit)"
  ], 
  "Group Key": [
   "web_page.wp_web_page_sk"
  ], 
  "Parent Relationship": "InitPlan", 
  "Subplan Name": "CTE ws", 
  "Total Cost": 28.03
 }, 
 {
  "Partial Mode": "Simple", 
  "Startup Cost": 29.6, 
  "Plan Width": 68, 
  "plan_id": 1794, 
  "Plans": [
   1795
  ], 
  "filename": "plans/query77.json", 
  "Node Type": "Aggregate", 
  "Strategy": "Sorted", 
  "Plan Rows": 1, 
  "Parallel Aware": false, 
  "Output": [
   "web_page_1.wp_web_page_sk", 
   "sum(web_returns.wr_return_amt)", 
   "sum(web_returns.wr_net_loss)"
  ], 
  "Group Key": [
   "web_page_1.wp_web_page_sk"
  ], 
  "Parent Relationship": "InitPlan", 
  "Subplan Name": "CTE wr", 
  "Total Cost": 29.62
 }, 
 {
  "Partial Mode": "Simple", 
  "Startup Cost": 0.22, 
  "filename": "plans/query77.json", 
  "plan_id": 1802, 
  "Plans": [
   1803
  ], 
  "Grouping Sets": [
   {
    "Group Keys": [
     [
      "('store channel'::text)", 
      "ss.s_store_sk"
     ], 
     [
      "('store channel'::text)"
     ], 
     []
    ]
   }
  ], 
  "Node Type": "Aggregate", 
  "Strategy": "Sorted", 
  "Plan Rows": 7, 
  "Parallel Aware": false, 
  "Parent Relationship": "Outer", 
  "Output": [
   "('store channel'::text)", 
   "ss.s_store_sk", 
   "sum(ss.sales)", 
   "sum((COALESCE(sr.returns, '0'::numeric)))", 
   "sum(((ss.profit - COALESCE(sr.profit_loss, '0'::numeric))))"
  ], 
  "Plan Width": 132, 
  "Total Cost": 0.38
 }, 
 {
  "Startup Cost": 174.0, 
  "plan_id": 1757, 
  "Plans": [
   1758, 
   1766, 
   1774, 
   1780, 
   1786, 
   1794, 
   1802
  ], 
  "Plan Rows": 7, 
  "Node Type": "Limit", 
  "filename": "plans/query77.json", 
  "Parallel Aware": false, 
  "Output": [
   "('store channel'::text)", 
   "ss.s_store_sk", 
   "(sum(ss.sales))", 
   "(sum((COALESCE(sr.returns, '0'::numeric))))", 
   "(sum(((ss.profit - COALESCE(sr.profit_loss, '0'::numeric)))))"
  ], 
  "Plan Width": 132, 
  "Total Cost": 174.17
 }, 
 {
  "Startup Cost": 0.0, 
  "plan_id": 1820, 
  "Node Type": "Seq Scan", 
  "Plan Rows": 380, 
  "Relation Name": "web_returns", 
  "Alias": "web_returns", 
  "filename": "plans/query78.json", 
  "Schema": "pg_temp_2", 
  "Parallel Aware": false, 
  "Parent Relationship": "Outer", 
  "Output": [
   "web_returns.wr_order_number", 
   "web_returns.wr_item_sk"
  ], 
  "Plan Width": 8, 
  "Total Cost": 13.8
 }, 
 {
  "Startup Cost": 0.0, 
  "plan_id": 1818, 
  "Node Type": "Seq Scan", 
  "Plan Rows": 260, 
  "Relation Name": "web_sales", 
  "Alias": "web_sales", 
  "filename": "plans/query78.json", 
  "Schema": "pg_temp_2", 
  "Parallel Aware": false, 
  "Parent Relationship": "Outer", 
  "Output": [
   "web_sales.ws_sold_date_sk", 
   "web_sales.ws_sold_time_sk", 
   "web_sales.ws_ship_date_sk", 
   "web_sales.ws_item_sk", 
   "web_sales.ws_bill_customer_sk", 
   "web_sales.ws_bill_cdemo_sk", 
   "web_sales.ws_bill_hdemo_sk", 
   "web_sales.ws_bill_addr_sk", 
   "web_sales.ws_ship_customer_sk", 
   "web_sales.ws_ship_cdemo_sk", 
   "web_sales.ws_ship_hdemo_sk", 
   "web_sales.ws_ship_addr_sk", 
   "web_sales.ws_web_page_sk", 
   "web_sales.ws_web_site_sk", 
   "web_sales.ws_ship_mode_sk", 
   "web_sales.ws_warehouse_sk", 
   "web_sales.ws_promo_sk", 
   "web_sales.ws_order_number", 
   "web_sales.ws_quantity", 
   "web_sales.ws_wholesale_cost", 
   "web_sales.ws_list_price", 
   "web_sales.ws_sales_price", 
   "web_sales.ws_ext_discount_amt", 
   "web_sales.ws_ext_sales_price", 
   "web_sales.ws_ext_wholesale_cost", 
   "web_sales.ws_ext_list_price", 
   "web_sales.ws_ext_tax", 
   "web_sales.ws_coupon_amt", 
   "web_sales.ws_ext_ship_cost", 
   "web_sales.ws_net_paid", 
   "web_sales.ws_net_paid_inc_tax", 
   "web_sales.ws_net_paid_inc_ship", 
   "web_sales.ws_net_paid_inc_ship_tax", 
   "web_sales.ws_net_profit"
  ], 
  "Plan Width": 48, 
  "Total Cost": 12.6
 }, 
 {
  "Startup Cost": 13.8, 
  "plan_id": 1819, 
  "Plans": [
   1820
  ], 
  "Plan Rows": 380, 
  "Node Type": "Hash", 
  "filename": "plans/query78.json", 
  "Parallel Aware": false, 
  "Parent Relationship": "Inner", 
  "Output": [
   "web_returns.wr_order_number", 
   "web_returns.wr_item_sk"
  ], 
  "Plan Width": 8, 
  "Total Cost": 13.8
 }, 
 {
  "Startup Cost": 0.0, 
  "plan_id": 1822, 
  "Node Type": "Seq Scan", 
  "Plan Rows": 270, 
  "Relation Name": "date_dim", 
  "Alias": "date_dim", 
  "filename": "plans/query78.json", 
  "Schema": "pg_temp_2", 
  "Parallel Aware": false, 
  "Parent Relationship": "Outer", 
  "Output": [
   "date_dim.d_year", 
   "date_dim.d_date_sk"
  ], 
  "Plan Width": 8, 
  "Total Cost": 12.7
 }, 
 {
  "Startup Cost": 19.5, 
  "Plan Width": 44, 
  "plan_id": 1817, 
  "Plans": [
   1818, 
   1819
  ], 
  "Plan Rows": 195, 
  "Node Type": "Hash Join", 
  "Join Type": "Anti", 
  "filename": "plans/query78.json", 
  "Parallel Aware": false, 
  "Output": [
   "web_sales.ws_item_sk", 
   "web_sales.ws_bill_customer_sk", 
   "web_sales.ws_quantity", 
   "web_sales.ws_wholesale_cost", 
   "web_sales.ws_sales_price", 
   "web_sales.ws_sold_date_sk"
  ], 
  "Hash Cond": "((web_sales.ws_item_sk = web_returns.wr_item_sk) AND (web_sales.ws_order_number = web_returns.wr_order_number))", 
  "Parent Relationship": "Outer", 
  "Total Cost": 41.57
 }, 
 {
  "Startup Cost": 12.7, 
  "plan_id": 1821, 
  "Plans": [
   1822
  ], 
  "Plan Rows": 270, 
  "Node Type": "Hash", 
  "filename": "plans/query78.json", 
  "Parallel Aware": false, 
  "Parent Relationship": "Inner", 
  "Output": [
   "date_dim.d_year", 
   "date_dim.d_date_sk"
  ], 
  "Plan Width": 8, 
  "Total Cost": 12.7
 }, 
 {
  "Startup Cost": 35.58, 
  "Plan Width": 44, 
  "plan_id": 1816, 
  "Plans": [
   1817, 
   1821
  ], 
  "Plan Rows": 195, 
  "Node Type": "Hash Join", 
  "Join Type": "Inner", 
  "filename": "plans/query78.json", 
  "Parallel Aware": false, 
  "Output": [
   "date_dim.d_year", 
   "web_sales.ws_item_sk", 
   "web_sales.ws_bill_customer_sk", 
   "web_sales.ws_quantity", 
   "web_sales.ws_wholesale_cost", 
   "web_sales.ws_sales_price"
  ], 
  "Hash Cond": "(web_sales.ws_sold_date_sk = date_dim.d_date_sk)", 
  "Parent Relationship": "Outer", 
  "Total Cost": 60.33
 }, 
 {
  "Startup Cost": 0.0, 
  "plan_id": 1828, 
  "Node Type": "Seq Scan", 
  "Plan Rows": 360, 
  "Relation Name": "catalog_returns", 
  "Alias": "catalog_returns", 
  "filename": "plans/query78.json", 
  "Schema": "pg_temp_2", 
  "Parallel Aware": false, 
  "Parent Relationship": "Outer", 
  "Output": [
   "catalog_returns.cr_order_number", 
   "catalog_returns.cr_item_sk"
  ], 
  "Plan Width": 8, 
  "Total Cost": 13.6
 }, 
 {
  "Startup Cost": 0.0, 
  "plan_id": 1826, 
  "Node Type": "Seq Scan", 
  "Plan Rows": 260, 
  "Relation Name": "catalog_sales", 
  "Alias": "catalog_sales", 
  "filename": "plans/query78.json", 
  "Schema": "pg_temp_2", 
  "Parallel Aware": false, 
  "Parent Relationship": "Outer", 
  "Output": [
   "catalog_sales.cs_sold_date_sk", 
   "catalog_sales.cs_sold_time_sk", 
   "catalog_sales.cs_ship_date_sk", 
   "catalog_sales.cs_bill_customer_sk", 
   "catalog_sales.cs_bill_cdemo_sk", 
   "catalog_sales.cs_bill_hdemo_sk", 
   "catalog_sales.cs_bill_addr_sk", 
   "catalog_sales.cs_ship_customer_sk", 
   "catalog_sales.cs_ship_cdemo_sk", 
   "catalog_sales.cs_ship_hdemo_sk", 
   "catalog_sales.cs_ship_addr_sk", 
   "catalog_sales.cs_call_center_sk", 
   "catalog_sales.cs_catalog_page_sk", 
   "catalog_sales.cs_ship_mode_sk", 
   "catalog_sales.cs_warehouse_sk", 
   "catalog_sales.cs_item_sk", 
   "catalog_sales.cs_promo_sk", 
   "catalog_sales.cs_order_number", 
   "catalog_sales.cs_quantity", 
   "catalog_sales.cs_wholesale_cost", 
   "catalog_sales.cs_list_price", 
   "catalog_sales.cs_sales_price", 
   "catalog_sales.cs_ext_discount_amt", 
   "catalog_sales.cs_ext_sales_price", 
   "catalog_sales.cs_ext_wholesale_cost", 
   "catalog_sales.cs_ext_list_price", 
   "catalog_sales.cs_ext_tax", 
   "catalog_sales.cs_coupon_amt", 
   "catalog_sales.cs_ext_ship_cost", 
   "catalog_sales.cs_net_paid", 
   "catalog_sales.cs_net_paid_inc_tax", 
   "catalog_sales.cs_net_paid_inc_ship", 
   "catalog_sales.cs_net_paid_inc_ship_tax", 
   "catalog_sales.cs_net_profit"
  ], 
  "Plan Width": 48, 
  "Total Cost": 12.6
 }, 
 {
  "Startup Cost": 13.6, 
  "plan_id": 1827, 
  "Plans": [
   1828
  ], 
  "Plan Rows": 360, 
  "Node Type": "Hash", 
  "filename": "plans/query78.json", 
  "Parallel Aware": false, 
  "Parent Relationship": "Inner", 
  "Output": [
   "catalog_returns.cr_order_number", 
   "catalog_returns.cr_item_sk"
  ], 
  "Plan Width": 8, 
  "Total Cost": 13.6
 }, 
 {
  "Startup Cost": 0.0, 
  "plan_id": 1830, 
  "Node Type": "Seq Scan", 
  "Plan Rows": 270, 
  "Relation Name": "date_dim", 
  "Alias": "date_dim_1", 
  "filename": "plans/query78.json", 
  "Schema": "pg_temp_2", 
  "Parallel Aware": false, 
  "Parent Relationship": "Outer", 
  "Output": [
   "date_dim_1.d_year", 
   "date_dim_1.d_date_sk"
  ], 
  "Plan Width": 8, 
  "Total Cost": 12.7
 }, 
 {
  "Startup Cost": 19.0, 
  "Plan Width": 44, 
  "plan_id": 1825, 
  "Plans": [
   1826, 
   1827
  ], 
  "Plan Rows": 195, 
  "Node Type": "Hash Join", 
  "Join Type": "Anti", 
  "filename": "plans/query78.json", 
  "Parallel Aware": false, 
  "Output": [
   "catalog_sales.cs_item_sk", 
   "catalog_sales.cs_bill_customer_sk", 
   "catalog_sales.cs_quantity", 
   "catalog_sales.cs_wholesale_cost", 
   "catalog_sales.cs_sales_price", 
   "catalog_sales.cs_sold_date_sk"
  ], 
  "Hash Cond": "((catalog_sales.cs_item_sk = catalog_returns.cr_item_sk) AND (catalog_sales.cs_order_number = catalog_returns.cr_order_number))", 
  "Parent Relationship": "Outer", 
  "Total Cost": 40.75
 }, 
 {
  "Startup Cost": 12.7, 
  "plan_id": 1829, 
  "Plans": [
   1830
  ], 
  "Plan Rows": 270, 
  "Node Type": "Hash", 
  "filename": "plans/query78.json", 
  "Parallel Aware": false, 
  "Parent Relationship": "Inner", 
  "Output": [
   "date_dim_1.d_year", 
   "date_dim_1.d_date_sk"
  ], 
  "Plan Width": 8, 
  "Total Cost": 12.7
 }, 
 {
  "Startup Cost": 35.08, 
  "Plan Width": 44, 
  "plan_id": 1824, 
  "Plans": [
   1825, 
   1829
  ], 
  "Plan Rows": 195, 
  "Node Type": "Hash Join", 
  "Join Type": "Inner", 
  "filename": "plans/query78.json", 
  "Parallel Aware": false, 
  "Output": [
   "date_dim_1.d_year", 
   "catalog_sales.cs_item_sk", 
   "catalog_sales.cs_bill_customer_sk", 
   "catalog_sales.cs_quantity", 
   "catalog_sales.cs_wholesale_cost", 
   "catalog_sales.cs_sales_price"
  ], 
  "Hash Cond": "(catalog_sales.cs_sold_date_sk = date_dim_1.d_date_sk)", 
  "Parent Relationship": "Outer", 
  "Total Cost": 59.51
 }, 
 {
  "Startup Cost": 0.0, 
  "plan_id": 1836, 
  "Node Type": "Seq Scan", 
  "Plan Rows": 410, 
  "Relation Name": "store_returns", 
  "Alias": "store_returns", 
  "filename": "plans/query78.json", 
  "Schema": "pg_temp_2", 
  "Parallel Aware": false, 
  "Parent Relationship": "Outer", 
  "Output": [
   "store_returns.sr_ticket_number", 
   "store_returns.sr_item_sk"
  ], 
  "Plan Width": 8, 
  "Total Cost": 14.1
 }, 
 {
  "Startup Cost": 0.0, 
  "plan_id": 1834, 
  "Node Type": "Seq Scan", 
  "Plan Rows": 340, 
  "Relation Name": "store_sales", 
  "Alias": "store_sales", 
  "filename": "plans/query78.json", 
  "Schema": "pg_temp_2", 
  "Parallel Aware": false, 
  "Parent Relationship": "Outer", 
  "Output": [
   "store_sales.ss_sold_date_sk", 
   "store_sales.ss_sold_time_sk", 
   "store_sales.ss_item_sk", 
   "store_sales.ss_customer_sk", 
   "store_sales.ss_cdemo_sk", 
   "store_sales.ss_hdemo_sk", 
   "store_sales.ss_addr_sk", 
   "store_sales.ss_store_sk", 
   "store_sales.ss_promo_sk", 
   "store_sales.ss_ticket_number", 
   "store_sales.ss_quantity", 
   "store_sales.ss_wholesale_cost", 
   "store_sales.ss_list_price", 
   "store_sales.ss_sales_price", 
   "store_sales.ss_ext_discount_amt", 
   "store_sales.ss_ext_sales_price", 
   "store_sales.ss_ext_wholesale_cost", 
   "store_sales.ss_ext_list_price", 
   "store_sales.ss_ext_tax", 
   "store_sales.ss_coupon_amt", 
   "store_sales.ss_net_paid", 
   "store_sales.ss_net_paid_inc_tax", 
   "store_sales.ss_net_profit"
  ], 
  "Plan Width": 48, 
  "Total Cost": 13.4
 }, 
 {
  "Startup Cost": 14.1, 
  "plan_id": 1835, 
  "Plans": [
   1836
  ], 
  "Plan Rows": 410, 
  "Node Type": "Hash", 
  "filename": "plans/query78.json", 
  "Parallel Aware": false, 
  "Parent Relationship": "Inner", 
  "Output": [
   "store_returns.sr_ticket_number", 
   "store_returns.sr_item_sk"
  ], 
  "Plan Width": 8, 
  "Total Cost": 14.1
 }, 
 {
  "Startup Cost": 0.0, 
  "plan_id": 1838, 
  "Node Type": "Seq Scan", 
  "Plan Rows": 270, 
  "Relation Name": "date_dim", 
  "Alias": "date_dim_2", 
  "filename": "plans/query78.json", 
  "Schema": "pg_temp_2", 
  "Parallel Aware": false, 
  "Parent Relationship": "Outer", 
  "Output": [
   "date_dim_2.d_year", 
   "date_dim_2.d_date_sk"
  ], 
  "Plan Width": 8, 
  "Total Cost": 12.7
 }, 
 {
  "Startup Cost": 20.25, 
  "Plan Width": 44, 
  "plan_id": 1833, 
  "Plans": [
   1834, 
   1835
  ], 
  "Plan Rows": 255, 
  "Node Type": "Hash Join", 
  "Join Type": "Anti", 
  "filename": "plans/query78.json", 
  "Parallel Aware": false, 
  "Output": [
   "store_sales.ss_item_sk", 
   "store_sales.ss_customer_sk", 
   "store_sales.ss_quantity", 
   "store_sales.ss_wholesale_cost", 
   "store_sales.ss_sales_price", 
   "store_sales.ss_sold_date_sk"
  ], 
  "Hash Cond": "((store_sales.ss_item_sk = store_returns.sr_item_sk) AND (store_sales.ss_ticket_number = store_returns.sr_ticket_number))", 
  "Parent Relationship": "Outer", 
  "Total Cost": 46.68
 }, 
 {
  "Startup Cost": 12.7, 
  "plan_id": 1837, 
  "Plans": [
   1838
  ], 
  "Plan Rows": 270, 
  "Node Type": "Hash", 
  "filename": "plans/query78.json", 
  "Parallel Aware": false, 
  "Parent Relationship": "Inner", 
  "Output": [
   "date_dim_2.d_year", 
   "date_dim_2.d_date_sk"
  ], 
  "Plan Width": 8, 
  "Total Cost": 12.7
 }, 
 {
  "Startup Cost": 36.33, 
  "Plan Width": 44, 
  "plan_id": 1832, 
  "Plans": [
   1833, 
   1837
  ], 
  "Plan Rows": 255, 
  "Node Type": "Hash Join", 
  "Join Type": "Inner", 
  "filename": "plans/query78.json", 
  "Parallel Aware": false, 
  "Output": [
   "date_dim_2.d_year", 
   "store_sales.ss_item_sk", 
   "store_sales.ss_customer_sk", 
   "store_sales.ss_quantity", 
   "store_sales.ss_wholesale_cost", 
   "store_sales.ss_sales_price"
  ], 
  "Hash Cond": "(store_sales.ss_sold_date_sk = date_dim_2.d_date_sk)", 
  "Parent Relationship": "Outer", 
  "Total Cost": 66.26
 }, 
 {
  "Startup Cost": 0.0, 
  "plan_id": 1842, 
  "CTE Name": "ss", 
  "Node Type": "CTE Scan", 
  "Plan Rows": 1, 
  "Filter": "(ss.ss_sold_year = 2002)", 
  "Alias": "ss", 
  "filename": "plans/query78.json", 
  "Parallel Aware": false, 
  "Parent Relationship": "Outer", 
  "Output": [
   "ss.ss_sold_year", 
   "ss.ss_item_sk", 
   "ss.ss_customer_sk", 
   "ss.ss_qty", 
   "ss.ss_wc", 
   "ss.ss_sp"
  ], 
  "Plan Width": 84, 
  "Total Cost": 5.74
 }, 
 {
  "Startup Cost": 0.0, 
  "plan_id": 1843, 
  "CTE Name": "ws", 
  "Node Type": "CTE Scan", 
  "Plan Rows": 1, 
  "Filter": "(ws.ws_sold_year = 2002)", 
  "Alias": "ws", 
  "filename": "plans/query78.json", 
  "Parallel Aware": false, 
  "Parent Relationship": "Inner", 
  "Output": [
   "ws.ws_sold_year", 
   "ws.ws_item_sk", 
   "ws.ws_customer_sk", 
   "ws.ws_qty", 
   "ws.ws_wc", 
   "ws.ws_sp"
  ], 
  "Plan Width": 84, 
  "Total Cost": 4.39
 }, 
 {
  "Startup Cost": 0.0, 
  "plan_id": 1841, 
  "Plans": [
   1842, 
   1843
  ], 
  "Plan Rows": 1, 
  "Node Type": "Nested Loop", 
  "Join Type": "Left", 
  "filename": "plans/query78.json", 
  "Parallel Aware": false, 
  "Parent Relationship": "Outer", 
  "Output": [
   "ss.ss_sold_year", 
   "ss.ss_item_sk", 
   "ss.ss_customer_sk", 
   "ss.ss_qty", 
   "ss.ss_wc", 
   "ss.ss_sp", 
   "ws.ws_qty", 
   "ws.ws_wc", 
   "ws.ws_sp"
  ], 
  "Plan Width": 156, 
  "Join Filter": "((ws.ws_sold_year = ss.ss_sold_year) AND (ws.ws_item_sk = ss.ss_item_sk) AND (ws.ws_customer_sk = ss.ss_customer_sk))", 
  "Total Cost": 10.14
 }, 
 {
  "Startup Cost": 0.0, 
  "plan_id": 1844, 
  "CTE Name": "cs", 
  "Node Type": "CTE Scan", 
  "Plan Rows": 1, 
  "Filter": "(cs.cs_sold_year = 2002)", 
  "Alias": "cs", 
  "filename": "plans/query78.json", 
  "Parallel Aware": false, 
  "Parent Relationship": "Inner", 
  "Output": [
   "cs.cs_sold_year", 
   "cs.cs_item_sk", 
   "cs.cs_customer_sk", 
   "cs.cs_qty", 
   "cs.cs_wc", 
   "cs.cs_sp"
  ], 
  "Plan Width": 84, 
  "Total Cost": 4.39
 }, 
 {
  "Startup Cost": 0.0, 
  "plan_id": 1840, 
  "Plans": [
   1841, 
   1844
  ], 
  "Plan Rows": 1, 
  "Node Type": "Nested Loop", 
  "Filter": "((COALESCE(ws.ws_qty, '0'::bigint) > 0) OR (COALESCE(cs.cs_qty, '0'::bigint) > 0))", 
  "Join Type": "Left", 
  "filename": "plans/query78.json", 
  "Parallel Aware": false, 
  "Parent Relationship": "Outer", 
  "Output": [
   "ss.ss_sold_year", 
   "ss.ss_item_sk", 
   "ss.ss_customer_sk", 
   "round(((ss.ss_qty / (COALESCE(ws.ws_qty, '0'::bigint) + COALESCE(cs.cs_qty, '0'::bigint))))::numeric, 2)", 
   "ss.ss_qty", 
   "ss.ss_wc", 
   "ss.ss_sp", 
   "(COALESCE(ws.ws_qty, '0'::bigint) + COALESCE(cs.cs_qty, '0'::bigint))", 
   "(COALESCE(ws.ws_wc, '0'::numeric) + COALESCE(cs.cs_wc, '0'::numeric))", 
   "(COALESCE(ws.ws_sp, '0'::numeric) + COALESCE(cs.cs_sp, '0'::numeric))", 
   "round(((ss.ss_qty / COALESCE((ws.ws_qty + cs.cs_qty), '1'::bigint)))::numeric, 2)"
  ], 
  "Plan Width": 220, 
  "Join Filter": "((cs.cs_sold_year = ss.ss_sold_year) AND (cs.cs_item_sk = ss.ss_item_sk) AND (cs.cs_customer_sk = ss.ss_customer_sk))", 
  "Total Cost": 14.58
 }, 
 {
  "Partial Mode": "Simple", 
  "Startup Cost": 63.25, 
  "Plan Width": 84, 
  "plan_id": 1815, 
  "Plans": [
   1816
  ], 
  "filename": "plans/query78.json", 
  "Node Type": "Aggregate", 
  "Strategy": "Hashed", 
  "Plan Rows": 195, 
  "Parallel Aware": false, 
  "Output": [
   "date_dim.d_year", 
   "web_sales.ws_item_sk", 
   "web_sales.ws_bill_customer_sk", 
   "sum(web_sales.ws_quantity)", 
   "sum(web_sales.ws_wholesale_cost)", 
   "sum(web_sales.ws_sales_price)"
  ], 
  "Group Key": [
   "date_dim.d_year", 
   "web_sales.ws_item_sk", 
   "web_sales.ws_bill_customer_sk"
  ], 
  "Parent Relationship": "InitPlan", 
  "Subplan Name": "CTE ws", 
  "Total Cost": 66.18
 }, 
 {
  "Partial Mode": "Simple", 
  "Startup Cost": 62.43, 
  "Plan Width": 84, 
  "plan_id": 1823, 
  "Plans": [
   1824
  ], 
  "filename": "plans/query78.json", 
  "Node Type": "Aggregate", 
  "Strategy": "Hashed", 
  "Plan Rows": 195, 
  "Parallel Aware": false, 
  "Output": [
   "date_dim_1.d_year", 
   "catalog_sales.cs_item_sk", 
   "catalog_sales.cs_bill_customer_sk", 
   "sum(catalog_sales.cs_quantity)", 
   "sum(catalog_sales.cs_wholesale_cost)", 
   "sum(catalog_sales.cs_sales_price)"
  ], 
  "Group Key": [
   "date_dim_1.d_year", 
   "catalog_sales.cs_item_sk", 
   "catalog_sales.cs_bill_customer_sk"
  ], 
  "Parent Relationship": "InitPlan", 
  "Subplan Name": "CTE cs", 
  "Total Cost": 65.36
 }, 
 {
  "Partial Mode": "Simple", 
  "Startup Cost": 70.08, 
  "Plan Width": 84, 
  "plan_id": 1831, 
  "Plans": [
   1832
  ], 
  "filename": "plans/query78.json", 
  "Node Type": "Aggregate", 
  "Strategy": "Hashed", 
  "Plan Rows": 255, 
  "Parallel Aware": false, 
  "Output": [
   "date_dim_2.d_year", 
   "store_sales.ss_item_sk", 
   "store_sales.ss_customer_sk", 
   "sum(store_sales.ss_quantity)", 
   "sum(store_sales.ss_wholesale_cost)", 
   "sum(store_sales.ss_sales_price)"
  ], 
  "Group Key": [
   "date_dim_2.d_year", 
   "store_sales.ss_item_sk", 
   "store_sales.ss_customer_sk"
  ], 
  "Parent Relationship": "InitPlan", 
  "Subplan Name": "CTE ss", 
  "Total Cost": 73.91
 }, 
 {
  "Startup Cost": 14.59, 
  "plan_id": 1839, 
  "Plans": [
   1840
  ], 
  "Sort Key": [
   "ss.ss_item_sk", 
   "ss.ss_customer_sk", 
   "ss.ss_qty DESC", 
   "ss.ss_wc DESC", 
   "ss.ss_sp DESC", 
   "((COALESCE(ws.ws_qty, '0'::bigint) + COALESCE(cs.cs_qty, '0'::bigint)))", 
   "((COALESCE(ws.ws_wc, '0'::numeric) + COALESCE(cs.cs_wc, '0'::numeric)))", 
   "((COALESCE(ws.ws_sp, '0'::numeric) + COALESCE(cs.cs_sp, '0'::numeric)))", 
   "(round(((ss.ss_qty / COALESCE((ws.ws_qty + cs.cs_qty), '1'::bigint)))::numeric, 2))"
  ], 
  "Plan Rows": 1, 
  "Node Type": "Sort", 
  "filename": "plans/query78.json", 
  "Parallel Aware": false, 
  "Parent Relationship": "Outer", 
  "Output": [
   "ss.ss_sold_year", 
   "ss.ss_item_sk", 
   "ss.ss_customer_sk", 
   "(round(((ss.ss_qty / (COALESCE(ws.ws_qty, '0'::bigint) + COALESCE(cs.cs_qty, '0'::bigint))))::numeric, 2))", 
   "ss.ss_qty", 
   "ss.ss_wc", 
   "ss.ss_sp", 
   "((COALESCE(ws.ws_qty, '0'::bigint) + COALESCE(cs.cs_qty, '0'::bigint)))", 
   "((COALESCE(ws.ws_wc, '0'::numeric) + COALESCE(cs.cs_wc, '0'::numeric)))", 
   "((COALESCE(ws.ws_sp, '0'::numeric) + COALESCE(cs.cs_sp, '0'::numeric)))", 
   "(round(((ss.ss_qty / COALESCE((ws.ws_qty + cs.cs_qty), '1'::bigint)))::numeric, 2))"
  ], 
  "Plan Width": 220, 
  "Total Cost": 14.6
 }, 
 {
  "Startup Cost": 220.03, 
  "plan_id": 1814, 
  "Plans": [
   1815, 
   1823, 
   1831, 
   1839
  ], 
  "Plan Rows": 1, 
  "Node Type": "Limit", 
  "filename": "plans/query78.json", 
  "Parallel Aware": false, 
  "Output": [
   "ss.ss_sold_year", 
   "ss.ss_item_sk", 
   "ss.ss_customer_sk", 
   "(round(((ss.ss_qty / (COALESCE(ws.ws_qty, '0'::bigint) + COALESCE(cs.cs_qty, '0'::bigint))))::numeric, 2))", 
   "ss.ss_qty", 
   "ss.ss_wc", 
   "ss.ss_sp", 
   "((COALESCE(ws.ws_qty, '0'::bigint) + COALESCE(cs.cs_qty, '0'::bigint)))", 
   "((COALESCE(ws.ws_wc, '0'::numeric) + COALESCE(cs.cs_wc, '0'::numeric)))", 
   "((COALESCE(ws.ws_sp, '0'::numeric) + COALESCE(cs.cs_sp, '0'::numeric)))", 
   "(round(((ss.ss_qty / COALESCE((ws.ws_qty + cs.cs_qty), '1'::bigint)))::numeric, 2))"
  ], 
  "Plan Width": 220, 
  "Total Cost": 220.04
 }, 
 {
  "Relation Name": "store", 
  "Startup Cost": 0.0, 
  "plan_id": 1855, 
  "Node Type": "Seq Scan", 
  "Plan Rows": 1, 
  "Filter": "((store.s_number_employees >= 200) AND (store.s_number_employees <= 295))", 
  "Alias": "store", 
  "filename": "plans/query79.json", 
  "Schema": "pg_temp_2", 
  "Parallel Aware": false, 
  "Parent Relationship": "Outer", 
  "Output": [
   "store.s_city", 
   "store.s_store_sk"
  ], 
  "Plan Width": 142, 
  "Total Cost": 10.6
 }, 
 {
  "Startup Cost": 0.0, 
  "plan_id": 1853, 
  "Node Type": "Seq Scan", 
  "Plan Rows": 340, 
  "Relation Name": "store_sales", 
  "Alias": "store_sales", 
  "filename": "plans/query79.json", 
  "Schema": "pg_temp_2", 
  "Parallel Aware": false, 
  "Parent Relationship": "Outer", 
  "Output": [
   "store_sales.ss_sold_date_sk", 
   "store_sales.ss_sold_time_sk", 
   "store_sales.ss_item_sk", 
   "store_sales.ss_customer_sk", 
   "store_sales.ss_cdemo_sk", 
   "store_sales.ss_hdemo_sk", 
   "store_sales.ss_addr_sk", 
   "store_sales.ss_store_sk", 
   "store_sales.ss_promo_sk", 
   "store_sales.ss_ticket_number", 
   "store_sales.ss_quantity", 
   "store_sales.ss_wholesale_cost", 
   "store_sales.ss_list_price", 
   "store_sales.ss_sales_price", 
   "store_sales.ss_ext_discount_amt", 
   "store_sales.ss_ext_sales_price", 
   "store_sales.ss_ext_wholesale_cost", 
   "store_sales.ss_ext_list_price", 
   "store_sales.ss_ext_tax", 
   "store_sales.ss_coupon_amt", 
   "store_sales.ss_net_paid", 
   "store_sales.ss_net_paid_inc_tax", 
   "store_sales.ss_net_profit"
  ], 
  "Plan Width": 52, 
  "Total Cost": 13.4
 }, 
 {
  "Startup Cost": 10.6, 
  "plan_id": 1854, 
  "Plans": [
   1855
  ], 
  "Plan Rows": 1, 
  "Node Type": "Hash", 
  "filename": "plans/query79.json", 
  "Parallel Aware": false, 
  "Parent Relationship": "Inner", 
  "Output": [
   "store.s_city", 
   "store.s_store_sk"
  ], 
  "Plan Width": 142, 
  "Total Cost": 10.6
 }, 
 {
  "Startup Cost": 10.61, 
  "Plan Width": 186, 
  "plan_id": 1852, 
  "Plans": [
   1853, 
   1854
  ], 
  "Plan Rows": 2, 
  "Node Type": "Hash Join", 
  "Join Type": "Inner", 
  "filename": "plans/query79.json", 
  "Parallel Aware": false, 
  "Output": [
   "store_sales.ss_ticket_number", 
   "store_sales.ss_customer_sk", 
   "store_sales.ss_coupon_amt", 
   "store_sales.ss_net_profit", 
   "store_sales.ss_addr_sk", 
   "store_sales.ss_sold_date_sk", 
   "store_sales.ss_hdemo_sk", 
   "store.s_city"
  ], 
  "Hash Cond": "(store_sales.ss_store_sk = store.s_store_sk)", 
  "Parent Relationship": "Outer", 
  "Total Cost": 25.31
 }, 
 {
  "Filter": "((date_dim.d_dow = 1) AND (date_dim.d_year = ANY ('{1998,1999,2000}'::integer[])))", 
  "Startup Cost": 0.15, 
  "filename": "plans/query79.json", 
  "plan_id": 1856, 
  "Scan Direction": "Forward", 
  "Index Cond": "(date_dim.d_date_sk = store_sales.ss_sold_date_sk)", 
  "Node Type": "Index Scan", 
  "Relation Name": "date_dim", 
  "Alias": "date_dim", 
  "Plan Rows": 1, 
  "Schema": "pg_temp_2", 
  "Parallel Aware": false, 
  "Parent Relationship": "Inner", 
  "Output": [
   "date_dim.d_date_sk", 
   "date_dim.d_date_id", 
   "date_dim.d_date", 
   "date_dim.d_month_seq", 
   "date_dim.d_week_seq", 
   "date_dim.d_quarter_seq", 
   "date_dim.d_year", 
   "date_dim.d_dow", 
   "date_dim.d_moy", 
   "date_dim.d_dom", 
   "date_dim.d_qoy", 
   "date_dim.d_fy_year", 
   "date_dim.d_fy_quarter_seq", 
   "date_dim.d_fy_week_seq", 
   "date_dim.d_day_name", 
   "date_dim.d_quarter_name", 
   "date_dim.d_holiday", 
   "date_dim.d_weekend", 
   "date_dim.d_following_holiday", 
   "date_dim.d_first_dom", 
   "date_dim.d_last_dom", 
   "date_dim.d_same_day_ly", 
   "date_dim.d_same_day_lq", 
   "date_dim.d_current_day", 
   "date_dim.d_current_week", 
   "date_dim.d_current_month", 
   "date_dim.d_current_quarter", 
   "date_dim.d_current_year"
  ], 
  "Index Name": "date_dim_pkey", 
  "Plan Width": 4, 
  "Total Cost": 0.3
 }, 
 {
  "Startup Cost": 10.76, 
  "plan_id": 1851, 
  "Plans": [
   1852, 
   1856
  ], 
  "Plan Rows": 1, 
  "Node Type": "Nested Loop", 
  "Join Type": "Inner", 
  "filename": "plans/query79.json", 
  "Parallel Aware": false, 
  "Parent Relationship": "Outer", 
  "Output": [
   "store_sales.ss_ticket_number", 
   "store_sales.ss_customer_sk", 
   "store_sales.ss_coupon_amt", 
   "store_sales.ss_net_profit", 
   "store_sales.ss_addr_sk", 
   "store_sales.ss_hdemo_sk", 
   "store.s_city"
  ], 
  "Plan Width": 182, 
  "Total Cost": 25.93
 }, 
 {
  "Filter": "((household_demographics.hd_dep_count = 6) OR (household_demographics.hd_vehicle_count > 2))", 
  "Startup Cost": 0.15, 
  "filename": "plans/query79.json", 
  "plan_id": 1857, 
  "Scan Direction": "Forward", 
  "Index Cond": "(household_demographics.hd_demo_sk = store_sales.ss_hdemo_sk)", 
  "Node Type": "Index Scan", 
  "Relation Name": "household_demographics", 
  "Alias": "household_demographics", 
  "Plan Rows": 1, 
  "Schema": "pg_temp_2", 
  "Parallel Aware": false, 
  "Parent Relationship": "Inner", 
  "Output": [
   "household_demographics.hd_demo_sk", 
   "household_demographics.hd_income_band_sk", 
   "household_demographics.hd_buy_potential", 
   "household_demographics.hd_dep_count", 
   "household_demographics.hd_vehicle_count"
  ], 
  "Index Name": "household_demographics_pkey", 
  "Plan Width": 4, 
  "Total Cost": 0.3
 }, 
 {
  "Startup Cost": 10.91, 
  "plan_id": 1850, 
  "Plans": [
   1851, 
   1857
  ], 
  "Plan Rows": 1, 
  "Node Type": "Nested Loop", 
  "Join Type": "Inner", 
  "filename": "plans/query79.json", 
  "Parallel Aware": false, 
  "Parent Relationship": "Outer", 
  "Output": [
   "store_sales.ss_ticket_number", 
   "store_sales.ss_customer_sk", 
   "store.s_city", 
   "store_sales.ss_addr_sk", 
   "store_sales.ss_coupon_amt", 
   "store_sales.ss_net_profit"
  ], 
  "Plan Width": 178, 
  "Total Cost": 26.24
 }, 
 {
  "Startup Cost": 26.25, 
  "plan_id": 1849, 
  "Plans": [
   1850
  ], 
  "Sort Key": [
   "store_sales.ss_ticket_number", 
   "store_sales.ss_customer_sk", 
   "store_sales.ss_addr_sk", 
   "store.s_city"
  ], 
  "Plan Rows": 1, 
  "Node Type": "Sort", 
  "filename": "plans/query79.json", 
  "Parallel Aware": false, 
  "Parent Relationship": "Outer", 
  "Output": [
   "store_sales.ss_ticket_number", 
   "store_sales.ss_customer_sk", 
   "store.s_city", 
   "store_sales.ss_addr_sk", 
   "store_sales.ss_coupon_amt", 
   "store_sales.ss_net_profit"
  ], 
  "Plan Width": 178, 
  "Total Cost": 26.26
 }, 
 {
  "Partial Mode": "Simple", 
  "Startup Cost": 26.25, 
  "Plan Width": 214, 
  "plan_id": 1848, 
  "Plans": [
   1849
  ], 
  "filename": "plans/query79.json", 
  "Node Type": "Aggregate", 
  "Strategy": "Sorted", 
  "Plan Rows": 1, 
  "Parallel Aware": false, 
  "Output": [
   "store_sales.ss_ticket_number", 
   "store_sales.ss_customer_sk", 
   "store.s_city", 
   "sum(store_sales.ss_coupon_amt)", 
   "sum(store_sales.ss_net_profit)", 
   "store_sales.ss_addr_sk"
  ], 
  "Group Key": [
   "store_sales.ss_ticket_number", 
   "store_sales.ss_customer_sk", 
   "store_sales.ss_addr_sk", 
   "store.s_city"
  ], 
  "Parent Relationship": "Outer", 
  "Total Cost": 26.29
 }, 
 {
  "Startup Cost": 0.14, 
  "filename": "plans/query79.json", 
  "plan_id": 1858, 
  "Scan Direction": "Forward", 
  "Index Cond": "(customer.c_customer_sk = store_sales.ss_customer_sk)", 
  "Node Type": "Index Scan", 
  "Relation Name": "customer", 
  "Alias": "customer", 
  "Plan Rows": 1, 
  "Schema": "pg_temp_2", 
  "Parallel Aware": false, 
  "Parent Relationship": "Inner", 
  "Output": [
   "customer.c_customer_sk", 
   "customer.c_customer_id", 
   "customer.c_current_cdemo_sk", 
   "customer.c_current_hdemo_sk", 
   "customer.c_current_addr_sk", 
   "customer.c_first_shipto_date_sk", 
   "customer.c_first_sales_date_sk", 
   "customer.c_salutation", 
   "customer.c_first_name", 
   "customer.c_last_name", 
   "customer.c_preferred_cust_flag", 
   "customer.c_birth_day", 
   "customer.c_birth_month", 
   "customer.c_birth_year", 
   "customer.c_birth_country", 
   "customer.c_login", 
   "customer.c_email_address", 
   "customer.c_last_review_date"
  ], 
  "Index Name": "customer_pkey", 
  "Plan Width": 212, 
  "Total Cost": 8.16
 }, 
 {
  "Startup Cost": 26.39, 
  "plan_id": 1847, 
  "Plans": [
   1848, 
   1858
  ], 
  "Plan Rows": 1, 
  "Node Type": "Nested Loop", 
  "Join Type": "Inner", 
  "filename": "plans/query79.json", 
  "Parallel Aware": false, 
  "Parent Relationship": "Outer", 
  "Output": [
   "customer.c_last_name", 
   "customer.c_first_name", 
   "substr((store.s_city)::text, 1, 30)", 
   "store_sales.ss_ticket_number", 
   "(sum(store_sales.ss_coupon_amt))", 
   "(sum(store_sales.ss_net_profit))"
  ], 
  "Plan Width": 308, 
  "Total Cost": 34.47
 }, 
 {
  "Startup Cost": 34.48, 
  "plan_id": 1846, 
  "Plans": [
   1847
  ], 
  "Sort Key": [
   "customer.c_last_name", 
   "customer.c_first_name", 
   "(substr((store.s_city)::text, 1, 30))", 
   "(sum(store_sales.ss_net_profit))"
  ], 
  "Plan Rows": 1, 
  "Node Type": "Sort", 
  "filename": "plans/query79.json", 
  "Parallel Aware": false, 
  "Parent Relationship": "Outer", 
  "Output": [
   "customer.c_last_name", 
   "customer.c_first_name", 
   "(substr((store.s_city)::text, 1, 30))", 
   "store_sales.ss_ticket_number", 
   "(sum(store_sales.ss_coupon_amt))", 
   "(sum(store_sales.ss_net_profit))"
  ], 
  "Plan Width": 308, 
  "Total Cost": 34.48
 }, 
 {
  "Startup Cost": 34.48, 
  "plan_id": 1845, 
  "Plans": [
   1846
  ], 
  "Plan Rows": 1, 
  "Node Type": "Limit", 
  "filename": "plans/query79.json", 
  "Parallel Aware": false, 
  "Output": [
   "customer.c_last_name", 
   "customer.c_first_name", 
   "(substr((store.s_city)::text, 1, 30))", 
   "store_sales.ss_ticket_number", 
   "(sum(store_sales.ss_coupon_amt))", 
   "(sum(store_sales.ss_net_profit))"
  ], 
  "Plan Width": 308, 
  "Total Cost": 34.48
 }, 
 {
  "Relation Name": "customer", 
  "Startup Cost": 0.0, 
  "plan_id": 1875, 
  "Node Type": "Seq Scan", 
  "Plan Rows": 1, 
  "Filter": "(customer.c_preferred_cust_flag = 'Y'::bpchar)", 
  "Alias": "customer", 
  "filename": "plans/query8.json", 
  "Schema": "pg_temp_2", 
  "Parallel Aware": false, 
  "Parent Relationship": "Outer", 
  "Output": [
   "customer.c_customer_sk", 
   "customer.c_customer_id", 
   "customer.c_current_cdemo_sk", 
   "customer.c_current_hdemo_sk", 
   "customer.c_current_addr_sk", 
   "customer.c_first_shipto_date_sk", 
   "customer.c_first_sales_date_sk", 
   "customer.c_salutation", 
   "customer.c_first_name", 
   "customer.c_last_name", 
   "customer.c_preferred_cust_flag", 
   "customer.c_birth_day", 
   "customer.c_birth_month", 
   "customer.c_birth_year", 
   "customer.c_birth_country", 
   "customer.c_login", 
   "customer.c_email_address", 
   "customer.c_last_review_date"
  ], 
  "Plan Width": 4, 
  "Total Cost": 11.25
 }, 
 {
  "Startup Cost": 0.14, 
  "filename": "plans/query8.json", 
  "plan_id": 1876, 
  "Scan Direction": "Forward", 
  "Index Cond": "(customer_address.ca_address_sk = customer.c_current_addr_sk)", 
  "Node Type": "Index Scan", 
  "Relation Name": "customer_address", 
  "Alias": "customer_address", 
  "Plan Rows": 1, 
  "Schema": "pg_temp_2", 
  "Parallel Aware": false, 
  "Parent Relationship": "Inner", 
  "Output": [
   "customer_address.ca_address_sk", 
   "customer_address.ca_address_id", 
   "customer_address.ca_street_number", 
   "customer_address.ca_street_name", 
   "customer_address.ca_street_type", 
   "customer_address.ca_suite_number", 
   "customer_address.ca_city", 
   "customer_address.ca_county", 
   "customer_address.ca_state", 
   "customer_address.ca_zip", 
   "customer_address.ca_country", 
   "customer_address.ca_gmt_offset", 
   "customer_address.ca_location_type"
  ], 
  "Index Name": "customer_address_pkey", 
  "Plan Width": 48, 
  "Total Cost": 8.16
 }, 
 {
  "Startup Cost": 0.14, 
  "plan_id": 1874, 
  "Plans": [
   1875, 
   1876
  ], 
  "Plan Rows": 1, 
  "Node Type": "Nested Loop", 
  "Join Type": "Inner", 
  "filename": "plans/query8.json", 
  "Parallel Aware": false, 
  "Parent Relationship": "Outer", 
  "Output": [
   "customer_address.ca_zip"
  ], 
  "Plan Width": 44, 
  "Total Cost": 19.42
 }, 
 {
  "Startup Cost": 19.43, 
  "plan_id": 1873, 
  "Plans": [
   1874
  ], 
  "Sort Key": [
   "customer_address.ca_zip"
  ], 
  "Plan Rows": 1, 
  "Node Type": "Sort", 
  "filename": "plans/query8.json", 
  "Parallel Aware": false, 
  "Parent Relationship": "Outer", 
  "Output": [
   "customer_address.ca_zip"
  ], 
  "Plan Width": 44, 
  "Total Cost": 19.43
 }, 
 {
  "Partial Mode": "Simple", 
  "Startup Cost": 19.43, 
  "Plan Width": 84, 
  "plan_id": 1872, 
  "Plans": [
   1873
  ], 
  "filename": "plans/query8.json", 
  "Node Type": "Aggregate", 
  "Strategy": "Sorted", 
  "Filter": "(count(*) > 10)", 
  "Plan Rows": 1, 
  "Parallel Aware": false, 
  "Output": [
   "substr((customer_address.ca_zip)::text, 1, 5)", 
   "NULL::bigint", 
   "customer_address.ca_zip"
  ], 
  "Group Key": [
   "customer_address.ca_zip"
  ], 
  "Parent Relationship": "Subquery", 
  "Total Cost": 19.46
 }, 
 {
  "Startup Cost": 19.43, 
  "plan_id": 1871, 
  "Plans": [
   1872
  ], 
  "Plan Rows": 1, 
  "Node Type": "Subquery Scan", 
  "Alias": "a1", 
  "filename": "plans/query8.json", 
  "Parallel Aware": false, 
  "Parent Relationship": "Subquery", 
  "Output": [
   "a1.ca_zip"
  ], 
  "Plan Width": 32, 
  "Total Cost": 19.47
 }, 
 {
  "Relation Name": "customer_address", 
  "Startup Cost": 0.0, 
  "plan_id": 1878, 
  "Node Type": "Seq Scan", 
  "Plan Rows": 98, 
  "Filter": "(substr((customer_address_1.ca_zip)::text, 1, 5) = ANY ('{42416,11821,29026,18697,54532,36912,29570,19750,55872,62699,63334,62362,23232,24357,46143,12598,37395,27237,98550,61143,12229,24457,15713,51057,43163,17798,30934,63597,16172,82144,25389,23566,37310,90273,76773,67215,44688,44706,88658,19420,10230,94699,21730,27283,25991,56807,60655,44509,17507,90777,21298,70747,98501,34064,57016,79066,36899,90791,57921,33227,71309,68255,63621,64395,41563,73807,60671,57121,73509,21540,24166,96372,86336,40933,15693,85580,41745,83075,39826,19237,50983,37948,27123,14798,45147,66439,41631,58496,31159,81233,34091,42321,36775,28640,91282,36650,40629,32828,32475,30865,19191,37609,87703,79614,29046,47632,66531,11757,62557,24890,34989,53049,64664,57964,74765,23675,33393,78634,40071,95717,42911,38403,18454,32218,53949,49947,41439,14084,23281,80601,71609,65323,27106,10481,61463,16540,61886,28454,85040,60460,19837,18981,23956,22332,19102,74789,53551,99465,60394,49250,88827,25747,93835,69554,38848,14955,22345,22687,25148,12760,15483,44435,57557,29439,81842,20674,24446,43385,52959,50176,50951,38531,29597,77660,19074,51276,60170,60716,95708,70163,29876,60131,73899,18471,88928,72747,88970,10922,72647,18847,21037,41786,34405,21086,95461,58863,10210,34674,22172,19981,99861,30710,92195,39667,10126,12739,26902,18936,90802,22478,23799,25352,27239,11071,81434,41155,13931,59816,98432,68581,91633,75828,69082,87533,67396,23173,56896,57103,51260,65979,59978,34021,22774,12114,29935,71113,48396,61935,60227,63915,69668,46060,17502,54745,32249,33634,63514,83549,14305,79820,23391,31032,16852,12110,55475,46974,75061,80749,16359,53013,18689,23023,95057,40944,97046,31018,54920,42842,41266,73130,76360,27167,45532,77306,56747,54846,14044,70983,75646,94250,42803,82006,68393,35921,17117,59158,52513,12421,44318,91437,23589,54651,17974,29049,23915,75336,28031,14582,84580,77319,46219,26975,14439,46943,19457,13684,59624,92817,94615,48447,44265,38929,36149,70795,82768,46299,54172,62884,84734,24902,83841,98219,90534,34317,82911,73863,55263,24506,13662,13410,69041,40396,74111,32154,62033,55812,94083,48392,19792,52053,27270,29742,59306,21822,25429,13471,28095,64389,82133,50118,58986,22468,96466,40512,26965,22494,11974,83958,57017,33740,79544,30683,79830,22796,96380,77106,58573,50573,36161,32452,35337,18514,51772,37622,52363,32850,11289,88521,98998,64028,37033,18600,61316,73273,78039,87052,95154,80094,22203,51704,38416,36922,55647,47564,92250,19591,60326,88657,90324,80423}'::text[]))", 
  "Alias": "customer_address_1", 
  "filename": "plans/query8.json", 
  "Schema": "pg_temp_2", 
  "Parallel Aware": false, 
  "Parent Relationship": "Subquery", 
  "Output": [
   "substr((customer_address_1.ca_zip)::text, 1, 5)"
  ], 
  "Plan Width": 32, 
  "Total Cost": 61.99
 }, 
 {
  "Startup Cost": 19.43, 
  "plan_id": 1870, 
  "Plans": [
   1871
  ], 
  "Plan Rows": 1, 
  "Node Type": "Subquery Scan", 
  "Alias": "*SELECT* 2", 
  "filename": "plans/query8.json", 
  "Parallel Aware": false, 
  "Parent Relationship": "Member", 
  "Output": [
   "\"*SELECT* 2\".ca_zip", 
   "1"
  ], 
  "Plan Width": 36, 
  "Total Cost": 19.48
 }, 
 {
  "Startup Cost": 0.0, 
  "plan_id": 1877, 
  "Plans": [
   1878
  ], 
  "Plan Rows": 98, 
  "Node Type": "Subquery Scan", 
  "Alias": "*SELECT* 1", 
  "filename": "plans/query8.json", 
  "Parallel Aware": false, 
  "Parent Relationship": "Member", 
  "Output": [
   "\"*SELECT* 1\".ca_zip", 
   "0"
  ], 
  "Plan Width": 36, 
  "Total Cost": 62.97
 }, 
 {
  "Startup Cost": 19.43, 
  "plan_id": 1869, 
  "Plans": [
   1870, 
   1877
  ], 
  "Plan Rows": 99, 
  "Node Type": "Append", 
  "filename": "plans/query8.json", 
  "Parallel Aware": false, 
  "Parent Relationship": "Outer", 
  "Plan Width": 36, 
  "Total Cost": 82.44
 }, 
 {
  "Node Type": "SetOp", 
  "Startup Cost": 19.43, 
  "plan_id": 1868, 
  "Plans": [
   1869
  ], 
  "Plan Rows": 1, 
  "Strategy": "Hashed", 
  "filename": "plans/query8.json", 
  "Command": "Intersect", 
  "Parallel Aware": false, 
  "Parent Relationship": "Subquery", 
  "Output": [
   "\"*SELECT* 2\".ca_zip", 
   "(1)"
  ], 
  "Plan Width": 36, 
  "Total Cost": 82.69
 }, 
 {
  "Startup Cost": 19.43, 
  "plan_id": 1867, 
  "Plans": [
   1868
  ], 
  "Plan Rows": 1, 
  "Node Type": "Subquery Scan", 
  "Alias": "a2", 
  "filename": "plans/query8.json", 
  "Parallel Aware": false, 
  "Parent Relationship": "Outer", 
  "Output": [
   "a2.ca_zip"
  ], 
  "Plan Width": 32, 
  "Total Cost": 82.7
 }, 
 {
  "Startup Cost": 0.0, 
  "plan_id": 1879, 
  "Node Type": "Seq Scan", 
  "Plan Rows": 40, 
  "Relation Name": "store", 
  "Alias": "store", 
  "filename": "plans/query8.json", 
  "Schema": "pg_temp_2", 
  "Parallel Aware": false, 
  "Parent Relationship": "Inner", 
  "Output": [
   "store.s_store_sk", 
   "store.s_store_id", 
   "store.s_rec_start_date", 
   "store.s_rec_end_date", 
   "store.s_closed_date_sk", 
   "store.s_store_name", 
   "store.s_number_employees", 
   "store.s_floor_space", 
   "store.s_hours", 
   "store.s_manager", 
   "store.s_market_id", 
   "store.s_geography_class", 
   "store.s_market_desc", 
   "store.s_market_manager", 
   "store.s_division_id", 
   "store.s_division_name", 
   "store.s_company_id", 
   "store.s_company_name", 
   "store.s_street_number", 
   "store.s_street_name", 
   "store.s_street_type", 
   "store.s_suite_number", 
   "store.s_city", 
   "store.s_county", 
   "store.s_state", 
   "store.s_zip", 
   "store.s_country", 
   "store.s_gmt_offset", 
   "store.s_tax_precentage"
  ], 
  "Plan Width": 166, 
  "Total Cost": 10.4
 }, 
 {
  "Startup Cost": 19.43, 
  "plan_id": 1866, 
  "Plans": [
   1867, 
   1879
  ], 
  "Plan Rows": 1, 
  "Node Type": "Nested Loop", 
  "Join Type": "Inner", 
  "filename": "plans/query8.json", 
  "Parallel Aware": false, 
  "Parent Relationship": "Outer", 
  "Output": [
   "store.s_store_name", 
   "store.s_store_sk"
  ], 
  "Plan Width": 122, 
  "Join Filter": "(substr((store.s_zip)::text, 1, 2) = substr(a2.ca_zip, 1, 2))", 
  "Total Cost": 93.9
 }, 
 {
  "Startup Cost": 0.0, 
  "plan_id": 1864, 
  "Node Type": "Seq Scan", 
  "Plan Rows": 340, 
  "Relation Name": "store_sales", 
  "Alias": "store_sales", 
  "filename": "plans/query8.json", 
  "Schema": "pg_temp_2", 
  "Parallel Aware": false, 
  "Parent Relationship": "Outer", 
  "Output": [
   "store_sales.ss_sold_date_sk", 
   "store_sales.ss_sold_time_sk", 
   "store_sales.ss_item_sk", 
   "store_sales.ss_customer_sk", 
   "store_sales.ss_cdemo_sk", 
   "store_sales.ss_hdemo_sk", 
   "store_sales.ss_addr_sk", 
   "store_sales.ss_store_sk", 
   "store_sales.ss_promo_sk", 
   "store_sales.ss_ticket_number", 
   "store_sales.ss_quantity", 
   "store_sales.ss_wholesale_cost", 
   "store_sales.ss_list_price", 
   "store_sales.ss_sales_price", 
   "store_sales.ss_ext_discount_amt", 
   "store_sales.ss_ext_sales_price", 
   "store_sales.ss_ext_wholesale_cost", 
   "store_sales.ss_ext_list_price", 
   "store_sales.ss_ext_tax", 
   "store_sales.ss_coupon_amt", 
   "store_sales.ss_net_paid", 
   "store_sales.ss_net_paid_inc_tax", 
   "store_sales.ss_net_profit"
  ], 
  "Plan Width": 22, 
  "Total Cost": 13.4
 }, 
 {
  "Startup Cost": 93.9, 
  "plan_id": 1865, 
  "Plans": [
   1866
  ], 
  "Plan Rows": 1, 
  "Node Type": "Hash", 
  "filename": "plans/query8.json", 
  "Parallel Aware": false, 
  "Parent Relationship": "Inner", 
  "Output": [
   "store.s_store_name", 
   "store.s_store_sk"
  ], 
  "Plan Width": 122, 
  "Total Cost": 93.9
 }, 
 {
  "Startup Cost": 93.92, 
  "Plan Width": 136, 
  "plan_id": 1863, 
  "Plans": [
   1864, 
   1865
  ], 
  "Plan Rows": 2, 
  "Node Type": "Hash Join", 
  "Join Type": "Inner", 
  "filename": "plans/query8.json", 
  "Parallel Aware": false, 
  "Output": [
   "store_sales.ss_net_profit", 
   "store_sales.ss_sold_date_sk", 
   "store.s_store_name"
  ], 
  "Hash Cond": "(store_sales.ss_store_sk = store.s_store_sk)", 
  "Parent Relationship": "Outer", 
  "Total Cost": 108.61
 }, 
 {
  "Filter": "((date_dim.d_qoy = 1) AND (date_dim.d_year = 2002))", 
  "Startup Cost": 0.15, 
  "filename": "plans/query8.json", 
  "plan_id": 1880, 
  "Scan Direction": "Forward", 
  "Index Cond": "(date_dim.d_date_sk = store_sales.ss_sold_date_sk)", 
  "Node Type": "Index Scan", 
  "Relation Name": "date_dim", 
  "Alias": "date_dim", 
  "Plan Rows": 1, 
  "Schema": "pg_temp_2", 
  "Parallel Aware": false, 
  "Parent Relationship": "Inner", 
  "Output": [
   "date_dim.d_date_sk", 
   "date_dim.d_date_id", 
   "date_dim.d_date", 
   "date_dim.d_month_seq", 
   "date_dim.d_week_seq", 
   "date_dim.d_quarter_seq", 
   "date_dim.d_year", 
   "date_dim.d_dow", 
   "date_dim.d_moy", 
   "date_dim.d_dom", 
   "date_dim.d_qoy", 
   "date_dim.d_fy_year", 
   "date_dim.d_fy_quarter_seq", 
   "date_dim.d_fy_week_seq", 
   "date_dim.d_day_name", 
   "date_dim.d_quarter_name", 
   "date_dim.d_holiday", 
   "date_dim.d_weekend", 
   "date_dim.d_following_holiday", 
   "date_dim.d_first_dom", 
   "date_dim.d_last_dom", 
   "date_dim.d_same_day_ly", 
   "date_dim.d_same_day_lq", 
   "date_dim.d_current_day", 
   "date_dim.d_current_week", 
   "date_dim.d_current_month", 
   "date_dim.d_current_quarter", 
   "date_dim.d_current_year"
  ], 
  "Index Name": "date_dim_pkey", 
  "Plan Width": 4, 
  "Total Cost": 0.3
 }, 
 {
  "Startup Cost": 94.06, 
  "plan_id": 1862, 
  "Plans": [
   1863, 
   1880
  ], 
  "Plan Rows": 1, 
  "Node Type": "Nested Loop", 
  "Join Type": "Inner", 
  "filename": "plans/query8.json", 
  "Parallel Aware": false, 
  "Parent Relationship": "Outer", 
  "Output": [
   "store.s_store_name", 
   "store_sales.ss_net_profit"
  ], 
  "Plan Width": 132, 
  "Total Cost": 109.23
 }, 
 {
  "Startup Cost": 109.24, 
  "plan_id": 1861, 
  "Plans": [
   1862
  ], 
  "Sort Key": [
   "store.s_store_name"
  ], 
  "Plan Rows": 1, 
  "Node Type": "Sort", 
  "filename": "plans/query8.json", 
  "Parallel Aware": false, 
  "Parent Relationship": "Outer", 
  "Output": [
   "store.s_store_name", 
   "store_sales.ss_net_profit"
  ], 
  "Plan Width": 132, 
  "Total Cost": 109.24
 }, 
 {
  "Partial Mode": "Simple", 
  "Startup Cost": 109.24, 
  "Plan Width": 150, 
  "plan_id": 1860, 
  "Plans": [
   1861
  ], 
  "filename": "plans/query8.json", 
  "Node Type": "Aggregate", 
  "Strategy": "Sorted", 
  "Plan Rows": 1, 
  "Parallel Aware": false, 
  "Output": [
   "store.s_store_name", 
   "sum(store_sales.ss_net_profit)"
  ], 
  "Group Key": [
   "store.s_store_name"
  ], 
  "Parent Relationship": "Outer", 
  "Total Cost": 109.26
 }, 
 {
  "Startup Cost": 109.24, 
  "plan_id": 1859, 
  "Plans": [
   1860
  ], 
  "Plan Rows": 1, 
  "Node Type": "Limit", 
  "filename": "plans/query8.json", 
  "Parallel Aware": false, 
  "Output": [
   "store.s_store_name", 
   "(sum(store_sales.ss_net_profit))"
  ], 
  "Plan Width": 150, 
  "Total Cost": 109.26
 }, 
 {
  "Relation Name": "promotion", 
  "Startup Cost": 0.0, 
  "plan_id": 1891, 
  "Node Type": "Seq Scan", 
  "Plan Rows": 1, 
  "Filter": "(promotion.p_channel_tv = 'N'::bpchar)", 
  "Alias": "promotion", 
  "filename": "plans/query80.json", 
  "Schema": "pg_temp_2", 
  "Parallel Aware": false, 
  "Parent Relationship": "Outer", 
  "Output": [
   "promotion.p_promo_sk"
  ], 
  "Plan Width": 4, 
  "Total Cost": 11.38
 }, 
 {
  "Startup Cost": 0.0, 
  "plan_id": 1889, 
  "Node Type": "Seq Scan", 
  "Plan Rows": 340, 
  "Relation Name": "store_sales", 
  "Alias": "store_sales", 
  "filename": "plans/query80.json", 
  "Schema": "pg_temp_2", 
  "Parallel Aware": false, 
  "Parent Relationship": "Outer", 
  "Output": [
   "store_sales.ss_sold_date_sk", 
   "store_sales.ss_sold_time_sk", 
   "store_sales.ss_item_sk", 
   "store_sales.ss_customer_sk", 
   "store_sales.ss_cdemo_sk", 
   "store_sales.ss_hdemo_sk", 
   "store_sales.ss_addr_sk", 
   "store_sales.ss_store_sk", 
   "store_sales.ss_promo_sk", 
   "store_sales.ss_ticket_number", 
   "store_sales.ss_quantity", 
   "store_sales.ss_wholesale_cost", 
   "store_sales.ss_list_price", 
   "store_sales.ss_sales_price", 
   "store_sales.ss_ext_discount_amt", 
   "store_sales.ss_ext_sales_price", 
   "store_sales.ss_ext_wholesale_cost", 
   "store_sales.ss_ext_list_price", 
   "store_sales.ss_ext_tax", 
   "store_sales.ss_coupon_amt", 
   "store_sales.ss_net_paid", 
   "store_sales.ss_net_paid_inc_tax", 
   "store_sales.ss_net_profit"
  ], 
  "Plan Width": 48, 
  "Total Cost": 13.4
 }, 
 {
  "Startup Cost": 11.38, 
  "plan_id": 1890, 
  "Plans": [
   1891
  ], 
  "Plan Rows": 1, 
  "Node Type": "Hash", 
  "filename": "plans/query80.json", 
  "Parallel Aware": false, 
  "Parent Relationship": "Inner", 
  "Output": [
   "promotion.p_promo_sk"
  ], 
  "Plan Width": 4, 
  "Total Cost": 11.38
 }, 
 {
  "Startup Cost": 11.39, 
  "Plan Width": 44, 
  "plan_id": 1888, 
  "Plans": [
   1889, 
   1890
  ], 
  "Plan Rows": 2, 
  "Node Type": "Hash Join", 
  "Join Type": "Inner", 
  "filename": "plans/query80.json", 
  "Parallel Aware": false, 
  "Output": [
   "store_sales.ss_ext_sales_price", 
   "store_sales.ss_net_profit", 
   "store_sales.ss_item_sk", 
   "store_sales.ss_ticket_number", 
   "store_sales.ss_sold_date_sk", 
   "store_sales.ss_store_sk"
  ], 
  "Hash Cond": "(store_sales.ss_promo_sk = promotion.p_promo_sk)", 
  "Parent Relationship": "Outer", 
  "Total Cost": 26.08
 }, 
 {
  "Startup Cost": 0.14, 
  "filename": "plans/query80.json", 
  "plan_id": 1892, 
  "Scan Direction": "Forward", 
  "Index Cond": "(store.s_store_sk = store_sales.ss_store_sk)", 
  "Node Type": "Index Scan", 
  "Relation Name": "store", 
  "Alias": "store", 
  "Plan Rows": 1, 
  "Schema": "pg_temp_2", 
  "Parallel Aware": false, 
  "Parent Relationship": "Inner", 
  "Output": [
   "store.s_store_sk", 
   "store.s_store_id", 
   "store.s_rec_start_date", 
   "store.s_rec_end_date", 
   "store.s_closed_date_sk", 
   "store.s_store_name", 
   "store.s_number_employees", 
   "store.s_floor_space", 
   "store.s_hours", 
   "store.s_manager", 
   "store.s_market_id", 
   "store.s_geography_class", 
   "store.s_market_desc", 
   "store.s_market_manager", 
   "store.s_division_id", 
   "store.s_division_name", 
   "store.s_company_id", 
   "store.s_company_name", 
   "store.s_street_number", 
   "store.s_street_name", 
   "store.s_street_type", 
   "store.s_suite_number", 
   "store.s_city", 
   "store.s_county", 
   "store.s_state", 
   "store.s_zip", 
   "store.s_country", 
   "store.s_gmt_offset", 
   "store.s_tax_precentage"
  ], 
  "Index Name": "store_pkey", 
  "Plan Width": 72, 
  "Total Cost": 0.29
 }, 
 {
  "Startup Cost": 11.53, 
  "plan_id": 1887, 
  "Plans": [
   1888, 
   1892
  ], 
  "Plan Rows": 1, 
  "Node Type": "Nested Loop", 
  "Join Type": "Inner", 
  "filename": "plans/query80.json", 
  "Parallel Aware": false, 
  "Parent Relationship": "Outer", 
  "Output": [
   "store_sales.ss_ext_sales_price", 
   "store_sales.ss_net_profit", 
   "store_sales.ss_item_sk", 
   "store_sales.ss_ticket_number", 
   "store_sales.ss_sold_date_sk", 
   "store.s_store_id"
  ], 
  "Plan Width": 108, 
  "Total Cost": 26.68
 }, 
 {
  "Startup Cost": 0.15, 
  "filename": "plans/query80.json", 
  "plan_id": 1893, 
  "Scan Direction": "Forward", 
  "Index Cond": "((store_sales.ss_item_sk = store_returns.sr_item_sk) AND (store_sales.ss_ticket_number = store_returns.sr_ticket_number))", 
  "Node Type": "Index Scan", 
  "Relation Name": "store_returns", 
  "Alias": "store_returns", 
  "Plan Rows": 1, 
  "Schema": "pg_temp_2", 
  "Parallel Aware": false, 
  "Parent Relationship": "Inner", 
  "Output": [
   "store_returns.sr_returned_date_sk", 
   "store_returns.sr_return_time_sk", 
   "store_returns.sr_item_sk", 
   "store_returns.sr_customer_sk", 
   "store_returns.sr_cdemo_sk", 
   "store_returns.sr_hdemo_sk", 
   "store_returns.sr_addr_sk", 
   "store_returns.sr_store_sk", 
   "store_returns.sr_reason_sk", 
   "store_returns.sr_ticket_number", 
   "store_returns.sr_return_quantity", 
   "store_returns.sr_return_amt", 
   "store_returns.sr_return_tax", 
   "store_returns.sr_return_amt_inc_tax", 
   "store_returns.sr_fee", 
   "store_returns.sr_return_ship_cost", 
   "store_returns.sr_refunded_cash", 
   "store_returns.sr_reversed_charge", 
   "store_returns.sr_store_credit", 
   "store_returns.sr_net_loss"
  ], 
  "Index Name": "store_returns_pkey", 
  "Plan Width": 36, 
  "Total Cost": 0.3
 }, 
 {
  "Startup Cost": 11.68, 
  "plan_id": 1886, 
  "Plans": [
   1887, 
   1893
  ], 
  "Plan Rows": 1, 
  "Node Type": "Nested Loop", 
  "Join Type": "Left", 
  "filename": "plans/query80.json", 
  "Parallel Aware": false, 
  "Parent Relationship": "Outer", 
  "Output": [
   "store_sales.ss_ext_sales_price", 
   "store_sales.ss_net_profit", 
   "store_sales.ss_item_sk", 
   "store_sales.ss_sold_date_sk", 
   "store_returns.sr_return_amt", 
   "store_returns.sr_net_loss", 
   "store.s_store_id"
  ], 
  "Plan Width": 132, 
  "Total Cost": 26.98
 }, 
 {
  "Filter": "((date_dim.d_date >= '1998-08-15'::date) AND (date_dim.d_date <= '1998-09-14 00:00:00'::timestamp without time zone))", 
  "Startup Cost": 0.15, 
  "filename": "plans/query80.json", 
  "plan_id": 1894, 
  "Scan Direction": "Forward", 
  "Index Cond": "(date_dim.d_date_sk = store_sales.ss_sold_date_sk)", 
  "Node Type": "Index Scan", 
  "Relation Name": "date_dim", 
  "Alias": "date_dim", 
  "Plan Rows": 1, 
  "Schema": "pg_temp_2", 
  "Parallel Aware": false, 
  "Parent Relationship": "Inner", 
  "Output": [
   "date_dim.d_date_sk", 
   "date_dim.d_date_id", 
   "date_dim.d_date", 
   "date_dim.d_month_seq", 
   "date_dim.d_week_seq", 
   "date_dim.d_quarter_seq", 
   "date_dim.d_year", 
   "date_dim.d_dow", 
   "date_dim.d_moy", 
   "date_dim.d_dom", 
   "date_dim.d_qoy", 
   "date_dim.d_fy_year", 
   "date_dim.d_fy_quarter_seq", 
   "date_dim.d_fy_week_seq", 
   "date_dim.d_day_name", 
   "date_dim.d_quarter_name", 
   "date_dim.d_holiday", 
   "date_dim.d_weekend", 
   "date_dim.d_following_holiday", 
   "date_dim.d_first_dom", 
   "date_dim.d_last_dom", 
   "date_dim.d_same_day_ly", 
   "date_dim.d_same_day_lq", 
   "date_dim.d_current_day", 
   "date_dim.d_current_week", 
   "date_dim.d_current_month", 
   "date_dim.d_current_quarter", 
   "date_dim.d_current_year"
  ], 
  "Index Name": "date_dim_pkey", 
  "Plan Width": 4, 
  "Total Cost": 0.3
 }, 
 {
  "Startup Cost": 11.82, 
  "plan_id": 1885, 
  "Plans": [
   1886, 
   1894
  ], 
  "Plan Rows": 1, 
  "Node Type": "Nested Loop", 
  "Join Type": "Inner", 
  "filename": "plans/query80.json", 
  "Parallel Aware": false, 
  "Parent Relationship": "Outer", 
  "Output": [
   "store_sales.ss_ext_sales_price", 
   "store_sales.ss_net_profit", 
   "store_sales.ss_item_sk", 
   "store_returns.sr_return_amt", 
   "store_returns.sr_net_loss", 
   "store.s_store_id"
  ], 
  "Plan Width": 128, 
  "Total Cost": 27.29
 }, 
 {
  "Filter": "(item.i_current_price > '50'::numeric)", 
  "Startup Cost": 0.14, 
  "filename": "plans/query80.json", 
  "plan_id": 1895, 
  "Scan Direction": "Forward", 
  "Index Cond": "(item.i_item_sk = store_sales.ss_item_sk)", 
  "Node Type": "Index Scan", 
  "Relation Name": "item", 
  "Alias": "item", 
  "Plan Rows": 1, 
  "Schema": "pg_temp_2", 
  "Parallel Aware": false, 
  "Parent Relationship": "Inner", 
  "Output": [
   "item.i_item_sk", 
   "item.i_item_id", 
   "item.i_rec_start_date", 
   "item.i_rec_end_date", 
   "item.i_item_desc", 
   "item.i_current_price", 
   "item.i_wholesale_cost", 
   "item.i_brand_id", 
   "item.i_brand", 
   "item.i_class_id", 
   "item.i_class", 
   "item.i_category_id", 
   "item.i_category", 
   "item.i_manufact_id", 
   "item.i_manufact", 
   "item.i_size", 
   "item.i_formulation", 
   "item.i_color", 
   "item.i_units", 
   "item.i_container", 
   "item.i_manager_id", 
   "item.i_product_name"
  ], 
  "Index Name": "item_pkey", 
  "Plan Width": 4, 
  "Total Cost": 0.29
 }, 
 {
  "Startup Cost": 11.96, 
  "plan_id": 1884, 
  "Plans": [
   1885, 
   1895
  ], 
  "Plan Rows": 1, 
  "Node Type": "Nested Loop", 
  "Join Type": "Inner", 
  "filename": "plans/query80.json", 
  "Parallel Aware": false, 
  "Parent Relationship": "Outer", 
  "Output": [
   "store.s_store_id", 
   "store_sales.ss_ext_sales_price", 
   "store_returns.sr_return_amt", 
   "store_sales.ss_net_profit", 
   "store_returns.sr_net_loss"
  ], 
  "Plan Width": 124, 
  "Total Cost": 27.59
 }, 
 {
  "Startup Cost": 27.6, 
  "plan_id": 1883, 
  "Plans": [
   1884
  ], 
  "Sort Key": [
   "store.s_store_id"
  ], 
  "Plan Rows": 1, 
  "Node Type": "Sort", 
  "filename": "plans/query80.json", 
  "Parallel Aware": false, 
  "Parent Relationship": "Outer", 
  "Output": [
   "store.s_store_id", 
   "store_sales.ss_ext_sales_price", 
   "store_returns.sr_return_amt", 
   "store_sales.ss_net_profit", 
   "store_returns.sr_net_loss"
  ], 
  "Plan Width": 124, 
  "Total Cost": 27.61
 }, 
 {
  "Relation Name": "promotion", 
  "Startup Cost": 0.0, 
  "plan_id": 1905, 
  "Node Type": "Seq Scan", 
  "Plan Rows": 1, 
  "Filter": "(promotion_1.p_channel_tv = 'N'::bpchar)", 
  "Alias": "promotion_1", 
  "filename": "plans/query80.json", 
  "Schema": "pg_temp_2", 
  "Parallel Aware": false, 
  "Parent Relationship": "Outer", 
  "Output": [
   "promotion_1.p_promo_sk"
  ], 
  "Plan Width": 4, 
  "Total Cost": 11.38
 }, 
 {
  "Startup Cost": 0.0, 
  "plan_id": 1903, 
  "Node Type": "Seq Scan", 
  "Plan Rows": 260, 
  "Relation Name": "catalog_sales", 
  "Alias": "catalog_sales", 
  "filename": "plans/query80.json", 
  "Schema": "pg_temp_2", 
  "Parallel Aware": false, 
  "Parent Relationship": "Outer", 
  "Output": [
   "catalog_sales.cs_sold_date_sk", 
   "catalog_sales.cs_sold_time_sk", 
   "catalog_sales.cs_ship_date_sk", 
   "catalog_sales.cs_bill_customer_sk", 
   "catalog_sales.cs_bill_cdemo_sk", 
   "catalog_sales.cs_bill_hdemo_sk", 
   "catalog_sales.cs_bill_addr_sk", 
   "catalog_sales.cs_ship_customer_sk", 
   "catalog_sales.cs_ship_cdemo_sk", 
   "catalog_sales.cs_ship_hdemo_sk", 
   "catalog_sales.cs_ship_addr_sk", 
   "catalog_sales.cs_call_center_sk", 
   "catalog_sales.cs_catalog_page_sk", 
   "catalog_sales.cs_ship_mode_sk", 
   "catalog_sales.cs_warehouse_sk", 
   "catalog_sales.cs_item_sk", 
   "catalog_sales.cs_promo_sk", 
   "catalog_sales.cs_order_number", 
   "catalog_sales.cs_quantity", 
   "catalog_sales.cs_wholesale_cost", 
   "catalog_sales.cs_list_price", 
   "catalog_sales.cs_sales_price", 
   "catalog_sales.cs_ext_discount_amt", 
   "catalog_sales.cs_ext_sales_price", 
   "catalog_sales.cs_ext_wholesale_cost", 
   "catalog_sales.cs_ext_list_price", 
   "catalog_sales.cs_ext_tax", 
   "catalog_sales.cs_coupon_amt", 
   "catalog_sales.cs_ext_ship_cost", 
   "catalog_sales.cs_net_paid", 
   "catalog_sales.cs_net_paid_inc_tax", 
   "catalog_sales.cs_net_paid_inc_ship", 
   "catalog_sales.cs_net_paid_inc_ship_tax", 
   "catalog_sales.cs_net_profit"
  ], 
  "Plan Width": 48, 
  "Total Cost": 12.6
 }, 
 {
  "Startup Cost": 11.38, 
  "plan_id": 1904, 
  "Plans": [
   1905
  ], 
  "Plan Rows": 1, 
  "Node Type": "Hash", 
  "filename": "plans/query80.json", 
  "Parallel Aware": false, 
  "Parent Relationship": "Inner", 
  "Output": [
   "promotion_1.p_promo_sk"
  ], 
  "Plan Width": 4, 
  "Total Cost": 11.38
 }, 
 {
  "Startup Cost": 11.39, 
  "Plan Width": 44, 
  "plan_id": 1902, 
  "Plans": [
   1903, 
   1904
  ], 
  "Plan Rows": 1, 
  "Node Type": "Hash Join", 
  "Join Type": "Inner", 
  "filename": "plans/query80.json", 
  "Parallel Aware": false, 
  "Output": [
   "catalog_sales.cs_ext_sales_price", 
   "catalog_sales.cs_net_profit", 
   "catalog_sales.cs_item_sk", 
   "catalog_sales.cs_order_number", 
   "catalog_sales.cs_sold_date_sk", 
   "catalog_sales.cs_catalog_page_sk"
  ], 
  "Hash Cond": "(catalog_sales.cs_promo_sk = promotion_1.p_promo_sk)", 
  "Parent Relationship": "Outer", 
  "Total Cost": 24.97
 }, 
 {
  "Startup Cost": 0.15, 
  "filename": "plans/query80.json", 
  "plan_id": 1906, 
  "Scan Direction": "Forward", 
  "Index Cond": "((catalog_sales.cs_item_sk = catalog_returns.cr_item_sk) AND (catalog_sales.cs_order_number = catalog_returns.cr_order_number))", 
  "Node Type": "Index Scan", 
  "Relation Name": "catalog_returns", 
  "Alias": "catalog_returns", 
  "Plan Rows": 1, 
  "Schema": "pg_temp_2", 
  "Parallel Aware": false, 
  "Parent Relationship": "Inner", 
  "Output": [
   "catalog_returns.cr_returned_date_sk", 
   "catalog_returns.cr_returned_time_sk", 
   "catalog_returns.cr_item_sk", 
   "catalog_returns.cr_refunded_customer_sk", 
   "catalog_returns.cr_refunded_cdemo_sk", 
   "catalog_returns.cr_refunded_hdemo_sk", 
   "catalog_returns.cr_refunded_addr_sk", 
   "catalog_returns.cr_returning_customer_sk", 
   "catalog_returns.cr_returning_cdemo_sk", 
   "catalog_returns.cr_returning_hdemo_sk", 
   "catalog_returns.cr_returning_addr_sk", 
   "catalog_returns.cr_call_center_sk", 
   "catalog_returns.cr_catalog_page_sk", 
   "catalog_returns.cr_ship_mode_sk", 
   "catalog_returns.cr_warehouse_sk", 
   "catalog_returns.cr_reason_sk", 
   "catalog_returns.cr_order_number", 
   "catalog_returns.cr_return_quantity", 
   "catalog_returns.cr_return_amount", 
   "catalog_returns.cr_return_tax", 
   "catalog_returns.cr_return_amt_inc_tax", 
   "catalog_returns.cr_fee", 
   "catalog_returns.cr_return_ship_cost", 
   "catalog_returns.cr_refunded_cash", 
   "catalog_returns.cr_reversed_charge", 
   "catalog_returns.cr_store_credit", 
   "catalog_returns.cr_net_loss"
  ], 
  "Index Name": "catalog_returns_pkey", 
  "Plan Width": 36, 
  "Total Cost": 0.34
 }, 
 {
  "Startup Cost": 11.54, 
  "plan_id": 1901, 
  "Plans": [
   1902, 
   1906
  ], 
  "Plan Rows": 1, 
  "Node Type": "Nested Loop", 
  "Join Type": "Left", 
  "filename": "plans/query80.json", 
  "Parallel Aware": false, 
  "Parent Relationship": "Outer", 
  "Output": [
   "catalog_sales.cs_ext_sales_price", 
   "catalog_sales.cs_net_profit", 
   "catalog_sales.cs_item_sk", 
   "catalog_sales.cs_sold_date_sk", 
   "catalog_sales.cs_catalog_page_sk", 
   "catalog_returns.cr_return_amount", 
   "catalog_returns.cr_net_loss"
  ], 
  "Plan Width": 68, 
  "Total Cost": 25.32
 }, 
 {
  "Filter": "((date_dim_1.d_date >= '1998-08-15'::date) AND (date_dim_1.d_date <= '1998-09-14 00:00:00'::timestamp without time zone))", 
  "Startup Cost": 0.15, 
  "filename": "plans/query80.json", 
  "plan_id": 1907, 
  "Scan Direction": "Forward", 
  "Index Cond": "(date_dim_1.d_date_sk = catalog_sales.cs_sold_date_sk)", 
  "Node Type": "Index Scan", 
  "Relation Name": "date_dim", 
  "Alias": "date_dim_1", 
  "Plan Rows": 1, 
  "Schema": "pg_temp_2", 
  "Parallel Aware": false, 
  "Parent Relationship": "Inner", 
  "Output": [
   "date_dim_1.d_date_sk", 
   "date_dim_1.d_date_id", 
   "date_dim_1.d_date", 
   "date_dim_1.d_month_seq", 
   "date_dim_1.d_week_seq", 
   "date_dim_1.d_quarter_seq", 
   "date_dim_1.d_year", 
   "date_dim_1.d_dow", 
   "date_dim_1.d_moy", 
   "date_dim_1.d_dom", 
   "date_dim_1.d_qoy", 
   "date_dim_1.d_fy_year", 
   "date_dim_1.d_fy_quarter_seq", 
   "date_dim_1.d_fy_week_seq", 
   "date_dim_1.d_day_name", 
   "date_dim_1.d_quarter_name", 
   "date_dim_1.d_holiday", 
   "date_dim_1.d_weekend", 
   "date_dim_1.d_following_holiday", 
   "date_dim_1.d_first_dom", 
   "date_dim_1.d_last_dom", 
   "date_dim_1.d_same_day_ly", 
   "date_dim_1.d_same_day_lq", 
   "date_dim_1.d_current_day", 
   "date_dim_1.d_current_week", 
   "date_dim_1.d_current_month", 
   "date_dim_1.d_current_quarter", 
   "date_dim_1.d_current_year"
  ], 
  "Index Name": "date_dim_pkey", 
  "Plan Width": 4, 
  "Total Cost": 0.34
 }, 
 {
  "Startup Cost": 11.68, 
  "plan_id": 1900, 
  "Plans": [
   1901, 
   1907
  ], 
  "Plan Rows": 1, 
  "Node Type": "Nested Loop", 
  "Join Type": "Inner", 
  "filename": "plans/query80.json", 
  "Parallel Aware": false, 
  "Parent Relationship": "Outer", 
  "Output": [
   "catalog_sales.cs_ext_sales_price", 
   "catalog_sales.cs_net_profit", 
   "catalog_sales.cs_item_sk", 
   "catalog_sales.cs_catalog_page_sk", 
   "catalog_returns.cr_return_amount", 
   "catalog_returns.cr_net_loss"
  ], 
  "Plan Width": 64, 
  "Total Cost": 25.67
 }, 
 {
  "Startup Cost": 0.14, 
  "filename": "plans/query80.json", 
  "plan_id": 1908, 
  "Scan Direction": "Forward", 
  "Index Cond": "(catalog_page.cp_catalog_page_sk = catalog_sales.cs_catalog_page_sk)", 
  "Node Type": "Index Scan", 
  "Relation Name": "catalog_page", 
  "Alias": "catalog_page", 
  "Plan Rows": 1, 
  "Schema": "pg_temp_2", 
  "Parallel Aware": false, 
  "Parent Relationship": "Inner", 
  "Output": [
   "catalog_page.cp_catalog_page_sk", 
   "catalog_page.cp_catalog_page_id", 
   "catalog_page.cp_start_date_sk", 
   "catalog_page.cp_end_date_sk", 
   "catalog_page.cp_department", 
   "catalog_page.cp_catalog_number", 
   "catalog_page.cp_catalog_page_number", 
   "catalog_page.cp_description", 
   "catalog_page.cp_type"
  ], 
  "Index Name": "catalog_page_pkey", 
  "Plan Width": 72, 
  "Total Cost": 0.33
 }, 
 {
  "Startup Cost": 11.83, 
  "plan_id": 1899, 
  "Plans": [
   1900, 
   1908
  ], 
  "Plan Rows": 1, 
  "Node Type": "Nested Loop", 
  "Join Type": "Inner", 
  "filename": "plans/query80.json", 
  "Parallel Aware": false, 
  "Parent Relationship": "Outer", 
  "Output": [
   "catalog_sales.cs_ext_sales_price", 
   "catalog_sales.cs_net_profit", 
   "catalog_sales.cs_item_sk", 
   "catalog_returns.cr_return_amount", 
   "catalog_returns.cr_net_loss", 
   "catalog_page.cp_catalog_page_id"
  ], 
  "Plan Width": 128, 
  "Total Cost": 26.01
 }, 
 {
  "Filter": "(item_1.i_current_price > '50'::numeric)", 
  "Startup Cost": 0.14, 
  "filename": "plans/query80.json", 
  "plan_id": 1909, 
  "Scan Direction": "Forward", 
  "Index Cond": "(item_1.i_item_sk = catalog_sales.cs_item_sk)", 
  "Node Type": "Index Scan", 
  "Relation Name": "item", 
  "Alias": "item_1", 
  "Plan Rows": 1, 
  "Schema": "pg_temp_2", 
  "Parallel Aware": false, 
  "Parent Relationship": "Inner", 
  "Output": [
   "item_1.i_item_sk", 
   "item_1.i_item_id", 
   "item_1.i_rec_start_date", 
   "item_1.i_rec_end_date", 
   "item_1.i_item_desc", 
   "item_1.i_current_price", 
   "item_1.i_wholesale_cost", 
   "item_1.i_brand_id", 
   "item_1.i_brand", 
   "item_1.i_class_id", 
   "item_1.i_class", 
   "item_1.i_category_id", 
   "item_1.i_category", 
   "item_1.i_manufact_id", 
   "item_1.i_manufact", 
   "item_1.i_size", 
   "item_1.i_formulation", 
   "item_1.i_color", 
   "item_1.i_units", 
   "item_1.i_container", 
   "item_1.i_manager_id", 
   "item_1.i_product_name"
  ], 
  "Index Name": "item_pkey", 
  "Plan Width": 4, 
  "Total Cost": 0.33
 }, 
 {
  "Startup Cost": 11.97, 
  "plan_id": 1898, 
  "Plans": [
   1899, 
   1909
  ], 
  "Plan Rows": 1, 
  "Node Type": "Nested Loop", 
  "Join Type": "Inner", 
  "filename": "plans/query80.json", 
  "Parallel Aware": false, 
  "Parent Relationship": "Outer", 
  "Output": [
   "catalog_page.cp_catalog_page_id", 
   "catalog_sales.cs_ext_sales_price", 
   "catalog_returns.cr_return_amount", 
   "catalog_sales.cs_net_profit", 
   "catalog_returns.cr_net_loss"
  ], 
  "Plan Width": 124, 
  "Total Cost": 26.35
 }, 
 {
  "Startup Cost": 26.36, 
  "plan_id": 1897, 
  "Plans": [
   1898
  ], 
  "Sort Key": [
   "catalog_page.cp_catalog_page_id"
  ], 
  "Plan Rows": 1, 
  "Node Type": "Sort", 
  "filename": "plans/query80.json", 
  "Parallel Aware": false, 
  "Parent Relationship": "Outer", 
  "Output": [
   "catalog_page.cp_catalog_page_id", 
   "catalog_sales.cs_ext_sales_price", 
   "catalog_returns.cr_return_amount", 
   "catalog_sales.cs_net_profit", 
   "catalog_returns.cr_net_loss"
  ], 
  "Plan Width": 124, 
  "Total Cost": 26.36
 }, 
 {
  "Relation Name": "promotion", 
  "Startup Cost": 0.0, 
  "plan_id": 1919, 
  "Node Type": "Seq Scan", 
  "Plan Rows": 1, 
  "Filter": "(promotion_2.p_channel_tv = 'N'::bpchar)", 
  "Alias": "promotion_2", 
  "filename": "plans/query80.json", 
  "Schema": "pg_temp_2", 
  "Parallel Aware": false, 
  "Parent Relationship": "Outer", 
  "Output": [
   "promotion_2.p_promo_sk"
  ], 
  "Plan Width": 4, 
  "Total Cost": 11.38
 }, 
 {
  "Startup Cost": 0.0, 
  "plan_id": 1917, 
  "Node Type": "Seq Scan", 
  "Plan Rows": 260, 
  "Relation Name": "web_sales", 
  "Alias": "web_sales", 
  "filename": "plans/query80.json", 
  "Schema": "pg_temp_2", 
  "Parallel Aware": false, 
  "Parent Relationship": "Outer", 
  "Output": [
   "web_sales.ws_sold_date_sk", 
   "web_sales.ws_sold_time_sk", 
   "web_sales.ws_ship_date_sk", 
   "web_sales.ws_item_sk", 
   "web_sales.ws_bill_customer_sk", 
   "web_sales.ws_bill_cdemo_sk", 
   "web_sales.ws_bill_hdemo_sk", 
   "web_sales.ws_bill_addr_sk", 
   "web_sales.ws_ship_customer_sk", 
   "web_sales.ws_ship_cdemo_sk", 
   "web_sales.ws_ship_hdemo_sk", 
   "web_sales.ws_ship_addr_sk", 
   "web_sales.ws_web_page_sk", 
   "web_sales.ws_web_site_sk", 
   "web_sales.ws_ship_mode_sk", 
   "web_sales.ws_warehouse_sk", 
   "web_sales.ws_promo_sk", 
   "web_sales.ws_order_number", 
   "web_sales.ws_quantity", 
   "web_sales.ws_wholesale_cost", 
   "web_sales.ws_list_price", 
   "web_sales.ws_sales_price", 
   "web_sales.ws_ext_discount_amt", 
   "web_sales.ws_ext_sales_price", 
   "web_sales.ws_ext_wholesale_cost", 
   "web_sales.ws_ext_list_price", 
   "web_sales.ws_ext_tax", 
   "web_sales.ws_coupon_amt", 
   "web_sales.ws_ext_ship_cost", 
   "web_sales.ws_net_paid", 
   "web_sales.ws_net_paid_inc_tax", 
   "web_sales.ws_net_paid_inc_ship", 
   "web_sales.ws_net_paid_inc_ship_tax", 
   "web_sales.ws_net_profit"
  ], 
  "Plan Width": 48, 
  "Total Cost": 12.6
 }, 
 {
  "Startup Cost": 11.38, 
  "plan_id": 1918, 
  "Plans": [
   1919
  ], 
  "Plan Rows": 1, 
  "Node Type": "Hash", 
  "filename": "plans/query80.json", 
  "Parallel Aware": false, 
  "Parent Relationship": "Inner", 
  "Output": [
   "promotion_2.p_promo_sk"
  ], 
  "Plan Width": 4, 
  "Total Cost": 11.38
 }, 
 {
  "Startup Cost": 11.39, 
  "Plan Width": 44, 
  "plan_id": 1916, 
  "Plans": [
   1917, 
   1918
  ], 
  "Plan Rows": 1, 
  "Node Type": "Hash Join", 
  "Join Type": "Inner", 
  "filename": "plans/query80.json", 
  "Parallel Aware": false, 
  "Output": [
   "web_sales.ws_ext_sales_price", 
   "web_sales.ws_net_profit", 
   "web_sales.ws_item_sk", 
   "web_sales.ws_order_number", 
   "web_sales.ws_sold_date_sk", 
   "web_sales.ws_web_site_sk"
  ], 
  "Hash Cond": "(web_sales.ws_promo_sk = promotion_2.p_promo_sk)", 
  "Parent Relationship": "Outer", 
  "Total Cost": 24.97
 }, 
 {
  "Startup Cost": 0.15, 
  "filename": "plans/query80.json", 
  "plan_id": 1920, 
  "Scan Direction": "Forward", 
  "Index Cond": "((web_sales.ws_item_sk = web_returns.wr_item_sk) AND (web_sales.ws_order_number = web_returns.wr_order_number))", 
  "Node Type": "Index Scan", 
  "Relation Name": "web_returns", 
  "Alias": "web_returns", 
  "Plan Rows": 1, 
  "Schema": "pg_temp_2", 
  "Parallel Aware": false, 
  "Parent Relationship": "Inner", 
  "Output": [
   "web_returns.wr_returned_date_sk", 
   "web_returns.wr_returned_time_sk", 
   "web_returns.wr_item_sk", 
   "web_returns.wr_refunded_customer_sk", 
   "web_returns.wr_refunded_cdemo_sk", 
   "web_returns.wr_refunded_hdemo_sk", 
   "web_returns.wr_refunded_addr_sk", 
   "web_returns.wr_returning_customer_sk", 
   "web_returns.wr_returning_cdemo_sk", 
   "web_returns.wr_returning_hdemo_sk", 
   "web_returns.wr_returning_addr_sk", 
   "web_returns.wr_web_page_sk", 
   "web_returns.wr_reason_sk", 
   "web_returns.wr_order_number", 
   "web_returns.wr_return_quantity", 
   "web_returns.wr_return_amt", 
   "web_returns.wr_return_tax", 
   "web_returns.wr_return_amt_inc_tax", 
   "web_returns.wr_fee", 
   "web_returns.wr_return_ship_cost", 
   "web_returns.wr_refunded_cash", 
   "web_returns.wr_reversed_charge", 
   "web_returns.wr_account_credit", 
   "web_returns.wr_net_loss"
  ], 
  "Index Name": "web_returns_pkey", 
  "Plan Width": 36, 
  "Total Cost": 0.34
 }, 
 {
  "Startup Cost": 11.54, 
  "plan_id": 1915, 
  "Plans": [
   1916, 
   1920
  ], 
  "Plan Rows": 1, 
  "Node Type": "Nested Loop", 
  "Join Type": "Left", 
  "filename": "plans/query80.json", 
  "Parallel Aware": false, 
  "Parent Relationship": "Outer", 
  "Output": [
   "web_sales.ws_ext_sales_price", 
   "web_sales.ws_net_profit", 
   "web_sales.ws_item_sk", 
   "web_sales.ws_sold_date_sk", 
   "web_sales.ws_web_site_sk", 
   "web_returns.wr_return_amt", 
   "web_returns.wr_net_loss"
  ], 
  "Plan Width": 68, 
  "Total Cost": 25.32
 }, 
 {
  "Filter": "((date_dim_2.d_date >= '1998-08-15'::date) AND (date_dim_2.d_date <= '1998-09-14 00:00:00'::timestamp without time zone))", 
  "Startup Cost": 0.15, 
  "filename": "plans/query80.json", 
  "plan_id": 1921, 
  "Scan Direction": "Forward", 
  "Index Cond": "(date_dim_2.d_date_sk = web_sales.ws_sold_date_sk)", 
  "Node Type": "Index Scan", 
  "Relation Name": "date_dim", 
  "Alias": "date_dim_2", 
  "Plan Rows": 1, 
  "Schema": "pg_temp_2", 
  "Parallel Aware": false, 
  "Parent Relationship": "Inner", 
  "Output": [
   "date_dim_2.d_date_sk", 
   "date_dim_2.d_date_id", 
   "date_dim_2.d_date", 
   "date_dim_2.d_month_seq", 
   "date_dim_2.d_week_seq", 
   "date_dim_2.d_quarter_seq", 
   "date_dim_2.d_year", 
   "date_dim_2.d_dow", 
   "date_dim_2.d_moy", 
   "date_dim_2.d_dom", 
   "date_dim_2.d_qoy", 
   "date_dim_2.d_fy_year", 
   "date_dim_2.d_fy_quarter_seq", 
   "date_dim_2.d_fy_week_seq", 
   "date_dim_2.d_day_name", 
   "date_dim_2.d_quarter_name", 
   "date_dim_2.d_holiday", 
   "date_dim_2.d_weekend", 
   "date_dim_2.d_following_holiday", 
   "date_dim_2.d_first_dom", 
   "date_dim_2.d_last_dom", 
   "date_dim_2.d_same_day_ly", 
   "date_dim_2.d_same_day_lq", 
   "date_dim_2.d_current_day", 
   "date_dim_2.d_current_week", 
   "date_dim_2.d_current_month", 
   "date_dim_2.d_current_quarter", 
   "date_dim_2.d_current_year"
  ], 
  "Index Name": "date_dim_pkey", 
  "Plan Width": 4, 
  "Total Cost": 0.34
 }, 
 {
  "Startup Cost": 11.68, 
  "plan_id": 1914, 
  "Plans": [
   1915, 
   1921
  ], 
  "Plan Rows": 1, 
  "Node Type": "Nested Loop", 
  "Join Type": "Inner", 
  "filename": "plans/query80.json", 
  "Parallel Aware": false, 
  "Parent Relationship": "Outer", 
  "Output": [
   "web_sales.ws_ext_sales_price", 
   "web_sales.ws_net_profit", 
   "web_sales.ws_item_sk", 
   "web_sales.ws_web_site_sk", 
   "web_returns.wr_return_amt", 
   "web_returns.wr_net_loss"
  ], 
  "Plan Width": 64, 
  "Total Cost": 25.67
 }, 
 {
  "Startup Cost": 0.14, 
  "filename": "plans/query80.json", 
  "plan_id": 1922, 
  "Scan Direction": "Forward", 
  "Index Cond": "(web_site.web_site_sk = web_sales.ws_web_site_sk)", 
  "Node Type": "Index Scan", 
  "Relation Name": "web_site", 
  "Alias": "web_site", 
  "Plan Rows": 1, 
  "Schema": "pg_temp_2", 
  "Parallel Aware": false, 
  "Parent Relationship": "Inner", 
  "Output": [
   "web_site.web_site_sk", 
   "web_site.web_site_id", 
   "web_site.web_rec_start_date", 
   "web_site.web_rec_end_date", 
   "web_site.web_name", 
   "web_site.web_open_date_sk", 
   "web_site.web_close_date_sk", 
   "web_site.web_class", 
   "web_site.web_manager", 
   "web_site.web_mkt_id", 
   "web_site.web_mkt_class", 
   "web_site.web_mkt_desc", 
   "web_site.web_market_manager", 
   "web_site.web_company_id", 
   "web_site.web_company_name", 
   "web_site.web_street_number", 
   "web_site.web_street_name", 
   "web_site.web_street_type", 
   "web_site.web_suite_number", 
   "web_site.web_city", 
   "web_site.web_county", 
   "web_site.web_state", 
   "web_site.web_zip", 
   "web_site.web_country", 
   "web_site.web_gmt_offset", 
   "web_site.web_tax_percentage"
  ], 
  "Index Name": "web_site_pkey", 
  "Plan Width": 72, 
  "Total Cost": 0.33
 }, 
 {
  "Startup Cost": 11.82, 
  "plan_id": 1913, 
  "Plans": [
   1914, 
   1922
  ], 
  "Plan Rows": 1, 
  "Node Type": "Nested Loop", 
  "Join Type": "Inner", 
  "filename": "plans/query80.json", 
  "Parallel Aware": false, 
  "Parent Relationship": "Outer", 
  "Output": [
   "web_sales.ws_ext_sales_price", 
   "web_sales.ws_net_profit", 
   "web_sales.ws_item_sk", 
   "web_returns.wr_return_amt", 
   "web_returns.wr_net_loss", 
   "web_site.web_site_id"
  ], 
  "Plan Width": 128, 
  "Total Cost": 26.01
 }, 
 {
  "Filter": "(item_2.i_current_price > '50'::numeric)", 
  "Startup Cost": 0.14, 
  "filename": "plans/query80.json", 
  "plan_id": 1923, 
  "Scan Direction": "Forward", 
  "Index Cond": "(item_2.i_item_sk = web_sales.ws_item_sk)", 
  "Node Type": "Index Scan", 
  "Relation Name": "item", 
  "Alias": "item_2", 
  "Plan Rows": 1, 
  "Schema": "pg_temp_2", 
  "Parallel Aware": false, 
  "Parent Relationship": "Inner", 
  "Output": [
   "item_2.i_item_sk", 
   "item_2.i_item_id", 
   "item_2.i_rec_start_date", 
   "item_2.i_rec_end_date", 
   "item_2.i_item_desc", 
   "item_2.i_current_price", 
   "item_2.i_wholesale_cost", 
   "item_2.i_brand_id", 
   "item_2.i_brand", 
   "item_2.i_class_id", 
   "item_2.i_class", 
   "item_2.i_category_id", 
   "item_2.i_category", 
   "item_2.i_manufact_id", 
   "item_2.i_manufact", 
   "item_2.i_size", 
   "item_2.i_formulation", 
   "item_2.i_color", 
   "item_2.i_units", 
   "item_2.i_container", 
   "item_2.i_manager_id", 
   "item_2.i_product_name"
  ], 
  "Index Name": "item_pkey", 
  "Plan Width": 4, 
  "Total Cost": 0.33
 }, 
 {
  "Startup Cost": 11.96, 
  "plan_id": 1912, 
  "Plans": [
   1913, 
   1923
  ], 
  "Plan Rows": 1, 
  "Node Type": "Nested Loop", 
  "Join Type": "Inner", 
  "filename": "plans/query80.json", 
  "Parallel Aware": false, 
  "Parent Relationship": "Outer", 
  "Output": [
   "web_site.web_site_id", 
   "web_sales.ws_ext_sales_price", 
   "web_returns.wr_return_amt", 
   "web_sales.ws_net_profit", 
   "web_returns.wr_net_loss"
  ], 
  "Plan Width": 124, 
  "Total Cost": 26.34
 }, 
 {
  "Startup Cost": 26.35, 
  "plan_id": 1911, 
  "Plans": [
   1912
  ], 
  "Sort Key": [
   "web_site.web_site_id"
  ], 
  "Plan Rows": 1, 
  "Node Type": "Sort", 
  "filename": "plans/query80.json", 
  "Parallel Aware": false, 
  "Parent Relationship": "Outer", 
  "Output": [
   "web_site.web_site_id", 
   "web_sales.ws_ext_sales_price", 
   "web_returns.wr_return_amt", 
   "web_sales.ws_net_profit", 
   "web_returns.wr_net_loss"
  ], 
  "Plan Width": 124, 
  "Total Cost": 26.36
 }, 
 {
  "Startup Cost": 0.0, 
  "plan_id": 1927, 
  "CTE Name": "ssr", 
  "Node Type": "CTE Scan", 
  "Plan Rows": 1, 
  "Alias": "ssr", 
  "filename": "plans/query80.json", 
  "Parallel Aware": false, 
  "Parent Relationship": "Member", 
  "Output": [
   "'store channel'::text", 
   "('store'::text || (ssr.store_id)::text)", 
   "ssr.sales", 
   "ssr.returns", 
   "ssr.profit"
  ], 
  "Plan Width": 160, 
  "Total Cost": 0.03
 }, 
 {
  "Startup Cost": 0.0, 
  "plan_id": 1928, 
  "CTE Name": "csr", 
  "Node Type": "CTE Scan", 
  "Plan Rows": 1, 
  "Alias": "csr", 
  "filename": "plans/query80.json", 
  "Parallel Aware": false, 
  "Parent Relationship": "Member", 
  "Output": [
   "'catalog channel'::text", 
   "('catalog_page'::text || (csr.catalog_page_id)::text)", 
   "csr.sales", 
   "csr.returns", 
   "csr.profit"
  ], 
  "Plan Width": 160, 
  "Total Cost": 0.03
 }, 
 {
  "Startup Cost": 0.0, 
  "plan_id": 1929, 
  "CTE Name": "wsr", 
  "Node Type": "CTE Scan", 
  "Plan Rows": 1, 
  "Alias": "wsr", 
  "filename": "plans/query80.json", 
  "Parallel Aware": false, 
  "Parent Relationship": "Member", 
  "Output": [
   "'web channel'::text", 
   "('web_site'::text || (wsr.web_site_id)::text)", 
   "wsr.sales", 
   "wsr.returns", 
   "wsr.profit"
  ], 
  "Plan Width": 160, 
  "Total Cost": 0.03
 }, 
 {
  "Startup Cost": 0.0, 
  "plan_id": 1926, 
  "Plans": [
   1927, 
   1928, 
   1929
  ], 
  "Plan Rows": 3, 
  "Node Type": "Append", 
  "filename": "plans/query80.json", 
  "Parallel Aware": false, 
  "Parent Relationship": "Outer", 
  "Plan Width": 160, 
  "Total Cost": 0.08
 }, 
 {
  "Startup Cost": 0.1, 
  "plan_id": 1925, 
  "Plans": [
   1926
  ], 
  "Sort Key": [
   "('store channel'::text)", 
   "(('store'::text || (ssr.store_id)::text))"
  ], 
  "Plan Rows": 3, 
  "Node Type": "Sort", 
  "filename": "plans/query80.json", 
  "Parallel Aware": false, 
  "Parent Relationship": "Outer", 
  "Output": [
   "('store channel'::text)", 
   "(('store'::text || (ssr.store_id)::text))", 
   "ssr.sales", 
   "ssr.returns", 
   "ssr.profit"
  ], 
  "Plan Width": 160, 
  "Total Cost": 0.11
 }, 
 {
  "Partial Mode": "Simple", 
  "Startup Cost": 27.6, 
  "Plan Width": 164, 
  "plan_id": 1882, 
  "Plans": [
   1883
  ], 
  "filename": "plans/query80.json", 
  "Node Type": "Aggregate", 
  "Strategy": "Sorted", 
  "Plan Rows": 1, 
  "Parallel Aware": false, 
  "Output": [
   "store.s_store_id", 
   "sum(store_sales.ss_ext_sales_price)", 
   "sum(COALESCE(store_returns.sr_return_amt, '0'::numeric))", 
   "sum((store_sales.ss_net_profit - COALESCE(store_returns.sr_net_loss, '0'::numeric)))"
  ], 
  "Group Key": [
   "store.s_store_id"
  ], 
  "Parent Relationship": "InitPlan", 
  "Subplan Name": "CTE ssr", 
  "Total Cost": 27.64
 }, 
 {
  "Partial Mode": "Simple", 
  "Startup Cost": 26.36, 
  "Plan Width": 164, 
  "plan_id": 1896, 
  "Plans": [
   1897
  ], 
  "filename": "plans/query80.json", 
  "Node Type": "Aggregate", 
  "Strategy": "Sorted", 
  "Plan Rows": 1, 
  "Parallel Aware": false, 
  "Output": [
   "catalog_page.cp_catalog_page_id", 
   "sum(catalog_sales.cs_ext_sales_price)", 
   "sum(COALESCE(catalog_returns.cr_return_amount, '0'::numeric))", 
   "sum((catalog_sales.cs_net_profit - COALESCE(catalog_returns.cr_net_loss, '0'::numeric)))"
  ], 
  "Group Key": [
   "catalog_page.cp_catalog_page_id"
  ], 
  "Parent Relationship": "InitPlan", 
  "Subplan Name": "CTE csr", 
  "Total Cost": 26.39
 }, 
 {
  "Partial Mode": "Simple", 
  "Startup Cost": 26.35, 
  "Plan Width": 164, 
  "plan_id": 1910, 
  "Plans": [
   1911
  ], 
  "filename": "plans/query80.json", 
  "Node Type": "Aggregate", 
  "Strategy": "Sorted", 
  "Plan Rows": 1, 
  "Parallel Aware": false, 
  "Output": [
   "web_site.web_site_id", 
   "sum(web_sales.ws_ext_sales_price)", 
   "sum(COALESCE(web_returns.wr_return_amt, '0'::numeric))", 
   "sum((web_sales.ws_net_profit - COALESCE(web_returns.wr_net_loss, '0'::numeric)))"
  ], 
  "Group Key": [
   "web_site.web_site_id"
  ], 
  "Parent Relationship": "InitPlan", 
  "Subplan Name": "CTE wsr", 
  "Total Cost": 26.39
 }, 
 {
  "Partial Mode": "Simple", 
  "Startup Cost": 0.1, 
  "filename": "plans/query80.json", 
  "plan_id": 1924, 
  "Plans": [
   1925
  ], 
  "Grouping Sets": [
   {
    "Group Keys": [
     [
      "('store channel'::text)", 
      "(('store'::text || (ssr.store_id)::text))"
     ], 
     [
      "('store channel'::text)"
     ], 
     []
    ]
   }
  ], 
  "Node Type": "Aggregate", 
  "Strategy": "Sorted", 
  "Plan Rows": 7, 
  "Parallel Aware": false, 
  "Parent Relationship": "Outer", 
  "Output": [
   "('store channel'::text)", 
   "(('store'::text || (ssr.store_id)::text))", 
   "sum(ssr.sales)", 
   "sum(ssr.returns)", 
   "sum(ssr.profit)"
  ], 
  "Plan Width": 160, 
  "Total Cost": 0.27
 }, 
 {
  "Startup Cost": 80.52, 
  "plan_id": 1881, 
  "Plans": [
   1882, 
   1896, 
   1910, 
   1924
  ], 
  "Plan Rows": 7, 
  "Node Type": "Limit", 
  "filename": "plans/query80.json", 
  "Parallel Aware": false, 
  "Output": [
   "('store channel'::text)", 
   "(('store'::text || (ssr.store_id)::text))", 
   "(sum(ssr.sales))", 
   "(sum(ssr.returns))", 
   "(sum(ssr.profit))"
  ], 
  "Plan Width": 160, 
  "Total Cost": 80.68
 }, 
 {
  "Relation Name": "date_dim", 
  "Startup Cost": 0.0, 
  "plan_id": 1937, 
  "Node Type": "Seq Scan", 
  "Plan Rows": 1, 
  "Filter": "(date_dim.d_year = 1998)", 
  "Alias": "date_dim", 
  "filename": "plans/query81.json", 
  "Schema": "pg_temp_2", 
  "Parallel Aware": false, 
  "Parent Relationship": "Outer", 
  "Output": [
   "date_dim.d_date_sk"
  ], 
  "Plan Width": 4, 
  "Total Cost": 13.38
 }, 
 {
  "Startup Cost": 0.0, 
  "plan_id": 1935, 
  "Node Type": "Seq Scan", 
  "Plan Rows": 360, 
  "Relation Name": "catalog_returns", 
  "Alias": "catalog_returns", 
  "filename": "plans/query81.json", 
  "Schema": "pg_temp_2", 
  "Parallel Aware": false, 
  "Parent Relationship": "Outer", 
  "Output": [
   "catalog_returns.cr_returned_date_sk", 
   "catalog_returns.cr_returned_time_sk", 
   "catalog_returns.cr_item_sk", 
   "catalog_returns.cr_refunded_customer_sk", 
   "catalog_returns.cr_refunded_cdemo_sk", 
   "catalog_returns.cr_refunded_hdemo_sk", 
   "catalog_returns.cr_refunded_addr_sk", 
   "catalog_returns.cr_returning_customer_sk", 
   "catalog_returns.cr_returning_cdemo_sk", 
   "catalog_returns.cr_returning_hdemo_sk", 
   "catalog_returns.cr_returning_addr_sk", 
   "catalog_returns.cr_call_center_sk", 
   "catalog_returns.cr_catalog_page_sk", 
   "catalog_returns.cr_ship_mode_sk", 
   "catalog_returns.cr_warehouse_sk", 
   "catalog_returns.cr_reason_sk", 
   "catalog_returns.cr_order_number", 
   "catalog_returns.cr_return_quantity", 
   "catalog_returns.cr_return_amount", 
   "catalog_returns.cr_return_tax", 
   "catalog_returns.cr_return_amt_inc_tax", 
   "catalog_returns.cr_fee", 
   "catalog_returns.cr_return_ship_cost", 
   "catalog_returns.cr_refunded_cash", 
   "catalog_returns.cr_reversed_charge", 
   "catalog_returns.cr_store_credit", 
   "catalog_returns.cr_net_loss"
  ], 
  "Plan Width": 26, 
  "Total Cost": 13.6
 }, 
 {
  "Startup Cost": 13.38, 
  "plan_id": 1936, 
  "Plans": [
   1937
  ], 
  "Plan Rows": 1, 
  "Node Type": "Hash", 
  "filename": "plans/query81.json", 
  "Parallel Aware": false, 
  "Parent Relationship": "Inner", 
  "Output": [
   "date_dim.d_date_sk"
  ], 
  "Plan Width": 4, 
  "Total Cost": 13.38
 }, 
 {
  "Startup Cost": 13.39, 
  "Plan Width": 22, 
  "plan_id": 1934, 
  "Plans": [
   1935, 
   1936
  ], 
  "Plan Rows": 1, 
  "Node Type": "Hash Join", 
  "Join Type": "Inner", 
  "filename": "plans/query81.json", 
  "Parallel Aware": false, 
  "Output": [
   "catalog_returns.cr_returning_customer_sk", 
   "catalog_returns.cr_return_amt_inc_tax", 
   "catalog_returns.cr_returning_addr_sk"
  ], 
  "Hash Cond": "(catalog_returns.cr_returned_date_sk = date_dim.d_date_sk)", 
  "Parent Relationship": "Outer", 
  "Total Cost": 28.35
 }, 
 {
  "Startup Cost": 0.14, 
  "filename": "plans/query81.json", 
  "plan_id": 1938, 
  "Scan Direction": "Forward", 
  "Index Cond": "(customer_address_1.ca_address_sk = catalog_returns.cr_returning_addr_sk)", 
  "Node Type": "Index Scan", 
  "Relation Name": "customer_address", 
  "Alias": "customer_address_1", 
  "Plan Rows": 1, 
  "Schema": "pg_temp_2", 
  "Parallel Aware": false, 
  "Parent Relationship": "Inner", 
  "Output": [
   "customer_address_1.ca_address_sk", 
   "customer_address_1.ca_address_id", 
   "customer_address_1.ca_street_number", 
   "customer_address_1.ca_street_name", 
   "customer_address_1.ca_street_type", 
   "customer_address_1.ca_suite_number", 
   "customer_address_1.ca_city", 
   "customer_address_1.ca_county", 
   "customer_address_1.ca_state", 
   "customer_address_1.ca_zip", 
   "customer_address_1.ca_country", 
   "customer_address_1.ca_gmt_offset", 
   "customer_address_1.ca_location_type"
  ], 
  "Index Name": "customer_address_pkey", 
  "Plan Width": 16, 
  "Total Cost": 0.28
 }, 
 {
  "Startup Cost": 13.53, 
  "plan_id": 1933, 
  "Plans": [
   1934, 
   1938
  ], 
  "Plan Rows": 1, 
  "Node Type": "Nested Loop", 
  "Join Type": "Inner", 
  "filename": "plans/query81.json", 
  "Parallel Aware": false, 
  "Parent Relationship": "Outer", 
  "Output": [
   "catalog_returns.cr_returning_customer_sk", 
   "customer_address_1.ca_state", 
   "catalog_returns.cr_return_amt_inc_tax"
  ], 
  "Plan Width": 30, 
  "Total Cost": 28.64
 }, 
 {
  "Startup Cost": 28.65, 
  "plan_id": 1932, 
  "Plans": [
   1933
  ], 
  "Sort Key": [
   "catalog_returns.cr_returning_customer_sk", 
   "customer_address_1.ca_state"
  ], 
  "Plan Rows": 1, 
  "Node Type": "Sort", 
  "filename": "plans/query81.json", 
  "Parallel Aware": false, 
  "Parent Relationship": "Outer", 
  "Output": [
   "catalog_returns.cr_returning_customer_sk", 
   "customer_address_1.ca_state", 
   "catalog_returns.cr_return_amt_inc_tax"
  ], 
  "Plan Width": 30, 
  "Total Cost": 28.65
 }, 
 {
  "Startup Cost": 0.0, 
  "plan_id": 1944, 
  "CTE Name": "customer_total_return", 
  "Node Type": "CTE Scan", 
  "Plan Rows": 1, 
  "Filter": "(ctr1.ctr_state = ctr2.ctr_state)", 
  "Alias": "ctr2", 
  "filename": "plans/query81.json", 
  "Parallel Aware": false, 
  "Parent Relationship": "Outer", 
  "Output": [
   "ctr2.ctr_customer_sk", 
   "ctr2.ctr_state", 
   "ctr2.ctr_total_return"
  ], 
  "Plan Width": 32, 
  "Total Cost": 0.02
 }, 
 {
  "Partial Mode": "Simple", 
  "Startup Cost": 0.03, 
  "plan_id": 1943, 
  "Plans": [
   1944
  ], 
  "Plan Rows": 1, 
  "Strategy": "Plain", 
  "filename": "plans/query81.json", 
  "Parallel Aware": false, 
  "Parent Relationship": "SubPlan", 
  "Output": [
   "(avg(ctr2.ctr_total_return) * 1.2)"
  ], 
  "Plan Width": 32, 
  "Subplan Name": "SubPlan 2", 
  "Node Type": "Aggregate", 
  "Total Cost": 0.04
 }, 
 {
  "Startup Cost": 0.0, 
  "plan_id": 1942, 
  "Plans": [
   1943
  ], 
  "CTE Name": "customer_total_return", 
  "Plan Rows": 1, 
  "Node Type": "CTE Scan", 
  "Filter": "(ctr1.ctr_total_return > (SubPlan 2))", 
  "Alias": "ctr1", 
  "filename": "plans/query81.json", 
  "Parallel Aware": false, 
  "Parent Relationship": "Outer", 
  "Output": [
   "ctr1.ctr_customer_sk", 
   "ctr1.ctr_state", 
   "ctr1.ctr_total_return"
  ], 
  "Plan Width": 36, 
  "Total Cost": 0.06
 }, 
 {
  "Startup Cost": 0.14, 
  "filename": "plans/query81.json", 
  "plan_id": 1945, 
  "Scan Direction": "Forward", 
  "Index Cond": "(customer.c_customer_sk = ctr1.ctr_customer_sk)", 
  "Node Type": "Index Scan", 
  "Relation Name": "customer", 
  "Alias": "customer", 
  "Plan Rows": 1, 
  "Schema": "pg_temp_2", 
  "Parallel Aware": false, 
  "Parent Relationship": "Inner", 
  "Output": [
   "customer.c_customer_sk", 
   "customer.c_customer_id", 
   "customer.c_current_cdemo_sk", 
   "customer.c_current_hdemo_sk", 
   "customer.c_current_addr_sk", 
   "customer.c_first_shipto_date_sk", 
   "customer.c_first_sales_date_sk", 
   "customer.c_salutation", 
   "customer.c_first_name", 
   "customer.c_last_name", 
   "customer.c_preferred_cust_flag", 
   "customer.c_birth_day", 
   "customer.c_birth_month", 
   "customer.c_birth_year", 
   "customer.c_birth_country", 
   "customer.c_login", 
   "customer.c_email_address", 
   "customer.c_last_review_date"
  ], 
  "Index Name": "customer_pkey", 
  "Plan Width": 328, 
  "Total Cost": 8.16
 }, 
 {
  "Startup Cost": 0.14, 
  "plan_id": 1941, 
  "Plans": [
   1942, 
   1945
  ], 
  "Plan Rows": 1, 
  "Node Type": "Nested Loop", 
  "Join Type": "Inner", 
  "filename": "plans/query81.json", 
  "Parallel Aware": false, 
  "Parent Relationship": "Outer", 
  "Output": [
   "ctr1.ctr_total_return", 
   "customer.c_customer_id", 
   "customer.c_salutation", 
   "customer.c_first_name", 
   "customer.c_last_name", 
   "customer.c_current_addr_sk"
  ], 
  "Plan Width": 356, 
  "Total Cost": 8.23
 }, 
 {
  "Filter": "(customer_address.ca_state = 'VA'::bpchar)", 
  "Startup Cost": 0.14, 
  "filename": "plans/query81.json", 
  "plan_id": 1946, 
  "Scan Direction": "Forward", 
  "Index Cond": "(customer_address.ca_address_sk = customer.c_current_addr_sk)", 
  "Node Type": "Index Scan", 
  "Relation Name": "customer_address", 
  "Alias": "customer_address", 
  "Plan Rows": 1, 
  "Schema": "pg_temp_2", 
  "Parallel Aware": false, 
  "Parent Relationship": "Inner", 
  "Output": [
   "customer_address.ca_address_sk", 
   "customer_address.ca_address_id", 
   "customer_address.ca_street_number", 
   "customer_address.ca_street_name", 
   "customer_address.ca_street_type", 
   "customer_address.ca_suite_number", 
   "customer_address.ca_city", 
   "customer_address.ca_county", 
   "customer_address.ca_state", 
   "customer_address.ca_zip", 
   "customer_address.ca_country", 
   "customer_address.ca_gmt_offset", 
   "customer_address.ca_location_type"
  ], 
  "Index Name": "customer_address_pkey", 
  "Plan Width": 720, 
  "Total Cost": 0.6
 }, 
 {
  "Startup Cost": 0.29, 
  "plan_id": 1940, 
  "Plans": [
   1941, 
   1946
  ], 
  "Plan Rows": 1, 
  "Node Type": "Nested Loop", 
  "Join Type": "Inner", 
  "filename": "plans/query81.json", 
  "Parallel Aware": false, 
  "Parent Relationship": "Outer", 
  "Output": [
   "customer.c_customer_id", 
   "customer.c_salutation", 
   "customer.c_first_name", 
   "customer.c_last_name", 
   "customer_address.ca_street_number", 
   "customer_address.ca_street_name", 
   "customer_address.ca_street_type", 
   "customer_address.ca_suite_number", 
   "customer_address.ca_city", 
   "customer_address.ca_county", 
   "customer_address.ca_state", 
   "customer_address.ca_zip", 
   "customer_address.ca_country", 
   "customer_address.ca_gmt_offset", 
   "customer_address.ca_location_type", 
   "ctr1.ctr_total_return"
  ], 
  "Plan Width": 1068, 
  "Total Cost": 8.85
 }, 
 {
  "Partial Mode": "Simple", 
  "Startup Cost": 28.65, 
  "Plan Width": 48, 
  "plan_id": 1931, 
  "Plans": [
   1932
  ], 
  "filename": "plans/query81.json", 
  "Node Type": "Aggregate", 
  "Strategy": "Sorted", 
  "Plan Rows": 1, 
  "Parallel Aware": false, 
  "Output": [
   "catalog_returns.cr_returning_customer_sk", 
   "customer_address_1.ca_state", 
   "sum(catalog_returns.cr_return_amt_inc_tax)"
  ], 
  "Group Key": [
   "catalog_returns.cr_returning_customer_sk", 
   "customer_address_1.ca_state"
  ], 
  "Parent Relationship": "InitPlan", 
  "Subplan Name": "CTE customer_total_return", 
  "Total Cost": 28.67
 }, 
 {
  "Startup Cost": 8.86, 
  "plan_id": 1939, 
  "Plans": [
   1940
  ], 
  "Sort Key": [
   "customer.c_customer_id", 
   "customer.c_salutation", 
   "customer.c_first_name", 
   "customer.c_last_name", 
   "customer_address.ca_street_number", 
   "customer_address.ca_street_name", 
   "customer_address.ca_street_type", 
   "customer_address.ca_suite_number", 
   "customer_address.ca_city", 
   "customer_address.ca_county", 
   "customer_address.ca_zip", 
   "customer_address.ca_country", 
   "customer_address.ca_gmt_offset", 
   "customer_address.ca_location_type", 
   "ctr1.ctr_total_return"
  ], 
  "Plan Rows": 1, 
  "Node Type": "Sort", 
  "filename": "plans/query81.json", 
  "Parallel Aware": false, 
  "Parent Relationship": "Outer", 
  "Output": [
   "customer.c_customer_id", 
   "customer.c_salutation", 
   "customer.c_first_name", 
   "customer.c_last_name", 
   "customer_address.ca_street_number", 
   "customer_address.ca_street_name", 
   "customer_address.ca_street_type", 
   "customer_address.ca_suite_number", 
   "customer_address.ca_city", 
   "customer_address.ca_county", 
   "customer_address.ca_state", 
   "customer_address.ca_zip", 
   "customer_address.ca_country", 
   "customer_address.ca_gmt_offset", 
   "customer_address.ca_location_type", 
   "ctr1.ctr_total_return"
  ], 
  "Plan Width": 1068, 
  "Total Cost": 8.86
 }, 
 {
  "Startup Cost": 37.53, 
  "plan_id": 1930, 
  "Plans": [
   1931, 
   1939
  ], 
  "Plan Rows": 1, 
  "Node Type": "Limit", 
  "filename": "plans/query81.json", 
  "Parallel Aware": false, 
  "Output": [
   "customer.c_customer_id", 
   "customer.c_salutation", 
   "customer.c_first_name", 
   "customer.c_last_name", 
   "customer_address.ca_street_number", 
   "customer_address.ca_street_name", 
   "customer_address.ca_street_type", 
   "customer_address.ca_suite_number", 
   "customer_address.ca_city", 
   "customer_address.ca_county", 
   "customer_address.ca_state", 
   "customer_address.ca_zip", 
   "customer_address.ca_country", 
   "customer_address.ca_gmt_offset", 
   "customer_address.ca_location_type", 
   "ctr1.ctr_total_return"
  ], 
  "Plan Width": 1068, 
  "Total Cost": 37.53
 }, 
 {
  "Startup Cost": 0.0, 
  "plan_id": 1955, 
  "Node Type": "Bitmap Index Scan", 
  "Index Cond": "(inventory.inv_date_sk = date_dim.d_date_sk)", 
  "Plan Rows": 9, 
  "filename": "plans/query82.json", 
  "Parallel Aware": false, 
  "Parent Relationship": "Outer", 
  "Index Name": "inventory_pkey", 
  "Plan Width": 0, 
  "Total Cost": 4.22
 }, 
 {
  "Relation Name": "date_dim", 
  "Startup Cost": 0.0, 
  "plan_id": 1953, 
  "Node Type": "Seq Scan", 
  "Plan Rows": 1, 
  "Filter": "((date_dim.d_date >= '2001-05-20'::date) AND (date_dim.d_date <= '2001-07-19 00:00:00'::timestamp without time zone))", 
  "Alias": "date_dim", 
  "filename": "plans/query82.json", 
  "Schema": "pg_temp_2", 
  "Parallel Aware": false, 
  "Parent Relationship": "Outer", 
  "Output": [
   "date_dim.d_date_sk", 
   "date_dim.d_date_id", 
   "date_dim.d_date", 
   "date_dim.d_month_seq", 
   "date_dim.d_week_seq", 
   "date_dim.d_quarter_seq", 
   "date_dim.d_year", 
   "date_dim.d_dow", 
   "date_dim.d_moy", 
   "date_dim.d_dom", 
   "date_dim.d_qoy", 
   "date_dim.d_fy_year", 
   "date_dim.d_fy_quarter_seq", 
   "date_dim.d_fy_week_seq", 
   "date_dim.d_day_name", 
   "date_dim.d_quarter_name", 
   "date_dim.d_holiday", 
   "date_dim.d_weekend", 
   "date_dim.d_following_holiday", 
   "date_dim.d_first_dom", 
   "date_dim.d_last_dom", 
   "date_dim.d_same_day_ly", 
   "date_dim.d_same_day_lq", 
   "date_dim.d_current_day", 
   "date_dim.d_current_week", 
   "date_dim.d_current_month", 
   "date_dim.d_current_quarter", 
   "date_dim.d_current_year"
  ], 
  "Plan Width": 4, 
  "Total Cost": 14.05
 }, 
 {
  "Relation Name": "inventory", 
  "Startup Cost": 4.22, 
  "plan_id": 1954, 
  "Plans": [
   1955
  ], 
  "Parent Relationship": "Inner", 
  "Node Type": "Bitmap Heap Scan", 
  "Plan Rows": 1, 
  "Filter": "((inventory.inv_quantity_on_hand >= 100) AND (inventory.inv_quantity_on_hand <= 500))", 
  "Alias": "inventory", 
  "filename": "plans/query82.json", 
  "Schema": "pg_temp_2", 
  "Parallel Aware": false, 
  "Recheck Cond": "(inventory.inv_date_sk = date_dim.d_date_sk)", 
  "Output": [
   "inventory.inv_date_sk", 
   "inventory.inv_item_sk", 
   "inventory.inv_warehouse_sk", 
   "inventory.inv_quantity_on_hand"
  ], 
  "Plan Width": 8, 
  "Total Cost": 14.81
 }, 
 {
  "Startup Cost": 4.22, 
  "plan_id": 1952, 
  "Plans": [
   1953, 
   1954
  ], 
  "Plan Rows": 1, 
  "Node Type": "Nested Loop", 
  "Join Type": "Inner", 
  "filename": "plans/query82.json", 
  "Parallel Aware": false, 
  "Parent Relationship": "Outer", 
  "Output": [
   "inventory.inv_item_sk"
  ], 
  "Plan Width": 4, 
  "Total Cost": 28.87
 }, 
 {
  "Startup Cost": 0.15, 
  "filename": "plans/query82.json", 
  "plan_id": 1956, 
  "Scan Direction": "Forward", 
  "Index Cond": "(store_sales.ss_item_sk = inventory.inv_item_sk)", 
  "Node Type": "Index Only Scan", 
  "Relation Name": "store_sales", 
  "Alias": "store_sales", 
  "Plan Rows": 2, 
  "Schema": "pg_temp_2", 
  "Parallel Aware": false, 
  "Parent Relationship": "Inner", 
  "Output": [
   "store_sales.ss_item_sk", 
   "store_sales.ss_ticket_number"
  ], 
  "Index Name": "store_sales_pkey", 
  "Plan Width": 4, 
  "Total Cost": 5.07
 }, 
 {
  "Startup Cost": 4.37, 
  "plan_id": 1951, 
  "Plans": [
   1952, 
   1956
  ], 
  "Plan Rows": 2, 
  "Node Type": "Nested Loop", 
  "Join Type": "Inner", 
  "filename": "plans/query82.json", 
  "Parallel Aware": false, 
  "Parent Relationship": "Outer", 
  "Output": [
   "inventory.inv_item_sk", 
   "store_sales.ss_item_sk"
  ], 
  "Plan Width": 8, 
  "Total Cost": 33.96
 }, 
 {
  "Filter": "((item.i_current_price >= '35'::numeric) AND (item.i_current_price <= '65'::numeric) AND (item.i_manufact_id = ANY ('{417,11,528,301}'::integer[])))", 
  "Startup Cost": 0.14, 
  "filename": "plans/query82.json", 
  "plan_id": 1957, 
  "Scan Direction": "Forward", 
  "Index Cond": "(item.i_item_sk = store_sales.ss_item_sk)", 
  "Node Type": "Index Scan", 
  "Relation Name": "item", 
  "Alias": "item", 
  "Plan Rows": 1, 
  "Schema": "pg_temp_2", 
  "Parallel Aware": false, 
  "Parent Relationship": "Inner", 
  "Output": [
   "item.i_item_sk", 
   "item.i_item_id", 
   "item.i_rec_start_date", 
   "item.i_rec_end_date", 
   "item.i_item_desc", 
   "item.i_current_price", 
   "item.i_wholesale_cost", 
   "item.i_brand_id", 
   "item.i_brand", 
   "item.i_class_id", 
   "item.i_class", 
   "item.i_category_id", 
   "item.i_category", 
   "item.i_manufact_id", 
   "item.i_manufact", 
   "item.i_size", 
   "item.i_formulation", 
   "item.i_color", 
   "item.i_units", 
   "item.i_container", 
   "item.i_manager_id", 
   "item.i_product_name"
  ], 
  "Index Name": "item_pkey", 
  "Plan Width": 504, 
  "Total Cost": 0.3
 }, 
 {
  "Startup Cost": 4.51, 
  "plan_id": 1950, 
  "Plans": [
   1951, 
   1957
  ], 
  "Plan Rows": 2, 
  "Node Type": "Nested Loop", 
  "Join Type": "Inner", 
  "filename": "plans/query82.json", 
  "Parallel Aware": false, 
  "Parent Relationship": "Outer", 
  "Output": [
   "item.i_item_id", 
   "item.i_item_desc", 
   "item.i_current_price"
  ], 
  "Plan Width": 500, 
  "Join Filter": "(inventory.inv_item_sk = item.i_item_sk)", 
  "Total Cost": 34.58
 }, 
 {
  "Startup Cost": 34.59, 
  "plan_id": 1949, 
  "Plans": [
   1950
  ], 
  "Sort Key": [
   "item.i_item_id", 
   "item.i_item_desc", 
   "item.i_current_price"
  ], 
  "Plan Rows": 2, 
  "Node Type": "Sort", 
  "filename": "plans/query82.json", 
  "Parallel Aware": false, 
  "Parent Relationship": "Outer", 
  "Output": [
   "item.i_item_id", 
   "item.i_item_desc", 
   "item.i_current_price"
  ], 
  "Plan Width": 500, 
  "Total Cost": 34.59
 }, 
 {
  "Startup Cost": 34.59, 
  "Plan Width": 500, 
  "plan_id": 1948, 
  "Plans": [
   1949
  ], 
  "Plan Rows": 1, 
  "Node Type": "Group", 
  "filename": "plans/query82.json", 
  "Parallel Aware": false, 
  "Output": [
   "item.i_item_id", 
   "item.i_item_desc", 
   "item.i_current_price"
  ], 
  "Group Key": [
   "item.i_item_id", 
   "item.i_item_desc", 
   "item.i_current_price"
  ], 
  "Parent Relationship": "Outer", 
  "Total Cost": 34.61
 }, 
 {
  "Startup Cost": 34.59, 
  "plan_id": 1947, 
  "Plans": [
   1948
  ], 
  "Plan Rows": 1, 
  "Node Type": "Limit", 
  "filename": "plans/query82.json", 
  "Parallel Aware": false, 
  "Output": [
   "item.i_item_id", 
   "item.i_item_desc", 
   "item.i_current_price"
  ], 
  "Plan Width": 500, 
  "Total Cost": 34.61
 }, 
 {
  "Startup Cost": 0.0, 
  "plan_id": 1965, 
  "Node Type": "Seq Scan", 
  "Plan Rows": 40, 
  "Relation Name": "item", 
  "Alias": "item", 
  "filename": "plans/query83.json", 
  "Schema": "pg_temp_2", 
  "Parallel Aware": false, 
  "Parent Relationship": "Outer", 
  "Output": [
   "item.i_item_id", 
   "item.i_item_sk"
  ], 
  "Plan Width": 72, 
  "Total Cost": 10.4
 }, 
 {
  "Startup Cost": 0.0, 
  "plan_id": 1963, 
  "Node Type": "Seq Scan", 
  "Plan Rows": 410, 
  "Relation Name": "store_returns", 
  "Alias": "store_returns", 
  "filename": "plans/query83.json", 
  "Schema": "pg_temp_2", 
  "Parallel Aware": false, 
  "Parent Relationship": "Outer", 
  "Output": [
   "store_returns.sr_returned_date_sk", 
   "store_returns.sr_return_time_sk", 
   "store_returns.sr_item_sk", 
   "store_returns.sr_customer_sk", 
   "store_returns.sr_cdemo_sk", 
   "store_returns.sr_hdemo_sk", 
   "store_returns.sr_addr_sk", 
   "store_returns.sr_store_sk", 
   "store_returns.sr_reason_sk", 
   "store_returns.sr_ticket_number", 
   "store_returns.sr_return_quantity", 
   "store_returns.sr_return_amt", 
   "store_returns.sr_return_tax", 
   "store_returns.sr_return_amt_inc_tax", 
   "store_returns.sr_fee", 
   "store_returns.sr_return_ship_cost", 
   "store_returns.sr_refunded_cash", 
   "store_returns.sr_reversed_charge", 
   "store_returns.sr_store_credit", 
   "store_returns.sr_net_loss"
  ], 
  "Plan Width": 12, 
  "Total Cost": 14.1
 }, 
 {
  "Startup Cost": 10.4, 
  "plan_id": 1964, 
  "Plans": [
   1965
  ], 
  "Plan Rows": 40, 
  "Node Type": "Hash", 
  "filename": "plans/query83.json", 
  "Parallel Aware": false, 
  "Parent Relationship": "Inner", 
  "Output": [
   "item.i_item_id", 
   "item.i_item_sk"
  ], 
  "Plan Width": 72, 
  "Total Cost": 10.4
 }, 
 {
  "Startup Cost": 0.0, 
  "plan_id": 1967, 
  "Node Type": "Seq Scan", 
  "Plan Rows": 270, 
  "Relation Name": "date_dim", 
  "Alias": "date_dim", 
  "filename": "plans/query83.json", 
  "Schema": "pg_temp_2", 
  "Parallel Aware": false, 
  "Parent Relationship": "Outer", 
  "Output": [
   "date_dim.d_date_sk", 
   "date_dim.d_date"
  ], 
  "Plan Width": 8, 
  "Total Cost": 12.7
 }, 
 {
  "Startup Cost": 10.9, 
  "Plan Width": 76, 
  "plan_id": 1962, 
  "Plans": [
   1963, 
   1964
  ], 
  "Plan Rows": 82, 
  "Node Type": "Hash Join", 
  "Join Type": "Inner", 
  "filename": "plans/query83.json", 
  "Parallel Aware": false, 
  "Output": [
   "store_returns.sr_return_quantity", 
   "store_returns.sr_returned_date_sk", 
   "item.i_item_id"
  ], 
  "Hash Cond": "(store_returns.sr_item_sk = item.i_item_sk)", 
  "Parent Relationship": "Outer", 
  "Total Cost": 27.36
 }, 
 {
  "Startup Cost": 12.7, 
  "plan_id": 1966, 
  "Plans": [
   1967
  ], 
  "Plan Rows": 270, 
  "Node Type": "Hash", 
  "filename": "plans/query83.json", 
  "Parallel Aware": false, 
  "Parent Relationship": "Inner", 
  "Output": [
   "date_dim.d_date_sk", 
   "date_dim.d_date"
  ], 
  "Plan Width": 8, 
  "Total Cost": 12.7
 }, 
 {
  "Relation Name": "date_dim", 
  "Startup Cost": 0.0, 
  "plan_id": 1973, 
  "Node Type": "Seq Scan", 
  "Plan Rows": 4, 
  "Filter": "(date_dim_2.d_date = ANY ('{1998-05-30,1998-10-23,1998-11-03}'::date[]))", 
  "Alias": "date_dim_2", 
  "filename": "plans/query83.json", 
  "Schema": "pg_temp_2", 
  "Parallel Aware": false, 
  "Parent Relationship": "Outer", 
  "Output": [
   "date_dim_2.d_week_seq"
  ], 
  "Plan Width": 4, 
  "Total Cost": 13.71
 }, 
 {
  "Partial Mode": "Simple", 
  "Startup Cost": 13.72, 
  "Plan Width": 4, 
  "plan_id": 1972, 
  "Plans": [
   1973
  ], 
  "filename": "plans/query83.json", 
  "Node Type": "Aggregate", 
  "Strategy": "Hashed", 
  "Plan Rows": 4, 
  "Parallel Aware": false, 
  "Output": [
   "date_dim_2.d_week_seq"
  ], 
  "Group Key": [
   "date_dim_2.d_week_seq"
  ], 
  "Parent Relationship": "Outer", 
  "Total Cost": 13.76
 }, 
 {
  "Startup Cost": 0.0, 
  "plan_id": 1970, 
  "Node Type": "Seq Scan", 
  "Plan Rows": 270, 
  "Relation Name": "date_dim", 
  "Alias": "date_dim_1", 
  "filename": "plans/query83.json", 
  "Schema": "pg_temp_2", 
  "Parallel Aware": false, 
  "Parent Relationship": "Outer", 
  "Output": [
   "date_dim_1.d_date_sk", 
   "date_dim_1.d_date_id", 
   "date_dim_1.d_date", 
   "date_dim_1.d_month_seq", 
   "date_dim_1.d_week_seq", 
   "date_dim_1.d_quarter_seq", 
   "date_dim_1.d_year", 
   "date_dim_1.d_dow", 
   "date_dim_1.d_moy", 
   "date_dim_1.d_dom", 
   "date_dim_1.d_qoy", 
   "date_dim_1.d_fy_year", 
   "date_dim_1.d_fy_quarter_seq", 
   "date_dim_1.d_fy_week_seq", 
   "date_dim_1.d_day_name", 
   "date_dim_1.d_quarter_name", 
   "date_dim_1.d_holiday", 
   "date_dim_1.d_weekend", 
   "date_dim_1.d_following_holiday", 
   "date_dim_1.d_first_dom", 
   "date_dim_1.d_last_dom", 
   "date_dim_1.d_same_day_ly", 
   "date_dim_1.d_same_day_lq", 
   "date_dim_1.d_current_day", 
   "date_dim_1.d_current_week", 
   "date_dim_1.d_current_month", 
   "date_dim_1.d_current_quarter", 
   "date_dim_1.d_current_year"
  ], 
  "Plan Width": 8, 
  "Total Cost": 12.7
 }, 
 {
  "Startup Cost": 13.76, 
  "plan_id": 1971, 
  "Plans": [
   1972
  ], 
  "Plan Rows": 4, 
  "Node Type": "Hash", 
  "filename": "plans/query83.json", 
  "Parallel Aware": false, 
  "Parent Relationship": "Inner", 
  "Output": [
   "date_dim_2.d_week_seq"
  ], 
  "Plan Width": 4, 
  "Total Cost": 13.76
 }, 
 {
  "Startup Cost": 13.81, 
  "Plan Width": 4, 
  "plan_id": 1969, 
  "Plans": [
   1970, 
   1971
  ], 
  "Plan Rows": 135, 
  "Node Type": "Hash Join", 
  "Join Type": "Inner", 
  "filename": "plans/query83.json", 
  "Parallel Aware": false, 
  "Output": [
   "date_dim_1.d_date"
  ], 
  "Hash Cond": "(date_dim_1.d_week_seq = date_dim_2.d_week_seq)", 
  "Parent Relationship": "Outer", 
  "Total Cost": 27.58
 }, 
 {
  "Startup Cost": 26.98, 
  "Plan Width": 76, 
  "plan_id": 1961, 
  "Plans": [
   1962, 
   1966
  ], 
  "Plan Rows": 82, 
  "Node Type": "Hash Join", 
  "Join Type": "Inner", 
  "filename": "plans/query83.json", 
  "Parallel Aware": false, 
  "Output": [
   "store_returns.sr_return_quantity", 
   "item.i_item_id", 
   "date_dim.d_date"
  ], 
  "Hash Cond": "(store_returns.sr_returned_date_sk = date_dim.d_date_sk)", 
  "Parent Relationship": "Outer", 
  "Total Cost": 44.56
 }, 
 {
  "Startup Cost": 27.58, 
  "plan_id": 1968, 
  "Plans": [
   1969
  ], 
  "Plan Rows": 135, 
  "Node Type": "Hash", 
  "filename": "plans/query83.json", 
  "Parallel Aware": false, 
  "Parent Relationship": "Inner", 
  "Output": [
   "date_dim_1.d_date"
  ], 
  "Plan Width": 4, 
  "Total Cost": 27.58
 }, 
 {
  "Startup Cost": 56.24, 
  "Plan Width": 72, 
  "plan_id": 1960, 
  "Plans": [
   1961, 
   1968
  ], 
  "Plan Rows": 41, 
  "Node Type": "Hash Join", 
  "Join Type": "Semi", 
  "filename": "plans/query83.json", 
  "Parallel Aware": false, 
  "Output": [
   "item.i_item_id", 
   "store_returns.sr_return_quantity"
  ], 
  "Hash Cond": "(date_dim.d_date = date_dim_1.d_date)", 
  "Parent Relationship": "Outer", 
  "Total Cost": 75.01
 }, 
 {
  "Startup Cost": 0.0, 
  "plan_id": 1980, 
  "Node Type": "Seq Scan", 
  "Plan Rows": 40, 
  "Relation Name": "item", 
  "Alias": "item_1", 
  "filename": "plans/query83.json", 
  "Schema": "pg_temp_2", 
  "Parallel Aware": false, 
  "Parent Relationship": "Outer", 
  "Output": [
   "item_1.i_item_id", 
   "item_1.i_item_sk"
  ], 
  "Plan Width": 72, 
  "Total Cost": 10.4
 }, 
 {
  "Startup Cost": 0.0, 
  "plan_id": 1978, 
  "Node Type": "Seq Scan", 
  "Plan Rows": 360, 
  "Relation Name": "catalog_returns", 
  "Alias": "catalog_returns", 
  "filename": "plans/query83.json", 
  "Schema": "pg_temp_2", 
  "Parallel Aware": false, 
  "Parent Relationship": "Outer", 
  "Output": [
   "catalog_returns.cr_returned_date_sk", 
   "catalog_returns.cr_returned_time_sk", 
   "catalog_returns.cr_item_sk", 
   "catalog_returns.cr_refunded_customer_sk", 
   "catalog_returns.cr_refunded_cdemo_sk", 
   "catalog_returns.cr_refunded_hdemo_sk", 
   "catalog_returns.cr_refunded_addr_sk", 
   "catalog_returns.cr_returning_customer_sk", 
   "catalog_returns.cr_returning_cdemo_sk", 
   "catalog_returns.cr_returning_hdemo_sk", 
   "catalog_returns.cr_returning_addr_sk", 
   "catalog_returns.cr_call_center_sk", 
   "catalog_returns.cr_catalog_page_sk", 
   "catalog_returns.cr_ship_mode_sk", 
   "catalog_returns.cr_warehouse_sk", 
   "catalog_returns.cr_reason_sk", 
   "catalog_returns.cr_order_number", 
   "catalog_returns.cr_return_quantity", 
   "catalog_returns.cr_return_amount", 
   "catalog_returns.cr_return_tax", 
   "catalog_returns.cr_return_amt_inc_tax", 
   "catalog_returns.cr_fee", 
   "catalog_returns.cr_return_ship_cost", 
   "catalog_returns.cr_refunded_cash", 
   "catalog_returns.cr_reversed_charge", 
   "catalog_returns.cr_store_credit", 
   "catalog_returns.cr_net_loss"
  ], 
  "Plan Width": 12, 
  "Total Cost": 13.6
 }, 
 {
  "Startup Cost": 10.4, 
  "plan_id": 1979, 
  "Plans": [
   1980
  ], 
  "Plan Rows": 40, 
  "Node Type": "Hash", 
  "filename": "plans/query83.json", 
  "Parallel Aware": false, 
  "Parent Relationship": "Inner", 
  "Output": [
   "item_1.i_item_id", 
   "item_1.i_item_sk"
  ], 
  "Plan Width": 72, 
  "Total Cost": 10.4
 }, 
 {
  "Startup Cost": 0.0, 
  "plan_id": 1982, 
  "Node Type": "Seq Scan", 
  "Plan Rows": 270, 
  "Relation Name": "date_dim", 
  "Alias": "date_dim_3", 
  "filename": "plans/query83.json", 
  "Schema": "pg_temp_2", 
  "Parallel Aware": false, 
  "Parent Relationship": "Outer", 
  "Output": [
   "date_dim_3.d_date_sk", 
   "date_dim_3.d_date"
  ], 
  "Plan Width": 8, 
  "Total Cost": 12.7
 }, 
 {
  "Startup Cost": 10.9, 
  "Plan Width": 76, 
  "plan_id": 1977, 
  "Plans": [
   1978, 
   1979
  ], 
  "Plan Rows": 72, 
  "Node Type": "Hash Join", 
  "Join Type": "Inner", 
  "filename": "plans/query83.json", 
  "Parallel Aware": false, 
  "Output": [
   "catalog_returns.cr_return_quantity", 
   "catalog_returns.cr_returned_date_sk", 
   "item_1.i_item_id"
  ], 
  "Hash Cond": "(catalog_returns.cr_item_sk = item_1.i_item_sk)", 
  "Parent Relationship": "Outer", 
  "Total Cost": 26.57
 }, 
 {
  "Startup Cost": 12.7, 
  "plan_id": 1981, 
  "Plans": [
   1982
  ], 
  "Plan Rows": 270, 
  "Node Type": "Hash", 
  "filename": "plans/query83.json", 
  "Parallel Aware": false, 
  "Parent Relationship": "Inner", 
  "Output": [
   "date_dim_3.d_date_sk", 
   "date_dim_3.d_date"
  ], 
  "Plan Width": 8, 
  "Total Cost": 12.7
 }, 
 {
  "Relation Name": "date_dim", 
  "Startup Cost": 0.0, 
  "plan_id": 1988, 
  "Node Type": "Seq Scan", 
  "Plan Rows": 4, 
  "Filter": "(date_dim_5.d_date = ANY ('{1998-05-30,1998-10-23,1998-11-03}'::date[]))", 
  "Alias": "date_dim_5", 
  "filename": "plans/query83.json", 
  "Schema": "pg_temp_2", 
  "Parallel Aware": false, 
  "Parent Relationship": "Outer", 
  "Output": [
   "date_dim_5.d_week_seq"
  ], 
  "Plan Width": 4, 
  "Total Cost": 13.71
 }, 
 {
  "Partial Mode": "Simple", 
  "Startup Cost": 13.72, 
  "Plan Width": 4, 
  "plan_id": 1987, 
  "Plans": [
   1988
  ], 
  "filename": "plans/query83.json", 
  "Node Type": "Aggregate", 
  "Strategy": "Hashed", 
  "Plan Rows": 4, 
  "Parallel Aware": false, 
  "Output": [
   "date_dim_5.d_week_seq"
  ], 
  "Group Key": [
   "date_dim_5.d_week_seq"
  ], 
  "Parent Relationship": "Outer", 
  "Total Cost": 13.76
 }, 
 {
  "Startup Cost": 0.0, 
  "plan_id": 1985, 
  "Node Type": "Seq Scan", 
  "Plan Rows": 270, 
  "Relation Name": "date_dim", 
  "Alias": "date_dim_4", 
  "filename": "plans/query83.json", 
  "Schema": "pg_temp_2", 
  "Parallel Aware": false, 
  "Parent Relationship": "Outer", 
  "Output": [
   "date_dim_4.d_date_sk", 
   "date_dim_4.d_date_id", 
   "date_dim_4.d_date", 
   "date_dim_4.d_month_seq", 
   "date_dim_4.d_week_seq", 
   "date_dim_4.d_quarter_seq", 
   "date_dim_4.d_year", 
   "date_dim_4.d_dow", 
   "date_dim_4.d_moy", 
   "date_dim_4.d_dom", 
   "date_dim_4.d_qoy", 
   "date_dim_4.d_fy_year", 
   "date_dim_4.d_fy_quarter_seq", 
   "date_dim_4.d_fy_week_seq", 
   "date_dim_4.d_day_name", 
   "date_dim_4.d_quarter_name", 
   "date_dim_4.d_holiday", 
   "date_dim_4.d_weekend", 
   "date_dim_4.d_following_holiday", 
   "date_dim_4.d_first_dom", 
   "date_dim_4.d_last_dom", 
   "date_dim_4.d_same_day_ly", 
   "date_dim_4.d_same_day_lq", 
   "date_dim_4.d_current_day", 
   "date_dim_4.d_current_week", 
   "date_dim_4.d_current_month", 
   "date_dim_4.d_current_quarter", 
   "date_dim_4.d_current_year"
  ], 
  "Plan Width": 8, 
  "Total Cost": 12.7
 }, 
 {
  "Startup Cost": 13.76, 
  "plan_id": 1986, 
  "Plans": [
   1987
  ], 
  "Plan Rows": 4, 
  "Node Type": "Hash", 
  "filename": "plans/query83.json", 
  "Parallel Aware": false, 
  "Parent Relationship": "Inner", 
  "Output": [
   "date_dim_5.d_week_seq"
  ], 
  "Plan Width": 4, 
  "Total Cost": 13.76
 }, 
 {
  "Startup Cost": 13.81, 
  "Plan Width": 4, 
  "plan_id": 1984, 
  "Plans": [
   1985, 
   1986
  ], 
  "Plan Rows": 135, 
  "Node Type": "Hash Join", 
  "Join Type": "Inner", 
  "filename": "plans/query83.json", 
  "Parallel Aware": false, 
  "Output": [
   "date_dim_4.d_date"
  ], 
  "Hash Cond": "(date_dim_4.d_week_seq = date_dim_5.d_week_seq)", 
  "Parent Relationship": "Outer", 
  "Total Cost": 27.58
 }, 
 {
  "Startup Cost": 26.98, 
  "Plan Width": 76, 
  "plan_id": 1976, 
  "Plans": [
   1977, 
   1981
  ], 
  "Plan Rows": 72, 
  "Node Type": "Hash Join", 
  "Join Type": "Inner", 
  "filename": "plans/query83.json", 
  "Parallel Aware": false, 
  "Output": [
   "catalog_returns.cr_return_quantity", 
   "item_1.i_item_id", 
   "date_dim_3.d_date"
  ], 
  "Hash Cond": "(catalog_returns.cr_returned_date_sk = date_dim_3.d_date_sk)", 
  "Parent Relationship": "Outer", 
  "Total Cost": 43.64
 }, 
 {
  "Startup Cost": 27.58, 
  "plan_id": 1983, 
  "Plans": [
   1984
  ], 
  "Plan Rows": 135, 
  "Node Type": "Hash", 
  "filename": "plans/query83.json", 
  "Parallel Aware": false, 
  "Parent Relationship": "Inner", 
  "Output": [
   "date_dim_4.d_date"
  ], 
  "Plan Width": 4, 
  "Total Cost": 27.58
 }, 
 {
  "Startup Cost": 56.24, 
  "Plan Width": 72, 
  "plan_id": 1975, 
  "Plans": [
   1976, 
   1983
  ], 
  "Plan Rows": 36, 
  "Node Type": "Hash Join", 
  "Join Type": "Semi", 
  "filename": "plans/query83.json", 
  "Parallel Aware": false, 
  "Output": [
   "item_1.i_item_id", 
   "catalog_returns.cr_return_quantity"
  ], 
  "Hash Cond": "(date_dim_3.d_date = date_dim_4.d_date)", 
  "Parent Relationship": "Outer", 
  "Total Cost": 73.94
 }, 
 {
  "Startup Cost": 0.0, 
  "plan_id": 1995, 
  "Node Type": "Seq Scan", 
  "Plan Rows": 40, 
  "Relation Name": "item", 
  "Alias": "item_2", 
  "filename": "plans/query83.json", 
  "Schema": "pg_temp_2", 
  "Parallel Aware": false, 
  "Parent Relationship": "Outer", 
  "Output": [
   "item_2.i_item_id", 
   "item_2.i_item_sk"
  ], 
  "Plan Width": 72, 
  "Total Cost": 10.4
 }, 
 {
  "Startup Cost": 0.0, 
  "plan_id": 1993, 
  "Node Type": "Seq Scan", 
  "Plan Rows": 380, 
  "Relation Name": "web_returns", 
  "Alias": "web_returns", 
  "filename": "plans/query83.json", 
  "Schema": "pg_temp_2", 
  "Parallel Aware": false, 
  "Parent Relationship": "Outer", 
  "Output": [
   "web_returns.wr_returned_date_sk", 
   "web_returns.wr_returned_time_sk", 
   "web_returns.wr_item_sk", 
   "web_returns.wr_refunded_customer_sk", 
   "web_returns.wr_refunded_cdemo_sk", 
   "web_returns.wr_refunded_hdemo_sk", 
   "web_returns.wr_refunded_addr_sk", 
   "web_returns.wr_returning_customer_sk", 
   "web_returns.wr_returning_cdemo_sk", 
   "web_returns.wr_returning_hdemo_sk", 
   "web_returns.wr_returning_addr_sk", 
   "web_returns.wr_web_page_sk", 
   "web_returns.wr_reason_sk", 
   "web_returns.wr_order_number", 
   "web_returns.wr_return_quantity", 
   "web_returns.wr_return_amt", 
   "web_returns.wr_return_tax", 
   "web_returns.wr_return_amt_inc_tax", 
   "web_returns.wr_fee", 
   "web_returns.wr_return_ship_cost", 
   "web_returns.wr_refunded_cash", 
   "web_returns.wr_reversed_charge", 
   "web_returns.wr_account_credit", 
   "web_returns.wr_net_loss"
  ], 
  "Plan Width": 12, 
  "Total Cost": 13.8
 }, 
 {
  "Startup Cost": 10.4, 
  "plan_id": 1994, 
  "Plans": [
   1995
  ], 
  "Plan Rows": 40, 
  "Node Type": "Hash", 
  "filename": "plans/query83.json", 
  "Parallel Aware": false, 
  "Parent Relationship": "Inner", 
  "Output": [
   "item_2.i_item_id", 
   "item_2.i_item_sk"
  ], 
  "Plan Width": 72, 
  "Total Cost": 10.4
 }, 
 {
  "Startup Cost": 0.0, 
  "plan_id": 1997, 
  "Node Type": "Seq Scan", 
  "Plan Rows": 270, 
  "Relation Name": "date_dim", 
  "Alias": "date_dim_6", 
  "filename": "plans/query83.json", 
  "Schema": "pg_temp_2", 
  "Parallel Aware": false, 
  "Parent Relationship": "Outer", 
  "Output": [
   "date_dim_6.d_date_sk", 
   "date_dim_6.d_date"
  ], 
  "Plan Width": 8, 
  "Total Cost": 12.7
 }, 
 {
  "Startup Cost": 10.9, 
  "Plan Width": 76, 
  "plan_id": 1992, 
  "Plans": [
   1993, 
   1994
  ], 
  "Plan Rows": 76, 
  "Node Type": "Hash Join", 
  "Join Type": "Inner", 
  "filename": "plans/query83.json", 
  "Parallel Aware": false, 
  "Output": [
   "web_returns.wr_return_quantity", 
   "web_returns.wr_returned_date_sk", 
   "item_2.i_item_id"
  ], 
  "Hash Cond": "(web_returns.wr_item_sk = item_2.i_item_sk)", 
  "Parent Relationship": "Outer", 
  "Total Cost": 26.88
 }, 
 {
  "Startup Cost": 12.7, 
  "plan_id": 1996, 
  "Plans": [
   1997
  ], 
  "Plan Rows": 270, 
  "Node Type": "Hash", 
  "filename": "plans/query83.json", 
  "Parallel Aware": false, 
  "Parent Relationship": "Inner", 
  "Output": [
   "date_dim_6.d_date_sk", 
   "date_dim_6.d_date"
  ], 
  "Plan Width": 8, 
  "Total Cost": 12.7
 }, 
 {
  "Relation Name": "date_dim", 
  "Startup Cost": 0.0, 
  "plan_id": 2003, 
  "Node Type": "Seq Scan", 
  "Plan Rows": 4, 
  "Filter": "(date_dim_8.d_date = ANY ('{1998-05-30,1998-10-23,1998-11-03}'::date[]))", 
  "Alias": "date_dim_8", 
  "filename": "plans/query83.json", 
  "Schema": "pg_temp_2", 
  "Parallel Aware": false, 
  "Parent Relationship": "Outer", 
  "Output": [
   "date_dim_8.d_week_seq"
  ], 
  "Plan Width": 4, 
  "Total Cost": 13.71
 }, 
 {
  "Partial Mode": "Simple", 
  "Startup Cost": 13.72, 
  "Plan Width": 4, 
  "plan_id": 2002, 
  "Plans": [
   2003
  ], 
  "filename": "plans/query83.json", 
  "Node Type": "Aggregate", 
  "Strategy": "Hashed", 
  "Plan Rows": 4, 
  "Parallel Aware": false, 
  "Output": [
   "date_dim_8.d_week_seq"
  ], 
  "Group Key": [
   "date_dim_8.d_week_seq"
  ], 
  "Parent Relationship": "Outer", 
  "Total Cost": 13.76
 }, 
 {
  "Startup Cost": 0.0, 
  "plan_id": 2000, 
  "Node Type": "Seq Scan", 
  "Plan Rows": 270, 
  "Relation Name": "date_dim", 
  "Alias": "date_dim_7", 
  "filename": "plans/query83.json", 
  "Schema": "pg_temp_2", 
  "Parallel Aware": false, 
  "Parent Relationship": "Outer", 
  "Output": [
   "date_dim_7.d_date_sk", 
   "date_dim_7.d_date_id", 
   "date_dim_7.d_date", 
   "date_dim_7.d_month_seq", 
   "date_dim_7.d_week_seq", 
   "date_dim_7.d_quarter_seq", 
   "date_dim_7.d_year", 
   "date_dim_7.d_dow", 
   "date_dim_7.d_moy", 
   "date_dim_7.d_dom", 
   "date_dim_7.d_qoy", 
   "date_dim_7.d_fy_year", 
   "date_dim_7.d_fy_quarter_seq", 
   "date_dim_7.d_fy_week_seq", 
   "date_dim_7.d_day_name", 
   "date_dim_7.d_quarter_name", 
   "date_dim_7.d_holiday", 
   "date_dim_7.d_weekend", 
   "date_dim_7.d_following_holiday", 
   "date_dim_7.d_first_dom", 
   "date_dim_7.d_last_dom", 
   "date_dim_7.d_same_day_ly", 
   "date_dim_7.d_same_day_lq", 
   "date_dim_7.d_current_day", 
   "date_dim_7.d_current_week", 
   "date_dim_7.d_current_month", 
   "date_dim_7.d_current_quarter", 
   "date_dim_7.d_current_year"
  ], 
  "Plan Width": 8, 
  "Total Cost": 12.7
 }, 
 {
  "Startup Cost": 13.76, 
  "plan_id": 2001, 
  "Plans": [
   2002
  ], 
  "Plan Rows": 4, 
  "Node Type": "Hash", 
  "filename": "plans/query83.json", 
  "Parallel Aware": false, 
  "Parent Relationship": "Inner", 
  "Output": [
   "date_dim_8.d_week_seq"
  ], 
  "Plan Width": 4, 
  "Total Cost": 13.76
 }, 
 {
  "Startup Cost": 13.81, 
  "Plan Width": 4, 
  "plan_id": 1999, 
  "Plans": [
   2000, 
   2001
  ], 
  "Plan Rows": 135, 
  "Node Type": "Hash Join", 
  "Join Type": "Inner", 
  "filename": "plans/query83.json", 
  "Parallel Aware": false, 
  "Output": [
   "date_dim_7.d_date"
  ], 
  "Hash Cond": "(date_dim_7.d_week_seq = date_dim_8.d_week_seq)", 
  "Parent Relationship": "Outer", 
  "Total Cost": 27.58
 }, 
 {
  "Startup Cost": 26.98, 
  "Plan Width": 76, 
  "plan_id": 1991, 
  "Plans": [
   1992, 
   1996
  ], 
  "Plan Rows": 76, 
  "Node Type": "Hash Join", 
  "Join Type": "Inner", 
  "filename": "plans/query83.json", 
  "Parallel Aware": false, 
  "Output": [
   "web_returns.wr_return_quantity", 
   "item_2.i_item_id", 
   "date_dim_6.d_date"
  ], 
  "Hash Cond": "(web_returns.wr_returned_date_sk = date_dim_6.d_date_sk)", 
  "Parent Relationship": "Outer", 
  "Total Cost": 44.0
 }, 
 {
  "Startup Cost": 27.58, 
  "plan_id": 1998, 
  "Plans": [
   1999
  ], 
  "Plan Rows": 135, 
  "Node Type": "Hash", 
  "filename": "plans/query83.json", 
  "Parallel Aware": false, 
  "Parent Relationship": "Inner", 
  "Output": [
   "date_dim_7.d_date"
  ], 
  "Plan Width": 4, 
  "Total Cost": 27.58
 }, 
 {
  "Startup Cost": 56.24, 
  "Plan Width": 72, 
  "plan_id": 1990, 
  "Plans": [
   1991, 
   1998
  ], 
  "Plan Rows": 38, 
  "Node Type": "Hash Join", 
  "Join Type": "Semi", 
  "filename": "plans/query83.json", 
  "Parallel Aware": false, 
  "Output": [
   "item_2.i_item_id", 
   "web_returns.wr_return_quantity"
  ], 
  "Hash Cond": "(date_dim_6.d_date = date_dim_7.d_date)", 
  "Parent Relationship": "Outer", 
  "Total Cost": 74.36
 }, 
 {
  "Startup Cost": 0.0, 
  "plan_id": 2009, 
  "CTE Name": "cr_items", 
  "Node Type": "CTE Scan", 
  "Plan Rows": 36, 
  "Alias": "cr_items", 
  "filename": "plans/query83.json", 
  "Parallel Aware": false, 
  "Parent Relationship": "Outer", 
  "Output": [
   "cr_items.cr_item_qty", 
   "cr_items.item_id"
  ], 
  "Plan Width": 76, 
  "Total Cost": 0.72
 }, 
 {
  "Startup Cost": 0.0, 
  "plan_id": 2007, 
  "CTE Name": "sr_items", 
  "Node Type": "CTE Scan", 
  "Plan Rows": 40, 
  "Alias": "sr_items", 
  "filename": "plans/query83.json", 
  "Parallel Aware": false, 
  "Parent Relationship": "Outer", 
  "Output": [
   "sr_items.item_id", 
   "sr_items.sr_item_qty"
  ], 
  "Plan Width": 76, 
  "Total Cost": 0.8
 }, 
 {
  "Startup Cost": 0.72, 
  "plan_id": 2008, 
  "Plans": [
   2009
  ], 
  "Plan Rows": 36, 
  "Node Type": "Hash", 
  "filename": "plans/query83.json", 
  "Parallel Aware": false, 
  "Parent Relationship": "Inner", 
  "Output": [
   "cr_items.cr_item_qty", 
   "cr_items.item_id"
  ], 
  "Plan Width": 76, 
  "Total Cost": 0.72
 }, 
 {
  "Startup Cost": 0.0, 
  "plan_id": 2011, 
  "CTE Name": "wr_items", 
  "Node Type": "CTE Scan", 
  "Plan Rows": 38, 
  "Alias": "wr_items", 
  "filename": "plans/query83.json", 
  "Parallel Aware": false, 
  "Parent Relationship": "Outer", 
  "Output": [
   "wr_items.wr_item_qty", 
   "wr_items.item_id"
  ], 
  "Plan Width": 76, 
  "Total Cost": 0.76
 }, 
 {
  "Startup Cost": 1.17, 
  "Plan Width": 152, 
  "plan_id": 2006, 
  "Plans": [
   2007, 
   2008
  ], 
  "Plan Rows": 36, 
  "Node Type": "Hash Join", 
  "Join Type": "Inner", 
  "filename": "plans/query83.json", 
  "Parallel Aware": false, 
  "Output": [
   "sr_items.item_id", 
   "sr_items.sr_item_qty", 
   "cr_items.cr_item_qty", 
   "cr_items.item_id"
  ], 
  "Hash Cond": "(sr_items.item_id = cr_items.item_id)", 
  "Parent Relationship": "Outer", 
  "Total Cost": 2.48
 }, 
 {
  "Startup Cost": 0.76, 
  "plan_id": 2010, 
  "Plans": [
   2011
  ], 
  "Plan Rows": 38, 
  "Node Type": "Hash", 
  "filename": "plans/query83.json", 
  "Parallel Aware": false, 
  "Parent Relationship": "Inner", 
  "Output": [
   "wr_items.wr_item_qty", 
   "wr_items.item_id"
  ], 
  "Plan Width": 76, 
  "Total Cost": 0.76
 }, 
 {
  "Startup Cost": 2.4, 
  "Plan Width": 220, 
  "plan_id": 2005, 
  "Plans": [
   2006, 
   2010
  ], 
  "Plan Rows": 34, 
  "Node Type": "Hash Join", 
  "Join Type": "Inner", 
  "filename": "plans/query83.json", 
  "Parallel Aware": false, 
  "Output": [
   "sr_items.item_id", 
   "sr_items.sr_item_qty", 
   "((((sr_items.sr_item_qty / ((sr_items.sr_item_qty + cr_items.cr_item_qty) + wr_items.wr_item_qty)))::numeric / 3.0) * '100'::numeric)", 
   "cr_items.cr_item_qty", 
   "((((cr_items.cr_item_qty / ((sr_items.sr_item_qty + cr_items.cr_item_qty) + wr_items.wr_item_qty)))::numeric / 3.0) * '100'::numeric)", 
   "wr_items.wr_item_qty", 
   "((((wr_items.wr_item_qty / ((sr_items.sr_item_qty + cr_items.cr_item_qty) + wr_items.wr_item_qty)))::numeric / 3.0) * '100'::numeric)", 
   "((((sr_items.sr_item_qty + cr_items.cr_item_qty) + wr_items.wr_item_qty))::numeric / 3.0)"
  ], 
  "Hash Cond": "(sr_items.item_id = wr_items.item_id)", 
  "Parent Relationship": "Outer", 
  "Total Cost": 6.06
 }, 
 {
  "Partial Mode": "Simple", 
  "Startup Cost": 75.21, 
  "Plan Width": 76, 
  "plan_id": 1959, 
  "Plans": [
   1960
  ], 
  "filename": "plans/query83.json", 
  "Node Type": "Aggregate", 
  "Strategy": "Hashed", 
  "Plan Rows": 40, 
  "Parallel Aware": false, 
  "Output": [
   "item.i_item_id", 
   "sum(store_returns.sr_return_quantity)"
  ], 
  "Group Key": [
   "item.i_item_id"
  ], 
  "Parent Relationship": "InitPlan", 
  "Subplan Name": "CTE sr_items", 
  "Total Cost": 75.61
 }, 
 {
  "Partial Mode": "Simple", 
  "Startup Cost": 74.12, 
  "Plan Width": 76, 
  "plan_id": 1974, 
  "Plans": [
   1975
  ], 
  "filename": "plans/query83.json", 
  "Node Type": "Aggregate", 
  "Strategy": "Hashed", 
  "Plan Rows": 36, 
  "Parallel Aware": false, 
  "Output": [
   "item_1.i_item_id", 
   "sum(catalog_returns.cr_return_quantity)"
  ], 
  "Group Key": [
   "item_1.i_item_id"
  ], 
  "Parent Relationship": "InitPlan", 
  "Subplan Name": "CTE cr_items", 
  "Total Cost": 74.48
 }, 
 {
  "Partial Mode": "Simple", 
  "Startup Cost": 74.55, 
  "Plan Width": 76, 
  "plan_id": 1989, 
  "Plans": [
   1990
  ], 
  "filename": "plans/query83.json", 
  "Node Type": "Aggregate", 
  "Strategy": "Hashed", 
  "Plan Rows": 38, 
  "Parallel Aware": false, 
  "Output": [
   "item_2.i_item_id", 
   "sum(web_returns.wr_return_quantity)"
  ], 
  "Group Key": [
   "item_2.i_item_id"
  ], 
  "Parent Relationship": "InitPlan", 
  "Subplan Name": "CTE wr_items", 
  "Total Cost": 74.93
 }, 
 {
  "Startup Cost": 6.92, 
  "plan_id": 2004, 
  "Plans": [
   2005
  ], 
  "Sort Key": [
   "sr_items.item_id", 
   "sr_items.sr_item_qty"
  ], 
  "Plan Rows": 34, 
  "Node Type": "Sort", 
  "filename": "plans/query83.json", 
  "Parallel Aware": false, 
  "Parent Relationship": "Outer", 
  "Output": [
   "sr_items.item_id", 
   "sr_items.sr_item_qty", 
   "(((((sr_items.sr_item_qty / ((sr_items.sr_item_qty + cr_items.cr_item_qty) + wr_items.wr_item_qty)))::numeric / 3.0) * '100'::numeric))", 
   "cr_items.cr_item_qty", 
   "(((((cr_items.cr_item_qty / ((sr_items.sr_item_qty + cr_items.cr_item_qty) + wr_items.wr_item_qty)))::numeric / 3.0) * '100'::numeric))", 
   "wr_items.wr_item_qty", 
   "(((((wr_items.wr_item_qty / ((sr_items.sr_item_qty + cr_items.cr_item_qty) + wr_items.wr_item_qty)))::numeric / 3.0) * '100'::numeric))", 
   "(((((sr_items.sr_item_qty + cr_items.cr_item_qty) + wr_items.wr_item_qty))::numeric / 3.0))"
  ], 
  "Plan Width": 220, 
  "Total Cost": 7.01
 }, 
 {
  "Startup Cost": 231.95, 
  "plan_id": 1958, 
  "Plans": [
   1959, 
   1974, 
   1989, 
   2004
  ], 
  "Plan Rows": 34, 
  "Node Type": "Limit", 
  "filename": "plans/query83.json", 
  "Parallel Aware": false, 
  "Output": [
   "sr_items.item_id", 
   "sr_items.sr_item_qty", 
   "(((((sr_items.sr_item_qty / ((sr_items.sr_item_qty + cr_items.cr_item_qty) + wr_items.wr_item_qty)))::numeric / 3.0) * '100'::numeric))", 
   "cr_items.cr_item_qty", 
   "(((((cr_items.cr_item_qty / ((sr_items.sr_item_qty + cr_items.cr_item_qty) + wr_items.wr_item_qty)))::numeric / 3.0) * '100'::numeric))", 
   "wr_items.wr_item_qty", 
   "(((((wr_items.wr_item_qty / ((sr_items.sr_item_qty + cr_items.cr_item_qty) + wr_items.wr_item_qty)))::numeric / 3.0) * '100'::numeric))", 
   "(((((sr_items.sr_item_qty + cr_items.cr_item_qty) + wr_items.wr_item_qty))::numeric / 3.0))"
  ], 
  "Plan Width": 220, 
  "Total Cost": 232.03
 }, 
 {
  "Relation Name": "customer_address", 
  "Startup Cost": 0.0, 
  "plan_id": 2023, 
  "Node Type": "Seq Scan", 
  "Plan Rows": 1, 
  "Filter": "((customer_address.ca_city)::text = 'Lakeview'::text)", 
  "Alias": "customer_address", 
  "filename": "plans/query84.json", 
  "Schema": "pg_temp_2", 
  "Parallel Aware": false, 
  "Parent Relationship": "Outer", 
  "Output": [
   "customer_address.ca_address_sk"
  ], 
  "Plan Width": 4, 
  "Total Cost": 11.25
 }, 
 {
  "Startup Cost": 0.0, 
  "plan_id": 2021, 
  "Node Type": "Seq Scan", 
  "Plan Rows": 100, 
  "Relation Name": "customer", 
  "Alias": "customer", 
  "filename": "plans/query84.json", 
  "Schema": "pg_temp_2", 
  "Parallel Aware": false, 
  "Parent Relationship": "Outer", 
  "Output": [
   "customer.c_customer_sk", 
   "customer.c_customer_id", 
   "customer.c_current_cdemo_sk", 
   "customer.c_current_hdemo_sk", 
   "customer.c_current_addr_sk", 
   "customer.c_first_shipto_date_sk", 
   "customer.c_first_sales_date_sk", 
   "customer.c_salutation", 
   "customer.c_first_name", 
   "customer.c_last_name", 
   "customer.c_preferred_cust_flag", 
   "customer.c_birth_day", 
   "customer.c_birth_month", 
   "customer.c_birth_year", 
   "customer.c_birth_country", 
   "customer.c_login", 
   "customer.c_email_address", 
   "customer.c_last_review_date"
  ], 
  "Plan Width": 288, 
  "Total Cost": 11.0
 }, 
 {
  "Startup Cost": 11.25, 
  "plan_id": 2022, 
  "Plans": [
   2023
  ], 
  "Plan Rows": 1, 
  "Node Type": "Hash", 
  "filename": "plans/query84.json", 
  "Parallel Aware": false, 
  "Parent Relationship": "Inner", 
  "Output": [
   "customer_address.ca_address_sk"
  ], 
  "Plan Width": 4, 
  "Total Cost": 11.25
 }, 
 {
  "Startup Cost": 11.26, 
  "Plan Width": 284, 
  "plan_id": 2020, 
  "Plans": [
   2021, 
   2022
  ], 
  "Plan Rows": 1, 
  "Node Type": "Hash Join", 
  "Join Type": "Inner", 
  "filename": "plans/query84.json", 
  "Parallel Aware": false, 
  "Output": [
   "customer.c_customer_id", 
   "customer.c_last_name", 
   "customer.c_first_name", 
   "customer.c_current_cdemo_sk", 
   "customer.c_current_hdemo_sk"
  ], 
  "Hash Cond": "(customer.c_current_addr_sk = customer_address.ca_address_sk)", 
  "Parent Relationship": "Outer", 
  "Total Cost": 22.65
 }, 
 {
  "Startup Cost": 0.0, 
  "plan_id": 2018, 
  "Node Type": "Seq Scan", 
  "Plan Rows": 410, 
  "Relation Name": "store_returns", 
  "Alias": "store_returns", 
  "filename": "plans/query84.json", 
  "Schema": "pg_temp_2", 
  "Parallel Aware": false, 
  "Parent Relationship": "Outer", 
  "Output": [
   "store_returns.sr_returned_date_sk", 
   "store_returns.sr_return_time_sk", 
   "store_returns.sr_item_sk", 
   "store_returns.sr_customer_sk", 
   "store_returns.sr_cdemo_sk", 
   "store_returns.sr_hdemo_sk", 
   "store_returns.sr_addr_sk", 
   "store_returns.sr_store_sk", 
   "store_returns.sr_reason_sk", 
   "store_returns.sr_ticket_number", 
   "store_returns.sr_return_quantity", 
   "store_returns.sr_return_amt", 
   "store_returns.sr_return_tax", 
   "store_returns.sr_return_amt_inc_tax", 
   "store_returns.sr_fee", 
   "store_returns.sr_return_ship_cost", 
   "store_returns.sr_refunded_cash", 
   "store_returns.sr_reversed_charge", 
   "store_returns.sr_store_credit", 
   "store_returns.sr_net_loss"
  ], 
  "Plan Width": 4, 
  "Total Cost": 14.1
 }, 
 {
  "Startup Cost": 22.65, 
  "plan_id": 2019, 
  "Plans": [
   2020
  ], 
  "Plan Rows": 1, 
  "Node Type": "Hash", 
  "filename": "plans/query84.json", 
  "Parallel Aware": false, 
  "Parent Relationship": "Inner", 
  "Output": [
   "customer.c_customer_id", 
   "customer.c_last_name", 
   "customer.c_first_name", 
   "customer.c_current_cdemo_sk", 
   "customer.c_current_hdemo_sk"
  ], 
  "Plan Width": 284, 
  "Total Cost": 22.65
 }, 
 {
  "Startup Cost": 22.66, 
  "Plan Width": 288, 
  "plan_id": 2017, 
  "Plans": [
   2018, 
   2019
  ], 
  "Plan Rows": 2, 
  "Node Type": "Hash Join", 
  "Join Type": "Inner", 
  "filename": "plans/query84.json", 
  "Parallel Aware": false, 
  "Output": [
   "customer.c_customer_id", 
   "customer.c_last_name", 
   "customer.c_first_name", 
   "customer.c_current_cdemo_sk", 
   "customer.c_current_hdemo_sk", 
   "store_returns.sr_cdemo_sk"
  ], 
  "Hash Cond": "(store_returns.sr_cdemo_sk = customer.c_current_cdemo_sk)", 
  "Parent Relationship": "Outer", 
  "Total Cost": 38.32
 }, 
 {
  "Startup Cost": 0.15, 
  "filename": "plans/query84.json", 
  "plan_id": 2024, 
  "Scan Direction": "Forward", 
  "Index Cond": "(customer_demographics.cd_demo_sk = store_returns.sr_cdemo_sk)", 
  "Node Type": "Index Only Scan", 
  "Relation Name": "customer_demographics", 
  "Alias": "customer_demographics", 
  "Plan Rows": 1, 
  "Schema": "pg_temp_2", 
  "Parallel Aware": false, 
  "Parent Relationship": "Inner", 
  "Output": [
   "customer_demographics.cd_demo_sk"
  ], 
  "Index Name": "customer_demographics_pkey", 
  "Plan Width": 4, 
  "Total Cost": 0.27
 }, 
 {
  "Startup Cost": 22.81, 
  "plan_id": 2016, 
  "Plans": [
   2017, 
   2024
  ], 
  "Plan Rows": 1, 
  "Node Type": "Nested Loop", 
  "Join Type": "Inner", 
  "filename": "plans/query84.json", 
  "Parallel Aware": false, 
  "Parent Relationship": "Outer", 
  "Output": [
   "customer.c_customer_id", 
   "customer.c_last_name", 
   "customer.c_first_name", 
   "customer.c_current_hdemo_sk"
  ], 
  "Plan Width": 280, 
  "Join Filter": "(customer.c_current_cdemo_sk = customer_demographics.cd_demo_sk)", 
  "Total Cost": 38.89
 }, 
 {
  "Startup Cost": 0.15, 
  "filename": "plans/query84.json", 
  "plan_id": 2025, 
  "Scan Direction": "Forward", 
  "Index Cond": "(household_demographics.hd_demo_sk = customer.c_current_hdemo_sk)", 
  "Node Type": "Index Scan", 
  "Relation Name": "household_demographics", 
  "Alias": "household_demographics", 
  "Plan Rows": 1, 
  "Schema": "pg_temp_2", 
  "Parallel Aware": false, 
  "Parent Relationship": "Inner", 
  "Output": [
   "household_demographics.hd_demo_sk", 
   "household_demographics.hd_income_band_sk", 
   "household_demographics.hd_buy_potential", 
   "household_demographics.hd_dep_count", 
   "household_demographics.hd_vehicle_count"
  ], 
  "Index Name": "household_demographics_pkey", 
  "Plan Width": 8, 
  "Total Cost": 0.61
 }, 
 {
  "Startup Cost": 22.96, 
  "plan_id": 2015, 
  "Plans": [
   2016, 
   2025
  ], 
  "Plan Rows": 1, 
  "Node Type": "Nested Loop", 
  "Join Type": "Inner", 
  "filename": "plans/query84.json", 
  "Parallel Aware": false, 
  "Parent Relationship": "Outer", 
  "Output": [
   "customer.c_customer_id", 
   "customer.c_last_name", 
   "customer.c_first_name", 
   "household_demographics.hd_income_band_sk"
  ], 
  "Plan Width": 280, 
  "Total Cost": 39.5
 }, 
 {
  "Filter": "((income_band.ib_lower_bound >= 69452) AND (income_band.ib_upper_bound <= 119452))", 
  "Startup Cost": 0.15, 
  "filename": "plans/query84.json", 
  "plan_id": 2026, 
  "Scan Direction": "Forward", 
  "Index Cond": "(income_band.ib_income_band_sk = household_demographics.hd_income_band_sk)", 
  "Node Type": "Index Scan", 
  "Relation Name": "income_band", 
  "Alias": "income_band", 
  "Plan Rows": 1, 
  "Schema": "pg_temp_2", 
  "Parallel Aware": false, 
  "Parent Relationship": "Inner", 
  "Output": [
   "income_band.ib_income_band_sk", 
   "income_band.ib_lower_bound", 
   "income_band.ib_upper_bound"
  ], 
  "Index Name": "income_band_pkey", 
  "Plan Width": 4, 
  "Total Cost": 0.23
 }, 
 {
  "Startup Cost": 23.11, 
  "plan_id": 2014, 
  "Plans": [
   2015, 
   2026
  ], 
  "Plan Rows": 1, 
  "Node Type": "Nested Loop", 
  "Join Type": "Inner", 
  "filename": "plans/query84.json", 
  "Parallel Aware": false, 
  "Parent Relationship": "Outer", 
  "Output": [
   "customer.c_customer_id", 
   "(((COALESCE(customer.c_last_name, ''::bpchar))::text || ', '::text) || (COALESCE(customer.c_first_name, ''::bpchar))::text)"
  ], 
  "Plan Width": 100, 
  "Total Cost": 39.76
 }, 
 {
  "Startup Cost": 39.77, 
  "plan_id": 2013, 
  "Plans": [
   2014
  ], 
  "Sort Key": [
   "customer.c_customer_id"
  ], 
  "Plan Rows": 1, 
  "Node Type": "Sort", 
  "filename": "plans/query84.json", 
  "Parallel Aware": false, 
  "Parent Relationship": "Outer", 
  "Output": [
   "customer.c_customer_id", 
   "((((COALESCE(customer.c_last_name, ''::bpchar))::text || ', '::text) || (COALESCE(customer.c_first_name, ''::bpchar))::text))"
  ], 
  "Plan Width": 100, 
  "Total Cost": 39.77
 }, 
 {
  "Startup Cost": 39.77, 
  "plan_id": 2012, 
  "Plans": [
   2013
  ], 
  "Plan Rows": 1, 
  "Node Type": "Limit", 
  "filename": "plans/query84.json", 
  "Parallel Aware": false, 
  "Output": [
   "customer.c_customer_id", 
   "((((COALESCE(customer.c_last_name, ''::bpchar))::text || ', '::text) || (COALESCE(customer.c_first_name, ''::bpchar))::text))"
  ], 
  "Plan Width": 100, 
  "Total Cost": 39.77
 }, 
 {
  "Relation Name": "customer_address", 
  "Startup Cost": 0.0, 
  "plan_id": 2040, 
  "Node Type": "Seq Scan", 
  "Plan Rows": 1, 
  "Filter": "(((customer_address.ca_country)::text = 'United States'::text) AND ((customer_address.ca_state = ANY ('{VA,WA,LA}'::bpchar[])) OR (customer_address.ca_state = ANY ('{ID,IL,MO}'::bpchar[])) OR (customer_address.ca_state = ANY ('{AK,TN,PA}'::bpchar[]))))", 
  "Alias": "customer_address", 
  "filename": "plans/query85.json", 
  "Schema": "pg_temp_2", 
  "Parallel Aware": false, 
  "Parent Relationship": "Outer", 
  "Output": [
   "customer_address.ca_address_sk", 
   "customer_address.ca_state"
  ], 
  "Plan Width": 16, 
  "Total Cost": 12.38
 }, 
 {
  "Startup Cost": 0.0, 
  "plan_id": 2038, 
  "Node Type": "Seq Scan", 
  "Plan Rows": 380, 
  "Relation Name": "web_returns", 
  "Alias": "web_returns", 
  "filename": "plans/query85.json", 
  "Schema": "pg_temp_2", 
  "Parallel Aware": false, 
  "Parent Relationship": "Outer", 
  "Output": [
   "web_returns.wr_returned_date_sk", 
   "web_returns.wr_returned_time_sk", 
   "web_returns.wr_item_sk", 
   "web_returns.wr_refunded_customer_sk", 
   "web_returns.wr_refunded_cdemo_sk", 
   "web_returns.wr_refunded_hdemo_sk", 
   "web_returns.wr_refunded_addr_sk", 
   "web_returns.wr_returning_customer_sk", 
   "web_returns.wr_returning_cdemo_sk", 
   "web_returns.wr_returning_hdemo_sk", 
   "web_returns.wr_returning_addr_sk", 
   "web_returns.wr_web_page_sk", 
   "web_returns.wr_reason_sk", 
   "web_returns.wr_order_number", 
   "web_returns.wr_return_quantity", 
   "web_returns.wr_return_amt", 
   "web_returns.wr_return_tax", 
   "web_returns.wr_return_amt_inc_tax", 
   "web_returns.wr_fee", 
   "web_returns.wr_return_ship_cost", 
   "web_returns.wr_refunded_cash", 
   "web_returns.wr_reversed_charge", 
   "web_returns.wr_account_credit", 
   "web_returns.wr_net_loss"
  ], 
  "Plan Width": 52, 
  "Total Cost": 13.8
 }, 
 {
  "Startup Cost": 12.38, 
  "plan_id": 2039, 
  "Plans": [
   2040
  ], 
  "Plan Rows": 1, 
  "Node Type": "Hash", 
  "filename": "plans/query85.json", 
  "Parallel Aware": false, 
  "Parent Relationship": "Inner", 
  "Output": [
   "customer_address.ca_address_sk", 
   "customer_address.ca_state"
  ], 
  "Plan Width": 16, 
  "Total Cost": 12.38
 }, 
 {
  "Startup Cost": 12.39, 
  "Plan Width": 60, 
  "plan_id": 2037, 
  "Plans": [
   2038, 
   2039
  ], 
  "Plan Rows": 2, 
  "Node Type": "Hash Join", 
  "Join Type": "Inner", 
  "filename": "plans/query85.json", 
  "Parallel Aware": false, 
  "Output": [
   "web_returns.wr_refunded_cash", 
   "web_returns.wr_fee", 
   "web_returns.wr_item_sk", 
   "web_returns.wr_order_number", 
   "web_returns.wr_refunded_cdemo_sk", 
   "web_returns.wr_returning_cdemo_sk", 
   "web_returns.wr_reason_sk", 
   "customer_address.ca_state"
  ], 
  "Hash Cond": "(web_returns.wr_refunded_addr_sk = customer_address.ca_address_sk)", 
  "Parent Relationship": "Outer", 
  "Total Cost": 27.63
 }, 
 {
  "Filter": "(((cd1.cd_marital_status = 'D'::bpchar) AND (cd1.cd_education_status = 'Secondary'::bpchar)) OR ((cd1.cd_marital_status = 'S'::bpchar) AND (cd1.cd_education_status = 'Advanced Degree'::bpchar)) OR ((cd1.cd_marital_status = 'W'::bpchar) AND (cd1.cd_education_status = 'Unknown'::bpchar)))", 
  "Startup Cost": 0.15, 
  "filename": "plans/query85.json", 
  "plan_id": 2041, 
  "Scan Direction": "Forward", 
  "Index Cond": "(cd1.cd_demo_sk = web_returns.wr_refunded_cdemo_sk)", 
  "Node Type": "Index Scan", 
  "Relation Name": "customer_demographics", 
  "Alias": "cd1", 
  "Plan Rows": 1, 
  "Schema": "pg_temp_2", 
  "Parallel Aware": false, 
  "Parent Relationship": "Inner", 
  "Output": [
   "cd1.cd_demo_sk", 
   "cd1.cd_gender", 
   "cd1.cd_marital_status", 
   "cd1.cd_education_status", 
   "cd1.cd_purchase_estimate", 
   "cd1.cd_credit_rating", 
   "cd1.cd_dep_count", 
   "cd1.cd_dep_employed_count", 
   "cd1.cd_dep_college_count"
  ], 
  "Index Name": "customer_demographics_pkey", 
  "Plan Width": 96, 
  "Total Cost": 0.3
 }, 
 {
  "Startup Cost": 12.54, 
  "plan_id": 2036, 
  "Plans": [
   2037, 
   2041
  ], 
  "Plan Rows": 1, 
  "Node Type": "Nested Loop", 
  "Join Type": "Inner", 
  "filename": "plans/query85.json", 
  "Parallel Aware": false, 
  "Parent Relationship": "Outer", 
  "Output": [
   "web_returns.wr_refunded_cash", 
   "web_returns.wr_fee", 
   "web_returns.wr_item_sk", 
   "web_returns.wr_order_number", 
   "web_returns.wr_returning_cdemo_sk", 
   "web_returns.wr_reason_sk", 
   "cd1.cd_marital_status", 
   "cd1.cd_education_status", 
   "customer_address.ca_state"
  ], 
  "Plan Width": 148, 
  "Total Cost": 28.24
 }, 
 {
  "Filter": "((((web_sales.ws_sales_price >= 100.00) AND (web_sales.ws_sales_price <= 150.00)) OR ((web_sales.ws_sales_price >= 50.00) AND (web_sales.ws_sales_price <= 100.00)) OR ((web_sales.ws_sales_price >= 150.00) AND (web_sales.ws_sales_price <= 200.00))) AND (((web_sales.ws_net_profit >= '100'::numeric) AND (web_sales.ws_net_profit <= '200'::numeric)) OR ((web_sales.ws_net_profit >= '150'::numeric) AND (web_sales.ws_net_profit <= '300'::numeric)) OR ((web_sales.ws_net_profit >= '50'::numeric) AND (web_sales.ws_net_profit <= '250'::numeric))))", 
  "Startup Cost": 0.15, 
  "filename": "plans/query85.json", 
  "plan_id": 2042, 
  "Scan Direction": "Forward", 
  "Index Cond": "((web_sales.ws_item_sk = web_returns.wr_item_sk) AND (web_sales.ws_order_number = web_returns.wr_order_number))", 
  "Node Type": "Index Scan", 
  "Relation Name": "web_sales", 
  "Alias": "web_sales", 
  "Plan Rows": 1, 
  "Schema": "pg_temp_2", 
  "Parallel Aware": false, 
  "Parent Relationship": "Inner", 
  "Output": [
   "web_sales.ws_sold_date_sk", 
   "web_sales.ws_sold_time_sk", 
   "web_sales.ws_ship_date_sk", 
   "web_sales.ws_item_sk", 
   "web_sales.ws_bill_customer_sk", 
   "web_sales.ws_bill_cdemo_sk", 
   "web_sales.ws_bill_hdemo_sk", 
   "web_sales.ws_bill_addr_sk", 
   "web_sales.ws_ship_customer_sk", 
   "web_sales.ws_ship_cdemo_sk", 
   "web_sales.ws_ship_hdemo_sk", 
   "web_sales.ws_ship_addr_sk", 
   "web_sales.ws_web_page_sk", 
   "web_sales.ws_web_site_sk", 
   "web_sales.ws_ship_mode_sk", 
   "web_sales.ws_warehouse_sk", 
   "web_sales.ws_promo_sk", 
   "web_sales.ws_order_number", 
   "web_sales.ws_quantity", 
   "web_sales.ws_wholesale_cost", 
   "web_sales.ws_list_price", 
   "web_sales.ws_sales_price", 
   "web_sales.ws_ext_discount_amt", 
   "web_sales.ws_ext_sales_price", 
   "web_sales.ws_ext_wholesale_cost", 
   "web_sales.ws_ext_list_price", 
   "web_sales.ws_ext_tax", 
   "web_sales.ws_coupon_amt", 
   "web_sales.ws_ext_ship_cost", 
   "web_sales.ws_net_paid", 
   "web_sales.ws_net_paid_inc_tax", 
   "web_sales.ws_net_paid_inc_ship", 
   "web_sales.ws_net_paid_inc_ship_tax", 
   "web_sales.ws_net_profit"
  ], 
  "Index Name": "web_sales_pkey", 
  "Plan Width": 48, 
  "Total Cost": 0.31
 }, 
 {
  "Startup Cost": 12.68, 
  "plan_id": 2035, 
  "Plans": [
   2036, 
   2042
  ], 
  "Plan Rows": 1, 
  "Node Type": "Nested Loop", 
  "Join Type": "Inner", 
  "filename": "plans/query85.json", 
  "Parallel Aware": false, 
  "Parent Relationship": "Outer", 
  "Output": [
   "web_sales.ws_quantity", 
   "web_sales.ws_web_page_sk", 
   "web_sales.ws_sold_date_sk", 
   "web_returns.wr_refunded_cash", 
   "web_returns.wr_fee", 
   "web_returns.wr_returning_cdemo_sk", 
   "web_returns.wr_reason_sk", 
   "cd1.cd_marital_status", 
   "cd1.cd_education_status"
  ], 
  "Plan Width": 140, 
  "Join Filter": "((((customer_address.ca_state = ANY ('{VA,WA,LA}'::bpchar[])) AND (web_sales.ws_net_profit >= '100'::numeric) AND (web_sales.ws_net_profit <= '200'::numeric)) OR ((customer_address.ca_state = ANY ('{ID,IL,MO}'::bpchar[])) AND (web_sales.ws_net_profit >= '150'::numeric) AND (web_sales.ws_net_profit <= '300'::numeric)) OR ((customer_address.ca_state = ANY ('{AK,TN,PA}'::bpchar[])) AND (web_sales.ws_net_profit >= '50'::numeric) AND (web_sales.ws_net_profit <= '250'::numeric))) AND (((cd1.cd_marital_status = 'D'::bpchar) AND (cd1.cd_education_status = 'Secondary'::bpchar) AND (web_sales.ws_sales_price >= 100.00) AND (web_sales.ws_sales_price <= 150.00)) OR ((cd1.cd_marital_status = 'S'::bpchar) AND (cd1.cd_education_status = 'Advanced Degree'::bpchar) AND (web_sales.ws_sales_price >= 50.00) AND (web_sales.ws_sales_price <= 100.00)) OR ((cd1.cd_marital_status = 'W'::bpchar) AND (cd1.cd_education_status = 'Unknown'::bpchar) AND (web_sales.ws_sales_price >= 150.00) AND (web_sales.ws_sales_price <= 200.00))))", 
  "Total Cost": 28.62
 }, 
 {
  "Startup Cost": 0.14, 
  "filename": "plans/query85.json", 
  "plan_id": 2043, 
  "Scan Direction": "Forward", 
  "Index Cond": "(web_page.wp_web_page_sk = web_sales.ws_web_page_sk)", 
  "Node Type": "Index Only Scan", 
  "Relation Name": "web_page", 
  "Alias": "web_page", 
  "Plan Rows": 1, 
  "Schema": "pg_temp_2", 
  "Parallel Aware": false, 
  "Parent Relationship": "Inner", 
  "Output": [
   "web_page.wp_web_page_sk"
  ], 
  "Index Name": "web_page_pkey", 
  "Plan Width": 4, 
  "Total Cost": 8.16
 }, 
 {
  "Startup Cost": 12.83, 
  "plan_id": 2034, 
  "Plans": [
   2035, 
   2043
  ], 
  "Plan Rows": 1, 
  "Node Type": "Nested Loop", 
  "Join Type": "Inner", 
  "filename": "plans/query85.json", 
  "Parallel Aware": false, 
  "Parent Relationship": "Outer", 
  "Output": [
   "web_sales.ws_quantity", 
   "web_sales.ws_sold_date_sk", 
   "web_returns.wr_refunded_cash", 
   "web_returns.wr_fee", 
   "web_returns.wr_returning_cdemo_sk", 
   "web_returns.wr_reason_sk", 
   "cd1.cd_marital_status", 
   "cd1.cd_education_status"
  ], 
  "Plan Width": 136, 
  "Total Cost": 36.8
 }, 
 {
  "Startup Cost": 0.15, 
  "filename": "plans/query85.json", 
  "plan_id": 2044, 
  "Scan Direction": "Forward", 
  "Index Cond": "(cd2.cd_demo_sk = web_returns.wr_returning_cdemo_sk)", 
  "Node Type": "Index Scan", 
  "Relation Name": "customer_demographics", 
  "Alias": "cd2", 
  "Plan Rows": 1, 
  "Schema": "pg_temp_2", 
  "Parallel Aware": false, 
  "Parent Relationship": "Inner", 
  "Output": [
   "cd2.cd_demo_sk", 
   "cd2.cd_gender", 
   "cd2.cd_marital_status", 
   "cd2.cd_education_status", 
   "cd2.cd_purchase_estimate", 
   "cd2.cd_credit_rating", 
   "cd2.cd_dep_count", 
   "cd2.cd_dep_employed_count", 
   "cd2.cd_dep_college_count"
  ], 
  "Index Name": "customer_demographics_pkey", 
  "Plan Width": 96, 
  "Total Cost": 0.28
 }, 
 {
  "Startup Cost": 12.98, 
  "plan_id": 2033, 
  "Plans": [
   2034, 
   2044
  ], 
  "Plan Rows": 1, 
  "Node Type": "Nested Loop", 
  "Join Type": "Inner", 
  "filename": "plans/query85.json", 
  "Parallel Aware": false, 
  "Parent Relationship": "Outer", 
  "Output": [
   "web_sales.ws_quantity", 
   "web_sales.ws_sold_date_sk", 
   "web_returns.wr_refunded_cash", 
   "web_returns.wr_fee", 
   "web_returns.wr_reason_sk"
  ], 
  "Plan Width": 40, 
  "Join Filter": "((cd1.cd_marital_status = cd2.cd_marital_status) AND (cd1.cd_education_status = cd2.cd_education_status))", 
  "Total Cost": 37.09
 }, 
 {
  "Filter": "(date_dim.d_year = 1998)", 
  "Startup Cost": 0.15, 
  "filename": "plans/query85.json", 
  "plan_id": 2045, 
  "Scan Direction": "Forward", 
  "Index Cond": "(date_dim.d_date_sk = web_sales.ws_sold_date_sk)", 
  "Node Type": "Index Scan", 
  "Relation Name": "date_dim", 
  "Alias": "date_dim", 
  "Plan Rows": 1, 
  "Schema": "pg_temp_2", 
  "Parallel Aware": false, 
  "Parent Relationship": "Inner", 
  "Output": [
   "date_dim.d_date_sk", 
   "date_dim.d_date_id", 
   "date_dim.d_date", 
   "date_dim.d_month_seq", 
   "date_dim.d_week_seq", 
   "date_dim.d_quarter_seq", 
   "date_dim.d_year", 
   "date_dim.d_dow", 
   "date_dim.d_moy", 
   "date_dim.d_dom", 
   "date_dim.d_qoy", 
   "date_dim.d_fy_year", 
   "date_dim.d_fy_quarter_seq", 
   "date_dim.d_fy_week_seq", 
   "date_dim.d_day_name", 
   "date_dim.d_quarter_name", 
   "date_dim.d_holiday", 
   "date_dim.d_weekend", 
   "date_dim.d_following_holiday", 
   "date_dim.d_first_dom", 
   "date_dim.d_last_dom", 
   "date_dim.d_same_day_ly", 
   "date_dim.d_same_day_lq", 
   "date_dim.d_current_day", 
   "date_dim.d_current_week", 
   "date_dim.d_current_month", 
   "date_dim.d_current_quarter", 
   "date_dim.d_current_year"
  ], 
  "Index Name": "date_dim_pkey", 
  "Plan Width": 4, 
  "Total Cost": 8.17
 }, 
 {
  "Startup Cost": 13.12, 
  "plan_id": 2032, 
  "Plans": [
   2033, 
   2045
  ], 
  "Plan Rows": 1, 
  "Node Type": "Nested Loop", 
  "Join Type": "Inner", 
  "filename": "plans/query85.json", 
  "Parallel Aware": false, 
  "Parent Relationship": "Outer", 
  "Output": [
   "web_sales.ws_quantity", 
   "web_returns.wr_refunded_cash", 
   "web_returns.wr_fee", 
   "web_returns.wr_reason_sk"
  ], 
  "Plan Width": 36, 
  "Total Cost": 45.27
 }, 
 {
  "Startup Cost": 0.14, 
  "filename": "plans/query85.json", 
  "plan_id": 2046, 
  "Scan Direction": "Forward", 
  "Index Cond": "(reason.r_reason_sk = web_returns.wr_reason_sk)", 
  "Node Type": "Index Scan", 
  "Relation Name": "reason", 
  "Alias": "reason", 
  "Plan Rows": 1, 
  "Schema": "pg_temp_2", 
  "Parallel Aware": false, 
  "Parent Relationship": "Inner", 
  "Output": [
   "reason.r_reason_sk", 
   "reason.r_reason_id", 
   "reason.r_reason_desc"
  ], 
  "Index Name": "reason_pkey", 
  "Plan Width": 408, 
  "Total Cost": 0.28
 }, 
 {
  "Startup Cost": 13.27, 
  "plan_id": 2031, 
  "Plans": [
   2032, 
   2046
  ], 
  "Plan Rows": 1, 
  "Node Type": "Nested Loop", 
  "Join Type": "Inner", 
  "filename": "plans/query85.json", 
  "Parallel Aware": false, 
  "Parent Relationship": "Outer", 
  "Output": [
   "reason.r_reason_desc", 
   "web_sales.ws_quantity", 
   "web_returns.wr_refunded_cash", 
   "web_returns.wr_fee"
  ], 
  "Plan Width": 436, 
  "Total Cost": 45.56
 }, 
 {
  "Startup Cost": 45.57, 
  "plan_id": 2030, 
  "Plans": [
   2031
  ], 
  "Sort Key": [
   "reason.r_reason_desc"
  ], 
  "Plan Rows": 1, 
  "Node Type": "Sort", 
  "filename": "plans/query85.json", 
  "Parallel Aware": false, 
  "Parent Relationship": "Outer", 
  "Output": [
   "reason.r_reason_desc", 
   "web_sales.ws_quantity", 
   "web_returns.wr_refunded_cash", 
   "web_returns.wr_fee"
  ], 
  "Plan Width": 436, 
  "Total Cost": 45.57
 }, 
 {
  "Partial Mode": "Simple", 
  "Startup Cost": 45.57, 
  "Plan Width": 532, 
  "plan_id": 2029, 
  "Plans": [
   2030
  ], 
  "filename": "plans/query85.json", 
  "Node Type": "Aggregate", 
  "Strategy": "Sorted", 
  "Plan Rows": 1, 
  "Parallel Aware": false, 
  "Output": [
   "substr((reason.r_reason_desc)::text, 1, 20)", 
   "avg(web_sales.ws_quantity)", 
   "avg(web_returns.wr_refunded_cash)", 
   "avg(web_returns.wr_fee)", 
   "reason.r_reason_desc"
  ], 
  "Group Key": [
   "reason.r_reason_desc"
  ], 
  "Parent Relationship": "Outer", 
  "Total Cost": 45.61
 }, 
 {
  "Startup Cost": 45.62, 
  "plan_id": 2028, 
  "Plans": [
   2029
  ], 
  "Sort Key": [
   "(substr((reason.r_reason_desc)::text, 1, 20))", 
   "(avg(web_sales.ws_quantity))", 
   "(avg(web_returns.wr_refunded_cash))", 
   "(avg(web_returns.wr_fee))"
  ], 
  "Plan Rows": 1, 
  "Node Type": "Sort", 
  "filename": "plans/query85.json", 
  "Parallel Aware": false, 
  "Parent Relationship": "Outer", 
  "Output": [
   "(substr((reason.r_reason_desc)::text, 1, 20))", 
   "(avg(web_sales.ws_quantity))", 
   "(avg(web_returns.wr_refunded_cash))", 
   "(avg(web_returns.wr_fee))", 
   "reason.r_reason_desc"
  ], 
  "Plan Width": 532, 
  "Total Cost": 45.62
 }, 
 {
  "Startup Cost": 45.62, 
  "plan_id": 2027, 
  "Plans": [
   2028
  ], 
  "Plan Rows": 1, 
  "Node Type": "Limit", 
  "filename": "plans/query85.json", 
  "Parallel Aware": false, 
  "Output": [
   "(substr((reason.r_reason_desc)::text, 1, 20))", 
   "(avg(web_sales.ws_quantity))", 
   "(avg(web_returns.wr_refunded_cash))", 
   "(avg(web_returns.wr_fee))", 
   "reason.r_reason_desc"
  ], 
  "Plan Width": 532, 
  "Total Cost": 45.62
 }, 
 {
  "Relation Name": "date_dim", 
  "Startup Cost": 0.0, 
  "plan_id": 2057, 
  "Node Type": "Seq Scan", 
  "Plan Rows": 1, 
  "Filter": "((d1.d_month_seq >= 1176) AND (d1.d_month_seq <= 1187))", 
  "Alias": "d1", 
  "filename": "plans/query86.json", 
  "Schema": "pg_temp_2", 
  "Parallel Aware": false, 
  "Parent Relationship": "Outer", 
  "Output": [
   "d1.d_date_sk"
  ], 
  "Plan Width": 4, 
  "Total Cost": 14.05
 }, 
 {
  "Startup Cost": 0.0, 
  "plan_id": 2055, 
  "Node Type": "Seq Scan", 
  "Plan Rows": 260, 
  "Relation Name": "web_sales", 
  "Alias": "web_sales", 
  "filename": "plans/query86.json", 
  "Schema": "pg_temp_2", 
  "Parallel Aware": false, 
  "Parent Relationship": "Outer", 
  "Output": [
   "web_sales.ws_sold_date_sk", 
   "web_sales.ws_sold_time_sk", 
   "web_sales.ws_ship_date_sk", 
   "web_sales.ws_item_sk", 
   "web_sales.ws_bill_customer_sk", 
   "web_sales.ws_bill_cdemo_sk", 
   "web_sales.ws_bill_hdemo_sk", 
   "web_sales.ws_bill_addr_sk", 
   "web_sales.ws_ship_customer_sk", 
   "web_sales.ws_ship_cdemo_sk", 
   "web_sales.ws_ship_hdemo_sk", 
   "web_sales.ws_ship_addr_sk", 
   "web_sales.ws_web_page_sk", 
   "web_sales.ws_web_site_sk", 
   "web_sales.ws_ship_mode_sk", 
   "web_sales.ws_warehouse_sk", 
   "web_sales.ws_promo_sk", 
   "web_sales.ws_order_number", 
   "web_sales.ws_quantity", 
   "web_sales.ws_wholesale_cost", 
   "web_sales.ws_list_price", 
   "web_sales.ws_sales_price", 
   "web_sales.ws_ext_discount_amt", 
   "web_sales.ws_ext_sales_price", 
   "web_sales.ws_ext_wholesale_cost", 
   "web_sales.ws_ext_list_price", 
   "web_sales.ws_ext_tax", 
   "web_sales.ws_coupon_amt", 
   "web_sales.ws_ext_ship_cost", 
   "web_sales.ws_net_paid", 
   "web_sales.ws_net_paid_inc_tax", 
   "web_sales.ws_net_paid_inc_ship", 
   "web_sales.ws_net_paid_inc_ship_tax", 
   "web_sales.ws_net_profit"
  ], 
  "Plan Width": 22, 
  "Total Cost": 12.6
 }, 
 {
  "Startup Cost": 14.05, 
  "plan_id": 2056, 
  "Plans": [
   2057
  ], 
  "Plan Rows": 1, 
  "Node Type": "Hash", 
  "filename": "plans/query86.json", 
  "Parallel Aware": false, 
  "Parent Relationship": "Inner", 
  "Output": [
   "d1.d_date_sk"
  ], 
  "Plan Width": 4, 
  "Total Cost": 14.05
 }, 
 {
  "Startup Cost": 14.06, 
  "Plan Width": 18, 
  "plan_id": 2054, 
  "Plans": [
   2055, 
   2056
  ], 
  "Plan Rows": 1, 
  "Node Type": "Hash Join", 
  "Join Type": "Inner", 
  "filename": "plans/query86.json", 
  "Parallel Aware": false, 
  "Output": [
   "web_sales.ws_net_paid", 
   "web_sales.ws_item_sk"
  ], 
  "Hash Cond": "(web_sales.ws_sold_date_sk = d1.d_date_sk)", 
  "Parent Relationship": "Outer", 
  "Total Cost": 27.65
 }, 
 {
  "Startup Cost": 0.14, 
  "filename": "plans/query86.json", 
  "plan_id": 2058, 
  "Scan Direction": "Forward", 
  "Index Cond": "(item.i_item_sk = web_sales.ws_item_sk)", 
  "Node Type": "Index Scan", 
  "Relation Name": "item", 
  "Alias": "item", 
  "Plan Rows": 1, 
  "Schema": "pg_temp_2", 
  "Parallel Aware": false, 
  "Parent Relationship": "Inner", 
  "Output": [
   "item.i_item_sk", 
   "item.i_item_id", 
   "item.i_rec_start_date", 
   "item.i_rec_end_date", 
   "item.i_item_desc", 
   "item.i_current_price", 
   "item.i_wholesale_cost", 
   "item.i_brand_id", 
   "item.i_brand", 
   "item.i_class_id", 
   "item.i_class", 
   "item.i_category_id", 
   "item.i_category", 
   "item.i_manufact_id", 
   "item.i_manufact", 
   "item.i_size", 
   "item.i_formulation", 
   "item.i_color", 
   "item.i_units", 
   "item.i_container", 
   "item.i_manager_id", 
   "item.i_product_name"
  ], 
  "Index Name": "item_pkey", 
  "Plan Width": 412, 
  "Total Cost": 0.33
 }, 
 {
  "Startup Cost": 14.2, 
  "plan_id": 2053, 
  "Plans": [
   2054, 
   2058
  ], 
  "Plan Rows": 1, 
  "Node Type": "Nested Loop", 
  "Join Type": "Inner", 
  "filename": "plans/query86.json", 
  "Parallel Aware": false, 
  "Parent Relationship": "Outer", 
  "Output": [
   "item.i_category", 
   "item.i_class", 
   "web_sales.ws_net_paid"
  ], 
  "Plan Width": 422, 
  "Total Cost": 27.98
 }, 
 {
  "Startup Cost": 27.99, 
  "plan_id": 2052, 
  "Plans": [
   2053
  ], 
  "Sort Key": [
   "item.i_category", 
   "item.i_class"
  ], 
  "Plan Rows": 1, 
  "Node Type": "Sort", 
  "filename": "plans/query86.json", 
  "Parallel Aware": false, 
  "Parent Relationship": "Outer", 
  "Output": [
   "item.i_category", 
   "item.i_class", 
   "web_sales.ws_net_paid"
  ], 
  "Plan Width": 422, 
  "Total Cost": 28.0
 }, 
 {
  "Partial Mode": "Simple", 
  "Startup Cost": 27.99, 
  "filename": "plans/query86.json", 
  "plan_id": 2051, 
  "Plans": [
   2052
  ], 
  "Grouping Sets": [
   {
    "Group Keys": [
     [
      "item.i_category", 
      "item.i_class"
     ], 
     [
      "item.i_category"
     ], 
     []
    ]
   }
  ], 
  "Node Type": "Aggregate", 
  "Strategy": "Sorted", 
  "Plan Rows": 3, 
  "Parallel Aware": false, 
  "Parent Relationship": "Outer", 
  "Output": [
   "sum(web_sales.ws_net_paid)", 
   "item.i_category", 
   "item.i_class", 
   "(GROUPING(item.i_category) + GROUPING(item.i_class))", 
   "CASE WHEN (GROUPING(item.i_class) = 0) THEN item.i_category ELSE NULL::bpchar END", 
   "GROUPING(item.i_category)", 
   "GROUPING(item.i_class)"
  ], 
  "Plan Width": 484, 
  "Total Cost": 28.06
 }, 
 {
  "Startup Cost": 28.08, 
  "plan_id": 2050, 
  "Plans": [
   2051
  ], 
  "Sort Key": [
   "((GROUPING(item.i_category) + GROUPING(item.i_class)))", 
   "(CASE WHEN (GROUPING(item.i_class) = 0) THEN item.i_category ELSE NULL::bpchar END)", 
   "(sum(web_sales.ws_net_paid)) DESC"
  ], 
  "Plan Rows": 3, 
  "Node Type": "Sort", 
  "filename": "plans/query86.json", 
  "Parallel Aware": false, 
  "Parent Relationship": "Outer", 
  "Output": [
   "(sum(web_sales.ws_net_paid))", 
   "item.i_category", 
   "item.i_class", 
   "((GROUPING(item.i_category) + GROUPING(item.i_class)))", 
   "(CASE WHEN (GROUPING(item.i_class) = 0) THEN item.i_category ELSE NULL::bpchar END)", 
   "(GROUPING(item.i_category))", 
   "(GROUPING(item.i_class))"
  ], 
  "Plan Width": 484, 
  "Total Cost": 28.09
 }, 
 {
  "Startup Cost": 28.08, 
  "plan_id": 2049, 
  "Plans": [
   2050
  ], 
  "Plan Rows": 3, 
  "Node Type": "WindowAgg", 
  "filename": "plans/query86.json", 
  "Parallel Aware": false, 
  "Parent Relationship": "Outer", 
  "Output": [
   "(sum(web_sales.ws_net_paid))", 
   "item.i_category", 
   "item.i_class", 
   "((GROUPING(item.i_category) + GROUPING(item.i_class)))", 
   "rank() OVER (?)", 
   "CASE WHEN (((GROUPING(item.i_category) + GROUPING(item.i_class))) = 0) THEN item.i_category ELSE NULL::bpchar END", 
   "(CASE WHEN (GROUPING(item.i_class) = 0) THEN item.i_category ELSE NULL::bpchar END)"
  ], 
  "Plan Width": 516, 
  "Total Cost": 28.18
 }, 
 {
  "Startup Cost": 28.2, 
  "plan_id": 2048, 
  "Plans": [
   2049
  ], 
  "Sort Key": [
   "((GROUPING(item.i_category) + GROUPING(item.i_class))) DESC", 
   "(CASE WHEN (((GROUPING(item.i_category) + GROUPING(item.i_class))) = 0) THEN item.i_category ELSE NULL::bpchar END)", 
   "(rank() OVER (?))"
  ], 
  "Plan Rows": 3, 
  "Node Type": "Sort", 
  "filename": "plans/query86.json", 
  "Parallel Aware": false, 
  "Parent Relationship": "Outer", 
  "Output": [
   "(sum(web_sales.ws_net_paid))", 
   "item.i_category", 
   "item.i_class", 
   "((GROUPING(item.i_category) + GROUPING(item.i_class)))", 
   "(rank() OVER (?))", 
   "(CASE WHEN (((GROUPING(item.i_category) + GROUPING(item.i_class))) = 0) THEN item.i_category ELSE NULL::bpchar END)", 
   "(CASE WHEN (GROUPING(item.i_class) = 0) THEN item.i_category ELSE NULL::bpchar END)"
  ], 
  "Plan Width": 516, 
  "Total Cost": 28.21
 }, 
 {
  "Startup Cost": 28.2, 
  "plan_id": 2047, 
  "Plans": [
   2048
  ], 
  "Plan Rows": 3, 
  "Node Type": "Limit", 
  "filename": "plans/query86.json", 
  "Parallel Aware": false, 
  "Output": [
   "(sum(web_sales.ws_net_paid))", 
   "item.i_category", 
   "item.i_class", 
   "((GROUPING(item.i_category) + GROUPING(item.i_class)))", 
   "(rank() OVER (?))", 
   "(CASE WHEN (((GROUPING(item.i_category) + GROUPING(item.i_class))) = 0) THEN item.i_category ELSE NULL::bpchar END)", 
   "(CASE WHEN (GROUPING(item.i_class) = 0) THEN item.i_category ELSE NULL::bpchar END)"
  ], 
  "Plan Width": 516, 
  "Total Cost": 28.21
 }, 
 {
  "Relation Name": "date_dim", 
  "Startup Cost": 0.0, 
  "plan_id": 2073, 
  "Node Type": "Seq Scan", 
  "Plan Rows": 1, 
  "Filter": "((date_dim.d_month_seq >= 1176) AND (date_dim.d_month_seq <= 1187))", 
  "Alias": "date_dim", 
  "filename": "plans/query87.json", 
  "Schema": "pg_temp_2", 
  "Parallel Aware": false, 
  "Parent Relationship": "Outer", 
  "Output": [
   "date_dim.d_date", 
   "date_dim.d_date_sk"
  ], 
  "Plan Width": 8, 
  "Total Cost": 14.05
 }, 
 {
  "Startup Cost": 0.0, 
  "plan_id": 2071, 
  "Node Type": "Seq Scan", 
  "Plan Rows": 340, 
  "Relation Name": "store_sales", 
  "Alias": "store_sales", 
  "filename": "plans/query87.json", 
  "Schema": "pg_temp_2", 
  "Parallel Aware": false, 
  "Parent Relationship": "Outer", 
  "Output": [
   "store_sales.ss_sold_date_sk", 
   "store_sales.ss_sold_time_sk", 
   "store_sales.ss_item_sk", 
   "store_sales.ss_customer_sk", 
   "store_sales.ss_cdemo_sk", 
   "store_sales.ss_hdemo_sk", 
   "store_sales.ss_addr_sk", 
   "store_sales.ss_store_sk", 
   "store_sales.ss_promo_sk", 
   "store_sales.ss_ticket_number", 
   "store_sales.ss_quantity", 
   "store_sales.ss_wholesale_cost", 
   "store_sales.ss_list_price", 
   "store_sales.ss_sales_price", 
   "store_sales.ss_ext_discount_amt", 
   "store_sales.ss_ext_sales_price", 
   "store_sales.ss_ext_wholesale_cost", 
   "store_sales.ss_ext_list_price", 
   "store_sales.ss_ext_tax", 
   "store_sales.ss_coupon_amt", 
   "store_sales.ss_net_paid", 
   "store_sales.ss_net_paid_inc_tax", 
   "store_sales.ss_net_profit"
  ], 
  "Plan Width": 8, 
  "Total Cost": 13.4
 }, 
 {
  "Startup Cost": 14.05, 
  "plan_id": 2072, 
  "Plans": [
   2073
  ], 
  "Plan Rows": 1, 
  "Node Type": "Hash", 
  "filename": "plans/query87.json", 
  "Parallel Aware": false, 
  "Parent Relationship": "Inner", 
  "Output": [
   "date_dim.d_date", 
   "date_dim.d_date_sk"
  ], 
  "Plan Width": 8, 
  "Total Cost": 14.05
 }, 
 {
  "Startup Cost": 14.06, 
  "Plan Width": 8, 
  "plan_id": 2070, 
  "Plans": [
   2071, 
   2072
  ], 
  "Plan Rows": 1, 
  "Node Type": "Hash Join", 
  "Join Type": "Inner", 
  "filename": "plans/query87.json", 
  "Parallel Aware": false, 
  "Output": [
   "store_sales.ss_customer_sk", 
   "date_dim.d_date"
  ], 
  "Hash Cond": "(store_sales.ss_sold_date_sk = date_dim.d_date_sk)", 
  "Parent Relationship": "Outer", 
  "Total Cost": 28.75
 }, 
 {
  "Startup Cost": 0.14, 
  "filename": "plans/query87.json", 
  "plan_id": 2074, 
  "Scan Direction": "Forward", 
  "Index Cond": "(customer.c_customer_sk = store_sales.ss_customer_sk)", 
  "Node Type": "Index Scan", 
  "Relation Name": "customer", 
  "Alias": "customer", 
  "Plan Rows": 1, 
  "Schema": "pg_temp_2", 
  "Parallel Aware": false, 
  "Parent Relationship": "Inner", 
  "Output": [
   "customer.c_customer_sk", 
   "customer.c_customer_id", 
   "customer.c_current_cdemo_sk", 
   "customer.c_current_hdemo_sk", 
   "customer.c_current_addr_sk", 
   "customer.c_first_shipto_date_sk", 
   "customer.c_first_sales_date_sk", 
   "customer.c_salutation", 
   "customer.c_first_name", 
   "customer.c_last_name", 
   "customer.c_preferred_cust_flag", 
   "customer.c_birth_day", 
   "customer.c_birth_month", 
   "customer.c_birth_year", 
   "customer.c_birth_country", 
   "customer.c_login", 
   "customer.c_email_address", 
   "customer.c_last_review_date"
  ], 
  "Index Name": "customer_pkey", 
  "Plan Width": 212, 
  "Total Cost": 0.29
 }, 
 {
  "Startup Cost": 14.21, 
  "plan_id": 2069, 
  "Plans": [
   2070, 
   2074
  ], 
  "Plan Rows": 1, 
  "Node Type": "Nested Loop", 
  "Join Type": "Inner", 
  "filename": "plans/query87.json", 
  "Parallel Aware": false, 
  "Parent Relationship": "Outer", 
  "Output": [
   "customer.c_last_name", 
   "customer.c_first_name", 
   "date_dim.d_date"
  ], 
  "Plan Width": 212, 
  "Total Cost": 29.05
 }, 
 {
  "Startup Cost": 29.06, 
  "plan_id": 2068, 
  "Plans": [
   2069
  ], 
  "Sort Key": [
   "customer.c_last_name", 
   "customer.c_first_name", 
   "date_dim.d_date"
  ], 
  "Plan Rows": 1, 
  "Node Type": "Sort", 
  "filename": "plans/query87.json", 
  "Parallel Aware": false, 
  "Parent Relationship": "Outer", 
  "Output": [
   "customer.c_last_name", 
   "customer.c_first_name", 
   "date_dim.d_date"
  ], 
  "Plan Width": 212, 
  "Total Cost": 29.06
 }, 
 {
  "Startup Cost": 29.06, 
  "plan_id": 2067, 
  "Plans": [
   2068
  ], 
  "Plan Rows": 1, 
  "Node Type": "Unique", 
  "filename": "plans/query87.json", 
  "Parallel Aware": false, 
  "Parent Relationship": "Subquery", 
  "Output": [
   "customer.c_last_name", 
   "customer.c_first_name", 
   "date_dim.d_date"
  ], 
  "Plan Width": 212, 
  "Total Cost": 29.07
 }, 
 {
  "Relation Name": "date_dim", 
  "Startup Cost": 0.0, 
  "plan_id": 2082, 
  "Node Type": "Seq Scan", 
  "Plan Rows": 1, 
  "Filter": "((date_dim_1.d_month_seq >= 1176) AND (date_dim_1.d_month_seq <= 1187))", 
  "Alias": "date_dim_1", 
  "filename": "plans/query87.json", 
  "Schema": "pg_temp_2", 
  "Parallel Aware": false, 
  "Parent Relationship": "Outer", 
  "Output": [
   "date_dim_1.d_date", 
   "date_dim_1.d_date_sk"
  ], 
  "Plan Width": 8, 
  "Total Cost": 14.05
 }, 
 {
  "Startup Cost": 0.0, 
  "plan_id": 2080, 
  "Node Type": "Seq Scan", 
  "Plan Rows": 260, 
  "Relation Name": "catalog_sales", 
  "Alias": "catalog_sales", 
  "filename": "plans/query87.json", 
  "Schema": "pg_temp_2", 
  "Parallel Aware": false, 
  "Parent Relationship": "Outer", 
  "Output": [
   "catalog_sales.cs_sold_date_sk", 
   "catalog_sales.cs_sold_time_sk", 
   "catalog_sales.cs_ship_date_sk", 
   "catalog_sales.cs_bill_customer_sk", 
   "catalog_sales.cs_bill_cdemo_sk", 
   "catalog_sales.cs_bill_hdemo_sk", 
   "catalog_sales.cs_bill_addr_sk", 
   "catalog_sales.cs_ship_customer_sk", 
   "catalog_sales.cs_ship_cdemo_sk", 
   "catalog_sales.cs_ship_hdemo_sk", 
   "catalog_sales.cs_ship_addr_sk", 
   "catalog_sales.cs_call_center_sk", 
   "catalog_sales.cs_catalog_page_sk", 
   "catalog_sales.cs_ship_mode_sk", 
   "catalog_sales.cs_warehouse_sk", 
   "catalog_sales.cs_item_sk", 
   "catalog_sales.cs_promo_sk", 
   "catalog_sales.cs_order_number", 
   "catalog_sales.cs_quantity", 
   "catalog_sales.cs_wholesale_cost", 
   "catalog_sales.cs_list_price", 
   "catalog_sales.cs_sales_price", 
   "catalog_sales.cs_ext_discount_amt", 
   "catalog_sales.cs_ext_sales_price", 
   "catalog_sales.cs_ext_wholesale_cost", 
   "catalog_sales.cs_ext_list_price", 
   "catalog_sales.cs_ext_tax", 
   "catalog_sales.cs_coupon_amt", 
   "catalog_sales.cs_ext_ship_cost", 
   "catalog_sales.cs_net_paid", 
   "catalog_sales.cs_net_paid_inc_tax", 
   "catalog_sales.cs_net_paid_inc_ship", 
   "catalog_sales.cs_net_paid_inc_ship_tax", 
   "catalog_sales.cs_net_profit"
  ], 
  "Plan Width": 8, 
  "Total Cost": 12.6
 }, 
 {
  "Startup Cost": 14.05, 
  "plan_id": 2081, 
  "Plans": [
   2082
  ], 
  "Plan Rows": 1, 
  "Node Type": "Hash", 
  "filename": "plans/query87.json", 
  "Parallel Aware": false, 
  "Parent Relationship": "Inner", 
  "Output": [
   "date_dim_1.d_date", 
   "date_dim_1.d_date_sk"
  ], 
  "Plan Width": 8, 
  "Total Cost": 14.05
 }, 
 {
  "Startup Cost": 14.06, 
  "Plan Width": 8, 
  "plan_id": 2079, 
  "Plans": [
   2080, 
   2081
  ], 
  "Plan Rows": 1, 
  "Node Type": "Hash Join", 
  "Join Type": "Inner", 
  "filename": "plans/query87.json", 
  "Parallel Aware": false, 
  "Output": [
   "catalog_sales.cs_bill_customer_sk", 
   "date_dim_1.d_date"
  ], 
  "Hash Cond": "(catalog_sales.cs_sold_date_sk = date_dim_1.d_date_sk)", 
  "Parent Relationship": "Outer", 
  "Total Cost": 27.65
 }, 
 {
  "Startup Cost": 0.14, 
  "filename": "plans/query87.json", 
  "plan_id": 2083, 
  "Scan Direction": "Forward", 
  "Index Cond": "(customer_1.c_customer_sk = catalog_sales.cs_bill_customer_sk)", 
  "Node Type": "Index Scan", 
  "Relation Name": "customer", 
  "Alias": "customer_1", 
  "Plan Rows": 1, 
  "Schema": "pg_temp_2", 
  "Parallel Aware": false, 
  "Parent Relationship": "Inner", 
  "Output": [
   "customer_1.c_customer_sk", 
   "customer_1.c_customer_id", 
   "customer_1.c_current_cdemo_sk", 
   "customer_1.c_current_hdemo_sk", 
   "customer_1.c_current_addr_sk", 
   "customer_1.c_first_shipto_date_sk", 
   "customer_1.c_first_sales_date_sk", 
   "customer_1.c_salutation", 
   "customer_1.c_first_name", 
   "customer_1.c_last_name", 
   "customer_1.c_preferred_cust_flag", 
   "customer_1.c_birth_day", 
   "customer_1.c_birth_month", 
   "customer_1.c_birth_year", 
   "customer_1.c_birth_country", 
   "customer_1.c_login", 
   "customer_1.c_email_address", 
   "customer_1.c_last_review_date"
  ], 
  "Index Name": "customer_pkey", 
  "Plan Width": 212, 
  "Total Cost": 0.33
 }, 
 {
  "Startup Cost": 14.21, 
  "plan_id": 2078, 
  "Plans": [
   2079, 
   2083
  ], 
  "Plan Rows": 1, 
  "Node Type": "Nested Loop", 
  "Join Type": "Inner", 
  "filename": "plans/query87.json", 
  "Parallel Aware": false, 
  "Parent Relationship": "Outer", 
  "Output": [
   "customer_1.c_last_name", 
   "customer_1.c_first_name", 
   "date_dim_1.d_date"
  ], 
  "Plan Width": 212, 
  "Total Cost": 27.99
 }, 
 {
  "Startup Cost": 28.0, 
  "plan_id": 2077, 
  "Plans": [
   2078
  ], 
  "Sort Key": [
   "customer_1.c_last_name", 
   "customer_1.c_first_name", 
   "date_dim_1.d_date"
  ], 
  "Plan Rows": 1, 
  "Node Type": "Sort", 
  "filename": "plans/query87.json", 
  "Parallel Aware": false, 
  "Parent Relationship": "Outer", 
  "Output": [
   "customer_1.c_last_name", 
   "customer_1.c_first_name", 
   "date_dim_1.d_date"
  ], 
  "Plan Width": 212, 
  "Total Cost": 28.0
 }, 
 {
  "Startup Cost": 28.0, 
  "plan_id": 2076, 
  "Plans": [
   2077
  ], 
  "Plan Rows": 1, 
  "Node Type": "Unique", 
  "filename": "plans/query87.json", 
  "Parallel Aware": false, 
  "Parent Relationship": "Subquery", 
  "Output": [
   "customer_1.c_last_name", 
   "customer_1.c_first_name", 
   "date_dim_1.d_date"
  ], 
  "Plan Width": 212, 
  "Total Cost": 28.01
 }, 
 {
  "Startup Cost": 29.06, 
  "plan_id": 2066, 
  "Plans": [
   2067
  ], 
  "Plan Rows": 1, 
  "Node Type": "Subquery Scan", 
  "Alias": "*SELECT* 1", 
  "filename": "plans/query87.json", 
  "Parallel Aware": false, 
  "Parent Relationship": "Member", 
  "Output": [
   "\"*SELECT* 1\".c_last_name", 
   "\"*SELECT* 1\".c_first_name", 
   "\"*SELECT* 1\".d_date", 
   "0"
  ], 
  "Plan Width": 216, 
  "Total Cost": 29.08
 }, 
 {
  "Startup Cost": 28.0, 
  "plan_id": 2075, 
  "Plans": [
   2076
  ], 
  "Plan Rows": 1, 
  "Node Type": "Subquery Scan", 
  "Alias": "*SELECT* 2", 
  "filename": "plans/query87.json", 
  "Parallel Aware": false, 
  "Parent Relationship": "Member", 
  "Output": [
   "\"*SELECT* 2\".c_last_name", 
   "\"*SELECT* 2\".c_first_name", 
   "\"*SELECT* 2\".d_date", 
   "1"
  ], 
  "Plan Width": 216, 
  "Total Cost": 28.02
 }, 
 {
  "Startup Cost": 29.06, 
  "plan_id": 2065, 
  "Plans": [
   2066, 
   2075
  ], 
  "Plan Rows": 2, 
  "Node Type": "Append", 
  "filename": "plans/query87.json", 
  "Parallel Aware": false, 
  "Parent Relationship": "Outer", 
  "Plan Width": 216, 
  "Total Cost": 57.1
 }, 
 {
  "Node Type": "SetOp", 
  "Startup Cost": 29.06, 
  "plan_id": 2064, 
  "Plans": [
   2065
  ], 
  "Plan Rows": 1, 
  "Strategy": "Hashed", 
  "filename": "plans/query87.json", 
  "Command": "Except", 
  "Parallel Aware": false, 
  "Parent Relationship": "Outer", 
  "Output": [
   "\"*SELECT* 1\".c_last_name", 
   "\"*SELECT* 1\".c_first_name", 
   "\"*SELECT* 1\".d_date", 
   "(0)"
  ], 
  "Plan Width": 216, 
  "Total Cost": 57.11
 }, 
 {
  "Relation Name": "date_dim", 
  "Startup Cost": 0.0, 
  "plan_id": 2091, 
  "Node Type": "Seq Scan", 
  "Plan Rows": 1, 
  "Filter": "((date_dim_2.d_month_seq >= 1176) AND (date_dim_2.d_month_seq <= 1187))", 
  "Alias": "date_dim_2", 
  "filename": "plans/query87.json", 
  "Schema": "pg_temp_2", 
  "Parallel Aware": false, 
  "Parent Relationship": "Outer", 
  "Output": [
   "date_dim_2.d_date", 
   "date_dim_2.d_date_sk"
  ], 
  "Plan Width": 8, 
  "Total Cost": 14.05
 }, 
 {
  "Startup Cost": 0.0, 
  "plan_id": 2089, 
  "Node Type": "Seq Scan", 
  "Plan Rows": 260, 
  "Relation Name": "web_sales", 
  "Alias": "web_sales", 
  "filename": "plans/query87.json", 
  "Schema": "pg_temp_2", 
  "Parallel Aware": false, 
  "Parent Relationship": "Outer", 
  "Output": [
   "web_sales.ws_sold_date_sk", 
   "web_sales.ws_sold_time_sk", 
   "web_sales.ws_ship_date_sk", 
   "web_sales.ws_item_sk", 
   "web_sales.ws_bill_customer_sk", 
   "web_sales.ws_bill_cdemo_sk", 
   "web_sales.ws_bill_hdemo_sk", 
   "web_sales.ws_bill_addr_sk", 
   "web_sales.ws_ship_customer_sk", 
   "web_sales.ws_ship_cdemo_sk", 
   "web_sales.ws_ship_hdemo_sk", 
   "web_sales.ws_ship_addr_sk", 
   "web_sales.ws_web_page_sk", 
   "web_sales.ws_web_site_sk", 
   "web_sales.ws_ship_mode_sk", 
   "web_sales.ws_warehouse_sk", 
   "web_sales.ws_promo_sk", 
   "web_sales.ws_order_number", 
   "web_sales.ws_quantity", 
   "web_sales.ws_wholesale_cost", 
   "web_sales.ws_list_price", 
   "web_sales.ws_sales_price", 
   "web_sales.ws_ext_discount_amt", 
   "web_sales.ws_ext_sales_price", 
   "web_sales.ws_ext_wholesale_cost", 
   "web_sales.ws_ext_list_price", 
   "web_sales.ws_ext_tax", 
   "web_sales.ws_coupon_amt", 
   "web_sales.ws_ext_ship_cost", 
   "web_sales.ws_net_paid", 
   "web_sales.ws_net_paid_inc_tax", 
   "web_sales.ws_net_paid_inc_ship", 
   "web_sales.ws_net_paid_inc_ship_tax", 
   "web_sales.ws_net_profit"
  ], 
  "Plan Width": 8, 
  "Total Cost": 12.6
 }, 
 {
  "Startup Cost": 14.05, 
  "plan_id": 2090, 
  "Plans": [
   2091
  ], 
  "Plan Rows": 1, 
  "Node Type": "Hash", 
  "filename": "plans/query87.json", 
  "Parallel Aware": false, 
  "Parent Relationship": "Inner", 
  "Output": [
   "date_dim_2.d_date", 
   "date_dim_2.d_date_sk"
  ], 
  "Plan Width": 8, 
  "Total Cost": 14.05
 }, 
 {
  "Startup Cost": 14.06, 
  "Plan Width": 8, 
  "plan_id": 2088, 
  "Plans": [
   2089, 
   2090
  ], 
  "Plan Rows": 1, 
  "Node Type": "Hash Join", 
  "Join Type": "Inner", 
  "filename": "plans/query87.json", 
  "Parallel Aware": false, 
  "Output": [
   "web_sales.ws_bill_customer_sk", 
   "date_dim_2.d_date"
  ], 
  "Hash Cond": "(web_sales.ws_sold_date_sk = date_dim_2.d_date_sk)", 
  "Parent Relationship": "Outer", 
  "Total Cost": 27.65
 }, 
 {
  "Startup Cost": 0.14, 
  "filename": "plans/query87.json", 
  "plan_id": 2092, 
  "Scan Direction": "Forward", 
  "Index Cond": "(customer_2.c_customer_sk = web_sales.ws_bill_customer_sk)", 
  "Node Type": "Index Scan", 
  "Relation Name": "customer", 
  "Alias": "customer_2", 
  "Plan Rows": 1, 
  "Schema": "pg_temp_2", 
  "Parallel Aware": false, 
  "Parent Relationship": "Inner", 
  "Output": [
   "customer_2.c_customer_sk", 
   "customer_2.c_customer_id", 
   "customer_2.c_current_cdemo_sk", 
   "customer_2.c_current_hdemo_sk", 
   "customer_2.c_current_addr_sk", 
   "customer_2.c_first_shipto_date_sk", 
   "customer_2.c_first_sales_date_sk", 
   "customer_2.c_salutation", 
   "customer_2.c_first_name", 
   "customer_2.c_last_name", 
   "customer_2.c_preferred_cust_flag", 
   "customer_2.c_birth_day", 
   "customer_2.c_birth_month", 
   "customer_2.c_birth_year", 
   "customer_2.c_birth_country", 
   "customer_2.c_login", 
   "customer_2.c_email_address", 
   "customer_2.c_last_review_date"
  ], 
  "Index Name": "customer_pkey", 
  "Plan Width": 212, 
  "Total Cost": 0.33
 }, 
 {
  "Startup Cost": 14.21, 
  "plan_id": 2087, 
  "Plans": [
   2088, 
   2092
  ], 
  "Plan Rows": 1, 
  "Node Type": "Nested Loop", 
  "Join Type": "Inner", 
  "filename": "plans/query87.json", 
  "Parallel Aware": false, 
  "Parent Relationship": "Outer", 
  "Output": [
   "customer_2.c_last_name", 
   "customer_2.c_first_name", 
   "date_dim_2.d_date"
  ], 
  "Plan Width": 212, 
  "Total Cost": 27.99
 }, 
 {
  "Startup Cost": 28.0, 
  "plan_id": 2086, 
  "Plans": [
   2087
  ], 
  "Sort Key": [
   "customer_2.c_last_name", 
   "customer_2.c_first_name", 
   "date_dim_2.d_date"
  ], 
  "Plan Rows": 1, 
  "Node Type": "Sort", 
  "filename": "plans/query87.json", 
  "Parallel Aware": false, 
  "Parent Relationship": "Outer", 
  "Output": [
   "customer_2.c_last_name", 
   "customer_2.c_first_name", 
   "date_dim_2.d_date"
  ], 
  "Plan Width": 212, 
  "Total Cost": 28.0
 }, 
 {
  "Startup Cost": 28.0, 
  "plan_id": 2085, 
  "Plans": [
   2086
  ], 
  "Plan Rows": 1, 
  "Node Type": "Unique", 
  "filename": "plans/query87.json", 
  "Parallel Aware": false, 
  "Parent Relationship": "Subquery", 
  "Output": [
   "customer_2.c_last_name", 
   "customer_2.c_first_name", 
   "date_dim_2.d_date"
  ], 
  "Plan Width": 212, 
  "Total Cost": 28.01
 }, 
 {
  "Startup Cost": 29.06, 
  "plan_id": 2063, 
  "Plans": [
   2064
  ], 
  "Plan Rows": 1, 
  "Node Type": "Result", 
  "filename": "plans/query87.json", 
  "Parallel Aware": false, 
  "Parent Relationship": "Member", 
  "Output": [
   "\"*SELECT* 1\".c_last_name", 
   "\"*SELECT* 1\".c_first_name", 
   "\"*SELECT* 1\".d_date", 
   "0"
  ], 
  "Plan Width": 216, 
  "Total Cost": 57.12
 }, 
 {
  "Startup Cost": 28.0, 
  "plan_id": 2084, 
  "Plans": [
   2085
  ], 
  "Plan Rows": 1, 
  "Node Type": "Subquery Scan", 
  "Alias": "*SELECT* 3", 
  "filename": "plans/query87.json", 
  "Parallel Aware": false, 
  "Parent Relationship": "Member", 
  "Output": [
   "\"*SELECT* 3\".c_last_name", 
   "\"*SELECT* 3\".c_first_name", 
   "\"*SELECT* 3\".d_date", 
   "1"
  ], 
  "Plan Width": 216, 
  "Total Cost": 28.02
 }, 
 {
  "Startup Cost": 29.06, 
  "plan_id": 2062, 
  "Plans": [
   2063, 
   2084
  ], 
  "Plan Rows": 2, 
  "Node Type": "Append", 
  "filename": "plans/query87.json", 
  "Parallel Aware": false, 
  "Parent Relationship": "Outer", 
  "Plan Width": 216, 
  "Total Cost": 85.14
 }, 
 {
  "Node Type": "SetOp", 
  "Startup Cost": 29.06, 
  "plan_id": 2061, 
  "Plans": [
   2062
  ], 
  "Plan Rows": 1, 
  "Strategy": "Hashed", 
  "filename": "plans/query87.json", 
  "Command": "Except", 
  "Parallel Aware": false, 
  "Parent Relationship": "Subquery", 
  "Output": [
   "\"*SELECT* 1\".c_last_name", 
   "\"*SELECT* 1\".c_first_name", 
   "\"*SELECT* 1\".d_date", 
   "(0)"
  ], 
  "Plan Width": 216, 
  "Total Cost": 85.16
 }, 
 {
  "Startup Cost": 29.06, 
  "plan_id": 2060, 
  "Plans": [
   2061
  ], 
  "Plan Rows": 1, 
  "Node Type": "Subquery Scan", 
  "Alias": "cool_cust", 
  "filename": "plans/query87.json", 
  "Parallel Aware": false, 
  "Parent Relationship": "Outer", 
  "Output": [
   "cool_cust.c_last_name", 
   "cool_cust.c_first_name", 
   "cool_cust.d_date"
  ], 
  "Plan Width": 0, 
  "Total Cost": 85.17
 }, 
 {
  "Partial Mode": "Simple", 
  "Startup Cost": 85.17, 
  "plan_id": 2059, 
  "Plans": [
   2060
  ], 
  "Plan Rows": 1, 
  "Strategy": "Plain", 
  "filename": "plans/query87.json", 
  "Parallel Aware": false, 
  "Output": [
   "count(*)"
  ], 
  "Plan Width": 8, 
  "Node Type": "Aggregate", 
  "Total Cost": 85.18
 }, 
 {
  "Relation Name": "store", 
  "Startup Cost": 0.0, 
  "plan_id": 2106, 
  "Node Type": "Seq Scan", 
  "Plan Rows": 1, 
  "Filter": "((store.s_store_name)::text = 'ese'::text)", 
  "Alias": "store", 
  "filename": "plans/query88.json", 
  "Schema": "pg_temp_2", 
  "Parallel Aware": false, 
  "Parent Relationship": "Outer", 
  "Output": [
   "store.s_store_sk"
  ], 
  "Plan Width": 4, 
  "Total Cost": 10.5
 }, 
 {
  "Startup Cost": 0.0, 
  "plan_id": 2104, 
  "Node Type": "Seq Scan", 
  "Plan Rows": 340, 
  "Relation Name": "store_sales", 
  "Alias": "store_sales", 
  "filename": "plans/query88.json", 
  "Schema": "pg_temp_2", 
  "Parallel Aware": false, 
  "Parent Relationship": "Outer", 
  "Output": [
   "store_sales.ss_sold_date_sk", 
   "store_sales.ss_sold_time_sk", 
   "store_sales.ss_item_sk", 
   "store_sales.ss_customer_sk", 
   "store_sales.ss_cdemo_sk", 
   "store_sales.ss_hdemo_sk", 
   "store_sales.ss_addr_sk", 
   "store_sales.ss_store_sk", 
   "store_sales.ss_promo_sk", 
   "store_sales.ss_ticket_number", 
   "store_sales.ss_quantity", 
   "store_sales.ss_wholesale_cost", 
   "store_sales.ss_list_price", 
   "store_sales.ss_sales_price", 
   "store_sales.ss_ext_discount_amt", 
   "store_sales.ss_ext_sales_price", 
   "store_sales.ss_ext_wholesale_cost", 
   "store_sales.ss_ext_list_price", 
   "store_sales.ss_ext_tax", 
   "store_sales.ss_coupon_amt", 
   "store_sales.ss_net_paid", 
   "store_sales.ss_net_paid_inc_tax", 
   "store_sales.ss_net_profit"
  ], 
  "Plan Width": 12, 
  "Total Cost": 13.4
 }, 
 {
  "Startup Cost": 10.5, 
  "plan_id": 2105, 
  "Plans": [
   2106
  ], 
  "Plan Rows": 1, 
  "Node Type": "Hash", 
  "filename": "plans/query88.json", 
  "Parallel Aware": false, 
  "Parent Relationship": "Inner", 
  "Output": [
   "store.s_store_sk"
  ], 
  "Plan Width": 4, 
  "Total Cost": 10.5
 }, 
 {
  "Startup Cost": 10.51, 
  "Plan Width": 8, 
  "plan_id": 2103, 
  "Plans": [
   2104, 
   2105
  ], 
  "Plan Rows": 2, 
  "Node Type": "Hash Join", 
  "Join Type": "Inner", 
  "filename": "plans/query88.json", 
  "Parallel Aware": false, 
  "Output": [
   "store_sales.ss_sold_time_sk", 
   "store_sales.ss_hdemo_sk"
  ], 
  "Hash Cond": "(store_sales.ss_store_sk = store.s_store_sk)", 
  "Parent Relationship": "Outer", 
  "Total Cost": 25.21
 }, 
 {
  "Filter": "((time_dim.t_minute >= 30) AND (time_dim.t_hour = 8))", 
  "Startup Cost": 0.14, 
  "filename": "plans/query88.json", 
  "plan_id": 2107, 
  "Scan Direction": "Forward", 
  "Index Cond": "(time_dim.t_time_sk = store_sales.ss_sold_time_sk)", 
  "Node Type": "Index Scan", 
  "Relation Name": "time_dim", 
  "Alias": "time_dim", 
  "Plan Rows": 1, 
  "Schema": "pg_temp_2", 
  "Parallel Aware": false, 
  "Parent Relationship": "Inner", 
  "Output": [
   "time_dim.t_time_sk", 
   "time_dim.t_time_id", 
   "time_dim.t_time", 
   "time_dim.t_hour", 
   "time_dim.t_minute", 
   "time_dim.t_second", 
   "time_dim.t_am_pm", 
   "time_dim.t_shift", 
   "time_dim.t_sub_shift", 
   "time_dim.t_meal_time"
  ], 
  "Index Name": "time_dim_pkey", 
  "Plan Width": 4, 
  "Total Cost": 0.3
 }, 
 {
  "Startup Cost": 10.66, 
  "plan_id": 2102, 
  "Plans": [
   2103, 
   2107
  ], 
  "Plan Rows": 1, 
  "Node Type": "Nested Loop", 
  "Join Type": "Inner", 
  "filename": "plans/query88.json", 
  "Parallel Aware": false, 
  "Parent Relationship": "Outer", 
  "Output": [
   "store_sales.ss_hdemo_sk"
  ], 
  "Plan Width": 4, 
  "Total Cost": 25.82
 }, 
 {
  "Filter": "(((household_demographics.hd_dep_count = 1) AND (household_demographics.hd_vehicle_count <= 3)) OR ((household_demographics.hd_dep_count = 0) AND (household_demographics.hd_vehicle_count <= 2)) OR ((household_demographics.hd_dep_count = 3) AND (household_demographics.hd_vehicle_count <= 5)))", 
  "Startup Cost": 0.15, 
  "filename": "plans/query88.json", 
  "plan_id": 2108, 
  "Scan Direction": "Forward", 
  "Index Cond": "(household_demographics.hd_demo_sk = store_sales.ss_hdemo_sk)", 
  "Node Type": "Index Scan", 
  "Relation Name": "household_demographics", 
  "Alias": "household_demographics", 
  "Plan Rows": 1, 
  "Schema": "pg_temp_2", 
  "Parallel Aware": false, 
  "Parent Relationship": "Inner", 
  "Output": [
   "household_demographics.hd_demo_sk", 
   "household_demographics.hd_income_band_sk", 
   "household_demographics.hd_buy_potential", 
   "household_demographics.hd_dep_count", 
   "household_demographics.hd_vehicle_count"
  ], 
  "Index Name": "household_demographics_pkey", 
  "Plan Width": 4, 
  "Total Cost": 0.31
 }, 
 {
  "Startup Cost": 10.81, 
  "plan_id": 2101, 
  "Plans": [
   2102, 
   2108
  ], 
  "Plan Rows": 1, 
  "Node Type": "Nested Loop", 
  "Join Type": "Inner", 
  "filename": "plans/query88.json", 
  "Parallel Aware": false, 
  "Parent Relationship": "Outer", 
  "Plan Width": 0, 
  "Total Cost": 26.14
 }, 
 {
  "Relation Name": "store", 
  "Startup Cost": 0.0, 
  "plan_id": 2115, 
  "Node Type": "Seq Scan", 
  "Plan Rows": 1, 
  "Filter": "((store_1.s_store_name)::text = 'ese'::text)", 
  "Alias": "store_1", 
  "filename": "plans/query88.json", 
  "Schema": "pg_temp_2", 
  "Parallel Aware": false, 
  "Parent Relationship": "Outer", 
  "Output": [
   "store_1.s_store_sk"
  ], 
  "Plan Width": 4, 
  "Total Cost": 10.5
 }, 
 {
  "Startup Cost": 0.0, 
  "plan_id": 2113, 
  "Node Type": "Seq Scan", 
  "Plan Rows": 340, 
  "Relation Name": "store_sales", 
  "Alias": "store_sales_1", 
  "filename": "plans/query88.json", 
  "Schema": "pg_temp_2", 
  "Parallel Aware": false, 
  "Parent Relationship": "Outer", 
  "Output": [
   "store_sales_1.ss_sold_date_sk", 
   "store_sales_1.ss_sold_time_sk", 
   "store_sales_1.ss_item_sk", 
   "store_sales_1.ss_customer_sk", 
   "store_sales_1.ss_cdemo_sk", 
   "store_sales_1.ss_hdemo_sk", 
   "store_sales_1.ss_addr_sk", 
   "store_sales_1.ss_store_sk", 
   "store_sales_1.ss_promo_sk", 
   "store_sales_1.ss_ticket_number", 
   "store_sales_1.ss_quantity", 
   "store_sales_1.ss_wholesale_cost", 
   "store_sales_1.ss_list_price", 
   "store_sales_1.ss_sales_price", 
   "store_sales_1.ss_ext_discount_amt", 
   "store_sales_1.ss_ext_sales_price", 
   "store_sales_1.ss_ext_wholesale_cost", 
   "store_sales_1.ss_ext_list_price", 
   "store_sales_1.ss_ext_tax", 
   "store_sales_1.ss_coupon_amt", 
   "store_sales_1.ss_net_paid", 
   "store_sales_1.ss_net_paid_inc_tax", 
   "store_sales_1.ss_net_profit"
  ], 
  "Plan Width": 12, 
  "Total Cost": 13.4
 }, 
 {
  "Startup Cost": 10.5, 
  "plan_id": 2114, 
  "Plans": [
   2115
  ], 
  "Plan Rows": 1, 
  "Node Type": "Hash", 
  "filename": "plans/query88.json", 
  "Parallel Aware": false, 
  "Parent Relationship": "Inner", 
  "Output": [
   "store_1.s_store_sk"
  ], 
  "Plan Width": 4, 
  "Total Cost": 10.5
 }, 
 {
  "Startup Cost": 10.51, 
  "Plan Width": 8, 
  "plan_id": 2112, 
  "Plans": [
   2113, 
   2114
  ], 
  "Plan Rows": 2, 
  "Node Type": "Hash Join", 
  "Join Type": "Inner", 
  "filename": "plans/query88.json", 
  "Parallel Aware": false, 
  "Output": [
   "store_sales_1.ss_sold_time_sk", 
   "store_sales_1.ss_hdemo_sk"
  ], 
  "Hash Cond": "(store_sales_1.ss_store_sk = store_1.s_store_sk)", 
  "Parent Relationship": "Outer", 
  "Total Cost": 25.21
 }, 
 {
  "Filter": "((time_dim_1.t_minute < 30) AND (time_dim_1.t_hour = 9))", 
  "Startup Cost": 0.14, 
  "filename": "plans/query88.json", 
  "plan_id": 2116, 
  "Scan Direction": "Forward", 
  "Index Cond": "(time_dim_1.t_time_sk = store_sales_1.ss_sold_time_sk)", 
  "Node Type": "Index Scan", 
  "Relation Name": "time_dim", 
  "Alias": "time_dim_1", 
  "Plan Rows": 1, 
  "Schema": "pg_temp_2", 
  "Parallel Aware": false, 
  "Parent Relationship": "Inner", 
  "Output": [
   "time_dim_1.t_time_sk", 
   "time_dim_1.t_time_id", 
   "time_dim_1.t_time", 
   "time_dim_1.t_hour", 
   "time_dim_1.t_minute", 
   "time_dim_1.t_second", 
   "time_dim_1.t_am_pm", 
   "time_dim_1.t_shift", 
   "time_dim_1.t_sub_shift", 
   "time_dim_1.t_meal_time"
  ], 
  "Index Name": "time_dim_pkey", 
  "Plan Width": 4, 
  "Total Cost": 0.3
 }, 
 {
  "Startup Cost": 10.66, 
  "plan_id": 2111, 
  "Plans": [
   2112, 
   2116
  ], 
  "Plan Rows": 1, 
  "Node Type": "Nested Loop", 
  "Join Type": "Inner", 
  "filename": "plans/query88.json", 
  "Parallel Aware": false, 
  "Parent Relationship": "Outer", 
  "Output": [
   "store_sales_1.ss_hdemo_sk"
  ], 
  "Plan Width": 4, 
  "Total Cost": 25.82
 }, 
 {
  "Filter": "(((household_demographics_1.hd_dep_count = 1) AND (household_demographics_1.hd_vehicle_count <= 3)) OR ((household_demographics_1.hd_dep_count = 0) AND (household_demographics_1.hd_vehicle_count <= 2)) OR ((household_demographics_1.hd_dep_count = 3) AND (household_demographics_1.hd_vehicle_count <= 5)))", 
  "Startup Cost": 0.15, 
  "filename": "plans/query88.json", 
  "plan_id": 2117, 
  "Scan Direction": "Forward", 
  "Index Cond": "(household_demographics_1.hd_demo_sk = store_sales_1.ss_hdemo_sk)", 
  "Node Type": "Index Scan", 
  "Relation Name": "household_demographics", 
  "Alias": "household_demographics_1", 
  "Plan Rows": 1, 
  "Schema": "pg_temp_2", 
  "Parallel Aware": false, 
  "Parent Relationship": "Inner", 
  "Output": [
   "household_demographics_1.hd_demo_sk", 
   "household_demographics_1.hd_income_band_sk", 
   "household_demographics_1.hd_buy_potential", 
   "household_demographics_1.hd_dep_count", 
   "household_demographics_1.hd_vehicle_count"
  ], 
  "Index Name": "household_demographics_pkey", 
  "Plan Width": 4, 
  "Total Cost": 0.31
 }, 
 {
  "Startup Cost": 10.81, 
  "plan_id": 2110, 
  "Plans": [
   2111, 
   2117
  ], 
  "Plan Rows": 1, 
  "Node Type": "Nested Loop", 
  "Join Type": "Inner", 
  "filename": "plans/query88.json", 
  "Parallel Aware": false, 
  "Parent Relationship": "Outer", 
  "Plan Width": 0, 
  "Total Cost": 26.14
 }, 
 {
  "Partial Mode": "Simple", 
  "Startup Cost": 26.15, 
  "plan_id": 2100, 
  "Plans": [
   2101
  ], 
  "Plan Rows": 1, 
  "Strategy": "Plain", 
  "filename": "plans/query88.json", 
  "Parallel Aware": false, 
  "Parent Relationship": "Outer", 
  "Output": [
   "count(*)"
  ], 
  "Plan Width": 8, 
  "Node Type": "Aggregate", 
  "Total Cost": 26.16
 }, 
 {
  "Partial Mode": "Simple", 
  "Startup Cost": 26.15, 
  "plan_id": 2109, 
  "Plans": [
   2110
  ], 
  "Plan Rows": 1, 
  "Strategy": "Plain", 
  "filename": "plans/query88.json", 
  "Parallel Aware": false, 
  "Parent Relationship": "Inner", 
  "Output": [
   "count(*)"
  ], 
  "Plan Width": 8, 
  "Node Type": "Aggregate", 
  "Total Cost": 26.16
 }, 
 {
  "Relation Name": "store", 
  "Startup Cost": 0.0, 
  "plan_id": 2124, 
  "Node Type": "Seq Scan", 
  "Plan Rows": 1, 
  "Filter": "((store_2.s_store_name)::text = 'ese'::text)", 
  "Alias": "store_2", 
  "filename": "plans/query88.json", 
  "Schema": "pg_temp_2", 
  "Parallel Aware": false, 
  "Parent Relationship": "Outer", 
  "Output": [
   "store_2.s_store_sk"
  ], 
  "Plan Width": 4, 
  "Total Cost": 10.5
 }, 
 {
  "Startup Cost": 0.0, 
  "plan_id": 2122, 
  "Node Type": "Seq Scan", 
  "Plan Rows": 340, 
  "Relation Name": "store_sales", 
  "Alias": "store_sales_2", 
  "filename": "plans/query88.json", 
  "Schema": "pg_temp_2", 
  "Parallel Aware": false, 
  "Parent Relationship": "Outer", 
  "Output": [
   "store_sales_2.ss_sold_date_sk", 
   "store_sales_2.ss_sold_time_sk", 
   "store_sales_2.ss_item_sk", 
   "store_sales_2.ss_customer_sk", 
   "store_sales_2.ss_cdemo_sk", 
   "store_sales_2.ss_hdemo_sk", 
   "store_sales_2.ss_addr_sk", 
   "store_sales_2.ss_store_sk", 
   "store_sales_2.ss_promo_sk", 
   "store_sales_2.ss_ticket_number", 
   "store_sales_2.ss_quantity", 
   "store_sales_2.ss_wholesale_cost", 
   "store_sales_2.ss_list_price", 
   "store_sales_2.ss_sales_price", 
   "store_sales_2.ss_ext_discount_amt", 
   "store_sales_2.ss_ext_sales_price", 
   "store_sales_2.ss_ext_wholesale_cost", 
   "store_sales_2.ss_ext_list_price", 
   "store_sales_2.ss_ext_tax", 
   "store_sales_2.ss_coupon_amt", 
   "store_sales_2.ss_net_paid", 
   "store_sales_2.ss_net_paid_inc_tax", 
   "store_sales_2.ss_net_profit"
  ], 
  "Plan Width": 12, 
  "Total Cost": 13.4
 }, 
 {
  "Startup Cost": 10.5, 
  "plan_id": 2123, 
  "Plans": [
   2124
  ], 
  "Plan Rows": 1, 
  "Node Type": "Hash", 
  "filename": "plans/query88.json", 
  "Parallel Aware": false, 
  "Parent Relationship": "Inner", 
  "Output": [
   "store_2.s_store_sk"
  ], 
  "Plan Width": 4, 
  "Total Cost": 10.5
 }, 
 {
  "Startup Cost": 10.51, 
  "Plan Width": 8, 
  "plan_id": 2121, 
  "Plans": [
   2122, 
   2123
  ], 
  "Plan Rows": 2, 
  "Node Type": "Hash Join", 
  "Join Type": "Inner", 
  "filename": "plans/query88.json", 
  "Parallel Aware": false, 
  "Output": [
   "store_sales_2.ss_sold_time_sk", 
   "store_sales_2.ss_hdemo_sk"
  ], 
  "Hash Cond": "(store_sales_2.ss_store_sk = store_2.s_store_sk)", 
  "Parent Relationship": "Outer", 
  "Total Cost": 25.21
 }, 
 {
  "Filter": "((time_dim_2.t_minute >= 30) AND (time_dim_2.t_hour = 9))", 
  "Startup Cost": 0.14, 
  "filename": "plans/query88.json", 
  "plan_id": 2125, 
  "Scan Direction": "Forward", 
  "Index Cond": "(time_dim_2.t_time_sk = store_sales_2.ss_sold_time_sk)", 
  "Node Type": "Index Scan", 
  "Relation Name": "time_dim", 
  "Alias": "time_dim_2", 
  "Plan Rows": 1, 
  "Schema": "pg_temp_2", 
  "Parallel Aware": false, 
  "Parent Relationship": "Inner", 
  "Output": [
   "time_dim_2.t_time_sk", 
   "time_dim_2.t_time_id", 
   "time_dim_2.t_time", 
   "time_dim_2.t_hour", 
   "time_dim_2.t_minute", 
   "time_dim_2.t_second", 
   "time_dim_2.t_am_pm", 
   "time_dim_2.t_shift", 
   "time_dim_2.t_sub_shift", 
   "time_dim_2.t_meal_time"
  ], 
  "Index Name": "time_dim_pkey", 
  "Plan Width": 4, 
  "Total Cost": 0.3
 }, 
 {
  "Startup Cost": 10.66, 
  "plan_id": 2120, 
  "Plans": [
   2121, 
   2125
  ], 
  "Plan Rows": 1, 
  "Node Type": "Nested Loop", 
  "Join Type": "Inner", 
  "filename": "plans/query88.json", 
  "Parallel Aware": false, 
  "Parent Relationship": "Outer", 
  "Output": [
   "store_sales_2.ss_hdemo_sk"
  ], 
  "Plan Width": 4, 
  "Total Cost": 25.82
 }, 
 {
  "Filter": "(((household_demographics_2.hd_dep_count = 1) AND (household_demographics_2.hd_vehicle_count <= 3)) OR ((household_demographics_2.hd_dep_count = 0) AND (household_demographics_2.hd_vehicle_count <= 2)) OR ((household_demographics_2.hd_dep_count = 3) AND (household_demographics_2.hd_vehicle_count <= 5)))", 
  "Startup Cost": 0.15, 
  "filename": "plans/query88.json", 
  "plan_id": 2126, 
  "Scan Direction": "Forward", 
  "Index Cond": "(household_demographics_2.hd_demo_sk = store_sales_2.ss_hdemo_sk)", 
  "Node Type": "Index Scan", 
  "Relation Name": "household_demographics", 
  "Alias": "household_demographics_2", 
  "Plan Rows": 1, 
  "Schema": "pg_temp_2", 
  "Parallel Aware": false, 
  "Parent Relationship": "Inner", 
  "Output": [
   "household_demographics_2.hd_demo_sk", 
   "household_demographics_2.hd_income_band_sk", 
   "household_demographics_2.hd_buy_potential", 
   "household_demographics_2.hd_dep_count", 
   "household_demographics_2.hd_vehicle_count"
  ], 
  "Index Name": "household_demographics_pkey", 
  "Plan Width": 4, 
  "Total Cost": 0.31
 }, 
 {
  "Startup Cost": 10.81, 
  "plan_id": 2119, 
  "Plans": [
   2120, 
   2126
  ], 
  "Plan Rows": 1, 
  "Node Type": "Nested Loop", 
  "Join Type": "Inner", 
  "filename": "plans/query88.json", 
  "Parallel Aware": false, 
  "Parent Relationship": "Outer", 
  "Plan Width": 0, 
  "Total Cost": 26.14
 }, 
 {
  "Startup Cost": 52.29, 
  "plan_id": 2099, 
  "Plans": [
   2100, 
   2109
  ], 
  "Plan Rows": 1, 
  "Node Type": "Nested Loop", 
  "Join Type": "Inner", 
  "filename": "plans/query88.json", 
  "Parallel Aware": false, 
  "Parent Relationship": "Outer", 
  "Output": [
   "(count(*))", 
   "(count(*))"
  ], 
  "Plan Width": 16, 
  "Total Cost": 52.34
 }, 
 {
  "Partial Mode": "Simple", 
  "Startup Cost": 26.15, 
  "plan_id": 2118, 
  "Plans": [
   2119
  ], 
  "Plan Rows": 1, 
  "Strategy": "Plain", 
  "filename": "plans/query88.json", 
  "Parallel Aware": false, 
  "Parent Relationship": "Inner", 
  "Output": [
   "count(*)"
  ], 
  "Plan Width": 8, 
  "Node Type": "Aggregate", 
  "Total Cost": 26.16
 }, 
 {
  "Relation Name": "store", 
  "Startup Cost": 0.0, 
  "plan_id": 2133, 
  "Node Type": "Seq Scan", 
  "Plan Rows": 1, 
  "Filter": "((store_3.s_store_name)::text = 'ese'::text)", 
  "Alias": "store_3", 
  "filename": "plans/query88.json", 
  "Schema": "pg_temp_2", 
  "Parallel Aware": false, 
  "Parent Relationship": "Outer", 
  "Output": [
   "store_3.s_store_sk"
  ], 
  "Plan Width": 4, 
  "Total Cost": 10.5
 }, 
 {
  "Startup Cost": 0.0, 
  "plan_id": 2131, 
  "Node Type": "Seq Scan", 
  "Plan Rows": 340, 
  "Relation Name": "store_sales", 
  "Alias": "store_sales_3", 
  "filename": "plans/query88.json", 
  "Schema": "pg_temp_2", 
  "Parallel Aware": false, 
  "Parent Relationship": "Outer", 
  "Output": [
   "store_sales_3.ss_sold_date_sk", 
   "store_sales_3.ss_sold_time_sk", 
   "store_sales_3.ss_item_sk", 
   "store_sales_3.ss_customer_sk", 
   "store_sales_3.ss_cdemo_sk", 
   "store_sales_3.ss_hdemo_sk", 
   "store_sales_3.ss_addr_sk", 
   "store_sales_3.ss_store_sk", 
   "store_sales_3.ss_promo_sk", 
   "store_sales_3.ss_ticket_number", 
   "store_sales_3.ss_quantity", 
   "store_sales_3.ss_wholesale_cost", 
   "store_sales_3.ss_list_price", 
   "store_sales_3.ss_sales_price", 
   "store_sales_3.ss_ext_discount_amt", 
   "store_sales_3.ss_ext_sales_price", 
   "store_sales_3.ss_ext_wholesale_cost", 
   "store_sales_3.ss_ext_list_price", 
   "store_sales_3.ss_ext_tax", 
   "store_sales_3.ss_coupon_amt", 
   "store_sales_3.ss_net_paid", 
   "store_sales_3.ss_net_paid_inc_tax", 
   "store_sales_3.ss_net_profit"
  ], 
  "Plan Width": 12, 
  "Total Cost": 13.4
 }, 
 {
  "Startup Cost": 10.5, 
  "plan_id": 2132, 
  "Plans": [
   2133
  ], 
  "Plan Rows": 1, 
  "Node Type": "Hash", 
  "filename": "plans/query88.json", 
  "Parallel Aware": false, 
  "Parent Relationship": "Inner", 
  "Output": [
   "store_3.s_store_sk"
  ], 
  "Plan Width": 4, 
  "Total Cost": 10.5
 }, 
 {
  "Startup Cost": 10.51, 
  "Plan Width": 8, 
  "plan_id": 2130, 
  "Plans": [
   2131, 
   2132
  ], 
  "Plan Rows": 2, 
  "Node Type": "Hash Join", 
  "Join Type": "Inner", 
  "filename": "plans/query88.json", 
  "Parallel Aware": false, 
  "Output": [
   "store_sales_3.ss_sold_time_sk", 
   "store_sales_3.ss_hdemo_sk"
  ], 
  "Hash Cond": "(store_sales_3.ss_store_sk = store_3.s_store_sk)", 
  "Parent Relationship": "Outer", 
  "Total Cost": 25.21
 }, 
 {
  "Filter": "((time_dim_3.t_minute < 30) AND (time_dim_3.t_hour = 10))", 
  "Startup Cost": 0.14, 
  "filename": "plans/query88.json", 
  "plan_id": 2134, 
  "Scan Direction": "Forward", 
  "Index Cond": "(time_dim_3.t_time_sk = store_sales_3.ss_sold_time_sk)", 
  "Node Type": "Index Scan", 
  "Relation Name": "time_dim", 
  "Alias": "time_dim_3", 
  "Plan Rows": 1, 
  "Schema": "pg_temp_2", 
  "Parallel Aware": false, 
  "Parent Relationship": "Inner", 
  "Output": [
   "time_dim_3.t_time_sk", 
   "time_dim_3.t_time_id", 
   "time_dim_3.t_time", 
   "time_dim_3.t_hour", 
   "time_dim_3.t_minute", 
   "time_dim_3.t_second", 
   "time_dim_3.t_am_pm", 
   "time_dim_3.t_shift", 
   "time_dim_3.t_sub_shift", 
   "time_dim_3.t_meal_time"
  ], 
  "Index Name": "time_dim_pkey", 
  "Plan Width": 4, 
  "Total Cost": 0.3
 }, 
 {
  "Startup Cost": 10.66, 
  "plan_id": 2129, 
  "Plans": [
   2130, 
   2134
  ], 
  "Plan Rows": 1, 
  "Node Type": "Nested Loop", 
  "Join Type": "Inner", 
  "filename": "plans/query88.json", 
  "Parallel Aware": false, 
  "Parent Relationship": "Outer", 
  "Output": [
   "store_sales_3.ss_hdemo_sk"
  ], 
  "Plan Width": 4, 
  "Total Cost": 25.82
 }, 
 {
  "Filter": "(((household_demographics_3.hd_dep_count = 1) AND (household_demographics_3.hd_vehicle_count <= 3)) OR ((household_demographics_3.hd_dep_count = 0) AND (household_demographics_3.hd_vehicle_count <= 2)) OR ((household_demographics_3.hd_dep_count = 3) AND (household_demographics_3.hd_vehicle_count <= 5)))", 
  "Startup Cost": 0.15, 
  "filename": "plans/query88.json", 
  "plan_id": 2135, 
  "Scan Direction": "Forward", 
  "Index Cond": "(household_demographics_3.hd_demo_sk = store_sales_3.ss_hdemo_sk)", 
  "Node Type": "Index Scan", 
  "Relation Name": "household_demographics", 
  "Alias": "household_demographics_3", 
  "Plan Rows": 1, 
  "Schema": "pg_temp_2", 
  "Parallel Aware": false, 
  "Parent Relationship": "Inner", 
  "Output": [
   "household_demographics_3.hd_demo_sk", 
   "household_demographics_3.hd_income_band_sk", 
   "household_demographics_3.hd_buy_potential", 
   "household_demographics_3.hd_dep_count", 
   "household_demographics_3.hd_vehicle_count"
  ], 
  "Index Name": "household_demographics_pkey", 
  "Plan Width": 4, 
  "Total Cost": 0.31
 }, 
 {
  "Startup Cost": 10.81, 
  "plan_id": 2128, 
  "Plans": [
   2129, 
   2135
  ], 
  "Plan Rows": 1, 
  "Node Type": "Nested Loop", 
  "Join Type": "Inner", 
  "filename": "plans/query88.json", 
  "Parallel Aware": false, 
  "Parent Relationship": "Outer", 
  "Plan Width": 0, 
  "Total Cost": 26.14
 }, 
 {
  "Startup Cost": 78.44, 
  "plan_id": 2098, 
  "Plans": [
   2099, 
   2118
  ], 
  "Plan Rows": 1, 
  "Node Type": "Nested Loop", 
  "Join Type": "Inner", 
  "filename": "plans/query88.json", 
  "Parallel Aware": false, 
  "Parent Relationship": "Outer", 
  "Output": [
   "(count(*))", 
   "(count(*))", 
   "(count(*))"
  ], 
  "Plan Width": 24, 
  "Total Cost": 78.52
 }, 
 {
  "Partial Mode": "Simple", 
  "Startup Cost": 26.15, 
  "plan_id": 2127, 
  "Plans": [
   2128
  ], 
  "Plan Rows": 1, 
  "Strategy": "Plain", 
  "filename": "plans/query88.json", 
  "Parallel Aware": false, 
  "Parent Relationship": "Inner", 
  "Output": [
   "count(*)"
  ], 
  "Plan Width": 8, 
  "Node Type": "Aggregate", 
  "Total Cost": 26.16
 }, 
 {
  "Relation Name": "store", 
  "Startup Cost": 0.0, 
  "plan_id": 2142, 
  "Node Type": "Seq Scan", 
  "Plan Rows": 1, 
  "Filter": "((store_4.s_store_name)::text = 'ese'::text)", 
  "Alias": "store_4", 
  "filename": "plans/query88.json", 
  "Schema": "pg_temp_2", 
  "Parallel Aware": false, 
  "Parent Relationship": "Outer", 
  "Output": [
   "store_4.s_store_sk"
  ], 
  "Plan Width": 4, 
  "Total Cost": 10.5
 }, 
 {
  "Startup Cost": 0.0, 
  "plan_id": 2140, 
  "Node Type": "Seq Scan", 
  "Plan Rows": 340, 
  "Relation Name": "store_sales", 
  "Alias": "store_sales_4", 
  "filename": "plans/query88.json", 
  "Schema": "pg_temp_2", 
  "Parallel Aware": false, 
  "Parent Relationship": "Outer", 
  "Output": [
   "store_sales_4.ss_sold_date_sk", 
   "store_sales_4.ss_sold_time_sk", 
   "store_sales_4.ss_item_sk", 
   "store_sales_4.ss_customer_sk", 
   "store_sales_4.ss_cdemo_sk", 
   "store_sales_4.ss_hdemo_sk", 
   "store_sales_4.ss_addr_sk", 
   "store_sales_4.ss_store_sk", 
   "store_sales_4.ss_promo_sk", 
   "store_sales_4.ss_ticket_number", 
   "store_sales_4.ss_quantity", 
   "store_sales_4.ss_wholesale_cost", 
   "store_sales_4.ss_list_price", 
   "store_sales_4.ss_sales_price", 
   "store_sales_4.ss_ext_discount_amt", 
   "store_sales_4.ss_ext_sales_price", 
   "store_sales_4.ss_ext_wholesale_cost", 
   "store_sales_4.ss_ext_list_price", 
   "store_sales_4.ss_ext_tax", 
   "store_sales_4.ss_coupon_amt", 
   "store_sales_4.ss_net_paid", 
   "store_sales_4.ss_net_paid_inc_tax", 
   "store_sales_4.ss_net_profit"
  ], 
  "Plan Width": 12, 
  "Total Cost": 13.4
 }, 
 {
  "Startup Cost": 10.5, 
  "plan_id": 2141, 
  "Plans": [
   2142
  ], 
  "Plan Rows": 1, 
  "Node Type": "Hash", 
  "filename": "plans/query88.json", 
  "Parallel Aware": false, 
  "Parent Relationship": "Inner", 
  "Output": [
   "store_4.s_store_sk"
  ], 
  "Plan Width": 4, 
  "Total Cost": 10.5
 }, 
 {
  "Startup Cost": 10.51, 
  "Plan Width": 8, 
  "plan_id": 2139, 
  "Plans": [
   2140, 
   2141
  ], 
  "Plan Rows": 2, 
  "Node Type": "Hash Join", 
  "Join Type": "Inner", 
  "filename": "plans/query88.json", 
  "Parallel Aware": false, 
  "Output": [
   "store_sales_4.ss_sold_time_sk", 
   "store_sales_4.ss_hdemo_sk"
  ], 
  "Hash Cond": "(store_sales_4.ss_store_sk = store_4.s_store_sk)", 
  "Parent Relationship": "Outer", 
  "Total Cost": 25.21
 }, 
 {
  "Filter": "((time_dim_4.t_minute >= 30) AND (time_dim_4.t_hour = 10))", 
  "Startup Cost": 0.14, 
  "filename": "plans/query88.json", 
  "plan_id": 2143, 
  "Scan Direction": "Forward", 
  "Index Cond": "(time_dim_4.t_time_sk = store_sales_4.ss_sold_time_sk)", 
  "Node Type": "Index Scan", 
  "Relation Name": "time_dim", 
  "Alias": "time_dim_4", 
  "Plan Rows": 1, 
  "Schema": "pg_temp_2", 
  "Parallel Aware": false, 
  "Parent Relationship": "Inner", 
  "Output": [
   "time_dim_4.t_time_sk", 
   "time_dim_4.t_time_id", 
   "time_dim_4.t_time", 
   "time_dim_4.t_hour", 
   "time_dim_4.t_minute", 
   "time_dim_4.t_second", 
   "time_dim_4.t_am_pm", 
   "time_dim_4.t_shift", 
   "time_dim_4.t_sub_shift", 
   "time_dim_4.t_meal_time"
  ], 
  "Index Name": "time_dim_pkey", 
  "Plan Width": 4, 
  "Total Cost": 0.3
 }, 
 {
  "Startup Cost": 10.66, 
  "plan_id": 2138, 
  "Plans": [
   2139, 
   2143
  ], 
  "Plan Rows": 1, 
  "Node Type": "Nested Loop", 
  "Join Type": "Inner", 
  "filename": "plans/query88.json", 
  "Parallel Aware": false, 
  "Parent Relationship": "Outer", 
  "Output": [
   "store_sales_4.ss_hdemo_sk"
  ], 
  "Plan Width": 4, 
  "Total Cost": 25.82
 }, 
 {
  "Filter": "(((household_demographics_4.hd_dep_count = 1) AND (household_demographics_4.hd_vehicle_count <= 3)) OR ((household_demographics_4.hd_dep_count = 0) AND (household_demographics_4.hd_vehicle_count <= 2)) OR ((household_demographics_4.hd_dep_count = 3) AND (household_demographics_4.hd_vehicle_count <= 5)))", 
  "Startup Cost": 0.15, 
  "filename": "plans/query88.json", 
  "plan_id": 2144, 
  "Scan Direction": "Forward", 
  "Index Cond": "(household_demographics_4.hd_demo_sk = store_sales_4.ss_hdemo_sk)", 
  "Node Type": "Index Scan", 
  "Relation Name": "household_demographics", 
  "Alias": "household_demographics_4", 
  "Plan Rows": 1, 
  "Schema": "pg_temp_2", 
  "Parallel Aware": false, 
  "Parent Relationship": "Inner", 
  "Output": [
   "household_demographics_4.hd_demo_sk", 
   "household_demographics_4.hd_income_band_sk", 
   "household_demographics_4.hd_buy_potential", 
   "household_demographics_4.hd_dep_count", 
   "household_demographics_4.hd_vehicle_count"
  ], 
  "Index Name": "household_demographics_pkey", 
  "Plan Width": 4, 
  "Total Cost": 0.31
 }, 
 {
  "Startup Cost": 10.81, 
  "plan_id": 2137, 
  "Plans": [
   2138, 
   2144
  ], 
  "Plan Rows": 1, 
  "Node Type": "Nested Loop", 
  "Join Type": "Inner", 
  "filename": "plans/query88.json", 
  "Parallel Aware": false, 
  "Parent Relationship": "Outer", 
  "Plan Width": 0, 
  "Total Cost": 26.14
 }, 
 {
  "Startup Cost": 104.58, 
  "plan_id": 2097, 
  "Plans": [
   2098, 
   2127
  ], 
  "Plan Rows": 1, 
  "Node Type": "Nested Loop", 
  "Join Type": "Inner", 
  "filename": "plans/query88.json", 
  "Parallel Aware": false, 
  "Parent Relationship": "Outer", 
  "Output": [
   "(count(*))", 
   "(count(*))", 
   "(count(*))", 
   "(count(*))"
  ], 
  "Plan Width": 32, 
  "Total Cost": 104.69
 }, 
 {
  "Partial Mode": "Simple", 
  "Startup Cost": 26.15, 
  "plan_id": 2136, 
  "Plans": [
   2137
  ], 
  "Plan Rows": 1, 
  "Strategy": "Plain", 
  "filename": "plans/query88.json", 
  "Parallel Aware": false, 
  "Parent Relationship": "Inner", 
  "Output": [
   "count(*)"
  ], 
  "Plan Width": 8, 
  "Node Type": "Aggregate", 
  "Total Cost": 26.16
 }, 
 {
  "Relation Name": "store", 
  "Startup Cost": 0.0, 
  "plan_id": 2151, 
  "Node Type": "Seq Scan", 
  "Plan Rows": 1, 
  "Filter": "((store_5.s_store_name)::text = 'ese'::text)", 
  "Alias": "store_5", 
  "filename": "plans/query88.json", 
  "Schema": "pg_temp_2", 
  "Parallel Aware": false, 
  "Parent Relationship": "Outer", 
  "Output": [
   "store_5.s_store_sk"
  ], 
  "Plan Width": 4, 
  "Total Cost": 10.5
 }, 
 {
  "Startup Cost": 0.0, 
  "plan_id": 2149, 
  "Node Type": "Seq Scan", 
  "Plan Rows": 340, 
  "Relation Name": "store_sales", 
  "Alias": "store_sales_5", 
  "filename": "plans/query88.json", 
  "Schema": "pg_temp_2", 
  "Parallel Aware": false, 
  "Parent Relationship": "Outer", 
  "Output": [
   "store_sales_5.ss_sold_date_sk", 
   "store_sales_5.ss_sold_time_sk", 
   "store_sales_5.ss_item_sk", 
   "store_sales_5.ss_customer_sk", 
   "store_sales_5.ss_cdemo_sk", 
   "store_sales_5.ss_hdemo_sk", 
   "store_sales_5.ss_addr_sk", 
   "store_sales_5.ss_store_sk", 
   "store_sales_5.ss_promo_sk", 
   "store_sales_5.ss_ticket_number", 
   "store_sales_5.ss_quantity", 
   "store_sales_5.ss_wholesale_cost", 
   "store_sales_5.ss_list_price", 
   "store_sales_5.ss_sales_price", 
   "store_sales_5.ss_ext_discount_amt", 
   "store_sales_5.ss_ext_sales_price", 
   "store_sales_5.ss_ext_wholesale_cost", 
   "store_sales_5.ss_ext_list_price", 
   "store_sales_5.ss_ext_tax", 
   "store_sales_5.ss_coupon_amt", 
   "store_sales_5.ss_net_paid", 
   "store_sales_5.ss_net_paid_inc_tax", 
   "store_sales_5.ss_net_profit"
  ], 
  "Plan Width": 12, 
  "Total Cost": 13.4
 }, 
 {
  "Startup Cost": 10.5, 
  "plan_id": 2150, 
  "Plans": [
   2151
  ], 
  "Plan Rows": 1, 
  "Node Type": "Hash", 
  "filename": "plans/query88.json", 
  "Parallel Aware": false, 
  "Parent Relationship": "Inner", 
  "Output": [
   "store_5.s_store_sk"
  ], 
  "Plan Width": 4, 
  "Total Cost": 10.5
 }, 
 {
  "Startup Cost": 10.51, 
  "Plan Width": 8, 
  "plan_id": 2148, 
  "Plans": [
   2149, 
   2150
  ], 
  "Plan Rows": 2, 
  "Node Type": "Hash Join", 
  "Join Type": "Inner", 
  "filename": "plans/query88.json", 
  "Parallel Aware": false, 
  "Output": [
   "store_sales_5.ss_sold_time_sk", 
   "store_sales_5.ss_hdemo_sk"
  ], 
  "Hash Cond": "(store_sales_5.ss_store_sk = store_5.s_store_sk)", 
  "Parent Relationship": "Outer", 
  "Total Cost": 25.21
 }, 
 {
  "Filter": "((time_dim_5.t_minute < 30) AND (time_dim_5.t_hour = 11))", 
  "Startup Cost": 0.14, 
  "filename": "plans/query88.json", 
  "plan_id": 2152, 
  "Scan Direction": "Forward", 
  "Index Cond": "(time_dim_5.t_time_sk = store_sales_5.ss_sold_time_sk)", 
  "Node Type": "Index Scan", 
  "Relation Name": "time_dim", 
  "Alias": "time_dim_5", 
  "Plan Rows": 1, 
  "Schema": "pg_temp_2", 
  "Parallel Aware": false, 
  "Parent Relationship": "Inner", 
  "Output": [
   "time_dim_5.t_time_sk", 
   "time_dim_5.t_time_id", 
   "time_dim_5.t_time", 
   "time_dim_5.t_hour", 
   "time_dim_5.t_minute", 
   "time_dim_5.t_second", 
   "time_dim_5.t_am_pm", 
   "time_dim_5.t_shift", 
   "time_dim_5.t_sub_shift", 
   "time_dim_5.t_meal_time"
  ], 
  "Index Name": "time_dim_pkey", 
  "Plan Width": 4, 
  "Total Cost": 0.3
 }, 
 {
  "Startup Cost": 10.66, 
  "plan_id": 2147, 
  "Plans": [
   2148, 
   2152
  ], 
  "Plan Rows": 1, 
  "Node Type": "Nested Loop", 
  "Join Type": "Inner", 
  "filename": "plans/query88.json", 
  "Parallel Aware": false, 
  "Parent Relationship": "Outer", 
  "Output": [
   "store_sales_5.ss_hdemo_sk"
  ], 
  "Plan Width": 4, 
  "Total Cost": 25.82
 }, 
 {
  "Filter": "(((household_demographics_5.hd_dep_count = 1) AND (household_demographics_5.hd_vehicle_count <= 3)) OR ((household_demographics_5.hd_dep_count = 0) AND (household_demographics_5.hd_vehicle_count <= 2)) OR ((household_demographics_5.hd_dep_count = 3) AND (household_demographics_5.hd_vehicle_count <= 5)))", 
  "Startup Cost": 0.15, 
  "filename": "plans/query88.json", 
  "plan_id": 2153, 
  "Scan Direction": "Forward", 
  "Index Cond": "(household_demographics_5.hd_demo_sk = store_sales_5.ss_hdemo_sk)", 
  "Node Type": "Index Scan", 
  "Relation Name": "household_demographics", 
  "Alias": "household_demographics_5", 
  "Plan Rows": 1, 
  "Schema": "pg_temp_2", 
  "Parallel Aware": false, 
  "Parent Relationship": "Inner", 
  "Output": [
   "household_demographics_5.hd_demo_sk", 
   "household_demographics_5.hd_income_band_sk", 
   "household_demographics_5.hd_buy_potential", 
   "household_demographics_5.hd_dep_count", 
   "household_demographics_5.hd_vehicle_count"
  ], 
  "Index Name": "household_demographics_pkey", 
  "Plan Width": 4, 
  "Total Cost": 0.31
 }, 
 {
  "Startup Cost": 10.81, 
  "plan_id": 2146, 
  "Plans": [
   2147, 
   2153
  ], 
  "Plan Rows": 1, 
  "Node Type": "Nested Loop", 
  "Join Type": "Inner", 
  "filename": "plans/query88.json", 
  "Parallel Aware": false, 
  "Parent Relationship": "Outer", 
  "Plan Width": 0, 
  "Total Cost": 26.14
 }, 
 {
  "Startup Cost": 130.73, 
  "plan_id": 2096, 
  "Plans": [
   2097, 
   2136
  ], 
  "Plan Rows": 1, 
  "Node Type": "Nested Loop", 
  "Join Type": "Inner", 
  "filename": "plans/query88.json", 
  "Parallel Aware": false, 
  "Parent Relationship": "Outer", 
  "Output": [
   "(count(*))", 
   "(count(*))", 
   "(count(*))", 
   "(count(*))", 
   "(count(*))"
  ], 
  "Plan Width": 40, 
  "Total Cost": 130.87
 }, 
 {
  "Partial Mode": "Simple", 
  "Startup Cost": 26.15, 
  "plan_id": 2145, 
  "Plans": [
   2146
  ], 
  "Plan Rows": 1, 
  "Strategy": "Plain", 
  "filename": "plans/query88.json", 
  "Parallel Aware": false, 
  "Parent Relationship": "Inner", 
  "Output": [
   "count(*)"
  ], 
  "Plan Width": 8, 
  "Node Type": "Aggregate", 
  "Total Cost": 26.16
 }, 
 {
  "Relation Name": "store", 
  "Startup Cost": 0.0, 
  "plan_id": 2160, 
  "Node Type": "Seq Scan", 
  "Plan Rows": 1, 
  "Filter": "((store_6.s_store_name)::text = 'ese'::text)", 
  "Alias": "store_6", 
  "filename": "plans/query88.json", 
  "Schema": "pg_temp_2", 
  "Parallel Aware": false, 
  "Parent Relationship": "Outer", 
  "Output": [
   "store_6.s_store_sk"
  ], 
  "Plan Width": 4, 
  "Total Cost": 10.5
 }, 
 {
  "Startup Cost": 0.0, 
  "plan_id": 2158, 
  "Node Type": "Seq Scan", 
  "Plan Rows": 340, 
  "Relation Name": "store_sales", 
  "Alias": "store_sales_6", 
  "filename": "plans/query88.json", 
  "Schema": "pg_temp_2", 
  "Parallel Aware": false, 
  "Parent Relationship": "Outer", 
  "Output": [
   "store_sales_6.ss_sold_date_sk", 
   "store_sales_6.ss_sold_time_sk", 
   "store_sales_6.ss_item_sk", 
   "store_sales_6.ss_customer_sk", 
   "store_sales_6.ss_cdemo_sk", 
   "store_sales_6.ss_hdemo_sk", 
   "store_sales_6.ss_addr_sk", 
   "store_sales_6.ss_store_sk", 
   "store_sales_6.ss_promo_sk", 
   "store_sales_6.ss_ticket_number", 
   "store_sales_6.ss_quantity", 
   "store_sales_6.ss_wholesale_cost", 
   "store_sales_6.ss_list_price", 
   "store_sales_6.ss_sales_price", 
   "store_sales_6.ss_ext_discount_amt", 
   "store_sales_6.ss_ext_sales_price", 
   "store_sales_6.ss_ext_wholesale_cost", 
   "store_sales_6.ss_ext_list_price", 
   "store_sales_6.ss_ext_tax", 
   "store_sales_6.ss_coupon_amt", 
   "store_sales_6.ss_net_paid", 
   "store_sales_6.ss_net_paid_inc_tax", 
   "store_sales_6.ss_net_profit"
  ], 
  "Plan Width": 12, 
  "Total Cost": 13.4
 }, 
 {
  "Startup Cost": 10.5, 
  "plan_id": 2159, 
  "Plans": [
   2160
  ], 
  "Plan Rows": 1, 
  "Node Type": "Hash", 
  "filename": "plans/query88.json", 
  "Parallel Aware": false, 
  "Parent Relationship": "Inner", 
  "Output": [
   "store_6.s_store_sk"
  ], 
  "Plan Width": 4, 
  "Total Cost": 10.5
 }, 
 {
  "Startup Cost": 10.51, 
  "Plan Width": 8, 
  "plan_id": 2157, 
  "Plans": [
   2158, 
   2159
  ], 
  "Plan Rows": 2, 
  "Node Type": "Hash Join", 
  "Join Type": "Inner", 
  "filename": "plans/query88.json", 
  "Parallel Aware": false, 
  "Output": [
   "store_sales_6.ss_sold_time_sk", 
   "store_sales_6.ss_hdemo_sk"
  ], 
  "Hash Cond": "(store_sales_6.ss_store_sk = store_6.s_store_sk)", 
  "Parent Relationship": "Outer", 
  "Total Cost": 25.21
 }, 
 {
  "Filter": "((time_dim_6.t_minute >= 30) AND (time_dim_6.t_hour = 11))", 
  "Startup Cost": 0.14, 
  "filename": "plans/query88.json", 
  "plan_id": 2161, 
  "Scan Direction": "Forward", 
  "Index Cond": "(time_dim_6.t_time_sk = store_sales_6.ss_sold_time_sk)", 
  "Node Type": "Index Scan", 
  "Relation Name": "time_dim", 
  "Alias": "time_dim_6", 
  "Plan Rows": 1, 
  "Schema": "pg_temp_2", 
  "Parallel Aware": false, 
  "Parent Relationship": "Inner", 
  "Output": [
   "time_dim_6.t_time_sk", 
   "time_dim_6.t_time_id", 
   "time_dim_6.t_time", 
   "time_dim_6.t_hour", 
   "time_dim_6.t_minute", 
   "time_dim_6.t_second", 
   "time_dim_6.t_am_pm", 
   "time_dim_6.t_shift", 
   "time_dim_6.t_sub_shift", 
   "time_dim_6.t_meal_time"
  ], 
  "Index Name": "time_dim_pkey", 
  "Plan Width": 4, 
  "Total Cost": 0.3
 }, 
 {
  "Startup Cost": 10.66, 
  "plan_id": 2156, 
  "Plans": [
   2157, 
   2161
  ], 
  "Plan Rows": 1, 
  "Node Type": "Nested Loop", 
  "Join Type": "Inner", 
  "filename": "plans/query88.json", 
  "Parallel Aware": false, 
  "Parent Relationship": "Outer", 
  "Output": [
   "store_sales_6.ss_hdemo_sk"
  ], 
  "Plan Width": 4, 
  "Total Cost": 25.82
 }, 
 {
  "Filter": "(((household_demographics_6.hd_dep_count = 1) AND (household_demographics_6.hd_vehicle_count <= 3)) OR ((household_demographics_6.hd_dep_count = 0) AND (household_demographics_6.hd_vehicle_count <= 2)) OR ((household_demographics_6.hd_dep_count = 3) AND (household_demographics_6.hd_vehicle_count <= 5)))", 
  "Startup Cost": 0.15, 
  "filename": "plans/query88.json", 
  "plan_id": 2162, 
  "Scan Direction": "Forward", 
  "Index Cond": "(household_demographics_6.hd_demo_sk = store_sales_6.ss_hdemo_sk)", 
  "Node Type": "Index Scan", 
  "Relation Name": "household_demographics", 
  "Alias": "household_demographics_6", 
  "Plan Rows": 1, 
  "Schema": "pg_temp_2", 
  "Parallel Aware": false, 
  "Parent Relationship": "Inner", 
  "Output": [
   "household_demographics_6.hd_demo_sk", 
   "household_demographics_6.hd_income_band_sk", 
   "household_demographics_6.hd_buy_potential", 
   "household_demographics_6.hd_dep_count", 
   "household_demographics_6.hd_vehicle_count"
  ], 
  "Index Name": "household_demographics_pkey", 
  "Plan Width": 4, 
  "Total Cost": 0.31
 }, 
 {
  "Startup Cost": 10.81, 
  "plan_id": 2155, 
  "Plans": [
   2156, 
   2162
  ], 
  "Plan Rows": 1, 
  "Node Type": "Nested Loop", 
  "Join Type": "Inner", 
  "filename": "plans/query88.json", 
  "Parallel Aware": false, 
  "Parent Relationship": "Outer", 
  "Plan Width": 0, 
  "Total Cost": 26.14
 }, 
 {
  "Startup Cost": 156.87, 
  "plan_id": 2095, 
  "Plans": [
   2096, 
   2145
  ], 
  "Plan Rows": 1, 
  "Node Type": "Nested Loop", 
  "Join Type": "Inner", 
  "filename": "plans/query88.json", 
  "Parallel Aware": false, 
  "Parent Relationship": "Outer", 
  "Output": [
   "(count(*))", 
   "(count(*))", 
   "(count(*))", 
   "(count(*))", 
   "(count(*))", 
   "(count(*))"
  ], 
  "Plan Width": 48, 
  "Total Cost": 157.04
 }, 
 {
  "Partial Mode": "Simple", 
  "Startup Cost": 26.15, 
  "plan_id": 2154, 
  "Plans": [
   2155
  ], 
  "Plan Rows": 1, 
  "Strategy": "Plain", 
  "filename": "plans/query88.json", 
  "Parallel Aware": false, 
  "Parent Relationship": "Inner", 
  "Output": [
   "count(*)"
  ], 
  "Plan Width": 8, 
  "Node Type": "Aggregate", 
  "Total Cost": 26.16
 }, 
 {
  "Relation Name": "store", 
  "Startup Cost": 0.0, 
  "plan_id": 2169, 
  "Node Type": "Seq Scan", 
  "Plan Rows": 1, 
  "Filter": "((store_7.s_store_name)::text = 'ese'::text)", 
  "Alias": "store_7", 
  "filename": "plans/query88.json", 
  "Schema": "pg_temp_2", 
  "Parallel Aware": false, 
  "Parent Relationship": "Outer", 
  "Output": [
   "store_7.s_store_sk"
  ], 
  "Plan Width": 4, 
  "Total Cost": 10.5
 }, 
 {
  "Startup Cost": 0.0, 
  "plan_id": 2167, 
  "Node Type": "Seq Scan", 
  "Plan Rows": 340, 
  "Relation Name": "store_sales", 
  "Alias": "store_sales_7", 
  "filename": "plans/query88.json", 
  "Schema": "pg_temp_2", 
  "Parallel Aware": false, 
  "Parent Relationship": "Outer", 
  "Output": [
   "store_sales_7.ss_sold_date_sk", 
   "store_sales_7.ss_sold_time_sk", 
   "store_sales_7.ss_item_sk", 
   "store_sales_7.ss_customer_sk", 
   "store_sales_7.ss_cdemo_sk", 
   "store_sales_7.ss_hdemo_sk", 
   "store_sales_7.ss_addr_sk", 
   "store_sales_7.ss_store_sk", 
   "store_sales_7.ss_promo_sk", 
   "store_sales_7.ss_ticket_number", 
   "store_sales_7.ss_quantity", 
   "store_sales_7.ss_wholesale_cost", 
   "store_sales_7.ss_list_price", 
   "store_sales_7.ss_sales_price", 
   "store_sales_7.ss_ext_discount_amt", 
   "store_sales_7.ss_ext_sales_price", 
   "store_sales_7.ss_ext_wholesale_cost", 
   "store_sales_7.ss_ext_list_price", 
   "store_sales_7.ss_ext_tax", 
   "store_sales_7.ss_coupon_amt", 
   "store_sales_7.ss_net_paid", 
   "store_sales_7.ss_net_paid_inc_tax", 
   "store_sales_7.ss_net_profit"
  ], 
  "Plan Width": 12, 
  "Total Cost": 13.4
 }, 
 {
  "Startup Cost": 10.5, 
  "plan_id": 2168, 
  "Plans": [
   2169
  ], 
  "Plan Rows": 1, 
  "Node Type": "Hash", 
  "filename": "plans/query88.json", 
  "Parallel Aware": false, 
  "Parent Relationship": "Inner", 
  "Output": [
   "store_7.s_store_sk"
  ], 
  "Plan Width": 4, 
  "Total Cost": 10.5
 }, 
 {
  "Startup Cost": 10.51, 
  "Plan Width": 8, 
  "plan_id": 2166, 
  "Plans": [
   2167, 
   2168
  ], 
  "Plan Rows": 2, 
  "Node Type": "Hash Join", 
  "Join Type": "Inner", 
  "filename": "plans/query88.json", 
  "Parallel Aware": false, 
  "Output": [
   "store_sales_7.ss_sold_time_sk", 
   "store_sales_7.ss_hdemo_sk"
  ], 
  "Hash Cond": "(store_sales_7.ss_store_sk = store_7.s_store_sk)", 
  "Parent Relationship": "Outer", 
  "Total Cost": 25.21
 }, 
 {
  "Filter": "((time_dim_7.t_minute < 30) AND (time_dim_7.t_hour = 12))", 
  "Startup Cost": 0.14, 
  "filename": "plans/query88.json", 
  "plan_id": 2170, 
  "Scan Direction": "Forward", 
  "Index Cond": "(time_dim_7.t_time_sk = store_sales_7.ss_sold_time_sk)", 
  "Node Type": "Index Scan", 
  "Relation Name": "time_dim", 
  "Alias": "time_dim_7", 
  "Plan Rows": 1, 
  "Schema": "pg_temp_2", 
  "Parallel Aware": false, 
  "Parent Relationship": "Inner", 
  "Output": [
   "time_dim_7.t_time_sk", 
   "time_dim_7.t_time_id", 
   "time_dim_7.t_time", 
   "time_dim_7.t_hour", 
   "time_dim_7.t_minute", 
   "time_dim_7.t_second", 
   "time_dim_7.t_am_pm", 
   "time_dim_7.t_shift", 
   "time_dim_7.t_sub_shift", 
   "time_dim_7.t_meal_time"
  ], 
  "Index Name": "time_dim_pkey", 
  "Plan Width": 4, 
  "Total Cost": 0.3
 }, 
 {
  "Startup Cost": 10.66, 
  "plan_id": 2165, 
  "Plans": [
   2166, 
   2170
  ], 
  "Plan Rows": 1, 
  "Node Type": "Nested Loop", 
  "Join Type": "Inner", 
  "filename": "plans/query88.json", 
  "Parallel Aware": false, 
  "Parent Relationship": "Outer", 
  "Output": [
   "store_sales_7.ss_hdemo_sk"
  ], 
  "Plan Width": 4, 
  "Total Cost": 25.82
 }, 
 {
  "Filter": "(((household_demographics_7.hd_dep_count = 1) AND (household_demographics_7.hd_vehicle_count <= 3)) OR ((household_demographics_7.hd_dep_count = 0) AND (household_demographics_7.hd_vehicle_count <= 2)) OR ((household_demographics_7.hd_dep_count = 3) AND (household_demographics_7.hd_vehicle_count <= 5)))", 
  "Startup Cost": 0.15, 
  "filename": "plans/query88.json", 
  "plan_id": 2171, 
  "Scan Direction": "Forward", 
  "Index Cond": "(household_demographics_7.hd_demo_sk = store_sales_7.ss_hdemo_sk)", 
  "Node Type": "Index Scan", 
  "Relation Name": "household_demographics", 
  "Alias": "household_demographics_7", 
  "Plan Rows": 1, 
  "Schema": "pg_temp_2", 
  "Parallel Aware": false, 
  "Parent Relationship": "Inner", 
  "Output": [
   "household_demographics_7.hd_demo_sk", 
   "household_demographics_7.hd_income_band_sk", 
   "household_demographics_7.hd_buy_potential", 
   "household_demographics_7.hd_dep_count", 
   "household_demographics_7.hd_vehicle_count"
  ], 
  "Index Name": "household_demographics_pkey", 
  "Plan Width": 4, 
  "Total Cost": 0.31
 }, 
 {
  "Startup Cost": 10.81, 
  "plan_id": 2164, 
  "Plans": [
   2165, 
   2171
  ], 
  "Plan Rows": 1, 
  "Node Type": "Nested Loop", 
  "Join Type": "Inner", 
  "filename": "plans/query88.json", 
  "Parallel Aware": false, 
  "Parent Relationship": "Outer", 
  "Plan Width": 0, 
  "Total Cost": 26.14
 }, 
 {
  "Startup Cost": 183.02, 
  "plan_id": 2094, 
  "Plans": [
   2095, 
   2154
  ], 
  "Plan Rows": 1, 
  "Node Type": "Nested Loop", 
  "Join Type": "Inner", 
  "filename": "plans/query88.json", 
  "Parallel Aware": false, 
  "Parent Relationship": "Outer", 
  "Output": [
   "(count(*))", 
   "(count(*))", 
   "(count(*))", 
   "(count(*))", 
   "(count(*))", 
   "(count(*))", 
   "(count(*))"
  ], 
  "Plan Width": 56, 
  "Total Cost": 183.22
 }, 
 {
  "Partial Mode": "Simple", 
  "Startup Cost": 26.15, 
  "plan_id": 2163, 
  "Plans": [
   2164
  ], 
  "Plan Rows": 1, 
  "Strategy": "Plain", 
  "filename": "plans/query88.json", 
  "Parallel Aware": false, 
  "Parent Relationship": "Inner", 
  "Output": [
   "count(*)"
  ], 
  "Plan Width": 8, 
  "Node Type": "Aggregate", 
  "Total Cost": 26.16
 }, 
 {
  "Startup Cost": 209.17, 
  "plan_id": 2093, 
  "Plans": [
   2094, 
   2163
  ], 
  "Plan Rows": 1, 
  "Node Type": "Nested Loop", 
  "Join Type": "Inner", 
  "filename": "plans/query88.json", 
  "Parallel Aware": false, 
  "Output": [
   "(count(*))", 
   "(count(*))", 
   "(count(*))", 
   "(count(*))", 
   "(count(*))", 
   "(count(*))", 
   "(count(*))", 
   "(count(*))"
  ], 
  "Plan Width": 64, 
  "Total Cost": 209.4
 }, 
 {
  "Startup Cost": 0.0, 
  "plan_id": 2184, 
  "Node Type": "Bitmap Index Scan", 
  "Index Cond": "(store_sales.ss_item_sk = item.i_item_sk)", 
  "Plan Rows": 2, 
  "filename": "plans/query89.json", 
  "Parallel Aware": false, 
  "Parent Relationship": "Outer", 
  "Index Name": "store_sales_pkey", 
  "Plan Width": 0, 
  "Total Cost": 4.16
 }, 
 {
  "Relation Name": "item", 
  "Startup Cost": 0.0, 
  "plan_id": 2182, 
  "Node Type": "Seq Scan", 
  "Plan Rows": 1, 
  "Filter": "(((item.i_category = ANY ('{Electronics,Children,Sports}'::bpchar[])) AND (item.i_class = ANY ('{\"disk drives\",toddlers,sailing}'::bpchar[]))) OR ((item.i_category = ANY ('{Shoes,Jewelry,Women}'::bpchar[])) AND (item.i_class = ANY ('{kids,\"jewelry boxes\",maternity}'::bpchar[]))))", 
  "Alias": "item", 
  "filename": "plans/query89.json", 
  "Schema": "pg_temp_2", 
  "Parallel Aware": false, 
  "Parent Relationship": "Outer", 
  "Output": [
   "item.i_item_sk", 
   "item.i_item_id", 
   "item.i_rec_start_date", 
   "item.i_rec_end_date", 
   "item.i_item_desc", 
   "item.i_current_price", 
   "item.i_wholesale_cost", 
   "item.i_brand_id", 
   "item.i_brand", 
   "item.i_class_id", 
   "item.i_class", 
   "item.i_category_id", 
   "item.i_category", 
   "item.i_manufact_id", 
   "item.i_manufact", 
   "item.i_size", 
   "item.i_formulation", 
   "item.i_color", 
   "item.i_units", 
   "item.i_container", 
   "item.i_manager_id", 
   "item.i_product_name"
  ], 
  "Plan Width": 616, 
  "Total Cost": 11.0
 }, 
 {
  "Startup Cost": 4.16, 
  "plan_id": 2183, 
  "Plans": [
   2184
  ], 
  "Parent Relationship": "Inner", 
  "Node Type": "Bitmap Heap Scan", 
  "Plan Rows": 2, 
  "Relation Name": "store_sales", 
  "Alias": "store_sales", 
  "filename": "plans/query89.json", 
  "Schema": "pg_temp_2", 
  "Parallel Aware": false, 
  "Recheck Cond": "(store_sales.ss_item_sk = item.i_item_sk)", 
  "Output": [
   "store_sales.ss_sold_date_sk", 
   "store_sales.ss_sold_time_sk", 
   "store_sales.ss_item_sk", 
   "store_sales.ss_customer_sk", 
   "store_sales.ss_cdemo_sk", 
   "store_sales.ss_hdemo_sk", 
   "store_sales.ss_addr_sk", 
   "store_sales.ss_store_sk", 
   "store_sales.ss_promo_sk", 
   "store_sales.ss_ticket_number", 
   "store_sales.ss_quantity", 
   "store_sales.ss_wholesale_cost", 
   "store_sales.ss_list_price", 
   "store_sales.ss_sales_price", 
   "store_sales.ss_ext_discount_amt", 
   "store_sales.ss_ext_sales_price", 
   "store_sales.ss_ext_wholesale_cost", 
   "store_sales.ss_ext_list_price", 
   "store_sales.ss_ext_tax", 
   "store_sales.ss_coupon_amt", 
   "store_sales.ss_net_paid", 
   "store_sales.ss_net_paid_inc_tax", 
   "store_sales.ss_net_profit"
  ], 
  "Plan Width": 26, 
  "Total Cost": 9.5
 }, 
 {
  "Startup Cost": 4.16, 
  "plan_id": 2181, 
  "Plans": [
   2182, 
   2183
  ], 
  "Plan Rows": 2, 
  "Node Type": "Nested Loop", 
  "Join Type": "Inner", 
  "filename": "plans/query89.json", 
  "Parallel Aware": false, 
  "Parent Relationship": "Outer", 
  "Output": [
   "item.i_category", 
   "item.i_class", 
   "item.i_brand", 
   "store_sales.ss_sales_price", 
   "store_sales.ss_sold_date_sk", 
   "store_sales.ss_store_sk"
  ], 
  "Plan Width": 634, 
  "Total Cost": 20.52
 }, 
 {
  "Startup Cost": 0.14, 
  "filename": "plans/query89.json", 
  "plan_id": 2185, 
  "Scan Direction": "Forward", 
  "Index Cond": "(store.s_store_sk = store_sales.ss_store_sk)", 
  "Node Type": "Index Scan", 
  "Relation Name": "store", 
  "Alias": "store", 
  "Plan Rows": 1, 
  "Schema": "pg_temp_2", 
  "Parallel Aware": false, 
  "Parent Relationship": "Inner", 
  "Output": [
   "store.s_store_sk", 
   "store.s_store_id", 
   "store.s_rec_start_date", 
   "store.s_rec_end_date", 
   "store.s_closed_date_sk", 
   "store.s_store_name", 
   "store.s_number_employees", 
   "store.s_floor_space", 
   "store.s_hours", 
   "store.s_manager", 
   "store.s_market_id", 
   "store.s_geography_class", 
   "store.s_market_desc", 
   "store.s_market_manager", 
   "store.s_division_id", 
   "store.s_division_name", 
   "store.s_company_id", 
   "store.s_company_name", 
   "store.s_street_number", 
   "store.s_street_name", 
   "store.s_street_type", 
   "store.s_suite_number", 
   "store.s_city", 
   "store.s_county", 
   "store.s_state", 
   "store.s_zip", 
   "store.s_country", 
   "store.s_gmt_offset", 
   "store.s_tax_precentage"
  ], 
  "Index Name": "store_pkey", 
  "Plan Width": 240, 
  "Total Cost": 0.29
 }, 
 {
  "Startup Cost": 4.3, 
  "plan_id": 2180, 
  "Plans": [
   2181, 
   2185
  ], 
  "Plan Rows": 1, 
  "Node Type": "Nested Loop", 
  "Join Type": "Inner", 
  "filename": "plans/query89.json", 
  "Parallel Aware": false, 
  "Parent Relationship": "Outer", 
  "Output": [
   "item.i_category", 
   "item.i_class", 
   "item.i_brand", 
   "store_sales.ss_sales_price", 
   "store_sales.ss_sold_date_sk", 
   "store.s_store_name", 
   "store.s_company_name"
  ], 
  "Plan Width": 866, 
  "Total Cost": 21.12
 }, 
 {
  "Filter": "(date_dim.d_year = 1998)", 
  "Startup Cost": 0.15, 
  "filename": "plans/query89.json", 
  "plan_id": 2186, 
  "Scan Direction": "Forward", 
  "Index Cond": "(date_dim.d_date_sk = store_sales.ss_sold_date_sk)", 
  "Node Type": "Index Scan", 
  "Relation Name": "date_dim", 
  "Alias": "date_dim", 
  "Plan Rows": 1, 
  "Schema": "pg_temp_2", 
  "Parallel Aware": false, 
  "Parent Relationship": "Inner", 
  "Output": [
   "date_dim.d_date_sk", 
   "date_dim.d_date_id", 
   "date_dim.d_date", 
   "date_dim.d_month_seq", 
   "date_dim.d_week_seq", 
   "date_dim.d_quarter_seq", 
   "date_dim.d_year", 
   "date_dim.d_dow", 
   "date_dim.d_moy", 
   "date_dim.d_dom", 
   "date_dim.d_qoy", 
   "date_dim.d_fy_year", 
   "date_dim.d_fy_quarter_seq", 
   "date_dim.d_fy_week_seq", 
   "date_dim.d_day_name", 
   "date_dim.d_quarter_name", 
   "date_dim.d_holiday", 
   "date_dim.d_weekend", 
   "date_dim.d_following_holiday", 
   "date_dim.d_first_dom", 
   "date_dim.d_last_dom", 
   "date_dim.d_same_day_ly", 
   "date_dim.d_same_day_lq", 
   "date_dim.d_current_day", 
   "date_dim.d_current_week", 
   "date_dim.d_current_month", 
   "date_dim.d_current_quarter", 
   "date_dim.d_current_year"
  ], 
  "Index Name": "date_dim_pkey", 
  "Plan Width": 8, 
  "Total Cost": 0.3
 }, 
 {
  "Startup Cost": 4.45, 
  "plan_id": 2179, 
  "Plans": [
   2180, 
   2186
  ], 
  "Plan Rows": 1, 
  "Node Type": "Nested Loop", 
  "Join Type": "Inner", 
  "filename": "plans/query89.json", 
  "Parallel Aware": false, 
  "Parent Relationship": "Outer", 
  "Output": [
   "item.i_category", 
   "item.i_class", 
   "item.i_brand", 
   "store.s_store_name", 
   "store.s_company_name", 
   "date_dim.d_moy", 
   "store_sales.ss_sales_price"
  ], 
  "Plan Width": 866, 
  "Total Cost": 21.43
 }, 
 {
  "Startup Cost": 21.44, 
  "plan_id": 2178, 
  "Plans": [
   2179
  ], 
  "Sort Key": [
   "item.i_category", 
   "item.i_class", 
   "item.i_brand", 
   "store.s_store_name", 
   "store.s_company_name", 
   "date_dim.d_moy"
  ], 
  "Plan Rows": 1, 
  "Node Type": "Sort", 
  "filename": "plans/query89.json", 
  "Parallel Aware": false, 
  "Parent Relationship": "Outer", 
  "Output": [
   "item.i_category", 
   "item.i_class", 
   "item.i_brand", 
   "store.s_store_name", 
   "store.s_company_name", 
   "date_dim.d_moy", 
   "store_sales.ss_sales_price"
  ], 
  "Plan Width": 866, 
  "Total Cost": 21.44
 }, 
 {
  "Partial Mode": "Simple", 
  "Startup Cost": 21.44, 
  "Plan Width": 884, 
  "plan_id": 2177, 
  "Plans": [
   2178
  ], 
  "filename": "plans/query89.json", 
  "Node Type": "Aggregate", 
  "Strategy": "Sorted", 
  "Plan Rows": 1, 
  "Parallel Aware": false, 
  "Output": [
   "item.i_category", 
   "item.i_class", 
   "item.i_brand", 
   "store.s_store_name", 
   "store.s_company_name", 
   "date_dim.d_moy", 
   "sum(store_sales.ss_sales_price)"
  ], 
  "Group Key": [
   "item.i_category", 
   "item.i_class", 
   "item.i_brand", 
   "store.s_store_name", 
   "store.s_company_name", 
   "date_dim.d_moy"
  ], 
  "Parent Relationship": "Outer", 
  "Total Cost": 21.48
 }, 
 {
  "Startup Cost": 21.49, 
  "plan_id": 2176, 
  "Plans": [
   2177
  ], 
  "Sort Key": [
   "item.i_category", 
   "item.i_brand", 
   "store.s_store_name", 
   "store.s_company_name"
  ], 
  "Plan Rows": 1, 
  "Node Type": "Sort", 
  "filename": "plans/query89.json", 
  "Parallel Aware": false, 
  "Parent Relationship": "Outer", 
  "Output": [
   "item.i_category", 
   "item.i_class", 
   "item.i_brand", 
   "store.s_store_name", 
   "store.s_company_name", 
   "date_dim.d_moy", 
   "(sum(store_sales.ss_sales_price))"
  ], 
  "Plan Width": 884, 
  "Total Cost": 21.49
 }, 
 {
  "Startup Cost": 21.49, 
  "plan_id": 2175, 
  "Plans": [
   2176
  ], 
  "Plan Rows": 1, 
  "Node Type": "WindowAgg", 
  "filename": "plans/query89.json", 
  "Parallel Aware": false, 
  "Parent Relationship": "Subquery", 
  "Output": [
   "item.i_category", 
   "item.i_class", 
   "item.i_brand", 
   "store.s_store_name", 
   "store.s_company_name", 
   "date_dim.d_moy", 
   "(sum(store_sales.ss_sales_price))", 
   "avg((sum(store_sales.ss_sales_price))) OVER (?)"
  ], 
  "Plan Width": 916, 
  "Total Cost": 21.51
 }, 
 {
  "Startup Cost": 21.49, 
  "plan_id": 2174, 
  "Plans": [
   2175
  ], 
  "Plan Rows": 1, 
  "Node Type": "Subquery Scan", 
  "Filter": "(CASE WHEN (tmp1.avg_monthly_sales <> '0'::numeric) THEN (abs((tmp1.sum_sales - tmp1.avg_monthly_sales)) / tmp1.avg_monthly_sales) ELSE NULL::numeric END > 0.1)", 
  "Alias": "tmp1", 
  "filename": "plans/query89.json", 
  "Parallel Aware": false, 
  "Parent Relationship": "Outer", 
  "Output": [
   "tmp1.i_category", 
   "tmp1.i_class", 
   "tmp1.i_brand", 
   "tmp1.s_store_name", 
   "tmp1.s_company_name", 
   "tmp1.d_moy", 
   "tmp1.sum_sales", 
   "tmp1.avg_monthly_sales", 
   "(tmp1.sum_sales - tmp1.avg_monthly_sales)"
  ], 
  "Plan Width": 948, 
  "Total Cost": 21.54
 }, 
 {
  "Startup Cost": 21.55, 
  "plan_id": 2173, 
  "Plans": [
   2174
  ], 
  "Sort Key": [
   "((tmp1.sum_sales - tmp1.avg_monthly_sales))", 
   "tmp1.s_store_name"
  ], 
  "Plan Rows": 1, 
  "Node Type": "Sort", 
  "filename": "plans/query89.json", 
  "Parallel Aware": false, 
  "Parent Relationship": "Outer", 
  "Output": [
   "tmp1.i_category", 
   "tmp1.i_class", 
   "tmp1.i_brand", 
   "tmp1.s_store_name", 
   "tmp1.s_company_name", 
   "tmp1.d_moy", 
   "tmp1.sum_sales", 
   "tmp1.avg_monthly_sales", 
   "((tmp1.sum_sales - tmp1.avg_monthly_sales))"
  ], 
  "Plan Width": 948, 
  "Total Cost": 21.55
 }, 
 {
  "Startup Cost": 21.55, 
  "plan_id": 2172, 
  "Plans": [
   2173
  ], 
  "Plan Rows": 1, 
  "Node Type": "Limit", 
  "filename": "plans/query89.json", 
  "Parallel Aware": false, 
  "Output": [
   "tmp1.i_category", 
   "tmp1.i_class", 
   "tmp1.i_brand", 
   "tmp1.s_store_name", 
   "tmp1.s_company_name", 
   "tmp1.d_moy", 
   "tmp1.sum_sales", 
   "tmp1.avg_monthly_sales", 
   "((tmp1.sum_sales - tmp1.avg_monthly_sales))"
  ], 
  "Plan Width": 948, 
  "Total Cost": 21.55
 }, 
 {
  "Relation Name": "store_sales", 
  "Startup Cost": 0.0, 
  "plan_id": 2189, 
  "Node Type": "Seq Scan", 
  "Plan Rows": 2, 
  "Filter": "((store_sales.ss_quantity >= 1) AND (store_sales.ss_quantity <= 20))", 
  "Alias": "store_sales", 
  "filename": "plans/query9.json", 
  "Schema": "pg_temp_2", 
  "Parallel Aware": false, 
  "Parent Relationship": "Outer", 
  "Output": [
   "store_sales.ss_sold_date_sk", 
   "store_sales.ss_sold_time_sk", 
   "store_sales.ss_item_sk", 
   "store_sales.ss_customer_sk", 
   "store_sales.ss_cdemo_sk", 
   "store_sales.ss_hdemo_sk", 
   "store_sales.ss_addr_sk", 
   "store_sales.ss_store_sk", 
   "store_sales.ss_promo_sk", 
   "store_sales.ss_ticket_number", 
   "store_sales.ss_quantity", 
   "store_sales.ss_wholesale_cost", 
   "store_sales.ss_list_price", 
   "store_sales.ss_sales_price", 
   "store_sales.ss_ext_discount_amt", 
   "store_sales.ss_ext_sales_price", 
   "store_sales.ss_ext_wholesale_cost", 
   "store_sales.ss_ext_list_price", 
   "store_sales.ss_ext_tax", 
   "store_sales.ss_coupon_amt", 
   "store_sales.ss_net_paid", 
   "store_sales.ss_net_paid_inc_tax", 
   "store_sales.ss_net_profit"
  ], 
  "Plan Width": 0, 
  "Total Cost": 15.1
 }, 
 {
  "Relation Name": "store_sales", 
  "Startup Cost": 0.0, 
  "plan_id": 2191, 
  "Node Type": "Seq Scan", 
  "Plan Rows": 2, 
  "Filter": "((store_sales_1.ss_quantity >= 1) AND (store_sales_1.ss_quantity <= 20))", 
  "Alias": "store_sales_1", 
  "filename": "plans/query9.json", 
  "Schema": "pg_temp_2", 
  "Parallel Aware": false, 
  "Parent Relationship": "Outer", 
  "Output": [
   "store_sales_1.ss_sold_date_sk", 
   "store_sales_1.ss_sold_time_sk", 
   "store_sales_1.ss_item_sk", 
   "store_sales_1.ss_customer_sk", 
   "store_sales_1.ss_cdemo_sk", 
   "store_sales_1.ss_hdemo_sk", 
   "store_sales_1.ss_addr_sk", 
   "store_sales_1.ss_store_sk", 
   "store_sales_1.ss_promo_sk", 
   "store_sales_1.ss_ticket_number", 
   "store_sales_1.ss_quantity", 
   "store_sales_1.ss_wholesale_cost", 
   "store_sales_1.ss_list_price", 
   "store_sales_1.ss_sales_price", 
   "store_sales_1.ss_ext_discount_amt", 
   "store_sales_1.ss_ext_sales_price", 
   "store_sales_1.ss_ext_wholesale_cost", 
   "store_sales_1.ss_ext_list_price", 
   "store_sales_1.ss_ext_tax", 
   "store_sales_1.ss_coupon_amt", 
   "store_sales_1.ss_net_paid", 
   "store_sales_1.ss_net_paid_inc_tax", 
   "store_sales_1.ss_net_profit"
  ], 
  "Plan Width": 14, 
  "Total Cost": 15.1
 }, 
 {
  "Relation Name": "store_sales", 
  "Startup Cost": 0.0, 
  "plan_id": 2193, 
  "Node Type": "Seq Scan", 
  "Plan Rows": 2, 
  "Filter": "((store_sales_2.ss_quantity >= 1) AND (store_sales_2.ss_quantity <= 20))", 
  "Alias": "store_sales_2", 
  "filename": "plans/query9.json", 
  "Schema": "pg_temp_2", 
  "Parallel Aware": false, 
  "Parent Relationship": "Outer", 
  "Output": [
   "store_sales_2.ss_sold_date_sk", 
   "store_sales_2.ss_sold_time_sk", 
   "store_sales_2.ss_item_sk", 
   "store_sales_2.ss_customer_sk", 
   "store_sales_2.ss_cdemo_sk", 
   "store_sales_2.ss_hdemo_sk", 
   "store_sales_2.ss_addr_sk", 
   "store_sales_2.ss_store_sk", 
   "store_sales_2.ss_promo_sk", 
   "store_sales_2.ss_ticket_number", 
   "store_sales_2.ss_quantity", 
   "store_sales_2.ss_wholesale_cost", 
   "store_sales_2.ss_list_price", 
   "store_sales_2.ss_sales_price", 
   "store_sales_2.ss_ext_discount_amt", 
   "store_sales_2.ss_ext_sales_price", 
   "store_sales_2.ss_ext_wholesale_cost", 
   "store_sales_2.ss_ext_list_price", 
   "store_sales_2.ss_ext_tax", 
   "store_sales_2.ss_coupon_amt", 
   "store_sales_2.ss_net_paid", 
   "store_sales_2.ss_net_paid_inc_tax", 
   "store_sales_2.ss_net_profit"
  ], 
  "Plan Width": 14, 
  "Total Cost": 15.1
 }, 
 {
  "Relation Name": "store_sales", 
  "Startup Cost": 0.0, 
  "plan_id": 2195, 
  "Node Type": "Seq Scan", 
  "Plan Rows": 2, 
  "Filter": "((store_sales_3.ss_quantity >= 21) AND (store_sales_3.ss_quantity <= 40))", 
  "Alias": "store_sales_3", 
  "filename": "plans/query9.json", 
  "Schema": "pg_temp_2", 
  "Parallel Aware": false, 
  "Parent Relationship": "Outer", 
  "Output": [
   "store_sales_3.ss_sold_date_sk", 
   "store_sales_3.ss_sold_time_sk", 
   "store_sales_3.ss_item_sk", 
   "store_sales_3.ss_customer_sk", 
   "store_sales_3.ss_cdemo_sk", 
   "store_sales_3.ss_hdemo_sk", 
   "store_sales_3.ss_addr_sk", 
   "store_sales_3.ss_store_sk", 
   "store_sales_3.ss_promo_sk", 
   "store_sales_3.ss_ticket_number", 
   "store_sales_3.ss_quantity", 
   "store_sales_3.ss_wholesale_cost", 
   "store_sales_3.ss_list_price", 
   "store_sales_3.ss_sales_price", 
   "store_sales_3.ss_ext_discount_amt", 
   "store_sales_3.ss_ext_sales_price", 
   "store_sales_3.ss_ext_wholesale_cost", 
   "store_sales_3.ss_ext_list_price", 
   "store_sales_3.ss_ext_tax", 
   "store_sales_3.ss_coupon_amt", 
   "store_sales_3.ss_net_paid", 
   "store_sales_3.ss_net_paid_inc_tax", 
   "store_sales_3.ss_net_profit"
  ], 
  "Plan Width": 0, 
  "Total Cost": 15.1
 }, 
 {
  "Relation Name": "store_sales", 
  "Startup Cost": 0.0, 
  "plan_id": 2197, 
  "Node Type": "Seq Scan", 
  "Plan Rows": 2, 
  "Filter": "((store_sales_4.ss_quantity >= 21) AND (store_sales_4.ss_quantity <= 40))", 
  "Alias": "store_sales_4", 
  "filename": "plans/query9.json", 
  "Schema": "pg_temp_2", 
  "Parallel Aware": false, 
  "Parent Relationship": "Outer", 
  "Output": [
   "store_sales_4.ss_sold_date_sk", 
   "store_sales_4.ss_sold_time_sk", 
   "store_sales_4.ss_item_sk", 
   "store_sales_4.ss_customer_sk", 
   "store_sales_4.ss_cdemo_sk", 
   "store_sales_4.ss_hdemo_sk", 
   "store_sales_4.ss_addr_sk", 
   "store_sales_4.ss_store_sk", 
   "store_sales_4.ss_promo_sk", 
   "store_sales_4.ss_ticket_number", 
   "store_sales_4.ss_quantity", 
   "store_sales_4.ss_wholesale_cost", 
   "store_sales_4.ss_list_price", 
   "store_sales_4.ss_sales_price", 
   "store_sales_4.ss_ext_discount_amt", 
   "store_sales_4.ss_ext_sales_price", 
   "store_sales_4.ss_ext_wholesale_cost", 
   "store_sales_4.ss_ext_list_price", 
   "store_sales_4.ss_ext_tax", 
   "store_sales_4.ss_coupon_amt", 
   "store_sales_4.ss_net_paid", 
   "store_sales_4.ss_net_paid_inc_tax", 
   "store_sales_4.ss_net_profit"
  ], 
  "Plan Width": 14, 
  "Total Cost": 15.1
 }, 
 {
  "Relation Name": "store_sales", 
  "Startup Cost": 0.0, 
  "plan_id": 2199, 
  "Node Type": "Seq Scan", 
  "Plan Rows": 2, 
  "Filter": "((store_sales_5.ss_quantity >= 21) AND (store_sales_5.ss_quantity <= 40))", 
  "Alias": "store_sales_5", 
  "filename": "plans/query9.json", 
  "Schema": "pg_temp_2", 
  "Parallel Aware": false, 
  "Parent Relationship": "Outer", 
  "Output": [
   "store_sales_5.ss_sold_date_sk", 
   "store_sales_5.ss_sold_time_sk", 
   "store_sales_5.ss_item_sk", 
   "store_sales_5.ss_customer_sk", 
   "store_sales_5.ss_cdemo_sk", 
   "store_sales_5.ss_hdemo_sk", 
   "store_sales_5.ss_addr_sk", 
   "store_sales_5.ss_store_sk", 
   "store_sales_5.ss_promo_sk", 
   "store_sales_5.ss_ticket_number", 
   "store_sales_5.ss_quantity", 
   "store_sales_5.ss_wholesale_cost", 
   "store_sales_5.ss_list_price", 
   "store_sales_5.ss_sales_price", 
   "store_sales_5.ss_ext_discount_amt", 
   "store_sales_5.ss_ext_sales_price", 
   "store_sales_5.ss_ext_wholesale_cost", 
   "store_sales_5.ss_ext_list_price", 
   "store_sales_5.ss_ext_tax", 
   "store_sales_5.ss_coupon_amt", 
   "store_sales_5.ss_net_paid", 
   "store_sales_5.ss_net_paid_inc_tax", 
   "store_sales_5.ss_net_profit"
  ], 
  "Plan Width": 14, 
  "Total Cost": 15.1
 }, 
 {
  "Relation Name": "store_sales", 
  "Startup Cost": 0.0, 
  "plan_id": 2201, 
  "Node Type": "Seq Scan", 
  "Plan Rows": 2, 
  "Filter": "((store_sales_6.ss_quantity >= 41) AND (store_sales_6.ss_quantity <= 60))", 
  "Alias": "store_sales_6", 
  "filename": "plans/query9.json", 
  "Schema": "pg_temp_2", 
  "Parallel Aware": false, 
  "Parent Relationship": "Outer", 
  "Output": [
   "store_sales_6.ss_sold_date_sk", 
   "store_sales_6.ss_sold_time_sk", 
   "store_sales_6.ss_item_sk", 
   "store_sales_6.ss_customer_sk", 
   "store_sales_6.ss_cdemo_sk", 
   "store_sales_6.ss_hdemo_sk", 
   "store_sales_6.ss_addr_sk", 
   "store_sales_6.ss_store_sk", 
   "store_sales_6.ss_promo_sk", 
   "store_sales_6.ss_ticket_number", 
   "store_sales_6.ss_quantity", 
   "store_sales_6.ss_wholesale_cost", 
   "store_sales_6.ss_list_price", 
   "store_sales_6.ss_sales_price", 
   "store_sales_6.ss_ext_discount_amt", 
   "store_sales_6.ss_ext_sales_price", 
   "store_sales_6.ss_ext_wholesale_cost", 
   "store_sales_6.ss_ext_list_price", 
   "store_sales_6.ss_ext_tax", 
   "store_sales_6.ss_coupon_amt", 
   "store_sales_6.ss_net_paid", 
   "store_sales_6.ss_net_paid_inc_tax", 
   "store_sales_6.ss_net_profit"
  ], 
  "Plan Width": 0, 
  "Total Cost": 15.1
 }, 
 {
  "Relation Name": "store_sales", 
  "Startup Cost": 0.0, 
  "plan_id": 2203, 
  "Node Type": "Seq Scan", 
  "Plan Rows": 2, 
  "Filter": "((store_sales_7.ss_quantity >= 41) AND (store_sales_7.ss_quantity <= 60))", 
  "Alias": "store_sales_7", 
  "filename": "plans/query9.json", 
  "Schema": "pg_temp_2", 
  "Parallel Aware": false, 
  "Parent Relationship": "Outer", 
  "Output": [
   "store_sales_7.ss_sold_date_sk", 
   "store_sales_7.ss_sold_time_sk", 
   "store_sales_7.ss_item_sk", 
   "store_sales_7.ss_customer_sk", 
   "store_sales_7.ss_cdemo_sk", 
   "store_sales_7.ss_hdemo_sk", 
   "store_sales_7.ss_addr_sk", 
   "store_sales_7.ss_store_sk", 
   "store_sales_7.ss_promo_sk", 
   "store_sales_7.ss_ticket_number", 
   "store_sales_7.ss_quantity", 
   "store_sales_7.ss_wholesale_cost", 
   "store_sales_7.ss_list_price", 
   "store_sales_7.ss_sales_price", 
   "store_sales_7.ss_ext_discount_amt", 
   "store_sales_7.ss_ext_sales_price", 
   "store_sales_7.ss_ext_wholesale_cost", 
   "store_sales_7.ss_ext_list_price", 
   "store_sales_7.ss_ext_tax", 
   "store_sales_7.ss_coupon_amt", 
   "store_sales_7.ss_net_paid", 
   "store_sales_7.ss_net_paid_inc_tax", 
   "store_sales_7.ss_net_profit"
  ], 
  "Plan Width": 14, 
  "Total Cost": 15.1
 }, 
 {
  "Relation Name": "store_sales", 
  "Startup Cost": 0.0, 
  "plan_id": 2205, 
  "Node Type": "Seq Scan", 
  "Plan Rows": 2, 
  "Filter": "((store_sales_8.ss_quantity >= 41) AND (store_sales_8.ss_quantity <= 60))", 
  "Alias": "store_sales_8", 
  "filename": "plans/query9.json", 
  "Schema": "pg_temp_2", 
  "Parallel Aware": false, 
  "Parent Relationship": "Outer", 
  "Output": [
   "store_sales_8.ss_sold_date_sk", 
   "store_sales_8.ss_sold_time_sk", 
   "store_sales_8.ss_item_sk", 
   "store_sales_8.ss_customer_sk", 
   "store_sales_8.ss_cdemo_sk", 
   "store_sales_8.ss_hdemo_sk", 
   "store_sales_8.ss_addr_sk", 
   "store_sales_8.ss_store_sk", 
   "store_sales_8.ss_promo_sk", 
   "store_sales_8.ss_ticket_number", 
   "store_sales_8.ss_quantity", 
   "store_sales_8.ss_wholesale_cost", 
   "store_sales_8.ss_list_price", 
   "store_sales_8.ss_sales_price", 
   "store_sales_8.ss_ext_discount_amt", 
   "store_sales_8.ss_ext_sales_price", 
   "store_sales_8.ss_ext_wholesale_cost", 
   "store_sales_8.ss_ext_list_price", 
   "store_sales_8.ss_ext_tax", 
   "store_sales_8.ss_coupon_amt", 
   "store_sales_8.ss_net_paid", 
   "store_sales_8.ss_net_paid_inc_tax", 
   "store_sales_8.ss_net_profit"
  ], 
  "Plan Width": 14, 
  "Total Cost": 15.1
 }, 
 {
  "Relation Name": "store_sales", 
  "Startup Cost": 0.0, 
  "plan_id": 2207, 
  "Node Type": "Seq Scan", 
  "Plan Rows": 2, 
  "Filter": "((store_sales_9.ss_quantity >= 61) AND (store_sales_9.ss_quantity <= 80))", 
  "Alias": "store_sales_9", 
  "filename": "plans/query9.json", 
  "Schema": "pg_temp_2", 
  "Parallel Aware": false, 
  "Parent Relationship": "Outer", 
  "Output": [
   "store_sales_9.ss_sold_date_sk", 
   "store_sales_9.ss_sold_time_sk", 
   "store_sales_9.ss_item_sk", 
   "store_sales_9.ss_customer_sk", 
   "store_sales_9.ss_cdemo_sk", 
   "store_sales_9.ss_hdemo_sk", 
   "store_sales_9.ss_addr_sk", 
   "store_sales_9.ss_store_sk", 
   "store_sales_9.ss_promo_sk", 
   "store_sales_9.ss_ticket_number", 
   "store_sales_9.ss_quantity", 
   "store_sales_9.ss_wholesale_cost", 
   "store_sales_9.ss_list_price", 
   "store_sales_9.ss_sales_price", 
   "store_sales_9.ss_ext_discount_amt", 
   "store_sales_9.ss_ext_sales_price", 
   "store_sales_9.ss_ext_wholesale_cost", 
   "store_sales_9.ss_ext_list_price", 
   "store_sales_9.ss_ext_tax", 
   "store_sales_9.ss_coupon_amt", 
   "store_sales_9.ss_net_paid", 
   "store_sales_9.ss_net_paid_inc_tax", 
   "store_sales_9.ss_net_profit"
  ], 
  "Plan Width": 0, 
  "Total Cost": 15.1
 }, 
 {
  "Relation Name": "store_sales", 
  "Startup Cost": 0.0, 
  "plan_id": 2209, 
  "Node Type": "Seq Scan", 
  "Plan Rows": 2, 
  "Filter": "((store_sales_10.ss_quantity >= 61) AND (store_sales_10.ss_quantity <= 80))", 
  "Alias": "store_sales_10", 
  "filename": "plans/query9.json", 
  "Schema": "pg_temp_2", 
  "Parallel Aware": false, 
  "Parent Relationship": "Outer", 
  "Output": [
   "store_sales_10.ss_sold_date_sk", 
   "store_sales_10.ss_sold_time_sk", 
   "store_sales_10.ss_item_sk", 
   "store_sales_10.ss_customer_sk", 
   "store_sales_10.ss_cdemo_sk", 
   "store_sales_10.ss_hdemo_sk", 
   "store_sales_10.ss_addr_sk", 
   "store_sales_10.ss_store_sk", 
   "store_sales_10.ss_promo_sk", 
   "store_sales_10.ss_ticket_number", 
   "store_sales_10.ss_quantity", 
   "store_sales_10.ss_wholesale_cost", 
   "store_sales_10.ss_list_price", 
   "store_sales_10.ss_sales_price", 
   "store_sales_10.ss_ext_discount_amt", 
   "store_sales_10.ss_ext_sales_price", 
   "store_sales_10.ss_ext_wholesale_cost", 
   "store_sales_10.ss_ext_list_price", 
   "store_sales_10.ss_ext_tax", 
   "store_sales_10.ss_coupon_amt", 
   "store_sales_10.ss_net_paid", 
   "store_sales_10.ss_net_paid_inc_tax", 
   "store_sales_10.ss_net_profit"
  ], 
  "Plan Width": 14, 
  "Total Cost": 15.1
 }, 
 {
  "Relation Name": "store_sales", 
  "Startup Cost": 0.0, 
  "plan_id": 2211, 
  "Node Type": "Seq Scan", 
  "Plan Rows": 2, 
  "Filter": "((store_sales_11.ss_quantity >= 61) AND (store_sales_11.ss_quantity <= 80))", 
  "Alias": "store_sales_11", 
  "filename": "plans/query9.json", 
  "Schema": "pg_temp_2", 
  "Parallel Aware": false, 
  "Parent Relationship": "Outer", 
  "Output": [
   "store_sales_11.ss_sold_date_sk", 
   "store_sales_11.ss_sold_time_sk", 
   "store_sales_11.ss_item_sk", 
   "store_sales_11.ss_customer_sk", 
   "store_sales_11.ss_cdemo_sk", 
   "store_sales_11.ss_hdemo_sk", 
   "store_sales_11.ss_addr_sk", 
   "store_sales_11.ss_store_sk", 
   "store_sales_11.ss_promo_sk", 
   "store_sales_11.ss_ticket_number", 
   "store_sales_11.ss_quantity", 
   "store_sales_11.ss_wholesale_cost", 
   "store_sales_11.ss_list_price", 
   "store_sales_11.ss_sales_price", 
   "store_sales_11.ss_ext_discount_amt", 
   "store_sales_11.ss_ext_sales_price", 
   "store_sales_11.ss_ext_wholesale_cost", 
   "store_sales_11.ss_ext_list_price", 
   "store_sales_11.ss_ext_tax", 
   "store_sales_11.ss_coupon_amt", 
   "store_sales_11.ss_net_paid", 
   "store_sales_11.ss_net_paid_inc_tax", 
   "store_sales_11.ss_net_profit"
  ], 
  "Plan Width": 14, 
  "Total Cost": 15.1
 }, 
 {
  "Relation Name": "store_sales", 
  "Startup Cost": 0.0, 
  "plan_id": 2213, 
  "Node Type": "Seq Scan", 
  "Plan Rows": 2, 
  "Filter": "((store_sales_12.ss_quantity >= 81) AND (store_sales_12.ss_quantity <= 100))", 
  "Alias": "store_sales_12", 
  "filename": "plans/query9.json", 
  "Schema": "pg_temp_2", 
  "Parallel Aware": false, 
  "Parent Relationship": "Outer", 
  "Output": [
   "store_sales_12.ss_sold_date_sk", 
   "store_sales_12.ss_sold_time_sk", 
   "store_sales_12.ss_item_sk", 
   "store_sales_12.ss_customer_sk", 
   "store_sales_12.ss_cdemo_sk", 
   "store_sales_12.ss_hdemo_sk", 
   "store_sales_12.ss_addr_sk", 
   "store_sales_12.ss_store_sk", 
   "store_sales_12.ss_promo_sk", 
   "store_sales_12.ss_ticket_number", 
   "store_sales_12.ss_quantity", 
   "store_sales_12.ss_wholesale_cost", 
   "store_sales_12.ss_list_price", 
   "store_sales_12.ss_sales_price", 
   "store_sales_12.ss_ext_discount_amt", 
   "store_sales_12.ss_ext_sales_price", 
   "store_sales_12.ss_ext_wholesale_cost", 
   "store_sales_12.ss_ext_list_price", 
   "store_sales_12.ss_ext_tax", 
   "store_sales_12.ss_coupon_amt", 
   "store_sales_12.ss_net_paid", 
   "store_sales_12.ss_net_paid_inc_tax", 
   "store_sales_12.ss_net_profit"
  ], 
  "Plan Width": 0, 
  "Total Cost": 15.1
 }, 
 {
  "Relation Name": "store_sales", 
  "Startup Cost": 0.0, 
  "plan_id": 2215, 
  "Node Type": "Seq Scan", 
  "Plan Rows": 2, 
  "Filter": "((store_sales_13.ss_quantity >= 81) AND (store_sales_13.ss_quantity <= 100))", 
  "Alias": "store_sales_13", 
  "filename": "plans/query9.json", 
  "Schema": "pg_temp_2", 
  "Parallel Aware": false, 
  "Parent Relationship": "Outer", 
  "Output": [
   "store_sales_13.ss_sold_date_sk", 
   "store_sales_13.ss_sold_time_sk", 
   "store_sales_13.ss_item_sk", 
   "store_sales_13.ss_customer_sk", 
   "store_sales_13.ss_cdemo_sk", 
   "store_sales_13.ss_hdemo_sk", 
   "store_sales_13.ss_addr_sk", 
   "store_sales_13.ss_store_sk", 
   "store_sales_13.ss_promo_sk", 
   "store_sales_13.ss_ticket_number", 
   "store_sales_13.ss_quantity", 
   "store_sales_13.ss_wholesale_cost", 
   "store_sales_13.ss_list_price", 
   "store_sales_13.ss_sales_price", 
   "store_sales_13.ss_ext_discount_amt", 
   "store_sales_13.ss_ext_sales_price", 
   "store_sales_13.ss_ext_wholesale_cost", 
   "store_sales_13.ss_ext_list_price", 
   "store_sales_13.ss_ext_tax", 
   "store_sales_13.ss_coupon_amt", 
   "store_sales_13.ss_net_paid", 
   "store_sales_13.ss_net_paid_inc_tax", 
   "store_sales_13.ss_net_profit"
  ], 
  "Plan Width": 14, 
  "Total Cost": 15.1
 }, 
 {
  "Relation Name": "store_sales", 
  "Startup Cost": 0.0, 
  "plan_id": 2217, 
  "Node Type": "Seq Scan", 
  "Plan Rows": 2, 
  "Filter": "((store_sales_14.ss_quantity >= 81) AND (store_sales_14.ss_quantity <= 100))", 
  "Alias": "store_sales_14", 
  "filename": "plans/query9.json", 
  "Schema": "pg_temp_2", 
  "Parallel Aware": false, 
  "Parent Relationship": "Outer", 
  "Output": [
   "store_sales_14.ss_sold_date_sk", 
   "store_sales_14.ss_sold_time_sk", 
   "store_sales_14.ss_item_sk", 
   "store_sales_14.ss_customer_sk", 
   "store_sales_14.ss_cdemo_sk", 
   "store_sales_14.ss_hdemo_sk", 
   "store_sales_14.ss_addr_sk", 
   "store_sales_14.ss_store_sk", 
   "store_sales_14.ss_promo_sk", 
   "store_sales_14.ss_ticket_number", 
   "store_sales_14.ss_quantity", 
   "store_sales_14.ss_wholesale_cost", 
   "store_sales_14.ss_list_price", 
   "store_sales_14.ss_sales_price", 
   "store_sales_14.ss_ext_discount_amt", 
   "store_sales_14.ss_ext_sales_price", 
   "store_sales_14.ss_ext_wholesale_cost", 
   "store_sales_14.ss_ext_list_price", 
   "store_sales_14.ss_ext_tax", 
   "store_sales_14.ss_coupon_amt", 
   "store_sales_14.ss_net_paid", 
   "store_sales_14.ss_net_paid_inc_tax", 
   "store_sales_14.ss_net_profit"
  ], 
  "Plan Width": 14, 
  "Total Cost": 15.1
 }, 
 {
  "Partial Mode": "Simple", 
  "Startup Cost": 15.11, 
  "plan_id": 2188, 
  "Plans": [
   2189
  ], 
  "Plan Rows": 1, 
  "Strategy": "Plain", 
  "filename": "plans/query9.json", 
  "Parallel Aware": false, 
  "Parent Relationship": "InitPlan", 
  "Output": [
   "count(*)"
  ], 
  "Plan Width": 8, 
  "Subplan Name": "InitPlan 1 (returns $0)", 
  "Node Type": "Aggregate", 
  "Total Cost": 15.12
 }, 
 {
  "Partial Mode": "Simple", 
  "Startup Cost": 15.11, 
  "plan_id": 2190, 
  "Plans": [
   2191
  ], 
  "Plan Rows": 1, 
  "Strategy": "Plain", 
  "filename": "plans/query9.json", 
  "Parallel Aware": false, 
  "Parent Relationship": "InitPlan", 
  "Output": [
   "avg(store_sales_1.ss_ext_list_price)"
  ], 
  "Plan Width": 32, 
  "Subplan Name": "InitPlan 2 (returns $1)", 
  "Node Type": "Aggregate", 
  "Total Cost": 15.12
 }, 
 {
  "Partial Mode": "Simple", 
  "Startup Cost": 15.11, 
  "plan_id": 2192, 
  "Plans": [
   2193
  ], 
  "Plan Rows": 1, 
  "Strategy": "Plain", 
  "filename": "plans/query9.json", 
  "Parallel Aware": false, 
  "Parent Relationship": "InitPlan", 
  "Output": [
   "avg(store_sales_2.ss_net_paid)"
  ], 
  "Plan Width": 32, 
  "Subplan Name": "InitPlan 3 (returns $2)", 
  "Node Type": "Aggregate", 
  "Total Cost": 15.12
 }, 
 {
  "Partial Mode": "Simple", 
  "Startup Cost": 15.11, 
  "plan_id": 2194, 
  "Plans": [
   2195
  ], 
  "Plan Rows": 1, 
  "Strategy": "Plain", 
  "filename": "plans/query9.json", 
  "Parallel Aware": false, 
  "Parent Relationship": "InitPlan", 
  "Output": [
   "count(*)"
  ], 
  "Plan Width": 8, 
  "Subplan Name": "InitPlan 4 (returns $3)", 
  "Node Type": "Aggregate", 
  "Total Cost": 15.12
 }, 
 {
  "Partial Mode": "Simple", 
  "Startup Cost": 15.11, 
  "plan_id": 2196, 
  "Plans": [
   2197
  ], 
  "Plan Rows": 1, 
  "Strategy": "Plain", 
  "filename": "plans/query9.json", 
  "Parallel Aware": false, 
  "Parent Relationship": "InitPlan", 
  "Output": [
   "avg(store_sales_4.ss_ext_list_price)"
  ], 
  "Plan Width": 32, 
  "Subplan Name": "InitPlan 5 (returns $4)", 
  "Node Type": "Aggregate", 
  "Total Cost": 15.12
 }, 
 {
  "Partial Mode": "Simple", 
  "Startup Cost": 15.11, 
  "plan_id": 2198, 
  "Plans": [
   2199
  ], 
  "Plan Rows": 1, 
  "Strategy": "Plain", 
  "filename": "plans/query9.json", 
  "Parallel Aware": false, 
  "Parent Relationship": "InitPlan", 
  "Output": [
   "avg(store_sales_5.ss_net_paid)"
  ], 
  "Plan Width": 32, 
  "Subplan Name": "InitPlan 6 (returns $5)", 
  "Node Type": "Aggregate", 
  "Total Cost": 15.12
 }, 
 {
  "Partial Mode": "Simple", 
  "Startup Cost": 15.11, 
  "plan_id": 2200, 
  "Plans": [
   2201
  ], 
  "Plan Rows": 1, 
  "Strategy": "Plain", 
  "filename": "plans/query9.json", 
  "Parallel Aware": false, 
  "Parent Relationship": "InitPlan", 
  "Output": [
   "count(*)"
  ], 
  "Plan Width": 8, 
  "Subplan Name": "InitPlan 7 (returns $6)", 
  "Node Type": "Aggregate", 
  "Total Cost": 15.12
 }, 
 {
  "Partial Mode": "Simple", 
  "Startup Cost": 15.11, 
  "plan_id": 2202, 
  "Plans": [
   2203
  ], 
  "Plan Rows": 1, 
  "Strategy": "Plain", 
  "filename": "plans/query9.json", 
  "Parallel Aware": false, 
  "Parent Relationship": "InitPlan", 
  "Output": [
   "avg(store_sales_7.ss_ext_list_price)"
  ], 
  "Plan Width": 32, 
  "Subplan Name": "InitPlan 8 (returns $7)", 
  "Node Type": "Aggregate", 
  "Total Cost": 15.12
 }, 
 {
  "Partial Mode": "Simple", 
  "Startup Cost": 15.11, 
  "plan_id": 2204, 
  "Plans": [
   2205
  ], 
  "Plan Rows": 1, 
  "Strategy": "Plain", 
  "filename": "plans/query9.json", 
  "Parallel Aware": false, 
  "Parent Relationship": "InitPlan", 
  "Output": [
   "avg(store_sales_8.ss_net_paid)"
  ], 
  "Plan Width": 32, 
  "Subplan Name": "InitPlan 9 (returns $8)", 
  "Node Type": "Aggregate", 
  "Total Cost": 15.12
 }, 
 {
  "Partial Mode": "Simple", 
  "Startup Cost": 15.11, 
  "plan_id": 2206, 
  "Plans": [
   2207
  ], 
  "Plan Rows": 1, 
  "Strategy": "Plain", 
  "filename": "plans/query9.json", 
  "Parallel Aware": false, 
  "Parent Relationship": "InitPlan", 
  "Output": [
   "count(*)"
  ], 
  "Plan Width": 8, 
  "Subplan Name": "InitPlan 10 (returns $9)", 
  "Node Type": "Aggregate", 
  "Total Cost": 15.12
 }, 
 {
  "Partial Mode": "Simple", 
  "Startup Cost": 15.11, 
  "plan_id": 2208, 
  "Plans": [
   2209
  ], 
  "Plan Rows": 1, 
  "Strategy": "Plain", 
  "filename": "plans/query9.json", 
  "Parallel Aware": false, 
  "Parent Relationship": "InitPlan", 
  "Output": [
   "avg(store_sales_10.ss_ext_list_price)"
  ], 
  "Plan Width": 32, 
  "Subplan Name": "InitPlan 11 (returns $10)", 
  "Node Type": "Aggregate", 
  "Total Cost": 15.12
 }, 
 {
  "Partial Mode": "Simple", 
  "Startup Cost": 15.11, 
  "plan_id": 2210, 
  "Plans": [
   2211
  ], 
  "Plan Rows": 1, 
  "Strategy": "Plain", 
  "filename": "plans/query9.json", 
  "Parallel Aware": false, 
  "Parent Relationship": "InitPlan", 
  "Output": [
   "avg(store_sales_11.ss_net_paid)"
  ], 
  "Plan Width": 32, 
  "Subplan Name": "InitPlan 12 (returns $11)", 
  "Node Type": "Aggregate", 
  "Total Cost": 15.12
 }, 
 {
  "Partial Mode": "Simple", 
  "Startup Cost": 15.11, 
  "plan_id": 2212, 
  "Plans": [
   2213
  ], 
  "Plan Rows": 1, 
  "Strategy": "Plain", 
  "filename": "plans/query9.json", 
  "Parallel Aware": false, 
  "Parent Relationship": "InitPlan", 
  "Output": [
   "count(*)"
  ], 
  "Plan Width": 8, 
  "Subplan Name": "InitPlan 13 (returns $12)", 
  "Node Type": "Aggregate", 
  "Total Cost": 15.12
 }, 
 {
  "Partial Mode": "Simple", 
  "Startup Cost": 15.11, 
  "plan_id": 2214, 
  "Plans": [
   2215
  ], 
  "Plan Rows": 1, 
  "Strategy": "Plain", 
  "filename": "plans/query9.json", 
  "Parallel Aware": false, 
  "Parent Relationship": "InitPlan", 
  "Output": [
   "avg(store_sales_13.ss_ext_list_price)"
  ], 
  "Plan Width": 32, 
  "Subplan Name": "InitPlan 14 (returns $13)", 
  "Node Type": "Aggregate", 
  "Total Cost": 15.12
 }, 
 {
  "Partial Mode": "Simple", 
  "Startup Cost": 15.11, 
  "plan_id": 2216, 
  "Plans": [
   2217
  ], 
  "Plan Rows": 1, 
  "Strategy": "Plain", 
  "filename": "plans/query9.json", 
  "Parallel Aware": false, 
  "Parent Relationship": "InitPlan", 
  "Output": [
   "avg(store_sales_14.ss_net_paid)"
  ], 
  "Plan Width": 32, 
  "Subplan Name": "InitPlan 15 (returns $14)", 
  "Node Type": "Aggregate", 
  "Total Cost": 15.12
 }, 
 {
  "Startup Cost": 226.9, 
  "Scan Direction": "Forward", 
  "plan_id": 2187, 
  "Plans": [
   2188, 
   2190, 
   2192, 
   2194, 
   2196, 
   2198, 
   2200, 
   2202, 
   2204, 
   2206, 
   2208, 
   2210, 
   2212, 
   2214, 
   2216
  ], 
  "Node Type": "Index Only Scan", 
  "Index Cond": "(reason.r_reason_sk = 1)", 
  "Plan Rows": 1, 
  "Relation Name": "reason", 
  "Alias": "reason", 
  "filename": "plans/query9.json", 
  "Schema": "pg_temp_2", 
  "Parallel Aware": false, 
  "Output": [
   "CASE WHEN ($0 > 17722) THEN $1 ELSE $2 END", 
   "CASE WHEN ($3 > 35265) THEN $4 ELSE $5 END", 
   "CASE WHEN ($6 > 29666) THEN $7 ELSE $8 END", 
   "CASE WHEN ($9 > 32399) THEN $10 ELSE $11 END", 
   "CASE WHEN ($12 > 36269) THEN $13 ELSE $14 END"
  ], 
  "Index Name": "reason_pkey", 
  "Plan Width": 160, 
  "Total Cost": 234.93
 }, 
 {
  "Relation Name": "web_page", 
  "Startup Cost": 0.0, 
  "plan_id": 2227, 
  "Node Type": "Seq Scan", 
  "Plan Rows": 1, 
  "Filter": "((web_page.wp_char_count >= 5000) AND (web_page.wp_char_count <= 5200))", 
  "Alias": "web_page", 
  "filename": "plans/query90.json", 
  "Schema": "pg_temp_2", 
  "Parallel Aware": false, 
  "Parent Relationship": "Outer", 
  "Output": [
   "web_page.wp_web_page_sk"
  ], 
  "Plan Width": 4, 
  "Total Cost": 12.1
 }, 
 {
  "Startup Cost": 0.0, 
  "plan_id": 2225, 
  "Node Type": "Seq Scan", 
  "Plan Rows": 260, 
  "Relation Name": "web_sales", 
  "Alias": "web_sales", 
  "filename": "plans/query90.json", 
  "Schema": "pg_temp_2", 
  "Parallel Aware": false, 
  "Parent Relationship": "Outer", 
  "Output": [
   "web_sales.ws_sold_date_sk", 
   "web_sales.ws_sold_time_sk", 
   "web_sales.ws_ship_date_sk", 
   "web_sales.ws_item_sk", 
   "web_sales.ws_bill_customer_sk", 
   "web_sales.ws_bill_cdemo_sk", 
   "web_sales.ws_bill_hdemo_sk", 
   "web_sales.ws_bill_addr_sk", 
   "web_sales.ws_ship_customer_sk", 
   "web_sales.ws_ship_cdemo_sk", 
   "web_sales.ws_ship_hdemo_sk", 
   "web_sales.ws_ship_addr_sk", 
   "web_sales.ws_web_page_sk", 
   "web_sales.ws_web_site_sk", 
   "web_sales.ws_ship_mode_sk", 
   "web_sales.ws_warehouse_sk", 
   "web_sales.ws_promo_sk", 
   "web_sales.ws_order_number", 
   "web_sales.ws_quantity", 
   "web_sales.ws_wholesale_cost", 
   "web_sales.ws_list_price", 
   "web_sales.ws_sales_price", 
   "web_sales.ws_ext_discount_amt", 
   "web_sales.ws_ext_sales_price", 
   "web_sales.ws_ext_wholesale_cost", 
   "web_sales.ws_ext_list_price", 
   "web_sales.ws_ext_tax", 
   "web_sales.ws_coupon_amt", 
   "web_sales.ws_ext_ship_cost", 
   "web_sales.ws_net_paid", 
   "web_sales.ws_net_paid_inc_tax", 
   "web_sales.ws_net_paid_inc_ship", 
   "web_sales.ws_net_paid_inc_ship_tax", 
   "web_sales.ws_net_profit"
  ], 
  "Plan Width": 12, 
  "Total Cost": 12.6
 }, 
 {
  "Startup Cost": 12.1, 
  "plan_id": 2226, 
  "Plans": [
   2227
  ], 
  "Plan Rows": 1, 
  "Node Type": "Hash", 
  "filename": "plans/query90.json", 
  "Parallel Aware": false, 
  "Parent Relationship": "Inner", 
  "Output": [
   "web_page.wp_web_page_sk"
  ], 
  "Plan Width": 4, 
  "Total Cost": 12.1
 }, 
 {
  "Startup Cost": 12.11, 
  "Plan Width": 8, 
  "plan_id": 2224, 
  "Plans": [
   2225, 
   2226
  ], 
  "Plan Rows": 1, 
  "Node Type": "Hash Join", 
  "Join Type": "Inner", 
  "filename": "plans/query90.json", 
  "Parallel Aware": false, 
  "Output": [
   "web_sales.ws_sold_time_sk", 
   "web_sales.ws_ship_hdemo_sk"
  ], 
  "Hash Cond": "(web_sales.ws_web_page_sk = web_page.wp_web_page_sk)", 
  "Parent Relationship": "Outer", 
  "Total Cost": 25.7
 }, 
 {
  "Filter": "(household_demographics.hd_dep_count = 6)", 
  "Startup Cost": 0.15, 
  "filename": "plans/query90.json", 
  "plan_id": 2228, 
  "Scan Direction": "Forward", 
  "Index Cond": "(household_demographics.hd_demo_sk = web_sales.ws_ship_hdemo_sk)", 
  "Node Type": "Index Scan", 
  "Relation Name": "household_demographics", 
  "Alias": "household_demographics", 
  "Plan Rows": 1, 
  "Schema": "pg_temp_2", 
  "Parallel Aware": false, 
  "Parent Relationship": "Inner", 
  "Output": [
   "household_demographics.hd_demo_sk", 
   "household_demographics.hd_income_band_sk", 
   "household_demographics.hd_buy_potential", 
   "household_demographics.hd_dep_count", 
   "household_demographics.hd_vehicle_count"
  ], 
  "Index Name": "household_demographics_pkey", 
  "Plan Width": 4, 
  "Total Cost": 0.34
 }, 
 {
  "Startup Cost": 12.26, 
  "plan_id": 2223, 
  "Plans": [
   2224, 
   2228
  ], 
  "Plan Rows": 1, 
  "Node Type": "Nested Loop", 
  "Join Type": "Inner", 
  "filename": "plans/query90.json", 
  "Parallel Aware": false, 
  "Parent Relationship": "Outer", 
  "Output": [
   "web_sales.ws_sold_time_sk"
  ], 
  "Plan Width": 4, 
  "Total Cost": 26.05
 }, 
 {
  "Filter": "((time_dim.t_hour >= 7) AND (time_dim.t_hour <= 8))", 
  "Startup Cost": 0.14, 
  "filename": "plans/query90.json", 
  "plan_id": 2229, 
  "Scan Direction": "Forward", 
  "Index Cond": "(time_dim.t_time_sk = web_sales.ws_sold_time_sk)", 
  "Node Type": "Index Scan", 
  "Relation Name": "time_dim", 
  "Alias": "time_dim", 
  "Plan Rows": 1, 
  "Schema": "pg_temp_2", 
  "Parallel Aware": false, 
  "Parent Relationship": "Inner", 
  "Output": [
   "time_dim.t_time_sk", 
   "time_dim.t_time_id", 
   "time_dim.t_time", 
   "time_dim.t_hour", 
   "time_dim.t_minute", 
   "time_dim.t_second", 
   "time_dim.t_am_pm", 
   "time_dim.t_shift", 
   "time_dim.t_sub_shift", 
   "time_dim.t_meal_time"
  ], 
  "Index Name": "time_dim_pkey", 
  "Plan Width": 4, 
  "Total Cost": 0.34
 }, 
 {
  "Startup Cost": 12.41, 
  "plan_id": 2222, 
  "Plans": [
   2223, 
   2229
  ], 
  "Plan Rows": 1, 
  "Node Type": "Nested Loop", 
  "Join Type": "Inner", 
  "filename": "plans/query90.json", 
  "Parallel Aware": false, 
  "Parent Relationship": "Outer", 
  "Plan Width": 0, 
  "Total Cost": 26.39
 }, 
 {
  "Relation Name": "web_page", 
  "Startup Cost": 0.0, 
  "plan_id": 2236, 
  "Node Type": "Seq Scan", 
  "Plan Rows": 1, 
  "Filter": "((web_page_1.wp_char_count >= 5000) AND (web_page_1.wp_char_count <= 5200))", 
  "Alias": "web_page_1", 
  "filename": "plans/query90.json", 
  "Schema": "pg_temp_2", 
  "Parallel Aware": false, 
  "Parent Relationship": "Outer", 
  "Output": [
   "web_page_1.wp_web_page_sk"
  ], 
  "Plan Width": 4, 
  "Total Cost": 12.1
 }, 
 {
  "Startup Cost": 0.0, 
  "plan_id": 2234, 
  "Node Type": "Seq Scan", 
  "Plan Rows": 260, 
  "Relation Name": "web_sales", 
  "Alias": "web_sales_1", 
  "filename": "plans/query90.json", 
  "Schema": "pg_temp_2", 
  "Parallel Aware": false, 
  "Parent Relationship": "Outer", 
  "Output": [
   "web_sales_1.ws_sold_date_sk", 
   "web_sales_1.ws_sold_time_sk", 
   "web_sales_1.ws_ship_date_sk", 
   "web_sales_1.ws_item_sk", 
   "web_sales_1.ws_bill_customer_sk", 
   "web_sales_1.ws_bill_cdemo_sk", 
   "web_sales_1.ws_bill_hdemo_sk", 
   "web_sales_1.ws_bill_addr_sk", 
   "web_sales_1.ws_ship_customer_sk", 
   "web_sales_1.ws_ship_cdemo_sk", 
   "web_sales_1.ws_ship_hdemo_sk", 
   "web_sales_1.ws_ship_addr_sk", 
   "web_sales_1.ws_web_page_sk", 
   "web_sales_1.ws_web_site_sk", 
   "web_sales_1.ws_ship_mode_sk", 
   "web_sales_1.ws_warehouse_sk", 
   "web_sales_1.ws_promo_sk", 
   "web_sales_1.ws_order_number", 
   "web_sales_1.ws_quantity", 
   "web_sales_1.ws_wholesale_cost", 
   "web_sales_1.ws_list_price", 
   "web_sales_1.ws_sales_price", 
   "web_sales_1.ws_ext_discount_amt", 
   "web_sales_1.ws_ext_sales_price", 
   "web_sales_1.ws_ext_wholesale_cost", 
   "web_sales_1.ws_ext_list_price", 
   "web_sales_1.ws_ext_tax", 
   "web_sales_1.ws_coupon_amt", 
   "web_sales_1.ws_ext_ship_cost", 
   "web_sales_1.ws_net_paid", 
   "web_sales_1.ws_net_paid_inc_tax", 
   "web_sales_1.ws_net_paid_inc_ship", 
   "web_sales_1.ws_net_paid_inc_ship_tax", 
   "web_sales_1.ws_net_profit"
  ], 
  "Plan Width": 12, 
  "Total Cost": 12.6
 }, 
 {
  "Startup Cost": 12.1, 
  "plan_id": 2235, 
  "Plans": [
   2236
  ], 
  "Plan Rows": 1, 
  "Node Type": "Hash", 
  "filename": "plans/query90.json", 
  "Parallel Aware": false, 
  "Parent Relationship": "Inner", 
  "Output": [
   "web_page_1.wp_web_page_sk"
  ], 
  "Plan Width": 4, 
  "Total Cost": 12.1
 }, 
 {
  "Startup Cost": 12.11, 
  "Plan Width": 8, 
  "plan_id": 2233, 
  "Plans": [
   2234, 
   2235
  ], 
  "Plan Rows": 1, 
  "Node Type": "Hash Join", 
  "Join Type": "Inner", 
  "filename": "plans/query90.json", 
  "Parallel Aware": false, 
  "Output": [
   "web_sales_1.ws_sold_time_sk", 
   "web_sales_1.ws_ship_hdemo_sk"
  ], 
  "Hash Cond": "(web_sales_1.ws_web_page_sk = web_page_1.wp_web_page_sk)", 
  "Parent Relationship": "Outer", 
  "Total Cost": 25.7
 }, 
 {
  "Filter": "(household_demographics_1.hd_dep_count = 6)", 
  "Startup Cost": 0.15, 
  "filename": "plans/query90.json", 
  "plan_id": 2237, 
  "Scan Direction": "Forward", 
  "Index Cond": "(household_demographics_1.hd_demo_sk = web_sales_1.ws_ship_hdemo_sk)", 
  "Node Type": "Index Scan", 
  "Relation Name": "household_demographics", 
  "Alias": "household_demographics_1", 
  "Plan Rows": 1, 
  "Schema": "pg_temp_2", 
  "Parallel Aware": false, 
  "Parent Relationship": "Inner", 
  "Output": [
   "household_demographics_1.hd_demo_sk", 
   "household_demographics_1.hd_income_band_sk", 
   "household_demographics_1.hd_buy_potential", 
   "household_demographics_1.hd_dep_count", 
   "household_demographics_1.hd_vehicle_count"
  ], 
  "Index Name": "household_demographics_pkey", 
  "Plan Width": 4, 
  "Total Cost": 0.34
 }, 
 {
  "Startup Cost": 12.26, 
  "plan_id": 2232, 
  "Plans": [
   2233, 
   2237
  ], 
  "Plan Rows": 1, 
  "Node Type": "Nested Loop", 
  "Join Type": "Inner", 
  "filename": "plans/query90.json", 
  "Parallel Aware": false, 
  "Parent Relationship": "Outer", 
  "Output": [
   "web_sales_1.ws_sold_time_sk"
  ], 
  "Plan Width": 4, 
  "Total Cost": 26.05
 }, 
 {
  "Filter": "((time_dim_1.t_hour >= 19) AND (time_dim_1.t_hour <= 20))", 
  "Startup Cost": 0.14, 
  "filename": "plans/query90.json", 
  "plan_id": 2238, 
  "Scan Direction": "Forward", 
  "Index Cond": "(time_dim_1.t_time_sk = web_sales_1.ws_sold_time_sk)", 
  "Node Type": "Index Scan", 
  "Relation Name": "time_dim", 
  "Alias": "time_dim_1", 
  "Plan Rows": 1, 
  "Schema": "pg_temp_2", 
  "Parallel Aware": false, 
  "Parent Relationship": "Inner", 
  "Output": [
   "time_dim_1.t_time_sk", 
   "time_dim_1.t_time_id", 
   "time_dim_1.t_time", 
   "time_dim_1.t_hour", 
   "time_dim_1.t_minute", 
   "time_dim_1.t_second", 
   "time_dim_1.t_am_pm", 
   "time_dim_1.t_shift", 
   "time_dim_1.t_sub_shift", 
   "time_dim_1.t_meal_time"
  ], 
  "Index Name": "time_dim_pkey", 
  "Plan Width": 4, 
  "Total Cost": 0.34
 }, 
 {
  "Startup Cost": 12.41, 
  "plan_id": 2231, 
  "Plans": [
   2232, 
   2238
  ], 
  "Plan Rows": 1, 
  "Node Type": "Nested Loop", 
  "Join Type": "Inner", 
  "filename": "plans/query90.json", 
  "Parallel Aware": false, 
  "Parent Relationship": "Outer", 
  "Plan Width": 0, 
  "Total Cost": 26.39
 }, 
 {
  "Partial Mode": "Simple", 
  "Startup Cost": 26.4, 
  "plan_id": 2221, 
  "Plans": [
   2222
  ], 
  "Plan Rows": 1, 
  "Strategy": "Plain", 
  "filename": "plans/query90.json", 
  "Parallel Aware": false, 
  "Parent Relationship": "Outer", 
  "Output": [
   "count(*)"
  ], 
  "Plan Width": 8, 
  "Node Type": "Aggregate", 
  "Total Cost": 26.41
 }, 
 {
  "Partial Mode": "Simple", 
  "Startup Cost": 26.4, 
  "plan_id": 2230, 
  "Plans": [
   2231
  ], 
  "Plan Rows": 1, 
  "Strategy": "Plain", 
  "filename": "plans/query90.json", 
  "Parallel Aware": false, 
  "Parent Relationship": "Inner", 
  "Output": [
   "count(*)"
  ], 
  "Plan Width": 8, 
  "Node Type": "Aggregate", 
  "Total Cost": 26.41
 }, 
 {
  "Startup Cost": 52.79, 
  "plan_id": 2220, 
  "Plans": [
   2221, 
   2230
  ], 
  "Plan Rows": 1, 
  "Node Type": "Nested Loop", 
  "Join Type": "Inner", 
  "filename": "plans/query90.json", 
  "Parallel Aware": false, 
  "Parent Relationship": "Outer", 
  "Output": [
   "(((count(*)))::numeric(15,4) / ((count(*)))::numeric(15,4))"
  ], 
  "Plan Width": 32, 
  "Total Cost": 52.85
 }, 
 {
  "Startup Cost": 52.86, 
  "plan_id": 2219, 
  "Plans": [
   2220
  ], 
  "Sort Key": [
   "((((count(*)))::numeric(15,4) / ((count(*)))::numeric(15,4)))"
  ], 
  "Plan Rows": 1, 
  "Node Type": "Sort", 
  "filename": "plans/query90.json", 
  "Parallel Aware": false, 
  "Parent Relationship": "Outer", 
  "Output": [
   "((((count(*)))::numeric(15,4) / ((count(*)))::numeric(15,4)))"
  ], 
  "Plan Width": 32, 
  "Total Cost": 52.87
 }, 
 {
  "Startup Cost": 52.86, 
  "plan_id": 2218, 
  "Plans": [
   2219
  ], 
  "Plan Rows": 1, 
  "Node Type": "Limit", 
  "filename": "plans/query90.json", 
  "Parallel Aware": false, 
  "Output": [
   "((((count(*)))::numeric(15,4) / ((count(*)))::numeric(15,4)))"
  ], 
  "Plan Width": 32, 
  "Total Cost": 52.87
 }, 
 {
  "Relation Name": "date_dim", 
  "Startup Cost": 0.0, 
  "plan_id": 2250, 
  "Node Type": "Seq Scan", 
  "Plan Rows": 1, 
  "Filter": "((date_dim.d_year = 1999) AND (date_dim.d_moy = 11))", 
  "Alias": "date_dim", 
  "filename": "plans/query91.json", 
  "Schema": "pg_temp_2", 
  "Parallel Aware": false, 
  "Parent Relationship": "Outer", 
  "Output": [
   "date_dim.d_date_sk"
  ], 
  "Plan Width": 4, 
  "Total Cost": 14.05
 }, 
 {
  "Startup Cost": 0.0, 
  "plan_id": 2248, 
  "Node Type": "Seq Scan", 
  "Plan Rows": 360, 
  "Relation Name": "catalog_returns", 
  "Alias": "catalog_returns", 
  "filename": "plans/query91.json", 
  "Schema": "pg_temp_2", 
  "Parallel Aware": false, 
  "Parent Relationship": "Outer", 
  "Output": [
   "catalog_returns.cr_returned_date_sk", 
   "catalog_returns.cr_returned_time_sk", 
   "catalog_returns.cr_item_sk", 
   "catalog_returns.cr_refunded_customer_sk", 
   "catalog_returns.cr_refunded_cdemo_sk", 
   "catalog_returns.cr_refunded_hdemo_sk", 
   "catalog_returns.cr_refunded_addr_sk", 
   "catalog_returns.cr_returning_customer_sk", 
   "catalog_returns.cr_returning_cdemo_sk", 
   "catalog_returns.cr_returning_hdemo_sk", 
   "catalog_returns.cr_returning_addr_sk", 
   "catalog_returns.cr_call_center_sk", 
   "catalog_returns.cr_catalog_page_sk", 
   "catalog_returns.cr_ship_mode_sk", 
   "catalog_returns.cr_warehouse_sk", 
   "catalog_returns.cr_reason_sk", 
   "catalog_returns.cr_order_number", 
   "catalog_returns.cr_return_quantity", 
   "catalog_returns.cr_return_amount", 
   "catalog_returns.cr_return_tax", 
   "catalog_returns.cr_return_amt_inc_tax", 
   "catalog_returns.cr_fee", 
   "catalog_returns.cr_return_ship_cost", 
   "catalog_returns.cr_refunded_cash", 
   "catalog_returns.cr_reversed_charge", 
   "catalog_returns.cr_store_credit", 
   "catalog_returns.cr_net_loss"
  ], 
  "Plan Width": 26, 
  "Total Cost": 13.6
 }, 
 {
  "Startup Cost": 14.05, 
  "plan_id": 2249, 
  "Plans": [
   2250
  ], 
  "Plan Rows": 1, 
  "Node Type": "Hash", 
  "filename": "plans/query91.json", 
  "Parallel Aware": false, 
  "Parent Relationship": "Inner", 
  "Output": [
   "date_dim.d_date_sk"
  ], 
  "Plan Width": 4, 
  "Total Cost": 14.05
 }, 
 {
  "Startup Cost": 14.06, 
  "Plan Width": 22, 
  "plan_id": 2247, 
  "Plans": [
   2248, 
   2249
  ], 
  "Plan Rows": 1, 
  "Node Type": "Hash Join", 
  "Join Type": "Inner", 
  "filename": "plans/query91.json", 
  "Parallel Aware": false, 
  "Output": [
   "catalog_returns.cr_net_loss", 
   "catalog_returns.cr_call_center_sk", 
   "catalog_returns.cr_returning_customer_sk"
  ], 
  "Hash Cond": "(catalog_returns.cr_returned_date_sk = date_dim.d_date_sk)", 
  "Parent Relationship": "Outer", 
  "Total Cost": 29.02
 }, 
 {
  "Startup Cost": 0.14, 
  "filename": "plans/query91.json", 
  "plan_id": 2251, 
  "Scan Direction": "Forward", 
  "Index Cond": "(call_center.cc_call_center_sk = catalog_returns.cr_call_center_sk)", 
  "Node Type": "Index Scan", 
  "Relation Name": "call_center", 
  "Alias": "call_center", 
  "Plan Rows": 1, 
  "Schema": "pg_temp_2", 
  "Parallel Aware": false, 
  "Parent Relationship": "Inner", 
  "Output": [
   "call_center.cc_call_center_sk", 
   "call_center.cc_call_center_id", 
   "call_center.cc_rec_start_date", 
   "call_center.cc_rec_end_date", 
   "call_center.cc_closed_date_sk", 
   "call_center.cc_open_date_sk", 
   "call_center.cc_name", 
   "call_center.cc_class", 
   "call_center.cc_employees", 
   "call_center.cc_sq_ft", 
   "call_center.cc_hours", 
   "call_center.cc_manager", 
   "call_center.cc_mkt_id", 
   "call_center.cc_mkt_class", 
   "call_center.cc_mkt_desc", 
   "call_center.cc_market_manager", 
   "call_center.cc_division", 
   "call_center.cc_division_name", 
   "call_center.cc_company", 
   "call_center.cc_company_name", 
   "call_center.cc_street_number", 
   "call_center.cc_street_name", 
   "call_center.cc_street_type", 
   "call_center.cc_suite_number", 
   "call_center.cc_city", 
   "call_center.cc_county", 
   "call_center.cc_state", 
   "call_center.cc_zip", 
   "call_center.cc_country", 
   "call_center.cc_gmt_offset", 
   "call_center.cc_tax_percentage"
  ], 
  "Index Name": "call_center_pkey", 
  "Plan Width": 288, 
  "Total Cost": 0.28
 }, 
 {
  "Startup Cost": 14.2, 
  "plan_id": 2246, 
  "Plans": [
   2247, 
   2251
  ], 
  "Plan Rows": 1, 
  "Node Type": "Nested Loop", 
  "Join Type": "Inner", 
  "filename": "plans/query91.json", 
  "Parallel Aware": false, 
  "Parent Relationship": "Outer", 
  "Output": [
   "call_center.cc_call_center_id", 
   "call_center.cc_name", 
   "call_center.cc_manager", 
   "catalog_returns.cr_net_loss", 
   "catalog_returns.cr_returning_customer_sk"
  ], 
  "Plan Width": 302, 
  "Total Cost": 29.31
 }, 
 {
  "Startup Cost": 0.14, 
  "filename": "plans/query91.json", 
  "plan_id": 2252, 
  "Scan Direction": "Forward", 
  "Index Cond": "(customer.c_customer_sk = catalog_returns.cr_returning_customer_sk)", 
  "Node Type": "Index Scan", 
  "Relation Name": "customer", 
  "Alias": "customer", 
  "Plan Rows": 1, 
  "Schema": "pg_temp_2", 
  "Parallel Aware": false, 
  "Parent Relationship": "Inner", 
  "Output": [
   "customer.c_customer_sk", 
   "customer.c_customer_id", 
   "customer.c_current_cdemo_sk", 
   "customer.c_current_hdemo_sk", 
   "customer.c_current_addr_sk", 
   "customer.c_first_shipto_date_sk", 
   "customer.c_first_sales_date_sk", 
   "customer.c_salutation", 
   "customer.c_first_name", 
   "customer.c_last_name", 
   "customer.c_preferred_cust_flag", 
   "customer.c_birth_day", 
   "customer.c_birth_month", 
   "customer.c_birth_year", 
   "customer.c_birth_country", 
   "customer.c_login", 
   "customer.c_email_address", 
   "customer.c_last_review_date"
  ], 
  "Index Name": "customer_pkey", 
  "Plan Width": 16, 
  "Total Cost": 0.28
 }, 
 {
  "Startup Cost": 14.35, 
  "plan_id": 2245, 
  "Plans": [
   2246, 
   2252
  ], 
  "Plan Rows": 1, 
  "Node Type": "Nested Loop", 
  "Join Type": "Inner", 
  "filename": "plans/query91.json", 
  "Parallel Aware": false, 
  "Parent Relationship": "Outer", 
  "Output": [
   "call_center.cc_call_center_id", 
   "call_center.cc_name", 
   "call_center.cc_manager", 
   "catalog_returns.cr_net_loss", 
   "customer.c_current_cdemo_sk", 
   "customer.c_current_hdemo_sk", 
   "customer.c_current_addr_sk"
  ], 
  "Plan Width": 310, 
  "Total Cost": 29.6
 }, 
 {
  "Filter": "(customer_address.ca_gmt_offset = '-7'::numeric)", 
  "Startup Cost": 0.14, 
  "filename": "plans/query91.json", 
  "plan_id": 2253, 
  "Scan Direction": "Forward", 
  "Index Cond": "(customer_address.ca_address_sk = customer.c_current_addr_sk)", 
  "Node Type": "Index Scan", 
  "Relation Name": "customer_address", 
  "Alias": "customer_address", 
  "Plan Rows": 1, 
  "Schema": "pg_temp_2", 
  "Parallel Aware": false, 
  "Parent Relationship": "Inner", 
  "Output": [
   "customer_address.ca_address_sk", 
   "customer_address.ca_address_id", 
   "customer_address.ca_street_number", 
   "customer_address.ca_street_name", 
   "customer_address.ca_street_type", 
   "customer_address.ca_suite_number", 
   "customer_address.ca_city", 
   "customer_address.ca_county", 
   "customer_address.ca_state", 
   "customer_address.ca_zip", 
   "customer_address.ca_country", 
   "customer_address.ca_gmt_offset", 
   "customer_address.ca_location_type"
  ], 
  "Index Name": "customer_address_pkey", 
  "Plan Width": 4, 
  "Total Cost": 0.6
 }, 
 {
  "Startup Cost": 14.49, 
  "plan_id": 2244, 
  "Plans": [
   2245, 
   2253
  ], 
  "Plan Rows": 1, 
  "Node Type": "Nested Loop", 
  "Join Type": "Inner", 
  "filename": "plans/query91.json", 
  "Parallel Aware": false, 
  "Parent Relationship": "Outer", 
  "Output": [
   "call_center.cc_call_center_id", 
   "call_center.cc_name", 
   "call_center.cc_manager", 
   "catalog_returns.cr_net_loss", 
   "customer.c_current_cdemo_sk", 
   "customer.c_current_hdemo_sk"
  ], 
  "Plan Width": 306, 
  "Total Cost": 30.22
 }, 
 {
  "Filter": "(((customer_demographics.cd_marital_status = 'M'::bpchar) AND (customer_demographics.cd_education_status = 'Unknown'::bpchar)) OR ((customer_demographics.cd_marital_status = 'W'::bpchar) AND (customer_demographics.cd_education_status = 'Advanced Degree'::bpchar)))", 
  "Startup Cost": 0.15, 
  "filename": "plans/query91.json", 
  "plan_id": 2254, 
  "Scan Direction": "Forward", 
  "Index Cond": "(customer_demographics.cd_demo_sk = customer.c_current_cdemo_sk)", 
  "Node Type": "Index Scan", 
  "Relation Name": "customer_demographics", 
  "Alias": "customer_demographics", 
  "Plan Rows": 1, 
  "Schema": "pg_temp_2", 
  "Parallel Aware": false, 
  "Parent Relationship": "Inner", 
  "Output": [
   "customer_demographics.cd_demo_sk", 
   "customer_demographics.cd_gender", 
   "customer_demographics.cd_marital_status", 
   "customer_demographics.cd_education_status", 
   "customer_demographics.cd_purchase_estimate", 
   "customer_demographics.cd_credit_rating", 
   "customer_demographics.cd_dep_count", 
   "customer_demographics.cd_dep_employed_count", 
   "customer_demographics.cd_dep_college_count"
  ], 
  "Index Name": "customer_demographics_pkey", 
  "Plan Width": 96, 
  "Total Cost": 0.61
 }, 
 {
  "Startup Cost": 14.64, 
  "plan_id": 2243, 
  "Plans": [
   2244, 
   2254
  ], 
  "Plan Rows": 1, 
  "Node Type": "Nested Loop", 
  "Join Type": "Inner", 
  "filename": "plans/query91.json", 
  "Parallel Aware": false, 
  "Parent Relationship": "Outer", 
  "Output": [
   "call_center.cc_call_center_id", 
   "call_center.cc_name", 
   "call_center.cc_manager", 
   "catalog_returns.cr_net_loss", 
   "customer.c_current_hdemo_sk", 
   "customer_demographics.cd_marital_status", 
   "customer_demographics.cd_education_status"
  ], 
  "Plan Width": 394, 
  "Total Cost": 30.84
 }, 
 {
  "Filter": "(household_demographics.hd_buy_potential ~~ '1001-5000%'::text)", 
  "Startup Cost": 0.15, 
  "filename": "plans/query91.json", 
  "plan_id": 2255, 
  "Scan Direction": "Forward", 
  "Index Cond": "(household_demographics.hd_demo_sk = customer.c_current_hdemo_sk)", 
  "Node Type": "Index Scan", 
  "Relation Name": "household_demographics", 
  "Alias": "household_demographics", 
  "Plan Rows": 1, 
  "Schema": "pg_temp_2", 
  "Parallel Aware": false, 
  "Parent Relationship": "Inner", 
  "Output": [
   "household_demographics.hd_demo_sk", 
   "household_demographics.hd_income_band_sk", 
   "household_demographics.hd_buy_potential", 
   "household_demographics.hd_dep_count", 
   "household_demographics.hd_vehicle_count"
  ], 
  "Index Name": "household_demographics_pkey", 
  "Plan Width": 4, 
  "Total Cost": 0.61
 }, 
 {
  "Startup Cost": 14.79, 
  "plan_id": 2242, 
  "Plans": [
   2243, 
   2255
  ], 
  "Plan Rows": 1, 
  "Node Type": "Nested Loop", 
  "Join Type": "Inner", 
  "filename": "plans/query91.json", 
  "Parallel Aware": false, 
  "Parent Relationship": "Outer", 
  "Output": [
   "call_center.cc_call_center_id", 
   "call_center.cc_name", 
   "call_center.cc_manager", 
   "customer_demographics.cd_marital_status", 
   "customer_demographics.cd_education_status", 
   "catalog_returns.cr_net_loss"
  ], 
  "Plan Width": 390, 
  "Total Cost": 31.46
 }, 
 {
  "Startup Cost": 31.47, 
  "plan_id": 2241, 
  "Plans": [
   2242
  ], 
  "Sort Key": [
   "call_center.cc_call_center_id", 
   "call_center.cc_name", 
   "call_center.cc_manager", 
   "customer_demographics.cd_marital_status", 
   "customer_demographics.cd_education_status"
  ], 
  "Plan Rows": 1, 
  "Node Type": "Sort", 
  "filename": "plans/query91.json", 
  "Parallel Aware": false, 
  "Parent Relationship": "Outer", 
  "Output": [
   "call_center.cc_call_center_id", 
   "call_center.cc_name", 
   "call_center.cc_manager", 
   "customer_demographics.cd_marital_status", 
   "customer_demographics.cd_education_status", 
   "catalog_returns.cr_net_loss"
  ], 
  "Plan Width": 390, 
  "Total Cost": 31.48
 }, 
 {
  "Partial Mode": "Simple", 
  "Startup Cost": 31.47, 
  "Plan Width": 408, 
  "plan_id": 2240, 
  "Plans": [
   2241
  ], 
  "filename": "plans/query91.json", 
  "Node Type": "Aggregate", 
  "Strategy": "Sorted", 
  "Plan Rows": 1, 
  "Parallel Aware": false, 
  "Output": [
   "call_center.cc_call_center_id", 
   "call_center.cc_name", 
   "call_center.cc_manager", 
   "sum(catalog_returns.cr_net_loss)", 
   "customer_demographics.cd_marital_status", 
   "customer_demographics.cd_education_status"
  ], 
  "Group Key": [
   "call_center.cc_call_center_id", 
   "call_center.cc_name", 
   "call_center.cc_manager", 
   "customer_demographics.cd_marital_status", 
   "customer_demographics.cd_education_status"
  ], 
  "Parent Relationship": "Outer", 
  "Total Cost": 31.5
 }, 
 {
  "Startup Cost": 31.51, 
  "plan_id": 2239, 
  "Plans": [
   2240
  ], 
  "Sort Key": [
   "(sum(catalog_returns.cr_net_loss)) DESC"
  ], 
  "Plan Rows": 1, 
  "Node Type": "Sort", 
  "filename": "plans/query91.json", 
  "Parallel Aware": false, 
  "Output": [
   "call_center.cc_call_center_id", 
   "call_center.cc_name", 
   "call_center.cc_manager", 
   "(sum(catalog_returns.cr_net_loss))", 
   "customer_demographics.cd_marital_status", 
   "customer_demographics.cd_education_status"
  ], 
  "Plan Width": 408, 
  "Total Cost": 31.52
 }, 
 {
  "Startup Cost": 0.15, 
  "filename": "plans/query92.json", 
  "plan_id": 2265, 
  "Scan Direction": "Forward", 
  "Index Cond": "(web_sales_1.ws_item_sk = item.i_item_sk)", 
  "Node Type": "Index Scan", 
  "Relation Name": "web_sales", 
  "Alias": "web_sales_1", 
  "Plan Rows": 1, 
  "Schema": "pg_temp_2", 
  "Parallel Aware": false, 
  "Parent Relationship": "Outer", 
  "Output": [
   "web_sales_1.ws_sold_date_sk", 
   "web_sales_1.ws_sold_time_sk", 
   "web_sales_1.ws_ship_date_sk", 
   "web_sales_1.ws_item_sk", 
   "web_sales_1.ws_bill_customer_sk", 
   "web_sales_1.ws_bill_cdemo_sk", 
   "web_sales_1.ws_bill_hdemo_sk", 
   "web_sales_1.ws_bill_addr_sk", 
   "web_sales_1.ws_ship_customer_sk", 
   "web_sales_1.ws_ship_cdemo_sk", 
   "web_sales_1.ws_ship_hdemo_sk", 
   "web_sales_1.ws_ship_addr_sk", 
   "web_sales_1.ws_web_page_sk", 
   "web_sales_1.ws_web_site_sk", 
   "web_sales_1.ws_ship_mode_sk", 
   "web_sales_1.ws_warehouse_sk", 
   "web_sales_1.ws_promo_sk", 
   "web_sales_1.ws_order_number", 
   "web_sales_1.ws_quantity", 
   "web_sales_1.ws_wholesale_cost", 
   "web_sales_1.ws_list_price", 
   "web_sales_1.ws_sales_price", 
   "web_sales_1.ws_ext_discount_amt", 
   "web_sales_1.ws_ext_sales_price", 
   "web_sales_1.ws_ext_wholesale_cost", 
   "web_sales_1.ws_ext_list_price", 
   "web_sales_1.ws_ext_tax", 
   "web_sales_1.ws_coupon_amt", 
   "web_sales_1.ws_ext_ship_cost", 
   "web_sales_1.ws_net_paid", 
   "web_sales_1.ws_net_paid_inc_tax", 
   "web_sales_1.ws_net_paid_inc_ship", 
   "web_sales_1.ws_net_paid_inc_ship_tax", 
   "web_sales_1.ws_net_profit"
  ], 
  "Index Name": "web_sales_pkey", 
  "Plan Width": 18, 
  "Total Cost": 8.17
 }, 
 {
  "Filter": "((date_dim_1.d_date >= '1998-02-16'::date) AND (date_dim_1.d_date <= '1998-05-17 00:00:00'::timestamp without time zone))", 
  "Startup Cost": 0.15, 
  "filename": "plans/query92.json", 
  "plan_id": 2266, 
  "Scan Direction": "Forward", 
  "Index Cond": "(date_dim_1.d_date_sk = web_sales_1.ws_sold_date_sk)", 
  "Node Type": "Index Scan", 
  "Relation Name": "date_dim", 
  "Alias": "date_dim_1", 
  "Plan Rows": 1, 
  "Schema": "pg_temp_2", 
  "Parallel Aware": false, 
  "Parent Relationship": "Inner", 
  "Output": [
   "date_dim_1.d_date_sk", 
   "date_dim_1.d_date_id", 
   "date_dim_1.d_date", 
   "date_dim_1.d_month_seq", 
   "date_dim_1.d_week_seq", 
   "date_dim_1.d_quarter_seq", 
   "date_dim_1.d_year", 
   "date_dim_1.d_dow", 
   "date_dim_1.d_moy", 
   "date_dim_1.d_dom", 
   "date_dim_1.d_qoy", 
   "date_dim_1.d_fy_year", 
   "date_dim_1.d_fy_quarter_seq", 
   "date_dim_1.d_fy_week_seq", 
   "date_dim_1.d_day_name", 
   "date_dim_1.d_quarter_name", 
   "date_dim_1.d_holiday", 
   "date_dim_1.d_weekend", 
   "date_dim_1.d_following_holiday", 
   "date_dim_1.d_first_dom", 
   "date_dim_1.d_last_dom", 
   "date_dim_1.d_same_day_ly", 
   "date_dim_1.d_same_day_lq", 
   "date_dim_1.d_current_day", 
   "date_dim_1.d_current_week", 
   "date_dim_1.d_current_month", 
   "date_dim_1.d_current_quarter", 
   "date_dim_1.d_current_year"
  ], 
  "Index Name": "date_dim_pkey", 
  "Plan Width": 4, 
  "Total Cost": 8.17
 }, 
 {
  "Startup Cost": 0.29, 
  "plan_id": 2264, 
  "Plans": [
   2265, 
   2266
  ], 
  "Plan Rows": 1, 
  "Node Type": "Nested Loop", 
  "Join Type": "Inner", 
  "filename": "plans/query92.json", 
  "Parallel Aware": false, 
  "Parent Relationship": "Outer", 
  "Output": [
   "web_sales_1.ws_ext_discount_amt"
  ], 
  "Plan Width": 14, 
  "Total Cost": 16.35
 }, 
 {
  "Partial Mode": "Simple", 
  "Startup Cost": 16.35, 
  "plan_id": 2263, 
  "Plans": [
   2264
  ], 
  "Plan Rows": 1, 
  "Strategy": "Plain", 
  "filename": "plans/query92.json", 
  "Parallel Aware": false, 
  "Parent Relationship": "SubPlan", 
  "Output": [
   "(1.3 * avg(web_sales_1.ws_ext_discount_amt))"
  ], 
  "Plan Width": 32, 
  "Subplan Name": "SubPlan 1", 
  "Node Type": "Aggregate", 
  "Total Cost": 16.36
 }, 
 {
  "Relation Name": "item", 
  "Startup Cost": 0.0, 
  "plan_id": 2261, 
  "Node Type": "Seq Scan", 
  "Plan Rows": 1, 
  "Filter": "(item.i_manufact_id = 617)", 
  "Alias": "item", 
  "filename": "plans/query92.json", 
  "Schema": "pg_temp_2", 
  "Parallel Aware": false, 
  "Parent Relationship": "Outer", 
  "Output": [
   "item.i_item_sk", 
   "item.i_item_id", 
   "item.i_rec_start_date", 
   "item.i_rec_end_date", 
   "item.i_item_desc", 
   "item.i_current_price", 
   "item.i_wholesale_cost", 
   "item.i_brand_id", 
   "item.i_brand", 
   "item.i_class_id", 
   "item.i_class", 
   "item.i_category_id", 
   "item.i_category", 
   "item.i_manufact_id", 
   "item.i_manufact", 
   "item.i_size", 
   "item.i_formulation", 
   "item.i_color", 
   "item.i_units", 
   "item.i_container", 
   "item.i_manager_id", 
   "item.i_product_name"
  ], 
  "Plan Width": 4, 
  "Total Cost": 10.5
 }, 
 {
  "Filter": "(web_sales.ws_ext_discount_amt > (SubPlan 1))", 
  "Startup Cost": 0.15, 
  "Scan Direction": "Forward", 
  "plan_id": 2262, 
  "Plans": [
   2263
  ], 
  "Node Type": "Index Scan", 
  "Index Cond": "(web_sales.ws_item_sk = item.i_item_sk)", 
  "Plan Rows": 1, 
  "Relation Name": "web_sales", 
  "Alias": "web_sales", 
  "filename": "plans/query92.json", 
  "Schema": "pg_temp_2", 
  "Parallel Aware": false, 
  "Parent Relationship": "Inner", 
  "Output": [
   "web_sales.ws_sold_date_sk", 
   "web_sales.ws_sold_time_sk", 
   "web_sales.ws_ship_date_sk", 
   "web_sales.ws_item_sk", 
   "web_sales.ws_bill_customer_sk", 
   "web_sales.ws_bill_cdemo_sk", 
   "web_sales.ws_bill_hdemo_sk", 
   "web_sales.ws_bill_addr_sk", 
   "web_sales.ws_ship_customer_sk", 
   "web_sales.ws_ship_cdemo_sk", 
   "web_sales.ws_ship_hdemo_sk", 
   "web_sales.ws_ship_addr_sk", 
   "web_sales.ws_web_page_sk", 
   "web_sales.ws_web_site_sk", 
   "web_sales.ws_ship_mode_sk", 
   "web_sales.ws_warehouse_sk", 
   "web_sales.ws_promo_sk", 
   "web_sales.ws_order_number", 
   "web_sales.ws_quantity", 
   "web_sales.ws_wholesale_cost", 
   "web_sales.ws_list_price", 
   "web_sales.ws_sales_price", 
   "web_sales.ws_ext_discount_amt", 
   "web_sales.ws_ext_sales_price", 
   "web_sales.ws_ext_wholesale_cost", 
   "web_sales.ws_ext_list_price", 
   "web_sales.ws_ext_tax", 
   "web_sales.ws_coupon_amt", 
   "web_sales.ws_ext_ship_cost", 
   "web_sales.ws_net_paid", 
   "web_sales.ws_net_paid_inc_tax", 
   "web_sales.ws_net_paid_inc_ship", 
   "web_sales.ws_net_paid_inc_ship_tax", 
   "web_sales.ws_net_profit"
  ], 
  "Index Name": "web_sales_pkey", 
  "Plan Width": 22, 
  "Total Cost": 24.53
 }, 
 {
  "Startup Cost": 0.15, 
  "plan_id": 2260, 
  "Plans": [
   2261, 
   2262
  ], 
  "Plan Rows": 1, 
  "Node Type": "Nested Loop", 
  "Join Type": "Inner", 
  "filename": "plans/query92.json", 
  "Parallel Aware": false, 
  "Parent Relationship": "Outer", 
  "Output": [
   "web_sales.ws_ext_discount_amt", 
   "web_sales.ws_sold_date_sk"
  ], 
  "Plan Width": 18, 
  "Total Cost": 35.04
 }, 
 {
  "Filter": "((date_dim.d_date >= '1998-02-16'::date) AND (date_dim.d_date <= '1998-05-17 00:00:00'::timestamp without time zone))", 
  "Startup Cost": 0.15, 
  "filename": "plans/query92.json", 
  "plan_id": 2267, 
  "Scan Direction": "Forward", 
  "Index Cond": "(date_dim.d_date_sk = web_sales.ws_sold_date_sk)", 
  "Node Type": "Index Scan", 
  "Relation Name": "date_dim", 
  "Alias": "date_dim", 
  "Plan Rows": 1, 
  "Schema": "pg_temp_2", 
  "Parallel Aware": false, 
  "Parent Relationship": "Inner", 
  "Output": [
   "date_dim.d_date_sk", 
   "date_dim.d_date_id", 
   "date_dim.d_date", 
   "date_dim.d_month_seq", 
   "date_dim.d_week_seq", 
   "date_dim.d_quarter_seq", 
   "date_dim.d_year", 
   "date_dim.d_dow", 
   "date_dim.d_moy", 
   "date_dim.d_dom", 
   "date_dim.d_qoy", 
   "date_dim.d_fy_year", 
   "date_dim.d_fy_quarter_seq", 
   "date_dim.d_fy_week_seq", 
   "date_dim.d_day_name", 
   "date_dim.d_quarter_name", 
   "date_dim.d_holiday", 
   "date_dim.d_weekend", 
   "date_dim.d_following_holiday", 
   "date_dim.d_first_dom", 
   "date_dim.d_last_dom", 
   "date_dim.d_same_day_ly", 
   "date_dim.d_same_day_lq", 
   "date_dim.d_current_day", 
   "date_dim.d_current_week", 
   "date_dim.d_current_month", 
   "date_dim.d_current_quarter", 
   "date_dim.d_current_year"
  ], 
  "Index Name": "date_dim_pkey", 
  "Plan Width": 4, 
  "Total Cost": 0.34
 }, 
 {
  "Startup Cost": 0.29, 
  "plan_id": 2259, 
  "Plans": [
   2260, 
   2267
  ], 
  "Plan Rows": 1, 
  "Node Type": "Nested Loop", 
  "Join Type": "Inner", 
  "filename": "plans/query92.json", 
  "Parallel Aware": false, 
  "Parent Relationship": "Outer", 
  "Output": [
   "web_sales.ws_ext_discount_amt"
  ], 
  "Plan Width": 14, 
  "Total Cost": 35.39
 }, 
 {
  "Partial Mode": "Simple", 
  "Startup Cost": 35.39, 
  "plan_id": 2258, 
  "Plans": [
   2259
  ], 
  "Plan Rows": 1, 
  "Strategy": "Plain", 
  "filename": "plans/query92.json", 
  "Parallel Aware": false, 
  "Parent Relationship": "Outer", 
  "Output": [
   "sum(web_sales.ws_ext_discount_amt)"
  ], 
  "Plan Width": 32, 
  "Node Type": "Aggregate", 
  "Total Cost": 35.4
 }, 
 {
  "Startup Cost": 35.41, 
  "plan_id": 2257, 
  "Plans": [
   2258
  ], 
  "Sort Key": [
   "(sum(web_sales.ws_ext_discount_amt))"
  ], 
  "Plan Rows": 1, 
  "Node Type": "Sort", 
  "filename": "plans/query92.json", 
  "Parallel Aware": false, 
  "Parent Relationship": "Outer", 
  "Output": [
   "(sum(web_sales.ws_ext_discount_amt))"
  ], 
  "Plan Width": 32, 
  "Total Cost": 35.42
 }, 
 {
  "Startup Cost": 35.41, 
  "plan_id": 2256, 
  "Plans": [
   2257
  ], 
  "Plan Rows": 1, 
  "Node Type": "Limit", 
  "filename": "plans/query92.json", 
  "Parallel Aware": false, 
  "Output": [
   "(sum(web_sales.ws_ext_discount_amt))"
  ], 
  "Plan Width": 32, 
  "Total Cost": 35.42
 }, 
 {
  "Relation Name": "reason", 
  "Startup Cost": 0.0, 
  "plan_id": 2276, 
  "Node Type": "Seq Scan", 
  "Plan Rows": 1, 
  "Filter": "(reason.r_reason_desc = 'Did not fit'::bpchar)", 
  "Alias": "reason", 
  "filename": "plans/query93.json", 
  "Schema": "pg_temp_2", 
  "Parallel Aware": false, 
  "Parent Relationship": "Outer", 
  "Output": [
   "reason.r_reason_sk"
  ], 
  "Plan Width": 4, 
  "Total Cost": 12.0
 }, 
 {
  "Startup Cost": 0.0, 
  "plan_id": 2274, 
  "Node Type": "Seq Scan", 
  "Plan Rows": 410, 
  "Relation Name": "store_returns", 
  "Alias": "store_returns", 
  "filename": "plans/query93.json", 
  "Schema": "pg_temp_2", 
  "Parallel Aware": false, 
  "Parent Relationship": "Outer", 
  "Output": [
   "store_returns.sr_returned_date_sk", 
   "store_returns.sr_return_time_sk", 
   "store_returns.sr_item_sk", 
   "store_returns.sr_customer_sk", 
   "store_returns.sr_cdemo_sk", 
   "store_returns.sr_hdemo_sk", 
   "store_returns.sr_addr_sk", 
   "store_returns.sr_store_sk", 
   "store_returns.sr_reason_sk", 
   "store_returns.sr_ticket_number", 
   "store_returns.sr_return_quantity", 
   "store_returns.sr_return_amt", 
   "store_returns.sr_return_tax", 
   "store_returns.sr_return_amt_inc_tax", 
   "store_returns.sr_fee", 
   "store_returns.sr_return_ship_cost", 
   "store_returns.sr_refunded_cash", 
   "store_returns.sr_reversed_charge", 
   "store_returns.sr_store_credit", 
   "store_returns.sr_net_loss"
  ], 
  "Plan Width": 16, 
  "Total Cost": 14.1
 }, 
 {
  "Startup Cost": 12.0, 
  "plan_id": 2275, 
  "Plans": [
   2276
  ], 
  "Plan Rows": 1, 
  "Node Type": "Hash", 
  "filename": "plans/query93.json", 
  "Parallel Aware": false, 
  "Parent Relationship": "Inner", 
  "Output": [
   "reason.r_reason_sk"
  ], 
  "Plan Width": 4, 
  "Total Cost": 12.0
 }, 
 {
  "Startup Cost": 12.01, 
  "Plan Width": 12, 
  "plan_id": 2273, 
  "Plans": [
   2274, 
   2275
  ], 
  "Plan Rows": 2, 
  "Node Type": "Hash Join", 
  "Join Type": "Inner", 
  "filename": "plans/query93.json", 
  "Parallel Aware": false, 
  "Output": [
   "store_returns.sr_return_quantity", 
   "store_returns.sr_item_sk", 
   "store_returns.sr_ticket_number"
  ], 
  "Hash Cond": "(store_returns.sr_reason_sk = reason.r_reason_sk)", 
  "Parent Relationship": "Outer", 
  "Total Cost": 27.67
 }, 
 {
  "Startup Cost": 0.15, 
  "filename": "plans/query93.json", 
  "plan_id": 2277, 
  "Scan Direction": "Forward", 
  "Index Cond": "((store_sales.ss_item_sk = store_returns.sr_item_sk) AND (store_sales.ss_ticket_number = store_returns.sr_ticket_number))", 
  "Node Type": "Index Scan", 
  "Relation Name": "store_sales", 
  "Alias": "store_sales", 
  "Plan Rows": 1, 
  "Schema": "pg_temp_2", 
  "Parallel Aware": false, 
  "Parent Relationship": "Inner", 
  "Output": [
   "store_sales.ss_sold_date_sk", 
   "store_sales.ss_sold_time_sk", 
   "store_sales.ss_item_sk", 
   "store_sales.ss_customer_sk", 
   "store_sales.ss_cdemo_sk", 
   "store_sales.ss_hdemo_sk", 
   "store_sales.ss_addr_sk", 
   "store_sales.ss_store_sk", 
   "store_sales.ss_promo_sk", 
   "store_sales.ss_ticket_number", 
   "store_sales.ss_quantity", 
   "store_sales.ss_wholesale_cost", 
   "store_sales.ss_list_price", 
   "store_sales.ss_sales_price", 
   "store_sales.ss_ext_discount_amt", 
   "store_sales.ss_ext_sales_price", 
   "store_sales.ss_ext_wholesale_cost", 
   "store_sales.ss_ext_list_price", 
   "store_sales.ss_ext_tax", 
   "store_sales.ss_coupon_amt", 
   "store_sales.ss_net_paid", 
   "store_sales.ss_net_paid_inc_tax", 
   "store_sales.ss_net_profit"
  ], 
  "Index Name": "store_sales_pkey", 
  "Plan Width": 30, 
  "Total Cost": 0.27
 }, 
 {
  "Startup Cost": 12.16, 
  "plan_id": 2272, 
  "Plans": [
   2273, 
   2277
  ], 
  "Plan Rows": 1, 
  "Node Type": "Nested Loop", 
  "Join Type": "Inner", 
  "filename": "plans/query93.json", 
  "Parallel Aware": false, 
  "Parent Relationship": "Outer", 
  "Output": [
   "store_sales.ss_customer_sk", 
   "store_returns.sr_return_quantity", 
   "store_sales.ss_quantity", 
   "store_sales.ss_sales_price"
  ], 
  "Plan Width": 26, 
  "Total Cost": 28.24
 }, 
 {
  "Startup Cost": 28.25, 
  "plan_id": 2271, 
  "Plans": [
   2272
  ], 
  "Sort Key": [
   "store_sales.ss_customer_sk"
  ], 
  "Plan Rows": 1, 
  "Node Type": "Sort", 
  "filename": "plans/query93.json", 
  "Parallel Aware": false, 
  "Parent Relationship": "Outer", 
  "Output": [
   "store_sales.ss_customer_sk", 
   "store_returns.sr_return_quantity", 
   "store_sales.ss_quantity", 
   "store_sales.ss_sales_price"
  ], 
  "Plan Width": 26, 
  "Total Cost": 28.25
 }, 
 {
  "Partial Mode": "Simple", 
  "Startup Cost": 28.25, 
  "Plan Width": 36, 
  "plan_id": 2270, 
  "Plans": [
   2271
  ], 
  "filename": "plans/query93.json", 
  "Node Type": "Aggregate", 
  "Strategy": "Sorted", 
  "Plan Rows": 1, 
  "Parallel Aware": false, 
  "Output": [
   "store_sales.ss_customer_sk", 
   "sum(CASE WHEN (store_returns.sr_return_quantity IS NOT NULL) THEN (((store_sales.ss_quantity - store_returns.sr_return_quantity))::numeric * store_sales.ss_sales_price) ELSE ((store_sales.ss_quantity)::numeric * store_sales.ss_sales_price) END)"
  ], 
  "Group Key": [
   "store_sales.ss_customer_sk"
  ], 
  "Parent Relationship": "Outer", 
  "Total Cost": 28.28
 }, 
 {
  "Startup Cost": 28.29, 
  "plan_id": 2269, 
  "Plans": [
   2270
  ], 
  "Sort Key": [
   "(sum(CASE WHEN (store_returns.sr_return_quantity IS NOT NULL) THEN (((store_sales.ss_quantity - store_returns.sr_return_quantity))::numeric * store_sales.ss_sales_price) ELSE ((store_sales.ss_quantity)::numeric * store_sales.ss_sales_price) END))", 
   "store_sales.ss_customer_sk"
  ], 
  "Plan Rows": 1, 
  "Node Type": "Sort", 
  "filename": "plans/query93.json", 
  "Parallel Aware": false, 
  "Parent Relationship": "Outer", 
  "Output": [
   "store_sales.ss_customer_sk", 
   "(sum(CASE WHEN (store_returns.sr_return_quantity IS NOT NULL) THEN (((store_sales.ss_quantity - store_returns.sr_return_quantity))::numeric * store_sales.ss_sales_price) ELSE ((store_sales.ss_quantity)::numeric * store_sales.ss_sales_price) END))"
  ], 
  "Plan Width": 36, 
  "Total Cost": 28.3
 }, 
 {
  "Startup Cost": 28.29, 
  "plan_id": 2268, 
  "Plans": [
   2269
  ], 
  "Plan Rows": 1, 
  "Node Type": "Limit", 
  "filename": "plans/query93.json", 
  "Parallel Aware": false, 
  "Output": [
   "store_sales.ss_customer_sk", 
   "(sum(CASE WHEN (store_returns.sr_return_quantity IS NOT NULL) THEN (((store_sales.ss_quantity - store_returns.sr_return_quantity))::numeric * store_sales.ss_sales_price) ELSE ((store_sales.ss_quantity)::numeric * store_sales.ss_sales_price) END))"
  ], 
  "Plan Width": 36, 
  "Total Cost": 28.3
 }, 
 {
  "Relation Name": "web_site", 
  "Startup Cost": 0.0, 
  "plan_id": 2288, 
  "Node Type": "Seq Scan", 
  "Plan Rows": 1, 
  "Filter": "(web_site.web_company_name = 'pri'::bpchar)", 
  "Alias": "web_site", 
  "filename": "plans/query94.json", 
  "Schema": "pg_temp_2", 
  "Parallel Aware": false, 
  "Parent Relationship": "Outer", 
  "Output": [
   "web_site.web_site_sk"
  ], 
  "Plan Width": 4, 
  "Total Cost": 10.5
 }, 
 {
  "Startup Cost": 0.0, 
  "plan_id": 2286, 
  "Node Type": "Seq Scan", 
  "Plan Rows": 260, 
  "Relation Name": "web_sales", 
  "Alias": "ws1", 
  "filename": "plans/query94.json", 
  "Schema": "pg_temp_2", 
  "Parallel Aware": false, 
  "Parent Relationship": "Outer", 
  "Output": [
   "ws1.ws_sold_date_sk", 
   "ws1.ws_sold_time_sk", 
   "ws1.ws_ship_date_sk", 
   "ws1.ws_item_sk", 
   "ws1.ws_bill_customer_sk", 
   "ws1.ws_bill_cdemo_sk", 
   "ws1.ws_bill_hdemo_sk", 
   "ws1.ws_bill_addr_sk", 
   "ws1.ws_ship_customer_sk", 
   "ws1.ws_ship_cdemo_sk", 
   "ws1.ws_ship_hdemo_sk", 
   "ws1.ws_ship_addr_sk", 
   "ws1.ws_web_page_sk", 
   "ws1.ws_web_site_sk", 
   "ws1.ws_ship_mode_sk", 
   "ws1.ws_warehouse_sk", 
   "ws1.ws_promo_sk", 
   "ws1.ws_order_number", 
   "ws1.ws_quantity", 
   "ws1.ws_wholesale_cost", 
   "ws1.ws_list_price", 
   "ws1.ws_sales_price", 
   "ws1.ws_ext_discount_amt", 
   "ws1.ws_ext_sales_price", 
   "ws1.ws_ext_wholesale_cost", 
   "ws1.ws_ext_list_price", 
   "ws1.ws_ext_tax", 
   "ws1.ws_coupon_amt", 
   "ws1.ws_ext_ship_cost", 
   "ws1.ws_net_paid", 
   "ws1.ws_net_paid_inc_tax", 
   "ws1.ws_net_paid_inc_ship", 
   "ws1.ws_net_paid_inc_ship_tax", 
   "ws1.ws_net_profit"
  ], 
  "Plan Width": 48, 
  "Total Cost": 12.6
 }, 
 {
  "Startup Cost": 10.5, 
  "plan_id": 2287, 
  "Plans": [
   2288
  ], 
  "Plan Rows": 1, 
  "Node Type": "Hash", 
  "filename": "plans/query94.json", 
  "Parallel Aware": false, 
  "Parent Relationship": "Inner", 
  "Output": [
   "web_site.web_site_sk"
  ], 
  "Plan Width": 4, 
  "Total Cost": 10.5
 }, 
 {
  "Startup Cost": 10.51, 
  "Plan Width": 44, 
  "plan_id": 2285, 
  "Plans": [
   2286, 
   2287
  ], 
  "Plan Rows": 1, 
  "Node Type": "Hash Join", 
  "Join Type": "Inner", 
  "filename": "plans/query94.json", 
  "Parallel Aware": false, 
  "Output": [
   "ws1.ws_order_number", 
   "ws1.ws_ext_ship_cost", 
   "ws1.ws_net_profit", 
   "ws1.ws_ship_date_sk", 
   "ws1.ws_ship_addr_sk", 
   "ws1.ws_warehouse_sk"
  ], 
  "Hash Cond": "(ws1.ws_web_site_sk = web_site.web_site_sk)", 
  "Parent Relationship": "Outer", 
  "Total Cost": 24.1
 }, 
 {
  "Filter": "((date_dim.d_date >= '1999-02-01'::date) AND (date_dim.d_date <= '1999-04-02 00:00:00'::timestamp without time zone))", 
  "Startup Cost": 0.15, 
  "filename": "plans/query94.json", 
  "plan_id": 2289, 
  "Scan Direction": "Forward", 
  "Index Cond": "(date_dim.d_date_sk = ws1.ws_ship_date_sk)", 
  "Node Type": "Index Scan", 
  "Relation Name": "date_dim", 
  "Alias": "date_dim", 
  "Plan Rows": 1, 
  "Schema": "pg_temp_2", 
  "Parallel Aware": false, 
  "Parent Relationship": "Inner", 
  "Output": [
   "date_dim.d_date_sk", 
   "date_dim.d_date_id", 
   "date_dim.d_date", 
   "date_dim.d_month_seq", 
   "date_dim.d_week_seq", 
   "date_dim.d_quarter_seq", 
   "date_dim.d_year", 
   "date_dim.d_dow", 
   "date_dim.d_moy", 
   "date_dim.d_dom", 
   "date_dim.d_qoy", 
   "date_dim.d_fy_year", 
   "date_dim.d_fy_quarter_seq", 
   "date_dim.d_fy_week_seq", 
   "date_dim.d_day_name", 
   "date_dim.d_quarter_name", 
   "date_dim.d_holiday", 
   "date_dim.d_weekend", 
   "date_dim.d_following_holiday", 
   "date_dim.d_first_dom", 
   "date_dim.d_last_dom", 
   "date_dim.d_same_day_ly", 
   "date_dim.d_same_day_lq", 
   "date_dim.d_current_day", 
   "date_dim.d_current_week", 
   "date_dim.d_current_month", 
   "date_dim.d_current_quarter", 
   "date_dim.d_current_year"
  ], 
  "Index Name": "date_dim_pkey", 
  "Plan Width": 4, 
  "Total Cost": 0.34
 }, 
 {
  "Startup Cost": 10.66, 
  "plan_id": 2284, 
  "Plans": [
   2285, 
   2289
  ], 
  "Plan Rows": 1, 
  "Node Type": "Nested Loop", 
  "Join Type": "Inner", 
  "filename": "plans/query94.json", 
  "Parallel Aware": false, 
  "Parent Relationship": "Outer", 
  "Output": [
   "ws1.ws_order_number", 
   "ws1.ws_ext_ship_cost", 
   "ws1.ws_net_profit", 
   "ws1.ws_ship_addr_sk", 
   "ws1.ws_warehouse_sk"
  ], 
  "Plan Width": 40, 
  "Total Cost": 24.45
 }, 
 {
  "Filter": "(customer_address.ca_state = 'TN'::bpchar)", 
  "Startup Cost": 0.14, 
  "filename": "plans/query94.json", 
  "plan_id": 2290, 
  "Scan Direction": "Forward", 
  "Index Cond": "(customer_address.ca_address_sk = ws1.ws_ship_addr_sk)", 
  "Node Type": "Index Scan", 
  "Relation Name": "customer_address", 
  "Alias": "customer_address", 
  "Plan Rows": 1, 
  "Schema": "pg_temp_2", 
  "Parallel Aware": false, 
  "Parent Relationship": "Inner", 
  "Output": [
   "customer_address.ca_address_sk", 
   "customer_address.ca_address_id", 
   "customer_address.ca_street_number", 
   "customer_address.ca_street_name", 
   "customer_address.ca_street_type", 
   "customer_address.ca_suite_number", 
   "customer_address.ca_city", 
   "customer_address.ca_county", 
   "customer_address.ca_state", 
   "customer_address.ca_zip", 
   "customer_address.ca_country", 
   "customer_address.ca_gmt_offset", 
   "customer_address.ca_location_type"
  ], 
  "Index Name": "customer_address_pkey", 
  "Plan Width": 4, 
  "Total Cost": 0.33
 }, 
 {
  "Startup Cost": 10.8, 
  "plan_id": 2283, 
  "Plans": [
   2284, 
   2290
  ], 
  "Plan Rows": 1, 
  "Node Type": "Nested Loop", 
  "Join Type": "Inner", 
  "filename": "plans/query94.json", 
  "Parallel Aware": false, 
  "Parent Relationship": "Outer", 
  "Output": [
   "ws1.ws_order_number", 
   "ws1.ws_ext_ship_cost", 
   "ws1.ws_net_profit", 
   "ws1.ws_warehouse_sk"
  ], 
  "Plan Width": 36, 
  "Total Cost": 24.79
 }, 
 {
  "Filter": "(ws1.ws_warehouse_sk <> ws2.ws_warehouse_sk)", 
  "Startup Cost": 0.15, 
  "filename": "plans/query94.json", 
  "plan_id": 2291, 
  "Scan Direction": "Forward", 
  "Index Cond": "(ws2.ws_order_number = ws1.ws_order_number)", 
  "Node Type": "Index Scan", 
  "Relation Name": "web_sales", 
  "Alias": "ws2", 
  "Plan Rows": 1, 
  "Schema": "pg_temp_2", 
  "Parallel Aware": false, 
  "Parent Relationship": "Inner", 
  "Output": [
   "ws2.ws_sold_date_sk", 
   "ws2.ws_sold_time_sk", 
   "ws2.ws_ship_date_sk", 
   "ws2.ws_item_sk", 
   "ws2.ws_bill_customer_sk", 
   "ws2.ws_bill_cdemo_sk", 
   "ws2.ws_bill_hdemo_sk", 
   "ws2.ws_bill_addr_sk", 
   "ws2.ws_ship_customer_sk", 
   "ws2.ws_ship_cdemo_sk", 
   "ws2.ws_ship_hdemo_sk", 
   "ws2.ws_ship_addr_sk", 
   "ws2.ws_web_page_sk", 
   "ws2.ws_web_site_sk", 
   "ws2.ws_ship_mode_sk", 
   "ws2.ws_warehouse_sk", 
   "ws2.ws_promo_sk", 
   "ws2.ws_order_number", 
   "ws2.ws_quantity", 
   "ws2.ws_wholesale_cost", 
   "ws2.ws_list_price", 
   "ws2.ws_sales_price", 
   "ws2.ws_ext_discount_amt", 
   "ws2.ws_ext_sales_price", 
   "ws2.ws_ext_wholesale_cost", 
   "ws2.ws_ext_list_price", 
   "ws2.ws_ext_tax", 
   "ws2.ws_coupon_amt", 
   "ws2.ws_ext_ship_cost", 
   "ws2.ws_net_paid", 
   "ws2.ws_net_paid_inc_tax", 
   "ws2.ws_net_paid_inc_ship", 
   "ws2.ws_net_paid_inc_ship_tax", 
   "ws2.ws_net_profit"
  ], 
  "Index Name": "web_sales_pkey", 
  "Plan Width": 8, 
  "Total Cost": 2.28
 }, 
 {
  "Startup Cost": 10.95, 
  "plan_id": 2282, 
  "Plans": [
   2283, 
   2291
  ], 
  "Plan Rows": 1, 
  "Node Type": "Nested Loop", 
  "Join Type": "Semi", 
  "filename": "plans/query94.json", 
  "Parallel Aware": false, 
  "Parent Relationship": "Outer", 
  "Output": [
   "ws1.ws_order_number", 
   "ws1.ws_ext_ship_cost", 
   "ws1.ws_net_profit"
  ], 
  "Plan Width": 32, 
  "Total Cost": 29.21
 }, 
 {
  "Startup Cost": 0.15, 
  "filename": "plans/query94.json", 
  "plan_id": 2292, 
  "Scan Direction": "Forward", 
  "Index Cond": "(wr1.wr_order_number = ws1.ws_order_number)", 
  "Node Type": "Index Only Scan", 
  "Relation Name": "web_returns", 
  "Alias": "wr1", 
  "Plan Rows": 2, 
  "Schema": "pg_temp_2", 
  "Parallel Aware": false, 
  "Parent Relationship": "Inner", 
  "Output": [
   "wr1.wr_item_sk", 
   "wr1.wr_order_number"
  ], 
  "Index Name": "web_returns_pkey", 
  "Plan Width": 4, 
  "Total Cost": 3.19
 }, 
 {
  "Startup Cost": 11.1, 
  "plan_id": 2281, 
  "Plans": [
   2282, 
   2292
  ], 
  "Plan Rows": 1, 
  "Node Type": "Nested Loop", 
  "Join Type": "Anti", 
  "filename": "plans/query94.json", 
  "Parallel Aware": false, 
  "Parent Relationship": "Outer", 
  "Output": [
   "ws1.ws_order_number", 
   "ws1.ws_ext_ship_cost", 
   "ws1.ws_net_profit"
  ], 
  "Plan Width": 32, 
  "Total Cost": 32.14
 }, 
 {
  "Partial Mode": "Simple", 
  "Startup Cost": 32.16, 
  "plan_id": 2280, 
  "Plans": [
   2281
  ], 
  "Plan Rows": 1, 
  "Strategy": "Plain", 
  "filename": "plans/query94.json", 
  "Parallel Aware": false, 
  "Parent Relationship": "Outer", 
  "Output": [
   "count(DISTINCT ws1.ws_order_number)", 
   "sum(ws1.ws_ext_ship_cost)", 
   "sum(ws1.ws_net_profit)"
  ], 
  "Plan Width": 72, 
  "Node Type": "Aggregate", 
  "Total Cost": 32.17
 }, 
 {
  "Startup Cost": 32.18, 
  "plan_id": 2279, 
  "Plans": [
   2280
  ], 
  "Sort Key": [
   "(count(DISTINCT ws1.ws_order_number))"
  ], 
  "Plan Rows": 1, 
  "Node Type": "Sort", 
  "filename": "plans/query94.json", 
  "Parallel Aware": false, 
  "Parent Relationship": "Outer", 
  "Output": [
   "(count(DISTINCT ws1.ws_order_number))", 
   "(sum(ws1.ws_ext_ship_cost))", 
   "(sum(ws1.ws_net_profit))"
  ], 
  "Plan Width": 72, 
  "Total Cost": 32.18
 }, 
 {
  "Startup Cost": 32.18, 
  "plan_id": 2278, 
  "Plans": [
   2279
  ], 
  "Plan Rows": 1, 
  "Node Type": "Limit", 
  "filename": "plans/query94.json", 
  "Parallel Aware": false, 
  "Output": [
   "(count(DISTINCT ws1.ws_order_number))", 
   "(sum(ws1.ws_ext_ship_cost))", 
   "(sum(ws1.ws_net_profit))"
  ], 
  "Plan Width": 72, 
  "Total Cost": 32.18
 }, 
 {
  "Startup Cost": 0.0, 
  "plan_id": 2297, 
  "Node Type": "Seq Scan", 
  "Plan Rows": 260, 
  "Relation Name": "web_sales", 
  "Alias": "ws2", 
  "filename": "plans/query95.json", 
  "Schema": "pg_temp_2", 
  "Parallel Aware": false, 
  "Parent Relationship": "Outer", 
  "Output": [
   "ws2.ws_warehouse_sk", 
   "ws2.ws_order_number"
  ], 
  "Plan Width": 8, 
  "Total Cost": 12.6
 }, 
 {
  "Startup Cost": 0.0, 
  "plan_id": 2295, 
  "Node Type": "Seq Scan", 
  "Plan Rows": 260, 
  "Relation Name": "web_sales", 
  "Alias": "ws1_1", 
  "filename": "plans/query95.json", 
  "Schema": "pg_temp_2", 
  "Parallel Aware": false, 
  "Parent Relationship": "Outer", 
  "Output": [
   "ws1_1.ws_sold_date_sk", 
   "ws1_1.ws_sold_time_sk", 
   "ws1_1.ws_ship_date_sk", 
   "ws1_1.ws_item_sk", 
   "ws1_1.ws_bill_customer_sk", 
   "ws1_1.ws_bill_cdemo_sk", 
   "ws1_1.ws_bill_hdemo_sk", 
   "ws1_1.ws_bill_addr_sk", 
   "ws1_1.ws_ship_customer_sk", 
   "ws1_1.ws_ship_cdemo_sk", 
   "ws1_1.ws_ship_hdemo_sk", 
   "ws1_1.ws_ship_addr_sk", 
   "ws1_1.ws_web_page_sk", 
   "ws1_1.ws_web_site_sk", 
   "ws1_1.ws_ship_mode_sk", 
   "ws1_1.ws_warehouse_sk", 
   "ws1_1.ws_promo_sk", 
   "ws1_1.ws_order_number", 
   "ws1_1.ws_quantity", 
   "ws1_1.ws_wholesale_cost", 
   "ws1_1.ws_list_price", 
   "ws1_1.ws_sales_price", 
   "ws1_1.ws_ext_discount_amt", 
   "ws1_1.ws_ext_sales_price", 
   "ws1_1.ws_ext_wholesale_cost", 
   "ws1_1.ws_ext_list_price", 
   "ws1_1.ws_ext_tax", 
   "ws1_1.ws_coupon_amt", 
   "ws1_1.ws_ext_ship_cost", 
   "ws1_1.ws_net_paid", 
   "ws1_1.ws_net_paid_inc_tax", 
   "ws1_1.ws_net_paid_inc_ship", 
   "ws1_1.ws_net_paid_inc_ship_tax", 
   "ws1_1.ws_net_profit"
  ], 
  "Plan Width": 8, 
  "Total Cost": 12.6
 }, 
 {
  "Startup Cost": 12.6, 
  "plan_id": 2296, 
  "Plans": [
   2297
  ], 
  "Plan Rows": 260, 
  "Node Type": "Hash", 
  "filename": "plans/query95.json", 
  "Parallel Aware": false, 
  "Parent Relationship": "Inner", 
  "Output": [
   "ws2.ws_warehouse_sk", 
   "ws2.ws_order_number"
  ], 
  "Plan Width": 8, 
  "Total Cost": 12.6
 }, 
 {
  "Startup Cost": 0.0, 
  "plan_id": 2305, 
  "CTE Name": "ws_wh", 
  "Node Type": "CTE Scan", 
  "Plan Rows": 336, 
  "Alias": "ws_wh", 
  "filename": "plans/query95.json", 
  "Parallel Aware": false, 
  "Parent Relationship": "Outer", 
  "Output": [
   "ws_wh.ws_order_number", 
   "ws_wh.wh1", 
   "ws_wh.wh2"
  ], 
  "Plan Width": 4, 
  "Total Cost": 6.72
 }, 
 {
  "Relation Name": "web_site", 
  "Startup Cost": 0.0, 
  "plan_id": 2310, 
  "Node Type": "Seq Scan", 
  "Plan Rows": 1, 
  "Filter": "(web_site.web_company_name = 'pri'::bpchar)", 
  "Alias": "web_site", 
  "filename": "plans/query95.json", 
  "Schema": "pg_temp_2", 
  "Parallel Aware": false, 
  "Parent Relationship": "Outer", 
  "Output": [
   "web_site.web_site_sk"
  ], 
  "Plan Width": 4, 
  "Total Cost": 10.5
 }, 
 {
  "Startup Cost": 0.0, 
  "plan_id": 2308, 
  "Node Type": "Seq Scan", 
  "Plan Rows": 260, 
  "Relation Name": "web_sales", 
  "Alias": "ws1", 
  "filename": "plans/query95.json", 
  "Schema": "pg_temp_2", 
  "Parallel Aware": false, 
  "Parent Relationship": "Outer", 
  "Output": [
   "ws1.ws_sold_date_sk", 
   "ws1.ws_sold_time_sk", 
   "ws1.ws_ship_date_sk", 
   "ws1.ws_item_sk", 
   "ws1.ws_bill_customer_sk", 
   "ws1.ws_bill_cdemo_sk", 
   "ws1.ws_bill_hdemo_sk", 
   "ws1.ws_bill_addr_sk", 
   "ws1.ws_ship_customer_sk", 
   "ws1.ws_ship_cdemo_sk", 
   "ws1.ws_ship_hdemo_sk", 
   "ws1.ws_ship_addr_sk", 
   "ws1.ws_web_page_sk", 
   "ws1.ws_web_site_sk", 
   "ws1.ws_ship_mode_sk", 
   "ws1.ws_warehouse_sk", 
   "ws1.ws_promo_sk", 
   "ws1.ws_order_number", 
   "ws1.ws_quantity", 
   "ws1.ws_wholesale_cost", 
   "ws1.ws_list_price", 
   "ws1.ws_sales_price", 
   "ws1.ws_ext_discount_amt", 
   "ws1.ws_ext_sales_price", 
   "ws1.ws_ext_wholesale_cost", 
   "ws1.ws_ext_list_price", 
   "ws1.ws_ext_tax", 
   "ws1.ws_coupon_amt", 
   "ws1.ws_ext_ship_cost", 
   "ws1.ws_net_paid", 
   "ws1.ws_net_paid_inc_tax", 
   "ws1.ws_net_paid_inc_ship", 
   "ws1.ws_net_paid_inc_ship_tax", 
   "ws1.ws_net_profit"
  ], 
  "Plan Width": 44, 
  "Total Cost": 12.6
 }, 
 {
  "Startup Cost": 10.5, 
  "plan_id": 2309, 
  "Plans": [
   2310
  ], 
  "Plan Rows": 1, 
  "Node Type": "Hash", 
  "filename": "plans/query95.json", 
  "Parallel Aware": false, 
  "Parent Relationship": "Inner", 
  "Output": [
   "web_site.web_site_sk"
  ], 
  "Plan Width": 4, 
  "Total Cost": 10.5
 }, 
 {
  "Startup Cost": 10.51, 
  "Plan Width": 40, 
  "plan_id": 2307, 
  "Plans": [
   2308, 
   2309
  ], 
  "Plan Rows": 1, 
  "Node Type": "Hash Join", 
  "Join Type": "Inner", 
  "filename": "plans/query95.json", 
  "Parallel Aware": false, 
  "Output": [
   "ws1.ws_order_number", 
   "ws1.ws_ext_ship_cost", 
   "ws1.ws_net_profit", 
   "ws1.ws_ship_date_sk", 
   "ws1.ws_ship_addr_sk"
  ], 
  "Hash Cond": "(ws1.ws_web_site_sk = web_site.web_site_sk)", 
  "Parent Relationship": "Outer", 
  "Total Cost": 24.1
 }, 
 {
  "Partial Mode": "Simple", 
  "Startup Cost": 7.56, 
  "Plan Width": 4, 
  "plan_id": 2304, 
  "Plans": [
   2305
  ], 
  "filename": "plans/query95.json", 
  "Node Type": "Aggregate", 
  "Strategy": "Hashed", 
  "Plan Rows": 200, 
  "Parallel Aware": false, 
  "Output": [
   "ws_wh.ws_order_number"
  ], 
  "Group Key": [
   "ws_wh.ws_order_number"
  ], 
  "Parent Relationship": "Outer", 
  "Total Cost": 9.56
 }, 
 {
  "Startup Cost": 24.1, 
  "plan_id": 2306, 
  "Plans": [
   2307
  ], 
  "Plan Rows": 1, 
  "Node Type": "Hash", 
  "filename": "plans/query95.json", 
  "Parallel Aware": false, 
  "Parent Relationship": "Inner", 
  "Output": [
   "ws1.ws_order_number", 
   "ws1.ws_ext_ship_cost", 
   "ws1.ws_net_profit", 
   "ws1.ws_ship_date_sk", 
   "ws1.ws_ship_addr_sk"
  ], 
  "Plan Width": 40, 
  "Total Cost": 24.1
 }, 
 {
  "Startup Cost": 0.15, 
  "filename": "plans/query95.json", 
  "plan_id": 2314, 
  "Scan Direction": "Forward", 
  "Index Cond": "(web_returns.wr_order_number = ws_wh.ws_order_number)", 
  "Node Type": "Index Only Scan", 
  "Relation Name": "web_returns", 
  "Alias": "web_returns", 
  "Plan Rows": 2, 
  "Schema": "pg_temp_2", 
  "Parallel Aware": false, 
  "Parent Relationship": "Outer", 
  "Output": [
   "web_returns.wr_order_number"
  ], 
  "Index Name": "web_returns_pkey", 
  "Plan Width": 4, 
  "Total Cost": 3.15
 }, 
 {
  "Startup Cost": 0.0, 
  "plan_id": 2312, 
  "CTE Name": "ws_wh", 
  "Node Type": "CTE Scan", 
  "Plan Rows": 336, 
  "Alias": "ws_wh_1", 
  "filename": "plans/query95.json", 
  "Parallel Aware": false, 
  "Parent Relationship": "Outer", 
  "Output": [
   "ws_wh_1.ws_order_number", 
   "ws_wh_1.wh1", 
   "ws_wh_1.wh2"
  ], 
  "Plan Width": 4, 
  "Total Cost": 6.72
 }, 
 {
  "Startup Cost": 3.15, 
  "plan_id": 2313, 
  "Plans": [
   2314
  ], 
  "Plan Rows": 2, 
  "Node Type": "Hash", 
  "filename": "plans/query95.json", 
  "Parallel Aware": false, 
  "Parent Relationship": "Inner", 
  "Output": [
   "web_returns.wr_order_number"
  ], 
  "Plan Width": 4, 
  "Total Cost": 3.15
 }, 
 {
  "Startup Cost": 31.67, 
  "Plan Width": 44, 
  "plan_id": 2303, 
  "Plans": [
   2304, 
   2306
  ], 
  "Plan Rows": 1, 
  "Node Type": "Hash Join", 
  "Join Type": "Inner", 
  "filename": "plans/query95.json", 
  "Parallel Aware": false, 
  "Output": [
   "ws1.ws_order_number", 
   "ws1.ws_ext_ship_cost", 
   "ws1.ws_net_profit", 
   "ws1.ws_ship_date_sk", 
   "ws1.ws_ship_addr_sk", 
   "ws_wh.ws_order_number"
  ], 
  "Hash Cond": "(ws_wh.ws_order_number = ws1.ws_order_number)", 
  "Parent Relationship": "Outer", 
  "Total Cost": 34.43
 }, 
 {
  "Startup Cost": 3.17, 
  "Plan Width": 8, 
  "plan_id": 2311, 
  "Plans": [
   2312, 
   2313
  ], 
  "Plan Rows": 3, 
  "Node Type": "Hash Join", 
  "Join Type": "Inner", 
  "filename": "plans/query95.json", 
  "Parallel Aware": false, 
  "Output": [
   "web_returns.wr_order_number", 
   "ws_wh_1.ws_order_number"
  ], 
  "Hash Cond": "(ws_wh_1.ws_order_number = web_returns.wr_order_number)", 
  "Parent Relationship": "Inner", 
  "Join Filter": "(ws_wh.ws_order_number = ws_wh_1.ws_order_number)", 
  "Total Cost": 11.19
 }, 
 {
  "Startup Cost": 34.84, 
  "plan_id": 2302, 
  "Plans": [
   2303, 
   2311
  ], 
  "Plan Rows": 1, 
  "Node Type": "Nested Loop", 
  "Join Type": "Semi", 
  "filename": "plans/query95.json", 
  "Parallel Aware": false, 
  "Parent Relationship": "Outer", 
  "Output": [
   "ws1.ws_order_number", 
   "ws1.ws_ext_ship_cost", 
   "ws1.ws_net_profit", 
   "ws1.ws_ship_date_sk", 
   "ws1.ws_ship_addr_sk"
  ], 
  "Plan Width": 40, 
  "Join Filter": "(ws1.ws_order_number = web_returns.wr_order_number)", 
  "Total Cost": 53.68
 }, 
 {
  "Filter": "((date_dim.d_date >= '1999-02-01'::date) AND (date_dim.d_date <= '1999-04-02 00:00:00'::timestamp without time zone))", 
  "Startup Cost": 0.15, 
  "filename": "plans/query95.json", 
  "plan_id": 2315, 
  "Scan Direction": "Forward", 
  "Index Cond": "(date_dim.d_date_sk = ws1.ws_ship_date_sk)", 
  "Node Type": "Index Scan", 
  "Relation Name": "date_dim", 
  "Alias": "date_dim", 
  "Plan Rows": 1, 
  "Schema": "pg_temp_2", 
  "Parallel Aware": false, 
  "Parent Relationship": "Inner", 
  "Output": [
   "date_dim.d_date_sk", 
   "date_dim.d_date_id", 
   "date_dim.d_date", 
   "date_dim.d_month_seq", 
   "date_dim.d_week_seq", 
   "date_dim.d_quarter_seq", 
   "date_dim.d_year", 
   "date_dim.d_dow", 
   "date_dim.d_moy", 
   "date_dim.d_dom", 
   "date_dim.d_qoy", 
   "date_dim.d_fy_year", 
   "date_dim.d_fy_quarter_seq", 
   "date_dim.d_fy_week_seq", 
   "date_dim.d_day_name", 
   "date_dim.d_quarter_name", 
   "date_dim.d_holiday", 
   "date_dim.d_weekend", 
   "date_dim.d_following_holiday", 
   "date_dim.d_first_dom", 
   "date_dim.d_last_dom", 
   "date_dim.d_same_day_ly", 
   "date_dim.d_same_day_lq", 
   "date_dim.d_current_day", 
   "date_dim.d_current_week", 
   "date_dim.d_current_month", 
   "date_dim.d_current_quarter", 
   "date_dim.d_current_year"
  ], 
  "Index Name": "date_dim_pkey", 
  "Plan Width": 4, 
  "Total Cost": 0.34
 }, 
 {
  "Startup Cost": 34.99, 
  "plan_id": 2301, 
  "Plans": [
   2302, 
   2315
  ], 
  "Plan Rows": 1, 
  "Node Type": "Nested Loop", 
  "Join Type": "Inner", 
  "filename": "plans/query95.json", 
  "Parallel Aware": false, 
  "Parent Relationship": "Outer", 
  "Output": [
   "ws1.ws_order_number", 
   "ws1.ws_ext_ship_cost", 
   "ws1.ws_net_profit", 
   "ws1.ws_ship_addr_sk"
  ], 
  "Plan Width": 36, 
  "Total Cost": 54.03
 }, 
 {
  "Filter": "(customer_address.ca_state = 'TN'::bpchar)", 
  "Startup Cost": 0.14, 
  "filename": "plans/query95.json", 
  "plan_id": 2316, 
  "Scan Direction": "Forward", 
  "Index Cond": "(customer_address.ca_address_sk = ws1.ws_ship_addr_sk)", 
  "Node Type": "Index Scan", 
  "Relation Name": "customer_address", 
  "Alias": "customer_address", 
  "Plan Rows": 1, 
  "Schema": "pg_temp_2", 
  "Parallel Aware": false, 
  "Parent Relationship": "Inner", 
  "Output": [
   "customer_address.ca_address_sk", 
   "customer_address.ca_address_id", 
   "customer_address.ca_street_number", 
   "customer_address.ca_street_name", 
   "customer_address.ca_street_type", 
   "customer_address.ca_suite_number", 
   "customer_address.ca_city", 
   "customer_address.ca_county", 
   "customer_address.ca_state", 
   "customer_address.ca_zip", 
   "customer_address.ca_country", 
   "customer_address.ca_gmt_offset", 
   "customer_address.ca_location_type"
  ], 
  "Index Name": "customer_address_pkey", 
  "Plan Width": 4, 
  "Total Cost": 0.33
 }, 
 {
  "Startup Cost": 35.13, 
  "plan_id": 2300, 
  "Plans": [
   2301, 
   2316
  ], 
  "Plan Rows": 1, 
  "Node Type": "Nested Loop", 
  "Join Type": "Inner", 
  "filename": "plans/query95.json", 
  "Parallel Aware": false, 
  "Parent Relationship": "Outer", 
  "Output": [
   "ws1.ws_order_number", 
   "ws1.ws_ext_ship_cost", 
   "ws1.ws_net_profit"
  ], 
  "Plan Width": 32, 
  "Total Cost": 54.37
 }, 
 {
  "Partial Mode": "Simple", 
  "Startup Cost": 54.38, 
  "plan_id": 2299, 
  "Plans": [
   2300
  ], 
  "Plan Rows": 1, 
  "Strategy": "Plain", 
  "filename": "plans/query95.json", 
  "Parallel Aware": false, 
  "Parent Relationship": "Outer", 
  "Output": [
   "count(DISTINCT ws1.ws_order_number)", 
   "sum(ws1.ws_ext_ship_cost)", 
   "sum(ws1.ws_net_profit)"
  ], 
  "Plan Width": 72, 
  "Node Type": "Aggregate", 
  "Total Cost": 54.39
 }, 
 {
  "Startup Cost": 15.85, 
  "Plan Width": 12, 
  "plan_id": 2294, 
  "Plans": [
   2295, 
   2296
  ], 
  "Plan Rows": 336, 
  "Node Type": "Hash Join", 
  "Join Type": "Inner", 
  "filename": "plans/query95.json", 
  "Parallel Aware": false, 
  "Output": [
   "ws1_1.ws_order_number", 
   "ws1_1.ws_warehouse_sk", 
   "ws2.ws_warehouse_sk"
  ], 
  "Hash Cond": "(ws1_1.ws_order_number = ws2.ws_order_number)", 
  "Parent Relationship": "InitPlan", 
  "Subplan Name": "CTE ws_wh", 
  "Join Filter": "(ws1_1.ws_warehouse_sk <> ws2.ws_warehouse_sk)", 
  "Total Cost": 41.78
 }, 
 {
  "Startup Cost": 54.4, 
  "plan_id": 2298, 
  "Plans": [
   2299
  ], 
  "Sort Key": [
   "(count(DISTINCT ws1.ws_order_number))"
  ], 
  "Plan Rows": 1, 
  "Node Type": "Sort", 
  "filename": "plans/query95.json", 
  "Parallel Aware": false, 
  "Parent Relationship": "Outer", 
  "Output": [
   "(count(DISTINCT ws1.ws_order_number))", 
   "(sum(ws1.ws_ext_ship_cost))", 
   "(sum(ws1.ws_net_profit))"
  ], 
  "Plan Width": 72, 
  "Total Cost": 54.4
 }, 
 {
  "Startup Cost": 96.17, 
  "plan_id": 2293, 
  "Plans": [
   2294, 
   2298
  ], 
  "Plan Rows": 1, 
  "Node Type": "Limit", 
  "filename": "plans/query95.json", 
  "Parallel Aware": false, 
  "Output": [
   "(count(DISTINCT ws1.ws_order_number))", 
   "(sum(ws1.ws_ext_ship_cost))", 
   "(sum(ws1.ws_net_profit))"
  ], 
  "Plan Width": 72, 
  "Total Cost": 96.18
 }, 
 {
  "Relation Name": "store", 
  "Startup Cost": 0.0, 
  "plan_id": 2325, 
  "Node Type": "Seq Scan", 
  "Plan Rows": 1, 
  "Filter": "((store.s_store_name)::text = 'ese'::text)", 
  "Alias": "store", 
  "filename": "plans/query96.json", 
  "Schema": "pg_temp_2", 
  "Parallel Aware": false, 
  "Parent Relationship": "Outer", 
  "Output": [
   "store.s_store_sk"
  ], 
  "Plan Width": 4, 
  "Total Cost": 10.5
 }, 
 {
  "Startup Cost": 0.0, 
  "plan_id": 2323, 
  "Node Type": "Seq Scan", 
  "Plan Rows": 340, 
  "Relation Name": "store_sales", 
  "Alias": "store_sales", 
  "filename": "plans/query96.json", 
  "Schema": "pg_temp_2", 
  "Parallel Aware": false, 
  "Parent Relationship": "Outer", 
  "Output": [
   "store_sales.ss_sold_date_sk", 
   "store_sales.ss_sold_time_sk", 
   "store_sales.ss_item_sk", 
   "store_sales.ss_customer_sk", 
   "store_sales.ss_cdemo_sk", 
   "store_sales.ss_hdemo_sk", 
   "store_sales.ss_addr_sk", 
   "store_sales.ss_store_sk", 
   "store_sales.ss_promo_sk", 
   "store_sales.ss_ticket_number", 
   "store_sales.ss_quantity", 
   "store_sales.ss_wholesale_cost", 
   "store_sales.ss_list_price", 
   "store_sales.ss_sales_price", 
   "store_sales.ss_ext_discount_amt", 
   "store_sales.ss_ext_sales_price", 
   "store_sales.ss_ext_wholesale_cost", 
   "store_sales.ss_ext_list_price", 
   "store_sales.ss_ext_tax", 
   "store_sales.ss_coupon_amt", 
   "store_sales.ss_net_paid", 
   "store_sales.ss_net_paid_inc_tax", 
   "store_sales.ss_net_profit"
  ], 
  "Plan Width": 12, 
  "Total Cost": 13.4
 }, 
 {
  "Startup Cost": 10.5, 
  "plan_id": 2324, 
  "Plans": [
   2325
  ], 
  "Plan Rows": 1, 
  "Node Type": "Hash", 
  "filename": "plans/query96.json", 
  "Parallel Aware": false, 
  "Parent Relationship": "Inner", 
  "Output": [
   "store.s_store_sk"
  ], 
  "Plan Width": 4, 
  "Total Cost": 10.5
 }, 
 {
  "Startup Cost": 10.51, 
  "Plan Width": 8, 
  "plan_id": 2322, 
  "Plans": [
   2323, 
   2324
  ], 
  "Plan Rows": 2, 
  "Node Type": "Hash Join", 
  "Join Type": "Inner", 
  "filename": "plans/query96.json", 
  "Parallel Aware": false, 
  "Output": [
   "store_sales.ss_sold_time_sk", 
   "store_sales.ss_hdemo_sk"
  ], 
  "Hash Cond": "(store_sales.ss_store_sk = store.s_store_sk)", 
  "Parent Relationship": "Outer", 
  "Total Cost": 25.21
 }, 
 {
  "Filter": "((time_dim.t_minute >= 30) AND (time_dim.t_hour = 20))", 
  "Startup Cost": 0.14, 
  "filename": "plans/query96.json", 
  "plan_id": 2326, 
  "Scan Direction": "Forward", 
  "Index Cond": "(time_dim.t_time_sk = store_sales.ss_sold_time_sk)", 
  "Node Type": "Index Scan", 
  "Relation Name": "time_dim", 
  "Alias": "time_dim", 
  "Plan Rows": 1, 
  "Schema": "pg_temp_2", 
  "Parallel Aware": false, 
  "Parent Relationship": "Inner", 
  "Output": [
   "time_dim.t_time_sk", 
   "time_dim.t_time_id", 
   "time_dim.t_time", 
   "time_dim.t_hour", 
   "time_dim.t_minute", 
   "time_dim.t_second", 
   "time_dim.t_am_pm", 
   "time_dim.t_shift", 
   "time_dim.t_sub_shift", 
   "time_dim.t_meal_time"
  ], 
  "Index Name": "time_dim_pkey", 
  "Plan Width": 4, 
  "Total Cost": 0.3
 }, 
 {
  "Startup Cost": 10.66, 
  "plan_id": 2321, 
  "Plans": [
   2322, 
   2326
  ], 
  "Plan Rows": 1, 
  "Node Type": "Nested Loop", 
  "Join Type": "Inner", 
  "filename": "plans/query96.json", 
  "Parallel Aware": false, 
  "Parent Relationship": "Outer", 
  "Output": [
   "store_sales.ss_hdemo_sk"
  ], 
  "Plan Width": 4, 
  "Total Cost": 25.82
 }, 
 {
  "Filter": "(household_demographics.hd_dep_count = 5)", 
  "Startup Cost": 0.15, 
  "filename": "plans/query96.json", 
  "plan_id": 2327, 
  "Scan Direction": "Forward", 
  "Index Cond": "(household_demographics.hd_demo_sk = store_sales.ss_hdemo_sk)", 
  "Node Type": "Index Scan", 
  "Relation Name": "household_demographics", 
  "Alias": "household_demographics", 
  "Plan Rows": 1, 
  "Schema": "pg_temp_2", 
  "Parallel Aware": false, 
  "Parent Relationship": "Inner", 
  "Output": [
   "household_demographics.hd_demo_sk", 
   "household_demographics.hd_income_band_sk", 
   "household_demographics.hd_buy_potential", 
   "household_demographics.hd_dep_count", 
   "household_demographics.hd_vehicle_count"
  ], 
  "Index Name": "household_demographics_pkey", 
  "Plan Width": 4, 
  "Total Cost": 0.3
 }, 
 {
  "Startup Cost": 10.81, 
  "plan_id": 2320, 
  "Plans": [
   2321, 
   2327
  ], 
  "Plan Rows": 1, 
  "Node Type": "Nested Loop", 
  "Join Type": "Inner", 
  "filename": "plans/query96.json", 
  "Parallel Aware": false, 
  "Parent Relationship": "Outer", 
  "Plan Width": 0, 
  "Total Cost": 26.13
 }, 
 {
  "Partial Mode": "Simple", 
  "Startup Cost": 26.13, 
  "plan_id": 2319, 
  "Plans": [
   2320
  ], 
  "Plan Rows": 1, 
  "Strategy": "Plain", 
  "filename": "plans/query96.json", 
  "Parallel Aware": false, 
  "Parent Relationship": "Outer", 
  "Output": [
   "count(*)"
  ], 
  "Plan Width": 8, 
  "Node Type": "Aggregate", 
  "Total Cost": 26.14
 }, 
 {
  "Startup Cost": 26.15, 
  "plan_id": 2318, 
  "Plans": [
   2319
  ], 
  "Sort Key": [
   "(count(*))"
  ], 
  "Plan Rows": 1, 
  "Node Type": "Sort", 
  "filename": "plans/query96.json", 
  "Parallel Aware": false, 
  "Parent Relationship": "Outer", 
  "Output": [
   "(count(*))"
  ], 
  "Plan Width": 8, 
  "Total Cost": 26.16
 }, 
 {
  "Startup Cost": 26.15, 
  "plan_id": 2317, 
  "Plans": [
   2318
  ], 
  "Plan Rows": 1, 
  "Node Type": "Limit", 
  "filename": "plans/query96.json", 
  "Parallel Aware": false, 
  "Output": [
   "(count(*))"
  ], 
  "Plan Width": 8, 
  "Total Cost": 26.16
 }, 
 {
  "Relation Name": "date_dim", 
  "Startup Cost": 0.0, 
  "plan_id": 2334, 
  "Node Type": "Seq Scan", 
  "Plan Rows": 1, 
  "Filter": "((date_dim.d_month_seq >= 1176) AND (date_dim.d_month_seq <= 1187))", 
  "Alias": "date_dim", 
  "filename": "plans/query97.json", 
  "Schema": "pg_temp_2", 
  "Parallel Aware": false, 
  "Parent Relationship": "Outer", 
  "Output": [
   "date_dim.d_date_sk"
  ], 
  "Plan Width": 4, 
  "Total Cost": 14.05
 }, 
 {
  "Startup Cost": 0.0, 
  "plan_id": 2332, 
  "Node Type": "Seq Scan", 
  "Plan Rows": 340, 
  "Relation Name": "store_sales", 
  "Alias": "store_sales", 
  "filename": "plans/query97.json", 
  "Schema": "pg_temp_2", 
  "Parallel Aware": false, 
  "Parent Relationship": "Outer", 
  "Output": [
   "store_sales.ss_sold_date_sk", 
   "store_sales.ss_sold_time_sk", 
   "store_sales.ss_item_sk", 
   "store_sales.ss_customer_sk", 
   "store_sales.ss_cdemo_sk", 
   "store_sales.ss_hdemo_sk", 
   "store_sales.ss_addr_sk", 
   "store_sales.ss_store_sk", 
   "store_sales.ss_promo_sk", 
   "store_sales.ss_ticket_number", 
   "store_sales.ss_quantity", 
   "store_sales.ss_wholesale_cost", 
   "store_sales.ss_list_price", 
   "store_sales.ss_sales_price", 
   "store_sales.ss_ext_discount_amt", 
   "store_sales.ss_ext_sales_price", 
   "store_sales.ss_ext_wholesale_cost", 
   "store_sales.ss_ext_list_price", 
   "store_sales.ss_ext_tax", 
   "store_sales.ss_coupon_amt", 
   "store_sales.ss_net_paid", 
   "store_sales.ss_net_paid_inc_tax", 
   "store_sales.ss_net_profit"
  ], 
  "Plan Width": 12, 
  "Total Cost": 13.4
 }, 
 {
  "Startup Cost": 14.05, 
  "plan_id": 2333, 
  "Plans": [
   2334
  ], 
  "Plan Rows": 1, 
  "Node Type": "Hash", 
  "filename": "plans/query97.json", 
  "Parallel Aware": false, 
  "Parent Relationship": "Inner", 
  "Output": [
   "date_dim.d_date_sk"
  ], 
  "Plan Width": 4, 
  "Total Cost": 14.05
 }, 
 {
  "Startup Cost": 14.06, 
  "Plan Width": 8, 
  "plan_id": 2331, 
  "Plans": [
   2332, 
   2333
  ], 
  "Plan Rows": 1, 
  "Node Type": "Hash Join", 
  "Join Type": "Inner", 
  "filename": "plans/query97.json", 
  "Parallel Aware": false, 
  "Output": [
   "store_sales.ss_customer_sk", 
   "store_sales.ss_item_sk"
  ], 
  "Hash Cond": "(store_sales.ss_sold_date_sk = date_dim.d_date_sk)", 
  "Parent Relationship": "Outer", 
  "Total Cost": 28.75
 }, 
 {
  "Startup Cost": 28.76, 
  "plan_id": 2330, 
  "Plans": [
   2331
  ], 
  "Sort Key": [
   "store_sales.ss_customer_sk", 
   "store_sales.ss_item_sk"
  ], 
  "Plan Rows": 1, 
  "Node Type": "Sort", 
  "filename": "plans/query97.json", 
  "Parallel Aware": false, 
  "Parent Relationship": "Outer", 
  "Output": [
   "store_sales.ss_customer_sk", 
   "store_sales.ss_item_sk"
  ], 
  "Plan Width": 8, 
  "Total Cost": 28.76
 }, 
 {
  "Relation Name": "date_dim", 
  "Startup Cost": 0.0, 
  "plan_id": 2340, 
  "Node Type": "Seq Scan", 
  "Plan Rows": 1, 
  "Filter": "((date_dim_1.d_month_seq >= 1176) AND (date_dim_1.d_month_seq <= 1187))", 
  "Alias": "date_dim_1", 
  "filename": "plans/query97.json", 
  "Schema": "pg_temp_2", 
  "Parallel Aware": false, 
  "Parent Relationship": "Outer", 
  "Output": [
   "date_dim_1.d_date_sk"
  ], 
  "Plan Width": 4, 
  "Total Cost": 14.05
 }, 
 {
  "Startup Cost": 0.0, 
  "plan_id": 2338, 
  "Node Type": "Seq Scan", 
  "Plan Rows": 260, 
  "Relation Name": "catalog_sales", 
  "Alias": "catalog_sales", 
  "filename": "plans/query97.json", 
  "Schema": "pg_temp_2", 
  "Parallel Aware": false, 
  "Parent Relationship": "Outer", 
  "Output": [
   "catalog_sales.cs_sold_date_sk", 
   "catalog_sales.cs_sold_time_sk", 
   "catalog_sales.cs_ship_date_sk", 
   "catalog_sales.cs_bill_customer_sk", 
   "catalog_sales.cs_bill_cdemo_sk", 
   "catalog_sales.cs_bill_hdemo_sk", 
   "catalog_sales.cs_bill_addr_sk", 
   "catalog_sales.cs_ship_customer_sk", 
   "catalog_sales.cs_ship_cdemo_sk", 
   "catalog_sales.cs_ship_hdemo_sk", 
   "catalog_sales.cs_ship_addr_sk", 
   "catalog_sales.cs_call_center_sk", 
   "catalog_sales.cs_catalog_page_sk", 
   "catalog_sales.cs_ship_mode_sk", 
   "catalog_sales.cs_warehouse_sk", 
   "catalog_sales.cs_item_sk", 
   "catalog_sales.cs_promo_sk", 
   "catalog_sales.cs_order_number", 
   "catalog_sales.cs_quantity", 
   "catalog_sales.cs_wholesale_cost", 
   "catalog_sales.cs_list_price", 
   "catalog_sales.cs_sales_price", 
   "catalog_sales.cs_ext_discount_amt", 
   "catalog_sales.cs_ext_sales_price", 
   "catalog_sales.cs_ext_wholesale_cost", 
   "catalog_sales.cs_ext_list_price", 
   "catalog_sales.cs_ext_tax", 
   "catalog_sales.cs_coupon_amt", 
   "catalog_sales.cs_ext_ship_cost", 
   "catalog_sales.cs_net_paid", 
   "catalog_sales.cs_net_paid_inc_tax", 
   "catalog_sales.cs_net_paid_inc_ship", 
   "catalog_sales.cs_net_paid_inc_ship_tax", 
   "catalog_sales.cs_net_profit"
  ], 
  "Plan Width": 12, 
  "Total Cost": 12.6
 }, 
 {
  "Startup Cost": 14.05, 
  "plan_id": 2339, 
  "Plans": [
   2340
  ], 
  "Plan Rows": 1, 
  "Node Type": "Hash", 
  "filename": "plans/query97.json", 
  "Parallel Aware": false, 
  "Parent Relationship": "Inner", 
  "Output": [
   "date_dim_1.d_date_sk"
  ], 
  "Plan Width": 4, 
  "Total Cost": 14.05
 }, 
 {
  "Startup Cost": 14.06, 
  "Plan Width": 8, 
  "plan_id": 2337, 
  "Plans": [
   2338, 
   2339
  ], 
  "Plan Rows": 1, 
  "Node Type": "Hash Join", 
  "Join Type": "Inner", 
  "filename": "plans/query97.json", 
  "Parallel Aware": false, 
  "Output": [
   "catalog_sales.cs_bill_customer_sk", 
   "catalog_sales.cs_item_sk"
  ], 
  "Hash Cond": "(catalog_sales.cs_sold_date_sk = date_dim_1.d_date_sk)", 
  "Parent Relationship": "Outer", 
  "Total Cost": 27.65
 }, 
 {
  "Startup Cost": 27.66, 
  "plan_id": 2336, 
  "Plans": [
   2337
  ], 
  "Sort Key": [
   "catalog_sales.cs_bill_customer_sk", 
   "catalog_sales.cs_item_sk"
  ], 
  "Plan Rows": 1, 
  "Node Type": "Sort", 
  "filename": "plans/query97.json", 
  "Parallel Aware": false, 
  "Parent Relationship": "Outer", 
  "Output": [
   "catalog_sales.cs_bill_customer_sk", 
   "catalog_sales.cs_item_sk"
  ], 
  "Plan Width": 8, 
  "Total Cost": 27.66
 }, 
 {
  "Startup Cost": 0.0, 
  "plan_id": 2345, 
  "CTE Name": "csci", 
  "Node Type": "CTE Scan", 
  "Plan Rows": 1, 
  "Alias": "csci", 
  "filename": "plans/query97.json", 
  "Parallel Aware": false, 
  "Parent Relationship": "Outer", 
  "Output": [
   "csci.customer_sk", 
   "csci.item_sk"
  ], 
  "Plan Width": 8, 
  "Total Cost": 0.02
 }, 
 {
  "Startup Cost": 0.0, 
  "plan_id": 2343, 
  "CTE Name": "ssci", 
  "Node Type": "CTE Scan", 
  "Plan Rows": 1, 
  "Alias": "ssci", 
  "filename": "plans/query97.json", 
  "Parallel Aware": false, 
  "Parent Relationship": "Outer", 
  "Output": [
   "ssci.customer_sk", 
   "ssci.item_sk"
  ], 
  "Plan Width": 8, 
  "Total Cost": 0.02
 }, 
 {
  "Startup Cost": 0.02, 
  "plan_id": 2344, 
  "Plans": [
   2345
  ], 
  "Plan Rows": 1, 
  "Node Type": "Hash", 
  "filename": "plans/query97.json", 
  "Parallel Aware": false, 
  "Parent Relationship": "Inner", 
  "Output": [
   "csci.customer_sk", 
   "csci.item_sk"
  ], 
  "Plan Width": 8, 
  "Total Cost": 0.02
 }, 
 {
  "Startup Cost": 0.04, 
  "Plan Width": 8, 
  "plan_id": 2342, 
  "Plans": [
   2343, 
   2344
  ], 
  "Plan Rows": 1, 
  "Node Type": "Hash Join", 
  "Join Type": "Full", 
  "filename": "plans/query97.json", 
  "Parallel Aware": false, 
  "Output": [
   "ssci.customer_sk", 
   "csci.customer_sk"
  ], 
  "Hash Cond": "((ssci.customer_sk = csci.customer_sk) AND (ssci.item_sk = csci.item_sk))", 
  "Parent Relationship": "Outer", 
  "Total Cost": 0.07
 }, 
 {
  "Startup Cost": 28.76, 
  "Plan Width": 8, 
  "plan_id": 2329, 
  "Plans": [
   2330
  ], 
  "Plan Rows": 1, 
  "Node Type": "Group", 
  "filename": "plans/query97.json", 
  "Parallel Aware": false, 
  "Output": [
   "store_sales.ss_customer_sk", 
   "store_sales.ss_item_sk"
  ], 
  "Group Key": [
   "store_sales.ss_customer_sk", 
   "store_sales.ss_item_sk"
  ], 
  "Parent Relationship": "InitPlan", 
  "Subplan Name": "CTE ssci", 
  "Total Cost": 28.77
 }, 
 {
  "Startup Cost": 27.66, 
  "Plan Width": 8, 
  "plan_id": 2335, 
  "Plans": [
   2336
  ], 
  "Plan Rows": 1, 
  "Node Type": "Group", 
  "filename": "plans/query97.json", 
  "Parallel Aware": false, 
  "Output": [
   "catalog_sales.cs_bill_customer_sk", 
   "catalog_sales.cs_item_sk"
  ], 
  "Group Key": [
   "catalog_sales.cs_bill_customer_sk", 
   "catalog_sales.cs_item_sk"
  ], 
  "Parent Relationship": "InitPlan", 
  "Subplan Name": "CTE csci", 
  "Total Cost": 27.67
 }, 
 {
  "Partial Mode": "Simple", 
  "Startup Cost": 0.08, 
  "plan_id": 2341, 
  "Plans": [
   2342
  ], 
  "Plan Rows": 1, 
  "Strategy": "Plain", 
  "filename": "plans/query97.json", 
  "Parallel Aware": false, 
  "Parent Relationship": "Outer", 
  "Output": [
   "sum(CASE WHEN ((ssci.customer_sk IS NOT NULL) AND (csci.customer_sk IS NULL)) THEN 1 ELSE 0 END)", 
   "sum(CASE WHEN ((ssci.customer_sk IS NULL) AND (csci.customer_sk IS NOT NULL)) THEN 1 ELSE 0 END)", 
   "sum(CASE WHEN ((ssci.customer_sk IS NOT NULL) AND (csci.customer_sk IS NOT NULL)) THEN 1 ELSE 0 END)"
  ], 
  "Plan Width": 24, 
  "Node Type": "Aggregate", 
  "Total Cost": 0.09
 }, 
 {
  "Startup Cost": 56.52, 
  "plan_id": 2328, 
  "Plans": [
   2329, 
   2335, 
   2341
  ], 
  "Plan Rows": 1, 
  "Node Type": "Limit", 
  "filename": "plans/query97.json", 
  "Parallel Aware": false, 
  "Output": [
   "(sum(CASE WHEN ((ssci.customer_sk IS NOT NULL) AND (csci.customer_sk IS NULL)) THEN 1 ELSE 0 END))", 
   "(sum(CASE WHEN ((ssci.customer_sk IS NULL) AND (csci.customer_sk IS NOT NULL)) THEN 1 ELSE 0 END))", 
   "(sum(CASE WHEN ((ssci.customer_sk IS NOT NULL) AND (csci.customer_sk IS NOT NULL)) THEN 1 ELSE 0 END))"
  ], 
  "Plan Width": 24, 
  "Total Cost": 56.53
 }, 
 {
  "Relation Name": "item", 
  "Startup Cost": 0.0, 
  "plan_id": 2355, 
  "Node Type": "Seq Scan", 
  "Plan Rows": 3, 
  "Filter": "(item.i_category = ANY ('{Books,Men,Home}'::bpchar[]))", 
  "Alias": "item", 
  "filename": "plans/query98.json", 
  "Schema": "pg_temp_2", 
  "Parallel Aware": false, 
  "Parent Relationship": "Outer", 
  "Output": [
   "item.i_item_id", 
   "item.i_item_desc", 
   "item.i_category", 
   "item.i_class", 
   "item.i_current_price", 
   "item.i_item_sk"
  ], 
  "Plan Width": 912, 
  "Total Cost": 10.55
 }, 
 {
  "Startup Cost": 0.0, 
  "plan_id": 2353, 
  "Node Type": "Seq Scan", 
  "Plan Rows": 340, 
  "Relation Name": "store_sales", 
  "Alias": "store_sales", 
  "filename": "plans/query98.json", 
  "Schema": "pg_temp_2", 
  "Parallel Aware": false, 
  "Parent Relationship": "Outer", 
  "Output": [
   "store_sales.ss_sold_date_sk", 
   "store_sales.ss_sold_time_sk", 
   "store_sales.ss_item_sk", 
   "store_sales.ss_customer_sk", 
   "store_sales.ss_cdemo_sk", 
   "store_sales.ss_hdemo_sk", 
   "store_sales.ss_addr_sk", 
   "store_sales.ss_store_sk", 
   "store_sales.ss_promo_sk", 
   "store_sales.ss_ticket_number", 
   "store_sales.ss_quantity", 
   "store_sales.ss_wholesale_cost", 
   "store_sales.ss_list_price", 
   "store_sales.ss_sales_price", 
   "store_sales.ss_ext_discount_amt", 
   "store_sales.ss_ext_sales_price", 
   "store_sales.ss_ext_wholesale_cost", 
   "store_sales.ss_ext_list_price", 
   "store_sales.ss_ext_tax", 
   "store_sales.ss_coupon_amt", 
   "store_sales.ss_net_paid", 
   "store_sales.ss_net_paid_inc_tax", 
   "store_sales.ss_net_profit"
  ], 
  "Plan Width": 22, 
  "Total Cost": 13.4
 }, 
 {
  "Startup Cost": 10.55, 
  "plan_id": 2354, 
  "Plans": [
   2355
  ], 
  "Plan Rows": 3, 
  "Node Type": "Hash", 
  "filename": "plans/query98.json", 
  "Parallel Aware": false, 
  "Parent Relationship": "Inner", 
  "Output": [
   "item.i_item_id", 
   "item.i_item_desc", 
   "item.i_category", 
   "item.i_class", 
   "item.i_current_price", 
   "item.i_item_sk"
  ], 
  "Plan Width": 912, 
  "Total Cost": 10.55
 }, 
 {
  "Startup Cost": 10.59, 
  "Plan Width": 926, 
  "plan_id": 2352, 
  "Plans": [
   2353, 
   2354
  ], 
  "Plan Rows": 5, 
  "Node Type": "Hash Join", 
  "Join Type": "Inner", 
  "filename": "plans/query98.json", 
  "Parallel Aware": false, 
  "Output": [
   "store_sales.ss_ext_sales_price", 
   "store_sales.ss_sold_date_sk", 
   "item.i_item_id", 
   "item.i_item_desc", 
   "item.i_category", 
   "item.i_class", 
   "item.i_current_price"
  ], 
  "Hash Cond": "(store_sales.ss_item_sk = item.i_item_sk)", 
  "Parent Relationship": "Outer", 
  "Total Cost": 25.31
 }, 
 {
  "Filter": "((date_dim.d_date >= '2000-02-03'::date) AND (date_dim.d_date <= '2000-03-04 00:00:00'::timestamp without time zone))", 
  "Startup Cost": 0.15, 
  "filename": "plans/query98.json", 
  "plan_id": 2356, 
  "Scan Direction": "Forward", 
  "Index Cond": "(date_dim.d_date_sk = store_sales.ss_sold_date_sk)", 
  "Node Type": "Index Scan", 
  "Relation Name": "date_dim", 
  "Alias": "date_dim", 
  "Plan Rows": 1, 
  "Schema": "pg_temp_2", 
  "Parallel Aware": false, 
  "Parent Relationship": "Inner", 
  "Output": [
   "date_dim.d_date_sk", 
   "date_dim.d_date_id", 
   "date_dim.d_date", 
   "date_dim.d_month_seq", 
   "date_dim.d_week_seq", 
   "date_dim.d_quarter_seq", 
   "date_dim.d_year", 
   "date_dim.d_dow", 
   "date_dim.d_moy", 
   "date_dim.d_dom", 
   "date_dim.d_qoy", 
   "date_dim.d_fy_year", 
   "date_dim.d_fy_quarter_seq", 
   "date_dim.d_fy_week_seq", 
   "date_dim.d_day_name", 
   "date_dim.d_quarter_name", 
   "date_dim.d_holiday", 
   "date_dim.d_weekend", 
   "date_dim.d_following_holiday", 
   "date_dim.d_first_dom", 
   "date_dim.d_last_dom", 
   "date_dim.d_same_day_ly", 
   "date_dim.d_same_day_lq", 
   "date_dim.d_current_day", 
   "date_dim.d_current_week", 
   "date_dim.d_current_month", 
   "date_dim.d_current_quarter", 
   "date_dim.d_current_year"
  ], 
  "Index Name": "date_dim_pkey", 
  "Plan Width": 4, 
  "Total Cost": 0.3
 }, 
 {
  "Startup Cost": 10.74, 
  "plan_id": 2351, 
  "Plans": [
   2352, 
   2356
  ], 
  "Plan Rows": 1, 
  "Node Type": "Nested Loop", 
  "Join Type": "Inner", 
  "filename": "plans/query98.json", 
  "Parallel Aware": false, 
  "Parent Relationship": "Outer", 
  "Output": [
   "item.i_item_id", 
   "item.i_item_desc", 
   "item.i_category", 
   "item.i_class", 
   "item.i_current_price", 
   "store_sales.ss_ext_sales_price"
  ], 
  "Plan Width": 922, 
  "Total Cost": 26.86
 }, 
 {
  "Startup Cost": 26.87, 
  "plan_id": 2350, 
  "Plans": [
   2351
  ], 
  "Sort Key": [
   "item.i_item_id", 
   "item.i_item_desc", 
   "item.i_category", 
   "item.i_class", 
   "item.i_current_price"
  ], 
  "Plan Rows": 1, 
  "Node Type": "Sort", 
  "filename": "plans/query98.json", 
  "Parallel Aware": false, 
  "Parent Relationship": "Outer", 
  "Output": [
   "item.i_item_id", 
   "item.i_item_desc", 
   "item.i_category", 
   "item.i_class", 
   "item.i_current_price", 
   "store_sales.ss_ext_sales_price"
  ], 
  "Plan Width": 922, 
  "Total Cost": 26.87
 }, 
 {
  "Partial Mode": "Simple", 
  "Startup Cost": 26.87, 
  "Plan Width": 940, 
  "plan_id": 2349, 
  "Plans": [
   2350
  ], 
  "filename": "plans/query98.json", 
  "Node Type": "Aggregate", 
  "Strategy": "Sorted", 
  "Plan Rows": 1, 
  "Parallel Aware": false, 
  "Output": [
   "item.i_item_id", 
   "item.i_item_desc", 
   "item.i_category", 
   "item.i_class", 
   "item.i_current_price", 
   "sum(store_sales.ss_ext_sales_price)"
  ], 
  "Group Key": [
   "item.i_item_id", 
   "item.i_item_desc", 
   "item.i_category", 
   "item.i_class", 
   "item.i_current_price"
  ], 
  "Parent Relationship": "Outer", 
  "Total Cost": 26.91
 }, 
 {
  "Startup Cost": 26.92, 
  "plan_id": 2348, 
  "Plans": [
   2349
  ], 
  "Sort Key": [
   "item.i_class"
  ], 
  "Plan Rows": 1, 
  "Node Type": "Sort", 
  "filename": "plans/query98.json", 
  "Parallel Aware": false, 
  "Parent Relationship": "Outer", 
  "Output": [
   "item.i_item_id", 
   "item.i_item_desc", 
   "item.i_category", 
   "item.i_class", 
   "item.i_current_price", 
   "(sum(store_sales.ss_ext_sales_price))"
  ], 
  "Plan Width": 940, 
  "Total Cost": 26.93
 }, 
 {
  "Startup Cost": 26.92, 
  "plan_id": 2347, 
  "Plans": [
   2348
  ], 
  "Plan Rows": 1, 
  "Node Type": "WindowAgg", 
  "filename": "plans/query98.json", 
  "Parallel Aware": false, 
  "Parent Relationship": "Outer", 
  "Output": [
   "item.i_item_id", 
   "item.i_item_desc", 
   "item.i_category", 
   "item.i_class", 
   "item.i_current_price", 
   "(sum(store_sales.ss_ext_sales_price))", 
   "(((sum(store_sales.ss_ext_sales_price)) * '100'::numeric) / sum((sum(store_sales.ss_ext_sales_price))) OVER (?))"
  ], 
  "Plan Width": 972, 
  "Total Cost": 26.95
 }, 
 {
  "Startup Cost": 26.96, 
  "plan_id": 2346, 
  "Plans": [
   2347
  ], 
  "Sort Key": [
   "item.i_category", 
   "item.i_class", 
   "item.i_item_id", 
   "item.i_item_desc", 
   "((((sum(store_sales.ss_ext_sales_price)) * '100'::numeric) / sum((sum(store_sales.ss_ext_sales_price))) OVER (?)))"
  ], 
  "Plan Rows": 1, 
  "Node Type": "Sort", 
  "filename": "plans/query98.json", 
  "Parallel Aware": false, 
  "Output": [
   "item.i_item_id", 
   "item.i_item_desc", 
   "item.i_category", 
   "item.i_class", 
   "item.i_current_price", 
   "(sum(store_sales.ss_ext_sales_price))", 
   "((((sum(store_sales.ss_ext_sales_price)) * '100'::numeric) / sum((sum(store_sales.ss_ext_sales_price))) OVER (?)))"
  ], 
  "Plan Width": 972, 
  "Total Cost": 26.96
 }, 
 {
  "Relation Name": "date_dim", 
  "Startup Cost": 0.0, 
  "plan_id": 2366, 
  "Node Type": "Seq Scan", 
  "Plan Rows": 1, 
  "Filter": "((date_dim.d_month_seq >= 1176) AND (date_dim.d_month_seq <= 1187))", 
  "Alias": "date_dim", 
  "filename": "plans/query99.json", 
  "Schema": "pg_temp_2", 
  "Parallel Aware": false, 
  "Parent Relationship": "Outer", 
  "Output": [
   "date_dim.d_date_sk"
  ], 
  "Plan Width": 4, 
  "Total Cost": 14.05
 }, 
 {
  "Startup Cost": 0.0, 
  "plan_id": 2364, 
  "Node Type": "Seq Scan", 
  "Plan Rows": 260, 
  "Relation Name": "catalog_sales", 
  "Alias": "catalog_sales", 
  "filename": "plans/query99.json", 
  "Schema": "pg_temp_2", 
  "Parallel Aware": false, 
  "Parent Relationship": "Outer", 
  "Output": [
   "catalog_sales.cs_sold_date_sk", 
   "catalog_sales.cs_sold_time_sk", 
   "catalog_sales.cs_ship_date_sk", 
   "catalog_sales.cs_bill_customer_sk", 
   "catalog_sales.cs_bill_cdemo_sk", 
   "catalog_sales.cs_bill_hdemo_sk", 
   "catalog_sales.cs_bill_addr_sk", 
   "catalog_sales.cs_ship_customer_sk", 
   "catalog_sales.cs_ship_cdemo_sk", 
   "catalog_sales.cs_ship_hdemo_sk", 
   "catalog_sales.cs_ship_addr_sk", 
   "catalog_sales.cs_call_center_sk", 
   "catalog_sales.cs_catalog_page_sk", 
   "catalog_sales.cs_ship_mode_sk", 
   "catalog_sales.cs_warehouse_sk", 
   "catalog_sales.cs_item_sk", 
   "catalog_sales.cs_promo_sk", 
   "catalog_sales.cs_order_number", 
   "catalog_sales.cs_quantity", 
   "catalog_sales.cs_wholesale_cost", 
   "catalog_sales.cs_list_price", 
   "catalog_sales.cs_sales_price", 
   "catalog_sales.cs_ext_discount_amt", 
   "catalog_sales.cs_ext_sales_price", 
   "catalog_sales.cs_ext_wholesale_cost", 
   "catalog_sales.cs_ext_list_price", 
   "catalog_sales.cs_ext_tax", 
   "catalog_sales.cs_coupon_amt", 
   "catalog_sales.cs_ext_ship_cost", 
   "catalog_sales.cs_net_paid", 
   "catalog_sales.cs_net_paid_inc_tax", 
   "catalog_sales.cs_net_paid_inc_ship", 
   "catalog_sales.cs_net_paid_inc_ship_tax", 
   "catalog_sales.cs_net_profit"
  ], 
  "Plan Width": 20, 
  "Total Cost": 12.6
 }, 
 {
  "Startup Cost": 14.05, 
  "plan_id": 2365, 
  "Plans": [
   2366
  ], 
  "Plan Rows": 1, 
  "Node Type": "Hash", 
  "filename": "plans/query99.json", 
  "Parallel Aware": false, 
  "Parent Relationship": "Inner", 
  "Output": [
   "date_dim.d_date_sk"
  ], 
  "Plan Width": 4, 
  "Total Cost": 14.05
 }, 
 {
  "Startup Cost": 14.06, 
  "Plan Width": 20, 
  "plan_id": 2363, 
  "Plans": [
   2364, 
   2365
  ], 
  "Plan Rows": 1, 
  "Node Type": "Hash Join", 
  "Join Type": "Inner", 
  "filename": "plans/query99.json", 
  "Parallel Aware": false, 
  "Output": [
   "catalog_sales.cs_ship_date_sk", 
   "catalog_sales.cs_sold_date_sk", 
   "catalog_sales.cs_warehouse_sk", 
   "catalog_sales.cs_ship_mode_sk", 
   "catalog_sales.cs_call_center_sk"
  ], 
  "Hash Cond": "(catalog_sales.cs_ship_date_sk = date_dim.d_date_sk)", 
  "Parent Relationship": "Outer", 
  "Total Cost": 27.65
 }, 
 {
  "Startup Cost": 0.14, 
  "filename": "plans/query99.json", 
  "plan_id": 2367, 
  "Scan Direction": "Forward", 
  "Index Cond": "(warehouse.w_warehouse_sk = catalog_sales.cs_warehouse_sk)", 
  "Node Type": "Index Scan", 
  "Relation Name": "warehouse", 
  "Alias": "warehouse", 
  "Plan Rows": 1, 
  "Schema": "pg_temp_2", 
  "Parallel Aware": false, 
  "Parent Relationship": "Inner", 
  "Output": [
   "warehouse.w_warehouse_sk", 
   "warehouse.w_warehouse_id", 
   "warehouse.w_warehouse_name", 
   "warehouse.w_warehouse_sq_ft", 
   "warehouse.w_street_number", 
   "warehouse.w_street_name", 
   "warehouse.w_street_type", 
   "warehouse.w_suite_number", 
   "warehouse.w_city", 
   "warehouse.w_county", 
   "warehouse.w_state", 
   "warehouse.w_zip", 
   "warehouse.w_country", 
   "warehouse.w_gmt_offset"
  ], 
  "Index Name": "warehouse_pkey", 
  "Plan Width": 62, 
  "Total Cost": 0.33
 }, 
 {
  "Startup Cost": 14.21, 
  "plan_id": 2362, 
  "Plans": [
   2363, 
   2367
  ], 
  "Plan Rows": 1, 
  "Node Type": "Nested Loop", 
  "Join Type": "Inner", 
  "filename": "plans/query99.json", 
  "Parallel Aware": false, 
  "Parent Relationship": "Outer", 
  "Output": [
   "catalog_sales.cs_ship_date_sk", 
   "catalog_sales.cs_sold_date_sk", 
   "catalog_sales.cs_ship_mode_sk", 
   "catalog_sales.cs_call_center_sk", 
   "warehouse.w_warehouse_name"
  ], 
  "Plan Width": 74, 
  "Total Cost": 27.99
 }, 
 {
  "Startup Cost": 0.14, 
  "filename": "plans/query99.json", 
  "plan_id": 2368, 
  "Scan Direction": "Forward", 
  "Index Cond": "(ship_mode.sm_ship_mode_sk = catalog_sales.cs_ship_mode_sk)", 
  "Node Type": "Index Scan", 
  "Relation Name": "ship_mode", 
  "Alias": "ship_mode", 
  "Plan Rows": 1, 
  "Schema": "pg_temp_2", 
  "Parallel Aware": false, 
  "Parent Relationship": "Inner", 
  "Output": [
   "ship_mode.sm_ship_mode_sk", 
   "ship_mode.sm_ship_mode_id", 
   "ship_mode.sm_type", 
   "ship_mode.sm_code", 
   "ship_mode.sm_carrier", 
   "ship_mode.sm_contract"
  ], 
  "Index Name": "ship_mode_pkey", 
  "Plan Width": 128, 
  "Total Cost": 0.33
 }, 
 {
  "Startup Cost": 14.35, 
  "plan_id": 2361, 
  "Plans": [
   2362, 
   2368
  ], 
  "Plan Rows": 1, 
  "Node Type": "Nested Loop", 
  "Join Type": "Inner", 
  "filename": "plans/query99.json", 
  "Parallel Aware": false, 
  "Parent Relationship": "Outer", 
  "Output": [
   "catalog_sales.cs_ship_date_sk", 
   "catalog_sales.cs_sold_date_sk", 
   "catalog_sales.cs_call_center_sk", 
   "warehouse.w_warehouse_name", 
   "ship_mode.sm_type"
  ], 
  "Plan Width": 194, 
  "Total Cost": 28.33
 }, 
 {
  "Startup Cost": 0.14, 
  "filename": "plans/query99.json", 
  "plan_id": 2369, 
  "Scan Direction": "Forward", 
  "Index Cond": "(call_center.cc_call_center_sk = catalog_sales.cs_call_center_sk)", 
  "Node Type": "Index Scan", 
  "Relation Name": "call_center", 
  "Alias": "call_center", 
  "Plan Rows": 1, 
  "Schema": "pg_temp_2", 
  "Parallel Aware": false, 
  "Parent Relationship": "Inner", 
  "Output": [
   "call_center.cc_call_center_sk", 
   "call_center.cc_call_center_id", 
   "call_center.cc_rec_start_date", 
   "call_center.cc_rec_end_date", 
   "call_center.cc_closed_date_sk", 
   "call_center.cc_open_date_sk", 
   "call_center.cc_name", 
   "call_center.cc_class", 
   "call_center.cc_employees", 
   "call_center.cc_sq_ft", 
   "call_center.cc_hours", 
   "call_center.cc_manager", 
   "call_center.cc_mkt_id", 
   "call_center.cc_mkt_class", 
   "call_center.cc_mkt_desc", 
   "call_center.cc_market_manager", 
   "call_center.cc_division", 
   "call_center.cc_division_name", 
   "call_center.cc_company", 
   "call_center.cc_company_name", 
   "call_center.cc_street_number", 
   "call_center.cc_street_name", 
   "call_center.cc_street_type", 
   "call_center.cc_suite_number", 
   "call_center.cc_city", 
   "call_center.cc_county", 
   "call_center.cc_state", 
   "call_center.cc_zip", 
   "call_center.cc_country", 
   "call_center.cc_gmt_offset", 
   "call_center.cc_tax_percentage"
  ], 
  "Index Name": "call_center_pkey", 
  "Plan Width": 122, 
  "Total Cost": 0.33
 }, 
 {
  "Startup Cost": 14.49, 
  "plan_id": 2360, 
  "Plans": [
   2361, 
   2369
  ], 
  "Plan Rows": 1, 
  "Node Type": "Nested Loop", 
  "Join Type": "Inner", 
  "filename": "plans/query99.json", 
  "Parallel Aware": false, 
  "Parent Relationship": "Outer", 
  "Output": [
   "substr((warehouse.w_warehouse_name)::text, 1, 20)", 
   "ship_mode.sm_type", 
   "call_center.cc_name", 
   "catalog_sales.cs_ship_date_sk", 
   "catalog_sales.cs_sold_date_sk"
  ], 
  "Plan Width": 282, 
  "Total Cost": 28.67
 }, 
 {
  "Startup Cost": 28.68, 
  "plan_id": 2359, 
  "Plans": [
   2360
  ], 
  "Sort Key": [
   "(substr((warehouse.w_warehouse_name)::text, 1, 20))", 
   "ship_mode.sm_type", 
   "call_center.cc_name"
  ], 
  "Plan Rows": 1, 
  "Node Type": "Sort", 
  "filename": "plans/query99.json", 
  "Parallel Aware": false, 
  "Parent Relationship": "Outer", 
  "Output": [
   "(substr((warehouse.w_warehouse_name)::text, 1, 20))", 
   "ship_mode.sm_type", 
   "call_center.cc_name", 
   "catalog_sales.cs_ship_date_sk", 
   "catalog_sales.cs_sold_date_sk"
  ], 
  "Plan Width": 282, 
  "Total Cost": 28.68
 }, 
 {
  "Partial Mode": "Simple", 
  "Startup Cost": 28.68, 
  "Plan Width": 314, 
  "plan_id": 2358, 
  "Plans": [
   2359
  ], 
  "filename": "plans/query99.json", 
  "Node Type": "Aggregate", 
  "Strategy": "Sorted", 
  "Plan Rows": 1, 
  "Parallel Aware": false, 
  "Output": [
   "(substr((warehouse.w_warehouse_name)::text, 1, 20))", 
   "ship_mode.sm_type", 
   "call_center.cc_name", 
   "sum(CASE WHEN ((catalog_sales.cs_ship_date_sk - catalog_sales.cs_sold_date_sk) <= 30) THEN 1 ELSE 0 END)", 
   "sum(CASE WHEN (((catalog_sales.cs_ship_date_sk - catalog_sales.cs_sold_date_sk) > 30) AND ((catalog_sales.cs_ship_date_sk - catalog_sales.cs_sold_date_sk) <= 60)) THEN 1 ELSE 0 END)", 
   "sum(CASE WHEN (((catalog_sales.cs_ship_date_sk - catalog_sales.cs_sold_date_sk) > 60) AND ((catalog_sales.cs_ship_date_sk - catalog_sales.cs_sold_date_sk) <= 90)) THEN 1 ELSE 0 END)", 
   "sum(CASE WHEN (((catalog_sales.cs_ship_date_sk - catalog_sales.cs_sold_date_sk) > 90) AND ((catalog_sales.cs_ship_date_sk - catalog_sales.cs_sold_date_sk) <= 120)) THEN 1 ELSE 0 END)", 
   "sum(CASE WHEN ((catalog_sales.cs_ship_date_sk - catalog_sales.cs_sold_date_sk) > 120) THEN 1 ELSE 0 END)"
  ], 
  "Group Key": [
   "(substr((warehouse.w_warehouse_name)::text, 1, 20))", 
   "ship_mode.sm_type", 
   "call_center.cc_name"
  ], 
  "Parent Relationship": "Outer", 
  "Total Cost": 28.76
 }, 
 {
  "Startup Cost": 28.68, 
  "plan_id": 2357, 
  "Plans": [
   2358
  ], 
  "Plan Rows": 1, 
  "Node Type": "Limit", 
  "filename": "plans/query99.json", 
  "Parallel Aware": false, 
  "Output": [
   "(substr((warehouse.w_warehouse_name)::text, 1, 20))", 
   "ship_mode.sm_type", 
   "call_center.cc_name", 
   "(sum(CASE WHEN ((catalog_sales.cs_ship_date_sk - catalog_sales.cs_sold_date_sk) <= 30) THEN 1 ELSE 0 END))", 
   "(sum(CASE WHEN (((catalog_sales.cs_ship_date_sk - catalog_sales.cs_sold_date_sk) > 30) AND ((catalog_sales.cs_ship_date_sk - catalog_sales.cs_sold_date_sk) <= 60)) THEN 1 ELSE 0 END))", 
   "(sum(CASE WHEN (((catalog_sales.cs_ship_date_sk - catalog_sales.cs_sold_date_sk) > 60) AND ((catalog_sales.cs_ship_date_sk - catalog_sales.cs_sold_date_sk) <= 90)) THEN 1 ELSE 0 END))", 
   "(sum(CASE WHEN (((catalog_sales.cs_ship_date_sk - catalog_sales.cs_sold_date_sk) > 90) AND ((catalog_sales.cs_ship_date_sk - catalog_sales.cs_sold_date_sk) <= 120)) THEN 1 ELSE 0 END))", 
   "(sum(CASE WHEN ((catalog_sales.cs_ship_date_sk - catalog_sales.cs_sold_date_sk) > 120) THEN 1 ELSE 0 END))"
  ], 
  "Plan Width": 314, 
  "Total Cost": 28.76
 }
]
